Start testing: Feb 07 13:54 UTC
----------------------------------------------------------
1/1 Testing: RunTests
1/1 Test: RunTests
Command: "/home/duong/MediaPlayerApp/build/RunTests"
Directory: /home/duong/MediaPlayerApp/build
"RunTests" start time: Feb 07 13:54 UTC
Output:
----------------------------------------------------------
[==========] Running 23 tests from 6 test suites.
[----------] Global test environment set-up.
[----------] 3 tests from HardwareControllerTest
[ RUN      ] HardwareControllerTest.InitializeConnectsToPort

GMOCK WARNING:
Uninteresting mock function call - returning directly.
    Function call: setDataCallback(32-byte object <10-A5 B2-8E D5-5E 00-00 00-00 00-00 00-00 00-00 6B-A6 96-55 D5-5E 00-00 E1-A5 96-55 D5-5E 00-00>)
NOTE: You can safely ignore the above warning unless this call should not happen.  Do not suppress it by blindly adding an EXPECT_CALL() if you don't mean to enforce the call.  See https://github.com/google/googletest/blob/main/docs/gmock_cook_book.md#knowing-when-to-expect-useoncall for details.

GMOCK WARNING:
Uninteresting mock function call - returning directly.
    Function call: setErrorCallback(32-byte object <00-00 00-00 00-00 00-00 00-00 00-00 00-00 00-00 9F-A8 96-55 D5-5E 00-00 15-A8 96-55 D5-5E 00-00>)
NOTE: You can safely ignore the above warning unless this call should not happen.  Do not suppress it by blindly adding an EXPECT_CALL() if you don't mean to enforce the call.  See https://github.com/google/googletest/blob/main/docs/gmock_cook_book.md#knowing-when-to-expect-useoncall for details.
[2026-02-07 13:54:30] [INFO] HardwareController initialized
[2026-02-07 13:54:30] [INFO] Connecting to hardware on port: /dev/ttyUSB0 at 115200 baud
[2026-02-07 13:54:30] [INFO] Hardware connected successfully
[2026-02-07 13:54:30] [INFO] Starting background hardware scan...
[2026-02-07 13:54:30] [INFO] Found 4 serial ports: /dev/serial/by-id/usb-P_E_Microcomputer_Systems_Inc._OpenSDA_Hardware_SDA51231E7E-if00, /dev/serial/by-path/pci-0000:00:06.0-usb-0:2:1.0, /dev/serial/by-path/pci-0000:00:06.0-usbv1-0:2:1.0, /dev/ttyACM0
[2026-02-07 13:54:30] [INFO] HardwareController destroyed
[       OK ] HardwareControllerTest.InitializeConnectsToPort (7 ms)
[ RUN      ] HardwareControllerTest.SendCurrentSongInfo

GMOCK WARNING:
Uninteresting mock function call - returning directly.
    Function call: setDataCallback(32-byte object <10-A5 B2-8E D5-5E 00-00 00-00 00-00 00-00 00-00 6B-A6 96-55 D5-5E 00-00 E1-A5 96-55 D5-5E 00-00>)
NOTE: You can safely ignore the above warning unless this call should not happen.  Do not suppress it by blindly adding an EXPECT_CALL() if you don't mean to enforce the call.  See https://github.com/google/googletest/blob/main/docs/gmock_cook_book.md#knowing-when-to-expect-useoncall for details.

GMOCK WARNING:
Uninteresting mock function call - returning directly.
    Function call: setErrorCallback(32-byte object <00-00 00-00 00-00 00-00 00-00 00-00 00-00 00-00 9F-A8 96-55 D5-5E 00-00 15-A8 96-55 D5-5E 00-00>)
NOTE: You can safely ignore the above warning unless this call should not happen.  Do not suppress it by blindly adding an EXPECT_CALL() if you don't mean to enforce the call.  See https://github.com/google/googletest/blob/main/docs/gmock_cook_book.md#knowing-when-to-expect-useoncall for details.
[2026-02-07 13:54:30] [INFO] HardwareController initialized
[2026-02-07 13:54:30] [DEBUG] Sent song info to hardware: Title

GMOCK WARNING:
Uninteresting mock function call - returning directly.
    Function call: close()
NOTE: You can safely ignore the above warning unless this call should not happen.  Do not suppress it by blindly adding an EXPECT_CALL() if you don't mean to enforce the call.  See https://github.com/google/googletest/blob/main/docs/gmock_cook_book.md#knowing-when-to-expect-useoncall for details.
[2026-02-07 13:54:30] [INFO] Hardware disconnected
[2026-02-07 13:54:30] [INFO] HardwareController destroyed
[       OK ] HardwareControllerTest.SendCurrentSongInfo (1 ms)
[ RUN      ] HardwareControllerTest.SendPlaybackState

GMOCK WARNING:
Uninteresting mock function call - returning directly.
    Function call: setDataCallback(32-byte object <10-A5 B2-8E D5-5E 00-00 00-00 00-00 00-00 00-00 6B-A6 96-55 D5-5E 00-00 E1-A5 96-55 D5-5E 00-00>)
NOTE: You can safely ignore the above warning unless this call should not happen.  Do not suppress it by blindly adding an EXPECT_CALL() if you don't mean to enforce the call.  See https://github.com/google/googletest/blob/main/docs/gmock_cook_book.md#knowing-when-to-expect-useoncall for details.

GMOCK WARNING:
Uninteresting mock function call - returning directly.
    Function call: setErrorCallback(32-byte object <00-00 00-00 00-00 00-00 00-00 00-00 00-00 00-00 9F-A8 96-55 D5-5E 00-00 15-A8 96-55 D5-5E 00-00>)
NOTE: You can safely ignore the above warning unless this call should not happen.  Do not suppress it by blindly adding an EXPECT_CALL() if you don't mean to enforce the call.  See https://github.com/google/googletest/blob/main/docs/gmock_cook_book.md#knowing-when-to-expect-useoncall for details.
[2026-02-07 13:54:30] [INFO] HardwareController initialized
[2026-02-07 13:54:30] [DEBUG] Sent playback state to hardware: PLAYING

GMOCK WARNING:
Uninteresting mock function call - returning directly.
    Function call: close()
NOTE: You can safely ignore the above warning unless this call should not happen.  Do not suppress it by blindly adding an EXPECT_CALL() if you don't mean to enforce the call.  See https://github.com/google/googletest/blob/main/docs/gmock_cook_book.md#knowing-when-to-expect-useoncall for details.
[2026-02-07 13:54:30] [INFO] Hardware disconnected
[2026-02-07 13:54:30] [INFO] HardwareController destroyed
[       OK ] HardwareControllerTest.SendPlaybackState (3 ms)
[----------] 3 tests from HardwareControllerTest (13 ms total)

[----------] 3 tests from PlaybackControllerTest
[ RUN      ] PlaybackControllerTest.PlayNextInQueue
[2026-02-07 13:54:30] [INFO] HistoryRepository initialized (max entries: 100, in-memory only)
[2026-02-07 13:54:30] [INFO] SDL Audio & Mixer initialized successfully
[2026-02-07 13:54:30] [INFO] AudioPlaybackEngine initialized successfully
[2026-02-07 13:54:30] [INFO] PlaybackController initialized (audio only)
[2026-02-07 13:54:30] [DEBUG] Added item to end of queue: song1.mp3
[2026-02-07 13:54:30] [DEBUG] Added item to end of queue: song2.mp3
[2026-02-07 13:54:30] [WARNING] File no longer exists, skipping: /path/to/song2.mp3
[2026-02-07 13:54:30] [WARNING] File no longer exists, skipping: /path/to/song1.mp3
[2026-02-07 13:54:30] [WARNING] No valid item in queue to play
[2026-02-07 13:54:30] [INFO] PlaybackController destroyed
[2026-02-07 13:54:30] [INFO] AudioPlaybackEngine destroyed
[2026-02-07 13:54:30] [INFO] HistoryRepository destroyed
[       OK ] PlaybackControllerTest.PlayNextInQueue (243 ms)
[ RUN      ] PlaybackControllerTest.VolumeControl
[2026-02-07 13:54:30] [INFO] HistoryRepository initialized (max entries: 100, in-memory only)
[2026-02-07 13:54:30] [INFO] SDL Audio & Mixer initialized successfully
[2026-02-07 13:54:30] [INFO] AudioPlaybackEngine initialized successfully
[2026-02-07 13:54:30] [INFO] PlaybackController initialized (audio only)
[2026-02-07 13:54:30] [INFO] PlaybackController destroyed
[2026-02-07 13:54:30] [INFO] AudioPlaybackEngine destroyed
[2026-02-07 13:54:30] [INFO] HistoryRepository destroyed
[       OK ] PlaybackControllerTest.VolumeControl (147 ms)
[ RUN      ] PlaybackControllerTest.PlayPauseToggle
[2026-02-07 13:54:30] [INFO] HistoryRepository initialized (max entries: 100, in-memory only)
[2026-02-07 13:54:30] [INFO] SDL Audio & Mixer initialized successfully
[2026-02-07 13:54:30] [INFO] AudioPlaybackEngine initialized successfully
[2026-02-07 13:54:30] [INFO] PlaybackController initialized (audio only)
[2026-02-07 13:54:30] [WARNING] No item in queue to play
[2026-02-07 13:54:30] [INFO] PlaybackController destroyed
[2026-02-07 13:54:30] [INFO] AudioPlaybackEngine destroyed
[2026-02-07 13:54:30] [INFO] HistoryRepository destroyed
[       OK ] PlaybackControllerTest.PlayPauseToggle (142 ms)
[----------] 3 tests from PlaybackControllerTest (533 ms total)

[----------] 4 tests from SourceControllerTest
[ RUN      ] SourceControllerTest.InitialState
[2026-02-07 13:54:30] [INFO] Loaded 0 media files from library
[2026-02-07 13:54:30] [INFO] LibraryRepository initialized with storage path: test_db

GMOCK WARNING:
Uninteresting mock function call - returning directly.
    Function call: setProgressCallback(32-byte object <30-2D B3-8E D5-5E 00-00 00-00 00-00 00-00 00-00 E6-66 9E-55 D5-5E 00-00 2F-66 9E-55 D5-5E 00-00>)
NOTE: You can safely ignore the above warning unless this call should not happen.  Do not suppress it by blindly adding an EXPECT_CALL() if you don't mean to enforce the call.  See https://github.com/google/googletest/blob/main/docs/gmock_cook_book.md#knowing-when-to-expect-useoncall for details.

GMOCK WARNING:
Uninteresting mock function call - returning directly.
    Function call: setCompleteCallback(32-byte object <30-2D B3-8E D5-5E 00-00 00-00 00-00 00-00 00-00 1A-69 9E-55 D5-5E 00-00 90-68 9E-55 D5-5E 00-00>)
NOTE: You can safely ignore the above warning unless this call should not happen.  Do not suppress it by blindly adding an EXPECT_CALL() if you don't mean to enforce the call.  See https://github.com/google/googletest/blob/main/docs/gmock_cook_book.md#knowing-when-to-expect-useoncall for details.
[2026-02-07 13:54:30] [INFO] SourceController initialized

GMOCK WARNING:
Uninteresting mock function call - returning directly.
    Function call: stopScanning()
NOTE: You can safely ignore the above warning unless this call should not happen.  Do not suppress it by blindly adding an EXPECT_CALL() if you don't mean to enforce the call.  See https://github.com/google/googletest/blob/main/docs/gmock_cook_book.md#knowing-when-to-expect-useoncall for details.
[2026-02-07 13:54:30] [INFO] SourceController destroyed
[2026-02-07 13:54:30] [INFO] Library serialized successfully
[2026-02-07 13:54:30] [INFO] LibraryRepository destroyed
[       OK ] SourceControllerTest.InitialState (3 ms)
[ RUN      ] SourceControllerTest.SelectDirectory
[2026-02-07 13:54:30] [INFO] Loaded 0 media files from library
[2026-02-07 13:54:30] [INFO] LibraryRepository initialized with storage path: test_db

GMOCK WARNING:
Uninteresting mock function call - returning directly.
    Function call: setProgressCallback(32-byte object <30-2D B3-8E D5-5E 00-00 00-00 00-00 00-00 00-00 E6-66 9E-55 D5-5E 00-00 2F-66 9E-55 D5-5E 00-00>)
NOTE: You can safely ignore the above warning unless this call should not happen.  Do not suppress it by blindly adding an EXPECT_CALL() if you don't mean to enforce the call.  See https://github.com/google/googletest/blob/main/docs/gmock_cook_book.md#knowing-when-to-expect-useoncall for details.

GMOCK WARNING:
Uninteresting mock function call - returning directly.
    Function call: setCompleteCallback(32-byte object <30-2D B3-8E D5-5E 00-00 00-00 00-00 00-00 00-00 1A-69 9E-55 D5-5E 00-00 90-68 9E-55 D5-5E 00-00>)
NOTE: You can safely ignore the above warning unless this call should not happen.  Do not suppress it by blindly adding an EXPECT_CALL() if you don't mean to enforce the call.  See https://github.com/google/googletest/blob/main/docs/gmock_cook_book.md#knowing-when-to-expect-useoncall for details.
[2026-02-07 13:54:30] [INFO] SourceController initialized
[2026-02-07 13:54:30] [INFO] Source directory selected: /media/usb/drive
[2026-02-07 13:54:30] [INFO] Starting scan of: /media/usb/drive

GMOCK WARNING:
Uninteresting mock function call - returning directly.
    Function call: stopScanning()
NOTE: You can safely ignore the above warning unless this call should not happen.  Do not suppress it by blindly adding an EXPECT_CALL() if you don't mean to enforce the call.  See https://github.com/google/googletest/blob/main/docs/gmock_cook_book.md#knowing-when-to-expect-useoncall for details.
[2026-02-07 13:54:30] [INFO] SourceController destroyed
[2026-02-07 13:54:30] [INFO] Library serialized successfully
[2026-02-07 13:54:30] [INFO] LibraryRepository destroyed
[       OK ] SourceControllerTest.SelectDirectory (1 ms)
[ RUN      ] SourceControllerTest.StopScan
[2026-02-07 13:54:30] [INFO] Loaded 0 media files from library
[2026-02-07 13:54:30] [INFO] LibraryRepository initialized with storage path: test_db

GMOCK WARNING:
Uninteresting mock function call - returning directly.
    Function call: setProgressCallback(32-byte object <30-2D B3-8E D5-5E 00-00 00-00 00-00 00-00 00-00 E6-66 9E-55 D5-5E 00-00 2F-66 9E-55 D5-5E 00-00>)
NOTE: You can safely ignore the above warning unless this call should not happen.  Do not suppress it by blindly adding an EXPECT_CALL() if you don't mean to enforce the call.  See https://github.com/google/googletest/blob/main/docs/gmock_cook_book.md#knowing-when-to-expect-useoncall for details.

GMOCK WARNING:
Uninteresting mock function call - returning directly.
    Function call: setCompleteCallback(32-byte object <30-2D B3-8E D5-5E 00-00 00-00 00-00 00-00 00-00 1A-69 9E-55 D5-5E 00-00 90-68 9E-55 D5-5E 00-00>)
NOTE: You can safely ignore the above warning unless this call should not happen.  Do not suppress it by blindly adding an EXPECT_CALL() if you don't mean to enforce the call.  See https://github.com/google/googletest/blob/main/docs/gmock_cook_book.md#knowing-when-to-expect-useoncall for details.
[2026-02-07 13:54:30] [INFO] SourceController initialized
[2026-02-07 13:54:30] [INFO] SourceController destroyed
[2026-02-07 13:54:30] [INFO] Library serialized successfully
[2026-02-07 13:54:30] [INFO] LibraryRepository destroyed
[       OK ] SourceControllerTest.StopScan (3 ms)
[ RUN      ] SourceControllerTest.IsScanning
[2026-02-07 13:54:30] [INFO] Loaded 0 media files from library
[2026-02-07 13:54:30] [INFO] LibraryRepository initialized with storage path: test_db

GMOCK WARNING:
Uninteresting mock function call - returning directly.
    Function call: setProgressCallback(32-byte object <30-2D B3-8E D5-5E 00-00 00-00 00-00 00-00 00-00 E6-66 9E-55 D5-5E 00-00 2F-66 9E-55 D5-5E 00-00>)
NOTE: You can safely ignore the above warning unless this call should not happen.  Do not suppress it by blindly adding an EXPECT_CALL() if you don't mean to enforce the call.  See https://github.com/google/googletest/blob/main/docs/gmock_cook_book.md#knowing-when-to-expect-useoncall for details.

GMOCK WARNING:
Uninteresting mock function call - returning directly.
    Function call: setCompleteCallback(32-byte object <30-2D B3-8E D5-5E 00-00 00-00 00-00 00-00 00-00 1A-69 9E-55 D5-5E 00-00 90-68 9E-55 D5-5E 00-00>)
NOTE: You can safely ignore the above warning unless this call should not happen.  Do not suppress it by blindly adding an EXPECT_CALL() if you don't mean to enforce the call.  See https://github.com/google/googletest/blob/main/docs/gmock_cook_book.md#knowing-when-to-expect-useoncall for details.
[2026-02-07 13:54:30] [INFO] SourceController initialized

GMOCK WARNING:
Uninteresting mock function call - returning directly.
    Function call: stopScanning()
NOTE: You can safely ignore the above warning unless this call should not happen.  Do not suppress it by blindly adding an EXPECT_CALL() if you don't mean to enforce the call.  See https://github.com/google/googletest/blob/main/docs/gmock_cook_book.md#knowing-when-to-expect-useoncall for details.
[2026-02-07 13:54:30] [INFO] SourceController destroyed
[2026-02-07 13:54:30] [INFO] Library serialized successfully
[2026-02-07 13:54:30] [INFO] LibraryRepository destroyed
[       OK ] SourceControllerTest.IsScanning (1 ms)
[----------] 4 tests from SourceControllerTest (9 ms total)

[----------] 4 tests from MediaFileModelTest
[ RUN      ] MediaFileModelTest.DetermineMediaTypeAudio
[       OK ] MediaFileModelTest.DetermineMediaTypeAudio (0 ms)
[ RUN      ] MediaFileModelTest.DetermineMediaTypeVideo
[       OK ] MediaFileModelTest.DetermineMediaTypeVideo (0 ms)
[ RUN      ] MediaFileModelTest.CheckCaseSensitivity
[       OK ] MediaFileModelTest.CheckCaseSensitivity (0 ms)
[ RUN      ] MediaFileModelTest.SetGetProperties
[       OK ] MediaFileModelTest.SetGetProperties (0 ms)
[----------] 4 tests from MediaFileModelTest (0 ms total)

[----------] 5 tests from PlaybackStateModelTest
[ RUN      ] PlaybackStateModelTest.InitialState
[       OK ] PlaybackStateModelTest.InitialState (0 ms)
[ RUN      ] PlaybackStateModelTest.StateTransitions
[       OK ] PlaybackStateModelTest.StateTransitions (0 ms)
[ RUN      ] PlaybackStateModelTest.PositionAndDuration
[       OK ] PlaybackStateModelTest.PositionAndDuration (0 ms)
[ RUN      ] PlaybackStateModelTest.Callbacks
[       OK ] PlaybackStateModelTest.Callbacks (0 ms)
[ RUN      ] PlaybackStateModelTest.Metadata
[       OK ] PlaybackStateModelTest.Metadata (0 ms)
[----------] 5 tests from PlaybackStateModelTest (0 ms total)

[----------] 4 tests from FileScannerTest
[ RUN      ] FileScannerTest.ScanDirectoryAsync
[2026-02-07 13:54:30] [INFO] Starting scan of directory: /tmp/MediaPlayerTest_FileScanner
[2026-02-07 13:54:30] [INFO] Scan completed. Found 6 media files.
[2026-02-07 13:54:30] [INFO] Stopping scan...
[       OK ] FileScannerTest.ScanDirectoryAsync (105 ms)
[ RUN      ] FileScannerTest.ScanDirectorySync
[2026-02-07 13:54:30] [INFO] Starting synchronous scan of: /tmp/MediaPlayerTest_FileScanner
[2026-02-07 13:54:30] [INFO] Synchronous scan completed. Found 6 files
[2026-02-07 13:54:30] [INFO] Stopping scan...
[       OK ] FileScannerTest.ScanDirectorySync (3 ms)
[ RUN      ] FileScannerTest.StopScan
[2026-02-07 13:54:30] [INFO] Starting scan of directory: /tmp/MediaPlayerTest_FileScanner
[2026-02-07 13:54:30] [INFO] Stopping scan...
[2026-02-07 13:54:30] [INFO] Scan was stopped by user.
[2026-02-07 13:54:30] [INFO] Stopping scan...
[       OK ] FileScannerTest.StopScan (230 ms)
[ RUN      ] FileScannerTest.NonRecursiveScan
[2026-02-07 13:54:30] [INFO] Starting synchronous scan of: /tmp/MediaPlayerTest_FileScanner
[2026-02-07 13:54:30] [WARNING] Max depth reached at: /tmp/MediaPlayerTest_FileScanner/subdir
[2026-02-07 13:54:30] [INFO] Synchronous scan completed. Found 5 files
[2026-02-07 13:54:30] [INFO] Stopping scan...
[       OK ] FileScannerTest.NonRecursiveScan (3 ms)
[----------] 4 tests from FileScannerTest (342 ms total)

[----------] Global test environment tear-down
[==========] 23 tests from 6 test suites ran. (899 ms total)
[  PASSED  ] 23 tests.
libgcov profiling error:/home/duong/MediaPlayerApp/build/CMakeFiles/RunTests.dir/tests/controllers/SourceControllerTest.cpp.gcda:overwriting an existing profile data with a different checksum
<end of output>
Test time =   1.21 sec
----------------------------------------------------------
Test Passed.
"RunTests" end time: Feb 07 13:54 UTC
"RunTests" time elapsed: 00:00:01
----------------------------------------------------------

End testing: Feb 07 13:54 UTC
