TN:
SF:/home/duong/MediaPlayerApp/inc/models/MediaFileModel.h
FN:63,63,_ZN12media_player6models14MediaFileModel8setTitleERKNSt7__cxx1112basic_stringIcSt11char_traitsIcESaIcEEE
FN:64,64,_ZN12media_player6models14MediaFileModel9setArtistERKNSt7__cxx1112basic_stringIcSt11char_traitsIcESaIcEEE
FN:65,65,_ZN12media_player6models14MediaFileModel8setAlbumERKNSt7__cxx1112basic_stringIcSt11char_traitsIcESaIcEEE
FN:66,66,_ZN12media_player6models14MediaFileModel11setDurationEi
FNDA:0,_ZN12media_player6models14MediaFileModel8setTitleERKNSt7__cxx1112basic_stringIcSt11char_traitsIcESaIcEEE
FNDA:0,_ZN12media_player6models14MediaFileModel9setArtistERKNSt7__cxx1112basic_stringIcSt11char_traitsIcESaIcEEE
FNDA:0,_ZN12media_player6models14MediaFileModel8setAlbumERKNSt7__cxx1112basic_stringIcSt11char_traitsIcESaIcEEE
FNDA:0,_ZN12media_player6models14MediaFileModel11setDurationEi
FNF:4
FNH:0
DA:63,0
DA:64,0
DA:65,0
DA:66,0
LF:4
LH:0
end_of_record
TN:
SF:/home/duong/MediaPlayerApp/inc/models/MetadataModel.h
FN:18,18,_ZN12media_player6models13MetadataModelC2Ev
FN:22,25,_ZNK12media_player6models13MetadataModel8getTitleB5cxx11Ev
FN:27,30,_ZNK12media_player6models13MetadataModel9getArtistB5cxx11Ev
FN:32,35,_ZNK12media_player6models13MetadataModel8getAlbumB5cxx11Ev
FN:37,40,_ZNK12media_player6models13MetadataModel8getGenreB5cxx11Ev
FN:42,45,_ZNK12media_player6models13MetadataModel7getYearB5cxx11Ev
FN:74,77,_ZN12media_player6models13MetadataModel8setTitleERKNSt7__cxx1112basic_stringIcSt11char_traitsIcESaIcEEE
FN:79,82,_ZN12media_player6models13MetadataModel9setArtistERKNSt7__cxx1112basic_stringIcSt11char_traitsIcESaIcEEE
FN:84,87,_ZN12media_player6models13MetadataModel8setAlbumERKNSt7__cxx1112basic_stringIcSt11char_traitsIcESaIcEEE
FN:89,92,_ZN12media_player6models13MetadataModel8setGenreERKNSt7__cxx1112basic_stringIcSt11char_traitsIcESaIcEEE
FN:94,97,_ZN12media_player6models13MetadataModel7setYearERKNSt7__cxx1112basic_stringIcSt11char_traitsIcESaIcEEE
FNDA:0,_ZN12media_player6models13MetadataModelC2Ev
FNDA:0,_ZNK12media_player6models13MetadataModel8getTitleB5cxx11Ev
FNDA:0,_ZNK12media_player6models13MetadataModel9getArtistB5cxx11Ev
FNDA:0,_ZNK12media_player6models13MetadataModel8getAlbumB5cxx11Ev
FNDA:0,_ZNK12media_player6models13MetadataModel8getGenreB5cxx11Ev
FNDA:0,_ZNK12media_player6models13MetadataModel7getYearB5cxx11Ev
FNDA:0,_ZN12media_player6models13MetadataModel8setTitleERKNSt7__cxx1112basic_stringIcSt11char_traitsIcESaIcEEE
FNDA:0,_ZN12media_player6models13MetadataModel9setArtistERKNSt7__cxx1112basic_stringIcSt11char_traitsIcESaIcEEE
FNDA:0,_ZN12media_player6models13MetadataModel8setAlbumERKNSt7__cxx1112basic_stringIcSt11char_traitsIcESaIcEEE
FNDA:0,_ZN12media_player6models13MetadataModel8setGenreERKNSt7__cxx1112basic_stringIcSt11char_traitsIcESaIcEEE
FNDA:0,_ZN12media_player6models13MetadataModel7setYearERKNSt7__cxx1112basic_stringIcSt11char_traitsIcESaIcEEE
FNF:11
FNH:0
DA:18,0
DA:22,0
DA:24,0
DA:27,0
DA:29,0
DA:32,0
DA:34,0
DA:37,0
DA:39,0
DA:42,0
DA:44,0
DA:74,0
DA:76,0
DA:77,0
DA:79,0
DA:81,0
DA:82,0
DA:84,0
DA:86,0
DA:87,0
DA:89,0
DA:91,0
DA:92,0
DA:94,0
DA:96,0
DA:97,0
LF:26
LH:0
end_of_record
TN:
SF:/home/duong/MediaPlayerApp/inc/services/IFileScanner.h
FN:25,25,_ZN12media_player8services12IFileScannerD0Ev
FN:25,25,_ZN12media_player8services12IFileScannerD2Ev
FNDA:0,_ZN12media_player8services12IFileScannerD0Ev
FNDA:0,_ZN12media_player8services12IFileScannerD2Ev
FNF:2
FNH:0
DA:25,0
LF:1
LH:0
end_of_record
TN:
SF:/home/duong/MediaPlayerApp/inc/services/IMetadataReader.h
FN:19,19,_ZN12media_player8services15IMetadataReaderD0Ev
FN:19,19,_ZN12media_player8services15IMetadataReaderD2Ev
FNDA:0,_ZN12media_player8services15IMetadataReaderD0Ev
FNDA:0,_ZN12media_player8services15IMetadataReaderD2Ev
FNF:2
FNH:0
DA:19,0
LF:1
LH:0
end_of_record
TN:
SF:/home/duong/MediaPlayerApp/inc/services/IPlaybackEngine.h
FN:32,32,_ZN12media_player8services15IPlaybackEngineD0Ev
FN:32,32,_ZN12media_player8services15IPlaybackEngineD2Ev
FN:42,42,_ZN12media_player8services15IPlaybackEngine16releaseResourcesEv
FNDA:0,_ZN12media_player8services15IPlaybackEngineD0Ev
FNDA:0,_ZN12media_player8services15IPlaybackEngineD2Ev
FNDA:0,_ZN12media_player8services15IPlaybackEngine16releaseResourcesEv
FNF:3
FNH:0
DA:32,0
DA:42,0
LF:2
LH:0
end_of_record
TN:
SF:/home/duong/MediaPlayerApp/inc/services/ISerialCommunication.h
FN:20,20,_ZN12media_player8services20ISerialCommunicationD0Ev
FN:20,20,_ZN12media_player8services20ISerialCommunicationD2Ev
FNDA:0,_ZN12media_player8services20ISerialCommunicationD0Ev
FNDA:0,_ZN12media_player8services20ISerialCommunicationD2Ev
FNF:2
FNH:0
DA:20,0
LF:1
LH:0
end_of_record
TN:
SF:/home/duong/MediaPlayerApp/src/services/AudioPlaybackEngine.cpp
FN:106,117,_ZN12media_player8services19AudioPlaybackEngine15unloadAudioFileEv
FN:119,214,_ZN12media_player8services19AudioPlaybackEngine8loadFileERKNSt7__cxx1112basic_stringIcSt11char_traitsIcESaIcEEE
FN:15,21,_ZN12media_player8services19AudioPlaybackEngine21musicFinishedCallbackEv
FN:216,268,_ZN12media_player8services19AudioPlaybackEngine4playEv
FN:23,44,_ZN12media_player8services19AudioPlaybackEngineC2Ev
FN:270,284,_ZN12media_player8services19AudioPlaybackEngine5pauseEv
FN:286,312,_ZN12media_player8services19AudioPlaybackEngine4stopEv
FN:314,323,_ZN12media_player8services19AudioPlaybackEngine16releaseResourcesEv
FN:325,339,_ZN12media_player8services19AudioPlaybackEngine4seekEi
FN:341,344,_ZNK12media_player8services19AudioPlaybackEngine8getStateEv
FN:346,349,_ZNK12media_player8services19AudioPlaybackEngine18getCurrentPositionEv
FN:351,354,_ZNK12media_player8services19AudioPlaybackEngine16getTotalDurationEv
FN:356,364,_ZN12media_player8services19AudioPlaybackEngine9setVolumeEi
FN:366,369,_ZNK12media_player8services19AudioPlaybackEngine9getVolumeEv
FN:371,374,_ZNK12media_player8services19AudioPlaybackEngine17supportsMediaTypeENS_6models9MediaTypeE
FN:376,379,_ZN12media_player8services19AudioPlaybackEngine22setStateChangeCallbackESt8functionIFvNS0_13PlaybackStateEEE
FN:381,384,_ZN12media_player8services19AudioPlaybackEngine19setPositionCallbackESt8functionIFviiEE
FN:386,389,_ZN12media_player8services19AudioPlaybackEngine16setErrorCallbackESt8functionIFvRKNSt7__cxx1112basic_stringIcSt11char_traitsIcESaIcEEEEE
FN:391,394,_ZN12media_player8services19AudioPlaybackEngine19setFinishedCallbackESt8functionIFvvEE
FN:398,404,_ZN12media_player8services19AudioPlaybackEngine15onMusicFinishedEv
FN:406,460,_ZN12media_player8services19AudioPlaybackEngine12updateThreadEv
FN:46,61,_ZN12media_player8services19AudioPlaybackEngineD0Ev
FN:46,61,_ZN12media_player8services19AudioPlaybackEngineD2Ev
FN:462,468,_ZN12media_player8services19AudioPlaybackEngine17notifyStateChangeENS0_13PlaybackStateE
FN:470,476,_ZN12media_player8services19AudioPlaybackEngine14notifyPositionEv
FN:478,484,_ZN12media_player8services19AudioPlaybackEngine11notifyErrorERKNSt7__cxx1112basic_stringIcSt11char_traitsIcESaIcEEE
FN:486,492,_ZN12media_player8services19AudioPlaybackEngine14notifyFinishedEv
FN:63,91,_ZN12media_player8services19AudioPlaybackEngine13initializeSDLEv
FN:93,104,_ZN12media_player8services19AudioPlaybackEngine10cleanupSDLEv
FNDA:50,_ZN12media_player8services19AudioPlaybackEngine15unloadAudioFileEv
FNDA:3,_ZN12media_player8services19AudioPlaybackEngine8loadFileERKNSt7__cxx1112basic_stringIcSt11char_traitsIcESaIcEEE
FNDA:2,_ZN12media_player8services19AudioPlaybackEngine21musicFinishedCallbackEv
FNDA:4,_ZN12media_player8services19AudioPlaybackEngine4playEv
FNDA:47,_ZN12media_player8services19AudioPlaybackEngineC2Ev
FNDA:1,_ZN12media_player8services19AudioPlaybackEngine5pauseEv
FNDA:48,_ZN12media_player8services19AudioPlaybackEngine4stopEv
FNDA:0,_ZN12media_player8services19AudioPlaybackEngine16releaseResourcesEv
FNDA:0,_ZN12media_player8services19AudioPlaybackEngine4seekEi
FNDA:7,_ZNK12media_player8services19AudioPlaybackEngine8getStateEv
FNDA:0,_ZNK12media_player8services19AudioPlaybackEngine18getCurrentPositionEv
FNDA:0,_ZNK12media_player8services19AudioPlaybackEngine16getTotalDurationEv
FNDA:3,_ZN12media_player8services19AudioPlaybackEngine9setVolumeEi
FNDA:4,_ZNK12media_player8services19AudioPlaybackEngine9getVolumeEv
FNDA:0,_ZNK12media_player8services19AudioPlaybackEngine17supportsMediaTypeENS_6models9MediaTypeE
FNDA:43,_ZN12media_player8services19AudioPlaybackEngine22setStateChangeCallbackESt8functionIFvNS0_13PlaybackStateEEE
FNDA:42,_ZN12media_player8services19AudioPlaybackEngine19setPositionCallbackESt8functionIFviiEE
FNDA:43,_ZN12media_player8services19AudioPlaybackEngine16setErrorCallbackESt8functionIFvRKNSt7__cxx1112basic_stringIcSt11char_traitsIcESaIcEEEEE
FNDA:42,_ZN12media_player8services19AudioPlaybackEngine19setFinishedCallbackESt8functionIFvvEE
FNDA:2,_ZN12media_player8services19AudioPlaybackEngine15onMusicFinishedEv
FNDA:47,_ZN12media_player8services19AudioPlaybackEngine12updateThreadEv
FNDA:42,_ZN12media_player8services19AudioPlaybackEngineD0Ev
FNDA:47,_ZN12media_player8services19AudioPlaybackEngineD2Ev
FNDA:8,_ZN12media_player8services19AudioPlaybackEngine17notifyStateChangeENS0_13PlaybackStateE
FNDA:0,_ZN12media_player8services19AudioPlaybackEngine14notifyPositionEv
FNDA:1,_ZN12media_player8services19AudioPlaybackEngine11notifyErrorERKNSt7__cxx1112basic_stringIcSt11char_traitsIcESaIcEEE
FNDA:0,_ZN12media_player8services19AudioPlaybackEngine14notifyFinishedEv
FNDA:47,_ZN12media_player8services19AudioPlaybackEngine13initializeSDLEv
FNDA:47,_ZN12media_player8services19AudioPlaybackEngine10cleanupSDLEv
FNF:29
FNH:22
BRDA:17,0,0,2
BRDA:17,0,1,0
BRDA:35,0,0,47
BRDA:35,e0,1,0
BRDA:35,0,2,0
BRDA:35,0,3,47
BRDA:41,0,0,47
BRDA:41,e0,1,0
BRDA:52,0,0,47
BRDA:52,0,1,0
BRDA:52,0,2,47
BRDA:52,0,3,0
BRDA:52,0,4,47
BRDA:52,0,5,0
BRDA:65,0,0,0
BRDA:65,0,1,47
BRDA:98,0,0,47
BRDA:98,0,1,0
BRDA:108,0,0,2
BRDA:108,0,1,48
BRDA:121,0,0,3
BRDA:121,e0,1,0
BRDA:126,0,0,0
BRDA:126,0,1,3
BRDA:128,0,0,-
BRDA:128,e0,1,-
BRDA:131,0,0,3
BRDA:131,e0,1,0
BRDA:134,0,0,0
BRDA:134,0,1,3
BRDA:136,0,0,-
BRDA:136,e0,1,-
BRDA:136,0,2,-
BRDA:136,e0,3,-
BRDA:145,0,0,3
BRDA:145,e0,1,0
BRDA:147,0,0,3
BRDA:147,0,1,0
BRDA:150,0,0,3
BRDA:150,e0,1,0
BRDA:150,0,2,0
BRDA:150,0,3,3
BRDA:152,0,0,-
BRDA:152,e0,1,-
BRDA:152,0,2,-
BRDA:152,e0,3,-
BRDA:157,0,0,3
BRDA:157,e0,1,0
BRDA:159,0,0,1
BRDA:159,0,1,2
BRDA:161,0,0,1
BRDA:161,e0,1,0
BRDA:161,0,2,1
BRDA:161,e0,3,0
BRDA:162,0,0,1
BRDA:162,e0,1,0
BRDA:162,0,2,1
BRDA:162,e0,3,0
BRDA:163,0,0,1
BRDA:163,e0,1,0
BRDA:168,0,0,2
BRDA:168,e0,1,0
BRDA:170,0,0,2
BRDA:170,e0,1,0
BRDA:183,0,0,2
BRDA:183,e0,1,0
BRDA:184,0,0,2
BRDA:184,0,1,0
BRDA:198,0,0,2
BRDA:198,e0,1,0
BRDA:202,0,0,0
BRDA:202,0,1,0
BRDA:204,0,0,0
BRDA:204,e0,1,0
BRDA:204,0,2,0
BRDA:204,e0,3,0
BRDA:204,0,4,0
BRDA:204,e0,5,0
BRDA:205,0,0,0
BRDA:205,e0,1,0
BRDA:210,0,0,0
BRDA:210,e0,1,0
BRDA:210,0,2,0
BRDA:210,e0,3,0
BRDA:211,0,0,0
BRDA:211,e0,1,0
BRDA:213,0,0,0
BRDA:213,e0,1,0
BRDA:218,0,0,4
BRDA:218,e0,1,0
BRDA:222,0,0,1
BRDA:222,0,1,3
BRDA:227,0,0,0
BRDA:227,0,1,3
BRDA:235,0,0,1
BRDA:235,0,1,2
BRDA:237,0,0,1
BRDA:237,e0,1,0
BRDA:242,0,0,2
BRDA:242,e0,1,0
BRDA:242,0,2,0
BRDA:242,0,3,2
BRDA:244,0,0,-
BRDA:244,e0,1,-
BRDA:244,0,2,-
BRDA:244,e0,3,-
BRDA:245,0,0,-
BRDA:245,e0,1,-
BRDA:245,0,2,-
BRDA:245,e0,3,-
BRDA:250,0,0,3
BRDA:250,e0,1,0
BRDA:254,0,0,3
BRDA:254,e0,1,0
BRDA:258,0,0,0
BRDA:258,0,1,0
BRDA:260,0,0,0
BRDA:260,e0,1,0
BRDA:260,0,2,0
BRDA:260,e0,3,0
BRDA:260,0,4,0
BRDA:260,e0,5,0
BRDA:265,0,0,0
BRDA:265,e0,1,0
BRDA:265,0,2,0
BRDA:265,e0,3,0
BRDA:267,0,0,0
BRDA:267,e0,1,0
BRDA:272,0,0,1
BRDA:272,e0,1,0
BRDA:274,0,0,0
BRDA:274,0,1,1
BRDA:279,0,0,1
BRDA:279,e0,1,0
BRDA:281,0,0,1
BRDA:281,e0,1,0
BRDA:288,0,0,48
BRDA:288,e0,1,0
BRDA:290,0,0,46
BRDA:290,0,1,2
BRDA:299,0,0,2
BRDA:299,e0,1,0
BRDA:309,0,0,2
BRDA:309,e0,1,0
BRDA:316,0,0,-
BRDA:316,e0,1,-
BRDA:317,0,0,-
BRDA:317,0,1,-
BRDA:319,0,0,-
BRDA:319,e0,1,-
BRDA:322,0,0,-
BRDA:322,e0,1,-
BRDA:327,0,0,-
BRDA:327,e0,1,-
BRDA:329,0,0,-
BRDA:329,0,1,-
BRDA:331,0,0,-
BRDA:331,e0,1,-
BRDA:331,0,2,-
BRDA:331,0,3,-
BRDA:334,0,0,-
BRDA:334,e0,1,-
BRDA:358,0,0,3
BRDA:358,e0,1,0
BRDA:360,0,0,0
BRDA:360,0,1,3
BRDA:362,0,0,-
BRDA:362,e0,1,-
BRDA:410,0,0,21
BRDA:410,0,1,47
BRDA:413,0,0,0
BRDA:413,0,1,21
BRDA:417,0,0,-
BRDA:417,e0,1,-
BRDA:420,0,0,-
BRDA:420,0,1,-
BRDA:422,0,0,-
BRDA:422,e0,1,-
BRDA:427,0,0,0
BRDA:427,0,1,21
BRDA:431,0,0,-
BRDA:431,e0,1,-
BRDA:434,0,0,-
BRDA:434,0,1,-
BRDA:434,0,2,-
BRDA:434,0,3,-
BRDA:434,0,4,-
BRDA:434,0,5,-
BRDA:437,0,0,-
BRDA:437,e0,1,-
BRDA:438,0,0,-
BRDA:438,0,1,-
BRDA:446,0,0,-
BRDA:446,e0,1,-
BRDA:449,0,0,21
BRDA:449,e0,1,0
BRDA:454,0,0,0
BRDA:454,0,1,0
BRDA:464,0,0,3
BRDA:464,0,1,5
BRDA:472,0,0,-
BRDA:472,0,1,-
BRDA:480,0,0,1
BRDA:480,0,1,0
BRDA:488,0,0,-
BRDA:488,0,1,-
BRF:206
BRH:62
DA:15,2
DA:17,2
DA:19,2
DA:21,2
DA:23,47
DA:24,47
DA:25,47
DA:26,47
DA:27,47
DA:28,47
DA:29,47
DA:30,47
DA:31,141
DA:33,47
DA:35,47
DA:37,0
DA:40,47
DA:41,47
DA:44,0
DA:46,89
DA:48,47
DA:50,47
DA:52,47
DA:54,47
DA:57,47
DA:58,47
DA:60,47
DA:61,89
DA:63,47
DA:65,47
DA:67,0
DA:71,47
DA:72,47
DA:74,47
DA:88,47
DA:90,47
DA:93,47
DA:96,47
DA:98,47
DA:100,47
DA:101,47
DA:102,47
DA:104,47
DA:106,50
DA:108,50
DA:110,2
DA:111,2
DA:114,50
DA:115,50
DA:116,50
DA:117,50
DA:119,3
DA:121,3
DA:126,3
DA:128,0
DA:131,3
DA:134,3
DA:136,0
DA:137,0
DA:142,3
DA:143,3
DA:144,3
DA:145,3
DA:147,3
DA:150,3
DA:152,0
DA:153,0
DA:157,3
DA:159,3
DA:161,1
DA:162,1
DA:163,1
DA:164,1
DA:165,1
DA:168,2
DA:170,2
DA:171,2
DA:172,2
DA:183,2
DA:184,2
DA:186,2
DA:195,0
DA:198,2
DA:200,2
DA:202,0
DA:204,0
DA:205,0
DA:206,0
DA:207,0
DA:208,0
DA:210,0
DA:211,0
DA:212,0
DA:213,0
DA:214,3
DA:216,4
DA:218,4
DA:222,4
DA:224,1
DA:227,3
DA:229,0
DA:233,3
DA:235,3
DA:237,1
DA:242,2
DA:244,0
DA:245,0
DA:246,0
DA:247,0
DA:250,3
DA:252,3
DA:254,3
DA:256,3
DA:258,0
DA:260,0
DA:261,0
DA:262,0
DA:263,0
DA:265,0
DA:266,0
DA:267,0
DA:268,4
DA:270,1
DA:272,1
DA:274,1
DA:276,0
DA:279,1
DA:280,1
DA:281,1
DA:283,1
DA:284,1
DA:286,48
DA:288,48
DA:290,48
DA:292,46
DA:297,2
DA:299,2
DA:302,2
DA:307,2
DA:308,2
DA:309,2
DA:311,2
DA:312,48
DA:314,0
DA:316,0
DA:317,0
DA:319,0
DA:320,0
DA:322,0
DA:323,0
DA:325,0
DA:327,0
DA:329,0
DA:331,0
DA:333,0
DA:334,0
DA:335,0
DA:338,0
DA:339,0
DA:341,7
DA:343,7
DA:346,0
DA:348,0
DA:351,0
DA:353,0
DA:356,3
DA:358,3
DA:359,3
DA:360,3
DA:362,0
DA:364,3
DA:366,4
DA:368,4
DA:371,0
DA:373,0
DA:376,43
DA:378,43
DA:379,43
DA:381,42
DA:383,42
DA:384,42
DA:386,43
DA:388,43
DA:389,43
DA:391,42
DA:393,42
DA:394,42
DA:398,2
DA:403,2
DA:404,2
DA:406,47
DA:410,68
DA:413,21
DA:415,0
DA:416,0
DA:417,0
DA:420,0
DA:422,0
DA:424,0
DA:427,21
DA:431,0
DA:434,0
DA:437,0
DA:438,0
DA:440,0
DA:443,0
DA:446,0
DA:449,21
DA:450,42
DA:454,0
DA:456,0
DA:457,0
DA:459,0
DA:460,47
DA:462,8
DA:464,8
DA:466,3
DA:468,8
DA:470,0
DA:472,0
DA:474,0
DA:476,0
DA:478,1
DA:480,1
DA:482,1
DA:484,1
DA:486,0
DA:488,0
DA:490,0
DA:492,0
LF:230
LH:149
end_of_record
TN:
SF:/home/duong/MediaPlayerApp/src/services/FileScanner.cpp
FN:105,149,_ZN12media_player8services11FileScanner17scanDirectorySyncERKNSt7__cxx1112basic_stringIcSt11char_traitsIcESaIcEEE
FN:151,154,_ZN12media_player8services11FileScanner11setMaxDepthEi
FN:156,159,_ZN12media_player8services11FileScanner17setFileExtensionsERKSt6vectorINSt7__cxx1112basic_stringIcSt11char_traitsIcESaIcEEESaIS8_EE
FN:161,180,_ZN12media_player8services11FileScanner10scanWorkerERKNSt7__cxx1112basic_stringIcSt11char_traitsIcESaIcEEE
FN:182,280,_ZN12media_player8services11FileScanner13scanRecursiveERKNSt7__cxx1112basic_stringIcSt11char_traitsIcESaIcEEEi
FN:21,31,_ZN12media_player8services11FileScannerC2Ev
FN:282,286,_ZNK12media_player8services11FileScanner16isValidMediaFileERKNSt7__cxx1112basic_stringIcSt11char_traitsIcESaIcEEE
FN:288,295,_ZNK12media_player8services11FileScanner17hasValidExtensionERKNSt7__cxx1112basic_stringIcSt11char_traitsIcESaIcEEE
FN:297,307,_ZNK12media_player8services11FileScanner16getFileExtensionERKNSt7__cxx1112basic_stringIcSt11char_traitsIcESaIcEEE
FN:309,314,_ZNK12media_player8services11FileScanner11toLowerCaseERKNSt7__cxx1112basic_stringIcSt11char_traitsIcESaIcEEE
FN:316,326,_ZN12media_player8services11FileScanner14notifyProgressEiRKNSt7__cxx1112basic_stringIcSt11char_traitsIcESaIcEEE
FN:328,334,_ZN12media_player8services11FileScanner14notifyCompleteERKSt6vectorINS_6models14MediaFileModelESaIS4_EE
FN:33,36,_ZN12media_player8services11FileScannerD0Ev
FN:33,36,_ZN12media_player8services11FileScannerD2Ev
FN:38,69,_ZN12media_player8services11FileScanner13scanDirectoryERKNSt7__cxx1112basic_stringIcSt11char_traitsIcESaIcEEE
FN:71,82,_ZN12media_player8services11FileScanner12stopScanningEv
FN:84,87,_ZNK12media_player8services11FileScanner10isScanningEv
FN:89,92,_ZN12media_player8services11FileScanner19setProgressCallbackESt8functionIFviRKNSt7__cxx1112basic_stringIcSt11char_traitsIcESaIcEEEEE
FN:94,97,_ZN12media_player8services11FileScanner19setProgressCallbackESt8functionIFviiRKNSt7__cxx1112basic_stringIcSt11char_traitsIcESaIcEEEEE
FN:99,102,_ZN12media_player8services11FileScanner19setCompleteCallbackESt8functionIFvSt6vectorINS_6models14MediaFileModelESaIS5_EEEE
FNDA:11,_ZN12media_player8services11FileScanner17scanDirectorySyncERKNSt7__cxx1112basic_stringIcSt11char_traitsIcESaIcEEE
FNDA:6,_ZN12media_player8services11FileScanner11setMaxDepthEi
FNDA:0,_ZN12media_player8services11FileScanner17setFileExtensionsERKSt6vectorINSt7__cxx1112basic_stringIcSt11char_traitsIcESaIcEEESaIS8_EE
FNDA:3,_ZN12media_player8services11FileScanner10scanWorkerERKNSt7__cxx1112basic_stringIcSt11char_traitsIcESaIcEEE
FNDA:22,_ZN12media_player8services11FileScanner13scanRecursiveERKNSt7__cxx1112basic_stringIcSt11char_traitsIcESaIcEEEi
FNDA:13,_ZN12media_player8services11FileScannerC2Ev
FNDA:68,_ZNK12media_player8services11FileScanner16isValidMediaFileERKNSt7__cxx1112basic_stringIcSt11char_traitsIcESaIcEEE
FNDA:124,_ZNK12media_player8services11FileScanner17hasValidExtensionERKNSt7__cxx1112basic_stringIcSt11char_traitsIcESaIcEEE
FNDA:68,_ZNK12media_player8services11FileScanner16getFileExtensionERKNSt7__cxx1112basic_stringIcSt11char_traitsIcESaIcEEE
FNDA:124,_ZNK12media_player8services11FileScanner11toLowerCaseERKNSt7__cxx1112basic_stringIcSt11char_traitsIcESaIcEEE
FNDA:0,_ZN12media_player8services11FileScanner14notifyProgressEiRKNSt7__cxx1112basic_stringIcSt11char_traitsIcESaIcEEE
FNDA:2,_ZN12media_player8services11FileScanner14notifyCompleteERKSt6vectorINS_6models14MediaFileModelESaIS4_EE
FNDA:0,_ZN12media_player8services11FileScannerD0Ev
FNDA:13,_ZN12media_player8services11FileScannerD2Ev
FNDA:3,_ZN12media_player8services11FileScanner13scanDirectoryERKNSt7__cxx1112basic_stringIcSt11char_traitsIcESaIcEEE
FNDA:14,_ZN12media_player8services11FileScanner12stopScanningEv
FNDA:2,_ZNK12media_player8services11FileScanner10isScanningEv
FNDA:2,_ZN12media_player8services11FileScanner19setProgressCallbackESt8functionIFviRKNSt7__cxx1112basic_stringIcSt11char_traitsIcESaIcEEEEE
FNDA:0,_ZN12media_player8services11FileScanner19setProgressCallbackESt8functionIFviiRKNSt7__cxx1112basic_stringIcSt11char_traitsIcESaIcEEEEE
FNDA:2,_ZN12media_player8services11FileScanner19setCompleteCallbackESt8functionIFvSt6vectorINS_6models14MediaFileModelESaIS5_EEEE
FNF:20
FNH:16
BRDA:30,0,0,13
BRDA:30,e0,1,0
BRDA:40,0,0,0
BRDA:40,0,1,3
BRDA:45,0,0,3
BRDA:45,e0,1,0
BRDA:45,0,2,3
BRDA:45,e0,3,0
BRDA:45,0,4,0
BRDA:45,0,5,3
BRDA:50,0,0,3
BRDA:50,e0,1,0
BRDA:50,0,2,3
BRDA:50,e0,3,0
BRDA:50,0,4,0
BRDA:50,0,5,3
BRDA:62,0,0,0
BRDA:62,0,1,3
BRDA:62,0,2,0
BRDA:62,0,3,0
BRDA:62,0,4,0
BRDA:62,0,5,3
BRDA:68,0,0,3
BRDA:68,e0,1,0
BRDA:75,0,0,4
BRDA:75,0,1,10
BRDA:75,0,2,3
BRDA:75,0,3,1
BRDA:75,0,4,3
BRDA:75,0,5,11
BRDA:107,0,0,11
BRDA:107,e0,1,0
BRDA:107,0,2,11
BRDA:107,e0,3,0
BRDA:107,0,4,1
BRDA:107,0,5,10
BRDA:112,0,0,10
BRDA:112,e0,1,0
BRDA:112,0,2,10
BRDA:112,e0,3,0
BRDA:112,0,4,1
BRDA:112,0,5,9
BRDA:127,0,0,9
BRDA:127,e0,1,0
BRDA:127,0,2,9
BRDA:127,e0,3,0
BRDA:127,0,4,64
BRDA:127,e0,5,0
BRDA:127,0,6,64
BRDA:127,0,7,9
BRDA:129,0,0,64
BRDA:129,e0,1,0
BRDA:129,0,2,56
BRDA:129,0,3,8
BRDA:131,0,0,56
BRDA:131,e0,1,0
BRDA:131,0,2,56
BRDA:131,e0,3,0
BRDA:133,0,0,56
BRDA:133,e0,1,0
BRDA:133,0,2,48
BRDA:133,0,3,8
BRDA:165,0,0,3
BRDA:165,e0,1,0
BRDA:167,0,0,2
BRDA:167,0,1,1
BRDA:169,0,0,2
BRDA:169,e0,1,0
BRDA:175,0,0,0
BRDA:175,0,1,0
BRDA:184,0,0,1
BRDA:184,0,1,21
BRDA:189,0,0,2
BRDA:189,0,1,19
BRDA:196,0,0,19
BRDA:196,e0,1,0
BRDA:196,0,2,19
BRDA:196,e0,3,0
BRDA:196,0,4,78
BRDA:196,e0,5,0
BRDA:196,0,6,78
BRDA:196,0,7,19
BRDA:198,0,0,0
BRDA:198,0,1,78
BRDA:205,0,0,78
BRDA:205,e0,1,0
BRDA:205,0,2,10
BRDA:205,0,3,68
BRDA:208,0,0,10
BRDA:208,e0,1,0
BRDA:208,0,2,10
BRDA:208,e0,3,0
BRDA:208,0,4,10
BRDA:208,e0,5,0
BRDA:208,0,6,0
BRDA:208,0,7,10
BRDA:213,0,0,10
BRDA:213,e0,1,0
BRDA:213,0,2,10
BRDA:213,e0,3,0
BRDA:215,0,0,68
BRDA:215,e0,1,0
BRDA:215,0,2,68
BRDA:215,0,3,0
BRDA:217,0,0,68
BRDA:217,e0,1,0
BRDA:219,0,0,68
BRDA:219,e0,1,0
BRDA:219,0,2,58
BRDA:219,0,3,10
BRDA:221,0,0,58
BRDA:221,e0,1,0
BRDA:223,0,0,58
BRDA:223,e0,1,0
BRDA:223,0,2,58
BRDA:223,0,3,0
BRDA:228,0,0,58
BRDA:228,e0,1,0
BRDA:229,0,0,58
BRDA:229,e0,1,0
BRDA:229,0,2,40
BRDA:229,0,3,18
BRDA:231,0,0,40
BRDA:231,e0,1,0
BRDA:232,0,0,40
BRDA:232,0,1,0
BRDA:234,0,0,40
BRDA:234,e0,1,0
BRDA:234,0,2,40
BRDA:234,e0,3,0
BRDA:234,0,4,40
BRDA:234,e0,5,0
BRDA:235,0,0,40
BRDA:235,e0,1,0
BRDA:235,0,2,40
BRDA:235,e0,3,0
BRDA:235,0,4,40
BRDA:235,e0,5,0
BRDA:236,0,0,40
BRDA:236,e0,1,0
BRDA:236,0,2,40
BRDA:236,e0,3,0
BRDA:236,0,4,40
BRDA:236,e0,5,0
BRDA:238,0,0,0
BRDA:238,0,1,40
BRDA:238,0,2,0
BRDA:238,e0,3,0
BRDA:239,0,0,0
BRDA:239,0,1,40
BRDA:239,0,2,0
BRDA:239,e0,3,0
BRDA:240,0,0,0
BRDA:240,0,1,40
BRDA:240,0,2,0
BRDA:240,e0,3,0
BRDA:243,0,0,40
BRDA:243,e0,1,0
BRDA:244,0,0,40
BRDA:244,0,1,0
BRDA:246,0,0,40
BRDA:246,e0,1,0
BRDA:253,0,0,0
BRDA:253,e0,1,0
BRDA:255,0,0,58
BRDA:255,e0,1,0
BRDA:259,0,0,0
BRDA:259,0,1,58
BRDA:261,0,0,-
BRDA:261,e0,1,-
BRDA:270,0,0,0
BRDA:270,0,1,0
BRDA:273,0,0,0
BRDA:273,e0,1,0
BRDA:274,0,0,19
BRDA:274,0,1,0
BRDA:274,0,2,19
BRDA:274,0,3,0
BRDA:274,0,4,19
BRDA:274,0,5,0
BRDA:276,0,0,0
BRDA:276,0,1,0
BRDA:284,0,0,68
BRDA:284,e0,1,0
BRDA:285,0,0,68
BRDA:285,e0,1,0
BRDA:290,0,0,124
BRDA:290,e0,1,0
BRDA:292,0,0,124
BRDA:292,e0,1,0
BRDA:301,0,0,0
BRDA:301,0,1,68
BRDA:303,0,0,-
BRDA:303,e0,1,-
BRDA:318,0,0,-
BRDA:318,0,1,-
BRDA:322,0,0,-
BRDA:322,0,1,-
BRDA:330,0,0,2
BRDA:330,0,1,0
BRDA:332,0,0,2
BRDA:332,e0,1,0
BRDA:332,0,2,2
BRDA:332,e0,3,0
BRF:204
BRH:104
DA:21,13
DA:22,13
DA:23,13
DA:24,13
DA:25,13
DA:26,26
DA:30,13
DA:31,13
DA:33,13
DA:35,13
DA:36,13
DA:38,3
DA:40,3
DA:42,0
DA:45,3
DA:47,0
DA:50,3
DA:52,0
DA:56,3
DA:57,3
DA:58,3
DA:59,3
DA:62,3
DA:64,0
DA:68,3
DA:71,14
DA:73,14
DA:75,14
DA:77,3
DA:80,14
DA:82,14
DA:84,2
DA:86,2
DA:89,2
DA:91,2
DA:92,2
DA:94,0
DA:96,0
DA:97,0
DA:99,2
DA:101,2
DA:102,2
DA:105,11
DA:107,11
DA:109,1
DA:112,10
DA:114,1
DA:118,9
DA:119,9
DA:120,9
DA:121,9
DA:124,9
DA:127,73
DA:129,64
DA:131,56
DA:132,56
DA:133,56
DA:135,48
DA:137,56
DA:138,9
DA:140,0
DA:142,9
DA:144,9
DA:146,9
DA:148,9
DA:151,6
DA:153,6
DA:154,6
DA:156,0
DA:158,0
DA:159,0
DA:161,3
DA:165,3
DA:167,3
DA:169,2
DA:175,0
DA:177,0
DA:179,3
DA:180,3
DA:182,22
DA:184,22
DA:186,1
DA:189,21
DA:191,2
DA:196,97
DA:198,78
DA:200,0
DA:205,78
DA:208,10
DA:210,0
DA:213,10
DA:215,68
DA:217,68
DA:219,68
DA:221,58
DA:223,58
DA:228,58
DA:229,58
DA:231,40
DA:232,40
DA:234,40
DA:235,40
DA:236,40
DA:238,40
DA:239,40
DA:240,40
DA:241,40
DA:243,40
DA:244,40
DA:246,40
DA:249,58
DA:250,0
DA:253,0
DA:255,58
DA:256,58
DA:259,58
DA:261,0
DA:264,58
DA:268,68
DA:270,0
DA:272,0
DA:273,0
DA:274,19
DA:276,0
DA:279,0
DA:282,68
DA:284,68
DA:285,136
DA:286,68
DA:288,124
DA:290,124
DA:292,124
DA:294,372
DA:295,124
DA:297,68
DA:299,68
DA:301,68
DA:303,0
DA:306,68
DA:309,124
DA:311,124
DA:312,124
DA:313,124
DA:316,0
DA:318,0
DA:320,0
DA:322,0
DA:324,0
DA:326,0
DA:328,2
DA:330,2
DA:332,2
DA:334,2
LF:153
LH:123
end_of_record
TN:
SF:/home/duong/MediaPlayerApp/src/services/MetadataReader.cpp
FN:109,112,_ZNK12media_player8services14MetadataReader11canReadFileERKNSt7__cxx1112basic_stringIcSt11char_traitsIcESaIcEEE
FN:114,171,_ZN12media_player8services14MetadataReader13writeMetadataERKNSt7__cxx1112basic_stringIcSt11char_traitsIcESaIcEEERKNS_6models13MetadataModelE
FN:173,222,_ZN12media_player8services14MetadataReader15extractCoverArtERKNSt7__cxx1112basic_stringIcSt11char_traitsIcESaIcEEES9_
FN:22,24,_ZN12media_player8services14MetadataReaderC2Ev
FN:224,283,_ZN12media_player8services14MetadataReader13embedCoverArtERKNSt7__cxx1112basic_stringIcSt11char_traitsIcESaIcEEES9_
FN:26,28,_ZN12media_player8services14MetadataReaderD0Ev
FN:26,28,_ZN12media_player8services14MetadataReaderD2Ev
FN:285,295,_ZNK12media_player8services14MetadataReader17isSupportedFormatERKNSt7__cxx1112basic_stringIcSt11char_traitsIcESaIcEEE
FN:297,310,_ZNK12media_player8services14MetadataReader16getFileExtensionERKNSt7__cxx1112basic_stringIcSt11char_traitsIcESaIcEEE
FN:30,107,_ZN12media_player8services14MetadataReader12readMetadataERKNSt7__cxx1112basic_stringIcSt11char_traitsIcESaIcEEE
FN:312,332,_ZNK12media_player8services14MetadataReader13readImageFileERKNSt7__cxx1112basic_stringIcSt11char_traitsIcESaIcEEE
FN:334,347,_ZNK12media_player8services14MetadataReader14writeImageFileERKNSt7__cxx1112basic_stringIcSt11char_traitsIcESaIcEEERKSt6vectorIhSaIhEE
FNDA:26,_ZNK12media_player8services14MetadataReader11canReadFileERKNSt7__cxx1112basic_stringIcSt11char_traitsIcESaIcEEE
FNDA:5,_ZN12media_player8services14MetadataReader13writeMetadataERKNSt7__cxx1112basic_stringIcSt11char_traitsIcESaIcEEERKNS_6models13MetadataModelE
FNDA:3,_ZN12media_player8services14MetadataReader15extractCoverArtERKNSt7__cxx1112basic_stringIcSt11char_traitsIcESaIcEEES9_
FNDA:22,_ZN12media_player8services14MetadataReaderC2Ev
FNDA:3,_ZN12media_player8services14MetadataReader13embedCoverArtERKNSt7__cxx1112basic_stringIcSt11char_traitsIcESaIcEEES9_
FNDA:0,_ZN12media_player8services14MetadataReaderD0Ev
FNDA:22,_ZN12media_player8services14MetadataReaderD2Ev
FNDA:26,_ZNK12media_player8services14MetadataReader17isSupportedFormatERKNSt7__cxx1112basic_stringIcSt11char_traitsIcESaIcEEE
FNDA:34,_ZNK12media_player8services14MetadataReader16getFileExtensionERKNSt7__cxx1112basic_stringIcSt11char_traitsIcESaIcEEE
FNDA:5,_ZN12media_player8services14MetadataReader12readMetadataERKNSt7__cxx1112basic_stringIcSt11char_traitsIcESaIcEEE
FNDA:2,_ZNK12media_player8services14MetadataReader13readImageFileERKNSt7__cxx1112basic_stringIcSt11char_traitsIcESaIcEEE
FNDA:0,_ZNK12media_player8services14MetadataReader14writeImageFileERKNSt7__cxx1112basic_stringIcSt11char_traitsIcESaIcEEERKSt6vectorIhSaIhEE
FNF:12
FNH:10
BRDA:32,0,0,5
BRDA:32,e0,1,0
BRDA:32,0,2,2
BRDA:32,0,3,3
BRDA:37,0,0,3
BRDA:37,e0,1,0
BRDA:41,0,0,3
BRDA:41,e0,1,0
BRDA:43,0,0,3
BRDA:43,e0,1,0
BRDA:43,0,2,1
BRDA:43,0,3,2
BRDA:48,0,0,2
BRDA:48,e0,1,0
BRDA:50,0,0,2
BRDA:50,0,1,0
BRDA:52,0,0,2
BRDA:52,e0,1,0
BRDA:52,0,2,2
BRDA:52,e0,3,0
BRDA:52,0,4,2
BRDA:52,e0,5,0
BRDA:52,0,6,2
BRDA:52,e0,7,0
BRDA:53,0,0,2
BRDA:53,e0,1,0
BRDA:53,0,2,2
BRDA:53,e0,3,0
BRDA:53,0,4,2
BRDA:53,e0,5,0
BRDA:53,0,6,2
BRDA:53,e0,7,0
BRDA:54,0,0,2
BRDA:54,e0,1,0
BRDA:54,0,2,2
BRDA:54,e0,3,0
BRDA:54,0,4,2
BRDA:54,e0,5,0
BRDA:54,0,6,2
BRDA:54,e0,7,0
BRDA:55,0,0,2
BRDA:55,e0,1,0
BRDA:55,0,2,2
BRDA:55,e0,3,0
BRDA:55,0,4,2
BRDA:55,e0,5,0
BRDA:55,0,6,2
BRDA:55,e0,7,0
BRDA:56,0,0,2
BRDA:56,e0,1,0
BRDA:56,0,2,2
BRDA:56,e0,3,0
BRDA:59,0,0,2
BRDA:59,e0,1,0
BRDA:61,0,0,2
BRDA:61,0,1,0
BRDA:64,0,0,2
BRDA:64,e0,1,0
BRDA:65,0,0,2
BRDA:65,e0,1,0
BRDA:65,0,2,2
BRDA:65,e0,3,0
BRDA:68,0,0,2
BRDA:68,e0,1,0
BRDA:69,0,0,2
BRDA:69,e0,1,0
BRDA:69,0,2,2
BRDA:69,e0,3,0
BRDA:73,0,0,2
BRDA:73,e0,1,0
BRDA:75,0,0,2
BRDA:75,e0,1,0
BRDA:75,0,2,1
BRDA:75,0,3,1
BRDA:77,0,0,1
BRDA:77,e0,1,0
BRDA:79,0,0,1
BRDA:79,e0,1,0
BRDA:79,0,2,1
BRDA:79,0,3,0
BRDA:79,0,4,1
BRDA:79,e0,5,0
BRDA:79,0,6,1
BRDA:79,0,7,0
BRDA:79,0,8,1
BRDA:79,0,9,0
BRDA:81,0,0,1
BRDA:81,e0,1,0
BRDA:82,0,0,1
BRDA:82,e0,1,0
BRDA:82,0,2,1
BRDA:82,e0,3,0
BRDA:84,0,0,0
BRDA:84,0,1,1
BRDA:87,0,0,-
BRDA:87,e0,1,-
BRDA:89,0,0,-
BRDA:89,0,1,-
BRDA:91,0,0,-
BRDA:91,e0,1,-
BRDA:92,0,0,-
BRDA:92,e0,1,-
BRDA:92,0,2,-
BRDA:92,e0,3,-
BRDA:92,0,4,-
BRDA:92,e0,5,-
BRDA:94,0,0,-
BRDA:94,e0,1,-
BRDA:94,0,2,-
BRDA:94,e0,3,-
BRDA:94,0,4,-
BRDA:94,e0,5,-
BRDA:95,0,0,-
BRDA:95,e0,1,-
BRDA:95,0,2,-
BRDA:95,e0,3,-
BRDA:95,0,4,-
BRDA:95,e0,5,-
BRDA:103,0,0,0
BRDA:103,0,1,0
BRDA:116,0,0,2
BRDA:116,0,1,3
BRDA:123,0,0,3
BRDA:123,e0,1,0
BRDA:125,0,0,3
BRDA:125,e0,1,0
BRDA:125,0,2,1
BRDA:125,0,3,2
BRDA:130,0,0,2
BRDA:130,e0,1,0
BRDA:132,0,0,0
BRDA:132,0,1,2
BRDA:138,0,0,2
BRDA:138,e0,1,0
BRDA:138,0,2,2
BRDA:138,e0,3,0
BRDA:138,0,4,2
BRDA:138,e0,5,0
BRDA:139,0,0,2
BRDA:139,e0,1,0
BRDA:139,0,2,2
BRDA:139,e0,3,0
BRDA:139,0,4,2
BRDA:139,e0,5,0
BRDA:140,0,0,2
BRDA:140,e0,1,0
BRDA:140,0,2,2
BRDA:140,e0,3,0
BRDA:140,0,4,2
BRDA:140,e0,5,0
BRDA:141,0,0,2
BRDA:141,e0,1,0
BRDA:141,0,2,2
BRDA:141,e0,3,0
BRDA:141,0,4,2
BRDA:141,e0,5,0
BRDA:146,0,0,2
BRDA:146,e0,1,0
BRDA:146,0,2,1
BRDA:146,0,3,1
BRDA:148,0,0,1
BRDA:148,e0,1,0
BRDA:148,0,2,0
BRDA:148,e0,3,1
BRDA:149,0,0,-
BRDA:149,e0,1,-
BRDA:152,0,0,0
BRDA:152,0,1,1
BRDA:156,0,0,2
BRDA:156,e0,1,0
BRDA:167,0,0,0
BRDA:167,0,1,0
BRDA:175,0,0,3
BRDA:175,e0,1,0
BRDA:177,0,0,3
BRDA:177,e0,1,0
BRDA:177,0,2,2
BRDA:177,0,3,1
BRDA:184,0,0,1
BRDA:184,e0,1,0
BRDA:186,0,0,1
BRDA:186,e0,1,0
BRDA:186,0,2,0
BRDA:186,0,3,1
BRDA:186,0,4,0
BRDA:186,e0,5,0
BRDA:186,0,6,0
BRDA:186,0,7,0
BRDA:186,0,8,1
BRDA:186,0,9,0
BRDA:191,0,0,-
BRDA:191,e0,1,-
BRDA:192,0,0,-
BRDA:192,e0,1,-
BRDA:192,0,2,-
BRDA:192,e0,3,-
BRDA:194,0,0,-
BRDA:194,0,1,-
BRDA:200,0,0,-
BRDA:200,e0,1,-
BRDA:202,0,0,-
BRDA:202,0,1,-
BRDA:207,0,0,-
BRDA:207,e0,1,-
BRDA:208,0,0,-
BRDA:208,e0,1,-
BRDA:208,0,2,-
BRDA:208,e0,3,-
BRDA:208,0,4,-
BRDA:208,e0,5,-
BRDA:210,0,0,-
BRDA:210,e0,1,-
BRDA:218,0,0,0
BRDA:218,0,1,0
BRDA:226,0,0,3
BRDA:226,e0,1,0
BRDA:228,0,0,3
BRDA:228,e0,1,0
BRDA:228,0,2,1
BRDA:228,0,3,2
BRDA:235,0,0,2
BRDA:235,e0,1,0
BRDA:237,0,0,1
BRDA:237,0,1,1
BRDA:242,0,0,1
BRDA:242,e0,1,0
BRDA:244,0,0,1
BRDA:244,e0,1,0
BRDA:244,0,2,1
BRDA:244,0,3,0
BRDA:249,0,0,-
BRDA:249,e0,1,-
BRDA:251,0,0,-
BRDA:251,0,1,-
BRDA:257,0,0,-
BRDA:257,e0,1,-
BRDA:257,0,2,-
BRDA:257,e0,3,-
BRDA:260,0,0,-
BRDA:260,e0,1,-
BRDA:260,0,2,-
BRDA:260,e0,3,-
BRDA:260,0,4,-
BRDA:260,0,5,-
BRDA:261,0,0,-
BRDA:261,e0,1,-
BRDA:261,0,2,-
BRDA:261,e0,3,-
BRDA:262,0,0,-
BRDA:262,e0,1,-
BRDA:262,0,2,-
BRDA:262,e0,3,-
BRDA:264,0,0,-
BRDA:264,e0,1,-
BRDA:266,0,0,-
BRDA:266,e0,1,-
BRDA:268,0,0,-
BRDA:268,e0,1,-
BRDA:279,0,0,0
BRDA:279,0,1,0
BRDA:287,0,0,26
BRDA:287,e0,1,0
BRDA:290,0,0,26
BRDA:290,e0,1,0
BRDA:292,0,0,26
BRDA:292,e0,1,0
BRDA:301,0,0,3
BRDA:301,0,1,31
BRDA:303,0,0,3
BRDA:303,e0,1,0
BRDA:306,0,0,31
BRDA:306,e0,1,0
BRDA:314,0,0,2
BRDA:314,e0,1,0
BRDA:316,0,0,1
BRDA:316,0,1,1
BRDA:321,0,0,1
BRDA:321,e0,1,0
BRDA:322,0,0,1
BRDA:322,e0,1,0
BRDA:324,0,0,1
BRDA:324,e0,1,0
BRDA:326,0,0,1
BRDA:326,e0,1,0
BRDA:326,0,2,1
BRDA:326,e0,3,0
BRDA:326,0,4,0
BRDA:326,0,5,1
BRDA:337,0,0,-
BRDA:337,e0,1,-
BRDA:339,0,0,-
BRDA:339,0,1,-
BRDA:344,0,0,-
BRDA:344,e0,1,-
BRDA:346,0,0,-
BRDA:346,e0,1,-
BRF:296
BRH:111
DA:22,22
DA:24,22
DA:26,22
DA:28,22
DA:30,5
DA:32,5
DA:34,2
DA:37,3
DA:41,3
DA:43,3
DA:45,1
DA:48,2
DA:50,2
DA:52,4
DA:53,4
DA:54,4
DA:55,4
DA:56,2
DA:59,2
DA:61,2
DA:64,2
DA:65,6
DA:68,2
DA:69,6
DA:73,2
DA:75,2
DA:77,1
DA:79,1
DA:81,1
DA:82,1
DA:84,1
DA:87,0
DA:89,0
DA:91,0
DA:92,0
DA:94,0
DA:95,0
DA:96,0
DA:98,1
DA:99,1
DA:101,2
DA:102,3
DA:103,0
DA:105,0
DA:106,0
DA:107,3
DA:109,26
DA:111,26
DA:114,5
DA:116,5
DA:118,2
DA:123,3
DA:125,3
DA:127,1
DA:130,2
DA:132,2
DA:134,0
DA:138,2
DA:139,2
DA:140,2
DA:141,2
DA:146,2
DA:148,2
DA:149,0
DA:152,1
DA:154,1
DA:156,2
DA:165,2
DA:166,3
DA:167,0
DA:169,0
DA:170,0
DA:173,3
DA:175,3
DA:177,3
DA:179,2
DA:184,1
DA:186,1
DA:188,1
DA:191,0
DA:192,0
DA:194,0
DA:196,0
DA:200,0
DA:202,0
DA:204,0
DA:207,0
DA:208,0
DA:210,0
DA:216,0
DA:217,0
DA:218,0
DA:220,0
DA:221,0
DA:222,3
DA:224,3
DA:226,3
DA:228,3
DA:230,1
DA:235,2
DA:237,2
DA:239,1
DA:242,1
DA:244,1
DA:246,1
DA:249,0
DA:251,0
DA:253,0
DA:257,0
DA:260,0
DA:261,0
DA:262,0
DA:263,0
DA:264,0
DA:266,0
DA:268,0
DA:277,0
DA:278,2
DA:279,0
DA:281,0
DA:282,0
DA:283,3
DA:285,26
DA:287,26
DA:290,52
DA:292,26
DA:294,78
DA:295,26
DA:297,34
DA:299,34
DA:301,34
DA:303,6
DA:306,31
DA:307,31
DA:309,31
DA:310,31
DA:312,2
DA:314,2
DA:316,2
DA:318,1
DA:321,1
DA:322,1
DA:324,1
DA:326,1
DA:328,0
DA:331,1
DA:332,2
DA:334,0
DA:337,0
DA:339,0
DA:341,0
DA:344,0
DA:346,0
DA:347,0
LF:154
LH:101
end_of_record
TN:
SF:/home/duong/MediaPlayerApp/src/services/SerialCommunication.cpp
FN:141,165,_ZN12media_player8services19SerialCommunication5closeEv
FN:167,170,_ZNK12media_player8services19SerialCommunication6isOpenEv
FN:17,22,_ZN12media_player8services19SerialCommunicationC2Ev
FN:172,191,_ZN12media_player8services19SerialCommunication8sendDataERKNSt7__cxx1112basic_stringIcSt11char_traitsIcESaIcEEE
FN:193,212,_ZN12media_player8services19SerialCommunication8readDataB5cxx11Ev
FN:214,217,_ZN12media_player8services19SerialCommunication15setDataCallbackESt8functionIFvRKNSt7__cxx1112basic_stringIcSt11char_traitsIcESaIcEEEEE
FN:219,222,_ZN12media_player8services19SerialCommunication16setErrorCallbackESt8functionIFvRKNSt7__cxx1112basic_stringIcSt11char_traitsIcESaIcEEEEE
FN:224,283,_ZN12media_player8services19SerialCommunication10readThreadEv
FN:24,27,_ZN12media_player8services19SerialCommunicationD0Ev
FN:24,27,_ZN12media_player8services19SerialCommunicationD2Ev
FN:285,291,_ZN12media_player8services19SerialCommunication10notifyDataERKNSt7__cxx1112basic_stringIcSt11char_traitsIcESaIcEEE
FN:29,139,_ZN12media_player8services19SerialCommunication4openERKNSt7__cxx1112basic_stringIcSt11char_traitsIcESaIcEEEi
FN:293,299,_ZN12media_player8services19SerialCommunication11notifyErrorERKNSt7__cxx1112basic_stringIcSt11char_traitsIcESaIcEEE
FNDA:7,_ZN12media_player8services19SerialCommunication5closeEv
FNDA:4,_ZNK12media_player8services19SerialCommunication6isOpenEv
FNDA:5,_ZN12media_player8services19SerialCommunicationC2Ev
FNDA:1,_ZN12media_player8services19SerialCommunication8sendDataERKNSt7__cxx1112basic_stringIcSt11char_traitsIcESaIcEEE
FNDA:0,_ZN12media_player8services19SerialCommunication8readDataB5cxx11Ev
FNDA:1,_ZN12media_player8services19SerialCommunication15setDataCallbackESt8functionIFvRKNSt7__cxx1112basic_stringIcSt11char_traitsIcESaIcEEEEE
FNDA:2,_ZN12media_player8services19SerialCommunication16setErrorCallbackESt8functionIFvRKNSt7__cxx1112basic_stringIcSt11char_traitsIcESaIcEEEEE
FNDA:4,_ZN12media_player8services19SerialCommunication10readThreadEv
FNDA:0,_ZN12media_player8services19SerialCommunicationD0Ev
FNDA:5,_ZN12media_player8services19SerialCommunicationD2Ev
FNDA:1,_ZN12media_player8services19SerialCommunication10notifyDataERKNSt7__cxx1112basic_stringIcSt11char_traitsIcESaIcEEE
FNDA:7,_ZN12media_player8services19SerialCommunication4openERKNSt7__cxx1112basic_stringIcSt11char_traitsIcESaIcEEEi
FNDA:2,_ZN12media_player8services19SerialCommunication11notifyErrorERKNSt7__cxx1112basic_stringIcSt11char_traitsIcESaIcEEE
FNF:13
FNH:11
BRDA:31,0,0,7
BRDA:31,e0,1,0
BRDA:33,0,0,1
BRDA:33,0,1,6
BRDA:41,0,0,6
BRDA:41,e0,1,0
BRDA:41,0,2,1
BRDA:41,0,3,5
BRDA:43,0,0,1
BRDA:43,e0,1,0
BRDA:44,0,0,0
BRDA:44,0,1,1
BRDA:46,0,0,-
BRDA:46,e0,1,-
BRDA:46,0,2,-
BRDA:46,e0,3,-
BRDA:46,0,4,-
BRDA:46,e0,5,-
BRDA:46,0,6,-
BRDA:46,e0,7,-
BRDA:48,0,0,1
BRDA:48,e0,1,0
BRDA:48,0,2,1
BRDA:48,e0,3,0
BRDA:56,0,0,5
BRDA:56,e0,1,0
BRDA:57,0,0,5
BRDA:57,0,1,0
BRDA:57,0,2,1
BRDA:57,0,3,4
BRDA:61,0,0,0
BRDA:61,0,1,5
BRDA:64,0,0,-
BRDA:64,e0,1,-
BRDA:64,0,2,-
BRDA:64,e0,3,-
BRDA:69,0,0,5
BRDA:69,e0,1,0
BRDA:71,0,0,1
BRDA:71,0,1,4
BRDA:77,0,0,1
BRDA:77,e0,1,0
BRDA:77,0,2,1
BRDA:77,e0,3,0
BRDA:77,0,4,1
BRDA:77,e0,5,0
BRDA:84,0,0,0
BRDA:84,0,1,4
BRDA:86,0,0,-
BRDA:86,e0,1,-
BRDA:94,0,0,0
BRDA:94,0,1,0
BRDA:94,0,2,0
BRDA:94,0,3,0
BRDA:94,0,4,4
BRDA:94,0,5,0
BRDA:124,0,0,0
BRDA:124,0,1,4
BRDA:126,0,0,-
BRDA:126,e0,1,-
BRDA:135,0,0,4
BRDA:135,e0,1,0
BRDA:143,0,0,3
BRDA:143,0,1,4
BRDA:151,0,0,4
BRDA:151,0,1,0
BRDA:151,0,2,4
BRDA:151,0,3,0
BRDA:151,0,4,4
BRDA:151,0,5,0
BRDA:153,0,0,4
BRDA:153,e0,1,0
BRDA:156,0,0,4
BRDA:156,e0,1,0
BRDA:158,0,0,4
BRDA:158,0,1,0
BRDA:160,0,0,4
BRDA:160,e0,1,0
BRDA:174,0,0,1
BRDA:174,e0,1,0
BRDA:176,0,0,1
BRDA:176,0,1,0
BRDA:176,0,2,0
BRDA:176,0,3,1
BRDA:176,0,4,0
BRDA:176,0,5,1
BRDA:181,0,0,1
BRDA:181,e0,1,0
BRDA:183,0,0,0
BRDA:183,0,1,1
BRDA:185,0,0,-
BRDA:185,e0,1,-
BRDA:185,0,2,-
BRDA:185,e0,3,-
BRDA:195,0,0,-
BRDA:195,e0,1,-
BRDA:197,0,0,-
BRDA:197,0,1,-
BRDA:197,0,2,-
BRDA:197,0,3,-
BRDA:197,0,4,-
BRDA:197,0,5,-
BRDA:199,0,0,-
BRDA:199,e0,1,-
BRDA:203,0,0,-
BRDA:203,e0,1,-
BRDA:205,0,0,-
BRDA:205,0,1,-
BRDA:208,0,0,-
BRDA:208,e0,1,-
BRDA:211,0,0,-
BRDA:211,e0,1,-
BRDA:228,0,0,10
BRDA:228,0,1,4
BRDA:235,0,0,10
BRDA:235,e0,1,0
BRDA:237,0,0,10
BRDA:237,0,1,0
BRDA:237,0,2,0
BRDA:237,0,3,10
BRDA:237,0,4,0
BRDA:237,0,5,10
BRDA:240,0,0,-
BRDA:240,0,1,-
BRDA:250,0,0,10
BRDA:250,e0,1,0
BRDA:252,0,0,10
BRDA:252,0,1,0
BRDA:255,0,0,10
BRDA:255,0,1,0
BRDA:257,0,0,1
BRDA:257,0,1,9
BRDA:260,0,0,1
BRDA:260,e0,1,0
BRDA:262,0,0,1
BRDA:262,e0,1,0
BRDA:264,0,0,9
BRDA:264,0,1,0
BRDA:266,0,0,0
BRDA:266,0,1,9
BRDA:266,0,2,0
BRDA:266,0,3,0
BRDA:268,0,0,-
BRDA:268,e0,1,-
BRDA:268,0,2,-
BRDA:268,e0,3,-
BRDA:270,0,0,-
BRDA:270,e0,1,-
BRDA:277,0,0,-
BRDA:277,e0,1,-
BRDA:281,0,0,10
BRDA:281,e0,1,0
BRDA:287,0,0,1
BRDA:287,0,1,0
BRDA:295,0,0,1
BRDA:295,0,1,1
BRF:156
BRH:59
DA:17,5
DA:18,5
DA:19,5
DA:20,5
DA:22,5
DA:24,5
DA:26,5
DA:27,5
DA:29,7
DA:31,7
DA:33,7
DA:35,1
DA:40,6
DA:41,6
DA:43,1
DA:44,1
DA:46,0
DA:48,1
DA:49,1
DA:50,1
DA:52,5
DA:56,5
DA:57,5
DA:61,5
DA:63,0
DA:64,0
DA:65,0
DA:69,5
DA:71,5
DA:73,1
DA:77,1
DA:78,1
DA:84,4
DA:86,0
DA:87,0
DA:88,0
DA:92,4
DA:94,4
DA:96,0
DA:97,0
DA:98,0
DA:99,0
DA:100,4
DA:101,0
DA:102,0
DA:105,4
DA:106,4
DA:109,4
DA:110,4
DA:111,4
DA:112,4
DA:115,4
DA:118,4
DA:121,4
DA:124,4
DA:126,0
DA:127,0
DA:128,0
DA:131,4
DA:132,4
DA:135,4
DA:138,4
DA:139,7
DA:141,7
DA:143,7
DA:145,3
DA:149,4
DA:151,4
DA:153,4
DA:156,4
DA:158,4
DA:160,4
DA:161,4
DA:164,4
DA:165,4
DA:167,4
DA:169,4
DA:172,1
DA:174,1
DA:176,1
DA:178,0
DA:181,1
DA:183,1
DA:185,0
DA:186,0
DA:190,1
DA:191,1
DA:193,0
DA:195,0
DA:197,0
DA:199,0
DA:203,0
DA:205,0
DA:207,0
DA:208,0
DA:211,0
DA:212,0
DA:214,1
DA:216,1
DA:217,1
DA:219,2
DA:221,2
DA:222,2
DA:224,4
DA:228,14
DA:230,10
DA:231,10
DA:235,10
DA:237,10
DA:240,0
DA:247,10
DA:250,10
DA:252,10
DA:255,10
DA:257,10
DA:259,1
DA:260,1
DA:262,1
DA:263,1
DA:264,9
DA:266,9
DA:268,0
DA:270,0
DA:277,0
DA:281,10
DA:283,4
DA:285,1
DA:287,1
DA:289,1
DA:291,1
DA:293,2
DA:295,2
DA:297,1
DA:299,2
LF:134
LH:101
end_of_record
TN:
SF:/usr/include/c++/13/atomic
FN:233,239,_ZNSt6atomicIN12media_player8services13PlaybackStateEEC2ES2_
FN:241,242,_ZNKSt6atomicIN12media_player8services13PlaybackStateEEcvS2_Ev
FN:248,249,_ZNSt6atomicIN12media_player8services13PlaybackStateEEaSES2_
FN:277,282,_ZNSt6atomicIN12media_player8services13PlaybackStateEE5storeES2_St12memory_order
FN:293,299,_ZNKSt6atomicIN12media_player8services13PlaybackStateEE4loadESt12memory_order
FN:76,76,_ZNSt6atomicIbEC2Eb
FN:79,80,_ZNSt6atomicIbEaSEb
FN:833,833,_ZNSt6atomicIiEC2Ei
FN:86,87,_ZNKSt6atomicIbEcvbEv
FNDA:47,_ZNSt6atomicIN12media_player8services13PlaybackStateEEC2ES2_
FNDA:86,_ZNKSt6atomicIN12media_player8services13PlaybackStateEEcvS2_Ev
FNDA:8,_ZNSt6atomicIN12media_player8services13PlaybackStateEEaSES2_
FNDA:8,_ZNSt6atomicIN12media_player8services13PlaybackStateEE5storeES2_St12memory_order
FNDA:86,_ZNKSt6atomicIN12media_player8services13PlaybackStateEE4loadESt12memory_order
FNDA:0,_ZNSt6atomicIbEC2Eb
FNDA:0,_ZNSt6atomicIbEaSEb
FNDA:141,_ZNSt6atomicIiEC2Ei
FNDA:0,_ZNKSt6atomicIbEcvbEv
FNF:9
FNH:6
DA:76,0
DA:79,0
DA:80,0
DA:86,0
DA:87,0
DA:233,47
DA:239,47
DA:241,86
DA:242,86
DA:248,8
DA:249,8
DA:277,8
DA:279,8
DA:280,8
DA:282,8
DA:293,86
DA:296,86
DA:297,86
DA:298,86
DA:833,141
LF:20
LH:15
end_of_record
TN:
SF:/usr/include/c++/13/bits/alloc_traits.h
FNF:0
FNH:0
BRDA:948,0,0,0
BRDA:948,e0,1,0
BRF:2
BRH:0
DA:482,0
DA:517,0
DA:538,0
DA:542,0
DA:562,0
DA:574,0
DA:588,0
DA:722,0
DA:948,13
DA:949,0
LF:10
LH:1
end_of_record
TN:
SF:/usr/include/c++/13/bits/allocated_ptr.h
FN:53,55,_ZNSt15__allocated_ptrISaISt10_List_nodeIPN6TagLib5ID3v25FrameEEEEC2ERS6_PS5_
FN:71,75,_ZNSt15__allocated_ptrISaISt10_List_nodeIPN6TagLib5ID3v25FrameEEEED2Ev
FN:79,83,_ZNSt15__allocated_ptrISaISt10_List_nodeIPN6TagLib5ID3v25FrameEEEEaSEDn
FNDA:0,_ZNSt15__allocated_ptrISaISt10_List_nodeIPN6TagLib5ID3v25FrameEEEEC2ERS6_PS5_
FNDA:0,_ZNSt15__allocated_ptrISaISt10_List_nodeIPN6TagLib5ID3v25FrameEEEED2Ev
FNDA:0,_ZNSt15__allocated_ptrISaISt10_List_nodeIPN6TagLib5ID3v25FrameEEEEaSEDn
FNF:3
FNH:0
BRDA:73,0,0,-
BRDA:73,0,1,-
BRF:2
BRH:0
DA:53,0
DA:54,0
DA:55,0
DA:71,0
DA:73,0
DA:74,0
DA:75,0
DA:79,0
DA:81,0
DA:82,0
LF:10
LH:0
end_of_record
TN:
SF:/usr/include/c++/13/bits/allocator.h
FNF:0
FNH:0
DA:163,0
DA:168,0
DA:184,0
DA:223,0
LF:4
LH:0
end_of_record
TN:
SF:/usr/include/c++/13/bits/atomic_base.h
FN:107,110,_ZStanSt12memory_orderSt23__memory_order_modifier
FN:362,362,_ZNSt13__atomic_baseIbEC2Eb
FN:362,362,_ZNSt13__atomic_baseIiEC2Ei
FN:364,365,_ZNKSt13__atomic_baseIiEcviEv
FN:371,375,_ZNSt13__atomic_baseIbEaSEb
FN:371,375,_ZNSt13__atomic_baseIiEaSEi
FNDA:0,_ZStanSt12memory_orderSt23__memory_order_modifier
FNDA:0,_ZNSt13__atomic_baseIbEC2Eb
FNDA:141,_ZNSt13__atomic_baseIiEC2Ei
FNDA:0,_ZNKSt13__atomic_baseIiEcviEv
FNDA:0,_ZNSt13__atomic_baseIbEaSEb
FNDA:0,_ZNSt13__atomic_baseIiEaSEi
FNF:6
FNH:1
BRDA:477,0,0,-
BRDA:477,0,1,-
BRDA:477,0,2,-
BRDA:477,0,3,-
BRDA:477,0,4,-
BRDA:477,0,5,-
BRDA:477,0,6,-
BRDA:477,0,7,-
BRDA:477,0,8,-
BRDA:477,0,9,-
BRDA:477,0,10,-
BRDA:477,0,11,-
BRDA:478,0,0,-
BRDA:478,0,1,-
BRDA:478,0,2,-
BRDA:478,0,3,-
BRDA:478,0,4,-
BRDA:478,0,5,-
BRDA:478,0,6,-
BRDA:478,0,7,-
BRDA:478,0,8,-
BRDA:478,0,9,-
BRDA:478,0,10,-
BRDA:478,0,11,-
BRDA:479,0,0,-
BRDA:479,0,1,-
BRDA:479,0,2,-
BRDA:479,0,3,-
BRDA:479,0,4,-
BRDA:479,0,5,-
BRDA:479,0,6,-
BRDA:479,0,7,-
BRDA:479,0,8,-
BRDA:479,0,9,-
BRDA:479,0,10,-
BRDA:479,0,11,-
BRDA:502,0,0,-
BRDA:502,0,1,-
BRDA:502,0,2,-
BRDA:502,0,3,-
BRDA:502,0,4,-
BRDA:502,0,5,-
BRDA:502,0,6,-
BRDA:502,0,7,-
BRDA:502,0,8,-
BRDA:502,0,9,-
BRDA:502,0,10,-
BRDA:502,0,11,-
BRDA:503,0,0,-
BRDA:503,0,1,-
BRDA:503,0,2,-
BRDA:503,0,3,-
BRDA:503,0,4,-
BRDA:503,0,5,-
BRDA:503,0,6,-
BRDA:503,0,7,-
BRDA:503,0,8,-
BRDA:503,0,9,-
BRDA:503,0,10,-
BRDA:503,0,11,-
BRF:60
BRH:0
DA:107,0
DA:109,0
DA:362,141
DA:364,0
DA:365,0
DA:371,0
DA:373,0
DA:374,0
DA:476,0
DA:477,0
DA:478,0
DA:479,0
DA:481,0
DA:482,0
DA:501,0
DA:502,0
DA:503,0
DA:505,0
DA:978,8
DA:983,8
LF:20
LH:3
end_of_record
TN:
SF:/usr/include/c++/13/bits/basic_string.h
FN:3528,3541,_ZSt12__str_concatINSt7__cxx1112basic_stringIcSt11char_traitsIcESaIcEEEET_PKNS6_10value_typeENS6_9size_typeES9_SA_RKNS6_14allocator_typeE
FN:3571,3579,_ZStplIcSt11char_traitsIcESaIcEENSt7__cxx1112basic_stringIT_T0_T1_EEPKS5_RKS8_
FN:3674,3676,_ZStplIcSt11char_traitsIcESaIcEENSt7__cxx1112basic_stringIT_T0_T1_EEPKS5_OS8_
FN:3688,3690,_ZStplIcSt11char_traitsIcESaIcEENSt7__cxx1112basic_stringIT_T0_T1_EEOS8_PKS5_
FN:3710,3716,_ZSteqIcSt11char_traitsIcESaIcEEbRKNSt7__cxx1112basic_stringIT_T0_T1_EESA_
FN:3727,3732,_ZSteqIcSt11char_traitsIcESaIcEEbRKNSt7__cxx1112basic_stringIT_T0_T1_EEPKS5_
FN:3815,3817,_ZStneIcSt11char_traitsIcESaIcEEbRKNSt7__cxx1112basic_stringIT_T0_T1_EEPKS5_
FN:4130,4132,_ZNSt7__cxx115stoulERKNS_12basic_stringIcSt11char_traitsIcESaIcEEEPmi
FN:4162,4173,_ZNSt7__cxx119to_stringEi
FN:4177,4185,_ZNSt7__cxx119to_stringEj
FN:4204,4212,_ZNSt7__cxx119to_stringEm
FN:641,650,_ZNSt7__cxx1112basic_stringIcSt11char_traitsIcESaIcEEC2IS3_EEPKcRKS3_
FN:664,666,_ZNSt7__cxx1112basic_stringIcSt11char_traitsIcESaIcEEC2IS3_EEmcRKS3_
FN:795,796,_ZNSt7__cxx1112basic_stringIcSt11char_traitsIcESaIcEEC2ISt17basic_string_viewIcS2_EvEERKT_RKS3_
FNDA:0,_ZSt12__str_concatINSt7__cxx1112basic_stringIcSt11char_traitsIcESaIcEEEET_PKNS6_10value_typeENS6_9size_typeES9_SA_RKNS6_14allocator_typeE
FNDA:0,_ZStplIcSt11char_traitsIcESaIcEENSt7__cxx1112basic_stringIT_T0_T1_EEPKS5_RKS8_
FNDA:0,_ZStplIcSt11char_traitsIcESaIcEENSt7__cxx1112basic_stringIT_T0_T1_EEPKS5_OS8_
FNDA:0,_ZStplIcSt11char_traitsIcESaIcEENSt7__cxx1112basic_stringIT_T0_T1_EEOS8_PKS5_
FNDA:0,_ZSteqIcSt11char_traitsIcESaIcEEbRKNSt7__cxx1112basic_stringIT_T0_T1_EESA_
FNDA:0,_ZSteqIcSt11char_traitsIcESaIcEEbRKNSt7__cxx1112basic_stringIT_T0_T1_EEPKS5_
FNDA:6,_ZStneIcSt11char_traitsIcESaIcEEbRKNSt7__cxx1112basic_stringIT_T0_T1_EEPKS5_
FNDA:1,_ZNSt7__cxx115stoulERKNS_12basic_stringIcSt11char_traitsIcESaIcEEEPmi
FNDA:0,_ZNSt7__cxx119to_stringEi
FNDA:2,_ZNSt7__cxx119to_stringEj
FNDA:0,_ZNSt7__cxx119to_stringEm
FNDA:0,_ZNSt7__cxx1112basic_stringIcSt11char_traitsIcESaIcEEC2IS3_EEPKcRKS3_
FNDA:0,_ZNSt7__cxx1112basic_stringIcSt11char_traitsIcESaIcEEC2IS3_EEmcRKS3_
FNDA:0,_ZNSt7__cxx1112basic_stringIcSt11char_traitsIcESaIcEEC2ISt17basic_string_viewIcS2_EvEERKT_RKS3_
FNF:14
FNH:3
BRDA:645,0,0,-
BRDA:645,0,1,-
BRDA:648,0,0,-
BRDA:648,e0,1,-
BRDA:649,0,0,-
BRDA:649,e0,1,-
BRDA:666,0,0,-
BRDA:666,e0,1,-
BRDA:796,0,0,-
BRDA:796,e0,1,-
BRDA:3537,0,0,-
BRDA:3537,e0,1,-
BRDA:3538,0,0,-
BRDA:3538,e0,1,-
BRDA:3539,0,0,-
BRDA:3539,e0,1,-
BRDA:3578,0,0,-
BRDA:3578,e0,1,-
BRDA:3578,0,2,-
BRDA:3578,e0,3,-
BRDA:3715,0,0,-
BRDA:3715,0,1,-
BRDA:3715,0,2,-
BRDA:3715,0,3,-
BRDA:3731,0,0,-
BRDA:3731,0,1,-
BRDA:3731,0,2,-
BRDA:3731,0,3,-
BRDA:4168,0,0,-
BRDA:4168,0,1,-
BRDA:4209,0,0,-
BRDA:4209,e0,1,-
BRDA:4210,0,0,-
BRDA:4210,e0,1,-
BRF:34
BRH:0
DA:355,0
DA:641,0
DA:642,0
DA:645,0
DA:646,0
DA:648,0
DA:649,0
DA:650,0
DA:664,0
DA:665,0
DA:666,0
DA:795,0
DA:796,0
DA:3528,0
DA:3536,0
DA:3537,0
DA:3538,0
DA:3539,0
DA:3540,0
DA:3541,0
DA:3571,0
DA:3578,0
DA:3674,0
DA:3676,0
DA:3688,0
DA:3690,0
DA:3710,0
DA:3714,0
DA:3715,0
DA:3727,0
DA:3730,0
DA:3731,0
DA:3815,6
DA:3817,6
DA:4130,1
DA:4131,0
DA:4132,0
DA:4162,0
DA:4167,0
DA:4168,0
DA:4169,0
DA:4170,0
DA:4171,0
DA:4172,0
DA:4177,2
DA:4182,2
DA:4183,2
DA:4184,2
DA:4204,0
DA:4209,0
DA:4210,0
DA:4211,0
DA:4212,0
LF:53
LH:7
end_of_record
TN:
SF:/usr/include/c++/13/bits/basic_string.tcc
FN:221,252,_ZNSt7__cxx1112basic_stringIcSt11char_traitsIcESaIcEE12_M_constructIPKcEEvT_S8_St20forward_iterator_tag
FN:221,252,_ZNSt7__cxx1112basic_stringIcSt11char_traitsIcESaIcEE12_M_constructIPcEEvT_S7_St20forward_iterator_tag
FN:239,239,_ZZNSt7__cxx1112basic_stringIcSt11char_traitsIcESaIcEE12_M_constructIPKcEEvT_S8_St20forward_iterator_tagEN6_GuardC2EPS4_
FN:239,239,_ZZNSt7__cxx1112basic_stringIcSt11char_traitsIcESaIcEE12_M_constructIPcEEvT_S7_St20forward_iterator_tagEN6_GuardC2EPS4_
FN:242,242,_ZZNSt7__cxx1112basic_stringIcSt11char_traitsIcESaIcEE12_M_constructIPKcEEvT_S8_St20forward_iterator_tagEN6_GuardD2Ev
FN:242,242,_ZZNSt7__cxx1112basic_stringIcSt11char_traitsIcESaIcEE12_M_constructIPcEEvT_S7_St20forward_iterator_tagEN6_GuardD2Ev
FNDA:0,_ZNSt7__cxx1112basic_stringIcSt11char_traitsIcESaIcEE12_M_constructIPKcEEvT_S8_St20forward_iterator_tag
FNDA:0,_ZNSt7__cxx1112basic_stringIcSt11char_traitsIcESaIcEE12_M_constructIPcEEvT_S7_St20forward_iterator_tag
FNDA:0,_ZZNSt7__cxx1112basic_stringIcSt11char_traitsIcESaIcEE12_M_constructIPKcEEvT_S8_St20forward_iterator_tagEN6_GuardC2EPS4_
FNDA:0,_ZZNSt7__cxx1112basic_stringIcSt11char_traitsIcESaIcEE12_M_constructIPcEEvT_S7_St20forward_iterator_tagEN6_GuardC2EPS4_
FNDA:0,_ZZNSt7__cxx1112basic_stringIcSt11char_traitsIcESaIcEE12_M_constructIPKcEEvT_S8_St20forward_iterator_tagEN6_GuardD2Ev
FNDA:0,_ZZNSt7__cxx1112basic_stringIcSt11char_traitsIcESaIcEE12_M_constructIPcEEvT_S7_St20forward_iterator_tagEN6_GuardD2Ev
FNF:6
FNH:0
BRDA:227,0,0,-
BRDA:227,0,1,-
BRDA:229,0,0,-
BRDA:229,e0,1,-
BRDA:242,0,0,-
BRDA:242,0,1,-
BRF:6
BRH:0
DA:221,0
DA:225,0
DA:227,0
DA:229,0
DA:230,0
DA:239,0
DA:242,0
DA:245,0
DA:247,0
DA:249,0
DA:251,0
DA:252,0
LF:12
LH:0
end_of_record
TN:
SF:/usr/include/c++/13/bits/char_traits.h
FN:136,137,_ZN9__gnu_cxx11char_traitsIcE2eqERKcS3_
FN:199,206,_ZN9__gnu_cxx11char_traitsIcE6lengthEPKc
FN:366,371,_ZNSt11char_traitsIcE2ltERKcS2_
FN:374,390,_ZNSt11char_traitsIcE7compareEPKcS2_m
FN:393,400,_ZNSt11char_traitsIcE6lengthEPKc
FN:427,436,_ZNSt11char_traitsIcE4copyEPcPKcm
FNDA:0,_ZN9__gnu_cxx11char_traitsIcE2eqERKcS3_
FNDA:0,_ZN9__gnu_cxx11char_traitsIcE6lengthEPKc
FNDA:0,_ZNSt11char_traitsIcE2ltERKcS2_
FNDA:0,_ZNSt11char_traitsIcE7compareEPKcS2_m
FNDA:0,_ZNSt11char_traitsIcE6lengthEPKc
FNDA:0,_ZNSt11char_traitsIcE4copyEPcPKcm
FNF:6
FNH:0
BRDA:203,0,0,-
BRDA:203,0,1,-
BRDA:376,0,0,-
BRDA:376,0,1,-
BRDA:379,0,0,-
BRDA:379,0,1,-
BRDA:381,0,0,-
BRDA:381,0,1,-
BRDA:382,0,0,-
BRDA:382,0,1,-
BRDA:384,0,0,-
BRDA:384,0,1,-
BRDA:396,0,0,-
BRDA:396,0,1,-
BRDA:429,0,0,-
BRDA:429,0,1,-
BRF:16
BRH:0
DA:136,0
DA:137,0
DA:199,0
DA:202,0
DA:203,0
DA:204,0
DA:205,0
DA:366,0
DA:369,0
DA:370,0
DA:374,0
DA:376,0
DA:377,0
DA:379,0
DA:381,0
DA:382,0
DA:383,0
DA:384,0
DA:385,0
DA:386,0
DA:389,0
DA:393,0
DA:396,0
DA:397,0
DA:399,0
DA:427,0
DA:429,0
DA:430,0
DA:435,0
LF:29
LH:0
end_of_record
TN:
SF:/usr/include/c++/13/bits/charconv.h
FN:55,74,_ZNSt8__detail14__to_chars_lenIjEEjT_i
FN:55,74,_ZNSt8__detail14__to_chars_lenImEEjT_i
FN:81,110,_ZNSt8__detail18__to_chars_10_implIjEEvPcjT_
FN:81,110,_ZNSt8__detail18__to_chars_10_implImEEvPcjT_
FNDA:0,_ZNSt8__detail14__to_chars_lenIjEEjT_i
FNDA:0,_ZNSt8__detail14__to_chars_lenImEEjT_i
FNDA:0,_ZNSt8__detail18__to_chars_10_implIjEEvPcjT_
FNDA:0,_ZNSt8__detail18__to_chars_10_implImEEvPcjT_
FNF:4
FNH:0
BRDA:67,0,0,-
BRDA:67,0,1,-
BRDA:68,0,0,-
BRDA:68,0,1,-
BRDA:69,0,0,-
BRDA:69,0,1,-
BRDA:70,0,0,-
BRDA:70,0,1,-
BRDA:94,0,0,-
BRDA:94,0,1,-
BRDA:102,0,0,-
BRDA:102,0,1,-
BRF:12
BRH:0
DA:55,0
DA:61,0
DA:62,0
DA:63,0
DA:64,0
DA:67,0
DA:68,0
DA:69,0
DA:70,0
DA:71,0
DA:72,0
DA:81,0
DA:87,0
DA:93,0
DA:94,0
DA:96,0
DA:97,0
DA:98,0
DA:99,0
DA:100,0
DA:102,0
DA:104,0
DA:105,0
DA:106,0
DA:109,0
DA:110,0
LF:26
LH:0
end_of_record
TN:
SF:/usr/include/c++/13/bits/chrono.h
FN:208,213,_ZNSt6chrono20__duration_cast_implINS_8durationIlSt5ratioILl1ELl1EEEES2_ILl1ELl1000EElLb1ELb0EE6__castIlS5_EES4_RKNS1_IT_T0_EE
FN:221,226,_ZNSt6chrono20__duration_cast_implINS_8durationIlSt5ratioILl1ELl1000000000EEEES2_ILl1000000ELl1EElLb0ELb1EE6__castIlS2_ILl1ELl1000EEEES4_RKNS1_IT_T0_EE
FN:221,226,_ZNSt6chrono20__duration_cast_implINS_8durationIlSt5ratioILl1ELl1000EEEES2_ILl1000ELl1EElLb0ELb1EE6__castIlS2_ILl1ELl1EEEES4_RKNS1_IT_T0_EE
FN:273,291,_ZNSt6chrono13duration_castINS_8durationIlSt5ratioILl1ELl1000000000EEEElS2_ILl1ELl1000EEEENSt9enable_ifIXsrNS_13__is_durationIT_EE5valueES8_E4typeERKNS1_IT0_T1_EE
FN:273,291,_ZNSt6chrono13duration_castINS_8durationIlSt5ratioILl1ELl1000EEEElS2_ILl1ELl1EEEENSt9enable_ifIXsrNS_13__is_durationIT_EE5valueES8_E4typeERKNS1_IT0_T1_EE
FN:273,291,_ZNSt6chrono13duration_castINS_8durationIlSt5ratioILl1ELl1EEEElS2_ILl1ELl1000EEEENSt9enable_ifIXsrNS_13__is_durationIT_EE5valueES8_E4typeERKNS1_IT0_T1_EE
FN:498,499,_ZNSt6chrono15duration_valuesIlE4zeroEv
FN:573,574,_ZNSt6chrono8durationIlSt5ratioILl1ELl1000000000EEEC1IlvEERKT_
FN:573,574,_ZNSt6chrono8durationIlSt5ratioILl1ELl1000EEEC2IivEERKT_
FN:573,574,_ZNSt6chrono8durationIlSt5ratioILl1ELl1000EEEC2IlvEERKT_
FN:573,574,_ZNSt6chrono8durationIlSt5ratioILl1ELl1EEEC1IlvEERKT_
FN:581,582,_ZNSt6chrono8durationIlSt5ratioILl1ELl1000EEEC2IlS1_ILl1ELl1EEvEERKNS0_IT_T0_EE
FN:589,590,_ZNKSt6chrono8durationIlSt5ratioILl1ELl1000000000EEE5countEv
FN:589,590,_ZNKSt6chrono8durationIlSt5ratioILl1ELl1000EEE5countEv
FN:589,590,_ZNKSt6chrono8durationIlSt5ratioILl1ELl1EEE5countEv
FN:673,674,_ZNSt6chrono8durationIlSt5ratioILl1ELl1000EEE4zeroEv
FN:710,717,_ZNSt6chronomiIlSt5ratioILl1ELl1000EElS1_ILl1ELl1EEEENSt11common_typeIJNS_8durationIT_T0_EENS5_IT1_T2_EEEE4typeERKS8_RKSB_
FN:822,829,_ZNSt6chronoltIlSt5ratioILl1ELl1000EElS2_EEbRKNS_8durationIT_T0_EERKNS3_IT1_T2_EE
FN:855,857,_ZNSt6chronoleIlSt5ratioILl1ELl1000EElS2_EEbRKNS_8durationIT_T0_EERKNS3_IT1_T2_EE
FNDA:0,_ZNSt6chrono20__duration_cast_implINS_8durationIlSt5ratioILl1ELl1EEEES2_ILl1ELl1000EElLb1ELb0EE6__castIlS5_EES4_RKNS1_IT_T0_EE
FNDA:0,_ZNSt6chrono20__duration_cast_implINS_8durationIlSt5ratioILl1ELl1000000000EEEES2_ILl1000000ELl1EElLb0ELb1EE6__castIlS2_ILl1ELl1000EEEES4_RKNS1_IT_T0_EE
FNDA:0,_ZNSt6chrono20__duration_cast_implINS_8durationIlSt5ratioILl1ELl1000EEEES2_ILl1000ELl1EElLb0ELb1EE6__castIlS2_ILl1ELl1EEEES4_RKNS1_IT_T0_EE
FNDA:0,_ZNSt6chrono13duration_castINS_8durationIlSt5ratioILl1ELl1000000000EEEElS2_ILl1ELl1000EEEENSt9enable_ifIXsrNS_13__is_durationIT_EE5valueES8_E4typeERKNS1_IT0_T1_EE
FNDA:0,_ZNSt6chrono13duration_castINS_8durationIlSt5ratioILl1ELl1000EEEElS2_ILl1ELl1EEEENSt9enable_ifIXsrNS_13__is_durationIT_EE5valueES8_E4typeERKNS1_IT0_T1_EE
FNDA:0,_ZNSt6chrono13duration_castINS_8durationIlSt5ratioILl1ELl1EEEElS2_ILl1ELl1000EEEENSt9enable_ifIXsrNS_13__is_durationIT_EE5valueES8_E4typeERKNS1_IT0_T1_EE
FNDA:0,_ZNSt6chrono15duration_valuesIlE4zeroEv
FNDA:0,_ZNSt6chrono8durationIlSt5ratioILl1ELl1000000000EEEC1IlvEERKT_
FNDA:0,_ZNSt6chrono8durationIlSt5ratioILl1ELl1000EEEC2IivEERKT_
FNDA:0,_ZNSt6chrono8durationIlSt5ratioILl1ELl1000EEEC2IlvEERKT_
FNDA:0,_ZNSt6chrono8durationIlSt5ratioILl1ELl1EEEC1IlvEERKT_
FNDA:0,_ZNSt6chrono8durationIlSt5ratioILl1ELl1000EEEC2IlS1_ILl1ELl1EEvEERKNS0_IT_T0_EE
FNDA:0,_ZNKSt6chrono8durationIlSt5ratioILl1ELl1000000000EEE5countEv
FNDA:0,_ZNKSt6chrono8durationIlSt5ratioILl1ELl1000EEE5countEv
FNDA:0,_ZNKSt6chrono8durationIlSt5ratioILl1ELl1EEE5countEv
FNDA:0,_ZNSt6chrono8durationIlSt5ratioILl1ELl1000EEE4zeroEv
FNDA:0,_ZNSt6chronomiIlSt5ratioILl1ELl1000EElS1_ILl1ELl1EEEENSt11common_typeIJNS_8durationIT_T0_EENS5_IT1_T2_EEEE4typeERKS8_RKSB_
FNDA:0,_ZNSt6chronoltIlSt5ratioILl1ELl1000EElS2_EEbRKNS_8durationIT_T0_EERKNS3_IT1_T2_EE
FNDA:0,_ZNSt6chronoleIlSt5ratioILl1ELl1000EElS2_EEbRKNS_8durationIT_T0_EERKNS3_IT1_T2_EE
FNF:19
FNH:0
BRDA:582,0,0,-
BRDA:582,e0,1,-
BRDA:716,0,0,-
BRDA:716,e0,1,-
BRF:4
BRH:0
DA:208,0
DA:211,0
DA:212,0
DA:221,0
DA:224,0
DA:225,0
DA:273,0
DA:287,0
DA:498,0
DA:499,0
DA:573,0
DA:574,0
DA:581,0
DA:582,0
DA:589,0
DA:590,0
DA:673,0
DA:674,0
DA:710,0
DA:716,0
DA:822,0
DA:828,0
DA:855,0
DA:857,0
LF:24
LH:0
end_of_record
TN:
SF:/usr/include/c++/13/bits/cpp_type_traits.h
FN:607,608,_ZSt12__miter_baseIN9__gnu_cxx17__normal_iteratorIPKNSt7__cxx1112basic_stringIcSt11char_traitsIcESaIcEEESt6vectorIS7_SaIS7_EEEEET_SE_
FN:607,608,_ZSt12__miter_baseIN9__gnu_cxx17__normal_iteratorIPcSt6vectorIcSaIcEEEEET_S7_
FN:607,608,_ZSt12__miter_baseIPNSt7__cxx1112basic_stringIcSt11char_traitsIcESaIcEEEET_S7_
FNDA:0,_ZSt12__miter_baseIN9__gnu_cxx17__normal_iteratorIPKNSt7__cxx1112basic_stringIcSt11char_traitsIcESaIcEEESt6vectorIS7_SaIS7_EEEEET_SE_
FNDA:0,_ZSt12__miter_baseIN9__gnu_cxx17__normal_iteratorIPcSt6vectorIcSaIcEEEEET_S7_
FNDA:0,_ZSt12__miter_baseIPNSt7__cxx1112basic_stringIcSt11char_traitsIcESaIcEEEET_S7_
FNF:3
FNH:0
DA:607,0
DA:608,0
LF:2
LH:0
end_of_record
TN:
SF:/usr/include/c++/13/bits/fs_dir.h
FN:169,169,_ZNKSt10filesystem7__cxx1115directory_entry4pathEv
FN:197,198,_ZNKSt10filesystem7__cxx1115directory_entry12is_directoryEv
FN:221,222,_ZNKSt10filesystem7__cxx1115directory_entry15is_regular_fileEv
FN:278,279,_ZNKSt10filesystem7__cxx1115directory_entry6statusEv
FN:342,347,_ZNKSt10filesystem7__cxx1115directory_entry12_M_file_typeEv
FN:403,403,_ZNSt10filesystem7__cxx1118directory_iteratorC2Ev
FN:406,407,_ZNSt10filesystem7__cxx1118directory_iteratorC2ERKNS0_4pathE
FN:419,419,_ZNSt10filesystem7__cxx1118directory_iteratorC2ERKS1_
FN:421,421,_ZNSt10filesystem7__cxx1118directory_iteratorC2EOS1_
FN:423,423,_ZNSt10filesystem7__cxx1118directory_iteratorD2Ev
FN:444,449,_ZNSt10filesystem7__cxx11eqERKNS0_18directory_iteratorES3_
FN:460,462,_ZNSt10filesystem7__cxx11neERKNS0_18directory_iteratorES3_
FN:484,485,_ZNSt10filesystem7__cxx115beginENS0_18directory_iteratorE
FN:489,490,_ZNSt10filesystem7__cxx113endENS0_18directory_iteratorE
FN:507,507,_ZNSt10filesystem7__cxx1128recursive_directory_iteratorC2Ev
FN:513,514,_ZNSt10filesystem7__cxx1128recursive_directory_iteratorC2ERKNS0_4pathENS_17directory_optionsE
FN:523,523,_ZNSt10filesystem7__cxx1128recursive_directory_iteratorC2ERKS1_
FN:526,526,_ZNSt10filesystem7__cxx1128recursive_directory_iteratorC2EOS1_
FN:560,565,_ZNSt10filesystem7__cxx11eqERKNS0_28recursive_directory_iteratorES3_
FN:576,578,_ZNSt10filesystem7__cxx11neERKNS0_28recursive_directory_iteratorES3_
FN:607,608,_ZNSt10filesystem7__cxx115beginENS0_28recursive_directory_iteratorE
FN:612,613,_ZNSt10filesystem7__cxx113endENS0_28recursive_directory_iteratorE
FN:77,77,_ZNKSt10filesystem11file_status4typeEv
FNDA:0,_ZNKSt10filesystem7__cxx1115directory_entry4pathEv
FNDA:0,_ZNKSt10filesystem7__cxx1115directory_entry12is_directoryEv
FNDA:0,_ZNKSt10filesystem7__cxx1115directory_entry15is_regular_fileEv
FNDA:0,_ZNKSt10filesystem7__cxx1115directory_entry6statusEv
FNDA:0,_ZNKSt10filesystem7__cxx1115directory_entry12_M_file_typeEv
FNDA:0,_ZNSt10filesystem7__cxx1118directory_iteratorC2Ev
FNDA:0,_ZNSt10filesystem7__cxx1118directory_iteratorC2ERKNS0_4pathE
FNDA:0,_ZNSt10filesystem7__cxx1118directory_iteratorC2ERKS1_
FNDA:0,_ZNSt10filesystem7__cxx1118directory_iteratorC2EOS1_
FNDA:0,_ZNSt10filesystem7__cxx1118directory_iteratorD2Ev
FNDA:0,_ZNSt10filesystem7__cxx11eqERKNS0_18directory_iteratorES3_
FNDA:0,_ZNSt10filesystem7__cxx11neERKNS0_18directory_iteratorES3_
FNDA:0,_ZNSt10filesystem7__cxx115beginENS0_18directory_iteratorE
FNDA:0,_ZNSt10filesystem7__cxx113endENS0_18directory_iteratorE
FNDA:9,_ZNSt10filesystem7__cxx1128recursive_directory_iteratorC2Ev
FNDA:9,_ZNSt10filesystem7__cxx1128recursive_directory_iteratorC2ERKNS0_4pathENS_17directory_optionsE
FNDA:18,_ZNSt10filesystem7__cxx1128recursive_directory_iteratorC2ERKS1_
FNDA:9,_ZNSt10filesystem7__cxx1128recursive_directory_iteratorC2EOS1_
FNDA:73,_ZNSt10filesystem7__cxx11eqERKNS0_28recursive_directory_iteratorES3_
FNDA:73,_ZNSt10filesystem7__cxx11neERKNS0_28recursive_directory_iteratorES3_
FNDA:9,_ZNSt10filesystem7__cxx115beginENS0_28recursive_directory_iteratorE
FNDA:9,_ZNSt10filesystem7__cxx113endENS0_28recursive_directory_iteratorE
FNDA:0,_ZNKSt10filesystem11file_status4typeEv
FNF:23
FNH:8
BRDA:344,0,0,-
BRDA:344,0,1,-
BRDA:344,0,2,-
BRDA:344,0,3,-
BRDA:346,0,0,-
BRDA:346,e0,1,-
BRDA:448,0,0,-
BRDA:448,0,1,-
BRDA:448,0,2,-
BRDA:448,0,3,-
BRDA:564,0,0,9
BRDA:564,0,1,64
BRDA:564,0,2,9
BRDA:564,0,3,0
BRF:14
BRH:3
DA:77,0
DA:169,0
DA:197,0
DA:198,0
DA:221,0
DA:222,0
DA:278,0
DA:279,0
DA:342,0
DA:344,0
DA:345,0
DA:346,0
DA:403,0
DA:406,0
DA:407,0
DA:419,0
DA:421,0
DA:423,0
DA:444,0
DA:447,0
DA:448,0
DA:460,0
DA:462,0
DA:484,0
DA:485,0
DA:489,0
DA:490,0
DA:507,9
DA:513,9
DA:514,9
DA:523,18
DA:526,9
DA:560,73
DA:563,73
DA:564,73
DA:576,73
DA:578,73
DA:607,9
DA:608,9
DA:612,9
DA:613,9
LF:41
LH:14
end_of_record
TN:
SF:/usr/include/c++/13/bits/fs_ops.h
FN:128,129,_ZNSt10filesystem6existsENS_11file_statusE
FN:133,134,_ZNSt10filesystem6existsERKNS_7__cxx114pathE
FN:138,147,_ZNSt10filesystem6existsERKNS_7__cxx114pathERSt10error_code
FN:178,179,_ZNSt10filesystem17is_character_fileENS_11file_statusE
FN:193,194,_ZNSt10filesystem12is_directoryENS_11file_statusE
FN:198,199,_ZNSt10filesystem12is_directoryERKNS_7__cxx114pathE
FN:363,364,_ZNSt10filesystem12status_knownENS_11file_statusE
FNDA:0,_ZNSt10filesystem6existsENS_11file_statusE
FNDA:0,_ZNSt10filesystem6existsERKNS_7__cxx114pathE
FNDA:6,_ZNSt10filesystem6existsERKNS_7__cxx114pathERSt10error_code
FNDA:5,_ZNSt10filesystem17is_character_fileENS_11file_statusE
FNDA:0,_ZNSt10filesystem12is_directoryENS_11file_statusE
FNDA:0,_ZNSt10filesystem12is_directoryERKNS_7__cxx114pathE
FNDA:0,_ZNSt10filesystem12status_knownENS_11file_statusE
FNF:7
FNH:2
BRDA:129,0,0,-
BRDA:129,0,1,-
BRDA:129,0,2,-
BRDA:129,0,3,-
BRDA:141,0,0,6
BRDA:141,0,1,0
BRF:6
BRH:1
DA:128,0
DA:129,0
DA:133,0
DA:134,0
DA:138,6
DA:140,6
DA:141,6
DA:143,6
DA:144,6
DA:146,0
DA:178,5
DA:179,5
DA:193,0
DA:194,0
DA:198,0
DA:199,0
DA:363,0
DA:364,0
LF:18
LH:7
end_of_record
TN:
SF:/usr/include/c++/13/bits/fs_path.h
FN:1014,1016,_ZNSt10filesystem7__cxx114path8iteratorC2EPKS1_PKNS1_5_CmptE
FN:1018,1020,_ZNSt10filesystem7__cxx114path8iteratorC2EPKS1_b
FN:1161,1167,_ZNKSt10filesystem7__cxx114path6stringIcSt11char_traitsIcESaIcEEENSt7__cxx1112basic_stringIT_T0_T1_EERKSA_
FN:1170,1170,_ZNKSt10filesystem7__cxx114path6stringEv
FN:1283,1298,_ZNKSt10filesystem7__cxx114path8filenameEv
FN:1310,1316,_ZNKSt10filesystem7__cxx114path9extensionEv
FN:1351,1356,_ZNKSt10filesystem7__cxx114path3endEv
FN:1376,1390,_ZNSt10filesystem7__cxx114path8iteratormmEv
FN:1393,1402,_ZNKSt10filesystem7__cxx114path8iteratordeEv
FN:183,185,_ZNSt10filesystem7__cxx118__detail17__effective_rangeIcSt11char_traitsIcESaIcEEESt17basic_string_viewIT_S3_IS7_EERKNSt7__cxx1112basic_stringIS7_T0_T1_EE
FN:315,315,_ZNSt10filesystem7__cxx114pathC2Ev
FN:317,317,_ZNSt10filesystem7__cxx114pathC2ERKS1_
FN:324,326,_ZNSt10filesystem7__cxx114pathC2EONSt7__cxx1112basic_stringIcSt11char_traitsIcESaIcEEENS1_6formatE
FN:330,332,_ZNSt10filesystem7__cxx114pathC2INSt7__cxx1112basic_stringIcSt11char_traitsIcESaIcEEES1_EERKT_NS1_6formatE
FN:355,355,_ZNSt10filesystem7__cxx114pathD2Ev
FN:513,513,_ZNKSt10filesystem7__cxx114path5emptyEv
FN:618,633,_ZNSt10filesystem7__cxx114path10_S_convertISt17basic_string_viewIcSt11char_traitsIcEEEEDaT_
FN:672,672,_ZNKSt10filesystem7__cxx114path7_M_typeEv
FN:689,689,_ZNSt10filesystem7__cxx114path5_ListD2Ev
FN:691,692,_ZNKSt10filesystem7__cxx114path5_List4typeEv
FN:957,957,_ZNKSt10filesystem7__cxx114path8iteratorptEv
FN:981,982,_ZNKSt10filesystem7__cxx114path8iterator11_M_is_multiEv
FNDA:0,_ZNSt10filesystem7__cxx114path8iteratorC2EPKS1_PKNS1_5_CmptE
FNDA:0,_ZNSt10filesystem7__cxx114path8iteratorC2EPKS1_b
FNDA:0,_ZNKSt10filesystem7__cxx114path6stringIcSt11char_traitsIcESaIcEEENSt7__cxx1112basic_stringIT_T0_T1_EERKSA_
FNDA:0,_ZNKSt10filesystem7__cxx114path6stringEv
FNDA:0,_ZNKSt10filesystem7__cxx114path8filenameEv
FNDA:0,_ZNKSt10filesystem7__cxx114path9extensionEv
FNDA:0,_ZNKSt10filesystem7__cxx114path3endEv
FNDA:0,_ZNSt10filesystem7__cxx114path8iteratormmEv
FNDA:0,_ZNKSt10filesystem7__cxx114path8iteratordeEv
FNDA:0,_ZNSt10filesystem7__cxx118__detail17__effective_rangeIcSt11char_traitsIcESaIcEEESt17basic_string_viewIT_S3_IS7_EERKNSt7__cxx1112basic_stringIS7_T0_T1_EE
FNDA:0,_ZNSt10filesystem7__cxx114pathC2Ev
FNDA:0,_ZNSt10filesystem7__cxx114pathC2ERKS1_
FNDA:0,_ZNSt10filesystem7__cxx114pathC2EONSt7__cxx1112basic_stringIcSt11char_traitsIcESaIcEEENS1_6formatE
FNDA:0,_ZNSt10filesystem7__cxx114pathC2INSt7__cxx1112basic_stringIcSt11char_traitsIcESaIcEEES1_EERKT_NS1_6formatE
FNDA:0,_ZNSt10filesystem7__cxx114pathD2Ev
FNDA:0,_ZNKSt10filesystem7__cxx114path5emptyEv
FNDA:0,_ZNSt10filesystem7__cxx114path10_S_convertISt17basic_string_viewIcSt11char_traitsIcEEEEDaT_
FNDA:0,_ZNKSt10filesystem7__cxx114path7_M_typeEv
FNDA:0,_ZNSt10filesystem7__cxx114path5_ListD2Ev
FNDA:0,_ZNKSt10filesystem7__cxx114path5_List4typeEv
FNDA:0,_ZNKSt10filesystem7__cxx114path8iteratorptEv
FNDA:0,_ZNKSt10filesystem7__cxx114path8iterator11_M_is_multiEv
FNF:22
FNH:0
BRDA:317,0,0,-
BRDA:317,e0,1,-
BRDA:325,0,0,-
BRDA:325,e0,1,-
BRDA:326,0,0,-
BRDA:326,e0,1,-
BRDA:331,0,0,-
BRDA:331,e0,1,-
BRDA:331,0,2,-
BRDA:331,e0,3,-
BRDA:332,0,0,-
BRDA:332,e0,1,-
BRDA:1170,0,0,-
BRDA:1170,e0,1,-
BRDA:1285,0,0,-
BRDA:1285,0,1,-
BRDA:1287,0,0,-
BRDA:1287,0,1,-
BRDA:1289,0,0,-
BRDA:1289,0,1,-
BRDA:1291,0,0,-
BRDA:1291,0,1,-
BRDA:1294,0,0,-
BRDA:1294,0,1,-
BRDA:1295,0,0,-
BRDA:1295,e0,1,-
BRDA:1313,0,0,-
BRDA:1313,0,1,-
BRDA:1313,0,2,-
BRDA:1313,0,3,-
BRDA:1314,0,0,-
BRDA:1314,e0,1,-
BRDA:1314,0,2,-
BRDA:1314,e0,3,-
BRDA:1353,0,0,-
BRDA:1353,0,1,-
BRDA:1378,0,0,-
BRDA:1378,0,1,-
BRDA:1378,0,2,-
BRDA:1378,0,3,-
BRDA:1378,0,4,-
BRDA:1378,0,5,-
BRDA:1379,0,0,-
BRDA:1379,0,1,-
BRDA:1381,0,0,-
BRDA:1381,0,1,-
BRDA:1381,0,2,-
BRDA:1381,0,3,-
BRDA:1381,0,4,-
BRDA:1381,0,5,-
BRDA:1386,0,0,-
BRDA:1386,0,1,-
BRDA:1386,0,2,-
BRDA:1386,0,3,-
BRDA:1386,0,4,-
BRDA:1386,0,5,-
BRDA:1395,0,0,-
BRDA:1395,0,1,-
BRDA:1395,0,2,-
BRDA:1395,0,3,-
BRDA:1395,0,4,-
BRDA:1395,0,5,-
BRDA:1396,0,0,-
BRDA:1396,0,1,-
BRDA:1398,0,0,-
BRDA:1398,0,1,-
BRDA:1398,0,2,-
BRDA:1398,0,3,-
BRDA:1398,0,4,-
BRDA:1398,0,5,-
BRF:70
BRH:0
DA:183,0
DA:185,0
DA:315,0
DA:317,0
DA:324,0
DA:325,0
DA:326,0
DA:330,0
DA:331,0
DA:332,0
DA:355,0
DA:513,0
DA:618,0
DA:622,0
DA:672,0
DA:689,0
DA:691,0
DA:692,0
DA:957,0
DA:981,0
DA:982,0
DA:1014,0
DA:1015,0
DA:1016,0
DA:1018,0
DA:1019,0
DA:1020,0
DA:1161,0
DA:1164,0
DA:1170,0
DA:1283,0
DA:1285,0
DA:1286,0
DA:1287,0
DA:1288,0
DA:1289,0
DA:1291,0
DA:1292,0
DA:1293,0
DA:1294,0
DA:1295,0
DA:1297,0
DA:1310,0
DA:1312,0
DA:1313,0
DA:1314,0
DA:1315,0
DA:1351,0
DA:1353,0
DA:1354,0
DA:1355,0
DA:1376,0
DA:1378,0
DA:1379,0
DA:1381,0
DA:1382,0
DA:1386,0
DA:1387,0
DA:1389,0
DA:1393,0
DA:1395,0
DA:1396,0
DA:1398,0
DA:1399,0
DA:1401,0
LF:65
LH:0
end_of_record
TN:
SF:/usr/include/c++/13/bits/invoke.h
FN:71,75,_ZSt13__invoke_implIvMN12media_player8services11FileScannerEFvRKNSt7__cxx1112basic_stringIcSt11char_traitsIcESaIcEEEEPS2_JS8_EET_St21__invoke_memfun_derefOT0_OT1_DpOT2_
FN:71,75,_ZSt13__invoke_implIvMN12media_player8services19AudioPlaybackEngineEFvvEPS2_JEET_St21__invoke_memfun_derefOT0_OT1_DpOT2_
FN:71,75,_ZSt13__invoke_implIvMN12media_player8services19SerialCommunicationEFvvEPS2_JEET_St21__invoke_memfun_derefOT0_OT1_DpOT2_
FN:90,98,_ZSt8__invokeIMN12media_player8services11FileScannerEFvRKNSt7__cxx1112basic_stringIcSt11char_traitsIcESaIcEEEEJPS2_S8_EENSt15__invoke_resultIT_JDpT0_EE4typeEOSF_DpOSG_
FN:90,98,_ZSt8__invokeIMN12media_player8services19AudioPlaybackEngineEFvvEJPS2_EENSt15__invoke_resultIT_JDpT0_EE4typeEOS7_DpOS8_
FN:90,98,_ZSt8__invokeIMN12media_player8services19SerialCommunicationEFvvEJPS2_EENSt15__invoke_resultIT_JDpT0_EE4typeEOS7_DpOS8_
FNDA:3,_ZSt13__invoke_implIvMN12media_player8services11FileScannerEFvRKNSt7__cxx1112basic_stringIcSt11char_traitsIcESaIcEEEEPS2_JS8_EET_St21__invoke_memfun_derefOT0_OT1_DpOT2_
FNDA:47,_ZSt13__invoke_implIvMN12media_player8services19AudioPlaybackEngineEFvvEPS2_JEET_St21__invoke_memfun_derefOT0_OT1_DpOT2_
FNDA:4,_ZSt13__invoke_implIvMN12media_player8services19SerialCommunicationEFvvEPS2_JEET_St21__invoke_memfun_derefOT0_OT1_DpOT2_
FNDA:3,_ZSt8__invokeIMN12media_player8services11FileScannerEFvRKNSt7__cxx1112basic_stringIcSt11char_traitsIcESaIcEEEEJPS2_S8_EENSt15__invoke_resultIT_JDpT0_EE4typeEOSF_DpOSG_
FNDA:47,_ZSt8__invokeIMN12media_player8services19AudioPlaybackEngineEFvvEJPS2_EENSt15__invoke_resultIT_JDpT0_EE4typeEOS7_DpOS8_
FNDA:4,_ZSt8__invokeIMN12media_player8services19SerialCommunicationEFvvEJPS2_EENSt15__invoke_resultIT_JDpT0_EE4typeEOS7_DpOS8_
FNF:6
FNH:6
BRDA:74,0,0,0
BRDA:74,0,1,54
BRF:2
BRH:1
DA:71,54
DA:74,54
DA:90,54
DA:96,54
DA:97,54
LF:5
LH:5
end_of_record
TN:
SF:/usr/include/c++/13/bits/ios_base.h
FN:130,131,_ZStorSt13_Ios_OpenmodeS_
FNDA:0,_ZStorSt13_Ios_OpenmodeS_
FNF:1
FNH:0
DA:130,0
DA:131,0
LF:2
LH:0
end_of_record
TN:
SF:/usr/include/c++/13/bits/list.tcc
FN:66,83,_ZNSt7__cxx1110_List_baseIPN6TagLib5ID3v25FrameESaIS4_EE8_M_clearEv
FNDA:0,_ZNSt7__cxx1110_List_baseIPN6TagLib5ID3v25FrameESaIS4_EE8_M_clearEv
FNF:1
FNH:0
BRDA:71,0,0,-
BRDA:71,0,1,-
BRF:2
BRH:0
DA:66,0
DA:70,0
DA:71,0
DA:73,0
DA:74,0
DA:75,0
DA:77,0
DA:81,0
DA:83,0
LF:9
LH:0
end_of_record
TN:
SF:/usr/include/c++/13/bits/move.h
FN:189,200,_ZSt4swapIPFbRSt9_Any_dataRKS0_St18_Manager_operationEENSt9enable_ifIXsrSt6__and_IJSt6__not_ISt15__is_tuple_likeIT_EESt21is_move_constructibleISB_ESt18is_move_assignableISB_EEE5valueEvE4typeERSB_SL_
FN:189,200,_ZSt4swapIPFvRKSt9_Any_dataEENSt9enable_ifIXsrSt6__and_IJSt6__not_ISt15__is_tuple_likeIT_EESt21is_move_constructibleIS9_ESt18is_move_assignableIS9_EEE5valueEvE4typeERS9_SJ_
FN:189,200,_ZSt4swapIPFvRKSt9_Any_dataON12media_player8services13PlaybackStateEEENSt9enable_ifIXsrSt6__and_IJSt6__not_ISt15__is_tuple_likeIT_EESt21is_move_constructibleISD_ESt18is_move_assignableISD_EEE5valueEvE4typeERSD_SN_
FN:189,200,_ZSt4swapIPFvRKSt9_Any_dataOSt6vectorIN12media_player6models14MediaFileModelESaIS6_EEEENSt9enable_ifIXsrSt6__and_IJSt6__not_ISt15__is_tuple_likeIT_EESt21is_move_constructibleISG_ESt18is_move_assignableISG_EEE5valueEvE4typeERSG_SQ_
FN:189,200,_ZSt4swapIPFvRKSt9_Any_dataOiRKNSt7__cxx1112basic_stringIcSt11char_traitsIcESaIcEEEEENSt9enable_ifIXsrSt6__and_IJSt6__not_ISt15__is_tuple_likeIT_EESt21is_move_constructibleISI_ESt18is_move_assignableISI_EEE5valueEvE4typeERSI_SS_
FN:189,200,_ZSt4swapIPFvRKSt9_Any_dataOiS3_EENSt9enable_ifIXsrSt6__and_IJSt6__not_ISt15__is_tuple_likeIT_EESt21is_move_constructibleISA_ESt18is_move_assignableISA_EEE5valueEvE4typeERSA_SK_
FN:189,200,_ZSt4swapIPFvRKSt9_Any_dataOiS3_RKNSt7__cxx1112basic_stringIcSt11char_traitsIcESaIcEEEEENSt9enable_ifIXsrSt6__and_IJSt6__not_ISt15__is_tuple_likeIT_EESt21is_move_constructibleISI_ESt18is_move_assignableISI_EEE5valueEvE4typeERSI_SS_
FN:189,200,_ZSt4swapIPFvRKSt9_Any_dataRKNSt7__cxx1112basic_stringIcSt11char_traitsIcESaIcEEEEENSt9enable_ifIXsrSt6__and_IJSt6__not_ISt15__is_tuple_likeIT_EESt21is_move_constructibleISH_ESt18is_move_assignableISH_EEE5valueEvE4typeERSH_SR_
FN:189,200,_ZSt4swapISt9_Any_dataENSt9enable_ifIXsrSt6__and_IJSt6__not_ISt15__is_tuple_likeIT_EESt21is_move_constructibleIS5_ESt18is_move_assignableIS5_EEE5valueEvE4typeERS5_SF_
FN:51,52,_ZSt11__addressofIKN12media_player8services13PlaybackStateEEPT_RS4_
FN:51,52,_ZSt11__addressofIKNSt10filesystem7__cxx114pathEEPT_RS4_
FN:51,52,_ZSt11__addressofIKSt6vectorINSt7__cxx1112basic_stringIcSt11char_traitsIcESaIcEEESaIS6_EEEPT_RSA_
FN:51,52,_ZSt11__addressofIN12media_player6models14MediaFileModelEEPT_RS3_
FN:51,52,_ZSt11__addressofIN12media_player8services13PlaybackStateEEPT_RS3_
FN:51,52,_ZSt11__addressofINSt7__cxx1112basic_stringIcSt11char_traitsIcESaIcEEEEPT_RS6_
FN:51,52,_ZSt11__addressofISaISt10_List_nodeIPN6TagLib5ID3v25FrameEEEEPT_RS7_
FN:51,52,_ZSt11__addressofIhEPT_RS0_
FN:70,71,_ZSt7forwardIMN12media_player8services11FileScannerEFvRKNSt7__cxx1112basic_stringIcSt11char_traitsIcESaIcEEEEEOT_RNSt16remove_referenceISD_E4typeE
FN:70,71,_ZSt7forwardIMN12media_player8services19AudioPlaybackEngineEFvvEEOT_RNSt16remove_referenceIS5_E4typeE
FN:70,71,_ZSt7forwardIMN12media_player8services19SerialCommunicationEFvvEEOT_RNSt16remove_referenceIS5_E4typeE
FN:70,71,_ZSt7forwardIN12media_player6models14MediaFileModelEEOT_RNSt16remove_referenceIS3_E4typeE
FN:70,71,_ZSt7forwardIN12media_player8services13PlaybackStateEEOT_RNSt16remove_referenceIS3_E4typeE
FN:70,71,_ZSt7forwardINSt7__cxx1112basic_stringIcSt11char_traitsIcESaIcEEEEOT_RNSt16remove_referenceIS6_E4typeE
FN:70,71,_ZSt7forwardIPN12media_player8services11FileScannerEEOT_RNSt16remove_referenceIS4_E4typeE
FN:70,71,_ZSt7forwardIPN12media_player8services19AudioPlaybackEngineEEOT_RNSt16remove_referenceIS4_E4typeE
FN:70,71,_ZSt7forwardIPN12media_player8services19SerialCommunicationEEOT_RNSt16remove_referenceIS4_E4typeE
FN:70,71,_ZSt7forwardIRKN12media_player6models14MediaFileModelEEOT_RNSt16remove_referenceIS5_E4typeE
FN:70,71,_ZSt7forwardIRKNSt7__cxx1112basic_stringIcSt11char_traitsIcESaIcEEEEOT_RNSt16remove_referenceIS8_E4typeE
FN:70,71,_ZSt7forwardIRKPKcEOT_RNSt16remove_referenceIS4_E4typeE
FN:70,71,_ZSt7forwardIRKPN6TagLib5ID3v25FrameEEOT_RNSt16remove_referenceIS6_E4typeE
FN:70,71,_ZSt7forwardIRNSt7__cxx1112basic_stringIcSt11char_traitsIcESaIcEEEEOT_RNSt16remove_referenceIS7_E4typeE
FN:70,71,_ZSt7forwardISt14default_deleteISt6threadEEOT_RNSt16remove_referenceIS3_E4typeE
FN:70,71,_ZSt7forwardISt6vectorIN12media_player6models14MediaFileModelESaIS3_EEEOT_RNSt16remove_referenceIS6_E4typeE
FN:70,71,_ZSt7forwardIiEOT_RNSt16remove_referenceIS0_E4typeE
FN:97,98,_ZSt4moveIRN12media_player6models14MediaFileModelEEONSt16remove_referenceIT_E4typeEOS5_
FN:97,98,_ZSt4moveIRNSt12_Vector_baseIhSaIhEE12_Vector_implEEONSt16remove_referenceIT_E4typeEOS6_
FN:97,98,_ZSt4moveIRNSt7__cxx1112basic_stringIcSt11char_traitsIcESaIcEEEEONSt16remove_referenceIT_E4typeEOS8_
FN:97,98,_ZSt4moveIRPFbRSt9_Any_dataRKS0_St18_Manager_operationEEONSt16remove_referenceIT_E4typeEOS9_
FN:97,98,_ZSt4moveIRPFvRKSt9_Any_dataEEONSt16remove_referenceIT_E4typeEOS7_
FN:97,98,_ZSt4moveIRPFvRKSt9_Any_dataON12media_player8services13PlaybackStateEEEONSt16remove_referenceIT_E4typeEOSB_
FN:97,98,_ZSt4moveIRPFvRKSt9_Any_dataOSt6vectorIN12media_player6models14MediaFileModelESaIS6_EEEEONSt16remove_referenceIT_E4typeEOSE_
FN:97,98,_ZSt4moveIRPFvRKSt9_Any_dataOiRKNSt7__cxx1112basic_stringIcSt11char_traitsIcESaIcEEEEEONSt16remove_referenceIT_E4typeEOSG_
FN:97,98,_ZSt4moveIRPFvRKSt9_Any_dataOiS3_EEONSt16remove_referenceIT_E4typeEOS8_
FN:97,98,_ZSt4moveIRPFvRKSt9_Any_dataOiS3_RKNSt7__cxx1112basic_stringIcSt11char_traitsIcESaIcEEEEEONSt16remove_referenceIT_E4typeEOSG_
FN:97,98,_ZSt4moveIRPFvRKSt9_Any_dataRKNSt7__cxx1112basic_stringIcSt11char_traitsIcESaIcEEEEEONSt16remove_referenceIT_E4typeEOSF_
FN:97,98,_ZSt4moveIRPN12media_player6models13MetadataModelEEONSt16remove_referenceIT_E4typeEOS6_
FN:97,98,_ZSt4moveIRPNSt10filesystem7__cxx114path5_List5_ImplEEONSt16remove_referenceIT_E4typeEOS8_
FN:97,98,_ZSt4moveIRPNSt6thread6_StateEEONSt16remove_referenceIT_E4typeEOS5_
FN:97,98,_ZSt4moveIRPSt6threadEONSt16remove_referenceIT_E4typeEOS4_
FN:97,98,_ZSt4moveIRSaISt10_List_nodeIPN6TagLib5ID3v25FrameEEEEONSt16remove_referenceIT_E4typeEOS9_
FN:97,98,_ZSt4moveIRSaIcEEONSt16remove_referenceIT_E4typeEOS3_
FN:97,98,_ZSt4moveIRSt5tupleIJMN12media_player8services11FileScannerEFvRKNSt7__cxx1112basic_stringIcSt11char_traitsIcESaIcEEEEPS3_S9_EEEONSt16remove_referenceIT_E4typeEOSI_
FN:97,98,_ZSt4moveIRSt5tupleIJMN12media_player8services19AudioPlaybackEngineEFvvEPS3_EEEONSt16remove_referenceIT_E4typeEOSA_
FN:97,98,_ZSt4moveIRSt5tupleIJMN12media_player8services19SerialCommunicationEFvvEPS3_EEEONSt16remove_referenceIT_E4typeEOSA_
FN:97,98,_ZSt4moveIRSt5tupleIJPN12media_player6models13MetadataModelESt14default_deleteIS3_EEEEONSt16remove_referenceIT_E4typeEOSA_
FN:97,98,_ZSt4moveIRSt9_Any_dataEONSt16remove_referenceIT_E4typeEOS3_
FNDA:0,_ZSt4swapIPFbRSt9_Any_dataRKS0_St18_Manager_operationEENSt9enable_ifIXsrSt6__and_IJSt6__not_ISt15__is_tuple_likeIT_EESt21is_move_constructibleISB_ESt18is_move_assignableISB_EEE5valueEvE4typeERSB_SL_
FNDA:0,_ZSt4swapIPFvRKSt9_Any_dataEENSt9enable_ifIXsrSt6__and_IJSt6__not_ISt15__is_tuple_likeIT_EESt21is_move_constructibleIS9_ESt18is_move_assignableIS9_EEE5valueEvE4typeERS9_SJ_
FNDA:0,_ZSt4swapIPFvRKSt9_Any_dataON12media_player8services13PlaybackStateEEENSt9enable_ifIXsrSt6__and_IJSt6__not_ISt15__is_tuple_likeIT_EESt21is_move_constructibleISD_ESt18is_move_assignableISD_EEE5valueEvE4typeERSD_SN_
FNDA:0,_ZSt4swapIPFvRKSt9_Any_dataOSt6vectorIN12media_player6models14MediaFileModelESaIS6_EEEENSt9enable_ifIXsrSt6__and_IJSt6__not_ISt15__is_tuple_likeIT_EESt21is_move_constructibleISG_ESt18is_move_assignableISG_EEE5valueEvE4typeERSG_SQ_
FNDA:0,_ZSt4swapIPFvRKSt9_Any_dataOiRKNSt7__cxx1112basic_stringIcSt11char_traitsIcESaIcEEEEENSt9enable_ifIXsrSt6__and_IJSt6__not_ISt15__is_tuple_likeIT_EESt21is_move_constructibleISI_ESt18is_move_assignableISI_EEE5valueEvE4typeERSI_SS_
FNDA:0,_ZSt4swapIPFvRKSt9_Any_dataOiS3_EENSt9enable_ifIXsrSt6__and_IJSt6__not_ISt15__is_tuple_likeIT_EESt21is_move_constructibleISA_ESt18is_move_assignableISA_EEE5valueEvE4typeERSA_SK_
FNDA:0,_ZSt4swapIPFvRKSt9_Any_dataOiS3_RKNSt7__cxx1112basic_stringIcSt11char_traitsIcESaIcEEEEENSt9enable_ifIXsrSt6__and_IJSt6__not_ISt15__is_tuple_likeIT_EESt21is_move_constructibleISI_ESt18is_move_assignableISI_EEE5valueEvE4typeERSI_SS_
FNDA:0,_ZSt4swapIPFvRKSt9_Any_dataRKNSt7__cxx1112basic_stringIcSt11char_traitsIcESaIcEEEEENSt9enable_ifIXsrSt6__and_IJSt6__not_ISt15__is_tuple_likeIT_EESt21is_move_constructibleISH_ESt18is_move_assignableISH_EEE5valueEvE4typeERSH_SR_
FNDA:0,_ZSt4swapISt9_Any_dataENSt9enable_ifIXsrSt6__and_IJSt6__not_ISt15__is_tuple_likeIT_EESt21is_move_constructibleIS5_ESt18is_move_assignableIS5_EEE5valueEvE4typeERS5_SF_
FNDA:0,_ZSt11__addressofIKN12media_player8services13PlaybackStateEEPT_RS4_
FNDA:0,_ZSt11__addressofIKNSt10filesystem7__cxx114pathEEPT_RS4_
FNDA:13,_ZSt11__addressofIKSt6vectorINSt7__cxx1112basic_stringIcSt11char_traitsIcESaIcEEESaIS6_EEEPT_RSA_
FNDA:0,_ZSt11__addressofIN12media_player6models14MediaFileModelEEPT_RS3_
FNDA:16,_ZSt11__addressofIN12media_player8services13PlaybackStateEEPT_RS3_
FNDA:0,_ZSt11__addressofINSt7__cxx1112basic_stringIcSt11char_traitsIcESaIcEEEEPT_RS6_
FNDA:0,_ZSt11__addressofISaISt10_List_nodeIPN6TagLib5ID3v25FrameEEEEPT_RS7_
FNDA:1,_ZSt11__addressofIhEPT_RS0_
FNDA:27,_ZSt7forwardIMN12media_player8services11FileScannerEFvRKNSt7__cxx1112basic_stringIcSt11char_traitsIcESaIcEEEEEOT_RNSt16remove_referenceISD_E4typeE
FNDA:423,_ZSt7forwardIMN12media_player8services19AudioPlaybackEngineEFvvEEOT_RNSt16remove_referenceIS5_E4typeE
FNDA:36,_ZSt7forwardIMN12media_player8services19SerialCommunicationEFvvEEOT_RNSt16remove_referenceIS5_E4typeE
FNDA:0,_ZSt7forwardIN12media_player6models14MediaFileModelEEOT_RNSt16remove_referenceIS3_E4typeE
FNDA:0,_ZSt7forwardIN12media_player8services13PlaybackStateEEOT_RNSt16remove_referenceIS3_E4typeE
FNDA:0,_ZSt7forwardINSt7__cxx1112basic_stringIcSt11char_traitsIcESaIcEEEEOT_RNSt16remove_referenceIS6_E4typeE
FNDA:33,_ZSt7forwardIPN12media_player8services11FileScannerEEOT_RNSt16remove_referenceIS4_E4typeE
FNDA:517,_ZSt7forwardIPN12media_player8services19AudioPlaybackEngineEEOT_RNSt16remove_referenceIS4_E4typeE
FNDA:44,_ZSt7forwardIPN12media_player8services19SerialCommunicationEEOT_RNSt16remove_referenceIS4_E4typeE
FNDA:0,_ZSt7forwardIRKN12media_player6models14MediaFileModelEEOT_RNSt16remove_referenceIS5_E4typeE
FNDA:0,_ZSt7forwardIRKNSt7__cxx1112basic_stringIcSt11char_traitsIcESaIcEEEEOT_RNSt16remove_referenceIS8_E4typeE
FNDA:0,_ZSt7forwardIRKPKcEOT_RNSt16remove_referenceIS4_E4typeE
FNDA:0,_ZSt7forwardIRKPN6TagLib5ID3v25FrameEEOT_RNSt16remove_referenceIS6_E4typeE
FNDA:0,_ZSt7forwardIRNSt7__cxx1112basic_stringIcSt11char_traitsIcESaIcEEEEOT_RNSt16remove_referenceIS7_E4typeE
FNDA:54,_ZSt7forwardISt14default_deleteISt6threadEEOT_RNSt16remove_referenceIS3_E4typeE
FNDA:0,_ZSt7forwardISt6vectorIN12media_player6models14MediaFileModelESaIS3_EEEOT_RNSt16remove_referenceIS6_E4typeE
FNDA:0,_ZSt7forwardIiEOT_RNSt16remove_referenceIS0_E4typeE
FNDA:0,_ZSt4moveIRN12media_player6models14MediaFileModelEEONSt16remove_referenceIT_E4typeEOS5_
FNDA:0,_ZSt4moveIRNSt12_Vector_baseIhSaIhEE12_Vector_implEEONSt16remove_referenceIT_E4typeEOS6_
FNDA:0,_ZSt4moveIRNSt7__cxx1112basic_stringIcSt11char_traitsIcESaIcEEEEONSt16remove_referenceIT_E4typeEOS8_
FNDA:0,_ZSt4moveIRPFbRSt9_Any_dataRKS0_St18_Manager_operationEEONSt16remove_referenceIT_E4typeEOS9_
FNDA:0,_ZSt4moveIRPFvRKSt9_Any_dataEEONSt16remove_referenceIT_E4typeEOS7_
FNDA:0,_ZSt4moveIRPFvRKSt9_Any_dataON12media_player8services13PlaybackStateEEEONSt16remove_referenceIT_E4typeEOSB_
FNDA:0,_ZSt4moveIRPFvRKSt9_Any_dataOSt6vectorIN12media_player6models14MediaFileModelESaIS6_EEEEONSt16remove_referenceIT_E4typeEOSE_
FNDA:0,_ZSt4moveIRPFvRKSt9_Any_dataOiRKNSt7__cxx1112basic_stringIcSt11char_traitsIcESaIcEEEEEONSt16remove_referenceIT_E4typeEOSG_
FNDA:0,_ZSt4moveIRPFvRKSt9_Any_dataOiS3_EEONSt16remove_referenceIT_E4typeEOS8_
FNDA:0,_ZSt4moveIRPFvRKSt9_Any_dataOiS3_RKNSt7__cxx1112basic_stringIcSt11char_traitsIcESaIcEEEEEONSt16remove_referenceIT_E4typeEOSG_
FNDA:0,_ZSt4moveIRPFvRKSt9_Any_dataRKNSt7__cxx1112basic_stringIcSt11char_traitsIcESaIcEEEEEONSt16remove_referenceIT_E4typeEOSF_
FNDA:0,_ZSt4moveIRPN12media_player6models13MetadataModelEEONSt16remove_referenceIT_E4typeEOS6_
FNDA:0,_ZSt4moveIRPNSt10filesystem7__cxx114path5_List5_ImplEEONSt16remove_referenceIT_E4typeEOS8_
FNDA:0,_ZSt4moveIRPNSt6thread6_StateEEONSt16remove_referenceIT_E4typeEOS5_
FNDA:54,_ZSt4moveIRPSt6threadEONSt16remove_referenceIT_E4typeEOS4_
FNDA:0,_ZSt4moveIRSaISt10_List_nodeIPN6TagLib5ID3v25FrameEEEEONSt16remove_referenceIT_E4typeEOS9_
FNDA:0,_ZSt4moveIRSaIcEEONSt16remove_referenceIT_E4typeEOS3_
FNDA:9,_ZSt4moveIRSt5tupleIJMN12media_player8services11FileScannerEFvRKNSt7__cxx1112basic_stringIcSt11char_traitsIcESaIcEEEEPS3_S9_EEEONSt16remove_referenceIT_E4typeEOSI_
FNDA:94,_ZSt4moveIRSt5tupleIJMN12media_player8services19AudioPlaybackEngineEFvvEPS3_EEEONSt16remove_referenceIT_E4typeEOSA_
FNDA:8,_ZSt4moveIRSt5tupleIJMN12media_player8services19SerialCommunicationEFvvEPS3_EEEONSt16remove_referenceIT_E4typeEOSA_
FNDA:0,_ZSt4moveIRSt5tupleIJPN12media_player6models13MetadataModelESt14default_deleteIS3_EEEEONSt16remove_referenceIT_E4typeEOSA_
[...]
FN:234,234,_ZNSt10_Head_baseILm0EMN12media_player8services19SerialCommunicationEFvvELb0EE7_M_headERS5_
FN:234,234,_ZNSt10_Head_baseILm0EPN12media_player6models13MetadataModelELb0EE7_M_headERS4_
FN:234,234,_ZNSt10_Head_baseILm0EPNSt10filesystem7__cxx114path5_List5_ImplELb0EE7_M_headERS6_
FN:234,234,_ZNSt10_Head_baseILm0EPNSt6thread6_StateELb0EE7_M_headERS3_
FN:234,234,_ZNSt10_Head_baseILm0EPSt6threadLb0EE7_M_headERS2_
FN:234,234,_ZNSt10_Head_baseILm1EPN12media_player8services11FileScannerELb0EE7_M_headERS4_
FN:234,234,_ZNSt10_Head_baseILm1EPN12media_player8services19AudioPlaybackEngineELb0EE7_M_headERS4_
FN:234,234,_ZNSt10_Head_baseILm1EPN12media_player8services19SerialCommunicationELb0EE7_M_headERS4_
FN:234,234,_ZNSt10_Head_baseILm2ENSt7__cxx1112basic_stringIcSt11char_traitsIcESaIcEEELb0EE7_M_headERS6_
FN:237,237,_ZNSt10_Head_baseILm0EPN12media_player6models13MetadataModelELb0EE7_M_headERKS4_
FN:237,237,_ZNSt10_Head_baseILm0EPNSt10filesystem7__cxx114path5_List5_ImplELb0EE7_M_headERKS6_
FN:237,237,_ZNSt10_Head_baseILm0EPSt6threadLb0EE7_M_headERKS2_
FN:269,269,_ZNSt11_Tuple_implILm0EJMN12media_player8services11FileScannerEFvRKNSt7__cxx1112basic_stringIcSt11char_traitsIcESaIcEEEEPS2_S8_EE7_M_headERSE_
FN:269,269,_ZNSt11_Tuple_implILm0EJMN12media_player8services19AudioPlaybackEngineEFvvEPS2_EE7_M_headERS6_
FN:269,269,_ZNSt11_Tuple_implILm0EJMN12media_player8services19SerialCommunicationEFvvEPS2_EE7_M_headERS6_
FN:269,269,_ZNSt11_Tuple_implILm0EJPN12media_player6models13MetadataModelESt14default_deleteIS2_EEE7_M_headERS6_
FN:269,269,_ZNSt11_Tuple_implILm0EJPNSt10filesystem7__cxx114path5_List5_ImplENS3_13_Impl_deleterEEE7_M_headERS7_
FN:269,269,_ZNSt11_Tuple_implILm0EJPNSt6thread6_StateESt14default_deleteIS1_EEE7_M_headERS5_
FN:269,269,_ZNSt11_Tuple_implILm0EJPSt6threadSt14default_deleteIS0_EEE7_M_headERS4_
FN:269,269,_ZNSt11_Tuple_implILm1EJPN12media_player8services11FileScannerENSt7__cxx1112basic_stringIcSt11char_traitsIcESaIcEEEEE7_M_headERSA_
FN:272,272,_ZNSt11_Tuple_implILm0EJPN12media_player6models13MetadataModelESt14default_deleteIS2_EEE7_M_headERKS6_
FN:272,272,_ZNSt11_Tuple_implILm0EJPNSt10filesystem7__cxx114path5_List5_ImplENS3_13_Impl_deleterEEE7_M_headERKS7_
FN:272,272,_ZNSt11_Tuple_implILm0EJPSt6threadSt14default_deleteIS0_EEE7_M_headERKS4_
FN:280,281,_ZNSt11_Tuple_implILm0EJPN12media_player6models13MetadataModelESt14default_deleteIS2_EEEC2Ev
FN:280,281,_ZNSt11_Tuple_implILm0EJPNSt6thread6_StateESt14default_deleteIS1_EEEC2Ev
FN:280,281,_ZNSt11_Tuple_implILm0EJPSt6threadSt14default_deleteIS0_EEEC2Ev
FN:291,294,_ZNSt11_Tuple_implILm0EJMN12media_player8services11FileScannerEFvRKNSt7__cxx1112basic_stringIcSt11char_traitsIcESaIcEEEEPS2_S8_EEC2ISC_JSD_SA_EvEEOT_DpOT0_
FN:291,294,_ZNSt11_Tuple_implILm0EJMN12media_player8services19AudioPlaybackEngineEFvvEPS2_EEC2IS4_JS5_EvEEOT_DpOT0_
FN:291,294,_ZNSt11_Tuple_implILm0EJMN12media_player8services19SerialCommunicationEFvvEPS2_EEC2IS4_JS5_EvEEOT_DpOT0_
FN:291,294,_ZNSt11_Tuple_implILm1EJPN12media_player8services11FileScannerENSt7__cxx1112basic_stringIcSt11char_traitsIcESaIcEEEEEC2IS3_JRKS9_EvEEOT_DpOT0_
FN:302,302,_ZNSt11_Tuple_implILm0EJPN12media_player6models13MetadataModelESt14default_deleteIS2_EEEC2EOS6_
FN:497,497,_ZNSt11_Tuple_implILm1EJNSt10filesystem7__cxx114path5_List13_Impl_deleterEEE7_M_headERS5_
FN:497,497,_ZNSt11_Tuple_implILm1EJPN12media_player8services19AudioPlaybackEngineEEE7_M_headERS4_
FN:497,497,_ZNSt11_Tuple_implILm1EJPN12media_player8services19SerialCommunicationEEE7_M_headERS4_
FN:497,497,_ZNSt11_Tuple_implILm1EJSt14default_deleteIN12media_player6models13MetadataModelEEEE7_M_headERS5_
FN:497,497,_ZNSt11_Tuple_implILm1EJSt14default_deleteINSt6thread6_StateEEEE7_M_headERS4_
FN:497,497,_ZNSt11_Tuple_implILm1EJSt14default_deleteISt6threadEEE7_M_headERS3_
FN:497,497,_ZNSt11_Tuple_implILm2EJNSt7__cxx1112basic_stringIcSt11char_traitsIcESaIcEEEEE7_M_headERS6_
FN:503,504,_ZNSt11_Tuple_implILm1EJSt14default_deleteIN12media_player6models13MetadataModelEEEEC2Ev
FN:503,504,_ZNSt11_Tuple_implILm1EJSt14default_deleteINSt6thread6_StateEEEEC2Ev
FN:503,504,_ZNSt11_Tuple_implILm1EJSt14default_deleteISt6threadEEEC2Ev
FN:507,509,_ZNSt11_Tuple_implILm2EJNSt7__cxx1112basic_stringIcSt11char_traitsIcESaIcEEEEEC2ERKS5_
FN:513,515,_ZNSt11_Tuple_implILm1EJPN12media_player8services19AudioPlaybackEngineEEEC2IS3_EEOT_
FN:513,515,_ZNSt11_Tuple_implILm1EJPN12media_player8services19SerialCommunicationEEEC2IS3_EEOT_
FN:527,530,_ZNSt11_Tuple_implILm1EJSt14default_deleteIN12media_player6models13MetadataModelEEEEC2EOS5_
FN:81,82,_ZNSt10_Head_baseILm1ESt14default_deleteIN12media_player6models13MetadataModelEELb1EEC2Ev
FN:81,82,_ZNSt10_Head_baseILm1ESt14default_deleteINSt6thread6_StateEELb1EEC2Ev
FN:81,82,_ZNSt10_Head_baseILm1ESt14default_deleteISt6threadELb1EEC2Ev
FN:889,891,_ZNSt5tupleIJMN12media_player8services11FileScannerEFvRKNSt7__cxx1112basic_stringIcSt11char_traitsIcESaIcEEEEPS2_S8_EEC2IJSC_SD_SA_ELb1ELb1EEEDpOT_
FNDA:0,_ZNSt10_Head_baseILm1ENSt10filesystem7__cxx114path5_List13_Impl_deleterELb1EE7_M_headERS5_
FNDA:0,_ZNSt10_Head_baseILm1ESt14default_deleteIN12media_player6models13MetadataModelEELb1EE7_M_headERS5_
FNDA:0,_ZNSt10_Head_baseILm1ESt14default_deleteINSt6thread6_StateEELb1EE7_M_headERS4_
FNDA:162,_ZNSt10_Head_baseILm1ESt14default_deleteISt6threadELb1EE7_M_headERS3_
FNDA:0,_ZNSt5tupleIJPN12media_player6models13MetadataModelESt14default_deleteIS2_EEEC2ILb1ELb1EEEv
FNDA:0,_ZNSt5tupleIJPNSt6thread6_StateESt14default_deleteIS1_EEEC2ILb1ELb1EEEv
FNDA:119,_ZNSt5tupleIJPSt6threadSt14default_deleteIS0_EEEC2ILb1ELb1EEEv
FNDA:47,_ZNSt5tupleIJMN12media_player8services19AudioPlaybackEngineEFvvEPS2_EEC2IS4_S5_Lb1EEEOT_OT0_
FNDA:4,_ZNSt5tupleIJMN12media_player8services19SerialCommunicationEFvvEPS2_EEC2IS4_S5_Lb1EEEOT_OT0_
FNDA:0,_ZNSt5tupleIJPN12media_player6models13MetadataModelESt14default_deleteIS2_EEEC2EOS6_
FNDA:3,_ZSt12__get_helperILm0EMN12media_player8services11FileScannerEFvRKNSt7__cxx1112basic_stringIcSt11char_traitsIcESaIcEEEEJPS2_S8_EERT0_RSt11_Tuple_implIXT_EJSE_DpT1_EE
FNDA:47,_ZSt12__get_helperILm0EMN12media_player8services19AudioPlaybackEngineEFvvEJPS2_EERT0_RSt11_Tuple_implIXT_EJS6_DpT1_EE
FNDA:4,_ZSt12__get_helperILm0EMN12media_player8services19SerialCommunicationEFvvEJPS2_EERT0_RSt11_Tuple_implIXT_EJS6_DpT1_EE
FNDA:0,_ZSt12__get_helperILm0EPN12media_player6models13MetadataModelEJSt14default_deleteIS2_EEERT0_RSt11_Tuple_implIXT_EJS6_DpT1_EE
FNDA:0,_ZSt12__get_helperILm0EPNSt10filesystem7__cxx114path5_List5_ImplEJNS3_13_Impl_deleterEEERT0_RSt11_Tuple_implIXT_EJS7_DpT1_EE
FNDA:0,_ZSt12__get_helperILm0EPNSt6thread6_StateEJSt14default_deleteIS1_EEERT0_RSt11_Tuple_implIXT_EJS5_DpT1_EE
FNDA:389,_ZSt12__get_helperILm0EPSt6threadJSt14default_deleteIS0_EEERT0_RSt11_Tuple_implIXT_EJS4_DpT1_EE
FNDA:0,_ZSt12__get_helperILm1ENSt10filesystem7__cxx114path5_List13_Impl_deleterEJEERT0_RSt11_Tuple_implIXT_EJS5_DpT1_EE
FNDA:3,_ZSt12__get_helperILm1EPN12media_player8services11FileScannerEJNSt7__cxx1112basic_stringIcSt11char_traitsIcESaIcEEEEERT0_RSt11_Tuple_implIXT_EJSA_DpT1_EE
FNDA:47,_ZSt12__get_helperILm1EPN12media_player8services19AudioPlaybackEngineEJEERT0_RSt11_Tuple_implIXT_EJS4_DpT1_EE
FNDA:4,_ZSt12__get_helperILm1EPN12media_player8services19SerialCommunicationEJEERT0_RSt11_Tuple_implIXT_EJS4_DpT1_EE
FNDA:0,_ZSt12__get_helperILm1ESt14default_deleteIN12media_player6models13MetadataModelEEJEERT0_RSt11_Tuple_implIXT_EJS5_DpT1_EE
FNDA:0,_ZSt12__get_helperILm1ESt14default_deleteINSt6thread6_StateEEJEERT0_RSt11_Tuple_implIXT_EJS4_DpT1_EE
FNDA:162,_ZSt12__get_helperILm1ESt14default_deleteISt6threadEJEERT0_RSt11_Tuple_implIXT_EJS3_DpT1_EE
FNDA:3,_ZSt12__get_helperILm2ENSt7__cxx1112basic_stringIcSt11char_traitsIcESaIcEEEJEERT0_RSt11_Tuple_implIXT_EJS6_DpT1_EE
FNDA:0,_ZSt12__get_helperILm0EPN12media_player6models13MetadataModelEJSt14default_deleteIS2_EEERKT0_RKSt11_Tuple_implIXT_EJS6_DpT1_EE
FNDA:0,_ZSt12__get_helperILm0EPNSt10filesystem7__cxx114path5_List5_ImplEJNS3_13_Impl_deleterEEERKT0_RKSt11_Tuple_implIXT_EJS7_DpT1_EE
FNDA:177,_ZSt12__get_helperILm0EPSt6threadJSt14default_deleteIS0_EEERKT0_RKSt11_Tuple_implIXT_EJS4_DpT1_EE
FNDA:0,_ZSt3getILm0EJPN12media_player6models13MetadataModelESt14default_deleteIS2_EEERNSt13tuple_elementIXT_ESt5tupleIJDpT0_EEE4typeERSA_
FNDA:0,_ZSt3getILm0EJPNSt10filesystem7__cxx114path5_List5_ImplENS3_13_Impl_deleterEEERNSt13tuple_elementIXT_ESt5tupleIJDpT0_EEE4typeERSB_
FNDA:0,_ZSt3getILm0EJPNSt6thread6_StateESt14default_deleteIS1_EEERNSt13tuple_elementIXT_ESt5tupleIJDpT0_EEE4typeERS9_
FNDA:389,_ZSt3getILm0EJPSt6threadSt14default_deleteIS0_EEERNSt13tuple_elementIXT_ESt5tupleIJDpT0_EEE4typeERS8_
FNDA:0,_ZSt3getILm1EJPN12media_player6models13MetadataModelESt14default_deleteIS2_EEERNSt13tuple_elementIXT_ESt5tupleIJDpT0_EEE4typeERSA_
FNDA:0,_ZSt3getILm1EJPNSt10filesystem7__cxx114path5_List5_ImplENS3_13_Impl_deleterEEERNSt13tuple_elementIXT_ESt5tupleIJDpT0_EEE4typeERSB_
FNDA:0,_ZSt3getILm1EJPNSt6thread6_StateESt14default_deleteIS1_EEERNSt13tuple_elementIXT_ESt5tupleIJDpT0_EEE4typeERS9_
FNDA:162,_ZSt3getILm1EJPSt6threadSt14default_deleteIS0_EEERNSt13tuple_elementIXT_ESt5tupleIJDpT0_EEE4typeERS8_
FNDA:0,_ZSt3getILm0EJPN12media_player6models13MetadataModelESt14default_deleteIS2_EEERKNSt13tuple_elementIXT_ESt5tupleIJDpT0_EEE4typeERKSA_
FNDA:0,_ZSt3getILm0EJPNSt10filesystem7__cxx114path5_List5_ImplENS3_13_Impl_deleterEEERKNSt13tuple_elementIXT_ESt5tupleIJDpT0_EEE4typeERKSB_
FNDA:177,_ZSt3getILm0EJPSt6threadSt14default_deleteIS0_EEERKNSt13tuple_elementIXT_ESt5tupleIJDpT0_EEE4typeERKS8_
FNDA:3,_ZSt3getILm0EJMN12media_player8services11FileScannerEFvRKNSt7__cxx1112basic_stringIcSt11char_traitsIcESaIcEEEEPS2_S8_EEONSt13tuple_elementIXT_ESt5tupleIJDpT0_EEE4typeEOSI_
FNDA:47,_ZSt3getILm0EJMN12media_player8services19AudioPlaybackEngineEFvvEPS2_EEONSt13tuple_elementIXT_ESt5tupleIJDpT0_EEE4typeEOSA_
FNDA:4,_ZSt3getILm0EJMN12media_player8services19SerialCommunicationEFvvEPS2_EEONSt13tuple_elementIXT_ESt5tupleIJDpT0_EEE4typeEOSA_
FNDA:3,_ZSt3getILm1EJMN12media_player8services11FileScannerEFvRKNSt7__cxx1112basic_stringIcSt11char_traitsIcESaIcEEEEPS2_S8_EEONSt13tuple_elementIXT_ESt5tupleIJDpT0_EEE4typeEOSI_
FNDA:47,_ZSt3getILm1EJMN12media_player8services19AudioPlaybackEngineEFvvEPS2_EEONSt13tuple_elementIXT_ESt5tupleIJDpT0_EEE4typeEOSA_
FNDA:4,_ZSt3getILm1EJMN12media_player8services19SerialCommunicationEFvvEPS2_EEONSt13tuple_elementIXT_ESt5tupleIJDpT0_EEE4typeEOSA_
FNDA:3,_ZSt3getILm2EJMN12media_player8services11FileScannerEFvRKNSt7__cxx1112basic_stringIcSt11char_traitsIcESaIcEEEEPS2_S8_EEONSt13tuple_elementIXT_ESt5tupleIJDpT0_EEE4typeEOSI_
FNDA:0,_ZNSt10_Head_baseILm0EPN12media_player6models13MetadataModelELb0EEC2Ev
FNDA:0,_ZNSt10_Head_baseILm0EPNSt6thread6_StateELb0EEC2Ev
FNDA:119,_ZNSt10_Head_baseILm0EPSt6threadLb0EEC2Ev
FNDA:3,_ZNSt10_Head_baseILm2ENSt7__cxx1112basic_stringIcSt11char_traitsIcESaIcEEELb0EEC2ERKS5_
FNDA:3,_ZNSt10_Head_baseILm0EMN12media_player8services11FileScannerEFvRKNSt7__cxx1112basic_stringIcSt11char_traitsIcESaIcEEEELb0EEC2ISC_EEOT_
FNDA:47,_ZNSt10_Head_baseILm0EMN12media_player8services19AudioPlaybackEngineEFvvELb0EEC2IS4_EEOT_
FNDA:4,_ZNSt10_Head_baseILm0EMN12media_player8services19SerialCommunicationEFvvELb0EEC2IS4_EEOT_
FNDA:3,_ZNSt10_Head_baseILm1EPN12media_player8services11FileScannerELb0EEC2IS3_EEOT_
FNDA:47,_ZNSt10_Head_baseILm1EPN12media_player8services19AudioPlaybackEngineELb0EEC2IS3_EEOT_
FNDA:4,_ZNSt10_Head_baseILm1EPN12media_player8services19SerialCommunicationELb0EEC2IS3_EEOT_
FNDA:3,_ZNSt10_Head_baseILm0EMN12media_player8services11FileScannerEFvRKNSt7__cxx1112basic_stringIcSt11char_traitsIcESaIcEEEELb0EE7_M_headERSD_
FNDA:47,_ZNSt10_Head_baseILm0EMN12media_player8services19AudioPlaybackEngineEFvvELb0EE7_M_headERS5_
FNDA:4,_ZNSt10_Head_baseILm0EMN12media_player8services19SerialCommunicationEFvvELb0EE7_M_headERS5_
FNDA:0,_ZNSt10_Head_baseILm0EPN12media_player6models13MetadataModelELb0EE7_M_headERS4_
FNDA:0,_ZNSt10_Head_baseILm0EPNSt10filesystem7__cxx114path5_List5_ImplELb0EE7_M_headERS6_
FNDA:0,_ZNSt10_Head_baseILm0EPNSt6thread6_StateELb0EE7_M_headERS3_
FNDA:389,_ZNSt10_Head_baseILm0EPSt6threadLb0EE7_M_headERS2_
FNDA:3,_ZNSt10_Head_baseILm1EPN12media_player8services11FileScannerELb0EE7_M_headERS4_
FNDA:47,_ZNSt10_Head_baseILm1EPN12media_player8services19AudioPlaybackEngineELb0EE7_M_headERS4_
FNDA:4,_ZNSt10_Head_baseILm1EPN12media_player8services19SerialCommunicationELb0EE7_M_headERS4_
FNDA:3,_ZNSt10_Head_baseILm2ENSt7__cxx1112basic_stringIcSt11char_traitsIcESaIcEEELb0EE7_M_headERS6_
FNDA:0,_ZNSt10_Head_baseILm0EPN12media_player6models13MetadataModelELb0EE7_M_headERKS4_
FNDA:0,_ZNSt10_Head_baseILm0EPNSt10filesystem7__cxx114path5_List5_ImplELb0EE7_M_headERKS6_
FNDA:177,_ZNSt10_Head_baseILm0EPSt6threadLb0EE7_M_headERKS2_
FNDA:3,_ZNSt11_Tuple_implILm0EJMN12media_player8services11FileScannerEFvRKNSt7__cxx1112basic_stringIcSt11char_traitsIcESaIcEEEEPS2_S8_EE7_M_headERSE_
FNDA:47,_ZNSt11_Tuple_implILm0EJMN12media_player8services19AudioPlaybackEngineEFvvEPS2_EE7_M_headERS6_
FNDA:4,_ZNSt11_Tuple_implILm0EJMN12media_player8services19SerialCommunicationEFvvEPS2_EE7_M_headERS6_
FNDA:0,_ZNSt11_Tuple_implILm0EJPN12media_player6models13MetadataModelESt14default_deleteIS2_EEE7_M_headERS6_
FNDA:0,_ZNSt11_Tuple_implILm0EJPNSt10filesystem7__cxx114path5_List5_ImplENS3_13_Impl_deleterEEE7_M_headERS7_
FNDA:0,_ZNSt11_Tuple_implILm0EJPNSt6thread6_StateESt14default_deleteIS1_EEE7_M_headERS5_
FNDA:389,_ZNSt11_Tuple_implILm0EJPSt6threadSt14default_deleteIS0_EEE7_M_headERS4_
FNDA:3,_ZNSt11_Tuple_implILm1EJPN12media_player8services11FileScannerENSt7__cxx1112basic_stringIcSt11char_traitsIcESaIcEEEEE7_M_headERSA_
FNDA:0,_ZNSt11_Tuple_implILm0EJPN12media_player6models13MetadataModelESt14default_deleteIS2_EEE7_M_headERKS6_
FNDA:0,_ZNSt11_Tuple_implILm0EJPNSt10filesystem7__cxx114path5_List5_ImplENS3_13_Impl_deleterEEE7_M_headERKS7_
FNDA:177,_ZNSt11_Tuple_implILm0EJPSt6threadSt14default_deleteIS0_EEE7_M_headERKS4_
FNDA:0,_ZNSt11_Tuple_implILm0EJPN12media_player6models13MetadataModelESt14default_deleteIS2_EEEC2Ev
FNDA:0,_ZNSt11_Tuple_implILm0EJPNSt6thread6_StateESt14default_deleteIS1_EEEC2Ev
FNDA:119,_ZNSt11_Tuple_implILm0EJPSt6threadSt14default_deleteIS0_EEEC2Ev
FNDA:3,_ZNSt11_Tuple_implILm0EJMN12media_player8services11FileScannerEFvRKNSt7__cxx1112basic_stringIcSt11char_traitsIcESaIcEEEEPS2_S8_EEC2ISC_JSD_SA_EvEEOT_DpOT0_
FNDA:47,_ZNSt11_Tuple_implILm0EJMN12media_player8services19AudioPlaybackEngineEFvvEPS2_EEC2IS4_JS5_EvEEOT_DpOT0_
FNDA:4,_ZNSt11_Tuple_implILm0EJMN12media_player8services19SerialCommunicationEFvvEPS2_EEC2IS4_JS5_EvEEOT_DpOT0_
FNDA:3,_ZNSt11_Tuple_implILm1EJPN12media_player8services11FileScannerENSt7__cxx1112basic_stringIcSt11char_traitsIcESaIcEEEEEC2IS3_JRKS9_EvEEOT_DpOT0_
FNDA:0,_ZNSt11_Tuple_implILm0EJPN12media_player6models13MetadataModelESt14default_deleteIS2_EEEC2EOS6_
FNDA:0,_ZNSt11_Tuple_implILm1EJNSt10filesystem7__cxx114path5_List13_Impl_deleterEEE7_M_headERS5_
FNDA:47,_ZNSt11_Tuple_implILm1EJPN12media_player8services19AudioPlaybackEngineEEE7_M_headERS4_
FNDA:4,_ZNSt11_Tuple_implILm1EJPN12media_player8services19SerialCommunicationEEE7_M_headERS4_
FNDA:0,_ZNSt11_Tuple_implILm1EJSt14default_deleteIN12media_player6models13MetadataModelEEEE7_M_headERS5_
FNDA:0,_ZNSt11_Tuple_implILm1EJSt14default_deleteINSt6thread6_StateEEEE7_M_headERS4_
FNDA:162,_ZNSt11_Tuple_implILm1EJSt14default_deleteISt6threadEEE7_M_headERS3_
FNDA:3,_ZNSt11_Tuple_implILm2EJNSt7__cxx1112basic_stringIcSt11char_traitsIcESaIcEEEEE7_M_headERS6_
FNDA:0,_ZNSt11_Tuple_implILm1EJSt14default_deleteIN12media_player6models13MetadataModelEEEEC2Ev
FNDA:0,_ZNSt11_Tuple_implILm1EJSt14default_deleteINSt6thread6_StateEEEEC2Ev
FNDA:119,_ZNSt11_Tuple_implILm1EJSt14default_deleteISt6threadEEEC2Ev
FNDA:3,_ZNSt11_Tuple_implILm2EJNSt7__cxx1112basic_stringIcSt11char_traitsIcESaIcEEEEEC2ERKS5_
FNDA:47,_ZNSt11_Tuple_implILm1EJPN12media_player8services19AudioPlaybackEngineEEEC2IS3_EEOT_
FNDA:4,_ZNSt11_Tuple_implILm1EJPN12media_player8services19SerialCommunicationEEEC2IS3_EEOT_
FNDA:0,_ZNSt11_Tuple_implILm1EJSt14default_deleteIN12media_player6models13MetadataModelEEEEC2EOS5_
FNDA:0,_ZNSt10_Head_baseILm1ESt14default_deleteIN12media_player6models13MetadataModelEELb1EEC2Ev
FNDA:0,_ZNSt10_Head_baseILm1ESt14default_deleteINSt6thread6_StateEELb1EEC2Ev
FNDA:119,_ZNSt10_Head_baseILm1ESt14default_deleteISt6threadELb1EEC2Ev
FNDA:3,_ZNSt5tupleIJMN12media_player8services11FileScannerEFvRKNSt7__cxx1112basic_stringIcSt11char_traitsIcESaIcEEEEPS2_S8_EEC2IJSC_SD_SA_ELb1ELb1EEEDpOT_
FNF:107
FNH:62
DA:81,119
DA:82,119
DA:125,162
DA:190,119
DA:191,119
DA:193,3
DA:194,3
DA:200,108
DA:201,108
DA:234,500
DA:237,177
DA:269,446
DA:272,177
DA:280,119
DA:281,119
DA:291,57
DA:293,57
DA:294,57
DA:302,0
DA:497,216
DA:503,119
DA:504,119
DA:507,3
DA:508,3
DA:509,3
DA:513,51
DA:514,51
DA:515,51
DA:527,0
DA:530,0
DA:889,3
DA:891,3
DA:1317,119
DA:1319,119
DA:1345,51
DA:1347,51
DA:1358,0
DA:1787,662
DA:1788,662
DA:1792,177
DA:1793,177
DA:1803,551
DA:1804,551
DA:1809,177
DA:1810,177
DA:1815,111
DA:1818,111
LF:47
LH:43
end_of_record
TN:
SF:/usr/include/taglib/tlist.tcc
FN:104,108,_ZN6TagLib4ListIPNS_5ID3v25FrameEED0Ev
FN:104,108,_ZN6TagLib4ListIPNS_5ID3v25FrameEED2Ev
FN:203,206,_ZNK6TagLib4ListIPNS_5ID3v25FrameEE7isEmptyEv
FN:240,244,_ZN6TagLib4ListIPNS_5ID3v25FrameEE5frontEv
FN:315,321,_ZN6TagLib4ListIPNS_5ID3v25FrameEE6detachEv
FN:46,46,_ZN6TagLib15ListPrivateBaseC2Ev
FN:72,72,_ZN6TagLib4ListIPNS_5ID3v25FrameEE11ListPrivateIS3_EC2ERKNSt7__cxx114listIS3_SaIS3_EEE
FN:73,75,_ZN6TagLib4ListIPNS_5ID3v25FrameEE11ListPrivateIS3_ED2Ev
FN:76,83,_ZN6TagLib4ListIPNS_5ID3v25FrameEE11ListPrivateIS3_E5clearEv
FN:98,101,_ZN6TagLib4ListIPNS_5ID3v25FrameEEC2ERKS4_
FNDA:0,_ZN6TagLib4ListIPNS_5ID3v25FrameEED0Ev
FNDA:1,_ZN6TagLib4ListIPNS_5ID3v25FrameEED2Ev
FNDA:1,_ZNK6TagLib4ListIPNS_5ID3v25FrameEE7isEmptyEv
FNDA:0,_ZN6TagLib4ListIPNS_5ID3v25FrameEE5frontEv
FNDA:0,_ZN6TagLib4ListIPNS_5ID3v25FrameEE6detachEv
FNDA:0,_ZN6TagLib15ListPrivateBaseC2Ev
FNDA:0,_ZN6TagLib4ListIPNS_5ID3v25FrameEE11ListPrivateIS3_EC2ERKNSt7__cxx114listIS3_SaIS3_EEE
FNDA:0,_ZN6TagLib4ListIPNS_5ID3v25FrameEE11ListPrivateIS3_ED2Ev
FNDA:0,_ZN6TagLib4ListIPNS_5ID3v25FrameEE11ListPrivateIS3_E5clearEv
FNDA:1,_ZN6TagLib4ListIPNS_5ID3v25FrameEEC2ERKS4_
FNF:10
FNH:3
BRDA:77,0,0,-
BRDA:77,0,1,-
BRDA:79,0,0,-
BRDA:79,0,1,-
BRDA:80,0,0,-
BRDA:80,0,1,-
BRDA:106,0,0,0
BRDA:106,0,1,1
BRDA:107,0,0,-
BRDA:107,0,1,-
BRDA:317,0,0,-
BRDA:317,0,1,-
BRDA:319,0,0,-
BRDA:319,e0,1,-
BRDA:319,0,2,-
BRDA:319,0,3,-
BRF:16
BRH:1
DA:46,0
DA:72,0
DA:73,0
DA:74,0
DA:75,0
DA:76,0
DA:77,0
DA:78,0
DA:79,0
DA:80,0
DA:82,0
DA:83,0
DA:98,1
DA:100,1
DA:101,1
DA:104,1
DA:106,1
DA:107,0
DA:108,1
DA:203,1
DA:205,1
DA:240,0
DA:242,0
DA:243,0
DA:315,0
DA:317,0
DA:318,0
DA:319,0
DA:321,0
LF:29
LH:8
end_of_record
TN:
SF:/usr/include/taglib/trefcounter.h
FN:81,81,_ZN6TagLib13RefCounterOldC2Ev
FN:96,96,_ZN6TagLib13RefCounterOld3refEv
FN:97,97,_ZN6TagLib13RefCounterOld5derefEv
FN:98,98,_ZN6TagLib13RefCounterOld5countEv
FNDA:0,_ZN6TagLib13RefCounterOldC2Ev
FNDA:1,_ZN6TagLib13RefCounterOld3refEv
FNDA:1,_ZN6TagLib13RefCounterOld5derefEv
FNDA:0,_ZN6TagLib13RefCounterOld5countEv
FNF:4
FNH:2
DA:81,0
DA:96,1
DA:97,1
DA:98,0
LF:4
LH:2
end_of_record
TN:
SF:/usr/include/x86_64-linux-gnu/c++/13/bits/c++config.h
FN:540,551,_ZSt23__is_constant_evaluatedv
FNDA:0,_ZSt23__is_constant_evaluatedv
FNF:1
FNH:0
DA:322,0
DA:540,0
DA:547,0
LF:3
LH:0
end_of_record
TN:
SF:/usr/include/x86_64-linux-gnu/c++/13/bits/gthr-default.h
FN:300,303,_ZL18__gthread_active_pv
FN:746,752,_ZL20__gthread_mutex_lockP15pthread_mutex_t
FN:776,782,_ZL22__gthread_mutex_unlockP15pthread_mutex_t
FNDA:0,_ZL18__gthread_active_pv
FNDA:0,_ZL20__gthread_mutex_lockP15pthread_mutex_t
FNDA:0,_ZL22__gthread_mutex_unlockP15pthread_mutex_t
FNF:3
FNH:0
BRDA:748,0,0,-
BRDA:748,0,1,-
BRDA:778,0,0,-
BRDA:778,0,1,-
BRF:4
BRH:0
DA:300,0
DA:302,0
DA:746,0
DA:748,0
DA:749,0
DA:751,0
DA:776,0
DA:778,0
DA:779,0
DA:781,0
LF:10
LH:0
end_of_record
