TN:
SF:/home/duong/MediaPlayerApp/inc/models/MediaFileModel.h
FN:31,34,_ZNK12media_player6models14MediaFileModel11getFilePathB5cxx11Ev
FN:36,39,_ZNK12media_player6models14MediaFileModel11getFileNameB5cxx11Ev
FN:51,54,_ZNK12media_player6models14MediaFileModel11getFileSizeEv
FN:71,74,_ZNK12media_player6models14MediaFileModel7isAudioEv
FN:76,79,_ZNK12media_player6models14MediaFileModel7isVideoEv
FNDA:0,_ZNK12media_player6models14MediaFileModel11getFilePathB5cxx11Ev
FNDA:0,_ZNK12media_player6models14MediaFileModel11getFileNameB5cxx11Ev
FNDA:0,_ZNK12media_player6models14MediaFileModel11getFileSizeEv
FNDA:9,_ZNK12media_player6models14MediaFileModel7isAudioEv
FNDA:0,_ZNK12media_player6models14MediaFileModel7isVideoEv
FNF:5
FNH:1
DA:31,0
DA:33,0
DA:36,0
DA:38,0
DA:51,0
DA:53,0
DA:71,9
DA:73,9
DA:76,0
DA:78,0
LF:10
LH:2
end_of_record
TN:
SF:/home/duong/MediaPlayerApp/inc/models/PlaylistModel.h
FNF:0
FNH:0
LF:0
LH:0
end_of_record
TN:
SF:/home/duong/MediaPlayerApp/src/models/LibraryModel.cpp
FN:103,121,_ZZNK12media_player6models12LibraryModel9getSortedENS0_12SortCriteriaEbENKUlRKNS0_14MediaFileModelES5_E_clES5_S5_
FN:12,24,_ZN12media_player6models12LibraryModel8addMediaERKNS0_14MediaFileModelE
FN:128,147,_ZNK12media_player6models12LibraryModel7getPageEmm
FN:149,160,_ZNK12media_player6models12LibraryModel18getTotalAudioFilesEv
FN:162,173,_ZNK12media_player6models12LibraryModel18getTotalVideoFilesEv
FN:175,183,_ZNK12media_player6models12LibraryModel12getTotalSizeEv
FN:185,194,_ZNK12media_player6models12LibraryModel12matchesQueryERKNS0_14MediaFileModelERKNSt7__cxx1112basic_stringIcSt11char_traitsIcESaIcEEE
FN:26,32,_ZN12media_player6models12LibraryModel13addMediaBatchERKSt6vectorINS0_14MediaFileModelESaIS3_EE
FN:34,48,_ZN12media_player6models12LibraryModel11removeMediaERKNSt7__cxx1112basic_stringIcSt11char_traitsIcESaIcEEE
FN:37,39,_ZZN12media_player6models12LibraryModel11removeMediaERKNSt7__cxx1112basic_stringIcSt11char_traitsIcESaIcEEEENKUlRKNS0_14MediaFileModelEE_clESC_
FN:51,54,_ZN12media_player6models12LibraryModel5clearEv
FN:56,70,_ZN12media_player6models12LibraryModel11updateMediaERKNSt7__cxx1112basic_stringIcSt11char_traitsIcESaIcEEERKNS0_14MediaFileModelE
FN:59,61,_ZZN12media_player6models12LibraryModel11updateMediaERKNSt7__cxx1112basic_stringIcSt11char_traitsIcESaIcEEERKNS0_14MediaFileModelEENKUlSC_E_clESC_
FN:72,82,_ZNK12media_player6models12LibraryModel14getMediaByPathERKNSt7__cxx1112basic_stringIcSt11char_traitsIcESaIcEEE
FN:84,97,_ZNK12media_player6models12LibraryModel6searchERKNSt7__cxx1112basic_stringIcSt11char_traitsIcESaIcEEE
FN:99,126,_ZNK12media_player6models12LibraryModel9getSortedENS0_12SortCriteriaEb
FNDA:19,_ZZNK12media_player6models12LibraryModel9getSortedENS0_12SortCriteriaEbENKUlRKNS0_14MediaFileModelES5_E_clES5_S5_
FNDA:78,_ZN12media_player6models12LibraryModel8addMediaERKNS0_14MediaFileModelE
FNDA:6,_ZNK12media_player6models12LibraryModel7getPageEmm
FNDA:4,_ZNK12media_player6models12LibraryModel18getTotalAudioFilesEv
FNDA:4,_ZNK12media_player6models12LibraryModel18getTotalVideoFilesEv
FNDA:2,_ZNK12media_player6models12LibraryModel12getTotalSizeEv
FNDA:9,_ZNK12media_player6models12LibraryModel12matchesQueryERKNS0_14MediaFileModelERKNSt7__cxx1112basic_stringIcSt11char_traitsIcESaIcEEE
FNDA:4,_ZN12media_player6models12LibraryModel13addMediaBatchERKSt6vectorINS0_14MediaFileModelESaIS3_EE
FNDA:2,_ZN12media_player6models12LibraryModel11removeMediaERKNSt7__cxx1112basic_stringIcSt11char_traitsIcESaIcEEE
FNDA:2,_ZZN12media_player6models12LibraryModel11removeMediaERKNSt7__cxx1112basic_stringIcSt11char_traitsIcESaIcEEEENKUlRKNS0_14MediaFileModelEE_clESC_
FNDA:3,_ZN12media_player6models12LibraryModel5clearEv
FNDA:3,_ZN12media_player6models12LibraryModel11updateMediaERKNSt7__cxx1112basic_stringIcSt11char_traitsIcESaIcEEERKNS0_14MediaFileModelE
FNDA:1,_ZZN12media_player6models12LibraryModel11updateMediaERKNSt7__cxx1112basic_stringIcSt11char_traitsIcESaIcEEERKNS0_14MediaFileModelEENKUlSC_E_clESC_
FNDA:3,_ZNK12media_player6models12LibraryModel14getMediaByPathERKNSt7__cxx1112basic_stringIcSt11char_traitsIcESaIcEEE
FNDA:5,_ZNK12media_player6models12LibraryModel6searchERKNSt7__cxx1112basic_stringIcSt11char_traitsIcESaIcEEE
FNDA:10,_ZNK12media_player6models12LibraryModel9getSortedENS0_12SortCriteriaEb
FNF:16
FNH:16
BRDA:15,0,0,369
BRDA:15,0,1,76
BRDA:17,0,0,369
BRDA:17,e0,1,0
BRDA:17,0,2,369
BRDA:17,e0,3,0
BRDA:17,0,4,2
BRDA:17,0,5,367
BRDA:28,0,0,7
BRDA:28,0,1,4
BRDA:30,0,0,7
BRDA:30,e0,1,0
BRDA:36,0,0,2
BRDA:36,e0,1,0
BRDA:38,0,0,2
BRDA:38,e0,1,0
BRDA:41,0,0,1
BRDA:41,0,1,1
BRDA:43,0,0,1
BRDA:43,e0,1,0
BRDA:58,0,0,3
BRDA:58,e0,1,0
BRDA:60,0,0,1
BRDA:60,e0,1,0
BRDA:63,0,0,1
BRDA:63,0,1,2
BRDA:65,0,0,1
BRDA:65,e0,1,0
BRDA:74,0,0,3
BRDA:74,0,1,1
BRDA:76,0,0,3
BRDA:76,e0,1,0
BRDA:76,0,2,2
BRDA:76,0,3,1
BRDA:78,0,0,2
BRDA:78,e0,1,0
BRDA:88,0,0,9
BRDA:88,0,1,5
BRDA:90,0,0,9
BRDA:90,e0,1,0
BRDA:90,0,2,4
BRDA:90,0,3,5
BRDA:92,0,0,4
BRDA:92,e0,1,0
BRDA:101,0,0,10
BRDA:101,e0,1,0
BRDA:106,0,0,11
BRDA:106,0,1,8
BRDA:110,0,0,11
BRDA:110,e0,1,0
BRDA:110,0,2,11
BRDA:110,e0,3,0
BRDA:116,0,0,8
BRDA:116,e0,1,0
BRDA:116,0,2,8
BRDA:116,e0,3,0
BRDA:120,0,0,16
BRDA:120,0,1,3
BRDA:123,0,0,10
BRDA:123,e0,1,0
BRDA:134,0,0,2
BRDA:134,0,1,4
BRDA:141,0,0,27
BRDA:141,0,1,4
BRDA:143,0,0,27
BRDA:143,e0,1,0
BRDA:152,0,0,9
BRDA:152,0,1,4
BRDA:154,0,0,6
BRDA:154,0,1,3
BRDA:165,0,0,8
BRDA:165,0,1,4
BRDA:167,0,0,3
BRDA:167,0,1,5
BRDA:178,0,0,2
BRDA:178,0,1,2
BRDA:187,0,0,9
BRDA:187,e0,1,0
BRDA:190,0,0,9
BRDA:190,e0,1,0
BRF:80
BRH:58
DA:12,78
DA:15,445
DA:17,369
DA:19,2
DA:23,76
DA:26,4
DA:28,11
DA:30,7
DA:32,4
DA:34,2
DA:36,2
DA:37,2
DA:38,2
DA:41,2
DA:43,1
DA:44,1
DA:47,1
DA:51,3
DA:53,3
DA:54,3
DA:56,3
DA:58,3
DA:59,1
DA:60,1
DA:63,3
DA:65,1
DA:66,1
DA:69,2
DA:72,3
DA:74,4
DA:76,3
DA:78,2
DA:81,1
DA:84,5
DA:86,5
DA:88,14
DA:90,9
DA:92,4
DA:96,5
DA:97,0
DA:99,10
DA:101,10
DA:103,19
DA:104,19
DA:106,19
DA:108,11
DA:110,11
DA:111,11
DA:112,8
DA:116,8
DA:117,8
DA:120,35
DA:121,16
DA:123,10
DA:125,20
DA:126,0
DA:128,6
DA:130,6
DA:132,6
DA:134,6
DA:136,2
DA:139,4
DA:141,31
DA:143,27
DA:146,4
DA:147,0
DA:149,4
DA:151,4
DA:152,13
DA:154,9
DA:156,6
DA:159,4
DA:162,4
DA:164,4
DA:165,12
DA:167,8
DA:169,3
DA:172,4
DA:175,2
DA:177,2
DA:178,4
DA:180,2
DA:182,2
DA:185,9
DA:187,9
DA:188,9
DA:190,9
DA:191,9
DA:193,18
DA:194,9
LF:90
LH:87
end_of_record
TN:
SF:/home/duong/MediaPlayerApp/src/models/MediaFileModel.cpp
FN:102,155,_ZNK12media_player6models14MediaFileModel18determineMediaTypeEv
FN:16,20,_ZN12media_player6models14MediaFileModelC2Ev
FN:22,29,_ZN12media_player6models14MediaFileModelC2ERKNSt7__cxx1112basic_stringIcSt11char_traitsIcESaIcEEE
FN:31,36,_ZNK12media_player6models14MediaFileModel7isValidEv
FN:38,41,_ZNK12media_player6models14MediaFileModelltERKS1_
FN:43,46,_ZNK12media_player6models14MediaFileModeleqERKS1_
FN:48,55,_ZNK12media_player6models14MediaFileModel9serializeB5cxx11Ev
FN:57,71,_ZN12media_player6models14MediaFileModel11deserializeERKNSt7__cxx1112basic_stringIcSt11char_traitsIcESaIcEEE
FN:73,100,_ZN12media_player6models14MediaFileModel15extractFileInfoEv
FNDA:316,_ZNK12media_player6models14MediaFileModel18determineMediaTypeEv
FNDA:5,_ZN12media_player6models14MediaFileModelC2Ev
FNDA:316,_ZN12media_player6models14MediaFileModelC2ERKNSt7__cxx1112basic_stringIcSt11char_traitsIcESaIcEEE
FNDA:65,_ZNK12media_player6models14MediaFileModel7isValidEv
FNDA:2,_ZNK12media_player6models14MediaFileModelltERKS1_
FNDA:2,_ZNK12media_player6models14MediaFileModeleqERKS1_
FNDA:2,_ZNK12media_player6models14MediaFileModel9serializeB5cxx11Ev
FNDA:2,_ZN12media_player6models14MediaFileModel11deserializeERKNSt7__cxx1112basic_stringIcSt11char_traitsIcESaIcEEE
FNDA:316,_ZN12media_player6models14MediaFileModel15extractFileInfoEv
FNF:9
FNH:9
BRDA:27,0,0,316
BRDA:27,e0,1,0
BRDA:28,0,0,316
BRDA:28,e0,1,0
BRDA:34,0,0,64
BRDA:34,0,1,1
BRDA:34,0,2,64
BRDA:34,0,3,0
BRDA:35,0,0,64
BRDA:35,e0,1,0
BRDA:35,0,2,64
BRDA:35,e0,3,0
BRDA:35,0,4,60
BRDA:35,0,5,4
BRDA:35,0,6,64
BRDA:35,0,7,1
BRDA:35,0,8,0
BRDA:35,0,9,0
BRDA:50,0,0,2
BRDA:50,e0,1,0
BRDA:51,0,0,2
BRDA:51,e0,1,0
BRDA:51,0,2,2
BRDA:51,e0,3,0
BRDA:52,0,0,2
BRDA:52,e0,1,0
BRDA:52,0,2,2
BRDA:52,e0,3,0
BRDA:52,0,4,2
BRDA:52,e0,5,0
BRDA:53,0,0,2
BRDA:53,e0,1,0
BRDA:54,0,0,2
BRDA:54,e0,1,0
BRDA:54,0,2,2
BRDA:54,e0,3,0
BRDA:63,0,0,1
BRDA:63,0,1,1
BRDA:65,0,0,1
BRDA:65,e0,1,0
BRDA:68,0,0,1
BRDA:68,e0,1,0
BRDA:70,0,0,1
BRDA:70,e0,1,0
BRDA:75,0,0,0
BRDA:75,0,1,316
BRDA:82,0,0,316
BRDA:82,e0,1,0
BRDA:84,0,0,316
BRDA:84,e0,1,0
BRDA:84,0,2,316
BRDA:84,e0,3,0
BRDA:85,0,0,316
BRDA:85,e0,1,0
BRDA:85,0,2,316
BRDA:85,e0,3,0
BRDA:91,0,0,316
BRDA:91,e0,1,0
BRDA:91,0,2,118
BRDA:91,0,3,198
BRDA:93,0,0,118
BRDA:93,e0,1,0
BRDA:94,0,0,118
BRDA:94,e0,1,0
BRDA:97,0,0,0
BRDA:97,0,1,0
BRDA:110,0,0,674
BRDA:110,0,1,21
BRDA:111,0,0,348
BRDA:111,0,1,326
BRDA:113,0,0,295
BRDA:113,0,1,53
BRDA:120,0,0,316
BRDA:120,0,1,0
BRDA:120,0,2,21
BRDA:120,0,3,295
BRDA:125,0,0,295
BRDA:125,e0,1,0
BRDA:131,0,0,295
BRDA:131,e0,1,0
BRDA:131,0,2,268
BRDA:131,0,3,27
BRDA:139,0,0,27
BRDA:139,e0,1,0
BRDA:139,0,2,18
BRDA:139,0,3,9
BRDA:149,0,0,9
BRDA:149,e0,1,0
BRDA:149,0,2,8
BRDA:149,0,3,1
BRF:90
BRH:55
DA:16,5
DA:17,5
DA:18,5
DA:20,5
DA:22,316
DA:23,316
DA:24,316
DA:25,316
DA:27,316
DA:28,316
DA:29,316
DA:31,65
DA:33,194
DA:34,129
DA:35,129
DA:38,2
DA:40,2
DA:43,2
DA:45,2
DA:48,2
DA:50,4
DA:51,4
DA:52,6
DA:53,8
DA:54,6
DA:57,2
DA:60,2
DA:61,2
DA:63,2
DA:65,1
DA:68,1
DA:70,1
DA:71,1
DA:73,316
DA:75,316
DA:77,0
DA:82,316
DA:84,316
DA:85,316
DA:91,316
DA:93,118
DA:94,118
DA:96,316
DA:97,0
DA:99,0
DA:102,316
DA:107,316
DA:108,316
DA:110,695
DA:111,674
DA:112,348
DA:113,348
DA:114,295
DA:115,295
DA:120,316
DA:122,21
DA:125,295
DA:126,295
DA:129,295
DA:131,295
DA:133,268
DA:137,27
DA:139,27
DA:141,18
DA:146,9
DA:149,9
DA:151,8
DA:154,1
DA:155,295
LF:69
LH:66
end_of_record
TN:
SF:/home/duong/MediaPlayerApp/src/models/MetadataModel.cpp
FN:13,16,_ZN12media_player6models13MetadataModelC2ERKNSt7__cxx1112basic_stringIcSt11char_traitsIcESaIcEEE
FN:18,21,_ZN12media_player6models13MetadataModel12setCustomTagERKNSt7__cxx1112basic_stringIcSt11char_traitsIcESaIcEEES9_
FN:23,31,_ZNK12media_player6models13MetadataModel12getCustomTagERKNSt7__cxx1112basic_stringIcSt11char_traitsIcESaIcEEE
FN:33,36,_ZNK12media_player6models13MetadataModel10isCompleteEv
FN:38,45,_ZNK12media_player6models13MetadataModel15getDisplayTitleB5cxx11Ev
FN:47,54,_ZNK12media_player6models13MetadataModel16getDisplayArtistB5cxx11Ev
FN:56,77,_ZNK12media_player6models13MetadataModel20getFormattedDurationB5cxx11Ev
FNDA:1,_ZN12media_player6models13MetadataModelC2ERKNSt7__cxx1112basic_stringIcSt11char_traitsIcESaIcEEE
FNDA:8,_ZN12media_player6models13MetadataModel12setCustomTagERKNSt7__cxx1112basic_stringIcSt11char_traitsIcESaIcEEES9_
FNDA:4,_ZNK12media_player6models13MetadataModel12getCustomTagERKNSt7__cxx1112basic_stringIcSt11char_traitsIcESaIcEEE
FNDA:4,_ZNK12media_player6models13MetadataModel10isCompleteEv
FNDA:2,_ZNK12media_player6models13MetadataModel15getDisplayTitleB5cxx11Ev
FNDA:2,_ZNK12media_player6models13MetadataModel16getDisplayArtistB5cxx11Ev
FNDA:3,_ZNK12media_player6models13MetadataModel20getFormattedDurationB5cxx11Ev
FNF:7
FNH:7
BRDA:25,0,0,4
BRDA:25,e0,1,0
BRDA:26,0,0,3
BRDA:26,0,1,1
BRDA:28,0,0,3
BRDA:28,e0,1,0
BRDA:35,0,0,2
BRDA:35,0,1,2
BRDA:35,0,2,1
BRDA:35,0,3,1
BRDA:40,0,0,1
BRDA:40,0,1,1
BRDA:44,0,0,1
BRDA:44,e0,1,0
BRDA:49,0,0,1
BRDA:49,0,1,1
BRDA:53,0,0,1
BRDA:53,e0,1,0
BRDA:62,0,0,3
BRDA:62,e0,1,0
BRDA:64,0,0,0
BRDA:64,0,1,3
BRDA:66,0,0,-
BRDA:66,e0,1,-
BRDA:66,0,2,-
BRDA:66,e0,3,-
BRDA:67,0,0,-
BRDA:67,e0,1,-
BRDA:67,0,2,-
BRDA:67,e0,3,-
BRDA:67,0,4,-
BRDA:67,e0,5,-
BRDA:71,0,0,3
BRDA:71,e0,1,0
BRDA:71,0,2,3
BRDA:71,e0,3,0
BRDA:74,0,0,3
BRDA:74,e0,1,0
BRDA:74,0,2,3
BRDA:74,e0,3,0
BRDA:76,0,0,3
BRDA:76,e0,1,0
BRF:42
BRH:21
DA:13,1
DA:16,1
DA:18,8
DA:20,8
DA:21,8
DA:23,4
DA:25,4
DA:26,4
DA:28,3
DA:30,1
DA:33,4
DA:35,4
DA:38,2
DA:40,2
DA:42,1
DA:44,2
DA:47,2
DA:49,2
DA:51,1
DA:53,2
DA:56,3
DA:58,3
DA:59,3
DA:60,3
DA:62,3
DA:64,3
DA:66,0
DA:67,0
DA:71,3
DA:74,3
DA:76,6
DA:77,3
LF:32
LH:30
end_of_record
TN:
SF:/home/duong/MediaPlayerApp/src/models/PlaybackStateModel.cpp
FN:15,33,_ZNK12media_player6models18PlaybackStateModel20getFormattedPositionB5cxx11Ev
FN:35,53,_ZNK12media_player6models18PlaybackStateModel20getFormattedDurationB5cxx11Ev
FN:55,65,_ZNK12media_player6models18PlaybackStateModel21getProgressPercentageEv
FNDA:4,_ZNK12media_player6models18PlaybackStateModel20getFormattedPositionB5cxx11Ev
FNDA:3,_ZNK12media_player6models18PlaybackStateModel20getFormattedDurationB5cxx11Ev
FNDA:2,_ZNK12media_player6models18PlaybackStateModel21getProgressPercentageEv
FNF:3
FNH:3
BRDA:17,0,0,4
BRDA:17,e0,1,0
BRDA:22,0,0,4
BRDA:22,e0,1,0
BRDA:24,0,0,1
BRDA:24,0,1,3
BRDA:26,0,0,1
BRDA:26,e0,1,0
BRDA:26,0,2,1
BRDA:26,e0,3,0
BRDA:26,0,4,1
BRDA:26,e0,5,0
BRDA:29,0,0,4
BRDA:29,e0,1,0
BRDA:30,0,0,4
BRDA:30,e0,1,0
BRDA:30,0,2,4
BRDA:30,e0,3,0
BRDA:30,0,4,4
BRDA:30,e0,5,0
BRDA:30,0,6,4
BRDA:30,e0,7,0
BRDA:32,0,0,4
BRDA:32,e0,1,0
BRDA:37,0,0,3
BRDA:37,e0,1,0
BRDA:42,0,0,3
BRDA:42,e0,1,0
BRDA:44,0,0,1
BRDA:44,0,1,2
BRDA:46,0,0,1
BRDA:46,e0,1,0
BRDA:46,0,2,1
BRDA:46,e0,3,0
BRDA:46,0,4,1
BRDA:46,e0,5,0
BRDA:49,0,0,3
BRDA:49,e0,1,0
BRDA:50,0,0,3
BRDA:50,e0,1,0
BRDA:50,0,2,3
BRDA:50,e0,3,0
BRDA:50,0,4,3
BRDA:50,e0,5,0
BRDA:50,0,6,3
BRDA:50,e0,7,0
BRDA:52,0,0,3
BRDA:52,e0,1,0
BRDA:57,0,0,2
BRDA:57,e0,1,0
BRDA:58,0,0,1
BRDA:58,0,1,1
BRF:52
BRH:29
DA:15,4
DA:17,4
DA:18,4
DA:19,4
DA:20,4
DA:22,4
DA:24,4
DA:26,1
DA:29,4
DA:30,4
DA:32,8
DA:33,4
DA:35,3
DA:37,3
DA:38,3
DA:39,3
DA:40,3
DA:42,3
DA:44,3
DA:46,1
DA:49,3
DA:50,3
DA:52,6
DA:53,3
DA:55,2
DA:57,2
DA:58,2
DA:60,1
DA:63,1
DA:64,1
DA:65,2
LF:31
LH:31
end_of_record
TN:
SF:/home/duong/MediaPlayerApp/src/models/PlaylistModel.cpp
FN:110,121,_ZNK12media_player6models13PlaylistModel9serializeB5cxx11Ev
FN:123,155,_ZN12media_player6models13PlaylistModel11deserializeERKNSt7__cxx1112basic_stringIcSt11char_traitsIcESaIcEEE
FN:14,20,_ZN12media_player6models13PlaylistModelC2ERKNSt7__cxx1112basic_stringIcSt11char_traitsIcESaIcEEE
FN:157,173,_ZNK12media_player6models13PlaylistModel10generateIdB5cxx11Ev
FN:22,26,_ZNK12media_player6models13PlaylistModel16getTotalDurationEv
FN:28,32,_ZN12media_player6models13PlaylistModel7addItemERKNS0_14MediaFileModelE
FN:34,44,_ZN12media_player6models13PlaylistModel10removeItemEm
FN:46,61,_ZN12media_player6models13PlaylistModel10removeItemERKNSt7__cxx1112basic_stringIcSt11char_traitsIcESaIcEEE
FN:49,51,_ZZN12media_player6models13PlaylistModel10removeItemERKNSt7__cxx1112basic_stringIcSt11char_traitsIcESaIcEEEENKUlRKNS0_14MediaFileModelEE_clESC_
FN:63,67,_ZN12media_player6models13PlaylistModel5clearEv
FN:69,76,_ZNK12media_player6models13PlaylistModel9getItemAtEm
FN:78,91,_ZN12media_player6models13PlaylistModel8moveItemEmm
FN:93,96,_ZNK12media_player6models13PlaylistModel12containsFileERKNSt7__cxx1112basic_stringIcSt11char_traitsIcESaIcEEE
FN:98,108,_ZNK12media_player6models13PlaylistModel13findItemIndexERKNSt7__cxx1112basic_stringIcSt11char_traitsIcESaIcEEE
FNDA:2,_ZNK12media_player6models13PlaylistModel9serializeB5cxx11Ev
FNDA:2,_ZN12media_player6models13PlaylistModel11deserializeERKNSt7__cxx1112basic_stringIcSt11char_traitsIcESaIcEEE
FNDA:9,_ZN12media_player6models13PlaylistModelC2ERKNSt7__cxx1112basic_stringIcSt11char_traitsIcESaIcEEE
FNDA:9,_ZNK12media_player6models13PlaylistModel10generateIdB5cxx11Ev
FNDA:1,_ZNK12media_player6models13PlaylistModel16getTotalDurationEv
FNDA:24,_ZN12media_player6models13PlaylistModel7addItemERKNS0_14MediaFileModelE
FNDA:4,_ZN12media_player6models13PlaylistModel10removeItemEm
FNDA:2,_ZN12media_player6models13PlaylistModel10removeItemERKNSt7__cxx1112basic_stringIcSt11char_traitsIcESaIcEEE
FNDA:2,_ZZN12media_player6models13PlaylistModel10removeItemERKNSt7__cxx1112basic_stringIcSt11char_traitsIcESaIcEEEENKUlRKNS0_14MediaFileModelEE_clESC_
FNDA:1,_ZN12media_player6models13PlaylistModel5clearEv
FNDA:2,_ZNK12media_player6models13PlaylistModel9getItemAtEm
FNDA:4,_ZN12media_player6models13PlaylistModel8moveItemEmm
FNDA:2,_ZNK12media_player6models13PlaylistModel12containsFileERKNSt7__cxx1112basic_stringIcSt11char_traitsIcESaIcEEE
FNDA:5,_ZNK12media_player6models13PlaylistModel13findItemIndexERKNSt7__cxx1112basic_stringIcSt11char_traitsIcESaIcEEE
FNF:14
FNH:14
BRDA:16,0,0,9
BRDA:16,e0,1,0
BRDA:36,0,0,2
BRDA:36,0,1,2
BRDA:41,0,0,2
BRDA:41,e0,1,0
BRDA:48,0,0,2
BRDA:48,e0,1,0
BRDA:50,0,0,2
BRDA:50,e0,1,0
BRDA:53,0,0,1
BRDA:53,0,1,1
BRDA:55,0,0,1
BRDA:55,e0,1,0
BRDA:71,0,0,1
BRDA:71,0,1,1
BRDA:80,0,0,3
BRDA:80,0,1,1
BRDA:80,0,2,1
BRDA:80,0,3,2
BRDA:80,0,4,2
BRDA:80,0,5,2
BRDA:85,0,0,2
BRDA:85,e0,1,0
BRDA:86,0,0,2
BRDA:86,e0,1,0
BRDA:87,0,0,2
BRDA:87,e0,1,0
BRDA:100,0,0,7
BRDA:100,0,1,2
BRDA:102,0,0,7
BRDA:102,e0,1,0
BRDA:102,0,2,3
BRDA:102,0,3,4
BRDA:112,0,0,2
BRDA:112,e0,1,0
BRDA:113,0,0,2
BRDA:113,e0,1,0
BRDA:113,0,2,2
BRDA:113,e0,3,0
BRDA:113,0,4,2
BRDA:113,e0,5,0
BRDA:113,0,6,2
BRDA:113,e0,7,0
BRDA:113,0,8,2
BRDA:113,e0,9,0
BRDA:115,0,0,2
BRDA:115,0,1,2
BRDA:117,0,0,2
BRDA:117,e0,1,0
BRDA:117,0,2,2
BRDA:117,e0,3,0
BRDA:117,0,4,2
BRDA:117,e0,5,0
BRDA:120,0,0,2
BRDA:120,e0,1,0
BRDA:125,0,0,2
BRDA:125,e0,1,0
BRDA:129,0,0,2
BRDA:129,e0,1,0
BRDA:130,0,0,2
BRDA:130,e0,1,0
BRDA:133,0,0,2
BRDA:133,e0,1,0
BRDA:134,0,0,2
BRDA:134,e0,1,0
BRDA:136,0,0,2
BRDA:136,e0,1,0
BRDA:139,0,0,2
BRDA:139,e0,1,0
BRDA:142,0,0,5
BRDA:142,e0,1,0
BRDA:142,0,2,5
BRDA:142,e0,3,0
BRDA:142,0,4,3
BRDA:142,0,5,2
BRDA:144,0,0,0
BRDA:144,0,1,3
BRDA:146,0,0,3
BRDA:146,e0,1,0
BRDA:147,0,0,3
BRDA:147,e0,1,0
BRDA:147,0,2,1
BRDA:147,0,3,2
BRDA:149,0,0,1
BRDA:149,e0,1,0
BRDA:159,0,0,9
BRDA:159,e0,1,0
BRDA:160,0,0,9
BRDA:160,e0,1,0
BRDA:160,0,2,9
BRDA:160,e0,3,0
BRDA:161,0,0,9
BRDA:161,e0,1,0
BRDA:165,0,0,9
BRDA:165,e0,1,0
BRDA:167,0,0,288
BRDA:167,0,1,9
BRDA:169,0,0,288
BRDA:169,e0,1,0
BRDA:169,0,2,288
BRDA:169,e0,3,0
BRF:102
BRH:63
DA:14,9
DA:15,9
DA:16,9
DA:17,9
DA:18,18
DA:20,9
DA:22,1
DA:25,1
DA:28,24
DA:30,24
DA:31,24
DA:32,24
DA:34,4
DA:36,4
DA:38,2
DA:41,2
DA:42,2
DA:43,2
DA:46,2
DA:48,2
DA:49,2
DA:50,2
DA:53,2
DA:55,1
DA:56,1
DA:57,1
DA:60,1
DA:63,1
DA:65,1
DA:66,1
DA:67,1
DA:69,2
DA:71,2
DA:73,1
DA:75,1
DA:78,4
DA:80,4
DA:82,2
DA:85,2
DA:86,2
DA:87,2
DA:88,2
DA:90,2
DA:91,2
DA:93,2
DA:95,2
DA:98,5
DA:100,9
DA:102,7
DA:104,3
DA:107,2
DA:110,2
DA:112,2
DA:113,2
DA:115,4
DA:117,2
DA:120,4
DA:121,2
DA:123,2
DA:125,2
DA:126,2
DA:129,2
DA:130,2
DA:133,2
DA:134,2
DA:136,2
DA:139,2
DA:142,7
DA:144,3
DA:146,3
DA:147,3
DA:149,1
DA:151,3
DA:154,4
DA:155,2
DA:157,9
DA:159,9
DA:160,9
DA:161,9
DA:163,9
DA:164,9
DA:165,9
DA:167,297
DA:169,288
DA:172,18
DA:173,9
LF:86
LH:86
end_of_record
TN:
SF:/home/duong/MediaPlayerApp/src/models/QueueModel.cpp
FN:106,115,_ZNK12media_player6models10QueueModel14getCurrentItemEv
FN:117,140,_ZNK12media_player6models10QueueModel11getNextItemEv
FN:142,161,_ZNK12media_player6models10QueueModel15getPreviousItemEv
FN:15,22,_ZN12media_player6models10QueueModel8addToEndERKNS0_14MediaFileModelE
FN:163,170,_ZNK12media_player6models10QueueModel9getItemAtEm
FN:172,181,_ZNK12media_player6models10QueueModel23getItemsInPlaybackOrderEv
FN:183,204,_ZN12media_player6models10QueueModel10moveToNextEv
FN:206,220,_ZN12media_player6models10QueueModel14moveToPreviousEv
FN:222,231,_ZN12media_player6models10QueueModel6jumpToEm
FN:233,246,_ZNK12media_player6models10QueueModel7hasNextEv
FN:24,38,_ZN12media_player6models10QueueModel7addNextERKNS0_14MediaFileModelE
FN:248,261,_ZNK12media_player6models10QueueModel11hasPreviousEv
FN:263,289,_ZN12media_player6models10QueueModel8moveItemEmm
FN:291,298,_ZN12media_player6models10QueueModel14setShuffleModeEb
FN:300,305,_ZN12media_player6models10QueueModel13setRepeatModeENS0_10RepeatModeE
FN:307,328,_ZN12media_player6models10QueueModel18updateShuffleOrderEv
FN:330,337,_ZNK12media_player6models10QueueModel14getActualIndexEm
FN:40,54,_ZN12media_player6models10QueueModel5addAtERKNS0_14MediaFileModelEm
FN:56,81,_ZN12media_player6models10QueueModel8removeAtEm
FN:83,97,_ZN12media_player6models10QueueModel12removeByPathERKNSt7__cxx1112basic_stringIcSt11char_traitsIcESaIcEEE
FN:86,88,_ZZN12media_player6models10QueueModel12removeByPathERKNSt7__cxx1112basic_stringIcSt11char_traitsIcESaIcEEEENKUlRKNS0_14MediaFileModelEE_clESC_
FN:99,104,_ZN12media_player6models10QueueModel5clearEv
FNDA:51,_ZNK12media_player6models10QueueModel14getCurrentItemEv
FNDA:4,_ZNK12media_player6models10QueueModel11getNextItemEv
FNDA:4,_ZNK12media_player6models10QueueModel15getPreviousItemEv
FNDA:114,_ZN12media_player6models10QueueModel8addToEndERKNS0_14MediaFileModelE
FNDA:9,_ZNK12media_player6models10QueueModel9getItemAtEm
FNDA:6,_ZNK12media_player6models10QueueModel23getItemsInPlaybackOrderEv
FNDA:15,_ZN12media_player6models10QueueModel10moveToNextEv
FNDA:7,_ZN12media_player6models10QueueModel14moveToPreviousEv
FNDA:22,_ZN12media_player6models10QueueModel6jumpToEm
FNDA:3,_ZNK12media_player6models10QueueModel7hasNextEv
FNDA:4,_ZN12media_player6models10QueueModel7addNextERKNS0_14MediaFileModelE
FNDA:4,_ZNK12media_player6models10QueueModel11hasPreviousEv
FNDA:7,_ZN12media_player6models10QueueModel8moveItemEmm
FNDA:9,_ZN12media_player6models10QueueModel14setShuffleModeEb
FNDA:21,_ZN12media_player6models10QueueModel13setRepeatModeENS0_10RepeatModeE
FNDA:9,_ZN12media_player6models10QueueModel18updateShuffleOrderEv
FNDA:57,_ZNK12media_player6models10QueueModel14getActualIndexEm
FNDA:2,_ZN12media_player6models10QueueModel5addAtERKNS0_14MediaFileModelEm
FNDA:13,_ZN12media_player6models10QueueModel8removeAtEm
FNDA:8,_ZN12media_player6models10QueueModel12removeByPathERKNSt7__cxx1112basic_stringIcSt11char_traitsIcESaIcEEE
FNDA:8,_ZZN12media_player6models10QueueModel12removeByPathERKNSt7__cxx1112basic_stringIcSt11char_traitsIcESaIcEEEENKUlRKNS0_14MediaFileModelEE_clESC_
FNDA:2,_ZN12media_player6models10QueueModel5clearEv
FNF:22
FNH:22
BRDA:18,0,0,1
BRDA:18,0,1,113
BRDA:26,0,0,1
BRDA:26,0,1,3
BRDA:32,0,0,3
BRDA:32,e0,1,0
BRDA:34,0,0,0
BRDA:34,0,1,4
BRDA:42,0,0,1
BRDA:42,0,1,1
BRDA:48,0,0,1
BRDA:48,e0,1,0
BRDA:50,0,0,0
BRDA:50,0,1,2
BRDA:58,0,0,3
BRDA:58,0,1,10
BRDA:63,0,0,10
BRDA:63,e0,1,0
BRDA:65,0,0,1
BRDA:65,0,1,9
BRDA:70,0,0,1
BRDA:70,0,1,9
BRDA:70,0,2,1
BRDA:70,0,3,0
BRDA:70,0,4,1
BRDA:70,0,5,9
BRDA:75,0,0,1
BRDA:75,0,1,9
BRDA:85,0,0,8
BRDA:85,e0,1,0
BRDA:87,0,0,8
BRDA:87,e0,1,0
BRDA:90,0,0,6
BRDA:90,0,1,2
BRDA:93,0,0,6
BRDA:93,e0,1,0
BRDA:108,0,0,48
BRDA:108,0,1,3
BRDA:108,0,2,0
BRDA:108,0,3,48
BRDA:108,0,4,3
BRDA:108,0,5,48
BRDA:119,0,0,1
BRDA:119,0,1,3
BRDA:126,0,0,2
BRDA:126,0,1,1
BRDA:128,0,0,1
BRDA:128,0,1,1
BRDA:144,0,0,1
BRDA:144,0,1,3
BRDA:149,0,0,2
BRDA:149,0,1,1
BRDA:151,0,0,1
BRDA:151,0,1,1
BRDA:165,0,0,1
BRDA:165,0,1,8
BRDA:174,0,0,1
BRDA:174,0,1,5
BRDA:175,0,0,2
BRDA:175,0,1,3
BRDA:175,0,2,2
BRDA:175,e0,3,0
BRDA:177,0,0,3
BRDA:177,e0,1,0
BRDA:178,0,0,5
BRDA:178,0,1,3
BRDA:179,0,0,5
BRDA:179,e0,1,0
BRDA:185,0,0,2
BRDA:185,0,1,13
BRDA:192,0,0,6
BRDA:192,0,1,7
BRDA:194,0,0,3
BRDA:194,0,1,3
BRDA:208,0,0,5
BRDA:208,0,1,2
BRDA:208,0,2,2
BRDA:208,0,3,3
BRDA:208,0,4,4
BRDA:208,0,5,3
BRDA:210,0,0,1
BRDA:210,0,1,3
BRDA:210,0,2,1
BRDA:210,0,3,0
BRDA:210,0,4,1
BRDA:210,0,5,3
BRDA:224,0,0,3
BRDA:224,0,1,19
BRDA:235,0,0,1
BRDA:235,0,1,2
BRDA:240,0,0,1
BRDA:240,0,1,1
BRDA:250,0,0,1
BRDA:250,0,1,3
BRDA:255,0,0,1
BRDA:255,0,1,2
BRDA:265,0,0,5
BRDA:265,0,1,2
BRDA:265,0,2,1
BRDA:265,0,3,4
BRDA:265,0,4,3
BRDA:265,0,5,4
BRDA:270,0,0,4
BRDA:270,e0,1,0
BRDA:271,0,0,4
BRDA:271,e0,1,0
BRDA:272,0,0,4
BRDA:272,e0,1,0
BRDA:275,0,0,3
BRDA:275,0,1,1
BRDA:279,0,0,0
BRDA:279,0,1,1
BRDA:279,0,2,0
BRDA:279,0,3,0
BRDA:283,0,0,1
BRDA:283,0,1,0
BRDA:283,0,2,1
BRDA:283,0,3,0
BRDA:294,0,0,7
BRDA:294,0,1,2
BRDA:303,0,0,19
BRDA:303,0,1,2
BRDA:303,0,2,7
BRDA:303,0,3,12
BRDA:310,0,0,3
BRDA:310,0,1,6
BRDA:311,0,0,6
BRDA:311,e0,1,0
BRDA:313,0,0,9
BRDA:313,0,1,6
BRDA:315,0,0,9
BRDA:315,e0,1,0
BRDA:319,0,0,6
BRDA:319,e0,1,0
BRDA:320,0,0,6
BRDA:320,e0,1,0
BRDA:320,0,2,6
BRDA:320,e0,3,0
BRDA:322,0,0,3
BRDA:322,0,1,6
BRDA:324,0,0,3
BRDA:324,e0,1,0
BRDA:325,0,0,3
BRDA:325,e0,1,0
BRDA:332,0,0,5
BRDA:332,0,1,52
BRDA:332,0,2,5
BRDA:332,0,3,0
BRDA:332,0,4,5
BRDA:332,0,5,52
BRF:150
BRH:120
DA:15,114
DA:17,114
DA:18,114
DA:20,1
DA:22,114
DA:24,4
DA:26,4
DA:28,1
DA:32,3
DA:34,4
DA:36,0
DA:38,4
DA:40,2
DA:42,2
DA:44,1
DA:48,1
DA:50,2
DA:52,0
DA:54,2
DA:56,13
DA:58,13
DA:60,3
DA:63,10
DA:65,10
DA:67,1
DA:70,10
DA:72,1
DA:75,10
DA:77,1
DA:80,10
DA:83,8
DA:85,8
DA:86,8
DA:87,8
DA:90,8
DA:92,6
DA:93,6
DA:96,2
DA:99,2
DA:101,2
DA:102,2
DA:103,2
DA:104,2
DA:106,51
DA:108,51
DA:110,3
DA:113,48
DA:114,48
DA:117,4
DA:119,4
DA:121,1
DA:124,3
DA:126,3
DA:128,2
DA:130,1
DA:134,1
DA:138,2
DA:139,2
DA:142,4
DA:144,4
DA:146,1
DA:149,3
DA:151,2
DA:153,1
DA:154,1
DA:156,1
DA:159,1
DA:160,1
DA:163,9
DA:165,9
DA:167,1
DA:169,8
DA:172,6
DA:174,6
DA:175,5
DA:176,3
DA:177,3
DA:178,8
DA:179,5
DA:180,3
DA:181,3
DA:183,15
DA:185,15
DA:187,2
DA:190,13
DA:192,13
DA:194,6
DA:196,3
DA:197,3
DA:199,3
DA:200,3
DA:203,7
DA:206,7
DA:208,7
DA:210,4
DA:212,1
DA:213,1
DA:215,3
DA:218,3
DA:219,3
DA:222,22
DA:224,22
DA:226,3
DA:229,19
DA:230,19
DA:233,3
DA:235,3
DA:237,1
DA:240,2
DA:242,1
DA:245,1
DA:248,4
DA:250,4
DA:252,1
DA:255,3
DA:257,1
DA:260,2
DA:263,7
DA:265,7
DA:267,3
DA:270,4
DA:271,4
DA:272,4
DA:275,4
DA:277,3
DA:279,1
DA:281,0
DA:283,1
DA:285,1
DA:288,4
DA:289,4
DA:291,9
DA:293,9
DA:294,9
DA:296,7
DA:298,9
DA:300,21
DA:302,21
DA:303,21
DA:305,21
DA:307,9
DA:309,9
DA:310,9
DA:311,6
DA:313,15
DA:315,9
DA:319,6
DA:320,6
DA:322,9
DA:324,3
DA:325,3
DA:326,3
DA:328,6
DA:330,57
DA:332,57
DA:334,5
DA:336,52
LF:157
LH:154
end_of_record
TN:
SF:/usr/include/c++/13/bit
FN:195,237,_ZSt13__countl_zeroImEiT_
FN:365,369,_ZSt11__bit_widthImEiT_
FNDA:0,_ZSt13__countl_zeroImEiT_
FNDA:0,_ZSt11__bit_widthImEiT_
FNF:2
FNH:0
BRDA:200,0,0,-
BRDA:200,0,1,-
BRF:2
BRH:0
DA:195,0
DA:198,0
DA:200,0
DA:201,0
DA:203,0
DA:204,0
DA:205,0
DA:214,0
DA:215,0
DA:365,0
DA:367,0
DA:368,0
LF:12
LH:0
end_of_record
TN:
SF:/usr/include/c++/13/bits/alloc_traits.h
FNF:0
FNH:0
BRDA:948,0,0,0
BRDA:948,e0,1,0
BRF:2
BRH:0
DA:482,7
DA:517,0
DA:538,7
DA:542,7
DA:562,0
DA:574,0
DA:588,0
DA:948,1
DA:949,0
LF:9
LH:4
end_of_record
TN:
SF:/usr/include/c++/13/bits/allocator.h
FNF:0
FNH:0
DA:163,0
DA:168,0
DA:184,17
LF:3
LH:1
end_of_record
TN:
SF:/usr/include/c++/13/bits/basic_string.h
FN:3528,3541,_ZSt12__str_concatINSt7__cxx1112basic_stringIcSt11char_traitsIcESaIcEEEET_PKNS6_10value_typeENS6_9size_typeES9_SA_RKNS6_14allocator_typeE
FN:3607,3615,_ZStplIcSt11char_traitsIcESaIcEENSt7__cxx1112basic_stringIT_T0_T1_EERKS8_PKS5_
FN:3637,3639,_ZStplIcSt11char_traitsIcESaIcEENSt7__cxx1112basic_stringIT_T0_T1_EEOS8_RKS8_
FN:3651,3669,_ZStplIcSt11char_traitsIcESaIcEENSt7__cxx1112basic_stringIT_T0_T1_EEOS8_S9_
FN:3688,3690,_ZStplIcSt11char_traitsIcESaIcEENSt7__cxx1112basic_stringIT_T0_T1_EEOS8_PKS5_
FN:3710,3716,_ZSteqIcSt11char_traitsIcESaIcEEbRKNSt7__cxx1112basic_stringIT_T0_T1_EESA_
FN:3829,3832,_ZStltIcSt11char_traitsIcESaIcEEbRKNSt7__cxx1112basic_stringIT_T0_T1_EESA_
FN:4162,4173,_ZNSt7__cxx119to_stringEi
FN:4204,4212,_ZNSt7__cxx119to_stringEm
FN:641,650,_ZNSt7__cxx1112basic_stringIcSt11char_traitsIcESaIcEEC2IS3_EEPKcRKS3_
FN:664,666,_ZNSt7__cxx1112basic_stringIcSt11char_traitsIcESaIcEEC2IS3_EEmcRKS3_
FN:795,796,_ZNSt7__cxx1112basic_stringIcSt11char_traitsIcESaIcEEC2ISt17basic_string_viewIcS2_EvEERKT_RKS3_
FNDA:0,_ZSt12__str_concatINSt7__cxx1112basic_stringIcSt11char_traitsIcESaIcEEEET_PKNS6_10value_typeENS6_9size_typeES9_SA_RKNS6_14allocator_typeE
FNDA:0,_ZStplIcSt11char_traitsIcESaIcEENSt7__cxx1112basic_stringIT_T0_T1_EERKS8_PKS5_
FNDA:0,_ZStplIcSt11char_traitsIcESaIcEENSt7__cxx1112basic_stringIT_T0_T1_EEOS8_RKS8_
FNDA:0,_ZStplIcSt11char_traitsIcESaIcEENSt7__cxx1112basic_stringIT_T0_T1_EEOS8_S9_
FNDA:0,_ZStplIcSt11char_traitsIcESaIcEENSt7__cxx1112basic_stringIT_T0_T1_EEOS8_PKS5_
FNDA:0,_ZSteqIcSt11char_traitsIcESaIcEEbRKNSt7__cxx1112basic_stringIT_T0_T1_EESA_
FNDA:0,_ZStltIcSt11char_traitsIcESaIcEEbRKNSt7__cxx1112basic_stringIT_T0_T1_EESA_
FNDA:0,_ZNSt7__cxx119to_stringEi
FNDA:2,_ZNSt7__cxx119to_stringEm
FNDA:0,_ZNSt7__cxx1112basic_stringIcSt11char_traitsIcESaIcEEC2IS3_EEPKcRKS3_
FNDA:0,_ZNSt7__cxx1112basic_stringIcSt11char_traitsIcESaIcEEC2IS3_EEmcRKS3_
FNDA:0,_ZNSt7__cxx1112basic_stringIcSt11char_traitsIcESaIcEEC2ISt17basic_string_viewIcS2_EvEERKT_RKS3_
FNF:12
FNH:1
BRDA:645,0,0,-
BRDA:645,0,1,-
BRDA:648,0,0,-
BRDA:648,e0,1,-
BRDA:649,0,0,-
BRDA:649,e0,1,-
BRDA:666,0,0,-
BRDA:666,e0,1,-
BRDA:796,0,0,-
BRDA:796,e0,1,-
BRDA:3537,0,0,-
BRDA:3537,e0,1,-
BRDA:3538,0,0,-
BRDA:3538,e0,1,-
BRDA:3539,0,0,-
BRDA:3539,e0,1,-
BRDA:3614,0,0,-
BRDA:3614,e0,1,-
BRDA:3614,0,2,-
BRDA:3614,e0,3,-
BRDA:3661,0,0,-
BRDA:3661,0,1,-
BRDA:3665,0,0,-
BRDA:3665,0,1,-
BRDA:3665,0,2,-
BRDA:3665,0,3,-
BRDA:3665,0,4,-
BRDA:3665,0,5,-
BRDA:3715,0,0,-
BRDA:3715,0,1,-
BRDA:3715,0,2,-
BRDA:3715,0,3,-
BRDA:4168,0,0,-
BRDA:4168,0,1,-
BRDA:4209,0,0,2
BRDA:4209,e0,1,0
BRDA:4210,0,0,2
BRDA:4210,e0,1,0
BRF:38
BRH:2
DA:355,0
DA:641,0
DA:642,0
DA:645,0
DA:646,0
DA:648,0
DA:649,0
DA:650,0
DA:664,0
DA:665,0
DA:666,0
DA:795,0
DA:796,0
DA:3528,0
DA:3536,0
DA:3537,0
DA:3538,0
DA:3539,0
DA:3540,0
DA:3541,0
DA:3607,0
DA:3614,0
DA:3637,0
DA:3639,0
DA:3651,0
DA:3656,0
DA:3658,0
DA:3661,0
DA:3664,0
DA:3665,0
DA:3666,0
DA:3668,0
DA:3688,0
DA:3690,0
DA:3710,0
DA:3714,0
DA:3715,0
DA:3829,0
DA:3832,0
DA:4162,0
DA:4167,0
DA:4168,0
DA:4169,0
DA:4170,0
DA:4171,0
DA:4172,0
DA:4204,2
DA:4209,2
DA:4210,2
DA:4211,2
DA:4212,0
LF:51
LH:4
end_of_record
TN:
SF:/usr/include/c++/13/bits/basic_string.tcc
FN:221,252,_ZNSt7__cxx1112basic_stringIcSt11char_traitsIcESaIcEE12_M_constructIPKcEEvT_S8_St20forward_iterator_tag
FN:221,252,_ZNSt7__cxx1112basic_stringIcSt11char_traitsIcESaIcEE12_M_constructIPcEEvT_S7_St20forward_iterator_tag
FN:239,239,_ZZNSt7__cxx1112basic_stringIcSt11char_traitsIcESaIcEE12_M_constructIPKcEEvT_S8_St20forward_iterator_tagEN6_GuardC2EPS4_
FN:239,239,_ZZNSt7__cxx1112basic_stringIcSt11char_traitsIcESaIcEE12_M_constructIPcEEvT_S7_St20forward_iterator_tagEN6_GuardC2EPS4_
FN:242,242,_ZZNSt7__cxx1112basic_stringIcSt11char_traitsIcESaIcEE12_M_constructIPKcEEvT_S8_St20forward_iterator_tagEN6_GuardD2Ev
FN:242,242,_ZZNSt7__cxx1112basic_stringIcSt11char_traitsIcESaIcEE12_M_constructIPcEEvT_S7_St20forward_iterator_tagEN6_GuardD2Ev
FNDA:0,_ZNSt7__cxx1112basic_stringIcSt11char_traitsIcESaIcEE12_M_constructIPKcEEvT_S8_St20forward_iterator_tag
FNDA:0,_ZNSt7__cxx1112basic_stringIcSt11char_traitsIcESaIcEE12_M_constructIPcEEvT_S7_St20forward_iterator_tag
FNDA:0,_ZZNSt7__cxx1112basic_stringIcSt11char_traitsIcESaIcEE12_M_constructIPKcEEvT_S8_St20forward_iterator_tagEN6_GuardC2EPS4_
FNDA:0,_ZZNSt7__cxx1112basic_stringIcSt11char_traitsIcESaIcEE12_M_constructIPcEEvT_S7_St20forward_iterator_tagEN6_GuardC2EPS4_
FNDA:0,_ZZNSt7__cxx1112basic_stringIcSt11char_traitsIcESaIcEE12_M_constructIPKcEEvT_S8_St20forward_iterator_tagEN6_GuardD2Ev
FNDA:0,_ZZNSt7__cxx1112basic_stringIcSt11char_traitsIcESaIcEE12_M_constructIPcEEvT_S7_St20forward_iterator_tagEN6_GuardD2Ev
FNF:6
FNH:0
BRDA:227,0,0,-
BRDA:227,0,1,-
BRDA:229,0,0,-
BRDA:229,e0,1,-
BRDA:242,0,0,-
BRDA:242,0,1,-
BRF:6
BRH:0
DA:221,0
DA:225,0
DA:227,0
DA:229,0
DA:230,0
DA:239,0
DA:242,0
DA:245,0
DA:247,0
DA:249,0
DA:251,0
DA:252,0
LF:12
LH:0
end_of_record
TN:
SF:/usr/include/c++/13/bits/char_traits.h
FN:136,137,_ZN9__gnu_cxx11char_traitsIcE2eqERKcS3_
FN:199,206,_ZN9__gnu_cxx11char_traitsIcE6lengthEPKc
FN:366,371,_ZNSt11char_traitsIcE2ltERKcS2_
FN:374,390,_ZNSt11char_traitsIcE7compareEPKcS2_m
FN:393,400,_ZNSt11char_traitsIcE6lengthEPKc
FN:427,436,_ZNSt11char_traitsIcE4copyEPcPKcm
FNDA:0,_ZN9__gnu_cxx11char_traitsIcE2eqERKcS3_
FNDA:0,_ZN9__gnu_cxx11char_traitsIcE6lengthEPKc
FNDA:0,_ZNSt11char_traitsIcE2ltERKcS2_
FNDA:0,_ZNSt11char_traitsIcE7compareEPKcS2_m
FNDA:0,_ZNSt11char_traitsIcE6lengthEPKc
FNDA:0,_ZNSt11char_traitsIcE4copyEPcPKcm
FNF:6
FNH:0
BRDA:203,0,0,-
BRDA:203,0,1,-
BRDA:376,0,0,-
BRDA:376,0,1,-
BRDA:379,0,0,-
BRDA:379,0,1,-
BRDA:381,0,0,-
BRDA:381,0,1,-
BRDA:382,0,0,-
BRDA:382,0,1,-
BRDA:384,0,0,-
BRDA:384,0,1,-
BRDA:396,0,0,-
BRDA:396,0,1,-
BRDA:429,0,0,-
BRDA:429,0,1,-
BRF:16
BRH:0
DA:136,0
DA:137,0
DA:199,0
DA:202,0
DA:203,0
DA:204,0
DA:205,0
DA:366,0
DA:369,0
DA:370,0
DA:374,0
DA:376,0
DA:377,0
DA:379,0
DA:381,0
DA:382,0
DA:383,0
DA:384,0
DA:385,0
DA:386,0
DA:389,0
DA:393,0
DA:396,0
DA:397,0
DA:399,0
DA:427,0
DA:429,0
DA:430,0
DA:435,0
LF:29
LH:0
end_of_record
TN:
SF:/usr/include/c++/13/bits/charconv.h
FN:55,74,_ZNSt8__detail14__to_chars_lenIjEEjT_i
FN:55,74,_ZNSt8__detail14__to_chars_lenImEEjT_i
FN:81,110,_ZNSt8__detail18__to_chars_10_implIjEEvPcjT_
FN:81,110,_ZNSt8__detail18__to_chars_10_implImEEvPcjT_
FNDA:0,_ZNSt8__detail14__to_chars_lenIjEEjT_i
FNDA:2,_ZNSt8__detail14__to_chars_lenImEEjT_i
FNDA:0,_ZNSt8__detail18__to_chars_10_implIjEEvPcjT_
FNDA:2,_ZNSt8__detail18__to_chars_10_implImEEvPcjT_
FNF:4
FNH:2
BRDA:67,0,0,2
BRDA:67,0,1,0
BRDA:68,0,0,-
BRDA:68,0,1,-
BRDA:69,0,0,-
BRDA:69,0,1,-
BRDA:70,0,0,-
BRDA:70,0,1,-
BRDA:94,0,0,0
BRDA:94,0,1,2
BRDA:102,0,0,0
BRDA:102,0,1,2
BRF:12
BRH:3
DA:55,2
DA:61,2
DA:62,2
DA:63,2
DA:64,2
DA:67,2
DA:68,0
DA:69,0
DA:70,0
DA:71,0
DA:72,0
DA:81,2
DA:87,2
DA:93,2
DA:94,2
DA:96,0
DA:97,0
DA:98,0
DA:99,0
DA:100,0
DA:102,2
DA:104,0
DA:105,0
DA:106,0
DA:109,2
DA:110,2
LF:26
LH:13
end_of_record
TN:
SF:/usr/include/c++/13/bits/chrono.h
FN:498,499,_ZNSt6chrono15duration_valuesIlE4zeroEv
FN:573,574,_ZNSt6chrono8durationIlSt5ratioILl1ELl1000000000EEEC1IlvEERKT_
FN:673,674,_ZNSt6chrono8durationIlSt5ratioILl1ELl1000000000EEE4zeroEv
FN:933,934,_ZNSt6chrono10time_pointINSt10filesystem12__file_clockENS_8durationIlSt5ratioILl1ELl1000000000EEEEEC2Ev
FNDA:0,_ZNSt6chrono15duration_valuesIlE4zeroEv
FNDA:0,_ZNSt6chrono8durationIlSt5ratioILl1ELl1000000000EEEC1IlvEERKT_
FNDA:0,_ZNSt6chrono8durationIlSt5ratioILl1ELl1000000000EEE4zeroEv
FNDA:321,_ZNSt6chrono10time_pointINSt10filesystem12__file_clockENS_8durationIlSt5ratioILl1ELl1000000000EEEEEC2Ev
FNF:4
FNH:1
DA:498,0
DA:499,0
DA:573,0
DA:574,0
DA:673,0
DA:674,0
DA:933,321
DA:934,321
LF:8
LH:2
end_of_record
TN:
SF:/usr/include/c++/13/bits/cpp_type_traits.h
FN:607,608,_ZSt12__miter_baseIN9__gnu_cxx17__normal_iteratorIPN12media_player6models14MediaFileModelESt6vectorIS4_SaIS4_EEEEET_SA_
FN:607,608,_ZSt12__miter_baseIPN12media_player6models14MediaFileModelEET_S4_
FNDA:42,_ZSt12__miter_baseIN9__gnu_cxx17__normal_iteratorIPN12media_player6models14MediaFileModelESt6vectorIS4_SaIS4_EEEEET_SA_
FNDA:0,_ZSt12__miter_baseIPN12media_player6models14MediaFileModelEET_S4_
FNF:2
FNH:1
DA:607,42
DA:608,42
LF:2
LH:2
end_of_record
TN:
SF:/usr/include/c++/13/bits/fs_dir.h
FN:77,77,_ZNKSt10filesystem11file_status4typeEv
FNDA:0,_ZNKSt10filesystem11file_status4typeEv
FNF:1
FNH:0
DA:77,0
LF:1
LH:0
end_of_record
TN:
SF:/usr/include/c++/13/bits/fs_ops.h
FN:128,129,_ZNSt10filesystem6existsENS_11file_statusE
FN:133,134,_ZNSt10filesystem6existsERKNS_7__cxx114pathE
FN:363,364,_ZNSt10filesystem12status_knownENS_11file_statusE
FNDA:0,_ZNSt10filesystem6existsENS_11file_statusE
FNDA:0,_ZNSt10filesystem6existsERKNS_7__cxx114pathE
FNDA:0,_ZNSt10filesystem12status_knownENS_11file_statusE
FNF:3
FNH:0
BRDA:129,0,0,-
BRDA:129,0,1,-
BRDA:129,0,2,-
BRDA:129,0,3,-
BRF:4
BRH:0
DA:128,0
DA:129,0
DA:133,0
DA:134,0
DA:363,0
DA:364,0
LF:6
LH:0
end_of_record
TN:
SF:/usr/include/c++/13/bits/fs_path.h
FN:1014,1016,_ZNSt10filesystem7__cxx114path8iteratorC2EPKS1_PKNS1_5_CmptE
FN:1018,1020,_ZNSt10filesystem7__cxx114path8iteratorC2EPKS1_b
FN:1161,1167,_ZNKSt10filesystem7__cxx114path6stringIcSt11char_traitsIcESaIcEEENSt7__cxx1112basic_stringIT_T0_T1_EERKSA_
FN:1170,1170,_ZNKSt10filesystem7__cxx114path6stringEv
FN:1283,1298,_ZNKSt10filesystem7__cxx114path8filenameEv
FN:1310,1316,_ZNKSt10filesystem7__cxx114path9extensionEv
FN:1351,1356,_ZNKSt10filesystem7__cxx114path3endEv
FN:1376,1390,_ZNSt10filesystem7__cxx114path8iteratormmEv
FN:1393,1402,_ZNKSt10filesystem7__cxx114path8iteratordeEv
FN:183,185,_ZNSt10filesystem7__cxx118__detail17__effective_rangeIcSt11char_traitsIcESaIcEEESt17basic_string_viewIT_S3_IS7_EERKNSt7__cxx1112basic_stringIS7_T0_T1_EE
FN:315,315,_ZNSt10filesystem7__cxx114pathC2Ev
FN:317,317,_ZNSt10filesystem7__cxx114pathC2ERKS1_
FN:324,326,_ZNSt10filesystem7__cxx114pathC2EONSt7__cxx1112basic_stringIcSt11char_traitsIcESaIcEEENS1_6formatE
FN:330,332,_ZNSt10filesystem7__cxx114pathC2INSt7__cxx1112basic_stringIcSt11char_traitsIcESaIcEEES1_EERKT_NS1_6formatE
FN:355,355,_ZNSt10filesystem7__cxx114pathD2Ev
FN:513,513,_ZNKSt10filesystem7__cxx114path5emptyEv
FN:618,633,_ZNSt10filesystem7__cxx114path10_S_convertISt17basic_string_viewIcSt11char_traitsIcEEEEDaT_
FN:672,672,_ZNKSt10filesystem7__cxx114path7_M_typeEv
FN:689,689,_ZNSt10filesystem7__cxx114path5_ListD2Ev
FN:691,692,_ZNKSt10filesystem7__cxx114path5_List4typeEv
FN:957,957,_ZNKSt10filesystem7__cxx114path8iteratorptEv
FN:981,982,_ZNKSt10filesystem7__cxx114path8iterator11_M_is_multiEv
FNDA:0,_ZNSt10filesystem7__cxx114path8iteratorC2EPKS1_PKNS1_5_CmptE
FNDA:0,_ZNSt10filesystem7__cxx114path8iteratorC2EPKS1_b
FNDA:0,_ZNKSt10filesystem7__cxx114path6stringIcSt11char_traitsIcESaIcEEENSt7__cxx1112basic_stringIT_T0_T1_EERKSA_
FNDA:0,_ZNKSt10filesystem7__cxx114path6stringEv
FNDA:0,_ZNKSt10filesystem7__cxx114path8filenameEv
FNDA:0,_ZNKSt10filesystem7__cxx114path9extensionEv
FNDA:0,_ZNKSt10filesystem7__cxx114path3endEv
FNDA:0,_ZNSt10filesystem7__cxx114path8iteratormmEv
FNDA:0,_ZNKSt10filesystem7__cxx114path8iteratordeEv
FNDA:0,_ZNSt10filesystem7__cxx118__detail17__effective_rangeIcSt11char_traitsIcESaIcEEESt17basic_string_viewIT_S3_IS7_EERKNSt7__cxx1112basic_stringIS7_T0_T1_EE
FNDA:0,_ZNSt10filesystem7__cxx114pathC2Ev
FNDA:0,_ZNSt10filesystem7__cxx114pathC2ERKS1_
FNDA:0,_ZNSt10filesystem7__cxx114pathC2EONSt7__cxx1112basic_stringIcSt11char_traitsIcESaIcEEENS1_6formatE
FNDA:0,_ZNSt10filesystem7__cxx114pathC2INSt7__cxx1112basic_stringIcSt11char_traitsIcESaIcEEES1_EERKT_NS1_6formatE
FNDA:0,_ZNSt10filesystem7__cxx114pathD2Ev
FNDA:0,_ZNKSt10filesystem7__cxx114path5emptyEv
FNDA:0,_ZNSt10filesystem7__cxx114path10_S_convertISt17basic_string_viewIcSt11char_traitsIcEEEEDaT_
FNDA:0,_ZNKSt10filesystem7__cxx114path7_M_typeEv
FNDA:0,_ZNSt10filesystem7__cxx114path5_ListD2Ev
FNDA:0,_ZNKSt10filesystem7__cxx114path5_List4typeEv
FNDA:0,_ZNKSt10filesystem7__cxx114path8iteratorptEv
FNDA:0,_ZNKSt10filesystem7__cxx114path8iterator11_M_is_multiEv
FNF:22
FNH:0
BRDA:317,0,0,-
BRDA:317,e0,1,-
BRDA:325,0,0,-
BRDA:325,e0,1,-
BRDA:326,0,0,-
BRDA:326,e0,1,-
BRDA:331,0,0,-
BRDA:331,e0,1,-
BRDA:331,0,2,-
BRDA:331,e0,3,-
BRDA:332,0,0,-
BRDA:332,e0,1,-
BRDA:1170,0,0,-
BRDA:1170,e0,1,-
BRDA:1285,0,0,-
BRDA:1285,0,1,-
BRDA:1287,0,0,-
BRDA:1287,0,1,-
BRDA:1289,0,0,-
BRDA:1289,0,1,-
BRDA:1291,0,0,-
BRDA:1291,0,1,-
BRDA:1294,0,0,-
BRDA:1294,0,1,-
BRDA:1295,0,0,-
BRDA:1295,e0,1,-
BRDA:1313,0,0,-
BRDA:1313,0,1,-
BRDA:1313,0,2,-
BRDA:1313,0,3,-
BRDA:1314,0,0,-
BRDA:1314,e0,1,-
BRDA:1314,0,2,-
BRDA:1314,e0,3,-
BRDA:1353,0,0,-
BRDA:1353,0,1,-
BRDA:1378,0,0,-
BRDA:1378,0,1,-
BRDA:1378,0,2,-
BRDA:1378,0,3,-
BRDA:1378,0,4,-
BRDA:1378,0,5,-
BRDA:1379,0,0,-
BRDA:1379,0,1,-
BRDA:1381,0,0,-
BRDA:1381,0,1,-
BRDA:1381,0,2,-
BRDA:1381,0,3,-
BRDA:1381,0,4,-
BRDA:1381,0,5,-
BRDA:1386,0,0,-
BRDA:1386,0,1,-
BRDA:1386,0,2,-
BRDA:1386,0,3,-
BRDA:1386,0,4,-
BRDA:1386,0,5,-
BRDA:1395,0,0,-
BRDA:1395,0,1,-
BRDA:1395,0,2,-
BRDA:1395,0,3,-
BRDA:1395,0,4,-
BRDA:1395,0,5,-
BRDA:1396,0,0,-
BRDA:1396,0,1,-
BRDA:1398,0,0,-
BRDA:1398,0,1,-
BRDA:1398,0,2,-
BRDA:1398,0,3,-
BRDA:1398,0,4,-
BRDA:1398,0,5,-
BRF:70
BRH:0
DA:183,0
DA:185,0
DA:315,0
DA:317,0
DA:324,0
DA:325,0
DA:326,0
DA:330,0
DA:331,0
DA:332,0
DA:355,0
DA:513,0
DA:618,0
DA:622,0
DA:672,0
DA:689,0
DA:691,0
DA:692,0
DA:957,0
DA:981,0
DA:982,0
DA:1014,0
DA:1015,0
DA:1016,0
DA:1018,0
DA:1019,0
DA:1020,0
DA:1161,0
DA:1164,0
DA:1170,0
DA:1283,0
DA:1285,0
DA:1286,0
DA:1287,0
DA:1288,0
DA:1289,0
DA:1291,0
DA:1292,0
DA:1293,0
DA:1294,0
DA:1295,0
DA:1297,0
DA:1310,0
DA:1312,0
DA:1313,0
DA:1314,0
DA:1315,0
DA:1351,0
DA:1353,0
DA:1354,0
DA:1355,0
DA:1376,0
DA:1378,0
DA:1379,0
DA:1381,0
DA:1382,0
DA:1386,0
DA:1387,0
DA:1389,0
DA:1393,0
DA:1395,0
DA:1396,0
DA:1398,0
DA:1399,0
DA:1401,0
LF:65
LH:0
end_of_record
TN:
SF:/usr/include/c++/13/bits/ios_base.h
FN:130,131,_ZStorSt13_Ios_OpenmodeS_
FNDA:4,_ZStorSt13_Ios_OpenmodeS_
FNF:1
FNH:1
DA:130,4
DA:131,4
LF:2
LH:2
end_of_record
TN:
SF:/usr/include/c++/13/bits/move.h
FN:189,200,_ZSt4swapIN12media_player6models14MediaFileModelEENSt9enable_ifIXsrSt6__and_IJSt6__not_ISt15__is_tuple_likeIT_EESt21is_move_constructibleIS7_ESt18is_move_assignableIS7_EEE5valueEvE4typeERS7_SH_
FN:189,200,_ZSt4swapImENSt9enable_ifIXsrSt6__and_IJSt6__not_ISt15__is_tuple_likeIT_EESt21is_move_constructibleIS4_ESt18is_move_assignableIS4_EEE5valueEvE4typeERS4_SE_
FN:51,52,_ZSt11__addressofIKNSt10filesystem7__cxx114pathEEPT_RS4_
FN:51,52,_ZSt11__addressofIN12media_player6models14MediaFileModelEEPT_RS3_
FN:70,71,_ZSt7forwardIN12media_player6models14MediaFileModelEEOT_RNSt16remove_referenceIS3_E4typeE
FN:70,71,_ZSt7forwardIRKN12media_player6models14MediaFileModelEEOT_RNSt16remove_referenceIS5_E4typeE
FN:70,71,_ZSt7forwardIRKNSt7__cxx1112basic_stringIcSt11char_traitsIcESaIcEEEEOT_RNSt16remove_referenceIS8_E4typeE
FN:70,71,_ZSt7forwardIRKSt21piecewise_construct_tEOT_RNSt16remove_referenceIS3_E4typeE
FN:70,71,_ZSt7forwardIRKmEOT_RNSt16remove_referenceIS2_E4typeE
FN:70,71,_ZSt7forwardIRPSt13_Rb_tree_nodeISt4pairIKNSt7__cxx1112basic_stringIcSt11char_traitsIcESaIcEEES7_EEEOT_RNSt16remove_referenceISD_E4typeE
FN:70,71,_ZSt7forwardIRPSt18_Rb_tree_node_baseEOT_RNSt16remove_referenceIS3_E4typeE
FN:70,71,_ZSt7forwardISt5tupleIJEEEOT_RNSt16remove_referenceIS2_E4typeE
FN:70,71,_ZSt7forwardISt5tupleIJRKNSt7__cxx1112basic_stringIcSt11char_traitsIcESaIcEEEEEEOT_RNSt16remove_referenceISA_E4typeE
FN:97,98,_ZSt4moveIRN12media_player6models14MediaFileModelEEONSt16remove_referenceIT_E4typeEOS5_
FN:97,98,_ZSt4moveIRN9__gnu_cxx5__ops15_Iter_comp_iterIZNK12media_player6models12LibraryModel9getSortedENS4_12SortCriteriaEbEUlRKNS4_14MediaFileModelES9_E_EEEONSt16remove_referenceIT_E4typeEOSE_
FN:97,98,_ZSt4moveIRNSt12_Vector_baseIN12media_player6models14MediaFileModelESaIS3_EE12_Vector_implEEONSt16remove_referenceIT_E4typeEOS9_
FN:97,98,_ZSt4moveIRNSt7__cxx1112basic_stringIcSt11char_traitsIcESaIcEEEEONSt16remove_referenceIT_E4typeEOS8_
FN:97,98,_ZSt4moveIRPNSt10filesystem7__cxx114path5_List5_ImplEEONSt16remove_referenceIT_E4typeEOS8_
FN:97,98,_ZSt4moveIRSaIcEEONSt16remove_referenceIT_E4typeEOS3_
FN:97,98,_ZSt4moveIRZN12media_player6models10QueueModel12removeByPathERKNSt7__cxx1112basic_stringIcSt11char_traitsIcESaIcEEEEUlRKNS1_14MediaFileModelEE_EONSt16remove_referenceIT_E4typeEOSH_
FN:97,98,_ZSt4moveIRZN12media_player6models12LibraryModel11removeMediaERKNSt7__cxx1112basic_stringIcSt11char_traitsIcESaIcEEEEUlRKNS1_14MediaFileModelEE_EONSt16remove_referenceIT_E4typeEOSH_
FN:97,98,_ZSt4moveIRZN12media_player6models12LibraryModel11updateMediaERKNSt7__cxx1112basic_stringIcSt11char_traitsIcESaIcEEERKNS1_14MediaFileModelEEUlSD_E_EONSt16remove_referenceIT_E4typeEOSH_
FN:97,98,_ZSt4moveIRZN12media_player6models13PlaylistModel10removeItemERKNSt7__cxx1112basic_stringIcSt11char_traitsIcESaIcEEEEUlRKNS1_14MediaFileModelEE_EONSt16remove_referenceIT_E4typeEOSH_
FN:97,98,_ZSt4moveIRZNK12media_player6models12LibraryModel9getSortedENS1_12SortCriteriaEbEUlRKNS1_14MediaFileModelES6_E_EONSt16remove_referenceIT_E4typeEOSA_
FN:97,98,_ZSt4moveIRmEONSt16remove_referenceIT_E4typeEOS2_
FNDA:0,_ZSt4swapIN12media_player6models14MediaFileModelEENSt9enable_ifIXsrSt6__and_IJSt6__not_ISt15__is_tuple_likeIT_EESt21is_move_constructibleIS7_ESt18is_move_assignableIS7_EEE5valueEvE4typeERS7_SH_
FNDA:3,_ZSt4swapImENSt9enable_ifIXsrSt6__and_IJSt6__not_ISt15__is_tuple_likeIT_EESt21is_move_constructibleIS4_ESt18is_move_assignableIS4_EEE5valueEvE4typeERS4_SE_
FNDA:0,_ZSt11__addressofIKNSt10filesystem7__cxx114pathEEPT_RS4_
FNDA:0,_ZSt11__addressofIN12media_player6models14MediaFileModelEEPT_RS3_
FNDA:0,_ZSt7forwardIN12media_player6models14MediaFileModelEEOT_RNSt16remove_referenceIS3_E4typeE
FNDA:0,_ZSt7forwardIRKN12media_player6models14MediaFileModelEEOT_RNSt16remove_referenceIS5_E4typeE
FNDA:0,_ZSt7forwardIRKNSt7__cxx1112basic_stringIcSt11char_traitsIcESaIcEEEEOT_RNSt16remove_referenceIS8_E4typeE
FNDA:0,_ZSt7forwardIRKSt21piecewise_construct_tEOT_RNSt16remove_referenceIS3_E4typeE
FNDA:0,_ZSt7forwardIRKmEOT_RNSt16remove_referenceIS2_E4typeE
FNDA:5,_ZSt7forwardIRPSt13_Rb_tree_nodeISt4pairIKNSt7__cxx1112basic_stringIcSt11char_traitsIcESaIcEEES7_EEEOT_RNSt16remove_referenceISD_E4typeE
FNDA:0,_ZSt7forwardIRPSt18_Rb_tree_node_baseEOT_RNSt16remove_referenceIS3_E4typeE
FNDA:0,_ZSt7forwardISt5tupleIJEEEOT_RNSt16remove_referenceIS2_E4typeE
FNDA:0,_ZSt7forwardISt5tupleIJRKNSt7__cxx1112basic_stringIcSt11char_traitsIcESaIcEEEEEEOT_RNSt16remove_referenceISA_E4typeE
FNDA:0,_ZSt4moveIRN12media_player6models14MediaFileModelEEONSt16remove_referenceIT_E4typeEOS5_
FNDA:7,_ZSt4moveIRN9__gnu_cxx5__ops15_Iter_comp_iterIZNK12media_player6models12LibraryModel9getSortedENS4_12SortCriteriaEbEUlRKNS4_14MediaFileModelES9_E_EEEONSt16remove_referenceIT_E4typeEOSE_
FNDA:0,_ZSt4moveIRNSt12_Vector_baseIN12media_player6models14MediaFileModelESaIS3_EE12_Vector_implEEONSt16remove_referenceIT_E4typeEOS9_
FNDA:0,_ZSt4moveIRNSt7__cxx1112basic_stringIcSt11char_traitsIcESaIcEEEEONSt16remove_referenceIT_E4typeEOS8_
FNDA:0,_ZSt4moveIRPNSt10filesystem7__cxx114path5_List5_ImplEEONSt16remove_referenceIT_E4typeEOS8_
FNDA:0,_ZSt4moveIRSaIcEEONSt16remove_referenceIT_E4typeEOS3_
FNDA:16,_ZSt4moveIRZN12media_player6models10QueueModel12removeByPathERKNSt7__cxx1112basic_stringIcSt11char_traitsIcESaIcEEEEUlRKNS1_14MediaFileModelEE_EONSt16remove_referenceIT_E4typeEOSH_
FNDA:4,_ZSt4moveIRZN12media_player6models12LibraryModel11removeMediaERKNSt7__cxx1112basic_stringIcSt11char_traitsIcESaIcEEEEUlRKNS1_14MediaFileModelEE_EONSt16remove_referenceIT_E4typeEOSH_
FNDA:6,_ZSt4moveIRZN12media_player6models12LibraryModel11updateMediaERKNSt7__cxx1112basic_stringIcSt11char_traitsIcESaIcEEERKNS1_14MediaFileModelEEUlSD_E_EONSt16remove_referenceIT_E4typeEOSH_
FNDA:4,_ZSt4moveIRZN12media_player6models13PlaylistModel10removeItemERKNSt7__cxx1112basic_stringIcSt11char_traitsIcESaIcEEEEUlRKNS1_14MediaFileModelEE_EONSt16remove_referenceIT_E4typeEOSH_
FNDA:27,_ZSt4moveIRZNK12media_player6models12LibraryModel9getSortedENS1_12SortCriteriaEbEUlRKNS1_14MediaFileModelES6_E_EONSt16remove_referenceIT_E4typeEOSA_
FNDA:9,_ZSt4moveIRmEONSt16remove_referenceIT_E4typeEOS2_
FNF:25
FNH:9
DA:51,0
DA:52,0
DA:70,5
DA:71,5
DA:97,73
DA:98,73
DA:189,3
DA:197,3
DA:198,3
DA:199,3
DA:200,3
LF:11
LH:9
end_of_record
TN:
SF:/usr/include/c++/13/bits/new_allocator.h
FN:104,104,_ZNSt15__new_allocatorIN12media_player6models14MediaFileModelEED2Ev
FN:104,104,_ZNSt15__new_allocatorIcED2Ev
FN:126,152,_ZNSt15__new_allocatorIN12media_player6models14MediaFileModelEE8allocateEmPKv
FN:126,152,_ZNSt15__new_allocatorISt13_Rb_tree_nodeISt4pairIKNSt7__cxx1112basic_stringIcSt11char_traitsIcESaIcEEES7_EEE8allocateEmPKv
FN:126,152,_ZNSt15__new_allocatorImE8allocateEmPKv
FN:156,173,_ZNSt15__new_allocatorIN12media_player6models14MediaFileModelEE10deallocateEPS2_m
FN:156,173,_ZNSt15__new_allocatorISt13_Rb_tree_nodeISt4pairIKNSt7__cxx1112basic_stringIcSt11char_traitsIcESaIcEEES7_EEE10deallocateEPSA_m
FN:156,173,_ZNSt15__new_allocatorImE10deallocateEPmm
FNDA:0,_ZNSt15__new_allocatorIN12media_player6models14MediaFileModelEED2Ev
FNDA:0,_ZNSt15__new_allocatorIcED2Ev
FNDA:0,_ZNSt15__new_allocatorIN12media_player6models14MediaFileModelEE8allocateEmPKv
FNDA:7,_ZNSt15__new_allocatorISt13_Rb_tree_nodeISt4pairIKNSt7__cxx1112basic_stringIcSt11char_traitsIcESaIcEEES7_EEE8allocateEmPKv
FNDA:0,_ZNSt15__new_allocatorImE8allocateEmPKv
FNDA:0,_ZNSt15__new_allocatorIN12media_player6models14MediaFileModelEE10deallocateEPS2_m
FNDA:0,_ZNSt15__new_allocatorISt13_Rb_tree_nodeISt4pairIKNSt7__cxx1112basic_stringIcSt11char_traitsIcESaIcEEES7_EEE10deallocateEPSA_m
FNDA:0,_ZNSt15__new_allocatorImE10deallocateEPmm
FNF:8
FNH:1
BRDA:134,0,0,0
BRDA:134,0,1,7
BRDA:138,0,0,-
BRDA:138,0,1,-
BRDA:191,0,0,8
BRDA:191,e0,1,0
BRDA:191,0,2,0
BRDA:191,0,3,0
BRDA:191,0,4,0
BRDA:191,e0,5,0
BRDA:191,0,6,0
BRDA:191,0,7,0
BRDA:191,0,8,5
BRDA:191,e0,9,0
BRDA:191,0,10,0
BRDA:191,0,11,0
BRDA:191,0,12,0
BRDA:191,e0,13,0
BRDA:191,0,14,0
BRDA:191,0,15,0
BRF:20
BRH:3
DA:88,0
DA:92,0
DA:104,0
DA:126,7
DA:134,7
DA:138,0
DA:139,0
DA:140,0
DA:151,7
DA:156,0
DA:172,0
DA:183,0
DA:191,14
DA:198,0
DA:233,7
LF:15
LH:5
end_of_record
TN:
SF:/usr/include/c++/13/bits/predefined_ops.h
FN:150,152,_ZN9__gnu_cxx5__ops15_Iter_comp_iterIZNK12media_player6models12LibraryModel9getSortedENS3_12SortCriteriaEbEUlRKNS3_14MediaFileModelES8_E_EC2ES9_
FN:157,158,_ZN9__gnu_cxx5__ops15_Iter_comp_iterIZNK12media_player6models12LibraryModel9getSortedENS3_12SortCriteriaEbEUlRKNS3_14MediaFileModelES8_E_EclINS_17__normal_iteratorIPS6_St6vectorIS6_SaIS6_EEEESH_EEbT_T0_
FN:164,165,_ZN9__gnu_cxx5__ops16__iter_comp_iterIZNK12media_player6models12LibraryModel9getSortedENS3_12SortCriteriaEbEUlRKNS3_14MediaFileModelES8_E_EENS0_15_Iter_comp_iterIT_EESB_
FN:187,189,_ZN9__gnu_cxx5__ops14_Iter_comp_valIZNK12media_player6models12LibraryModel9getSortedENS3_12SortCriteriaEbEUlRKNS3_14MediaFileModelES8_E_EC2EONS0_15_Iter_comp_iterIS9_EE
FN:195,196,_ZN9__gnu_cxx5__ops14_Iter_comp_valIZNK12media_player6models12LibraryModel9getSortedENS3_12SortCriteriaEbEUlRKNS3_14MediaFileModelES8_E_EclINS_17__normal_iteratorIPS6_St6vectorIS6_SaIS6_EEEES6_EEbT_RT0_
FN:231,233,_ZN9__gnu_cxx5__ops14_Val_comp_iterIZNK12media_player6models12LibraryModel9getSortedENS3_12SortCriteriaEbEUlRKNS3_14MediaFileModelES8_E_EC2EONS0_15_Iter_comp_iterIS9_EE
FN:239,240,_ZN9__gnu_cxx5__ops14_Val_comp_iterIZNK12media_player6models12LibraryModel9getSortedENS3_12SortCriteriaEbEUlRKNS3_14MediaFileModelES8_E_EclIS6_NS_17__normal_iteratorIPS6_St6vectorIS6_SaIS6_EEEEEEbRT_T0_
FN:252,253,_ZN9__gnu_cxx5__ops15__val_comp_iterIZNK12media_player6models12LibraryModel9getSortedENS3_12SortCriteriaEbEUlRKNS3_14MediaFileModelES8_E_EENS0_14_Val_comp_iterIT_EENS0_15_Iter_comp_iterISB_EE
FN:262,264,_ZN9__gnu_cxx5__ops16_Iter_equals_valIKNSt7__cxx1112basic_stringIcSt11char_traitsIcESaIcEEEEC2ERS8_
FN:269,270,_ZN9__gnu_cxx5__ops16_Iter_equals_valIKNSt7__cxx1112basic_stringIcSt11char_traitsIcESaIcEEEEclINS_17__normal_iteratorIPS8_St6vectorIS7_SaIS7_EEEEEEbT_
FN:276,277,_ZN9__gnu_cxx5__ops17__iter_equals_valIKNSt7__cxx1112basic_stringIcSt11char_traitsIcESaIcEEEEENS0_16_Iter_equals_valIT_EERSA_
FN:310,312,_ZN9__gnu_cxx5__ops10_Iter_predIZN12media_player6models10QueueModel12removeByPathERKNSt7__cxx1112basic_stringIcSt11char_traitsIcESaIcEEEEUlRKNS3_14MediaFileModelEE_EC2ESG_
FN:310,312,_ZN9__gnu_cxx5__ops10_Iter_predIZN12media_player6models12LibraryModel11removeMediaERKNSt7__cxx1112basic_stringIcSt11char_traitsIcESaIcEEEEUlRKNS3_14MediaFileModelEE_EC2ESG_
FN:310,312,_ZN9__gnu_cxx5__ops10_Iter_predIZN12media_player6models12LibraryModel11updateMediaERKNSt7__cxx1112basic_stringIcSt11char_traitsIcESaIcEEERKNS3_14MediaFileModelEEUlSF_E_EC2ESG_
FN:310,312,_ZN9__gnu_cxx5__ops10_Iter_predIZN12media_player6models13PlaylistModel10removeItemERKNSt7__cxx1112basic_stringIcSt11char_traitsIcESaIcEEEEUlRKNS3_14MediaFileModelEE_EC2ESG_
FN:317,318,_ZN9__gnu_cxx5__ops10_Iter_predIZN12media_player6models10QueueModel12removeByPathERKNSt7__cxx1112basic_stringIcSt11char_traitsIcESaIcEEEEUlRKNS3_14MediaFileModelEE_EclINS_17__normal_iteratorIPSD_St6vectorISD_SaISD_EEEEEEbT_
FN:317,318,_ZN9__gnu_cxx5__ops10_Iter_predIZN12media_player6models12LibraryModel11removeMediaERKNSt7__cxx1112basic_stringIcSt11char_traitsIcESaIcEEEEUlRKNS3_14MediaFileModelEE_EclINS_17__normal_iteratorIPSD_St6vectorISD_SaISD_EEEEEEbT_
FN:317,318,_ZN9__gnu_cxx5__ops10_Iter_predIZN12media_player6models12LibraryModel11updateMediaERKNSt7__cxx1112basic_stringIcSt11char_traitsIcESaIcEEERKNS3_14MediaFileModelEEUlSF_E_EclINS_17__normal_iteratorIPSD_St6vectorISD_SaISD_EEEEEEbT_
FN:317,318,_ZN9__gnu_cxx5__ops10_Iter_predIZN12media_player6models13PlaylistModel10removeItemERKNSt7__cxx1112basic_stringIcSt11char_traitsIcESaIcEEEEUlRKNS3_14MediaFileModelEE_EclINS_17__normal_iteratorIPSD_St6vectorISD_SaISD_EEEEEEbT_
FN:324,325,_ZN9__gnu_cxx5__ops11__pred_iterIZN12media_player6models10QueueModel12removeByPathERKNSt7__cxx1112basic_stringIcSt11char_traitsIcESaIcEEEEUlRKNS3_14MediaFileModelEE_EENS0_10_Iter_predIT_EESI_
FN:324,325,_ZN9__gnu_cxx5__ops11__pred_iterIZN12media_player6models12LibraryModel11removeMediaERKNSt7__cxx1112basic_stringIcSt11char_traitsIcESaIcEEEEUlRKNS3_14MediaFileModelEE_EENS0_10_Iter_predIT_EESI_
FN:324,325,_ZN9__gnu_cxx5__ops11__pred_iterIZN12media_player6models12LibraryModel11updateMediaERKNSt7__cxx1112basic_stringIcSt11char_traitsIcESaIcEEERKNS3_14MediaFileModelEEUlSF_E_EENS0_10_Iter_predIT_EESI_
FN:324,325,_ZN9__gnu_cxx5__ops11__pred_iterIZN12media_player6models13PlaylistModel10removeItemERKNSt7__cxx1112basic_stringIcSt11char_traitsIcESaIcEEEEUlRKNS3_14MediaFileModelEE_EENS0_10_Iter_predIT_EESI_
FNDA:10,_ZN9__gnu_cxx5__ops15_Iter_comp_iterIZNK12media_player6models12LibraryModel9getSortedENS3_12SortCriteriaEbEUlRKNS3_14MediaFileModelES8_E_EC2ES9_
FNDA:12,_ZN9__gnu_cxx5__ops15_Iter_comp_iterIZNK12media_player6models12LibraryModel9getSortedENS3_12SortCriteriaEbEUlRKNS3_14MediaFileModelES8_E_EclINS_17__normal_iteratorIPS6_St6vectorIS6_SaIS6_EEEESH_EEbT_T0_
FNDA:10,_ZN9__gnu_cxx5__ops16__iter_comp_iterIZNK12media_player6models12LibraryModel9getSortedENS3_12SortCriteriaEbEUlRKNS3_14MediaFileModelES8_E_EENS0_15_Iter_comp_iterIT_EESB_
FNDA:0,_ZN9__gnu_cxx5__ops14_Iter_comp_valIZNK12media_player6models12LibraryModel9getSortedENS3_12SortCriteriaEbEUlRKNS3_14MediaFileModelES8_E_EC2EONS0_15_Iter_comp_iterIS9_EE
FNDA:0,_ZN9__gnu_cxx5__ops14_Iter_comp_valIZNK12media_player6models12LibraryModel9getSortedENS3_12SortCriteriaEbEUlRKNS3_14MediaFileModelES8_E_EclINS_17__normal_iteratorIPS6_St6vectorIS6_SaIS6_EEEES6_EEbT_RT0_
FNDA:7,_ZN9__gnu_cxx5__ops14_Val_comp_iterIZNK12media_player6models12LibraryModel9getSortedENS3_12SortCriteriaEbEUlRKNS3_14MediaFileModelES8_E_EC2EONS0_15_Iter_comp_iterIS9_EE
FNDA:7,_ZN9__gnu_cxx5__ops14_Val_comp_iterIZNK12media_player6models12LibraryModel9getSortedENS3_12SortCriteriaEbEUlRKNS3_14MediaFileModelES8_E_EclIS6_NS_17__normal_iteratorIPS6_St6vectorIS6_SaIS6_EEEEEEbRT_T0_
FNDA:7,_ZN9__gnu_cxx5__ops15__val_comp_iterIZNK12media_player6models12LibraryModel9getSortedENS3_12SortCriteriaEbEUlRKNS3_14MediaFileModelES8_E_EENS0_14_Val_comp_iterIT_EENS0_15_Iter_comp_iterISB_EE
FNDA:0,_ZN9__gnu_cxx5__ops16_Iter_equals_valIKNSt7__cxx1112basic_stringIcSt11char_traitsIcESaIcEEEEC2ERS8_
FNDA:0,_ZN9__gnu_cxx5__ops16_Iter_equals_valIKNSt7__cxx1112basic_stringIcSt11char_traitsIcESaIcEEEEclINS_17__normal_iteratorIPS8_St6vectorIS7_SaIS7_EEEEEEbT_
FNDA:0,_ZN9__gnu_cxx5__ops17__iter_equals_valIKNSt7__cxx1112basic_stringIcSt11char_traitsIcESaIcEEEEENS0_16_Iter_equals_valIT_EERSA_
FNDA:8,_ZN9__gnu_cxx5__ops10_Iter_predIZN12media_player6models10QueueModel12removeByPathERKNSt7__cxx1112basic_stringIcSt11char_traitsIcESaIcEEEEUlRKNS3_14MediaFileModelEE_EC2ESG_
FNDA:2,_ZN9__gnu_cxx5__ops10_Iter_predIZN12media_player6models12LibraryModel11removeMediaERKNSt7__cxx1112basic_stringIcSt11char_traitsIcESaIcEEEEUlRKNS3_14MediaFileModelEE_EC2ESG_
FNDA:3,_ZN9__gnu_cxx5__ops10_Iter_predIZN12media_player6models12LibraryModel11updateMediaERKNSt7__cxx1112basic_stringIcSt11char_traitsIcESaIcEEERKNS3_14MediaFileModelEEUlSF_E_EC2ESG_
FNDA:2,_ZN9__gnu_cxx5__ops10_Iter_predIZN12media_player6models13PlaylistModel10removeItemERKNSt7__cxx1112basic_stringIcSt11char_traitsIcESaIcEEEEUlRKNS3_14MediaFileModelEE_EC2ESG_
FNDA:8,_ZN9__gnu_cxx5__ops10_Iter_predIZN12media_player6models10QueueModel12removeByPathERKNSt7__cxx1112basic_stringIcSt11char_traitsIcESaIcEEEEUlRKNS3_14MediaFileModelEE_EclINS_17__normal_iteratorIPSD_St6vectorISD_SaISD_EEEEEEbT_
FNDA:2,_ZN9__gnu_cxx5__ops10_Iter_predIZN12media_player6models12LibraryModel11removeMediaERKNSt7__cxx1112basic_stringIcSt11char_traitsIcESaIcEEEEUlRKNS3_14MediaFileModelEE_EclINS_17__normal_iteratorIPSD_St6vectorISD_SaISD_EEEEEEbT_
FNDA:1,_ZN9__gnu_cxx5__ops10_Iter_predIZN12media_player6models12LibraryModel11updateMediaERKNSt7__cxx1112basic_stringIcSt11char_traitsIcESaIcEEERKNS3_14MediaFileModelEEUlSF_E_EclINS_17__normal_iteratorIPSD_St6vectorISD_SaISD_EEEEEEbT_
FNDA:2,_ZN9__gnu_cxx5__ops10_Iter_predIZN12media_player6models13PlaylistModel10removeItemERKNSt7__cxx1112basic_stringIcSt11char_traitsIcESaIcEEEEUlRKNS3_14MediaFileModelEE_EclINS_17__normal_iteratorIPSD_St6vectorISD_SaISD_EEEEEEbT_
FNDA:8,_ZN9__gnu_cxx5__ops11__pred_iterIZN12media_player6models10QueueModel12removeByPathERKNSt7__cxx1112basic_stringIcSt11char_traitsIcESaIcEEEEUlRKNS3_14MediaFileModelEE_EENS0_10_Iter_predIT_EESI_
FNDA:2,_ZN9__gnu_cxx5__ops11__pred_iterIZN12media_player6models12LibraryModel11removeMediaERKNSt7__cxx1112basic_stringIcSt11char_traitsIcESaIcEEEEUlRKNS3_14MediaFileModelEE_EENS0_10_Iter_predIT_EESI_
FNDA:3,_ZN9__gnu_cxx5__ops11__pred_iterIZN12media_player6models12LibraryModel11updateMediaERKNSt7__cxx1112basic_stringIcSt11char_traitsIcESaIcEEERKNS3_14MediaFileModelEEUlSF_E_EENS0_10_Iter_predIT_EESI_
FNDA:2,_ZN9__gnu_cxx5__ops11__pred_iterIZN12media_player6models13PlaylistModel10removeItemERKNSt7__cxx1112basic_stringIcSt11char_traitsIcESaIcEEEEUlRKNS3_14MediaFileModelEE_EENS0_10_Iter_predIT_EESI_
FNF:23
FNH:18
DA:150,10
DA:151,10
DA:152,10
DA:157,12
DA:158,12
DA:164,10
DA:165,10
DA:187,0
DA:188,0
DA:189,0
DA:195,0
DA:196,0
DA:231,7
DA:232,7
DA:233,7
DA:239,7
DA:240,7
DA:252,7
DA:253,7
DA:262,0
DA:263,0
DA:264,0
DA:269,0
DA:270,0
DA:276,0
DA:277,0
DA:310,15
DA:311,15
DA:312,15
DA:317,13
DA:318,13
DA:324,15
DA:325,15
LF:33
LH:21
end_of_record
TN:
SF:/usr/include/c++/13/bits/random.h
FN:139,145,_ZNSt8__detail4_ModImLm4294967296ELm1ELm0ELb1ELb1EE6__calcEm
FN:139,145,_ZNSt8__detail4_ModImLm624ELm1ELm0ELb1ELb1EE6__calcEm
FN:150,160,_ZNSt8__detail5__modImLm4294967296ELm1ELm0EEET_S1_
FN:150,160,_ZNSt8__detail5__modImLm624ELm1ELm0EEET_S1_
FN:1658,1658,_ZNSt13random_deviceC2Ev
FN:1663,1664,_ZNSt13random_deviceD2Ev
FN:1679,1680,_ZNSt13random_deviceclEv
FN:545,546,_ZNSt23mersenne_twister_engineImLm32ELm624ELm397ELm31ELm2567483615ELm11ELm4294967295ELm7ELm2636928640ELm15ELm4022730752ELm18ELm1812433253EEC2Em
FNDA:9360,_ZNSt8__detail4_ModImLm4294967296ELm1ELm0ELb1ELb1EE6__calcEm
FNDA:9345,_ZNSt8__detail4_ModImLm624ELm1ELm0ELb1ELb1EE6__calcEm
FNDA:9360,_ZNSt8__detail5__modImLm4294967296ELm1ELm0EEET_S1_
FNDA:9345,_ZNSt8__detail5__modImLm624ELm1ELm0EEET_S1_
FNDA:15,_ZNSt13random_deviceC2Ev
FNDA:15,_ZNSt13random_deviceD2Ev
FNDA:15,_ZNSt13random_deviceclEv
FNDA:15,_ZNSt23mersenne_twister_engineImLm32ELm624ELm397ELm31ELm2567483615ELm11ELm4294967295ELm7ELm2636928640ELm15ELm4022730752ELm18ELm1812433253EEC2Em
FNF:8
FNH:8
BRDA:1658,0,0,15
BRDA:1658,e0,1,0
BRDA:1658,0,2,15
BRDA:1658,e0,3,0
BRF:4
BRH:2
DA:139,18705
DA:141,18705
DA:143,18705
DA:144,18705
DA:150,18705
DA:157,18705
DA:158,18705
DA:545,15
DA:546,15
DA:1658,45
DA:1663,15
DA:1664,15
DA:1679,15
DA:1680,15
LF:14
LH:14
end_of_record
TN:
SF:/usr/include/c++/13/bits/random.tcc
FN:326,343,_ZNSt23mersenne_twister_engineImLm32ELm624ELm397ELm31ELm2567483615ELm11ELm4294967295ELm7ELm2636928640ELm15ELm4022730752ELm18ELm1812433253EE4seedEm
FN:397,425,_ZNSt23mersenne_twister_engineImLm32ELm624ELm397ELm31ELm2567483615ELm11ELm4294967295ELm7ELm2636928640ELm15ELm4022730752ELm18ELm1812433253EE11_M_gen_randEv
FN:453,469,_ZNSt23mersenne_twister_engineImLm32ELm624ELm397ELm31ELm2567483615ELm11ELm4294967295ELm7ELm2636928640ELm15ELm4022730752ELm18ELm1812433253EEclEv
FNDA:15,_ZNSt23mersenne_twister_engineImLm32ELm624ELm397ELm31ELm2567483615ELm11ELm4294967295ELm7ELm2636928640ELm15ELm4022730752ELm18ELm1812433253EE4seedEm
FNDA:12,_ZNSt23mersenne_twister_engineImLm32ELm624ELm397ELm31ELm2567483615ELm11ELm4294967295ELm7ELm2636928640ELm15ELm4022730752ELm18ELm1812433253EE11_M_gen_randEv
FNDA:291,_ZNSt23mersenne_twister_engineImLm32ELm624ELm397ELm31ELm2567483615ELm11ELm4294967295ELm7ELm2636928640ELm15ELm4022730752ELm18ELm1812433253EEclEv
FNF:3
FNH:3
BRDA:333,0,0,9345
BRDA:333,0,1,15
BRDA:404,0,0,2724
BRDA:404,0,1,12
BRDA:409,0,0,1358
BRDA:409,0,1,1366
BRDA:412,0,0,4752
BRDA:412,0,1,12
BRDA:417,0,0,2324
BRDA:417,0,1,2428
BRDA:423,0,0,5
BRDA:423,0,1,7
BRDA:458,0,0,12
BRDA:458,0,1,279
BRF:14
BRH:14
DA:326,15
DA:330,15
DA:331,15
DA:333,9360
DA:335,9345
DA:336,9345
DA:337,9345
DA:338,9345
DA:339,9345
DA:340,9345
DA:342,15
DA:343,15
DA:397,12
DA:401,12
DA:402,12
DA:404,2736
DA:406,2724
DA:407,2724
DA:408,5448
DA:409,2724
DA:412,4764
DA:414,4752
DA:415,4752
DA:416,9504
DA:417,4752
DA:420,12
DA:421,12
DA:422,24
DA:423,12
DA:424,12
DA:425,12
DA:453,291
DA:458,291
DA:459,12
DA:462,291
DA:463,291
DA:464,291
DA:465,291
DA:466,291
DA:468,291
LF:40
LH:40
end_of_record
TN:
SF:/usr/include/c++/13/bits/std_mutex.h
FN:111,118,_ZNSt5mutex4lockEv
FN:129,133,_ZNSt5mutex6unlockEv
FN:248,249,_ZNSt10lock_guardISt5mutexEC2ERS0_
FN:254,255,_ZNSt10lock_guardISt5mutexED2Ev
FNDA:0,_ZNSt5mutex4lockEv
FNDA:0,_ZNSt5mutex6unlockEv
FNDA:0,_ZNSt10lock_guardISt5mutexEC2ERS0_
FNDA:0,_ZNSt10lock_guardISt5mutexED2Ev
FNF:4
FNH:0
BRDA:116,0,0,-
BRDA:116,0,1,-
BRF:2
BRH:0
DA:111,0
DA:113,0
DA:116,0
DA:117,0
DA:118,0
DA:129,0
DA:132,0
DA:133,0
DA:248,0
DA:249,0
DA:254,0
DA:255,0
LF:12
LH:0
end_of_record
TN:
SF:/usr/include/c++/13/bits/stl_algo.h
FN:1631,1639,_ZSt13__heap_selectIN9__gnu_cxx17__normal_iteratorIPN12media_player6models14MediaFileModelESt6vectorIS4_SaIS4_EEEENS0_5__ops15_Iter_comp_iterIZNKS3_12LibraryModel9getSortedENS3_12SortCriteriaEbEUlRKS4_SF_E_EEEvT_SI_SI_T0_
FN:1792,1806,_ZSt25__unguarded_linear_insertIN9__gnu_cxx17__normal_iteratorIPN12media_player6models14MediaFileModelESt6vectorIS4_SaIS4_EEEENS0_5__ops14_Val_comp_iterIZNKS3_12LibraryModel9getSortedENS3_12SortCriteriaEbEUlRKS4_SF_E_EEEvT_T0_
FN:1812,1830,_ZSt16__insertion_sortIN9__gnu_cxx17__normal_iteratorIPN12media_player6models14MediaFileModelESt6vectorIS4_SaIS4_EEEENS0_5__ops15_Iter_comp_iterIZNKS3_12LibraryModel9getSortedENS3_12SortCriteriaEbEUlRKS4_SF_E_EEEvT_SI_T0_
FN:1836,1842,_ZSt26__unguarded_insertion_sortIN9__gnu_cxx17__normal_iteratorIPN12media_player6models14MediaFileModelESt6vectorIS4_SaIS4_EEEENS0_5__ops15_Iter_comp_iterIZNKS3_12LibraryModel9getSortedENS3_12SortCriteriaEbEUlRKS4_SF_E_EEEvT_SI_T0_
FN:1854,1865,_ZSt22__final_insertion_sortIN9__gnu_cxx17__normal_iteratorIPN12media_player6models14MediaFileModelESt6vectorIS4_SaIS4_EEEENS0_5__ops15_Iter_comp_iterIZNKS3_12LibraryModel9getSortedENS3_12SortCriteriaEbEUlRKS4_SF_E_EEEvT_SI_T0_
FN:1871,1887,_ZSt21__unguarded_partitionIN9__gnu_cxx17__normal_iteratorIPN12media_player6models14MediaFileModelESt6vectorIS4_SaIS4_EEEENS0_5__ops15_Iter_comp_iterIZNKS3_12LibraryModel9getSortedENS3_12SortCriteriaEbEUlRKS4_SF_E_EEET_SI_SI_SI_T0_
FN:1893,1900,_ZSt27__unguarded_partition_pivotIN9__gnu_cxx17__normal_iteratorIPN12media_player6models14MediaFileModelESt6vectorIS4_SaIS4_EEEENS0_5__ops15_Iter_comp_iterIZNKS3_12LibraryModel9getSortedENS3_12SortCriteriaEbEUlRKS4_SF_E_EEET_SI_SI_T0_
FN:1905,1912,_ZSt14__partial_sortIN9__gnu_cxx17__normal_iteratorIPN12media_player6models14MediaFileModelESt6vectorIS4_SaIS4_EEEENS0_5__ops15_Iter_comp_iterIZNKS3_12LibraryModel9getSortedENS3_12SortCriteriaEbEUlRKS4_SF_E_EEEvT_SI_SI_T0_
FN:1918,1935,_ZSt16__introsort_loopIN9__gnu_cxx17__normal_iteratorIPN12media_player6models14MediaFileModelESt6vectorIS4_SaIS4_EEEElNS0_5__ops15_Iter_comp_iterIZNKS3_12LibraryModel9getSortedENS3_12SortCriteriaEbEUlRKS4_SF_E_EEEvT_SI_T0_T1_
FN:1942,1952,_ZSt6__sortIN9__gnu_cxx17__normal_iteratorIPN12media_player6models14MediaFileModelESt6vectorIS4_SaIS4_EEEENS0_5__ops15_Iter_comp_iterIZNKS3_12LibraryModel9getSortedENS3_12SortCriteriaEbEUlRKS4_SF_E_EEEvT_SI_T0_
FN:3889,3899,_ZSt4findIN9__gnu_cxx17__normal_iteratorIPKNSt7__cxx1112basic_stringIcSt11char_traitsIcESaIcEEESt6vectorIS7_SaIS7_EEEES7_ET_SE_SE_RKT0_
FN:3914,3925,_ZSt7find_ifIN9__gnu_cxx17__normal_iteratorIPN12media_player6models14MediaFileModelESt6vectorIS4_SaIS4_EEEEZNS3_10QueueModel12removeByPathERKNSt7__cxx1112basic_stringIcSt11char_traitsIcESaIcEEEEUlRKS4_E_ET_SM_SM_T0_
FN:3914,3925,_ZSt7find_ifIN9__gnu_cxx17__normal_iteratorIPN12media_player6models14MediaFileModelESt6vectorIS4_SaIS4_EEEEZNS3_12LibraryModel11removeMediaERKNSt7__cxx1112basic_stringIcSt11char_traitsIcESaIcEEEEUlRKS4_E_ET_SM_SM_T0_
FN:3914,3925,_ZSt7find_ifIN9__gnu_cxx17__normal_iteratorIPN12media_player6models14MediaFileModelESt6vectorIS4_SaIS4_EEEEZNS3_12LibraryModel11updateMediaERKNSt7__cxx1112basic_stringIcSt11char_traitsIcESaIcEEERKS4_EUlSK_E_ET_SM_SM_T0_
FN:3914,3925,_ZSt7find_ifIN9__gnu_cxx17__normal_iteratorIPN12media_player6models14MediaFileModelESt6vectorIS4_SaIS4_EEEEZNS3_13PlaylistModel10removeItemERKNSt7__cxx1112basic_stringIcSt11char_traitsIcESaIcEEEEUlRKS4_E_ET_SM_SM_T0_
FN:4298,4311,_ZSt9transformIN9__gnu_cxx17__normal_iteratorIPcNSt7__cxx1112basic_stringIcSt11char_traitsIcESaIcEEEEES9_PDoFiiEET0_T_SD_SC_T1_
FN:4882,4895,_ZSt4sortIN9__gnu_cxx17__normal_iteratorIPN12media_player6models14MediaFileModelESt6vectorIS4_SaIS4_EEEEZNKS3_12LibraryModel9getSortedENS3_12SortCriteriaEbEUlRKS4_SD_E_EvT_SF_T0_
FN:85,103,_ZSt22__move_median_to_firstIN9__gnu_cxx17__normal_iteratorIPN12media_player6models14MediaFileModelESt6vectorIS4_SaIS4_EEEENS0_5__ops15_Iter_comp_iterIZNKS3_12LibraryModel9getSortedENS3_12SortCriteriaEbEUlRKS4_SF_E_EEEvT_SI_SI_SI_T0_
FNDA:0,_ZSt13__heap_selectIN9__gnu_cxx17__normal_iteratorIPN12media_player6models14MediaFileModelESt6vectorIS4_SaIS4_EEEENS0_5__ops15_Iter_comp_iterIZNKS3_12LibraryModel9getSortedENS3_12SortCriteriaEbEUlRKS4_SF_E_EEEvT_SI_SI_T0_
FNDA:7,_ZSt25__unguarded_linear_insertIN9__gnu_cxx17__normal_iteratorIPN12media_player6models14MediaFileModelESt6vectorIS4_SaIS4_EEEENS0_5__ops14_Val_comp_iterIZNKS3_12LibraryModel9getSortedENS3_12SortCriteriaEbEUlRKS4_SF_E_EEEvT_T0_
FNDA:10,_ZSt16__insertion_sortIN9__gnu_cxx17__normal_iteratorIPN12media_player6models14MediaFileModelESt6vectorIS4_SaIS4_EEEENS0_5__ops15_Iter_comp_iterIZNKS3_12LibraryModel9getSortedENS3_12SortCriteriaEbEUlRKS4_SF_E_EEEvT_SI_T0_
FNDA:0,_ZSt26__unguarded_insertion_sortIN9__gnu_cxx17__normal_iteratorIPN12media_player6models14MediaFileModelESt6vectorIS4_SaIS4_EEEENS0_5__ops15_Iter_comp_iterIZNKS3_12LibraryModel9getSortedENS3_12SortCriteriaEbEUlRKS4_SF_E_EEEvT_SI_T0_
FNDA:10,_ZSt22__final_insertion_sortIN9__gnu_cxx17__normal_iteratorIPN12media_player6models14MediaFileModelESt6vectorIS4_SaIS4_EEEENS0_5__ops15_Iter_comp_iterIZNKS3_12LibraryModel9getSortedENS3_12SortCriteriaEbEUlRKS4_SF_E_EEEvT_SI_T0_
FNDA:0,_ZSt21__unguarded_partitionIN9__gnu_cxx17__normal_iteratorIPN12media_player6models14MediaFileModelESt6vectorIS4_SaIS4_EEEENS0_5__ops15_Iter_comp_iterIZNKS3_12LibraryModel9getSortedENS3_12SortCriteriaEbEUlRKS4_SF_E_EEET_SI_SI_SI_T0_
FNDA:0,_ZSt27__unguarded_partition_pivotIN9__gnu_cxx17__normal_iteratorIPN12media_player6models14MediaFileModelESt6vectorIS4_SaIS4_EEEENS0_5__ops15_Iter_comp_iterIZNKS3_12LibraryModel9getSortedENS3_12SortCriteriaEbEUlRKS4_SF_E_EEET_SI_SI_T0_
FNDA:0,_ZSt14__partial_sortIN9__gnu_cxx17__normal_iteratorIPN12media_player6models14MediaFileModelESt6vectorIS4_SaIS4_EEEENS0_5__ops15_Iter_comp_iterIZNKS3_12LibraryModel9getSortedENS3_12SortCriteriaEbEUlRKS4_SF_E_EEEvT_SI_SI_T0_
FNDA:10,_ZSt16__introsort_loopIN9__gnu_cxx17__normal_iteratorIPN12media_player6models14MediaFileModelESt6vectorIS4_SaIS4_EEEElNS0_5__ops15_Iter_comp_iterIZNKS3_12LibraryModel9getSortedENS3_12SortCriteriaEbEUlRKS4_SF_E_EEEvT_SI_T0_T1_
FNDA:10,_ZSt6__sortIN9__gnu_cxx17__normal_iteratorIPN12media_player6models14MediaFileModelESt6vectorIS4_SaIS4_EEEENS0_5__ops15_Iter_comp_iterIZNKS3_12LibraryModel9getSortedENS3_12SortCriteriaEbEUlRKS4_SF_E_EEEvT_SI_T0_
FNDA:0,_ZSt4findIN9__gnu_cxx17__normal_iteratorIPKNSt7__cxx1112basic_stringIcSt11char_traitsIcESaIcEEESt6vectorIS7_SaIS7_EEEES7_ET_SE_SE_RKT0_
FNDA:8,_ZSt7find_ifIN9__gnu_cxx17__normal_iteratorIPN12media_player6models14MediaFileModelESt6vectorIS4_SaIS4_EEEEZNS3_10QueueModel12removeByPathERKNSt7__cxx1112basic_stringIcSt11char_traitsIcESaIcEEEEUlRKS4_E_ET_SM_SM_T0_
FNDA:2,_ZSt7find_ifIN9__gnu_cxx17__normal_iteratorIPN12media_player6models14MediaFileModelESt6vectorIS4_SaIS4_EEEEZNS3_12LibraryModel11removeMediaERKNSt7__cxx1112basic_stringIcSt11char_traitsIcESaIcEEEEUlRKS4_E_ET_SM_SM_T0_
FNDA:3,_ZSt7find_ifIN9__gnu_cxx17__normal_iteratorIPN12media_player6models14MediaFileModelESt6vectorIS4_SaIS4_EEEEZNS3_12LibraryModel11updateMediaERKNSt7__cxx1112basic_stringIcSt11char_traitsIcESaIcEEERKS4_EUlSK_E_ET_SM_SM_T0_
FNDA:2,_ZSt7find_ifIN9__gnu_cxx17__normal_iteratorIPN12media_player6models14MediaFileModelESt6vectorIS4_SaIS4_EEEEZNS3_13PlaylistModel10removeItemERKNSt7__cxx1112basic_stringIcSt11char_traitsIcESaIcEEEEUlRKS4_E_ET_SM_SM_T0_
FNDA:0,_ZSt9transformIN9__gnu_cxx17__normal_iteratorIPcNSt7__cxx1112basic_stringIcSt11char_traitsIcESaIcEEEEES9_PDoFiiEET0_T_SD_SC_T1_
FNDA:10,_ZSt4sortIN9__gnu_cxx17__normal_iteratorIPN12media_player6models14MediaFileModelESt6vectorIS4_SaIS4_EEEEZNKS3_12LibraryModel9getSortedENS3_12SortCriteriaEbEUlRKS4_SD_E_EvT_SF_T0_
FNDA:0,_ZSt22__move_median_to_firstIN9__gnu_cxx17__normal_iteratorIPN12media_player6models14MediaFileModelESt6vectorIS4_SaIS4_EEEENS0_5__ops15_Iter_comp_iterIZNKS3_12LibraryModel9getSortedENS3_12SortCriteriaEbEUlRKS4_SF_E_EEEvT_SI_SI_SI_T0_
FNF:18
FNH:10
BRDA:88,0,0,-
BRDA:88,0,1,-
BRDA:90,0,0,-
BRDA:90,0,1,-
BRDA:92,0,0,-
BRDA:92,0,1,-
BRDA:97,0,0,-
BRDA:97,0,1,-
BRDA:99,0,0,-
BRDA:99,0,1,-
BRDA:1636,0,0,-
BRDA:1636,0,1,-
BRDA:1637,0,0,-
BRDA:1637,e0,1,-
BRDA:1637,0,2,-
BRDA:1637,0,3,-
BRDA:1638,0,0,-
BRDA:1638,e0,1,-
BRDA:1799,0,0,7
BRDA:1799,e0,1,0
BRDA:1799,0,2,0
BRDA:1799,0,3,7
BRDA:1815,0,0,0
BRDA:1815,0,1,10
BRDA:1817,0,0,12
BRDA:1817,0,1,10
BRDA:1819,0,0,12
BRDA:1819,e0,1,0
BRDA:1819,0,2,5
BRDA:1819,0,3,7
BRDA:1823,0,0,5
BRDA:1823,e0,1,0
BRDA:1827,0,0,7
BRDA:1827,e0,1,0
BRDA:1827,0,2,7
BRDA:1827,e0,3,0
BRDA:1839,0,0,-
BRDA:1839,0,1,-
BRDA:1840,0,0,-
BRDA:1840,e0,1,-
BRDA:1840,0,2,-
BRDA:1840,e0,3,-
BRDA:1857,0,0,0
BRDA:1857,0,1,10
BRDA:1877,0,0,-
BRDA:1877,0,1,-
BRDA:1880,0,0,-
BRDA:1880,0,1,-
BRDA:1882,0,0,-
BRDA:1882,0,1,-
BRDA:1897,0,0,-
BRDA:1897,e0,1,-
BRDA:1899,0,0,-
BRDA:1899,e0,1,-
BRDA:1922,0,0,0
BRDA:1922,0,1,10
BRDA:1924,0,0,-
BRDA:1924,0,1,-
BRDA:1926,0,0,-
BRDA:1926,e0,1,-
BRDA:1931,0,0,-
BRDA:1931,e0,1,-
BRDA:1932,0,0,-
BRDA:1932,e0,1,-
BRDA:1945,0,0,10
BRDA:1945,0,1,0
BRDA:4308,0,0,-
BRDA:4308,0,1,-
BRF:68
BRH:14
DA:85,0
DA:88,0
DA:90,0
DA:91,0
DA:92,0
DA:93,0
DA:95,0
DA:97,0
DA:98,0
DA:99,0
DA:100,0
DA:102,0
DA:103,0
DA:1631,0
DA:1635,0
DA:1636,0
DA:1637,0
DA:1638,0
DA:1639,0
DA:1792,7
DA:1796,7
DA:1797,7
DA:1798,7
DA:1799,7
DA:1801,0
DA:1802,0
DA:1803,0
DA:1805,7
DA:1806,7
DA:1812,10
DA:1815,10
DA:1817,22
DA:1819,12
DA:1822,5
DA:1823,5
DA:1824,5
DA:1825,5
DA:1827,7
DA:1836,0
DA:1839,0
DA:1840,0
DA:1842,0
DA:1854,10
DA:1857,10
DA:1859,0
DA:1860,0
DA:1864,10
DA:1865,10
DA:1871,0
DA:1877,0
DA:1878,0
DA:1879,0
DA:1880,0
DA:1881,0
DA:1882,0
DA:1883,0
DA:1884,0
DA:1885,0
DA:1893,0
DA:1896,0
DA:1897,0
DA:1899,0
DA:1905,0
DA:1910,0
DA:1911,0
DA:1912,0
DA:1918,10
DA:1922,10
DA:1924,0
DA:1926,0
DA:1927,0
DA:1929,0
DA:1931,0
DA:1932,0
DA:1933,0
DA:1942,10
DA:1945,10
DA:1947,10
DA:1948,10
DA:1950,10
DA:1952,10
DA:3889,0
DA:3897,0
DA:3898,0
DA:3914,15
DA:3923,15
DA:3924,15
DA:4298,0
DA:4308,0
DA:4309,0
DA:4310,0
DA:4882,10
DA:4894,10
DA:4895,10
LF:94
LH:34
end_of_record
TN:
SF:/usr/include/c++/13/bits/stl_algobase.h
FN:1515,1528,_ZSt4__lgIlET_S0_
FN:155,187,_ZSt9iter_swapIN9__gnu_cxx17__normal_iteratorIPN12media_player6models14MediaFileModelESt6vectorIS4_SaIS4_EEEES9_EvT_T0_
FN:2064,2110,_ZSt9__find_ifIN9__gnu_cxx17__normal_iteratorIPKNSt7__cxx1112basic_stringIcSt11char_traitsIcESaIcEEESt6vectorIS7_SaIS7_EEEENS0_5__ops16_Iter_equals_valIS8_EEET_SH_SH_T0_St26random_access_iterator_tag
FN:2064,2110,_ZSt9__find_ifIN9__gnu_cxx17__normal_iteratorIPN12media_player6models14MediaFileModelESt6vectorIS4_SaIS4_EEEENS0_5__ops10_Iter_predIZNS3_10QueueModel12removeByPathERKNSt7__cxx1112basic_stringIcSt11char_traitsIcESaIcEEEEUlRKS4_E_EEET_SP_SP_T0_St26random_access_iterator_tag
FN:2064,2110,_ZSt9__find_ifIN9__gnu_cxx17__normal_iteratorIPN12media_player6models14MediaFileModelESt6vectorIS4_SaIS4_EEEENS0_5__ops10_Iter_predIZNS3_12LibraryModel11removeMediaERKNSt7__cxx1112basic_stringIcSt11char_traitsIcESaIcEEEEUlRKS4_E_EEET_SP_SP_T0_St26random_access_iterator_tag
FN:2064,2110,_ZSt9__find_ifIN9__gnu_cxx17__normal_iteratorIPN12media_player6models14MediaFileModelESt6vectorIS4_SaIS4_EEEENS0_5__ops10_Iter_predIZNS3_12LibraryModel11updateMediaERKNSt7__cxx1112basic_stringIcSt11char_traitsIcESaIcEEERKS4_EUlSM_E_EEET_SP_SP_T0_St26random_access_iterator_tag
FN:2064,2110,_ZSt9__find_ifIN9__gnu_cxx17__normal_iteratorIPN12media_player6models14MediaFileModelESt6vectorIS4_SaIS4_EEEENS0_5__ops10_Iter_predIZNS3_13PlaylistModel10removeItemERKNSt7__cxx1112basic_stringIcSt11char_traitsIcESaIcEEEEUlRKS4_E_EEET_SP_SP_T0_St26random_access_iterator_tag
FN:2115,2119,_ZSt9__find_ifIN9__gnu_cxx17__normal_iteratorIPKNSt7__cxx1112basic_stringIcSt11char_traitsIcESaIcEEESt6vectorIS7_SaIS7_EEEENS0_5__ops16_Iter_equals_valIS8_EEET_SH_SH_T0_
FN:2115,2119,_ZSt9__find_ifIN9__gnu_cxx17__normal_iteratorIPN12media_player6models14MediaFileModelESt6vectorIS4_SaIS4_EEEENS0_5__ops10_Iter_predIZNS3_10QueueModel12removeByPathERKNSt7__cxx1112basic_stringIcSt11char_traitsIcESaIcEEEEUlRKS4_E_EEET_SP_SP_T0_
FN:2115,2119,_ZSt9__find_ifIN9__gnu_cxx17__normal_iteratorIPN12media_player6models14MediaFileModelESt6vectorIS4_SaIS4_EEEENS0_5__ops10_Iter_predIZNS3_12LibraryModel11removeMediaERKNSt7__cxx1112basic_stringIcSt11char_traitsIcESaIcEEEEUlRKS4_E_EEET_SP_SP_T0_
FN:2115,2119,_ZSt9__find_ifIN9__gnu_cxx17__normal_iteratorIPN12media_player6models14MediaFileModelESt6vectorIS4_SaIS4_EEEENS0_5__ops10_Iter_predIZNS3_12LibraryModel11updateMediaERKNSt7__cxx1112basic_stringIcSt11char_traitsIcESaIcEEERKS4_EUlSM_E_EEET_SP_SP_T0_
FN:2115,2119,_ZSt9__find_ifIN9__gnu_cxx17__normal_iteratorIPN12media_player6models14MediaFileModelESt6vectorIS4_SaIS4_EEEENS0_5__ops10_Iter_predIZNS3_13PlaylistModel10removeItemERKNSt7__cxx1112basic_stringIcSt11char_traitsIcESaIcEEEEUlRKS4_E_EEET_SP_SP_T0_
FN:233,241,_ZSt3minImERKT_S2_S2_
FN:257,265,_ZSt3maxImERKT_S2_S2_
FN:316,318,_ZSt12__niter_baseIPN12media_player6models14MediaFileModelEET_S4_
FN:316,318,_ZSt12__niter_baseIPmET_S1_
FN:331,332,_ZSt12__niter_wrapIN9__gnu_cxx17__normal_iteratorIPN12media_player6models14MediaFileModelESt6vectorIS4_SaIS4_EEEES5_ET_SA_T0_
FN:338,339,_ZSt12__niter_wrapIPN12media_player6models14MediaFileModelEET_RKS4_S4_
FN:408,418,_ZNSt11__copy_moveILb1ELb0ESt26random_access_iterator_tagE8__copy_mIPN12media_player6models14MediaFileModelES6_EET0_T_S8_S7_
FN:497,507,_ZSt14__copy_move_a2ILb1EPN12media_player6models14MediaFileModelES3_ET1_T0_S5_S4_
FN:532,533,_ZSt14__copy_move_a1ILb1EPN12media_player6models14MediaFileModelES3_ET1_T0_S5_S4_
FN:538,544,_ZSt13__copy_move_aILb1EN9__gnu_cxx17__normal_iteratorIPN12media_player6models14MediaFileModelESt6vectorIS4_SaIS4_EEEES9_ET1_T0_SB_SA_
FN:657,667,_ZSt4moveIN9__gnu_cxx17__normal_iteratorIPN12media_player6models14MediaFileModelESt6vectorIS4_SaIS4_EEEES9_ET0_T_SB_SA_
FN:727,734,_ZNSt20__copy_move_backwardILb1ELb0ESt26random_access_iterator_tagE13__copy_move_bIPN12media_player6models14MediaFileModelES6_EET0_T_S8_S7_
FN:759,772,_ZSt23__copy_move_backward_a2ILb1EPN12media_player6models14MediaFileModelES3_ET1_T0_S5_S4_
FN:777,778,_ZSt23__copy_move_backward_a1ILb1EPN12media_player6models14MediaFileModelES3_ET1_T0_S5_S4_
FN:805,811,_ZSt22__copy_move_backward_aILb1EN9__gnu_cxx17__normal_iteratorIPN12media_player6models14MediaFileModelESt6vectorIS4_SaIS4_EEEES9_ET1_T0_SB_SA_
FN:805,811,_ZSt22__copy_move_backward_aILb1EPN12media_player6models14MediaFileModelES3_ET1_T0_S5_S4_
FN:892,904,_ZSt13move_backwardIN9__gnu_cxx17__normal_iteratorIPN12media_player6models14MediaFileModelESt6vectorIS4_SaIS4_EEEES9_ET0_T_SB_SA_
FN:892,904,_ZSt13move_backwardIPN12media_player6models14MediaFileModelES3_ET0_T_S5_S4_
FNDA:0,_ZSt4__lgIlET_S0_
FNDA:0,_ZSt9iter_swapIN9__gnu_cxx17__normal_iteratorIPN12media_player6models14MediaFileModelESt6vectorIS4_SaIS4_EEEES9_EvT_T0_
FNDA:0,_ZSt9__find_ifIN9__gnu_cxx17__normal_iteratorIPKNSt7__cxx1112basic_stringIcSt11char_traitsIcESaIcEEESt6vectorIS7_SaIS7_EEEENS0_5__ops16_Iter_equals_valIS8_EEET_SH_SH_T0_St26random_access_iterator_tag
FNDA:8,_ZSt9__find_ifIN9__gnu_cxx17__normal_iteratorIPN12media_player6models14MediaFileModelESt6vectorIS4_SaIS4_EEEENS0_5__ops10_Iter_predIZNS3_10QueueModel12removeByPathERKNSt7__cxx1112basic_stringIcSt11char_traitsIcESaIcEEEEUlRKS4_E_EEET_SP_SP_T0_St26random_access_iterator_tag
FNDA:2,_ZSt9__find_ifIN9__gnu_cxx17__normal_iteratorIPN12media_player6models14MediaFileModelESt6vectorIS4_SaIS4_EEEENS0_5__ops10_Iter_predIZNS3_12LibraryModel11removeMediaERKNSt7__cxx1112basic_stringIcSt11char_traitsIcESaIcEEEEUlRKS4_E_EEET_SP_SP_T0_St26random_access_iterator_tag
FNDA:3,_ZSt9__find_ifIN9__gnu_cxx17__normal_iteratorIPN12media_player6models14MediaFileModelESt6vectorIS4_SaIS4_EEEENS0_5__ops10_Iter_predIZNS3_12LibraryModel11updateMediaERKNSt7__cxx1112basic_stringIcSt11char_traitsIcESaIcEEERKS4_EUlSM_E_EEET_SP_SP_T0_St26random_access_iterator_tag
FNDA:2,_ZSt9__find_ifIN9__gnu_cxx17__normal_iteratorIPN12media_player6models14MediaFileModelESt6vectorIS4_SaIS4_EEEENS0_5__ops10_Iter_predIZNS3_13PlaylistModel10removeItemERKNSt7__cxx1112basic_stringIcSt11char_traitsIcESaIcEEEEUlRKS4_E_EEET_SP_SP_T0_St26random_access_iterator_tag
FNDA:0,_ZSt9__find_ifIN9__gnu_cxx17__normal_iteratorIPKNSt7__cxx1112basic_stringIcSt11char_traitsIcESaIcEEESt6vectorIS7_SaIS7_EEEENS0_5__ops16_Iter_equals_valIS8_EEET_SH_SH_T0_
FNDA:8,_ZSt9__find_ifIN9__gnu_cxx17__normal_iteratorIPN12media_player6models14MediaFileModelESt6vectorIS4_SaIS4_EEEENS0_5__ops10_Iter_predIZNS3_10QueueModel12removeByPathERKNSt7__cxx1112basic_stringIcSt11char_traitsIcESaIcEEEEUlRKS4_E_EEET_SP_SP_T0_
FNDA:2,_ZSt9__find_ifIN9__gnu_cxx17__normal_iteratorIPN12media_player6models14MediaFileModelESt6vectorIS4_SaIS4_EEEENS0_5__ops10_Iter_predIZNS3_12LibraryModel11removeMediaERKNSt7__cxx1112basic_stringIcSt11char_traitsIcESaIcEEEEUlRKS4_E_EEET_SP_SP_T0_
FNDA:3,_ZSt9__find_ifIN9__gnu_cxx17__normal_iteratorIPN12media_player6models14MediaFileModelESt6vectorIS4_SaIS4_EEEENS0_5__ops10_Iter_predIZNS3_12LibraryModel11updateMediaERKNSt7__cxx1112basic_stringIcSt11char_traitsIcESaIcEEERKS4_EUlSM_E_EEET_SP_SP_T0_
FNDA:2,_ZSt9__find_ifIN9__gnu_cxx17__normal_iteratorIPN12media_player6models14MediaFileModelESt6vectorIS4_SaIS4_EEEENS0_5__ops10_Iter_predIZNS3_13PlaylistModel10removeItemERKNSt7__cxx1112basic_stringIcSt11char_traitsIcESaIcEEEEUlRKS4_E_EEET_SP_SP_T0_
FNDA:0,_ZSt3minImERKT_S2_S2_
FNDA:0,_ZSt3maxImERKT_S2_S2_
FNDA:0,_ZSt12__niter_baseIPN12media_player6models14MediaFileModelEET_S4_
FNDA:0,_ZSt12__niter_baseIPmET_S1_
FNDA:0,_ZSt12__niter_wrapIN9__gnu_cxx17__normal_iteratorIPN12media_player6models14MediaFileModelESt6vectorIS4_SaIS4_EEEES5_ET_SA_T0_
FNDA:0,_ZSt12__niter_wrapIPN12media_player6models14MediaFileModelEET_RKS4_S4_
FNDA:16,_ZNSt11__copy_moveILb1ELb0ESt26random_access_iterator_tagE8__copy_mIPN12media_player6models14MediaFileModelES6_EET0_T_S8_S7_
FNDA:16,_ZSt14__copy_move_a2ILb1EPN12media_player6models14MediaFileModelES3_ET1_T0_S5_S4_
FNDA:16,_ZSt14__copy_move_a1ILb1EPN12media_player6models14MediaFileModelES3_ET1_T0_S5_S4_
FNDA:16,_ZSt13__copy_move_aILb1EN9__gnu_cxx17__normal_iteratorIPN12media_player6models14MediaFileModelESt6vectorIS4_SaIS4_EEEES9_ET1_T0_SB_SA_
FNDA:16,_ZSt4moveIN9__gnu_cxx17__normal_iteratorIPN12media_player6models14MediaFileModelESt6vectorIS4_SaIS4_EEEES9_ET0_T_SB_SA_
FNDA:6,_ZNSt20__copy_move_backwardILb1ELb0ESt26random_access_iterator_tagE13__copy_move_bIPN12media_player6models14MediaFileModelES6_EET0_T_S8_S7_
FNDA:6,_ZSt23__copy_move_backward_a2ILb1EPN12media_player6models14MediaFileModelES3_ET1_T0_S5_S4_
FNDA:6,_ZSt23__copy_move_backward_a1ILb1EPN12media_player6models14MediaFileModelES3_ET1_T0_S5_S4_
FNDA:5,_ZSt22__copy_move_backward_aILb1EN9__gnu_cxx17__normal_iteratorIPN12media_player6models14MediaFileModelESt6vectorIS4_SaIS4_EEEES9_ET1_T0_SB_SA_
[...]
FN:257,281,_ZNSt24uniform_int_distributionImE5_S_ndImSt23mersenne_twister_engineImLm32ELm624ELm397ELm31ELm2567483615ELm11ELm4294967295ELm7ELm2636928640ELm15ELm4022730752ELm18ELm1812433253EEjEET1_RT0_S4_
FN:287,373,_ZNSt24uniform_int_distributionIiEclISt23mersenne_twister_engineImLm32ELm624ELm397ELm31ELm2567483615ELm11ELm4294967295ELm7ELm2636928640ELm15ELm4022730752ELm18ELm1812433253EEEEiRT_RKNS0_10param_typeE
FN:287,373,_ZNSt24uniform_int_distributionImEclISt23mersenne_twister_engineImLm32ELm624ELm397ELm31ELm2567483615ELm11ELm4294967295ELm7ELm2636928640ELm15ELm4022730752ELm18ELm1812433253EEEEmRT_RKNS0_10param_typeE
FNDA:9,_ZNSt24uniform_int_distributionIiE10param_typeC2Eii
FNDA:3,_ZNSt24uniform_int_distributionImE10param_typeC2Emm
FNDA:576,_ZNKSt24uniform_int_distributionIiE10param_type1aEv
FNDA:6,_ZNKSt24uniform_int_distributionImE10param_type1aEv
FNDA:288,_ZNKSt24uniform_int_distributionIiE10param_type1bEv
FNDA:3,_ZNKSt24uniform_int_distributionImE10param_type1bEv
FNDA:9,_ZNSt24uniform_int_distributionIiEC2Eii
FNDA:3,_ZNSt24uniform_int_distributionImEC2Emm
FNDA:288,_ZNSt24uniform_int_distributionIiEclISt23mersenne_twister_engineImLm32ELm624ELm397ELm31ELm2567483615ELm11ELm4294967295ELm7ELm2636928640ELm15ELm4022730752ELm18ELm1812433253EEEEiRT_
FNDA:3,_ZNSt24uniform_int_distributionImEclISt23mersenne_twister_engineImLm32ELm624ELm397ELm31ELm2567483615ELm11ELm4294967295ELm7ELm2636928640ELm15ELm4022730752ELm18ELm1812433253EEEEmRT_
FNDA:288,_ZNSt24uniform_int_distributionIiE5_S_ndImSt23mersenne_twister_engineImLm32ELm624ELm397ELm31ELm2567483615ELm11ELm4294967295ELm7ELm2636928640ELm15ELm4022730752ELm18ELm1812433253EEjEET1_RT0_S4_
FNDA:3,_ZNSt24uniform_int_distributionImE5_S_ndImSt23mersenne_twister_engineImLm32ELm624ELm397ELm31ELm2567483615ELm11ELm4294967295ELm7ELm2636928640ELm15ELm4022730752ELm18ELm1812433253EEjEET1_RT0_S4_
FNDA:288,_ZNSt24uniform_int_distributionIiEclISt23mersenne_twister_engineImLm32ELm624ELm397ELm31ELm2567483615ELm11ELm4294967295ELm7ELm2636928640ELm15ELm4022730752ELm18ELm1812433253EEEEiRT_RKNS0_10param_typeE
FNDA:3,_ZNSt24uniform_int_distributionImEclISt23mersenne_twister_engineImLm32ELm624ELm397ELm31ELm2567483615ELm11ELm4294967295ELm7ELm2636928640ELm15ELm4022730752ELm18ELm1812433253EEEEmRT_RKNS0_10param_typeE
FNF:14
FNH:14
BRDA:108,0,0,0
BRDA:108,0,1,12
BRDA:108,0,2,0
BRDA:108,0,3,0
BRDA:108,0,4,0
BRDA:108,0,5,12
BRDA:271,0,0,0
BRDA:271,0,1,291
BRDA:274,0,0,-
BRDA:274,0,1,-
BRDA:305,0,0,291
BRDA:305,0,1,0
BRDA:342,0,0,-
BRDA:342,0,1,-
BRDA:364,0,0,-
BRDA:364,e0,1,-
BRDA:367,0,0,-
BRDA:367,0,1,-
BRDA:367,0,2,-
BRDA:367,0,3,-
BRF:20
BRH:4
DA:104,12
DA:106,12
DA:108,12
DA:109,12
DA:112,582
DA:113,582
DA:116,291
DA:117,291
DA:142,12
DA:145,12
DA:146,12
DA:203,291
DA:204,291
DA:257,291
DA:269,291
DA:270,291
DA:271,291
DA:273,0
DA:274,0
DA:276,0
DA:277,0
DA:280,291
DA:287,291
DA:295,291
DA:296,291
DA:299,291
DA:301,291
DA:302,291
DA:305,291
DA:309,291
DA:327,291
DA:328,291
DA:342,0
DA:362,0
DA:363,0
DA:364,0
DA:365,0
DA:367,0
DA:370,0
DA:372,291
LF:40
LH:29
end_of_record
TN:
SF:/usr/include/c++/13/bits/unique_ptr.h
FN:197,197,_ZNSt15__uniq_ptr_implINSt10filesystem7__cxx114path5_List5_ImplENS3_13_Impl_deleterEE6_M_ptrEv
FN:199,199,_ZNKSt15__uniq_ptr_implINSt10filesystem7__cxx114path5_List5_ImplENS3_13_Impl_deleterEE6_M_ptrEv
FN:201,201,_ZNSt15__uniq_ptr_implINSt10filesystem7__cxx114path5_List5_ImplENS3_13_Impl_deleterEE10_M_deleterEv
FN:398,406,_ZNSt10unique_ptrINSt10filesystem7__cxx114path5_List5_ImplENS3_13_Impl_deleterEED2Ev
FN:469,470,_ZNKSt10unique_ptrINSt10filesystem7__cxx114path5_List5_ImplENS3_13_Impl_deleterEE3getEv
FN:475,476,_ZNSt10unique_ptrINSt10filesystem7__cxx114path5_List5_ImplENS3_13_Impl_deleterEE11get_deleterEv
FNDA:0,_ZNSt15__uniq_ptr_implINSt10filesystem7__cxx114path5_List5_ImplENS3_13_Impl_deleterEE6_M_ptrEv
FNDA:0,_ZNKSt15__uniq_ptr_implINSt10filesystem7__cxx114path5_List5_ImplENS3_13_Impl_deleterEE6_M_ptrEv
FNDA:0,_ZNSt15__uniq_ptr_implINSt10filesystem7__cxx114path5_List5_ImplENS3_13_Impl_deleterEE10_M_deleterEv
FNDA:0,_ZNSt10unique_ptrINSt10filesystem7__cxx114path5_List5_ImplENS3_13_Impl_deleterEED2Ev
FNDA:0,_ZNKSt10unique_ptrINSt10filesystem7__cxx114path5_List5_ImplENS3_13_Impl_deleterEE3getEv
FNDA:0,_ZNSt10unique_ptrINSt10filesystem7__cxx114path5_List5_ImplENS3_13_Impl_deleterEE11get_deleterEv
FNF:6
FNH:0
BRDA:403,0,0,-
BRDA:403,0,1,-
BRF:2
BRH:0
DA:197,0
DA:199,0
DA:201,0
DA:398,0
DA:402,0
DA:403,0
DA:404,0
DA:405,0
DA:406,0
DA:469,0
DA:470,0
DA:475,0
DA:476,0
LF:13
LH:0
end_of_record
TN:
SF:/usr/include/c++/13/bits/vector.tcc
FN:133,176,_ZNSt6vectorIN12media_player6models14MediaFileModelESaIS2_EE6insertEN9__gnu_cxx17__normal_iteratorIPKS2_S4_EERS7_
FN:181,190,_ZNSt6vectorIN12media_player6models14MediaFileModelESaIS2_EE8_M_eraseEN9__gnu_cxx17__normal_iteratorIPS2_S4_EE
FN:413,438,_ZNSt6vectorIN12media_player6models14MediaFileModelESaIS2_EE13_M_insert_auxIS2_EEvN9__gnu_cxx17__normal_iteratorIPS2_S4_EEOT_
FN:445,524,_ZNSt6vectorIN12media_player6models14MediaFileModelESaIS2_EE17_M_realloc_insertIJRKS2_EEEvN9__gnu_cxx17__normal_iteratorIPS2_S4_EEDpOT_
FN:445,524,_ZNSt6vectorImSaImEE17_M_realloc_insertIJRKmEEEvN9__gnu_cxx17__normal_iteratorIPmS1_EEDpOT_
FN:67,100,_ZNSt6vectorIN12media_player6models14MediaFileModelESaIS2_EE7reserveEm
FN:67,100,_ZNSt6vectorImSaImEE7reserveEm
FNDA:10,_ZNSt6vectorIN12media_player6models14MediaFileModelESaIS2_EE6insertEN9__gnu_cxx17__normal_iteratorIPKS2_S4_EERS7_
FNDA:20,_ZNSt6vectorIN12media_player6models14MediaFileModelESaIS2_EE8_M_eraseEN9__gnu_cxx17__normal_iteratorIPS2_S4_EE
FNDA:1,_ZNSt6vectorIN12media_player6models14MediaFileModelESaIS2_EE13_M_insert_auxIS2_EEvN9__gnu_cxx17__normal_iteratorIPS2_S4_EEOT_
FNDA:0,_ZNSt6vectorIN12media_player6models14MediaFileModelESaIS2_EE17_M_realloc_insertIJRKS2_EEEvN9__gnu_cxx17__normal_iteratorIPS2_S4_EEDpOT_
FNDA:0,_ZNSt6vectorImSaImEE17_M_realloc_insertIJRKmEEEvN9__gnu_cxx17__normal_iteratorIPmS1_EEDpOT_
FNDA:3,_ZNSt6vectorIN12media_player6models14MediaFileModelESaIS2_EE7reserveEm
FNDA:6,_ZNSt6vectorImSaImEE7reserveEm
FNF:7
FNH:5
BRDA:70,0,0,0
BRDA:70,0,1,9
BRDA:72,0,0,8
BRDA:72,0,1,1
BRDA:141,0,0,6
BRDA:141,0,1,4
BRDA:143,0,0,0
BRDA:143,0,1,6
BRDA:143,0,2,0
BRDA:143,0,3,0
BRDA:143,0,4,0
BRDA:143,0,5,6
BRDA:144,0,0,0
BRDA:144,0,1,6
BRDA:147,0,0,5
BRDA:147,0,1,1
BRDA:161,0,0,1
BRDA:161,e0,1,0
BRDA:162,0,0,1
BRDA:162,e0,1,0
BRDA:170,0,0,4
BRDA:170,e0,1,0
BRDA:184,0,0,16
BRDA:184,0,1,4
BRDA:506,0,0,0
BRDA:506,0,1,0
BRDA:511,0,0,0
BRDA:511,e0,1,0
BRF:28
BRH:15
DA:67,9
DA:70,9
DA:71,0
DA:72,9
DA:74,8
DA:79,8
DA:80,8
DA:81,8
DA:93,8
DA:94,8
DA:95,8
DA:96,8
DA:97,8
DA:98,8
DA:100,9
DA:133,10
DA:140,10
DA:141,10
DA:143,6
DA:144,6
DA:145,0
DA:147,6
DA:150,5
DA:152,5
DA:158,1
DA:161,1
DA:162,1
DA:166,1
DA:170,4
DA:175,10
DA:181,20
DA:184,20
DA:185,16
DA:186,20
DA:187,20
DA:189,20
DA:413,1
DA:423,1
DA:424,1
DA:425,1
DA:430,1
DA:436,1
DA:438,1
DA:445,0
DA:455,0
DA:456,0
DA:457,0
DA:458,0
DA:459,0
DA:460,0
DA:468,0
DA:469,0
DA:475,0
DA:480,0
DA:481,0
DA:483,0
DA:485,0
DA:486,0
DA:504,0
DA:506,0
DA:507,0
DA:508,0
DA:510,0
DA:511,0
DA:512,0
DA:519,0
DA:520,0
DA:521,0
DA:522,0
DA:523,0
DA:524,0
LF:71
LH:41
end_of_record
TN:
SF:/usr/include/c++/13/ext/aligned_buffer.h
FN:64,65,_ZN9__gnu_cxx16__aligned_membufISt4pairIKNSt7__cxx1112basic_stringIcSt11char_traitsIcESaIcEEES7_EE7_M_addrEv
FN:68,69,_ZNK9__gnu_cxx16__aligned_membufISt4pairIKNSt7__cxx1112basic_stringIcSt11char_traitsIcESaIcEEES7_EE7_M_addrEv
FN:72,73,_ZN9__gnu_cxx16__aligned_membufISt4pairIKNSt7__cxx1112basic_stringIcSt11char_traitsIcESaIcEEES7_EE6_M_ptrEv
FN:76,77,_ZNK9__gnu_cxx16__aligned_membufISt4pairIKNSt7__cxx1112basic_stringIcSt11char_traitsIcESaIcEEES7_EE6_M_ptrEv
FNDA:0,_ZN9__gnu_cxx16__aligned_membufISt4pairIKNSt7__cxx1112basic_stringIcSt11char_traitsIcESaIcEEES7_EE7_M_addrEv
FNDA:22,_ZNK9__gnu_cxx16__aligned_membufISt4pairIKNSt7__cxx1112basic_stringIcSt11char_traitsIcESaIcEEES7_EE7_M_addrEv
FNDA:0,_ZN9__gnu_cxx16__aligned_membufISt4pairIKNSt7__cxx1112basic_stringIcSt11char_traitsIcESaIcEEES7_EE6_M_ptrEv
FNDA:22,_ZNK9__gnu_cxx16__aligned_membufISt4pairIKNSt7__cxx1112basic_stringIcSt11char_traitsIcESaIcEEES7_EE6_M_ptrEv
FNF:4
FNH:2
DA:64,0
DA:65,0
DA:68,22
DA:69,22
DA:72,0
DA:73,0
DA:76,22
DA:77,22
LF:8
LH:4
end_of_record
TN:
SF:/usr/include/c++/13/ext/alloc_traits.h
FNF:0
FNH:0
DA:98,0
LF:1
LH:0
end_of_record
TN:
SF:/usr/include/c++/13/iomanip
FN:167,168,_ZSt7setfillIcESt8_SetfillIT_ES1_
FN:227,228,_ZSt4setwi
FNDA:19,_ZSt7setfillIcESt8_SetfillIT_ES1_
FNDA:19,_ZSt4setwi
FNF:2
FNH:2
DA:167,19
DA:168,19
DA:227,19
DA:228,19
LF:4
LH:4
end_of_record
TN:
SF:/usr/include/c++/13/new
FN:174,175,_ZnwmPv
FN:180,180,_ZdlPvS_
FNDA:0,_ZnwmPv
FNDA:0,_ZdlPvS_
FNF:2
FNH:0
DA:174,0
DA:175,0
DA:180,0
LF:3
LH:0
end_of_record
TN:
SF:/usr/include/c++/13/optional
FN:120,120,_ZNSt22_Optional_payload_baseIN12media_player6models14MediaFileModelEEC2Ev
FN:120,120,_ZNSt22_Optional_payload_baseINSt7__cxx1112basic_stringIcSt11char_traitsIcESaIcEEEEC2Ev
FN:125,128,_ZNSt22_Optional_payload_baseIN12media_player6models14MediaFileModelEEC2IJRKS2_EEESt10in_place_tDpOT_
FN:125,128,_ZNSt22_Optional_payload_baseINSt7__cxx1112basic_stringIcSt11char_traitsIcESaIcEEEEC2IJRKS5_EEESt10in_place_tDpOT_
FN:239,239,_ZNSt22_Optional_payload_baseIN12media_player6models14MediaFileModelEE8_StorageIS2_Lb0EEC2Ev
FN:239,239,_ZNSt22_Optional_payload_baseINSt7__cxx1112basic_stringIcSt11char_traitsIcESaIcEEEE8_StorageIS5_Lb0EEC2Ev
FN:243,245,_ZNSt22_Optional_payload_baseIN12media_player6models14MediaFileModelEE8_StorageIS2_Lb0EEC2IJRKS2_EEESt10in_place_tDpOT_
FN:243,245,_ZNSt22_Optional_payload_baseINSt7__cxx1112basic_stringIcSt11char_traitsIcESaIcEEEE8_StorageIS5_Lb0EEC2IJRKS5_EEESt10in_place_tDpOT_
FN:401,401,_ZNSt17_Optional_payloadIN12media_player6models14MediaFileModelELb1ELb0ELb0EEC2Ev
FN:401,401,_ZNSt17_Optional_payloadINSt7__cxx1112basic_stringIcSt11char_traitsIcESaIcEEELb1ELb0ELb0EEC2Ev
FN:434,434,_ZNSt17_Optional_payloadIN12media_player6models14MediaFileModelELb0ELb0ELb0EEC2Ev
FN:434,434,_ZNSt17_Optional_payloadINSt7__cxx1112basic_stringIcSt11char_traitsIcESaIcEEELb0ELb0ELb0EEC2Ev
FN:516,516,_ZNSt14_Optional_baseIN12media_player6models14MediaFileModelELb0ELb0EEC2Ev
FN:516,516,_ZNSt14_Optional_baseINSt7__cxx1112basic_stringIcSt11char_traitsIcESaIcEEELb0ELb0EEC2Ev
FN:522,524,_ZNSt14_Optional_baseIN12media_player6models14MediaFileModelELb0ELb0EEC2IJRKS2_ELb0EEESt10in_place_tDpOT_
FN:522,524,_ZNSt14_Optional_baseINSt7__cxx1112basic_stringIcSt11char_traitsIcESaIcEEELb0ELb0EEC2IJRKS5_ELb0EEESt10in_place_tDpOT_
FN:741,741,_ZNSt8optionalIN12media_player6models14MediaFileModelEEC2ESt9nullopt_t
FN:741,741,_ZNSt8optionalINSt7__cxx1112basic_stringIcSt11char_traitsIcESaIcEEEEC2ESt9nullopt_t
FN:749,751,_ZNSt8optionalIN12media_player6models14MediaFileModelEEC2IRKS2_Lb1EEEOT_
FN:749,751,_ZNSt8optionalINSt7__cxx1112basic_stringIcSt11char_traitsIcESaIcEEEEC2IRKS5_Lb1EEEOT_
FNDA:0,_ZNSt22_Optional_payload_baseIN12media_player6models14MediaFileModelEEC2Ev
FNDA:1,_ZNSt22_Optional_payload_baseINSt7__cxx1112basic_stringIcSt11char_traitsIcESaIcEEEEC2Ev
FNDA:63,_ZNSt22_Optional_payload_baseIN12media_player6models14MediaFileModelEEC2IJRKS2_EEESt10in_place_tDpOT_
FNDA:3,_ZNSt22_Optional_payload_baseINSt7__cxx1112basic_stringIcSt11char_traitsIcESaIcEEEEC2IJRKS5_EEESt10in_place_tDpOT_
FNDA:0,_ZNSt22_Optional_payload_baseIN12media_player6models14MediaFileModelEE8_StorageIS2_Lb0EEC2Ev
FNDA:1,_ZNSt22_Optional_payload_baseINSt7__cxx1112basic_stringIcSt11char_traitsIcESaIcEEEE8_StorageIS5_Lb0EEC2Ev
FNDA:63,_ZNSt22_Optional_payload_baseIN12media_player6models14MediaFileModelEE8_StorageIS2_Lb0EEC2IJRKS2_EEESt10in_place_tDpOT_
FNDA:3,_ZNSt22_Optional_payload_baseINSt7__cxx1112basic_stringIcSt11char_traitsIcESaIcEEEE8_StorageIS5_Lb0EEC2IJRKS5_EEESt10in_place_tDpOT_
FNDA:0,_ZNSt17_Optional_payloadIN12media_player6models14MediaFileModelELb1ELb0ELb0EEC2Ev
FNDA:1,_ZNSt17_Optional_payloadINSt7__cxx1112basic_stringIcSt11char_traitsIcESaIcEEELb1ELb0ELb0EEC2Ev
FNDA:0,_ZNSt17_Optional_payloadIN12media_player6models14MediaFileModelELb0ELb0ELb0EEC2Ev
FNDA:1,_ZNSt17_Optional_payloadINSt7__cxx1112basic_stringIcSt11char_traitsIcESaIcEEELb0ELb0ELb0EEC2Ev
FNDA:0,_ZNSt14_Optional_baseIN12media_player6models14MediaFileModelELb0ELb0EEC2Ev
FNDA:1,_ZNSt14_Optional_baseINSt7__cxx1112basic_stringIcSt11char_traitsIcESaIcEEELb0ELb0EEC2Ev
FNDA:63,_ZNSt14_Optional_baseIN12media_player6models14MediaFileModelELb0ELb0EEC2IJRKS2_ELb0EEESt10in_place_tDpOT_
FNDA:3,_ZNSt14_Optional_baseINSt7__cxx1112basic_stringIcSt11char_traitsIcESaIcEEELb0ELb0EEC2IJRKS5_ELb0EEESt10in_place_tDpOT_
FNDA:10,_ZNSt8optionalIN12media_player6models14MediaFileModelEEC2ESt9nullopt_t
FNDA:1,_ZNSt8optionalINSt7__cxx1112basic_stringIcSt11char_traitsIcESaIcEEEEC2ESt9nullopt_t
FNDA:63,_ZNSt8optionalIN12media_player6models14MediaFileModelEEC2IRKS2_Lb1EEEOT_
FNDA:3,_ZNSt8optionalINSt7__cxx1112basic_stringIcSt11char_traitsIcESaIcEEEEC2IRKS5_Lb1EEEOT_
FNF:20
FNH:15
DA:120,1
DA:125,66
DA:126,66
DA:127,66
DA:128,66
DA:239,1
DA:243,66
DA:244,66
DA:245,66
DA:401,1
DA:434,1
DA:516,1
DA:522,66
DA:523,66
DA:524,66
DA:741,11
DA:749,66
DA:751,66
LF:18
LH:18
end_of_record
TN:
SF:/usr/include/c++/13/string_view
FN:229,230,_ZNKSt17basic_string_viewIcSt11char_traitsIcEE4sizeEv
FN:289,290,_ZNKSt17basic_string_viewIcSt11char_traitsIcEE4dataEv
FNDA:0,_ZNKSt17basic_string_viewIcSt11char_traitsIcEE4sizeEv
FNDA:0,_ZNKSt17basic_string_viewIcSt11char_traitsIcEE4dataEv
FNF:2
FNH:0
DA:229,0
DA:230,0
DA:289,0
DA:290,0
LF:4
LH:0
end_of_record
TN:
SF:/usr/include/c++/13/tuple
FN:125,125,_ZNSt10_Head_baseILm1ENSt10filesystem7__cxx114path5_List13_Impl_deleterELb1EE7_M_headERS5_
FN:1787,1788,_ZSt12__get_helperILm0EPNSt10filesystem7__cxx114path5_List5_ImplEJNS3_13_Impl_deleterEEERT0_RSt11_Tuple_implIXT_EJS7_DpT1_EE
FN:1787,1788,_ZSt12__get_helperILm0ERKNSt7__cxx1112basic_stringIcSt11char_traitsIcESaIcEEEJEERT0_RSt11_Tuple_implIXT_EJS8_DpT1_EE
FN:1787,1788,_ZSt12__get_helperILm1ENSt10filesystem7__cxx114path5_List13_Impl_deleterEJEERT0_RSt11_Tuple_implIXT_EJS5_DpT1_EE
FN:1792,1793,_ZSt12__get_helperILm0EPNSt10filesystem7__cxx114path5_List5_ImplEJNS3_13_Impl_deleterEEERKT0_RKSt11_Tuple_implIXT_EJS7_DpT1_EE
FN:1803,1804,_ZSt3getILm0EJPNSt10filesystem7__cxx114path5_List5_ImplENS3_13_Impl_deleterEEERNSt13tuple_elementIXT_ESt5tupleIJDpT0_EEE4typeERSB_
FN:1803,1804,_ZSt3getILm0EJRKNSt7__cxx1112basic_stringIcSt11char_traitsIcESaIcEEEEERNSt13tuple_elementIXT_ESt5tupleIJDpT0_EEE4typeERSC_
FN:1803,1804,_ZSt3getILm1EJPNSt10filesystem7__cxx114path5_List5_ImplENS3_13_Impl_deleterEEERNSt13tuple_elementIXT_ESt5tupleIJDpT0_EEE4typeERSB_
FN:1809,1810,_ZSt3getILm0EJPNSt10filesystem7__cxx114path5_List5_ImplENS3_13_Impl_deleterEEERKNSt13tuple_elementIXT_ESt5tupleIJDpT0_EEE4typeERKSB_
FN:193,194,_ZNSt10_Head_baseILm0ERKNSt7__cxx1112basic_stringIcSt11char_traitsIcESaIcEEELb0EEC2ES7_
FN:2252,2258,_ZNSt4pairIKNSt7__cxx1112basic_stringIcSt11char_traitsIcESaIcEEES5_EC2IJRS6_EJEEESt21piecewise_construct_tSt5tupleIJDpT_EESB_IJDpT0_EE
FN:2264,2269,_ZNSt4pairIKNSt7__cxx1112basic_stringIcSt11char_traitsIcESaIcEEES5_EC2IJRS6_EJLm0EEJEJEEERSt5tupleIJDpT_EERSA_IJDpT1_EESt12_Index_tupleIJXspT0_EEESJ_IJXspT2_EEE
FN:234,234,_ZNSt10_Head_baseILm0EPNSt10filesystem7__cxx114path5_List5_ImplELb0EE7_M_headERS6_
FN:234,234,_ZNSt10_Head_baseILm0ERKNSt7__cxx1112basic_stringIcSt11char_traitsIcESaIcEEELb0EE7_M_headERS8_
FN:237,237,_ZNSt10_Head_baseILm0EPNSt10filesystem7__cxx114path5_List5_ImplELb0EE7_M_headERKS6_
FN:269,269,_ZNSt11_Tuple_implILm0EJPNSt10filesystem7__cxx114path5_List5_ImplENS3_13_Impl_deleterEEE7_M_headERS7_
FN:272,272,_ZNSt11_Tuple_implILm0EJPNSt10filesystem7__cxx114path5_List5_ImplENS3_13_Impl_deleterEEE7_M_headERKS7_
FN:497,497,_ZNSt11_Tuple_implILm0EJRKNSt7__cxx1112basic_stringIcSt11char_traitsIcESaIcEEEEE7_M_headERS8_
FN:497,497,_ZNSt11_Tuple_implILm1EJNSt10filesystem7__cxx114path5_List13_Impl_deleterEEE7_M_headERS5_
FN:507,509,_ZNSt11_Tuple_implILm0EJRKNSt7__cxx1112basic_stringIcSt11char_traitsIcESaIcEEEEEC2ES7_
FN:527,530,_ZNSt11_Tuple_implILm0EJRKNSt7__cxx1112basic_stringIcSt11char_traitsIcESaIcEEEEEC2EOS8_
FN:874,876,_ZNSt5tupleIJRKNSt7__cxx1112basic_stringIcSt11char_traitsIcESaIcEEEEEC2ILb1ELb1EEES7_
FN:903,903,_ZNSt5tupleIJRKNSt7__cxx1112basic_stringIcSt11char_traitsIcESaIcEEEEEC2EOS8_
FNDA:0,_ZNSt10_Head_baseILm1ENSt10filesystem7__cxx114path5_List13_Impl_deleterELb1EE7_M_headERS5_
FNDA:0,_ZSt12__get_helperILm0EPNSt10filesystem7__cxx114path5_List5_ImplEJNS3_13_Impl_deleterEEERT0_RSt11_Tuple_implIXT_EJS7_DpT1_EE
FNDA:0,_ZSt12__get_helperILm0ERKNSt7__cxx1112basic_stringIcSt11char_traitsIcESaIcEEEJEERT0_RSt11_Tuple_implIXT_EJS8_DpT1_EE
FNDA:0,_ZSt12__get_helperILm1ENSt10filesystem7__cxx114path5_List13_Impl_deleterEJEERT0_RSt11_Tuple_implIXT_EJS5_DpT1_EE
FNDA:0,_ZSt12__get_helperILm0EPNSt10filesystem7__cxx114path5_List5_ImplEJNS3_13_Impl_deleterEEERKT0_RKSt11_Tuple_implIXT_EJS7_DpT1_EE
FNDA:0,_ZSt3getILm0EJPNSt10filesystem7__cxx114path5_List5_ImplENS3_13_Impl_deleterEEERNSt13tuple_elementIXT_ESt5tupleIJDpT0_EEE4typeERSB_
FNDA:9,_ZSt3getILm0EJRKNSt7__cxx1112basic_stringIcSt11char_traitsIcESaIcEEEEERNSt13tuple_elementIXT_ESt5tupleIJDpT0_EEE4typeERSC_
FNDA:0,_ZSt3getILm1EJPNSt10filesystem7__cxx114path5_List5_ImplENS3_13_Impl_deleterEEERNSt13tuple_elementIXT_ESt5tupleIJDpT0_EEE4typeERSB_
FNDA:0,_ZSt3getILm0EJPNSt10filesystem7__cxx114path5_List5_ImplENS3_13_Impl_deleterEEERKNSt13tuple_elementIXT_ESt5tupleIJDpT0_EEE4typeERKSB_
FNDA:0,_ZNSt10_Head_baseILm0ERKNSt7__cxx1112basic_stringIcSt11char_traitsIcESaIcEEELb0EEC2ES7_
FNDA:7,_ZNSt4pairIKNSt7__cxx1112basic_stringIcSt11char_traitsIcESaIcEEES5_EC2IJRS6_EJEEESt21piecewise_construct_tSt5tupleIJDpT_EESB_IJDpT0_EE
FNDA:7,_ZNSt4pairIKNSt7__cxx1112basic_stringIcSt11char_traitsIcESaIcEEES5_EC2IJRS6_EJLm0EEJEJEEERSt5tupleIJDpT_EERSA_IJDpT1_EESt12_Index_tupleIJXspT0_EEESJ_IJXspT2_EEE
FNDA:0,_ZNSt10_Head_baseILm0EPNSt10filesystem7__cxx114path5_List5_ImplELb0EE7_M_headERS6_
FNDA:0,_ZNSt10_Head_baseILm0ERKNSt7__cxx1112basic_stringIcSt11char_traitsIcESaIcEEELb0EE7_M_headERS8_
FNDA:0,_ZNSt10_Head_baseILm0EPNSt10filesystem7__cxx114path5_List5_ImplELb0EE7_M_headERKS6_
FNDA:0,_ZNSt11_Tuple_implILm0EJPNSt10filesystem7__cxx114path5_List5_ImplENS3_13_Impl_deleterEEE7_M_headERS7_
FNDA:0,_ZNSt11_Tuple_implILm0EJPNSt10filesystem7__cxx114path5_List5_ImplENS3_13_Impl_deleterEEE7_M_headERKS7_
FNDA:0,_ZNSt11_Tuple_implILm0EJRKNSt7__cxx1112basic_stringIcSt11char_traitsIcESaIcEEEEE7_M_headERS8_
FNDA:0,_ZNSt11_Tuple_implILm1EJNSt10filesystem7__cxx114path5_List13_Impl_deleterEEE7_M_headERS5_
FNDA:0,_ZNSt11_Tuple_implILm0EJRKNSt7__cxx1112basic_stringIcSt11char_traitsIcESaIcEEEEEC2ES7_
FNDA:0,_ZNSt11_Tuple_implILm0EJRKNSt7__cxx1112basic_stringIcSt11char_traitsIcESaIcEEEEEC2EOS8_
FNDA:0,_ZNSt5tupleIJRKNSt7__cxx1112basic_stringIcSt11char_traitsIcESaIcEEEEEC2ILb1ELb1EEES7_
FNDA:0,_ZNSt5tupleIJRKNSt7__cxx1112basic_stringIcSt11char_traitsIcESaIcEEEEEC2EOS8_
FNF:23
FNH:3
DA:125,0
DA:193,0
DA:194,0
DA:234,0
DA:237,0
DA:269,0
DA:272,0
DA:497,0
DA:507,0
DA:508,0
DA:509,0
DA:527,0
DA:529,0
DA:530,0
DA:874,0
DA:876,0
DA:903,0
DA:1787,0
DA:1788,0
DA:1792,0
DA:1793,0
DA:1803,9
DA:1804,9
DA:1809,0
DA:1810,0
DA:2252,7
DA:2257,7
DA:2258,7
DA:2264,7
DA:2267,7
DA:2268,7
DA:2269,7
LF:32
LH:9
end_of_record
TN:
SF:/usr/include/x86_64-linux-gnu/c++/13/bits/c++config.h
FN:540,551,_ZSt23__is_constant_evaluatedv
FNDA:0,_ZSt23__is_constant_evaluatedv
FNF:1
FNH:0
DA:540,0
DA:547,0
LF:2
LH:0
end_of_record
TN:
SF:/usr/include/x86_64-linux-gnu/c++/13/bits/gthr-default.h
FN:300,303,_ZL18__gthread_active_pv
FN:746,752,_ZL20__gthread_mutex_lockP15pthread_mutex_t
FN:776,782,_ZL22__gthread_mutex_unlockP15pthread_mutex_t
FNDA:0,_ZL18__gthread_active_pv
FNDA:0,_ZL20__gthread_mutex_lockP15pthread_mutex_t
FNDA:0,_ZL22__gthread_mutex_unlockP15pthread_mutex_t
FNF:3
FNH:0
BRDA:748,0,0,-
BRDA:748,0,1,-
BRDA:778,0,0,-
BRDA:778,0,1,-
BRF:4
BRH:0
DA:300,0
DA:302,0
DA:746,0
DA:748,0
DA:749,0
DA:751,0
DA:776,0
DA:778,0
DA:779,0
DA:781,0
LF:10
LH:0
end_of_record
