TN:
SF:/home/duong/MediaPlayerApp/src/config/AppConfig.cpp
FN:9,13,_ZN12media_player6config9AppConfig11getInstanceEv
FNDA:2,_ZN12media_player6config9AppConfig11getInstanceEv
FNF:1
FNH:1
DA:9,2
DA:12,2
LF:2
LH:2
end_of_record
TN:
SF:/home/duong/MediaPlayerApp/src/controllers/HardwareController.cpp
FN:107,126,_ZZN12media_player11controllers18HardwareController11autoConnectEvENKUlvE_clEv
FN:131,195,_ZN12media_player11controllers18HardwareController18scanAvailablePortsB5cxx11Ev
FN:197,205,_ZN12media_player11controllers18HardwareController7connectERKNSt7__cxx1112basic_stringIcSt11char_traitsIcESaIcEEEi
FN:207,217,_ZN12media_player11controllers18HardwareController10disconnectEv
FN:219,222,_ZNK12media_player11controllers18HardwareController11isConnectedEv
FN:224,247,_ZN12media_player11controllers18HardwareController17refreshConnectionEv
FN:249,261,_ZN12media_player11controllers18HardwareController19sendCurrentSongInfoERKNSt7__cxx1112basic_stringIcSt11char_traitsIcESaIcEEES9_
FN:263,275,_ZN12media_player11controllers18HardwareController17sendPlaybackStateEb
FN:277,280,_ZN12media_player11controllers18HardwareController17setButtonCallbackESt8functionIFvNS0_14HardwareButtonEEE
FN:28,53,_ZN12media_player11controllers18HardwareControllerC2ESt10shared_ptrINS_8services20ISerialCommunicationEES2_INS_6models18PlaybackStateModelEE
FN:282,285,_ZN12media_player11controllers18HardwareController17setVolumeCallbackESt8functionIFviEE
FN:287,299,_ZN12media_player11controllers18HardwareController20onSerialDataReceivedERKNSt7__cxx1112basic_stringIcSt11char_traitsIcESaIcEEE
FN:301,352,_ZN12media_player11controllers18HardwareController13processBufferEv
FN:354,416,_ZN12media_player11controllers18HardwareController19parseS32K144MessageERKNSt7__cxx1112basic_stringIcSt11char_traitsIcESaIcEEE
FN:39,42,_ZZN12media_player11controllers18HardwareControllerC4ESt10shared_ptrINS_8services20ISerialCommunicationEES2_INS_6models18PlaybackStateModelEEENKUlRKNSt7__cxx1112basic_stringIcSt11char_traitsIcESaIcEEEE_clESG_
FN:47,50,_ZZN12media_player11controllers18HardwareControllerC4ESt10shared_ptrINS_8services20ISerialCommunicationEES2_INS_6models18PlaybackStateModelEEENKUlRKNSt7__cxx1112basic_stringIcSt11char_traitsIcESaIcEEEE0_clESG_
FN:55,64,_ZN12media_player11controllers18HardwareControllerD2Ev
FN:66,79,_ZN12media_player11controllers18HardwareController10initializeEv
FN:81,129,_ZN12media_player11controllers18HardwareController11autoConnectEv
FNDA:3,_ZZN12media_player11controllers18HardwareController11autoConnectEvENKUlvE_clEv
FNDA:3,_ZN12media_player11controllers18HardwareController18scanAvailablePortsB5cxx11Ev
FNDA:3,_ZN12media_player11controllers18HardwareController7connectERKNSt7__cxx1112basic_stringIcSt11char_traitsIcESaIcEEEi
FNDA:31,_ZN12media_player11controllers18HardwareController10disconnectEv
FNDA:9,_ZNK12media_player11controllers18HardwareController11isConnectedEv
FNDA:4,_ZN12media_player11controllers18HardwareController17refreshConnectionEv
FNDA:3,_ZN12media_player11controllers18HardwareController19sendCurrentSongInfoERKNSt7__cxx1112basic_stringIcSt11char_traitsIcESaIcEEES9_
FNDA:4,_ZN12media_player11controllers18HardwareController17sendPlaybackStateEb
FNDA:7,_ZN12media_player11controllers18HardwareController17setButtonCallbackESt8functionIFvNS0_14HardwareButtonEEE
FNDA:28,_ZN12media_player11controllers18HardwareControllerC2ESt10shared_ptrINS_8services20ISerialCommunicationEES2_INS_6models18PlaybackStateModelEE
FNDA:6,_ZN12media_player11controllers18HardwareController17setVolumeCallbackESt8functionIFviEE
FNDA:19,_ZN12media_player11controllers18HardwareController20onSerialDataReceivedERKNSt7__cxx1112basic_stringIcSt11char_traitsIcESaIcEEE
FNDA:19,_ZN12media_player11controllers18HardwareController13processBufferEv
FNDA:15,_ZN12media_player11controllers18HardwareController19parseS32K144MessageERKNSt7__cxx1112basic_stringIcSt11char_traitsIcESaIcEEE
FNDA:19,_ZZN12media_player11controllers18HardwareControllerC4ESt10shared_ptrINS_8services20ISerialCommunicationEES2_INS_6models18PlaybackStateModelEEENKUlRKNSt7__cxx1112basic_stringIcSt11char_traitsIcESaIcEEEE_clESG_
FNDA:1,_ZZN12media_player11controllers18HardwareControllerC4ESt10shared_ptrINS_8services20ISerialCommunicationEES2_INS_6models18PlaybackStateModelEEENKUlRKNSt7__cxx1112basic_stringIcSt11char_traitsIcESaIcEEEE0_clESG_
FNDA:28,_ZN12media_player11controllers18HardwareControllerD2Ev
FNDA:3,_ZN12media_player11controllers18HardwareController10initializeEv
FNDA:6,_ZN12media_player11controllers18HardwareController11autoConnectEv
FNF:19
FNH:19
BRDA:38,0,0,28
BRDA:38,e0,1,0
BRDA:46,0,0,28
BRDA:46,e0,1,0
BRDA:58,0,0,3
BRDA:58,0,1,25
BRDA:69,0,0,3
BRDA:69,e0,1,0
BRDA:69,0,2,1
BRDA:69,0,3,2
BRDA:75,0,0,2
BRDA:75,e0,1,0
BRDA:78,0,0,2
BRDA:78,e0,1,0
BRDA:83,0,0,6
BRDA:83,e0,1,0
BRDA:85,0,0,1
BRDA:85,0,1,5
BRDA:90,0,0,5
BRDA:90,e0,1,0
BRDA:90,0,2,2
BRDA:90,0,3,3
BRDA:97,0,0,0
BRDA:97,0,1,3
BRDA:100,0,0,-
BRDA:100,e0,1,-
BRDA:107,0,0,3
BRDA:107,e0,1,0
BRDA:108,0,0,3
BRDA:108,e0,1,0
BRDA:111,0,0,0
BRDA:111,0,1,3
BRDA:114,0,0,-
BRDA:114,0,1,-
BRDA:116,0,0,-
BRDA:116,e0,1,-
BRDA:116,0,2,-
BRDA:116,0,3,-
BRDA:136,0,0,3
BRDA:136,e0,1,0
BRDA:138,0,0,6
BRDA:138,0,1,3
BRDA:140,0,0,60
BRDA:140,0,1,6
BRDA:142,0,0,60
BRDA:142,e0,1,0
BRDA:144,0,0,60
BRDA:144,e0,1,0
BRDA:144,0,2,60
BRDA:144,e0,3,0
BRDA:144,0,4,0
BRDA:144,0,5,60
BRDA:146,0,0,-
BRDA:146,e0,1,-
BRDA:152,0,0,3
BRDA:152,e0,1,0
BRDA:154,0,0,6
BRDA:154,0,1,3
BRDA:156,0,0,6
BRDA:156,e0,1,0
BRDA:156,0,2,6
BRDA:156,e0,3,0
BRDA:156,0,4,6
BRDA:156,0,5,0
BRDA:161,0,0,-
BRDA:161,e0,1,-
BRDA:161,0,2,-
BRDA:161,e0,3,-
BRDA:161,0,4,-
BRDA:161,e0,5,-
BRDA:161,0,6,-
BRDA:161,0,7,-
BRDA:163,0,0,-
BRDA:163,e0,1,-
BRDA:163,0,2,-
BRDA:163,0,3,-
BRDA:163,0,4,-
BRDA:163,e0,5,-
BRDA:163,0,6,-
BRDA:163,0,7,-
BRDA:163,0,8,-
BRDA:163,0,9,-
BRDA:165,0,0,-
BRDA:165,e0,1,-
BRDA:165,0,2,-
BRDA:165,e0,3,-
BRDA:171,0,0,3
BRDA:171,e0,1,0
BRDA:172,0,0,3
BRDA:172,e0,1,0
BRDA:172,0,2,3
BRDA:172,e0,3,0
BRDA:174,0,0,3
BRDA:174,e0,1,0
BRDA:175,0,0,3
BRDA:175,0,1,0
BRDA:177,0,0,3
BRDA:177,e0,1,0
BRDA:181,0,0,-
BRDA:181,0,1,-
BRDA:183,0,0,-
BRDA:183,0,1,-
BRDA:185,0,0,-
BRDA:185,e0,1,-
BRDA:188,0,0,-
BRDA:188,e0,1,-
BRDA:199,0,0,2
BRDA:199,0,1,1
BRDA:209,0,0,31
BRDA:209,e0,1,0
BRDA:209,0,2,20
BRDA:209,0,3,11
BRDA:211,0,0,20
BRDA:211,e0,1,0
BRDA:215,0,0,31
BRDA:215,e0,1,0
BRDA:226,0,0,4
BRDA:226,e0,1,0
BRDA:226,0,2,2
BRDA:226,0,3,2
BRDA:232,0,0,0
BRDA:232,0,1,2
BRDA:238,0,0,2
BRDA:238,e0,1,0
BRDA:238,0,2,2
BRDA:238,e0,3,0
BRDA:238,0,4,2
BRDA:238,0,5,0
BRDA:246,0,0,-
BRDA:246,e0,1,-
BRDA:251,0,0,3
BRDA:251,e0,1,0
BRDA:251,0,2,2
BRDA:251,0,3,1
BRDA:257,0,0,1
BRDA:257,e0,1,0
BRDA:257,0,2,1
BRDA:257,e0,3,0
BRDA:257,0,4,1
BRDA:257,e0,5,0
BRDA:257,0,6,1
BRDA:257,e0,7,0
BRDA:260,0,0,1
BRDA:260,e0,1,0
BRDA:265,0,0,4
BRDA:265,e0,1,0
BRDA:265,0,2,2
BRDA:265,0,3,2
BRDA:271,0,0,1
BRDA:271,0,1,1
BRDA:271,0,2,2
BRDA:271,e0,3,0
BRDA:272,0,0,2
BRDA:272,e0,1,0
BRDA:272,0,2,2
BRDA:272,e0,3,0
BRDA:274,0,0,2
BRDA:274,e0,1,0
BRDA:293,0,0,19
BRDA:293,e0,1,0
BRDA:294,0,0,19
BRDA:294,e0,1,0
BRDA:303,0,0,19
BRDA:303,e0,1,0
BRDA:308,0,0,20
BRDA:308,0,1,14
BRDA:313,0,0,3
BRDA:313,0,1,17
BRDA:316,0,0,3
BRDA:316,e0,1,0
BRDA:323,0,0,2
BRDA:323,0,1,15
BRDA:326,0,0,2
BRDA:326,e0,1,0
BRDA:331,0,0,15
BRDA:331,e0,1,0
BRDA:334,0,0,15
BRDA:334,e0,1,0
BRDA:341,0,0,14
BRDA:341,0,1,5
BRDA:341,0,2,14
BRDA:341,0,3,0
BRDA:341,0,4,14
BRDA:341,0,5,5
BRDA:343,0,0,14
BRDA:343,e0,1,0
BRDA:348,0,0,1
BRDA:348,0,1,18
BRDA:359,0,0,15
BRDA:359,e0,1,0
BRDA:359,0,2,8
BRDA:359,0,3,7
BRDA:363,0,0,8
BRDA:363,e0,1,0
BRDA:363,0,2,8
BRDA:363,e0,3,0
BRDA:363,0,4,8
BRDA:363,e0,5,0
BRDA:366,0,0,8
BRDA:366,0,1,0
BRDA:366,0,2,2
BRDA:366,0,3,6
BRDA:371,0,0,5
BRDA:371,0,1,1
BRDA:373,0,0,5
BRDA:373,e0,1,0
BRDA:378,0,0,0
BRDA:378,0,1,0
BRDA:385,0,0,7
BRDA:385,e0,1,0
BRDA:385,0,2,7
BRDA:385,0,3,0
BRDA:389,0,0,7
BRDA:389,e0,1,0
BRDA:389,0,2,7
BRDA:389,e0,3,0
BRDA:389,0,4,7
BRDA:389,e0,5,0
BRDA:392,0,0,6
BRDA:392,0,1,1
BRDA:392,0,2,3
BRDA:392,0,3,3
BRDA:396,0,0,3
BRDA:396,0,1,0
BRDA:398,0,0,3
BRDA:398,e0,1,0
BRDA:408,0,0,0
BRDA:408,0,1,0
BRF:228
BRH:115
DA:28,28
DA:31,28
DA:32,28
DA:33,28
DA:34,28
DA:35,28
DA:38,56
DA:39,28
DA:41,19
DA:42,19
DA:46,28
DA:47,0
DA:50,1
DA:53,28
DA:55,28
DA:57,28
DA:58,28
DA:60,3
DA:63,28
DA:64,28
DA:66,3
DA:69,3
DA:71,1
DA:75,2
DA:76,2
DA:78,2
DA:79,2
DA:81,6
DA:83,6
DA:85,6
DA:87,1
DA:90,5
DA:92,2
DA:95,3
DA:97,3
DA:99,0
DA:100,0
DA:103,3
DA:104,3
DA:107,6
DA:108,3
DA:109,3
DA:111,3
DA:114,0
DA:116,0
DA:118,0
DA:119,0
DA:125,3
DA:126,6
DA:128,3
DA:129,6
DA:131,3
DA:133,3
DA:136,6
DA:138,9
DA:140,66
DA:142,60
DA:144,60
DA:146,0
DA:148,60
DA:152,6
DA:154,9
DA:156,6
DA:158,6
DA:161,0
DA:163,0
DA:165,0
DA:167,0
DA:171,3
DA:172,3
DA:174,3
DA:175,3
DA:177,3
DA:181,0
DA:183,0
DA:185,0
DA:188,0
DA:194,6
DA:195,3
DA:197,3
DA:199,3
DA:201,2
DA:204,1
DA:207,31
DA:209,31
DA:211,20
DA:215,31
DA:216,31
DA:217,31
DA:219,9
DA:221,9
DA:224,4
DA:226,4
DA:228,4
DA:232,2
DA:234,0
DA:237,2
DA:238,2
DA:240,2
DA:243,0
DA:246,0
DA:249,3
DA:251,3
DA:253,2
DA:257,1
DA:260,1
DA:261,1
DA:263,4
DA:265,4
DA:267,2
DA:271,2
DA:272,2
DA:274,2
DA:275,2
DA:277,7
DA:279,7
DA:280,7
DA:282,6
DA:284,6
DA:285,6
DA:287,19
DA:293,19
DA:294,19
DA:295,19
DA:298,19
DA:299,19
DA:301,19
DA:303,19
DA:306,19
DA:308,34
DA:311,20
DA:313,20
DA:316,3
DA:317,5
DA:321,17
DA:323,17
DA:326,2
DA:327,2
DA:331,15
DA:334,15
DA:337,15
DA:338,15
DA:341,19
DA:343,14
DA:347,19
DA:348,19
DA:350,1
DA:352,19
DA:354,15
DA:356,15
DA:359,15
DA:363,8
DA:366,8
DA:368,2
DA:371,6
DA:373,5
DA:376,6
DA:378,0
DA:381,0
DA:385,7
DA:389,7
DA:392,7
DA:394,3
DA:396,3
DA:398,3
DA:401,3
DA:408,0
DA:411,0
DA:415,4
DA:416,15
LF:170
LH:147
end_of_record
TN:
SF:/home/duong/MediaPlayerApp/src/controllers/HistoryController.cpp
FN:103,109,_ZN12media_player11controllers17HistoryController12addToHistoryERKNS_6models14MediaFileModelE
FN:111,117,_ZN12media_player11controllers17HistoryController12clearHistoryEv
FN:119,127,_ZN12media_player11controllers17HistoryController14refreshHistoryEv
FN:133,140,_ZNK12media_player11controllers17HistoryController13getLastPlayedEv
FN:142,149,_ZNK12media_player11controllers17HistoryController17getPreviousPlayedEv
FN:15,24,_ZN12media_player11controllers17HistoryControllerC2ESt10shared_ptrINS_6models12HistoryModelEES2_INS0_15QueueControllerEES2_INS0_18PlaybackControllerEE
FN:26,28,_ZN12media_player11controllers17HistoryControllerD2Ev
FN:34,41,_ZNK12media_player11controllers17HistoryController17getHistoryEntriesEv
FN:43,50,_ZNK12media_player11controllers17HistoryController16getRecentHistoryEm
FN:52,59,_ZNK12media_player11controllers17HistoryController15getHistoryCountEv
FN:61,68,_ZNK12media_player11controllers17HistoryController14isHistoryEmptyEv
FN:74,101,_ZN12media_player11controllers17HistoryController15playFromHistoryEm
FNDA:5,_ZN12media_player11controllers17HistoryController12addToHistoryERKNS_6models14MediaFileModelE
FNDA:2,_ZN12media_player11controllers17HistoryController12clearHistoryEv
FNDA:1,_ZN12media_player11controllers17HistoryController14refreshHistoryEv
FNDA:4,_ZNK12media_player11controllers17HistoryController13getLastPlayedEv
FNDA:4,_ZNK12media_player11controllers17HistoryController17getPreviousPlayedEv
FNDA:32,_ZN12media_player11controllers17HistoryControllerC2ESt10shared_ptrINS_6models12HistoryModelEES2_INS0_15QueueControllerEES2_INS0_18PlaybackControllerEE
FNDA:32,_ZN12media_player11controllers17HistoryControllerD2Ev
FNDA:4,_ZNK12media_player11controllers17HistoryController17getHistoryEntriesEv
FNDA:1,_ZNK12media_player11controllers17HistoryController16getRecentHistoryEm
FNDA:5,_ZNK12media_player11controllers17HistoryController15getHistoryCountEv
FNDA:6,_ZNK12media_player11controllers17HistoryController14isHistoryEmptyEv
FNDA:7,_ZN12media_player11controllers17HistoryController15playFromHistoryEm
FNF:12
FNH:12
BRDA:36,0,0,1
BRDA:36,0,1,3
BRDA:45,0,0,0
BRDA:45,0,1,1
BRDA:54,0,0,1
BRDA:54,0,1,4
BRDA:63,0,0,2
BRDA:63,0,1,4
BRDA:76,0,0,7
BRDA:76,0,1,0
BRDA:76,0,2,6
BRDA:76,0,3,1
BRDA:76,0,4,0
BRDA:76,0,5,6
BRDA:76,0,6,1
BRDA:76,0,7,6
BRDA:82,0,0,6
BRDA:82,e0,1,0
BRDA:83,0,0,2
BRDA:83,0,1,4
BRDA:88,0,0,4
BRDA:88,e0,1,0
BRDA:91,0,0,4
BRDA:91,e0,1,0
BRDA:94,0,0,4
BRDA:94,e0,1,0
BRDA:95,0,0,4
BRDA:95,0,1,0
BRDA:97,0,0,4
BRDA:97,e0,1,0
BRDA:105,0,0,4
BRDA:105,0,1,1
BRDA:113,0,0,1
BRDA:113,0,1,1
BRDA:123,0,0,0
BRDA:123,0,1,1
BRDA:135,0,0,1
BRDA:135,0,1,3
BRDA:144,0,0,1
BRDA:144,0,1,3
BRF:40
BRH:30
DA:15,32
DA:19,32
DA:20,32
DA:21,32
DA:22,32
DA:24,32
DA:26,32
DA:28,32
DA:34,4
DA:36,4
DA:38,1
DA:40,3
DA:43,1
DA:45,1
DA:47,0
DA:49,1
DA:52,5
DA:54,5
DA:56,1
DA:58,4
DA:61,6
DA:63,6
DA:65,2
DA:67,4
DA:74,7
DA:76,7
DA:78,1
DA:82,6
DA:83,6
DA:85,2
DA:88,4
DA:91,4
DA:94,4
DA:95,4
DA:97,4
DA:100,4
DA:101,6
DA:103,5
DA:105,5
DA:107,4
DA:109,5
DA:111,2
DA:113,2
DA:115,1
DA:117,2
DA:119,1
DA:123,1
DA:125,0
DA:127,1
DA:133,4
DA:135,4
DA:137,1
DA:139,3
DA:142,4
DA:144,4
DA:146,1
DA:148,3
LF:57
LH:55
end_of_record
TN:
SF:/home/duong/MediaPlayerApp/src/controllers/LibraryController.cpp
FN:100,103,_ZNK12media_player11controllers17LibraryController11sortByAlbumEb
FN:105,108,_ZNK12media_player11controllers17LibraryController13getTotalCountEv
FN:110,113,_ZNK12media_player11controllers17LibraryController13getAudioCountEv
FN:115,118,_ZNK12media_player11controllers17LibraryController13getVideoCountEv
FN:20,28,_ZNK12media_player11controllers17LibraryController12readMetadataERKNSt7__cxx1112basic_stringIcSt11char_traitsIcESaIcEEE
FN:30,48,_ZN12media_player11controllers17LibraryController14updateMetadataERKNS_6models14MediaFileModelERKNS2_13MetadataModelE
FN:50,52,_ZN12media_player11controllers17LibraryControllerD2Ev
FN:54,57,_ZNK12media_player11controllers17LibraryController11getAllMediaEv
FN:59,62,_ZNK12media_player11controllers17LibraryController7getPageEmm
FN:64,67,_ZNK12media_player11controllers17LibraryController13getAudioFilesEv
FN:69,83,_ZNK12media_player11controllers17LibraryController13getVideoFilesEv
FN:85,88,_ZNK12media_player11controllers17LibraryController6searchERKNSt7__cxx1112basic_stringIcSt11char_traitsIcESaIcEEE
FN:9,18,_ZN12media_player11controllers17LibraryControllerC2ESt10shared_ptrINS_6models12LibraryModelEES2_INS_12repositories17LibraryRepositoryEES2_INS_8services15IMetadataReaderEE
FN:90,93,_ZNK12media_player11controllers17LibraryController11sortByTitleEb
FN:95,98,_ZNK12media_player11controllers17LibraryController12sortByArtistEb
FNDA:1,_ZNK12media_player11controllers17LibraryController11sortByAlbumEb
FNDA:1,_ZNK12media_player11controllers17LibraryController13getTotalCountEv
FNDA:1,_ZNK12media_player11controllers17LibraryController13getAudioCountEv
FNDA:1,_ZNK12media_player11controllers17LibraryController13getVideoCountEv
FNDA:2,_ZNK12media_player11controllers17LibraryController12readMetadataERKNSt7__cxx1112basic_stringIcSt11char_traitsIcESaIcEEE
FNDA:1,_ZN12media_player11controllers17LibraryController14updateMetadataERKNS_6models14MediaFileModelERKNS2_13MetadataModelE
FNDA:4,_ZN12media_player11controllers17LibraryControllerD2Ev
FNDA:1,_ZNK12media_player11controllers17LibraryController11getAllMediaEv
FNDA:1,_ZNK12media_player11controllers17LibraryController7getPageEmm
FNDA:1,_ZNK12media_player11controllers17LibraryController13getAudioFilesEv
FNDA:1,_ZNK12media_player11controllers17LibraryController13getVideoFilesEv
FNDA:1,_ZNK12media_player11controllers17LibraryController6searchERKNSt7__cxx1112basic_stringIcSt11char_traitsIcESaIcEEE
FNDA:4,_ZN12media_player11controllers17LibraryControllerC2ESt10shared_ptrINS_6models12LibraryModelEES2_INS_12repositories17LibraryRepositoryEES2_INS_8services15IMetadataReaderEE
FNDA:1,_ZNK12media_player11controllers17LibraryController11sortByTitleEb
FNDA:1,_ZNK12media_player11controllers17LibraryController12sortByArtistEb
FNF:15
FNH:15
BRDA:22,0,0,2
BRDA:22,0,1,0
BRDA:22,0,2,2
BRDA:22,e0,3,0
BRDA:22,0,4,1
BRDA:22,0,5,1
BRDA:22,0,6,1
BRDA:22,0,7,1
BRDA:24,0,0,1
BRDA:24,e0,1,0
BRDA:25,0,0,0
BRDA:25,0,1,1
BRDA:32,0,0,0
BRDA:32,0,1,1
BRDA:35,0,0,1
BRDA:35,e0,1,0
BRDA:35,0,2,1
BRDA:35,e0,3,0
BRDA:35,0,4,1
BRDA:35,0,5,0
BRDA:37,0,0,1
BRDA:37,e0,1,0
BRDA:38,0,0,1
BRDA:38,e0,1,0
BRDA:38,0,2,1
BRDA:38,e0,3,0
BRDA:39,0,0,1
BRDA:39,e0,1,0
BRDA:39,0,2,1
BRDA:39,e0,3,0
BRDA:40,0,0,1
BRDA:40,e0,1,0
BRDA:40,0,2,1
BRDA:40,e0,3,0
BRDA:44,0,0,1
BRDA:44,e0,1,0
BRDA:44,0,2,1
BRDA:44,e0,3,0
BRDA:71,0,0,1
BRDA:71,e0,1,0
BRDA:74,0,0,3
BRDA:74,0,1,1
BRDA:76,0,0,0
BRDA:76,0,1,3
BRDA:78,0,0,-
BRDA:78,e0,1,-
BRF:46
BRH:25
DA:9,4
DA:13,4
DA:14,4
DA:15,4
DA:16,4
DA:18,4
DA:20,2
DA:22,2
DA:23,1
DA:24,1
DA:25,1
DA:26,0
DA:27,1
DA:28,1
DA:30,1
DA:32,1
DA:35,1
DA:37,1
DA:38,1
DA:39,1
DA:40,1
DA:44,1
DA:45,1
DA:46,1
DA:47,0
DA:50,4
DA:52,4
DA:54,1
DA:56,1
DA:59,1
DA:61,1
DA:64,1
DA:66,1
DA:69,1
DA:71,1
DA:72,1
DA:74,4
DA:76,3
DA:78,0
DA:82,2
DA:83,1
DA:85,1
DA:87,1
DA:90,1
DA:92,1
DA:95,1
DA:97,1
DA:100,1
DA:102,1
DA:105,1
DA:107,1
DA:110,1
DA:112,1
DA:115,1
DA:117,1
LF:55
LH:52
end_of_record
TN:
SF:/home/duong/MediaPlayerApp/src/controllers/MainController.cpp
FN:29,32,_ZN12media_player11controllers14MainControllerD2Ev
FN:34,51,_ZN12media_player11controllers14MainController10navigateToENS0_10ScreenTypeE
FN:53,56,_ZNK12media_player11controllers14MainController16getCurrentScreenEv
FN:58,67,_ZN12media_player11controllers14MainController10initializeEv
FN:69,89,_ZN12media_player11controllers14MainController8shutdownEv
FN:9,27,_ZN12media_player11controllers14MainControllerC2ESt10shared_ptrINS0_18PlaybackControllerEES2_INS0_16SourceControllerEES2_INS0_17LibraryControllerEES2_INS0_18PlaylistControllerEES2_INS0_15QueueControllerEES2_INS0_18HardwareControllerEES2_INS_6models16SystemStateModelEE
FN:91,95,_ZN12media_player11controllers14MainController20handleGlobalKeyPressEi
FN:97,100,_ZN12media_player11controllers14MainController17handleGlobalEventERKNSt7__cxx1112basic_stringIcSt11char_traitsIcESaIcEEE
FNDA:1,_ZN12media_player11controllers14MainControllerD2Ev
FNDA:4,_ZN12media_player11controllers14MainController10navigateToENS0_10ScreenTypeE
FNDA:1,_ZNK12media_player11controllers14MainController16getCurrentScreenEv
FNDA:1,_ZN12media_player11controllers14MainController10initializeEv
FNDA:2,_ZN12media_player11controllers14MainController8shutdownEv
FNDA:1,_ZN12media_player11controllers14MainControllerC2ESt10shared_ptrINS0_18PlaybackControllerEES2_INS0_16SourceControllerEES2_INS0_17LibraryControllerEES2_INS0_18PlaylistControllerEES2_INS0_15QueueControllerEES2_INS0_18HardwareControllerEES2_INS_6models16SystemStateModelEE
FNDA:1,_ZN12media_player11controllers14MainController20handleGlobalKeyPressEi
FNDA:1,_ZN12media_player11controllers14MainController17handleGlobalEventERKNSt7__cxx1112basic_stringIcSt11char_traitsIcESaIcEEE
FNF:8
FNH:8
BRDA:38,0,0,0
BRDA:38,0,1,1
BRDA:38,0,2,1
BRDA:38,0,3,1
BRDA:38,0,4,1
BRDA:38,0,5,0
BRDA:61,0,0,1
BRDA:61,0,1,0
BRDA:72,0,0,2
BRDA:72,0,1,0
BRDA:78,0,0,0
BRDA:78,0,1,2
BRDA:84,0,0,2
BRDA:84,0,1,0
BRF:14
BRH:8
DA:9,1
DA:17,1
DA:18,1
DA:19,1
DA:20,1
DA:21,1
DA:22,1
DA:23,1
DA:24,1
DA:25,1
DA:27,1
DA:29,1
DA:31,1
DA:32,1
DA:34,4
DA:36,4
DA:38,4
DA:40,0
DA:41,0
DA:42,1
DA:43,1
DA:44,1
DA:45,1
DA:46,1
DA:47,1
DA:48,1
DA:49,1
DA:51,4
DA:53,1
DA:55,1
DA:58,1
DA:61,1
DA:63,1
DA:66,1
DA:69,2
DA:72,2
DA:74,2
DA:78,2
DA:80,0
DA:84,2
DA:86,2
DA:89,2
DA:91,1
DA:95,1
DA:97,1
DA:100,1
LF:46
LH:43
end_of_record
TN:
SF:/home/duong/MediaPlayerApp/src/controllers/PlaybackController.cpp
FN:10,53,_ZN12media_player11controllers18PlaybackControllerC2ESt10shared_ptrINS_6models10QueueModelEES2_INS3_18PlaybackStateModelEES2_INS3_12HistoryModelEE
FN:131,141,_ZN12media_player11controllers18PlaybackController5pauseEv
FN:143,187,_ZN12media_player11controllers18PlaybackController15togglePlayPauseEv
FN:189,209,_ZN12media_player11controllers18PlaybackController4stopEv
FN:211,222,_ZN12media_player11controllers18PlaybackController8playNextEv
FN:227,292,_ZN12media_player11controllers18PlaybackController12playPreviousEv
FN:26,29,_ZZN12media_player11controllers18PlaybackControllerC4ESt10shared_ptrINS_6models10QueueModelEES2_INS3_18PlaybackStateModelEES2_INS3_12HistoryModelEEENKUlNS_8services13PlaybackStateEE_clESB_
FN:294,306,_ZN12media_player11controllers18PlaybackController10playItemAtEm
FN:308,333,_ZN12media_player11controllers18PlaybackController21playMediaWithoutQueueERKNS_6models14MediaFileModelE
FN:33,36,_ZZN12media_player11controllers18PlaybackControllerC4ESt10shared_ptrINS_6models10QueueModelEES2_INS3_18PlaybackStateModelEES2_INS3_12HistoryModelEEENKUliiE_clEii
FN:335,345,_ZN12media_player11controllers18PlaybackController4seekEi
FN:347,357,_ZN12media_player11controllers18PlaybackController9setVolumeEi
FN:359,363,_ZNK12media_player11controllers18PlaybackController9getVolumeEv
FN:365,369,_ZNK12media_player11controllers18PlaybackController9isPlayingEv
FN:371,375,_ZNK12media_player11controllers18PlaybackController8isPausedEv
FN:377,381,_ZNK12media_player11controllers18PlaybackController9isStoppedEv
FN:383,387,_ZNK12media_player11controllers18PlaybackController18getCurrentFilePathB5cxx11Ev
FN:389,393,_ZNK12media_player11controllers18PlaybackController19getCurrentMediaTypeEv
FN:395,429,_ZN12media_player11controllers18PlaybackController19selectAndLoadEngineERKNS_6models14MediaFileModelE
FN:40,43,_ZZN12media_player11controllers18PlaybackControllerC4ESt10shared_ptrINS_6models10QueueModelEES2_INS3_18PlaybackStateModelEES2_INS3_12HistoryModelEEENKUlRKNSt7__cxx1112basic_stringIcSt11char_traitsIcESaIcEEEE_clESH_
FN:431,440,_ZN12media_player11controllers18PlaybackController20cleanupCurrentEngineEv
FN:442,462,_ZN12media_player11controllers18PlaybackController14onStateChangedENS_8services13PlaybackStateE
FN:464,469,_ZN12media_player11controllers18PlaybackController17onPositionChangedEii
FN:47,50,_ZZN12media_player11controllers18PlaybackControllerC4ESt10shared_ptrINS_6models10QueueModelEES2_INS3_18PlaybackStateModelEES2_INS3_12HistoryModelEEENKUlvE_clEv
FN:471,490,_ZN12media_player11controllers18PlaybackController7onErrorERKNSt7__cxx1112basic_stringIcSt11char_traitsIcESaIcEEE
FN:492,561,_ZN12media_player11controllers18PlaybackController10onFinishedEv
FN:55,58,_ZN12media_player11controllers18PlaybackControllerD2Ev
FN:563,572,_ZN12media_player11controllers18PlaybackController14setAudioEngineESt10unique_ptrINS_8services15IPlaybackEngineESt14default_deleteIS4_EE
FN:567,567,_ZZN12media_player11controllers18PlaybackController14setAudioEngineESt10unique_ptrINS_8services15IPlaybackEngineESt14default_deleteIS4_EEENKUlNS3_13PlaybackStateEE_clES8_
FN:568,568,_ZZN12media_player11controllers18PlaybackController14setAudioEngineESt10unique_ptrINS_8services15IPlaybackEngineESt14default_deleteIS4_EEENKUliiE_clEii
FN:569,569,_ZZN12media_player11controllers18PlaybackController14setAudioEngineESt10unique_ptrINS_8services15IPlaybackEngineESt14default_deleteIS4_EEENKUlRKNSt7__cxx1112basic_stringIcSt11char_traitsIcESaIcEEEE_clESF_
FN:570,570,_ZZN12media_player11controllers18PlaybackController14setAudioEngineESt10unique_ptrINS_8services15IPlaybackEngineESt14default_deleteIS4_EEENKUlvE_clEv
FN:60,129,_ZN12media_player11controllers18PlaybackController4playEv
FNDA:66,_ZN12media_player11controllers18PlaybackControllerC2ESt10shared_ptrINS_6models10QueueModelEES2_INS3_18PlaybackStateModelEES2_INS3_12HistoryModelEE
FNDA:6,_ZN12media_player11controllers18PlaybackController5pauseEv
FNDA:9,_ZN12media_player11controllers18PlaybackController15togglePlayPauseEv
FNDA:79,_ZN12media_player11controllers18PlaybackController4stopEv
FNDA:8,_ZN12media_player11controllers18PlaybackController8playNextEv
FNDA:7,_ZN12media_player11controllers18PlaybackController12playPreviousEv
FNDA:0,_ZZN12media_player11controllers18PlaybackControllerC4ESt10shared_ptrINS_6models10QueueModelEES2_INS3_18PlaybackStateModelEES2_INS3_12HistoryModelEEENKUlNS_8services13PlaybackStateEE_clESB_
FNDA:6,_ZN12media_player11controllers18PlaybackController10playItemAtEm
FNDA:9,_ZN12media_player11controllers18PlaybackController21playMediaWithoutQueueERKNS_6models14MediaFileModelE
FNDA:0,_ZZN12media_player11controllers18PlaybackControllerC4ESt10shared_ptrINS_6models10QueueModelEES2_INS3_18PlaybackStateModelEES2_INS3_12HistoryModelEEENKUliiE_clEii
FNDA:3,_ZN12media_player11controllers18PlaybackController4seekEi
FNDA:3,_ZN12media_player11controllers18PlaybackController9setVolumeEi
FNDA:1,_ZNK12media_player11controllers18PlaybackController9getVolumeEv
FNDA:30,_ZNK12media_player11controllers18PlaybackController9isPlayingEv
FNDA:9,_ZNK12media_player11controllers18PlaybackController8isPausedEv
FNDA:7,_ZNK12media_player11controllers18PlaybackController9isStoppedEv
FNDA:12,_ZNK12media_player11controllers18PlaybackController18getCurrentFilePathB5cxx11Ev
FNDA:2,_ZNK12media_player11controllers18PlaybackController19getCurrentMediaTypeEv
FNDA:48,_ZN12media_player11controllers18PlaybackController19selectAndLoadEngineERKNS_6models14MediaFileModelE
FNDA:0,_ZZN12media_player11controllers18PlaybackControllerC4ESt10shared_ptrINS_6models10QueueModelEES2_INS3_18PlaybackStateModelEES2_INS3_12HistoryModelEEENKUlRKNSt7__cxx1112basic_stringIcSt11char_traitsIcESaIcEEEE_clESH_
FNDA:81,_ZN12media_player11controllers18PlaybackController20cleanupCurrentEngineEv
FNDA:133,_ZN12media_player11controllers18PlaybackController14onStateChangedENS_8services13PlaybackStateE
FNDA:2,_ZN12media_player11controllers18PlaybackController17onPositionChangedEii
FNDA:0,_ZZN12media_player11controllers18PlaybackControllerC4ESt10shared_ptrINS_6models10QueueModelEES2_INS3_18PlaybackStateModelEES2_INS3_12HistoryModelEEENKUlvE_clEv
FNDA:1,_ZN12media_player11controllers18PlaybackController7onErrorERKNSt7__cxx1112basic_stringIcSt11char_traitsIcESaIcEEE
FNDA:9,_ZN12media_player11controllers18PlaybackController10onFinishedEv
FNDA:66,_ZN12media_player11controllers18PlaybackControllerD2Ev
FNDA:41,_ZN12media_player11controllers18PlaybackController14setAudioEngineESt10unique_ptrINS_8services15IPlaybackEngineESt14default_deleteIS4_EE
FNDA:133,_ZZN12media_player11controllers18PlaybackController14setAudioEngineESt10unique_ptrINS_8services15IPlaybackEngineESt14default_deleteIS4_EEENKUlNS3_13PlaybackStateEE_clES8_
FNDA:2,_ZZN12media_player11controllers18PlaybackController14setAudioEngineESt10unique_ptrINS_8services15IPlaybackEngineESt14default_deleteIS4_EEENKUliiE_clEii
FNDA:1,_ZZN12media_player11controllers18PlaybackController14setAudioEngineESt10unique_ptrINS_8services15IPlaybackEngineESt14default_deleteIS4_EEENKUlRKNSt7__cxx1112basic_stringIcSt11char_traitsIcESaIcEEEE_clESF_
FNDA:9,_ZZN12media_player11controllers18PlaybackController14setAudioEngineESt10unique_ptrINS_8services15IPlaybackEngineESt14default_deleteIS4_EEENKUlvE_clEv
FNDA:41,_ZN12media_player11controllers18PlaybackController4playEv
FNF:33
FNH:29
BRDA:22,0,0,66
BRDA:22,e0,1,0
BRDA:25,0,0,66
BRDA:25,e0,1,0
BRDA:32,0,0,66
BRDA:32,e0,1,0
BRDA:39,0,0,66
BRDA:39,e0,1,0
BRDA:46,0,0,66
BRDA:46,e0,1,0
BRDA:62,0,0,41
BRDA:62,e0,1,0
BRDA:66,0,0,41
BRDA:66,e0,1,0
BRDA:68,0,0,2
BRDA:68,0,1,39
BRDA:74,0,0,41
BRDA:74,0,1,4
BRDA:74,0,2,41
BRDA:74,e0,3,0
BRDA:74,0,4,41
BRDA:74,e0,5,0
BRDA:74,0,6,41
BRDA:74,e0,7,0
BRDA:74,0,8,6
BRDA:74,0,9,35
BRDA:74,0,10,41
BRDA:74,0,11,4
BRDA:74,0,12,41
BRDA:74,0,13,4
BRDA:74,0,14,6
BRDA:74,0,15,39
BRDA:74,0,16,0
BRDA:74,0,17,0
BRDA:74,0,18,0
BRDA:74,0,19,0
BRDA:76,0,0,6
BRDA:76,e0,1,0
BRDA:76,0,2,6
BRDA:76,e0,3,0
BRDA:77,0,0,6
BRDA:77,e0,1,0
BRDA:78,0,0,6
BRDA:78,e0,1,0
BRDA:80,0,0,4
BRDA:80,0,1,35
BRDA:82,0,0,4
BRDA:82,e0,1,0
BRDA:88,0,0,35
BRDA:88,e0,1,0
BRDA:88,0,2,35
BRDA:88,0,3,0
BRDA:88,0,4,35
BRDA:88,e0,5,0
BRDA:88,0,6,0
BRDA:88,e0,7,0
BRDA:88,0,8,35
BRDA:88,e0,9,0
BRDA:89,0,0,35
BRDA:89,e0,1,0
BRDA:89,0,2,35
BRDA:89,0,3,0
BRDA:89,0,4,35
BRDA:89,e0,5,0
BRDA:89,0,6,0
BRDA:89,e0,7,0
BRDA:89,0,8,35
BRDA:89,e0,9,0
BRDA:89,0,10,35
BRDA:89,0,11,0
BRDA:89,0,12,0
BRDA:89,0,13,0
BRDA:90,0,0,35
BRDA:90,e0,1,0
BRDA:93,0,0,35
BRDA:93,e0,1,0
BRDA:93,0,2,35
BRDA:93,e0,3,0
BRDA:93,0,4,35
BRDA:93,0,5,0
BRDA:95,0,0,35
BRDA:95,e0,1,0
BRDA:95,0,2,1
BRDA:95,0,3,34
BRDA:97,0,0,1
BRDA:97,e0,1,0
BRDA:97,0,2,1
BRDA:97,e0,3,0
BRDA:98,0,0,1
BRDA:98,e0,1,0
BRDA:99,0,0,1
BRDA:99,e0,1,0
BRDA:102,0,0,34
BRDA:102,e0,1,0
BRDA:102,0,2,34
BRDA:102,e0,3,0
BRDA:106,0,0,0
BRDA:106,0,1,34
BRDA:111,0,0,34
BRDA:111,e0,1,0
BRDA:113,0,0,34
BRDA:113,0,1,0
BRDA:116,0,0,1
BRDA:116,0,1,33
BRDA:120,0,0,33
BRDA:120,0,1,0
BRDA:122,0,0,33
BRDA:122,e0,1,0
BRDA:122,0,2,33
BRDA:122,e0,3,0
BRDA:123,0,0,33
BRDA:123,e0,1,0
BRDA:133,0,0,6
BRDA:133,e0,1,0
BRDA:135,0,0,0
BRDA:135,0,1,6
BRDA:140,0,0,6
BRDA:140,e0,1,0
BRDA:145,0,0,9
BRDA:145,e0,1,0
BRDA:147,0,0,9
BRDA:147,e0,1,0
BRDA:147,0,2,2
BRDA:147,0,3,7
BRDA:149,0,0,2
BRDA:149,e0,1,0
BRDA:151,0,0,7
BRDA:151,e0,1,0
BRDA:151,0,2,2
BRDA:151,0,3,5
BRDA:151,0,4,2
BRDA:151,0,5,0
BRDA:151,0,6,2
BRDA:151,0,7,5
BRDA:154,0,0,2
BRDA:154,e0,1,0
BRDA:159,0,0,2
BRDA:159,0,1,3
BRDA:159,0,2,2
BRDA:159,0,3,0
BRDA:159,0,4,2
BRDA:159,0,5,3
BRDA:162,0,0,2
BRDA:162,e0,1,0
BRDA:162,0,2,1
BRDA:162,0,3,1
BRDA:165,0,0,1
BRDA:165,e0,1,0
BRDA:170,0,0,1
BRDA:170,e0,1,0
BRDA:170,0,2,1
BRDA:170,0,3,0
BRDA:172,0,0,1
BRDA:172,e0,1,0
BRDA:172,0,2,1
BRDA:172,e0,3,0
BRDA:173,0,0,1
BRDA:173,e0,1,0
BRDA:173,0,2,1
BRDA:173,0,3,0
BRDA:173,0,4,1
BRDA:173,e0,5,0
BRDA:173,0,6,0
BRDA:173,e0,7,0
BRDA:173,0,8,1
BRDA:173,e0,9,0
BRDA:174,0,0,1
BRDA:174,e0,1,0
BRDA:174,0,2,1
BRDA:174,0,3,0
BRDA:174,0,4,1
BRDA:174,e0,5,0
BRDA:174,0,6,0
BRDA:174,e0,7,0
BRDA:174,0,8,1
BRDA:174,e0,9,0
BRDA:174,0,10,1
BRDA:174,0,11,0
BRDA:174,0,12,0
BRDA:174,0,13,0
BRDA:175,0,0,1
BRDA:175,e0,1,0
BRDA:176,0,0,1
BRDA:176,e0,1,0
BRDA:183,0,0,3
BRDA:183,e0,1,0
BRDA:191,0,0,79
BRDA:191,e0,1,0
BRDA:193,0,0,33
BRDA:193,0,1,46
BRDA:198,0,0,46
BRDA:198,e0,1,0
BRDA:200,0,0,38
BRDA:200,0,1,8
BRDA:202,0,0,38
BRDA:202,e0,1,0
BRDA:202,0,2,38
BRDA:202,e0,3,0
BRDA:203,0,0,38
BRDA:203,e0,1,0
BRDA:204,0,0,38
BRDA:204,e0,1,0
BRDA:213,0,0,8
BRDA:213,e0,1,0
BRDA:214,0,0,8
BRDA:214,e0,1,0
BRDA:215,0,0,6
BRDA:215,0,1,2
BRDA:217,0,0,6
BRDA:217,e0,1,0
BRDA:218,0,0,6
BRDA:218,e0,1,0
BRDA:220,0,0,2
BRDA:220,e0,1,0
BRDA:229,0,0,7
BRDA:229,e0,1,0
BRDA:231,0,0,7
BRDA:231,e0,1,0
BRDA:232,0,0,7
BRDA:232,e0,1,0
BRDA:233,0,0,7
BRDA:233,0,1,0
BRDA:233,0,2,7
BRDA:233,e0,3,0
BRDA:233,0,4,7
BRDA:233,0,5,0
BRDA:233,0,6,7
BRDA:233,0,7,0
BRDA:233,0,8,0
BRDA:233,0,9,0
BRDA:235,0,0,7
BRDA:235,0,1,0
BRDA:235,0,2,7
BRDA:235,e0,3,0
BRDA:235,0,4,0
BRDA:235,0,5,7
BRDA:235,0,6,0
BRDA:235,e0,7,0
BRDA:235,0,8,0
BRDA:235,0,9,0
BRDA:235,0,10,3
BRDA:235,0,11,4
BRDA:236,0,0,3
BRDA:236,0,1,4
BRDA:239,0,0,3
BRDA:239,0,1,0
BRDA:239,0,2,3
BRDA:239,0,3,0
BRDA:239,0,4,3
BRDA:239,0,5,0
BRDA:240,0,0,3
BRDA:240,e0,1,0
BRDA:240,0,2,3
BRDA:240,e0,3,0
BRDA:241,0,0,3
BRDA:241,0,1,0
BRDA:241,0,2,3
BRDA:241,e0,3,0
BRDA:241,0,4,3
BRDA:241,0,5,0
BRDA:245,0,0,4
BRDA:245,e0,1,0
BRDA:246,0,0,4
BRDA:246,0,1,0
BRDA:251,0,0,4
BRDA:251,0,1,0
BRDA:251,0,2,4
BRDA:251,e0,3,0
BRDA:251,0,4,4
BRDA:251,0,5,0
BRDA:251,0,6,4
BRDA:251,0,7,0
BRDA:254,0,0,4
BRDA:254,e0,1,0
BRDA:257,0,0,4
BRDA:257,e0,1,0
BRDA:259,0,0,3
BRDA:259,0,1,1
BRDA:259,0,2,3
BRDA:259,e0,3,0
BRDA:259,0,4,3
BRDA:259,e0,5,0
BRDA:259,0,6,3
BRDA:259,e0,7,0
BRDA:259,0,8,3
BRDA:259,0,9,0
BRDA:259,0,10,3
BRDA:259,0,11,1
BRDA:259,0,12,3
BRDA:259,0,13,1
BRDA:259,0,14,3
BRDA:259,0,15,1
BRDA:259,0,16,0
BRDA:259,0,17,0
BRDA:259,0,18,0
BRDA:259,0,19,0
BRDA:262,0,0,3
BRDA:262,e0,1,0
BRDA:262,0,2,3
BRDA:262,e0,3,0
BRDA:265,0,0,3
BRDA:265,e0,1,0
BRDA:266,0,0,3
BRDA:266,e0,1,0
BRDA:266,0,2,0
BRDA:266,0,3,3
BRDA:268,0,0,3
BRDA:268,e0,1,0
BRDA:268,0,2,3
BRDA:268,e0,3,0
BRDA:269,0,0,3
BRDA:269,e0,1,0
BRDA:269,0,2,3
BRDA:269,0,3,0
BRDA:269,0,4,3
BRDA:269,e0,5,0
BRDA:269,0,6,0
BRDA:269,e0,7,0
BRDA:269,0,8,3
BRDA:269,e0,9,0
BRDA:270,0,0,3
BRDA:270,e0,1,0
BRDA:270,0,2,3
BRDA:270,0,3,0
BRDA:270,0,4,3
BRDA:270,e0,5,0
BRDA:270,0,6,0
BRDA:270,e0,7,0
BRDA:270,0,8,3
BRDA:270,e0,9,0
BRDA:270,0,10,3
BRDA:270,0,11,0
BRDA:270,0,12,0
BRDA:270,0,13,0
BRDA:271,0,0,3
BRDA:271,e0,1,0
BRDA:273,0,0,3
BRDA:273,0,1,0
BRDA:273,0,2,3
BRDA:273,e0,3,0
BRDA:273,0,4,3
BRDA:273,0,5,0
BRDA:275,0,0,1
BRDA:275,0,1,3
BRDA:278,0,0,1
BRDA:278,e0,1,0
BRDA:278,0,2,0
BRDA:278,0,3,1
BRDA:283,0,0,1
BRDA:283,e0,1,0
BRDA:284,0,0,1
BRDA:284,e0,1,0
BRDA:285,0,0,1
BRDA:285,e0,1,0
BRDA:286,0,0,1
BRDA:286,0,1,0
BRDA:286,0,2,1
BRDA:286,0,3,0
BRDA:286,0,4,1
BRDA:286,0,5,0
BRDA:288,0,0,1
BRDA:288,e0,1,0
BRDA:288,0,2,1
BRDA:288,e0,3,0
BRDA:291,0,0,1
BRDA:291,e0,1,0
BRDA:296,0,0,6
BRDA:296,e0,1,0
BRDA:298,0,0,6
BRDA:298,e0,1,0
BRDA:298,0,2,1
BRDA:298,0,3,5
BRDA:303,0,0,5
BRDA:303,e0,1,0
BRDA:304,0,0,5
BRDA:304,e0,1,0
BRDA:304,0,2,5
BRDA:304,e0,3,0
BRDA:304,0,4,5
BRDA:304,e0,5,0
BRDA:304,0,6,5
BRDA:304,e0,7,0
BRDA:305,0,0,5
BRDA:305,e0,1,0
BRDA:310,0,0,9
BRDA:310,e0,1,0
BRDA:312,0,0,9
BRDA:312,e0,1,0
BRDA:312,0,2,9
BRDA:312,e0,3,0
BRDA:312,0,4,9
BRDA:312,e0,5,0
BRDA:312,0,6,1
BRDA:312,0,7,8
BRDA:315,0,0,8
BRDA:315,e0,1,0
BRDA:316,0,0,8
BRDA:316,e0,1,0
BRDA:317,0,0,8
BRDA:317,e0,1,0
BRDA:317,0,2,0
BRDA:317,0,3,8
BRDA:320,0,0,8
BRDA:320,e0,1,0
BRDA:320,0,2,8
BRDA:320,e0,3,0
BRDA:321,0,0,8
BRDA:321,e0,1,0
BRDA:321,0,2,8
BRDA:321,0,3,0
BRDA:321,0,4,8
BRDA:321,e0,5,0
BRDA:321,0,6,0
BRDA:321,e0,7,0
BRDA:321,0,8,8
BRDA:321,e0,9,0
BRDA:322,0,0,8
BRDA:322,e0,1,0
BRDA:322,0,2,8
BRDA:322,0,3,0
BRDA:322,0,4,8
BRDA:322,e0,5,0
BRDA:322,0,6,0
BRDA:322,e0,7,0
BRDA:322,0,8,8
BRDA:322,e0,9,0
BRDA:322,0,10,8
BRDA:322,0,11,0
BRDA:322,0,12,0
BRDA:322,0,13,0
BRDA:323,0,0,8
BRDA:323,e0,1,0
BRDA:326,0,0,8
BRDA:326,0,1,0
BRDA:326,0,2,8
BRDA:326,e0,3,0
BRDA:326,0,4,8
BRDA:326,0,5,0
BRDA:327,0,0,8
BRDA:327,0,1,0
BRDA:327,0,2,8
BRDA:327,0,3,0
BRDA:327,0,4,8
BRDA:327,0,5,0
BRDA:329,0,0,8
BRDA:329,e0,1,0
BRDA:329,0,2,8
BRDA:329,e0,3,0
BRDA:330,0,0,8
BRDA:330,e0,1,0
BRDA:337,0,0,3
BRDA:337,e0,1,0
BRDA:339,0,0,0
BRDA:339,0,1,3
BRDA:344,0,0,3
BRDA:344,e0,1,0
BRDA:349,0,0,3
BRDA:349,e0,1,0
BRDA:351,0,0,3
BRDA:351,0,1,0
BRDA:353,0,0,3
BRDA:353,e0,1,0
BRDA:356,0,0,3
BRDA:356,e0,1,0
BRDA:361,0,0,1
BRDA:361,e0,1,0
BRDA:362,0,0,1
BRDA:362,e0,1,0
BRDA:367,0,0,30
BRDA:367,e0,1,0
BRDA:368,0,0,30
BRDA:368,e0,1,0
BRDA:373,0,0,9
BRDA:373,e0,1,0
BRDA:374,0,0,9
BRDA:374,e0,1,0
BRDA:379,0,0,7
BRDA:379,e0,1,0
BRDA:380,0,0,7
BRDA:380,e0,1,0
BRDA:385,0,0,12
BRDA:385,e0,1,0
BRDA:386,0,0,12
BRDA:386,e0,1,0
BRDA:391,0,0,2
BRDA:391,e0,1,0
BRDA:392,0,0,2
BRDA:392,e0,1,0
BRDA:401,0,0,1
BRDA:401,0,1,47
BRDA:406,0,0,0
BRDA:406,0,1,47
BRDA:418,0,0,47
BRDA:418,e0,1,0
BRDA:418,0,2,47
BRDA:418,e0,3,0
BRDA:418,0,4,0
BRDA:418,0,5,47
BRDA:433,0,0,48
BRDA:433,0,1,33
BRDA:444,0,0,133
BRDA:444,e0,1,0
BRDA:447,0,0,47
BRDA:447,0,1,5
BRDA:447,0,2,81
BRDA:447,0,3,0
BRDA:460,0,0,133
BRDA:460,e0,1,0
BRDA:466,0,0,2
BRDA:466,e0,1,0
BRDA:467,0,0,2
BRDA:467,e0,1,0
BRDA:468,0,0,2
BRDA:468,e0,1,0
BRDA:473,0,0,1
BRDA:473,e0,1,0
BRDA:481,0,0,1
BRDA:481,e0,1,0
BRDA:482,0,0,1
BRDA:482,0,1,0
BRDA:482,0,2,1
BRDA:482,0,3,0
BRDA:482,0,4,1
BRDA:482,0,5,0
BRDA:482,0,6,1
BRDA:482,0,7,0
BRDA:483,0,0,1
BRDA:483,e0,1,0
BRDA:484,0,0,1
BRDA:484,e0,1,0
BRDA:486,0,0,1
BRDA:486,0,1,0
BRDA:486,0,2,1
BRDA:486,0,3,0
BRDA:486,0,4,1
BRDA:486,0,5,0
BRDA:487,0,0,1
BRDA:487,e0,1,0
BRDA:489,0,0,-
BRDA:489,e0,1,-
BRDA:494,0,0,9
BRDA:494,e0,1,0
BRDA:496,0,0,3
BRDA:496,0,1,6
BRDA:500,0,0,2
BRDA:500,0,1,1
BRDA:500,0,2,2
BRDA:500,0,3,0
BRDA:502,0,0,2
BRDA:502,e0,1,0
BRDA:503,0,0,1
BRDA:503,0,1,1
BRDA:506,0,0,1
BRDA:506,e0,1,0
BRDA:510,0,0,1
BRDA:510,0,1,0
BRDA:510,0,2,1
BRDA:510,e0,3,0
BRDA:510,0,4,1
BRDA:510,e0,5,0
BRDA:510,0,6,1
BRDA:510,e0,7,0
BRDA:510,0,8,1
BRDA:510,0,9,0
BRDA:510,0,10,1
BRDA:510,0,11,0
BRDA:510,0,12,1
BRDA:510,0,13,0
BRDA:510,0,14,1
BRDA:510,0,15,0
BRDA:510,0,16,0
BRDA:510,0,17,0
BRDA:510,0,18,0
BRDA:510,0,19,0
BRDA:513,0,0,1
BRDA:513,e0,1,0
BRDA:514,0,0,1
BRDA:514,e0,1,0
BRDA:514,0,2,1
BRDA:514,0,3,0
BRDA:516,0,0,1
BRDA:516,e0,1,0
BRDA:516,0,2,1
BRDA:516,e0,3,0
BRDA:517,0,0,1
BRDA:517,e0,1,0
BRDA:517,0,2,1
BRDA:517,0,3,0
BRDA:517,0,4,1
BRDA:517,e0,5,0
BRDA:517,0,6,0
BRDA:517,e0,7,0
BRDA:517,0,8,1
BRDA:517,e0,9,0
BRDA:518,0,0,1
BRDA:518,e0,1,0
BRDA:518,0,2,1
BRDA:518,0,3,0
BRDA:518,0,4,1
BRDA:518,e0,5,0
BRDA:518,0,6,0
BRDA:518,e0,7,0
BRDA:518,0,8,1
BRDA:518,e0,9,0
BRDA:518,0,10,1
BRDA:518,0,11,0
BRDA:518,0,12,0
BRDA:518,0,13,0
BRDA:519,0,0,1
BRDA:519,e0,1,0
BRDA:521,0,0,1
BRDA:521,0,1,0
BRDA:521,0,2,1
BRDA:521,e0,3,0
BRDA:521,0,4,1
BRDA:521,0,5,0
BRDA:521,0,6,1
BRDA:521,0,7,0
BRDA:526,0,0,1
BRDA:526,e0,1,0
BRDA:527,0,0,1
BRDA:527,e0,1,0
BRDA:529,0,0,1
BRDA:529,0,1,5
BRDA:532,0,0,1
BRDA:532,e0,1,0
BRDA:533,0,0,1
BRDA:533,e0,1,0
BRDA:538,0,0,1
BRDA:538,0,1,4
BRDA:540,0,0,1
BRDA:540,0,1,0
BRDA:542,0,0,1
BRDA:542,e0,1,0
BRDA:543,0,0,1
BRDA:543,0,1,0
BRDA:545,0,0,1
BRDA:545,e0,1,0
BRDA:550,0,0,-
BRDA:550,e0,1,-
BRDA:551,0,0,-
BRDA:551,0,1,-
BRDA:551,0,2,-
BRDA:551,e0,3,-
BRDA:551,0,4,-
BRDA:551,e0,5,-
BRDA:551,0,6,-
BRDA:551,e0,7,-
BRDA:551,0,8,-
BRDA:551,0,9,-
BRDA:551,0,10,-
BRDA:551,0,11,-
BRDA:551,0,12,-
BRDA:551,0,13,-
BRDA:551,0,14,-
BRDA:551,0,15,-
BRDA:551,0,16,-
BRDA:551,0,17,-
BRDA:551,0,18,-
BRDA:551,0,19,-
BRDA:553,0,0,-
BRDA:553,e0,1,-
BRDA:554,0,0,-
BRDA:554,e0,1,-
BRDA:554,0,2,-
BRDA:554,e0,3,-
BRDA:555,0,0,-
BRDA:555,e0,1,-
BRDA:555,0,2,-
BRDA:555,0,3,-
BRDA:558,0,0,-
BRDA:558,0,1,-
BRDA:559,0,0,4
BRDA:559,e0,1,0
BRDA:561,0,0,6
BRDA:561,0,1,3
BRDA:565,0,0,41
BRDA:565,e0,1,0
BRDA:567,0,0,41
BRDA:567,e0,1,0
BRDA:568,0,0,41
BRDA:568,e0,1,0
BRDA:569,0,0,41
BRDA:569,e0,1,0
BRDA:570,0,0,41
BRDA:570,e0,1,0
BRF:686
BRH:337
DA:10,66
DA:14,66
DA:15,66
DA:16,66
DA:17,66
DA:18,66
DA:19,66
DA:22,66
DA:25,132
DA:26,0
DA:28,0
DA:29,0
DA:32,132
DA:33,0
DA:35,0
DA:36,0
DA:39,132
DA:40,0
DA:42,0
DA:43,0
DA:46,132
DA:47,0
DA:49,0
DA:50,0
DA:53,66
DA:55,66
DA:57,66
DA:58,66
DA:60,41
DA:62,41
DA:64,41
DA:65,41
DA:66,41
DA:68,41
DA:70,2
DA:74,45
DA:76,6
DA:77,6
DA:78,6
DA:80,39
DA:82,4
DA:83,4
DA:87,35
DA:88,35
DA:89,105
DA:90,35
DA:93,35
DA:95,35
DA:97,1
DA:98,1
DA:99,1
DA:102,34
DA:106,34
DA:108,0
DA:111,34
DA:113,34
DA:116,34
DA:118,1
DA:120,33
DA:122,33
DA:123,33
DA:128,34
DA:129,41
DA:131,6
DA:133,6
DA:135,6
DA:137,0
DA:140,6
DA:141,6
DA:143,9
DA:145,9
DA:147,9
DA:149,2
DA:151,7
DA:154,2
DA:159,5
DA:162,2
DA:165,1
DA:170,1
DA:172,1
DA:173,1
DA:174,3
DA:175,1
DA:176,1
DA:183,3
DA:186,0
DA:187,9
DA:189,79
DA:191,79
DA:193,79
DA:195,33
DA:198,46
DA:200,46
DA:202,76
DA:203,38
DA:204,38
DA:205,38
DA:208,46
DA:209,79
DA:211,8
DA:213,8
DA:214,8
DA:215,8
DA:217,6
DA:218,6
DA:220,2
DA:221,2
DA:222,8
DA:227,7
DA:229,7
DA:231,7
DA:232,7
DA:233,7
DA:235,7
DA:236,7
DA:239,3
DA:240,3
DA:241,3
DA:245,4
DA:246,4
DA:250,4
DA:251,4
DA:254,4
DA:257,4
DA:259,4
DA:262,3
DA:265,3
DA:266,3
DA:267,0
DA:268,3
DA:269,3
DA:270,9
DA:271,3
DA:272,3
DA:273,3
DA:275,4
DA:278,1
DA:280,0
DA:283,1
DA:284,1
DA:285,1
DA:286,1
DA:288,1
DA:289,1
DA:291,1
DA:292,7
DA:294,6
DA:296,6
DA:298,6
DA:300,1
DA:303,5
DA:304,5
DA:305,5
DA:306,6
DA:308,9
DA:310,9
DA:312,9
DA:313,1
DA:315,8
DA:316,8
DA:317,8
DA:318,0
DA:320,8
DA:321,8
DA:322,24
DA:323,8
DA:324,8
DA:326,8
DA:327,8
DA:329,8
DA:330,8
DA:332,8
DA:333,9
DA:335,3
DA:337,3
DA:339,3
DA:341,0
DA:344,3
DA:345,3
DA:347,3
DA:349,3
DA:351,3
DA:353,3
DA:356,3
DA:357,3
DA:359,1
DA:361,1
DA:362,2
DA:363,1
DA:365,30
DA:367,30
DA:368,60
DA:369,30
DA:371,9
DA:373,9
DA:374,18
DA:375,9
DA:377,7
DA:379,7
DA:380,14
DA:381,7
DA:383,12
DA:385,12
DA:386,24
DA:387,12
DA:389,2
DA:391,2
DA:392,4
DA:393,2
DA:395,48
DA:397,48
DA:401,48
DA:403,1
DA:406,47
DA:408,0
DA:412,47
DA:413,47
DA:416,47
DA:418,47
DA:420,0
DA:421,0
DA:422,0
DA:426,47
DA:428,47
DA:431,81
DA:433,81
DA:435,48
DA:438,81
DA:439,81
DA:440,81
DA:442,133
DA:444,133
DA:447,133
DA:449,47
DA:450,47
DA:451,47
DA:452,5
DA:453,5
DA:454,5
DA:455,81
DA:456,81
DA:457,81
DA:460,133
DA:462,133
DA:464,2
DA:466,2
DA:467,2
DA:468,2
DA:469,2
DA:471,1
DA:473,1
DA:476,1
DA:477,1
DA:478,1
DA:479,1
DA:481,1
DA:482,1
DA:483,1
DA:484,1
DA:486,1
DA:487,1
DA:489,0
DA:490,1
DA:492,9
DA:494,9
DA:495,9
DA:496,9
DA:498,3
DA:500,3
DA:502,2
DA:503,2
DA:505,1
DA:506,1
DA:507,1
DA:510,1
DA:512,1
DA:513,1
DA:514,1
DA:516,1
DA:517,1
DA:518,3
DA:519,1
DA:520,1
DA:521,1
DA:522,1
DA:526,1
DA:527,1
DA:529,6
DA:531,1
DA:532,1
DA:533,1
DA:538,5
DA:540,1
DA:542,1
DA:543,1
DA:545,1
DA:546,1
DA:550,0
DA:551,0
DA:553,0
DA:554,0
DA:555,0
DA:556,0
DA:558,0
DA:559,4
DA:561,9
DA:563,41
DA:565,41
DA:566,41
DA:567,174
DA:568,43
DA:569,42
DA:570,50
DA:571,41
DA:572,41
LF:315
LH:284
end_of_record
TN:
SF:/home/duong/MediaPlayerApp/src/controllers/PlaylistController.cpp
FN:114,135,_ZN12media_player11controllers18PlaylistController23removeMediaFromPlaylistERKNSt7__cxx1112basic_stringIcSt11char_traitsIcESaIcEEEm
FN:137,158,_ZN12media_player11controllers18PlaylistController18moveItemInPlaylistERKNSt7__cxx1112basic_stringIcSt11char_traitsIcESaIcEEEmm
FN:14,16,_ZN12media_player11controllers18PlaylistControllerD2Ev
FN:160,163,_ZNK12media_player11controllers18PlaylistController16getPlaylistCountEv
FN:18,38,_ZN12media_player11controllers18PlaylistController14createPlaylistERKNSt7__cxx1112basic_stringIcSt11char_traitsIcESaIcEEE
FN:40,47,_ZN12media_player11controllers18PlaylistController14deletePlaylistERKNSt7__cxx1112basic_stringIcSt11char_traitsIcESaIcEEE
FN:49,66,_ZN12media_player11controllers18PlaylistController14renamePlaylistERKNSt7__cxx1112basic_stringIcSt11char_traitsIcESaIcEEES9_
FN:68,71,_ZNK12media_player11controllers18PlaylistController15getAllPlaylistsEv
FN:73,76,_ZNK12media_player11controllers18PlaylistController15getPlaylistByIdERKNSt7__cxx1112basic_stringIcSt11char_traitsIcESaIcEEE
FN:78,81,_ZNK12media_player11controllers18PlaylistController17getPlaylistByNameERKNSt7__cxx1112basic_stringIcSt11char_traitsIcESaIcEEE
FN:83,93,_ZNK12media_player11controllers18PlaylistController16getPlaylistItemsERKNSt7__cxx1112basic_stringIcSt11char_traitsIcESaIcEEE
FN:9,12,_ZN12media_player11controllers18PlaylistControllerC2ESt10shared_ptrINS_12repositories18PlaylistRepositoryEE
FN:95,112,_ZN12media_player11controllers18PlaylistController18addMediaToPlaylistERKNSt7__cxx1112basic_stringIcSt11char_traitsIcESaIcEEERKNS_6models14MediaFileModelE
FNDA:3,_ZN12media_player11controllers18PlaylistController23removeMediaFromPlaylistERKNSt7__cxx1112basic_stringIcSt11char_traitsIcESaIcEEEm
FNDA:3,_ZN12media_player11controllers18PlaylistController18moveItemInPlaylistERKNSt7__cxx1112basic_stringIcSt11char_traitsIcESaIcEEEmm
FNDA:3,_ZN12media_player11controllers18PlaylistControllerD2Ev
FNDA:1,_ZNK12media_player11controllers18PlaylistController16getPlaylistCountEv
FNDA:5,_ZN12media_player11controllers18PlaylistController14createPlaylistERKNSt7__cxx1112basic_stringIcSt11char_traitsIcESaIcEEE
FNDA:2,_ZN12media_player11controllers18PlaylistController14deletePlaylistERKNSt7__cxx1112basic_stringIcSt11char_traitsIcESaIcEEE
FNDA:2,_ZN12media_player11controllers18PlaylistController14renamePlaylistERKNSt7__cxx1112basic_stringIcSt11char_traitsIcESaIcEEES9_
FNDA:1,_ZNK12media_player11controllers18PlaylistController15getAllPlaylistsEv
FNDA:1,_ZNK12media_player11controllers18PlaylistController15getPlaylistByIdERKNSt7__cxx1112basic_stringIcSt11char_traitsIcESaIcEEE
FNDA:3,_ZNK12media_player11controllers18PlaylistController17getPlaylistByNameERKNSt7__cxx1112basic_stringIcSt11char_traitsIcESaIcEEE
FNDA:2,_ZNK12media_player11controllers18PlaylistController16getPlaylistItemsERKNSt7__cxx1112basic_stringIcSt11char_traitsIcESaIcEEE
FNDA:3,_ZN12media_player11controllers18PlaylistControllerC2ESt10shared_ptrINS_12repositories18PlaylistRepositoryEE
FNDA:3,_ZN12media_player11controllers18PlaylistController18addMediaToPlaylistERKNSt7__cxx1112basic_stringIcSt11char_traitsIcESaIcEEERKNS_6models14MediaFileModelE
FNF:13
FNH:13
BRDA:20,0,0,1
BRDA:20,0,1,4
BRDA:26,0,0,4
BRDA:26,e0,1,0
BRDA:26,0,2,2
BRDA:26,0,3,2
BRDA:31,0,0,2
BRDA:31,e0,1,0
BRDA:33,0,0,2
BRDA:33,e0,1,0
BRDA:33,0,2,2
BRDA:33,0,3,0
BRDA:42,0,0,1
BRDA:42,0,1,1
BRDA:51,0,0,2
BRDA:51,e0,1,0
BRDA:53,0,0,1
BRDA:53,0,1,1
BRDA:58,0,0,1
BRDA:58,e0,1,0
BRDA:59,0,0,1
BRDA:59,e0,1,0
BRDA:61,0,0,1
BRDA:61,e0,1,0
BRDA:61,0,2,1
BRDA:61,0,3,0
BRDA:85,0,0,2
BRDA:85,e0,1,0
BRDA:87,0,0,1
BRDA:87,0,1,1
BRDA:92,0,0,1
BRDA:92,e0,1,0
BRDA:97,0,0,3
BRDA:97,e0,1,0
BRDA:99,0,0,1
BRDA:99,0,1,2
BRDA:104,0,0,2
BRDA:104,e0,1,0
BRDA:105,0,0,2
BRDA:105,e0,1,0
BRDA:107,0,0,2
BRDA:107,e0,1,0
BRDA:107,0,2,2
BRDA:107,0,3,0
BRDA:116,0,0,3
BRDA:116,e0,1,0
BRDA:118,0,0,1
BRDA:118,0,1,2
BRDA:123,0,0,2
BRDA:123,e0,1,0
BRDA:125,0,0,2
BRDA:125,e0,1,0
BRDA:125,0,2,1
BRDA:125,0,3,1
BRDA:130,0,0,1
BRDA:130,e0,1,0
BRDA:130,0,2,1
BRDA:130,0,3,0
BRDA:139,0,0,3
BRDA:139,e0,1,0
BRDA:141,0,0,1
BRDA:141,0,1,2
BRDA:146,0,0,2
BRDA:146,e0,1,0
BRDA:148,0,0,2
BRDA:148,e0,1,0
BRDA:148,0,2,1
BRDA:148,0,3,1
BRDA:153,0,0,1
BRDA:153,e0,1,0
BRDA:153,0,2,1
BRDA:153,0,3,0
BRF:72
BRH:46
DA:9,3
DA:10,3
DA:12,3
DA:14,3
DA:16,3
DA:18,5
DA:20,5
DA:22,1
DA:26,4
DA:28,2
DA:31,2
DA:33,2
DA:35,2
DA:37,0
DA:38,2
DA:40,2
DA:42,2
DA:44,1
DA:46,1
DA:49,2
DA:51,2
DA:53,2
DA:55,1
DA:58,1
DA:59,1
DA:61,1
DA:63,1
DA:65,0
DA:66,2
DA:68,1
DA:70,1
DA:73,1
DA:75,1
DA:78,3
DA:80,3
DA:83,2
DA:85,2
DA:87,2
DA:89,1
DA:92,1
DA:93,2
DA:95,3
DA:97,3
DA:99,3
DA:101,1
DA:104,2
DA:105,2
DA:107,2
DA:109,2
DA:111,0
DA:112,3
DA:114,3
DA:116,3
DA:118,3
DA:120,1
DA:123,2
DA:125,2
DA:127,1
DA:130,1
DA:132,1
DA:134,0
DA:135,3
DA:137,3
DA:139,3
DA:141,3
DA:143,1
DA:146,2
DA:148,2
DA:150,1
DA:153,1
DA:155,1
DA:157,0
DA:158,3
DA:160,1
DA:162,1
LF:75
LH:70
end_of_record
TN:
SF:/home/duong/MediaPlayerApp/src/controllers/QueueController.cpp
FN:101,109,_ZN12media_player11controllers15QueueController10moveToNextEv
FN:111,119,_ZN12media_player11controllers15QueueController14moveToPreviousEv
FN:121,129,_ZN12media_player11controllers15QueueController8moveItemEmm
FN:131,135,_ZN12media_player11controllers15QueueController13toggleShuffleEv
FN:137,146,_ZN12media_player11controllers15QueueController15cycleRepeatModeEv
FN:14,16,_ZN12media_player11controllers15QueueControllerD2Ev
FN:148,151,_ZN12media_player11controllers15QueueController12toggleRepeatEv
FN:153,156,_ZN12media_player11controllers15QueueController10setShuffleEb
FN:158,161,_ZN12media_player11controllers15QueueController9setRepeatENS_6models10RepeatModeE
FN:163,166,_ZNK12media_player11controllers15QueueController16isShuffleEnabledEv
FN:168,171,_ZNK12media_player11controllers15QueueController13getRepeatModeEv
FN:173,176,_ZNK12media_player11controllers15QueueController16isLoopOneEnabledEv
FN:178,181,_ZNK12media_player11controllers15QueueController16isLoopAllEnabledEv
FN:18,27,_ZN12media_player11controllers15QueueController10addToQueueERKNS_6models14MediaFileModelE
FN:183,186,_ZNK12media_player11controllers15QueueController15isRepeatEnabledEv
FN:188,191,_ZNK12media_player11controllers15QueueController12getQueueSizeEv
FN:193,196,_ZNK12media_player11controllers15QueueController7isEmptyEv
FN:198,201,_ZNK12media_player11controllers15QueueController7hasNextEv
FN:203,206,_ZNK12media_player11controllers15QueueController11hasPreviousEv
FN:208,211,_ZNK12media_player11controllers15QueueController11getAllItemsEv
FN:213,216,_ZNK12media_player11controllers15QueueController21getPlaybackOrderItemsEv
FN:218,221,_ZNK12media_player11controllers15QueueController14getCurrentItemEv
FN:223,226,_ZNK12media_player11controllers15QueueController15getCurrentIndexEv
FN:29,37,_ZN12media_player11controllers15QueueController14addToQueueNextERKNS_6models14MediaFileModelE
FN:39,47,_ZN12media_player11controllers15QueueController18addPlaylistToQueueERKNS_6models13PlaylistModelE
FN:49,64,_ZN12media_player11controllers15QueueController18addMultipleToQueueERKSt6vectorINS_6models14MediaFileModelESaIS4_EE
FN:66,74,_ZN12media_player11controllers15QueueController15removeFromQueueEm
FN:76,84,_ZN12media_player11controllers15QueueController12removeByPathERKNSt7__cxx1112basic_stringIcSt11char_traitsIcESaIcEEE
FN:86,89,_ZN12media_player11controllers15QueueController10clearQueueEv
FN:9,12,_ZN12media_player11controllers15QueueControllerC2ESt10shared_ptrINS_6models10QueueModelEE
FN:91,99,_ZN12media_player11controllers15QueueController11jumpToIndexEm
FNDA:2,_ZN12media_player11controllers15QueueController10moveToNextEv
FNDA:2,_ZN12media_player11controllers15QueueController14moveToPreviousEv
FNDA:3,_ZN12media_player11controllers15QueueController8moveItemEmm
FNDA:2,_ZN12media_player11controllers15QueueController13toggleShuffleEv
FNDA:5,_ZN12media_player11controllers15QueueController15cycleRepeatModeEv
FNDA:38,_ZN12media_player11controllers15QueueControllerD2Ev
FNDA:0,_ZN12media_player11controllers15QueueController12toggleRepeatEv
FNDA:2,_ZN12media_player11controllers15QueueController10setShuffleEb
FNDA:1,_ZN12media_player11controllers15QueueController9setRepeatENS_6models10RepeatModeE
FNDA:5,_ZNK12media_player11controllers15QueueController16isShuffleEnabledEv
FNDA:1,_ZNK12media_player11controllers15QueueController13getRepeatModeEv
FNDA:0,_ZNK12media_player11controllers15QueueController16isLoopOneEnabledEv
FNDA:0,_ZNK12media_player11controllers15QueueController16isLoopAllEnabledEv
FNDA:21,_ZN12media_player11controllers15QueueController10addToQueueERKNS_6models14MediaFileModelE
FNDA:7,_ZNK12media_player11controllers15QueueController15isRepeatEnabledEv
FNDA:7,_ZNK12media_player11controllers15QueueController12getQueueSizeEv
FNDA:2,_ZNK12media_player11controllers15QueueController7isEmptyEv
FNDA:0,_ZNK12media_player11controllers15QueueController7hasNextEv
FNDA:0,_ZNK12media_player11controllers15QueueController11hasPreviousEv
FNDA:3,_ZNK12media_player11controllers15QueueController11getAllItemsEv
FNDA:2,_ZNK12media_player11controllers15QueueController21getPlaybackOrderItemsEv
FNDA:1,_ZNK12media_player11controllers15QueueController14getCurrentItemEv
FNDA:2,_ZNK12media_player11controllers15QueueController15getCurrentIndexEv
FNDA:3,_ZN12media_player11controllers15QueueController14addToQueueNextERKNS_6models14MediaFileModelE
FNDA:2,_ZN12media_player11controllers15QueueController18addPlaylistToQueueERKNS_6models13PlaylistModelE
FNDA:4,_ZN12media_player11controllers15QueueController18addMultipleToQueueERKSt6vectorINS_6models14MediaFileModelESaIS4_EE
FNDA:3,_ZN12media_player11controllers15QueueController15removeFromQueueEm
FNDA:2,_ZN12media_player11controllers15QueueController12removeByPathERKNSt7__cxx1112basic_stringIcSt11char_traitsIcESaIcEEE
FNDA:1,_ZN12media_player11controllers15QueueController10clearQueueEv
FNDA:38,_ZN12media_player11controllers15QueueControllerC2ESt10shared_ptrINS_6models10QueueModelEE
FNDA:3,_ZN12media_player11controllers15QueueController11jumpToIndexEm
FNF:31
FNH:26
BRDA:21,0,0,21
BRDA:21,e0,1,0
BRDA:21,0,2,9
BRDA:21,0,3,20
BRDA:22,0,0,9
BRDA:22,e0,1,0
BRDA:22,0,2,9
BRDA:22,e0,3,0
BRDA:22,0,4,1
BRDA:22,0,5,8
BRDA:25,0,0,20
BRDA:25,0,1,1
BRDA:31,0,0,3
BRDA:31,e0,1,0
BRDA:31,0,2,4
BRDA:31,0,3,2
BRDA:32,0,0,4
BRDA:32,e0,1,0
BRDA:32,0,2,4
BRDA:32,e0,3,0
BRDA:32,0,4,1
BRDA:32,0,5,3
BRDA:35,0,0,2
BRDA:35,0,1,1
BRDA:41,0,0,2
BRDA:41,e0,1,0
BRDA:43,0,0,4
BRDA:43,0,1,2
BRDA:45,0,0,4
BRDA:45,e0,1,0
BRDA:51,0,0,7
BRDA:51,0,1,4
BRDA:54,0,0,7
BRDA:54,e0,1,0
BRDA:54,0,2,10
BRDA:54,0,3,6
BRDA:55,0,0,10
BRDA:55,e0,1,0
BRDA:55,0,2,10
BRDA:55,e0,3,0
BRDA:55,0,4,1
BRDA:55,0,5,9
BRDA:60,0,0,6
BRDA:60,0,1,1
BRDA:61,0,0,6
BRDA:61,e0,1,0
BRDA:68,0,0,1
BRDA:68,0,1,2
BRDA:78,0,0,1
BRDA:78,0,1,1
BRDA:93,0,0,2
BRDA:93,0,1,1
BRDA:103,0,0,1
BRDA:103,0,1,1
BRDA:113,0,0,1
BRDA:113,0,1,1
BRDA:123,0,0,2
BRDA:123,0,1,1
BRDA:140,0,0,2
BRDA:140,0,1,3
BRDA:141,0,0,1
BRDA:141,0,1,1
BRDA:144,0,0,4
BRDA:144,0,1,1
BRDA:144,0,2,3
BRDA:144,0,3,1
BRF:66
BRH:54
DA:9,38
DA:10,38
DA:12,38
DA:14,38
DA:16,38
DA:18,21
DA:21,29
DA:22,9
DA:23,1
DA:25,21
DA:26,20
DA:29,3
DA:31,6
DA:32,4
DA:33,1
DA:35,3
DA:36,2
DA:39,2
DA:41,2
DA:43,6
DA:45,4
DA:47,2
DA:49,4
DA:51,11
DA:53,7
DA:54,16
DA:55,10
DA:56,1
DA:57,1
DA:59,7
DA:60,7
DA:61,6
DA:64,4
DA:66,3
DA:68,3
DA:70,1
DA:73,2
DA:76,2
DA:78,2
DA:80,1
DA:83,1
DA:86,1
DA:88,1
DA:89,1
DA:91,3
DA:93,3
DA:95,2
DA:98,1
DA:101,2
DA:103,2
DA:105,1
DA:108,1
DA:111,2
DA:113,2
DA:115,1
DA:118,1
DA:121,3
DA:123,3
DA:125,2
DA:128,1
DA:131,2
DA:133,2
DA:134,2
DA:135,2
DA:137,5
DA:139,5
DA:140,7
DA:141,2
DA:143,5
DA:144,5
DA:146,5
DA:148,0
DA:150,0
DA:151,0
DA:153,2
DA:155,2
DA:156,2
DA:158,1
DA:160,1
DA:161,1
DA:163,5
DA:165,5
DA:168,1
DA:170,1
DA:173,0
DA:175,0
DA:178,0
DA:180,0
DA:183,7
DA:185,7
DA:188,7
DA:190,7
DA:193,2
DA:195,2
DA:198,0
DA:200,0
DA:203,0
DA:205,0
DA:208,3
DA:210,3
DA:213,2
DA:215,2
DA:218,1
DA:220,1
DA:223,2
DA:225,2
LF:106
LH:95
end_of_record
TN:
SF:/home/duong/MediaPlayerApp/src/controllers/SourceController.cpp
FN:107,168,_ZN12media_player11controllers16SourceController15isStorageDeviceERKNSt7__cxx1112basic_stringIcSt11char_traitsIcESaIcEEE
FN:13,42,_ZN12media_player11controllers16SourceControllerC2ESt10shared_ptrINS_8services12IFileScannerEES2_INS_12repositories17LibraryRepositoryEES2_INS_6models12LibraryModelEE
FN:170,176,_ZN12media_player11controllers16SourceController15isS32K144DeviceERKNSt7__cxx1112basic_stringIcSt11char_traitsIcESaIcEEE
FN:178,183,_ZN12media_player11controllers16SourceController16handleUSBRemovedEv
FN:185,188,_ZNK12media_player11controllers16SourceController10isScanningEv
FN:190,193,_ZNK12media_player11controllers16SourceController20getCurrentSourcePathB5cxx11Ev
FN:195,198,_ZN12media_player11controllers16SourceController19setProgressCallbackESt8functionIFviRKNSt7__cxx1112basic_stringIcSt11char_traitsIcESaIcEEEEE
FN:200,203,_ZN12media_player11controllers16SourceController19setCompleteCallbackESt8functionIFviEE
FN:205,208,_ZN12media_player11controllers16SourceController22setUsbInsertedCallbackESt8functionIFvRKNSt7__cxx1112basic_stringIcSt11char_traitsIcESaIcEEEEE
FN:210,216,_ZN12media_player11controllers16SourceController14onScanProgressEiRKNSt7__cxx1112basic_stringIcSt11char_traitsIcESaIcEEE
FN:218,233,_ZN12media_player11controllers16SourceController14onScanCompleteESt6vectorINS_6models14MediaFileModelESaIS4_EE
FN:238,241,_ZN12media_player11controllers16SourceController12setMediaRootERKNSt7__cxx1112basic_stringIcSt11char_traitsIcESaIcEEE
FN:24,27,_ZZN12media_player11controllers16SourceControllerC4ESt10shared_ptrINS_8services12IFileScannerEES2_INS_12repositories17LibraryRepositoryEES2_INS_6models12LibraryModelEEENKUliRKNSt7__cxx1112basic_stringIcSt11char_traitsIcESaIcEEEE_clEiSJ_
FN:243,353,_ZN12media_player11controllers16SourceController14monitorUsbLoopEv
FN:31,34,_ZZN12media_player11controllers16SourceControllerC4ESt10shared_ptrINS_8services12IFileScannerEES2_INS_12repositories17LibraryRepositoryEES2_INS_6models12LibraryModelEEENKUlSt6vectorINS9_14MediaFileModelESaISD_EEE_clESF_
FN:44,50,_ZN12media_player11controllers16SourceController15startMonitoringEv
FN:52,60,_ZN12media_player11controllers16SourceControllerD2Ev
FN:62,65,_ZN12media_player11controllers16SourceController15selectDirectoryERKNSt7__cxx1112basic_stringIcSt11char_traitsIcESaIcEEE
FN:67,75,_ZN12media_player11controllers16SourceController20scanCurrentDirectoryEv
FN:77,80,_ZN12media_player11controllers16SourceController8stopScanEv
FN:82,105,_ZN12media_player11controllers16SourceController17handleUSBInsertedERKNSt7__cxx1112basic_stringIcSt11char_traitsIcESaIcEEE
FNDA:11,_ZN12media_player11controllers16SourceController15isStorageDeviceERKNSt7__cxx1112basic_stringIcSt11char_traitsIcESaIcEEE
FNDA:19,_ZN12media_player11controllers16SourceControllerC2ESt10shared_ptrINS_8services12IFileScannerEES2_INS_12repositories17LibraryRepositoryEES2_INS_6models12LibraryModelEE
FNDA:0,_ZN12media_player11controllers16SourceController15isS32K144DeviceERKNSt7__cxx1112basic_stringIcSt11char_traitsIcESaIcEEE
FNDA:1,_ZN12media_player11controllers16SourceController16handleUSBRemovedEv
FNDA:1,_ZNK12media_player11controllers16SourceController10isScanningEv
FNDA:4,_ZNK12media_player11controllers16SourceController20getCurrentSourcePathB5cxx11Ev
FNDA:2,_ZN12media_player11controllers16SourceController19setProgressCallbackESt8functionIFviRKNSt7__cxx1112basic_stringIcSt11char_traitsIcESaIcEEEEE
FNDA:1,_ZN12media_player11controllers16SourceController19setCompleteCallbackESt8functionIFviEE
FNDA:7,_ZN12media_player11controllers16SourceController22setUsbInsertedCallbackESt8functionIFvRKNSt7__cxx1112basic_stringIcSt11char_traitsIcESaIcEEEEE
FNDA:2,_ZN12media_player11controllers16SourceController14onScanProgressEiRKNSt7__cxx1112basic_stringIcSt11char_traitsIcESaIcEEE
FNDA:2,_ZN12media_player11controllers16SourceController14onScanCompleteESt6vectorINS_6models14MediaFileModelESaIS4_EE
FNDA:8,_ZN12media_player11controllers16SourceController12setMediaRootERKNSt7__cxx1112basic_stringIcSt11char_traitsIcESaIcEEE
FNDA:2,_ZZN12media_player11controllers16SourceControllerC4ESt10shared_ptrINS_8services12IFileScannerEES2_INS_12repositories17LibraryRepositoryEES2_INS_6models12LibraryModelEEENKUliRKNSt7__cxx1112basic_stringIcSt11char_traitsIcESaIcEEEE_clEiSJ_
FNDA:2,_ZN12media_player11controllers16SourceController14monitorUsbLoopEv
FNDA:2,_ZZN12media_player11controllers16SourceControllerC4ESt10shared_ptrINS_8services12IFileScannerEES2_INS_12repositories17LibraryRepositoryEES2_INS_6models12LibraryModelEEENKUlSt6vectorINS9_14MediaFileModelESaISD_EEE_clESF_
FNDA:2,_ZN12media_player11controllers16SourceController15startMonitoringEv
FNDA:19,_ZN12media_player11controllers16SourceControllerD2Ev
FNDA:2,_ZN12media_player11controllers16SourceController15selectDirectoryERKNSt7__cxx1112basic_stringIcSt11char_traitsIcESaIcEEE
FNDA:4,_ZN12media_player11controllers16SourceController20scanCurrentDirectoryEv
FNDA:23,_ZN12media_player11controllers16SourceController8stopScanEv
FNDA:11,_ZN12media_player11controllers16SourceController17handleUSBInsertedERKNSt7__cxx1112basic_stringIcSt11char_traitsIcESaIcEEE
FNF:21
FNH:20
BRDA:21,0,0,19
BRDA:21,e0,1,0
BRDA:23,0,0,19
BRDA:23,e0,1,0
BRDA:30,0,0,19
BRDA:30,e0,1,0
BRDA:33,0,0,2
BRDA:33,e0,1,0
BRDA:33,0,2,2
BRDA:33,e0,3,0
BRDA:46,0,0,0
BRDA:46,0,1,2
BRDA:49,0,0,2
BRDA:49,e0,1,0
BRDA:55,0,0,2
BRDA:55,0,1,17
BRDA:69,0,0,0
BRDA:69,0,1,4
BRDA:86,0,0,8
BRDA:86,0,1,3
BRDA:89,0,0,5
BRDA:89,0,1,3
BRDA:110,0,0,11
BRDA:110,e0,1,0
BRDA:114,0,0,3
BRDA:114,0,1,8
BRDA:123,0,0,8
BRDA:123,e0,1,0
BRDA:123,0,2,8
BRDA:123,e0,3,0
BRDA:123,0,4,7
BRDA:123,0,5,1
BRDA:128,0,0,7
BRDA:128,e0,1,0
BRDA:128,0,2,7
BRDA:128,e0,3,0
BRDA:128,0,4,1
BRDA:128,e0,5,0
BRDA:128,0,6,5
BRDA:128,0,7,3
BRDA:130,0,0,5
BRDA:130,e0,1,0
BRDA:130,0,2,4
BRDA:130,0,3,1
BRDA:132,0,0,4
BRDA:132,e0,1,0
BRDA:132,0,2,4
BRDA:132,e0,3,0
BRDA:136,0,0,4
BRDA:136,e0,1,0
BRDA:136,0,2,1
BRDA:136,e0,3,0
BRDA:136,0,4,0
BRDA:136,0,5,1
BRDA:136,0,6,0
BRDA:136,e0,7,0
BRDA:136,0,8,0
BRDA:136,0,9,0
BRDA:137,0,0,1
BRDA:137,0,1,3
BRDA:137,0,2,0
BRDA:137,e0,3,0
BRDA:137,0,4,0
BRDA:137,0,5,0
BRDA:137,0,6,0
BRDA:137,e0,7,0
BRDA:137,0,8,0
BRDA:137,0,9,0
BRDA:137,0,10,0
BRDA:137,e0,11,0
BRDA:137,0,12,0
BRDA:137,0,13,0
BRDA:137,0,14,4
BRDA:137,0,15,0
BRDA:141,0,0,0
BRDA:141,0,1,4
BRDA:142,0,0,3
BRDA:142,0,1,4
BRDA:142,0,2,3
BRDA:142,0,3,4
BRDA:142,0,4,3
BRDA:142,0,5,4
BRDA:145,0,0,3
BRDA:145,e0,1,0
BRDA:145,0,2,3
BRDA:145,e0,3,0
BRDA:145,0,4,0
BRDA:145,e0,5,0
BRDA:145,0,6,1
BRDA:145,0,7,2
BRDA:147,0,0,1
BRDA:147,e0,1,0
BRDA:147,0,2,1
BRDA:147,0,3,0
BRDA:149,0,0,1
BRDA:149,e0,1,0
BRDA:149,0,2,1
BRDA:149,e0,3,0
BRDA:153,0,0,1
BRDA:153,e0,1,0
BRDA:153,0,2,0
BRDA:153,e0,3,0
BRDA:153,0,4,0
BRDA:153,0,5,0
BRDA:153,0,6,0
BRDA:153,e0,7,0
BRDA:153,0,8,0
BRDA:153,0,9,0
BRDA:153,0,10,0
BRDA:153,e0,11,0
BRDA:153,0,12,0
BRDA:153,0,13,0
BRDA:154,0,0,0
BRDA:154,0,1,1
BRDA:154,0,2,0
BRDA:154,e0,3,0
BRDA:154,0,4,0
BRDA:154,0,5,0
BRDA:154,0,6,0
BRDA:154,e0,7,0
BRDA:154,0,8,0
BRDA:154,0,9,0
BRDA:154,0,10,0
BRDA:154,e0,11,0
BRDA:154,0,12,0
BRDA:154,0,13,0
BRDA:154,0,14,0
BRDA:154,e0,15,0
BRDA:154,0,16,0
BRDA:154,0,17,0
BRDA:154,0,18,1
BRDA:154,0,19,0
BRDA:158,0,0,0
BRDA:158,0,1,1
BRDA:159,0,0,2
BRDA:159,0,1,1
BRDA:159,0,2,2
BRDA:159,0,3,1
BRDA:159,0,4,2
BRDA:159,0,5,1
BRDA:161,0,0,0
BRDA:161,0,1,0
BRDA:163,0,0,0
BRDA:163,e0,1,0
BRDA:172,0,0,-
BRDA:172,e0,1,-
BRDA:212,0,0,2
BRDA:212,0,1,0
BRDA:229,0,0,1
BRDA:229,0,1,1
BRDA:249,0,0,2
BRDA:249,e0,1,0
BRDA:250,0,0,2
BRDA:250,e0,1,0
BRDA:250,0,2,2
BRDA:250,e0,3,0
BRDA:250,0,4,0
BRDA:250,0,5,2
BRDA:253,0,0,-
BRDA:253,e0,1,-
BRDA:253,0,2,-
BRDA:253,e0,3,-
BRDA:253,0,4,-
BRDA:253,0,5,-
BRDA:255,0,0,-
BRDA:255,e0,1,-
BRDA:276,0,0,2
BRDA:276,e0,1,0
BRDA:278,0,0,4
BRDA:278,0,1,2
BRDA:281,0,0,4
BRDA:281,e0,1,0
BRDA:281,0,2,4
BRDA:281,e0,3,0
BRDA:281,0,4,0
BRDA:281,0,5,4
BRDA:283,0,0,-
BRDA:283,e0,1,-
BRDA:288,0,0,4
BRDA:288,e0,1,0
BRDA:288,0,2,4
BRDA:288,e0,3,0
BRDA:288,0,4,2
BRDA:288,e0,5,0
BRDA:288,0,6,2
BRDA:288,0,7,4
BRDA:290,0,0,2
BRDA:290,e0,1,0
BRDA:290,0,2,2
BRDA:290,0,3,0
BRDA:292,0,0,2
BRDA:292,e0,1,0
BRDA:294,0,0,0
BRDA:294,0,1,2
BRDA:297,0,0,2
BRDA:297,e0,1,0
BRDA:298,0,0,2
BRDA:298,0,1,0
BRDA:302,0,0,2
BRDA:302,0,1,4
BRDA:305,0,0,0
BRDA:305,0,1,2
BRDA:307,0,0,-
BRDA:307,0,1,-
BRDA:314,0,0,2
BRDA:314,0,1,0
BRDA:317,0,0,2
BRDA:317,e0,1,0
BRDA:322,0,0,2
BRDA:322,e0,1,0
BRDA:327,0,0,2
BRDA:327,0,1,4
BRDA:330,0,0,2
BRDA:330,0,1,0
BRDA:332,0,0,2
BRDA:332,0,1,0
BRDA:339,0,0,0
BRDA:339,0,1,2
BRDA:341,0,0,-
BRDA:341,e0,1,-
BRDA:351,0,0,4
BRDA:351,e0,1,0
BRF:222
BRH:98
DA:13,19
DA:17,19
DA:18,19
DA:19,19
DA:20,19
DA:21,57
DA:23,38
DA:24,19
DA:26,2
DA:27,2
DA:30,38
DA:31,19
DA:33,2
DA:34,2
DA:38,19
DA:42,19
DA:44,2
DA:46,2
DA:48,2
DA:49,2
DA:52,19
DA:54,19
DA:55,19
DA:57,2
DA:59,19
DA:60,19
DA:62,2
DA:64,2
DA:65,2
DA:67,4
DA:69,4
DA:71,0
DA:74,4
DA:77,23
DA:79,23
DA:80,23
DA:82,11
DA:86,11
DA:89,8
DA:91,5
DA:96,3
DA:97,3
DA:105,11
DA:107,11
DA:110,11
DA:111,11
DA:114,11
DA:116,3
DA:123,8
DA:128,8
DA:130,5
DA:132,4
DA:133,4
DA:136,5
DA:137,5
DA:139,4
DA:141,4
DA:142,15
DA:145,3
DA:147,1
DA:149,1
DA:150,1
DA:153,1
DA:154,1
DA:156,1
DA:158,1
DA:159,5
DA:161,0
DA:163,0
DA:167,3
DA:168,11
DA:170,0
DA:172,0
DA:173,0
DA:175,0
DA:176,0
DA:178,1
DA:181,1
DA:182,1
DA:183,1
DA:185,1
DA:187,1
DA:190,4
DA:192,4
DA:195,2
DA:197,2
DA:198,2
DA:200,1
DA:202,1
DA:203,1
DA:205,7
DA:207,7
DA:208,7
DA:210,2
DA:212,2
DA:214,2
DA:216,2
DA:218,2
DA:222,2
DA:223,2
DA:226,2
DA:227,2
DA:229,2
DA:231,1
DA:233,2
DA:238,8
DA:240,8
DA:241,8
DA:243,2
DA:249,2
DA:250,2
DA:253,0
DA:255,0
DA:259,2
DA:276,2
DA:278,6
DA:281,4
DA:283,0
DA:284,0
DA:287,4
DA:288,8
DA:290,2
DA:292,2
DA:294,2
DA:295,0
DA:297,2
DA:298,2
DA:299,4
DA:302,6
DA:304,2
DA:305,2
DA:307,0
DA:309,0
DA:310,0
DA:314,2
DA:317,2
DA:322,2
DA:327,6
DA:329,2
DA:330,2
DA:332,2
DA:334,2
DA:335,2
DA:339,2
DA:341,0
DA:346,2
DA:351,4
DA:352,4
DA:353,2
LF:149
LH:132
end_of_record
TN:
SF:/home/duong/MediaPlayerApp/src/models/HistoryModel.cpp
FN:108,123,_ZNK12media_player6models12HistoryModel16getRecentHistoryEm
FN:125,129,_ZNK12media_player6models12HistoryModel13getAllHistoryEv
FN:131,141,_ZNK12media_player6models12HistoryModel10getEntryAtEm
FN:143,153,_ZNK12media_player6models12HistoryModel13getLastPlayedEv
FN:155,165,_ZNK12media_player6models12HistoryModel17getPreviousPlayedEv
FN:167,183,_ZNK12media_player6models12HistoryModel17wasRecentlyPlayedERKNSt7__cxx1112basic_stringIcSt11char_traitsIcESaIcEEEi
FN:17,29,_ZN12media_player6models12HistoryModelC2ESt10shared_ptrINS_12repositories17HistoryRepositoryEEm
FN:189,193,_ZNK12media_player6models12HistoryModel5countEv
FN:195,199,_ZNK12media_player6models12HistoryModel7isEmptyEv
FN:201,204,_ZNK12media_player6models12HistoryModel13getMaxEntriesEv
FN:210,229,_ZN12media_player6models12HistoryModel18loadFromRepositoryEv
FN:231,258,_ZN12media_player6models12HistoryModel16saveToRepositoryEv
FN:31,38,_ZN12media_player6models12HistoryModelD2Ev
FN:44,56,_ZN12media_player6models12HistoryModel8addEntryERKNS0_14MediaFileModelE
FN:58,77,_ZN12media_player6models12HistoryModel21removeMostRecentEntryERKNSt7__cxx1112basic_stringIcSt11char_traitsIcESaIcEEE
FN:64,67,_ZZN12media_player6models12HistoryModel21removeMostRecentEntryERKNSt7__cxx1112basic_stringIcSt11char_traitsIcESaIcEEEENKUlRKNS0_12HistoryEntryEE_clESC_
FN:79,96,_ZN12media_player6models12HistoryModel16removeAllEntriesERKNSt7__cxx1112basic_stringIcSt11char_traitsIcESaIcEEE
FN:87,90,_ZZN12media_player6models12HistoryModel16removeAllEntriesERKNSt7__cxx1112basic_stringIcSt11char_traitsIcESaIcEEEENKUlRKNS0_12HistoryEntryEE_clESC_
FN:98,102,_ZN12media_player6models12HistoryModel5clearEv
FNDA:3,_ZNK12media_player6models12HistoryModel16getRecentHistoryEm
FNDA:15653,_ZNK12media_player6models12HistoryModel13getAllHistoryEv
FNDA:8,_ZNK12media_player6models12HistoryModel10getEntryAtEm
FNDA:15660,_ZNK12media_player6models12HistoryModel13getLastPlayedEv
FNDA:6,_ZNK12media_player6models12HistoryModel17getPreviousPlayedEv
FNDA:2,_ZNK12media_player6models12HistoryModel17wasRecentlyPlayedERKNSt7__cxx1112basic_stringIcSt11char_traitsIcESaIcEEEi
FNDA:95,_ZN12media_player6models12HistoryModelC2ESt10shared_ptrINS_12repositories17HistoryRepositoryEEm
FNDA:15666,_ZNK12media_player6models12HistoryModel5countEv
FNDA:9,_ZNK12media_player6models12HistoryModel7isEmptyEv
FNDA:2,_ZNK12media_player6models12HistoryModel13getMaxEntriesEv
FNDA:43,_ZN12media_player6models12HistoryModel18loadFromRepositoryEv
FNDA:43,_ZN12media_player6models12HistoryModel16saveToRepositoryEv
FNDA:95,_ZN12media_player6models12HistoryModelD2Ev
FNDA:5074,_ZN12media_player6models12HistoryModel8addEntryERKNS0_14MediaFileModelE
FNDA:4851,_ZN12media_player6models12HistoryModel21removeMostRecentEntryERKNSt7__cxx1112basic_stringIcSt11char_traitsIcESaIcEEE
FNDA:4849,_ZZN12media_player6models12HistoryModel21removeMostRecentEntryERKNSt7__cxx1112basic_stringIcSt11char_traitsIcESaIcEEEENKUlRKNS0_12HistoryEntryEE_clESC_
FNDA:43,_ZN12media_player6models12HistoryModel16removeAllEntriesERKNSt7__cxx1112basic_stringIcSt11char_traitsIcESaIcEEE
FNDA:358,_ZZN12media_player6models12HistoryModel16removeAllEntriesERKNSt7__cxx1112basic_stringIcSt11char_traitsIcESaIcEEEENKUlRKNS0_12HistoryEntryEE_clESC_
FNDA:4,_ZN12media_player6models12HistoryModel5clearEv
FNF:19
FNH:19
BRDA:22,0,0,95
BRDA:22,e0,1,0
BRDA:25,0,0,42
BRDA:25,0,1,53
BRDA:27,0,0,42
BRDA:27,e0,1,0
BRDA:34,0,0,42
BRDA:34,0,1,53
BRDA:46,0,0,5074
BRDA:46,e0,1,0
BRDA:49,0,0,5074
BRDA:49,e0,1,0
BRDA:49,0,2,5074
BRDA:49,e0,3,0
BRDA:52,0,0,95
BRDA:52,0,1,5074
BRDA:60,0,0,4851
BRDA:60,e0,1,0
BRDA:66,0,0,4849
BRDA:66,e0,1,0
BRDA:68,0,0,4851
BRDA:68,e0,1,0
BRDA:70,0,0,4848
BRDA:70,0,1,3
BRDA:72,0,0,4848
BRDA:72,e0,1,0
BRDA:81,0,0,43
BRDA:81,e0,1,0
BRDA:89,0,0,358
BRDA:89,e0,1,0
BRDA:91,0,0,43
BRDA:91,e0,1,0
BRDA:93,0,0,43
BRDA:93,e0,1,0
BRDA:100,0,0,4
BRDA:100,e0,1,0
BRDA:110,0,0,3
BRDA:110,e0,1,0
BRDA:115,0,0,3
BRDA:115,e0,1,0
BRDA:117,0,0,9
BRDA:117,0,1,3
BRDA:119,0,0,9
BRDA:119,e0,1,0
BRDA:127,0,0,15653
BRDA:127,e0,1,0
BRDA:128,0,0,15653
BRDA:128,e0,1,0
BRDA:133,0,0,8
BRDA:133,e0,1,0
BRDA:135,0,0,3
BRDA:135,0,1,5
BRDA:140,0,0,5
BRDA:140,e0,1,0
BRDA:145,0,0,15660
BRDA:145,e0,1,0
BRDA:147,0,0,3
BRDA:147,0,1,15657
BRDA:152,0,0,15657
BRDA:152,e0,1,0
BRDA:157,0,0,6
BRDA:157,e0,1,0
BRDA:159,0,0,3
BRDA:159,0,1,3
BRDA:164,0,0,3
BRDA:164,e0,1,0
BRDA:169,0,0,2
BRDA:169,e0,1,0
BRDA:172,0,0,2
BRDA:172,e0,1,0
BRDA:174,0,0,1
BRDA:174,0,1,1
BRDA:176,0,0,1
BRDA:176,e0,1,0
BRDA:176,0,2,1
BRDA:176,0,3,0
BRDA:176,0,4,1
BRDA:176,e0,5,0
BRDA:176,0,6,1
BRDA:176,0,7,0
BRDA:176,0,8,1
BRDA:176,0,9,0
BRDA:176,0,10,1
BRDA:176,0,11,0
BRDA:176,0,12,0
BRDA:176,0,13,0
BRDA:191,0,0,15666
BRDA:191,e0,1,0
BRDA:197,0,0,9
BRDA:197,e0,1,0
BRDA:212,0,0,1
BRDA:212,0,1,42
BRDA:217,0,0,42
BRDA:217,e0,1,0
BRDA:220,0,0,42
BRDA:220,e0,1,0
BRDA:223,0,0,301
BRDA:223,0,1,42
BRDA:225,0,0,301
BRDA:225,e0,1,0
BRDA:225,0,2,301
BRDA:225,e0,3,0
BRDA:233,0,0,1
BRDA:233,0,1,42
BRDA:243,0,0,42
BRDA:243,e0,1,0
BRDA:247,0,0,42
BRDA:247,e0,1,0
BRDA:248,0,0,306
BRDA:248,0,1,42
BRDA:250,0,0,306
BRDA:250,e0,1,0
BRDA:252,0,0,306
BRDA:252,e0,1,0
BRDA:256,0,0,42
BRDA:256,e0,1,0
BRDA:257,0,0,42
BRDA:257,e0,1,0
BRF:118
BRH:71
DA:17,95
DA:20,95
DA:21,95
DA:22,95
DA:25,95
DA:27,42
DA:29,95
DA:31,95
DA:34,95
DA:36,42
DA:38,95
DA:44,5074
DA:46,5074
DA:49,5074
DA:52,5169
DA:54,95
DA:56,5074
DA:58,4851
DA:60,4851
DA:63,4851
DA:64,4849
DA:66,4849
DA:68,9702
DA:70,4851
DA:72,4848
DA:73,4848
DA:76,3
DA:77,4851
DA:79,43
DA:81,43
DA:83,43
DA:86,43
DA:87,358
DA:89,358
DA:91,86
DA:93,43
DA:95,86
DA:96,43
DA:98,4
DA:100,4
DA:101,4
DA:102,4
DA:108,3
DA:110,3
DA:112,3
DA:113,3
DA:115,3
DA:117,12
DA:119,9
DA:122,6
DA:123,3
DA:125,15653
DA:127,15653
DA:128,31306
DA:129,15653
DA:131,8
DA:133,8
DA:135,8
DA:137,3
DA:140,5
DA:141,8
DA:143,15660
DA:145,15660
DA:147,15660
DA:149,3
DA:152,15657
DA:153,15660
DA:155,6
DA:157,6
DA:159,6
DA:161,3
DA:164,3
DA:165,6
DA:167,2
DA:169,2
DA:171,2
DA:172,2
DA:174,2
DA:176,1
DA:178,1
DA:182,1
DA:183,2
DA:189,15666
DA:191,15666
DA:192,31332
DA:193,15666
DA:195,9
DA:197,9
DA:198,18
DA:199,9
DA:201,2
DA:203,2
DA:210,43
DA:212,43
DA:214,1
DA:217,42
DA:220,42
DA:221,42
DA:223,343
DA:225,301
DA:228,42
DA:229,42
DA:231,43
DA:233,43
DA:235,1
DA:242,42
DA:243,42
DA:247,42
DA:248,348
DA:250,306
DA:251,306
DA:252,306
DA:253,306
DA:254,42
DA:256,42
DA:257,42
DA:258,42
LF:117
LH:117
end_of_record
TN:
SF:/home/duong/MediaPlayerApp/src/models/LibraryModel.cpp
FN:103,121,_ZZNK12media_player6models12LibraryModel9getSortedENS0_12SortCriteriaEbENKUlRKNS0_14MediaFileModelES5_E_clES5_S5_
FN:12,24,_ZN12media_player6models12LibraryModel8addMediaERKNS0_14MediaFileModelE
FN:128,147,_ZNK12media_player6models12LibraryModel7getPageEmm
FN:149,160,_ZNK12media_player6models12LibraryModel18getTotalAudioFilesEv
FN:162,173,_ZNK12media_player6models12LibraryModel18getTotalVideoFilesEv
FN:175,183,_ZNK12media_player6models12LibraryModel12getTotalSizeEv
FN:185,194,_ZNK12media_player6models12LibraryModel12matchesQueryERKNS0_14MediaFileModelERKNSt7__cxx1112basic_stringIcSt11char_traitsIcESaIcEEE
FN:26,32,_ZN12media_player6models12LibraryModel13addMediaBatchERKSt6vectorINS0_14MediaFileModelESaIS3_EE
FN:34,48,_ZN12media_player6models12LibraryModel11removeMediaERKNSt7__cxx1112basic_stringIcSt11char_traitsIcESaIcEEE
FN:37,39,_ZZN12media_player6models12LibraryModel11removeMediaERKNSt7__cxx1112basic_stringIcSt11char_traitsIcESaIcEEEENKUlRKNS0_14MediaFileModelEE_clESC_
FN:51,54,_ZN12media_player6models12LibraryModel5clearEv
FN:56,70,_ZN12media_player6models12LibraryModel11updateMediaERKNSt7__cxx1112basic_stringIcSt11char_traitsIcESaIcEEERKNS0_14MediaFileModelE
FN:59,61,_ZZN12media_player6models12LibraryModel11updateMediaERKNSt7__cxx1112basic_stringIcSt11char_traitsIcESaIcEEERKNS0_14MediaFileModelEENKUlSC_E_clESC_
FN:72,82,_ZNK12media_player6models12LibraryModel14getMediaByPathERKNSt7__cxx1112basic_stringIcSt11char_traitsIcESaIcEEE
FN:84,97,_ZNK12media_player6models12LibraryModel6searchERKNSt7__cxx1112basic_stringIcSt11char_traitsIcESaIcEEE
FN:99,126,_ZNK12media_player6models12LibraryModel9getSortedENS0_12SortCriteriaEb
FNDA:19,_ZZNK12media_player6models12LibraryModel9getSortedENS0_12SortCriteriaEbENKUlRKNS0_14MediaFileModelES5_E_clES5_S5_
FNDA:81,_ZN12media_player6models12LibraryModel8addMediaERKNS0_14MediaFileModelE
FNDA:7,_ZNK12media_player6models12LibraryModel7getPageEmm
FNDA:4,_ZNK12media_player6models12LibraryModel18getTotalAudioFilesEv
FNDA:4,_ZNK12media_player6models12LibraryModel18getTotalVideoFilesEv
FNDA:2,_ZNK12media_player6models12LibraryModel12getTotalSizeEv
FNDA:11,_ZNK12media_player6models12LibraryModel12matchesQueryERKNS0_14MediaFileModelERKNSt7__cxx1112basic_stringIcSt11char_traitsIcESaIcEEE
FNDA:4,_ZN12media_player6models12LibraryModel13addMediaBatchERKSt6vectorINS0_14MediaFileModelESaIS3_EE
FNDA:2,_ZN12media_player6models12LibraryModel11removeMediaERKNSt7__cxx1112basic_stringIcSt11char_traitsIcESaIcEEE
FNDA:2,_ZZN12media_player6models12LibraryModel11removeMediaERKNSt7__cxx1112basic_stringIcSt11char_traitsIcESaIcEEEENKUlRKNS0_14MediaFileModelEE_clESC_
FNDA:3,_ZN12media_player6models12LibraryModel5clearEv
FNDA:3,_ZN12media_player6models12LibraryModel11updateMediaERKNSt7__cxx1112basic_stringIcSt11char_traitsIcESaIcEEERKNS0_14MediaFileModelE
FNDA:1,_ZZN12media_player6models12LibraryModel11updateMediaERKNSt7__cxx1112basic_stringIcSt11char_traitsIcESaIcEEERKNS0_14MediaFileModelEENKUlSC_E_clESC_
FNDA:3,_ZNK12media_player6models12LibraryModel14getMediaByPathERKNSt7__cxx1112basic_stringIcSt11char_traitsIcESaIcEEE
FNDA:6,_ZNK12media_player6models12LibraryModel6searchERKNSt7__cxx1112basic_stringIcSt11char_traitsIcESaIcEEE
FNDA:10,_ZNK12media_player6models12LibraryModel9getSortedENS0_12SortCriteriaEb
FNF:16
FNH:16
BRDA:15,0,0,370
BRDA:15,0,1,79
BRDA:17,0,0,370
BRDA:17,e0,1,0
BRDA:17,0,2,370
BRDA:17,e0,3,0
BRDA:17,0,4,2
BRDA:17,0,5,368
BRDA:28,0,0,7
BRDA:28,0,1,4
BRDA:30,0,0,7
BRDA:30,e0,1,0
BRDA:36,0,0,2
BRDA:36,e0,1,0
BRDA:38,0,0,2
BRDA:38,e0,1,0
BRDA:41,0,0,1
BRDA:41,0,1,1
BRDA:43,0,0,1
BRDA:43,e0,1,0
BRDA:58,0,0,3
BRDA:58,e0,1,0
BRDA:60,0,0,1
BRDA:60,e0,1,0
BRDA:63,0,0,1
BRDA:63,0,1,2
BRDA:65,0,0,1
BRDA:65,e0,1,0
BRDA:74,0,0,3
BRDA:74,0,1,1
BRDA:76,0,0,3
BRDA:76,e0,1,0
BRDA:76,0,2,2
BRDA:76,0,3,1
BRDA:78,0,0,2
BRDA:78,e0,1,0
BRDA:88,0,0,11
BRDA:88,0,1,6
BRDA:90,0,0,11
BRDA:90,e0,1,0
BRDA:90,0,2,6
BRDA:90,0,3,5
BRDA:92,0,0,6
BRDA:92,e0,1,0
BRDA:101,0,0,10
BRDA:101,e0,1,0
BRDA:106,0,0,11
BRDA:106,0,1,8
BRDA:110,0,0,11
BRDA:110,e0,1,0
BRDA:110,0,2,11
BRDA:110,e0,3,0
BRDA:116,0,0,8
BRDA:116,e0,1,0
BRDA:116,0,2,8
BRDA:116,e0,3,0
BRDA:120,0,0,16
BRDA:120,0,1,3
BRDA:123,0,0,10
BRDA:123,e0,1,0
BRDA:134,0,0,2
BRDA:134,0,1,5
BRDA:141,0,0,27
BRDA:141,0,1,5
BRDA:143,0,0,27
BRDA:143,e0,1,0
BRDA:152,0,0,9
BRDA:152,0,1,4
BRDA:154,0,0,6
BRDA:154,0,1,3
BRDA:165,0,0,8
BRDA:165,0,1,4
BRDA:167,0,0,0
BRDA:167,0,1,8
BRDA:178,0,0,2
BRDA:178,0,1,2
BRDA:187,0,0,11
BRDA:187,e0,1,0
BRDA:190,0,0,11
BRDA:190,e0,1,0
BRF:80
BRH:57
DA:12,81
DA:15,449
DA:17,370
DA:19,2
DA:23,79
DA:26,4
DA:28,11
DA:30,7
DA:32,4
DA:34,2
DA:36,2
DA:37,2
DA:38,2
DA:41,2
DA:43,1
DA:44,1
DA:47,1
DA:51,3
DA:53,3
DA:54,3
DA:56,3
DA:58,3
DA:59,1
DA:60,1
DA:63,3
DA:65,1
DA:66,1
DA:69,2
DA:72,3
DA:74,4
DA:76,3
DA:78,2
DA:81,1
DA:84,6
DA:86,6
DA:88,17
DA:90,11
DA:92,6
DA:96,6
DA:97,0
DA:99,10
DA:101,10
DA:103,19
DA:104,19
DA:106,19
DA:108,11
DA:110,11
DA:111,11
DA:112,8
DA:116,8
DA:117,8
DA:120,35
DA:121,16
DA:123,10
DA:125,20
DA:126,0
DA:128,7
DA:130,7
DA:132,7
DA:134,7
DA:136,2
DA:139,5
DA:141,32
DA:143,27
DA:146,5
DA:147,0
DA:149,4
DA:151,4
DA:152,13
DA:154,9
DA:156,6
DA:159,4
DA:162,4
DA:164,4
DA:165,12
DA:167,8
DA:169,0
DA:172,4
DA:175,2
DA:177,2
DA:178,4
DA:180,2
DA:182,2
DA:185,11
DA:187,11
DA:188,11
DA:190,11
DA:191,11
DA:193,22
DA:194,11
LF:90
LH:86
end_of_record
TN:
SF:/home/duong/MediaPlayerApp/src/models/MediaFileModel.cpp
FN:102,155,_ZNK12media_player6models14MediaFileModel18determineMediaTypeEv
FN:16,20,_ZN12media_player6models14MediaFileModelC2Ev
FN:22,29,_ZN12media_player6models14MediaFileModelC2ERKNSt7__cxx1112basic_stringIcSt11char_traitsIcESaIcEEE
FN:31,36,_ZNK12media_player6models14MediaFileModel7isValidEv
FN:38,41,_ZNK12media_player6models14MediaFileModelltERKS1_
FN:43,46,_ZNK12media_player6models14MediaFileModeleqERKS1_
FN:48,55,_ZNK12media_player6models14MediaFileModel9serializeB5cxx11Ev
FN:57,71,_ZN12media_player6models14MediaFileModel11deserializeERKNSt7__cxx1112basic_stringIcSt11char_traitsIcESaIcEEE
FN:73,100,_ZN12media_player6models14MediaFileModel15extractFileInfoEv
FNDA:5758,_ZNK12media_player6models14MediaFileModel18determineMediaTypeEv
FNDA:45,_ZN12media_player6models14MediaFileModelC2Ev
FNDA:5758,_ZN12media_player6models14MediaFileModelC2ERKNSt7__cxx1112basic_stringIcSt11char_traitsIcESaIcEEE
FNDA:387,_ZNK12media_player6models14MediaFileModel7isValidEv
FNDA:2,_ZNK12media_player6models14MediaFileModelltERKS1_
FNDA:2,_ZNK12media_player6models14MediaFileModeleqERKS1_
FNDA:2,_ZNK12media_player6models14MediaFileModel9serializeB5cxx11Ev
FNDA:2,_ZN12media_player6models14MediaFileModel11deserializeERKNSt7__cxx1112basic_stringIcSt11char_traitsIcESaIcEEE
FNDA:5758,_ZN12media_player6models14MediaFileModel15extractFileInfoEv
FNF:9
FNH:9
BRDA:27,0,0,5758
BRDA:27,e0,1,0
BRDA:28,0,0,5758
BRDA:28,e0,1,0
BRDA:34,0,0,386
BRDA:34,0,1,1
BRDA:34,0,2,386
BRDA:34,0,3,0
BRDA:35,0,0,386
BRDA:35,e0,1,0
BRDA:35,0,2,386
BRDA:35,e0,3,0
BRDA:35,0,4,382
BRDA:35,0,5,4
BRDA:35,0,6,386
BRDA:35,0,7,1
BRDA:35,0,8,0
BRDA:35,0,9,0
BRDA:50,0,0,2
BRDA:50,e0,1,0
BRDA:51,0,0,2
BRDA:51,e0,1,0
BRDA:51,0,2,2
BRDA:51,e0,3,0
BRDA:52,0,0,2
BRDA:52,e0,1,0
BRDA:52,0,2,2
BRDA:52,e0,3,0
BRDA:52,0,4,2
BRDA:52,e0,5,0
BRDA:53,0,0,2
BRDA:53,e0,1,0
BRDA:54,0,0,2
BRDA:54,e0,1,0
BRDA:54,0,2,2
BRDA:54,e0,3,0
BRDA:63,0,0,1
BRDA:63,0,1,1
BRDA:65,0,0,1
BRDA:65,e0,1,0
BRDA:68,0,0,1
BRDA:68,e0,1,0
BRDA:70,0,0,1
BRDA:70,e0,1,0
BRDA:75,0,0,0
BRDA:75,0,1,5758
BRDA:82,0,0,5758
BRDA:82,e0,1,0
BRDA:84,0,0,5758
BRDA:84,e0,1,0
BRDA:84,0,2,5758
BRDA:84,e0,3,0
BRDA:85,0,0,5758
BRDA:85,e0,1,0
BRDA:85,0,2,5758
BRDA:85,e0,3,0
BRDA:91,0,0,5758
BRDA:91,e0,1,0
BRDA:91,0,2,532
BRDA:91,0,3,5226
BRDA:93,0,0,532
BRDA:93,e0,1,0
BRDA:94,0,0,532
BRDA:94,e0,1,0
BRDA:97,0,0,0
BRDA:97,0,1,0
BRDA:110,0,0,11562
BRDA:110,0,1,23
BRDA:111,0,0,5793
BRDA:111,0,1,5769
BRDA:113,0,0,5735
BRDA:113,0,1,58
BRDA:120,0,0,5758
BRDA:120,0,1,0
BRDA:120,0,2,23
BRDA:120,0,3,5735
BRDA:125,0,0,5735
BRDA:125,e0,1,0
BRDA:131,0,0,5735
BRDA:131,e0,1,0
BRDA:131,0,2,5703
BRDA:131,0,3,32
BRDA:139,0,0,32
BRDA:139,e0,1,0
BRDA:139,0,2,0
BRDA:139,0,3,32
BRDA:149,0,0,32
BRDA:149,e0,1,0
BRDA:149,0,2,31
BRDA:149,0,3,1
BRF:90
BRH:54
DA:16,45
DA:17,45
DA:18,45
DA:20,45
DA:22,5758
DA:23,5758
DA:24,5758
DA:25,5758
DA:27,5758
DA:28,5758
DA:29,5758
DA:31,387
DA:33,1160
DA:34,773
DA:35,773
DA:38,2
DA:40,2
DA:43,2
DA:45,2
DA:48,2
DA:50,4
DA:51,4
DA:52,6
DA:53,8
DA:54,6
DA:57,2
DA:60,2
DA:61,2
DA:63,2
DA:65,1
DA:68,1
DA:70,1
DA:71,1
DA:73,5758
DA:75,5758
DA:77,0
DA:82,5758
DA:84,5758
DA:85,5758
DA:91,5758
DA:93,532
DA:94,532
DA:96,5758
DA:97,0
DA:99,0
DA:102,5758
DA:107,5758
DA:108,5758
DA:110,11585
DA:111,11562
DA:112,5793
DA:113,5793
DA:114,5735
DA:115,5735
DA:120,5758
DA:122,23
DA:125,5735
DA:126,5735
DA:129,5735
DA:131,5735
DA:133,5703
DA:137,32
DA:139,32
DA:141,0
DA:146,32
DA:149,32
DA:151,31
DA:154,1
DA:155,5735
LF:69
LH:65
end_of_record
TN:
SF:/home/duong/MediaPlayerApp/src/models/MetadataModel.cpp
FN:13,16,_ZN12media_player6models13MetadataModelC2ERKNSt7__cxx1112basic_stringIcSt11char_traitsIcESaIcEEE
FN:18,21,_ZN12media_player6models13MetadataModel12setCustomTagERKNSt7__cxx1112basic_stringIcSt11char_traitsIcESaIcEEES9_
FN:23,31,_ZNK12media_player6models13MetadataModel12getCustomTagERKNSt7__cxx1112basic_stringIcSt11char_traitsIcESaIcEEE
FN:33,36,_ZNK12media_player6models13MetadataModel10isCompleteEv
FN:38,45,_ZNK12media_player6models13MetadataModel15getDisplayTitleB5cxx11Ev
FN:47,54,_ZNK12media_player6models13MetadataModel16getDisplayArtistB5cxx11Ev
FN:56,77,_ZNK12media_player6models13MetadataModel20getFormattedDurationB5cxx11Ev
FNDA:1,_ZN12media_player6models13MetadataModelC2ERKNSt7__cxx1112basic_stringIcSt11char_traitsIcESaIcEEE
FNDA:8,_ZN12media_player6models13MetadataModel12setCustomTagERKNSt7__cxx1112basic_stringIcSt11char_traitsIcESaIcEEES9_
FNDA:4,_ZNK12media_player6models13MetadataModel12getCustomTagERKNSt7__cxx1112basic_stringIcSt11char_traitsIcESaIcEEE
FNDA:4,_ZNK12media_player6models13MetadataModel10isCompleteEv
FNDA:2,_ZNK12media_player6models13MetadataModel15getDisplayTitleB5cxx11Ev
FNDA:2,_ZNK12media_player6models13MetadataModel16getDisplayArtistB5cxx11Ev
FNDA:3,_ZNK12media_player6models13MetadataModel20getFormattedDurationB5cxx11Ev
FNF:7
FNH:7
BRDA:25,0,0,4
BRDA:25,e0,1,0
BRDA:26,0,0,3
BRDA:26,0,1,1
BRDA:28,0,0,3
BRDA:28,e0,1,0
BRDA:35,0,0,2
BRDA:35,0,1,2
BRDA:35,0,2,1
BRDA:35,0,3,1
BRDA:40,0,0,1
BRDA:40,0,1,1
BRDA:44,0,0,1
BRDA:44,e0,1,0
BRDA:49,0,0,1
BRDA:49,0,1,1
BRDA:53,0,0,1
BRDA:53,e0,1,0
BRDA:62,0,0,3
BRDA:62,e0,1,0
BRDA:64,0,0,0
BRDA:64,0,1,3
BRDA:66,0,0,-
BRDA:66,e0,1,-
BRDA:66,0,2,-
BRDA:66,e0,3,-
BRDA:67,0,0,-
BRDA:67,e0,1,-
BRDA:67,0,2,-
BRDA:67,e0,3,-
BRDA:67,0,4,-
BRDA:67,e0,5,-
BRDA:71,0,0,3
BRDA:71,e0,1,0
BRDA:71,0,2,3
BRDA:71,e0,3,0
BRDA:74,0,0,3
BRDA:74,e0,1,0
BRDA:74,0,2,3
BRDA:74,e0,3,0
BRDA:76,0,0,3
BRDA:76,e0,1,0
BRF:42
BRH:21
DA:13,1
DA:16,1
DA:18,8
DA:20,8
DA:21,8
DA:23,4
DA:25,4
DA:26,4
DA:28,3
DA:30,1
DA:33,4
DA:35,4
DA:38,2
DA:40,2
DA:42,1
DA:44,2
DA:47,2
DA:49,2
DA:51,1
DA:53,2
DA:56,3
DA:58,3
DA:59,3
DA:60,3
DA:62,3
DA:64,3
DA:66,0
DA:67,0
DA:71,3
DA:74,3
DA:76,6
DA:77,3
LF:32
LH:30
end_of_record
TN:
SF:/home/duong/MediaPlayerApp/src/models/PlaybackStateModel.cpp
FN:15,33,_ZNK12media_player6models18PlaybackStateModel20getFormattedPositionB5cxx11Ev
FN:35,53,_ZNK12media_player6models18PlaybackStateModel20getFormattedDurationB5cxx11Ev
FN:55,65,_ZNK12media_player6models18PlaybackStateModel21getProgressPercentageEv
FNDA:4,_ZNK12media_player6models18PlaybackStateModel20getFormattedPositionB5cxx11Ev
[...]
BRDA:426,0,0,1
BRDA:426,0,1,1
BRDA:426,0,2,1
BRDA:426,e0,3,0
BRDA:427,0,0,1
BRDA:427,0,1,1
BRDA:427,0,2,1
BRDA:427,e0,3,0
BRDA:428,0,0,2
BRDA:428,e0,1,0
BRDA:434,0,0,0
BRDA:434,0,1,0
BRDA:444,0,0,69
BRDA:444,e0,1,0
BRDA:444,0,2,69
BRDA:444,e0,3,0
BRDA:444,0,4,30
BRDA:444,0,5,39
BRDA:446,0,0,30
BRDA:446,e0,1,0
BRDA:446,0,2,30
BRDA:446,e0,3,0
BRDA:449,0,0,0
BRDA:449,0,1,0
BRF:378
BRH:199
DA:17,34
DA:18,34
DA:20,34
DA:21,34
DA:22,34
DA:24,34
DA:26,34
DA:27,34
DA:29,32
DA:31,32
DA:35,32
DA:37,32
DA:39,1
DA:43,31
DA:46,31
DA:48,31
DA:50,0
DA:53,31
DA:54,32
DA:55,0
DA:57,0
DA:58,0
DA:59,32
DA:61,21
DA:63,21
DA:65,21
DA:67,21
DA:69,14
DA:72,7
DA:73,21
DA:75,5
DA:77,5
DA:79,5
DA:80,5
DA:82,8
DA:84,3
DA:87,10
DA:88,5
DA:90,7
DA:92,7
DA:94,7
DA:97,7
DA:99,1
DA:103,6
DA:106,6
DA:108,6
DA:110,0
DA:113,6
DA:114,7
DA:116,5
DA:118,5
DA:120,5
DA:122,5
DA:124,2
DA:127,3
DA:130,3
DA:133,3
DA:137,3
DA:139,3
DA:142,3
DA:144,0
DA:146,0
DA:147,0
DA:148,5
DA:150,2
DA:152,2
DA:153,4
DA:154,2
DA:156,2
DA:158,2
DA:160,4
DA:162,2
DA:164,0
DA:168,2
DA:171,2
DA:173,2
DA:178,5
DA:180,3
DA:182,3
DA:184,3
DA:186,3
DA:188,0
DA:190,0
DA:192,2
DA:193,2
DA:195,12
DA:197,12
DA:198,24
DA:199,12
DA:201,9
DA:203,9
DA:205,10
DA:207,7
DA:209,6
DA:213,3
DA:214,9
DA:216,4
DA:218,4
DA:220,4
DA:221,4
DA:222,4
DA:224,9
DA:226,5
DA:227,5
DA:229,5
DA:231,3
DA:233,5
DA:235,8
DA:236,4
DA:238,35
DA:240,35
DA:244,35
DA:246,0
DA:247,0
DA:250,35
DA:252,38
DA:254,3
DA:256,3
DA:258,3
DA:260,3
DA:261,3
DA:263,3
DA:264,35
DA:266,35
DA:268,0
DA:270,0
DA:271,0
DA:272,35
DA:274,35
DA:276,35
DA:280,35
DA:282,63
DA:284,28
DA:285,28
DA:286,28
DA:288,35
DA:290,0
DA:292,0
DA:293,0
DA:294,35
DA:296,71
DA:298,71
DA:301,65
DA:306,65
DA:308,65
DA:310,0
DA:314,65
DA:315,65
DA:316,65
DA:317,65
DA:319,65
DA:320,82
DA:322,17
DA:323,17
DA:324,63
DA:325,70
DA:326,17
DA:327,82
DA:329,65
DA:330,65
DA:331,65
DA:332,0
DA:334,0
DA:335,0
DA:338,3
DA:342,3
DA:344,3
DA:346,0
DA:349,3
DA:350,3
DA:352,3
DA:354,3
DA:356,18
DA:358,15
DA:360,0
DA:363,15
DA:365,3
DA:366,3
DA:369,12
DA:371,3
DA:372,3
DA:373,3
DA:374,3
DA:375,3
DA:376,3
DA:377,3
DA:378,3
DA:380,0
DA:383,0
DA:385,3
DA:386,3
DA:389,9
DA:391,9
DA:393,9
DA:394,9
DA:396,9
DA:398,3
DA:400,6
DA:402,3
DA:404,9
DA:408,3
DA:410,3
DA:412,0
DA:416,3
DA:417,3
DA:420,6
DA:422,3
DA:423,3
DA:424,3
DA:426,2
DA:427,2
DA:428,2
DA:430,3
DA:432,3
DA:433,3
DA:434,0
DA:436,0
DA:437,0
DA:440,69
DA:444,69
DA:446,30
DA:449,0
DA:452,0
DA:453,69
LF:224
LH:191
end_of_record
TN:
SF:/home/duong/MediaPlayerApp/src/services/FileScanner.cpp
FN:105,149,_ZN12media_player8services11FileScanner17scanDirectorySyncERKNSt7__cxx1112basic_stringIcSt11char_traitsIcESaIcEEE
FN:151,154,_ZN12media_player8services11FileScanner11setMaxDepthEi
FN:156,159,_ZN12media_player8services11FileScanner17setFileExtensionsERKSt6vectorINSt7__cxx1112basic_stringIcSt11char_traitsIcESaIcEEESaIS8_EE
FN:161,180,_ZN12media_player8services11FileScanner10scanWorkerERKNSt7__cxx1112basic_stringIcSt11char_traitsIcESaIcEEE
FN:182,280,_ZN12media_player8services11FileScanner13scanRecursiveERKNSt7__cxx1112basic_stringIcSt11char_traitsIcESaIcEEEi
FN:21,31,_ZN12media_player8services11FileScannerC2Ev
FN:282,286,_ZNK12media_player8services11FileScanner16isValidMediaFileERKNSt7__cxx1112basic_stringIcSt11char_traitsIcESaIcEEE
FN:288,295,_ZNK12media_player8services11FileScanner17hasValidExtensionERKNSt7__cxx1112basic_stringIcSt11char_traitsIcESaIcEEE
FN:297,307,_ZNK12media_player8services11FileScanner16getFileExtensionERKNSt7__cxx1112basic_stringIcSt11char_traitsIcESaIcEEE
FN:309,314,_ZNK12media_player8services11FileScanner11toLowerCaseERKNSt7__cxx1112basic_stringIcSt11char_traitsIcESaIcEEE
FN:316,326,_ZN12media_player8services11FileScanner14notifyProgressEiRKNSt7__cxx1112basic_stringIcSt11char_traitsIcESaIcEEE
FN:328,334,_ZN12media_player8services11FileScanner14notifyCompleteERKSt6vectorINS_6models14MediaFileModelESaIS4_EE
FN:33,36,_ZN12media_player8services11FileScannerD0Ev
FN:33,36,_ZN12media_player8services11FileScannerD2Ev
FN:38,69,_ZN12media_player8services11FileScanner13scanDirectoryERKNSt7__cxx1112basic_stringIcSt11char_traitsIcESaIcEEE
FN:71,82,_ZN12media_player8services11FileScanner12stopScanningEv
FN:84,87,_ZNK12media_player8services11FileScanner10isScanningEv
FN:89,92,_ZN12media_player8services11FileScanner19setProgressCallbackESt8functionIFviRKNSt7__cxx1112basic_stringIcSt11char_traitsIcESaIcEEEEE
FN:94,97,_ZN12media_player8services11FileScanner19setProgressCallbackESt8functionIFviiRKNSt7__cxx1112basic_stringIcSt11char_traitsIcESaIcEEEEE
FN:99,102,_ZN12media_player8services11FileScanner19setCompleteCallbackESt8functionIFvSt6vectorINS_6models14MediaFileModelESaIS5_EEEE
FNDA:12,_ZN12media_player8services11FileScanner17scanDirectorySyncERKNSt7__cxx1112basic_stringIcSt11char_traitsIcESaIcEEE
FNDA:6,_ZN12media_player8services11FileScanner11setMaxDepthEi
FNDA:0,_ZN12media_player8services11FileScanner17setFileExtensionsERKSt6vectorINSt7__cxx1112basic_stringIcSt11char_traitsIcESaIcEEESaIS8_EE
FNDA:3,_ZN12media_player8services11FileScanner10scanWorkerERKNSt7__cxx1112basic_stringIcSt11char_traitsIcESaIcEEE
FNDA:24,_ZN12media_player8services11FileScanner13scanRecursiveERKNSt7__cxx1112basic_stringIcSt11char_traitsIcESaIcEEEi
FNDA:15,_ZN12media_player8services11FileScannerC2Ev
FNDA:81,_ZNK12media_player8services11FileScanner16isValidMediaFileERKNSt7__cxx1112basic_stringIcSt11char_traitsIcESaIcEEE
FNDA:150,_ZNK12media_player8services11FileScanner17hasValidExtensionERKNSt7__cxx1112basic_stringIcSt11char_traitsIcESaIcEEE
FNDA:81,_ZNK12media_player8services11FileScanner16getFileExtensionERKNSt7__cxx1112basic_stringIcSt11char_traitsIcESaIcEEE
FNDA:150,_ZNK12media_player8services11FileScanner11toLowerCaseERKNSt7__cxx1112basic_stringIcSt11char_traitsIcESaIcEEE
FNDA:1,_ZN12media_player8services11FileScanner14notifyProgressEiRKNSt7__cxx1112basic_stringIcSt11char_traitsIcESaIcEEE
FNDA:2,_ZN12media_player8services11FileScanner14notifyCompleteERKSt6vectorINS_6models14MediaFileModelESaIS4_EE
FNDA:0,_ZN12media_player8services11FileScannerD0Ev
FNDA:15,_ZN12media_player8services11FileScannerD2Ev
FNDA:5,_ZN12media_player8services11FileScanner13scanDirectoryERKNSt7__cxx1112basic_stringIcSt11char_traitsIcESaIcEEE
FNDA:16,_ZN12media_player8services11FileScanner12stopScanningEv
FNDA:4,_ZNK12media_player8services11FileScanner10isScanningEv
FNDA:3,_ZN12media_player8services11FileScanner19setProgressCallbackESt8functionIFviRKNSt7__cxx1112basic_stringIcSt11char_traitsIcESaIcEEEEE
FNDA:1,_ZN12media_player8services11FileScanner19setProgressCallbackESt8functionIFviiRKNSt7__cxx1112basic_stringIcSt11char_traitsIcESaIcEEEEE
FNDA:2,_ZN12media_player8services11FileScanner19setCompleteCallbackESt8functionIFvSt6vectorINS_6models14MediaFileModelESaIS5_EEEE
FNF:20
FNH:18
BRDA:30,0,0,15
BRDA:30,e0,1,0
BRDA:40,0,0,0
BRDA:40,0,1,5
BRDA:45,0,0,5
BRDA:45,e0,1,0
BRDA:45,0,2,5
BRDA:45,e0,3,0
BRDA:45,0,4,1
BRDA:45,0,5,4
BRDA:50,0,0,4
BRDA:50,e0,1,0
BRDA:50,0,2,4
BRDA:50,e0,3,0
BRDA:50,0,4,1
BRDA:50,0,5,3
BRDA:62,0,0,0
BRDA:62,0,1,3
BRDA:62,0,2,0
BRDA:62,0,3,0
BRDA:62,0,4,0
BRDA:62,0,5,3
BRDA:68,0,0,3
BRDA:68,e0,1,0
BRDA:75,0,0,4
BRDA:75,0,1,12
BRDA:75,0,2,3
BRDA:75,0,3,1
BRDA:75,0,4,3
BRDA:75,0,5,13
BRDA:107,0,0,12
BRDA:107,e0,1,0
BRDA:107,0,2,12
BRDA:107,e0,3,0
BRDA:107,0,4,1
BRDA:107,0,5,11
BRDA:112,0,0,11
BRDA:112,e0,1,0
BRDA:112,0,2,11
BRDA:112,e0,3,0
BRDA:112,0,4,1
BRDA:112,0,5,10
BRDA:127,0,0,10
BRDA:127,e0,1,0
BRDA:127,0,2,10
BRDA:127,e0,3,0
BRDA:127,0,4,78
BRDA:127,e0,5,0
BRDA:127,0,6,78
BRDA:127,0,7,10
BRDA:129,0,0,78
BRDA:129,e0,1,0
BRDA:129,0,2,69
BRDA:129,0,3,9
BRDA:131,0,0,69
BRDA:131,e0,1,0
BRDA:131,0,2,69
BRDA:131,e0,3,0
BRDA:133,0,0,69
BRDA:133,e0,1,0
BRDA:133,0,2,60
BRDA:133,0,3,9
BRDA:165,0,0,3
BRDA:165,e0,1,0
BRDA:167,0,0,2
BRDA:167,0,1,1
BRDA:169,0,0,2
BRDA:169,e0,1,0
BRDA:175,0,0,0
BRDA:175,0,1,0
BRDA:184,0,0,1
BRDA:184,0,1,23
BRDA:189,0,0,2
BRDA:189,0,1,21
BRDA:196,0,0,21
BRDA:196,e0,1,0
BRDA:196,0,2,21
BRDA:196,e0,3,0
BRDA:196,0,4,92
BRDA:196,e0,5,0
BRDA:196,0,6,92
BRDA:196,0,7,21
BRDA:198,0,0,0
BRDA:198,0,1,92
BRDA:205,0,0,92
BRDA:205,e0,1,0
BRDA:205,0,2,11
BRDA:205,0,3,81
BRDA:208,0,0,11
BRDA:208,e0,1,0
BRDA:208,0,2,11
BRDA:208,e0,3,0
BRDA:208,0,4,11
BRDA:208,e0,5,0
BRDA:208,0,6,0
BRDA:208,0,7,11
BRDA:213,0,0,11
BRDA:213,e0,1,0
BRDA:213,0,2,11
BRDA:213,e0,3,0
BRDA:215,0,0,81
BRDA:215,e0,1,0
BRDA:215,0,2,81
BRDA:215,0,3,0
BRDA:217,0,0,81
BRDA:217,e0,1,0
BRDA:219,0,0,81
BRDA:219,e0,1,0
BRDA:219,0,2,70
BRDA:219,0,3,11
BRDA:221,0,0,70
BRDA:221,e0,1,0
BRDA:223,0,0,70
BRDA:223,e0,1,0
BRDA:223,0,2,70
BRDA:223,0,3,0
BRDA:228,0,0,70
BRDA:228,e0,1,0
BRDA:229,0,0,70
BRDA:229,e0,1,0
BRDA:229,0,2,50
BRDA:229,0,3,20
BRDA:231,0,0,50
BRDA:231,e0,1,0
BRDA:232,0,0,50
BRDA:232,0,1,0
BRDA:234,0,0,50
BRDA:234,e0,1,0
BRDA:234,0,2,50
BRDA:234,e0,3,0
BRDA:234,0,4,50
BRDA:234,e0,5,0
BRDA:235,0,0,50
BRDA:235,e0,1,0
BRDA:235,0,2,50
BRDA:235,e0,3,0
BRDA:235,0,4,50
BRDA:235,e0,5,0
BRDA:236,0,0,50
BRDA:236,e0,1,0
BRDA:236,0,2,50
BRDA:236,e0,3,0
BRDA:236,0,4,50
BRDA:236,e0,5,0
BRDA:238,0,0,0
BRDA:238,0,1,50
BRDA:238,0,2,0
BRDA:238,e0,3,0
BRDA:239,0,0,0
BRDA:239,0,1,50
BRDA:239,0,2,0
BRDA:239,e0,3,0
BRDA:240,0,0,0
BRDA:240,0,1,50
BRDA:240,0,2,0
BRDA:240,e0,3,0
BRDA:243,0,0,50
BRDA:243,e0,1,0
BRDA:244,0,0,50
BRDA:244,0,1,0
BRDA:246,0,0,50
BRDA:246,e0,1,0
BRDA:253,0,0,0
BRDA:253,e0,1,0
BRDA:255,0,0,70
BRDA:255,e0,1,0
BRDA:259,0,0,1
BRDA:259,0,1,69
BRDA:261,0,0,1
BRDA:261,e0,1,0
BRDA:270,0,0,0
BRDA:270,0,1,0
BRDA:273,0,0,0
BRDA:273,e0,1,0
BRDA:274,0,0,21
BRDA:274,0,1,0
BRDA:274,0,2,21
BRDA:274,0,3,0
BRDA:274,0,4,21
BRDA:274,0,5,0
BRDA:276,0,0,0
BRDA:276,0,1,0
BRDA:284,0,0,81
BRDA:284,e0,1,0
BRDA:285,0,0,81
BRDA:285,e0,1,0
BRDA:290,0,0,150
BRDA:290,e0,1,0
BRDA:292,0,0,150
BRDA:292,e0,1,0
BRDA:301,0,0,0
BRDA:301,0,1,81
BRDA:303,0,0,-
BRDA:303,e0,1,-
BRDA:318,0,0,1
BRDA:318,0,1,0
BRDA:322,0,0,1
BRDA:322,0,1,0
BRDA:330,0,0,2
BRDA:330,0,1,0
BRDA:332,0,0,2
BRDA:332,e0,1,0
BRDA:332,0,2,2
BRDA:332,e0,3,0
BRF:204
BRH:110
DA:21,15
DA:22,15
DA:23,15
DA:24,15
DA:25,15
DA:26,30
DA:30,15
DA:31,15
DA:33,15
DA:35,15
DA:36,15
DA:38,5
DA:40,5
DA:42,0
DA:45,5
DA:47,1
DA:50,4
DA:52,1
DA:56,3
DA:57,3
DA:58,3
DA:59,3
DA:62,3
DA:64,0
DA:68,3
DA:71,16
DA:73,16
DA:75,16
DA:77,3
DA:80,16
DA:82,16
DA:84,4
DA:86,4
DA:89,3
DA:91,3
DA:92,3
DA:94,1
DA:96,1
DA:97,1
DA:99,2
DA:101,2
DA:102,2
DA:105,12
DA:107,12
DA:109,1
DA:112,11
DA:114,1
DA:118,10
DA:119,10
DA:120,10
DA:121,10
DA:124,10
DA:127,88
DA:129,78
DA:131,69
DA:132,69
DA:133,69
DA:135,60
DA:137,69
DA:138,10
DA:140,0
DA:142,10
DA:144,10
DA:146,10
DA:148,10
DA:151,6
DA:153,6
DA:154,6
DA:156,0
DA:158,0
DA:159,0
DA:161,3
DA:165,3
DA:167,3
DA:169,2
DA:175,0
DA:177,0
DA:179,3
DA:180,3
DA:182,24
DA:184,24
DA:186,1
DA:189,23
DA:191,2
DA:196,113
DA:198,92
DA:200,0
DA:205,92
DA:208,11
DA:210,0
DA:213,11
DA:215,81
DA:217,81
DA:219,81
DA:221,70
DA:223,70
DA:228,70
DA:229,70
DA:231,50
DA:232,50
DA:234,50
DA:235,50
DA:236,50
DA:238,50
DA:239,50
DA:240,50
DA:241,50
DA:243,50
DA:244,50
DA:246,50
DA:249,70
DA:250,0
DA:253,0
DA:255,70
DA:256,70
DA:259,70
DA:261,1
DA:264,70
DA:268,81
DA:270,0
DA:272,0
DA:273,0
DA:274,21
DA:276,0
DA:279,0
DA:282,81
DA:284,81
DA:285,162
DA:286,81
DA:288,150
DA:290,150
DA:292,150
DA:294,450
DA:295,150
DA:297,81
DA:299,81
DA:301,81
DA:303,0
DA:306,81
DA:309,150
DA:311,150
DA:312,150
DA:313,150
DA:316,1
DA:318,1
DA:320,1
DA:322,1
DA:324,1
DA:326,1
DA:328,2
DA:330,2
DA:332,2
DA:334,2
LF:153
LH:135
end_of_record
TN:
SF:/home/duong/MediaPlayerApp/src/services/MetadataReader.cpp
FN:109,112,_ZNK12media_player8services14MetadataReader11canReadFileERKNSt7__cxx1112basic_stringIcSt11char_traitsIcESaIcEEE
FN:114,171,_ZN12media_player8services14MetadataReader13writeMetadataERKNSt7__cxx1112basic_stringIcSt11char_traitsIcESaIcEEERKNS_6models13MetadataModelE
FN:173,222,_ZN12media_player8services14MetadataReader15extractCoverArtERKNSt7__cxx1112basic_stringIcSt11char_traitsIcESaIcEEES9_
FN:22,24,_ZN12media_player8services14MetadataReaderC2Ev
FN:224,283,_ZN12media_player8services14MetadataReader13embedCoverArtERKNSt7__cxx1112basic_stringIcSt11char_traitsIcESaIcEEES9_
FN:26,28,_ZN12media_player8services14MetadataReaderD0Ev
FN:26,28,_ZN12media_player8services14MetadataReaderD2Ev
FN:285,295,_ZNK12media_player8services14MetadataReader17isSupportedFormatERKNSt7__cxx1112basic_stringIcSt11char_traitsIcESaIcEEE
FN:297,310,_ZNK12media_player8services14MetadataReader16getFileExtensionERKNSt7__cxx1112basic_stringIcSt11char_traitsIcESaIcEEE
FN:30,107,_ZN12media_player8services14MetadataReader12readMetadataERKNSt7__cxx1112basic_stringIcSt11char_traitsIcESaIcEEE
FN:312,332,_ZNK12media_player8services14MetadataReader13readImageFileERKNSt7__cxx1112basic_stringIcSt11char_traitsIcESaIcEEE
FN:334,347,_ZNK12media_player8services14MetadataReader14writeImageFileERKNSt7__cxx1112basic_stringIcSt11char_traitsIcESaIcEEERKSt6vectorIhSaIhEE
FNDA:26,_ZNK12media_player8services14MetadataReader11canReadFileERKNSt7__cxx1112basic_stringIcSt11char_traitsIcESaIcEEE
FNDA:5,_ZN12media_player8services14MetadataReader13writeMetadataERKNSt7__cxx1112basic_stringIcSt11char_traitsIcESaIcEEERKNS_6models13MetadataModelE
FNDA:3,_ZN12media_player8services14MetadataReader15extractCoverArtERKNSt7__cxx1112basic_stringIcSt11char_traitsIcESaIcEEES9_
FNDA:22,_ZN12media_player8services14MetadataReaderC2Ev
FNDA:3,_ZN12media_player8services14MetadataReader13embedCoverArtERKNSt7__cxx1112basic_stringIcSt11char_traitsIcESaIcEEES9_
FNDA:0,_ZN12media_player8services14MetadataReaderD0Ev
FNDA:22,_ZN12media_player8services14MetadataReaderD2Ev
FNDA:26,_ZNK12media_player8services14MetadataReader17isSupportedFormatERKNSt7__cxx1112basic_stringIcSt11char_traitsIcESaIcEEE
FNDA:34,_ZNK12media_player8services14MetadataReader16getFileExtensionERKNSt7__cxx1112basic_stringIcSt11char_traitsIcESaIcEEE
FNDA:5,_ZN12media_player8services14MetadataReader12readMetadataERKNSt7__cxx1112basic_stringIcSt11char_traitsIcESaIcEEE
FNDA:2,_ZNK12media_player8services14MetadataReader13readImageFileERKNSt7__cxx1112basic_stringIcSt11char_traitsIcESaIcEEE
FNDA:0,_ZNK12media_player8services14MetadataReader14writeImageFileERKNSt7__cxx1112basic_stringIcSt11char_traitsIcESaIcEEERKSt6vectorIhSaIhEE
FNF:12
FNH:10
BRDA:32,0,0,5
BRDA:32,e0,1,0
BRDA:32,0,2,2
BRDA:32,0,3,3
BRDA:37,0,0,3
BRDA:37,e0,1,0
BRDA:41,0,0,3
BRDA:41,e0,1,0
BRDA:43,0,0,3
BRDA:43,e0,1,0
BRDA:43,0,2,1
BRDA:43,0,3,2
BRDA:48,0,0,2
BRDA:48,e0,1,0
BRDA:50,0,0,2
BRDA:50,0,1,0
BRDA:52,0,0,2
BRDA:52,e0,1,0
BRDA:52,0,2,2
BRDA:52,e0,3,0
BRDA:52,0,4,2
BRDA:52,e0,5,0
BRDA:52,0,6,2
BRDA:52,e0,7,0
BRDA:53,0,0,2
BRDA:53,e0,1,0
BRDA:53,0,2,2
BRDA:53,e0,3,0
BRDA:53,0,4,2
BRDA:53,e0,5,0
BRDA:53,0,6,2
BRDA:53,e0,7,0
BRDA:54,0,0,2
BRDA:54,e0,1,0
BRDA:54,0,2,2
BRDA:54,e0,3,0
BRDA:54,0,4,2
BRDA:54,e0,5,0
BRDA:54,0,6,2
BRDA:54,e0,7,0
BRDA:55,0,0,2
BRDA:55,e0,1,0
BRDA:55,0,2,2
BRDA:55,e0,3,0
BRDA:55,0,4,2
BRDA:55,e0,5,0
BRDA:55,0,6,2
BRDA:55,e0,7,0
BRDA:56,0,0,2
BRDA:56,e0,1,0
BRDA:56,0,2,2
BRDA:56,e0,3,0
BRDA:59,0,0,2
BRDA:59,e0,1,0
BRDA:61,0,0,2
BRDA:61,0,1,0
BRDA:64,0,0,2
BRDA:64,e0,1,0
BRDA:65,0,0,2
BRDA:65,e0,1,0
BRDA:65,0,2,2
BRDA:65,e0,3,0
BRDA:68,0,0,2
BRDA:68,e0,1,0
BRDA:69,0,0,2
BRDA:69,e0,1,0
BRDA:69,0,2,2
BRDA:69,e0,3,0
BRDA:73,0,0,2
BRDA:73,e0,1,0
BRDA:75,0,0,2
BRDA:75,e0,1,0
BRDA:75,0,2,1
BRDA:75,0,3,1
BRDA:77,0,0,1
BRDA:77,e0,1,0
BRDA:79,0,0,1
BRDA:79,e0,1,0
BRDA:79,0,2,1
BRDA:79,0,3,0
BRDA:79,0,4,1
BRDA:79,e0,5,0
BRDA:79,0,6,1
BRDA:79,0,7,0
BRDA:79,0,8,1
BRDA:79,0,9,0
BRDA:81,0,0,1
BRDA:81,e0,1,0
BRDA:82,0,0,1
BRDA:82,e0,1,0
BRDA:82,0,2,1
BRDA:82,e0,3,0
BRDA:84,0,0,0
BRDA:84,0,1,1
BRDA:87,0,0,-
BRDA:87,e0,1,-
BRDA:89,0,0,-
BRDA:89,0,1,-
BRDA:91,0,0,-
BRDA:91,e0,1,-
BRDA:92,0,0,-
BRDA:92,e0,1,-
BRDA:92,0,2,-
BRDA:92,e0,3,-
BRDA:92,0,4,-
BRDA:92,e0,5,-
BRDA:94,0,0,-
BRDA:94,e0,1,-
BRDA:94,0,2,-
BRDA:94,e0,3,-
BRDA:94,0,4,-
BRDA:94,e0,5,-
BRDA:95,0,0,-
BRDA:95,e0,1,-
BRDA:95,0,2,-
BRDA:95,e0,3,-
BRDA:95,0,4,-
BRDA:95,e0,5,-
BRDA:103,0,0,0
BRDA:103,0,1,0
BRDA:116,0,0,2
BRDA:116,0,1,3
BRDA:123,0,0,3
BRDA:123,e0,1,0
BRDA:125,0,0,3
BRDA:125,e0,1,0
BRDA:125,0,2,1
BRDA:125,0,3,2
BRDA:130,0,0,2
BRDA:130,e0,1,0
BRDA:132,0,0,0
BRDA:132,0,1,2
BRDA:138,0,0,2
BRDA:138,e0,1,0
BRDA:138,0,2,2
BRDA:138,e0,3,0
BRDA:138,0,4,2
BRDA:138,e0,5,0
BRDA:139,0,0,2
BRDA:139,e0,1,0
BRDA:139,0,2,2
BRDA:139,e0,3,0
BRDA:139,0,4,2
BRDA:139,e0,5,0
BRDA:140,0,0,2
BRDA:140,e0,1,0
BRDA:140,0,2,2
BRDA:140,e0,3,0
BRDA:140,0,4,2
BRDA:140,e0,5,0
BRDA:141,0,0,2
BRDA:141,e0,1,0
BRDA:141,0,2,2
BRDA:141,e0,3,0
BRDA:141,0,4,2
BRDA:141,e0,5,0
BRDA:146,0,0,2
BRDA:146,e0,1,0
BRDA:146,0,2,1
BRDA:146,0,3,1
BRDA:148,0,0,1
BRDA:148,e0,1,0
BRDA:148,0,2,0
BRDA:148,e0,3,1
BRDA:149,0,0,-
BRDA:149,e0,1,-
BRDA:152,0,0,0
BRDA:152,0,1,1
BRDA:156,0,0,2
BRDA:156,e0,1,0
BRDA:167,0,0,0
BRDA:167,0,1,0
BRDA:175,0,0,3
BRDA:175,e0,1,0
BRDA:177,0,0,3
BRDA:177,e0,1,0
BRDA:177,0,2,2
BRDA:177,0,3,1
BRDA:184,0,0,1
BRDA:184,e0,1,0
BRDA:186,0,0,1
BRDA:186,e0,1,0
BRDA:186,0,2,0
BRDA:186,0,3,1
BRDA:186,0,4,0
BRDA:186,e0,5,0
BRDA:186,0,6,0
BRDA:186,0,7,0
BRDA:186,0,8,1
BRDA:186,0,9,0
BRDA:191,0,0,-
BRDA:191,e0,1,-
BRDA:192,0,0,-
BRDA:192,e0,1,-
BRDA:192,0,2,-
BRDA:192,e0,3,-
BRDA:194,0,0,-
BRDA:194,0,1,-
BRDA:200,0,0,-
BRDA:200,e0,1,-
BRDA:202,0,0,-
BRDA:202,0,1,-
BRDA:207,0,0,-
BRDA:207,e0,1,-
BRDA:208,0,0,-
BRDA:208,e0,1,-
BRDA:208,0,2,-
BRDA:208,e0,3,-
BRDA:208,0,4,-
BRDA:208,e0,5,-
BRDA:210,0,0,-
BRDA:210,e0,1,-
BRDA:218,0,0,0
BRDA:218,0,1,0
BRDA:226,0,0,3
BRDA:226,e0,1,0
BRDA:228,0,0,3
BRDA:228,e0,1,0
BRDA:228,0,2,1
BRDA:228,0,3,2
BRDA:235,0,0,2
BRDA:235,e0,1,0
BRDA:237,0,0,1
BRDA:237,0,1,1
BRDA:242,0,0,1
BRDA:242,e0,1,0
BRDA:244,0,0,1
BRDA:244,e0,1,0
BRDA:244,0,2,1
BRDA:244,0,3,0
BRDA:249,0,0,-
BRDA:249,e0,1,-
BRDA:251,0,0,-
BRDA:251,0,1,-
BRDA:257,0,0,-
BRDA:257,e0,1,-
BRDA:257,0,2,-
BRDA:257,e0,3,-
BRDA:260,0,0,-
BRDA:260,e0,1,-
BRDA:260,0,2,-
BRDA:260,e0,3,-
BRDA:260,0,4,-
BRDA:260,0,5,-
BRDA:261,0,0,-
BRDA:261,e0,1,-
BRDA:261,0,2,-
BRDA:261,e0,3,-
BRDA:262,0,0,-
BRDA:262,e0,1,-
BRDA:262,0,2,-
BRDA:262,e0,3,-
BRDA:264,0,0,-
BRDA:264,e0,1,-
BRDA:266,0,0,-
BRDA:266,e0,1,-
BRDA:268,0,0,-
BRDA:268,e0,1,-
BRDA:279,0,0,0
BRDA:279,0,1,0
BRDA:287,0,0,26
BRDA:287,e0,1,0
BRDA:290,0,0,26
BRDA:290,e0,1,0
BRDA:292,0,0,26
BRDA:292,e0,1,0
BRDA:301,0,0,3
BRDA:301,0,1,31
BRDA:303,0,0,3
BRDA:303,e0,1,0
BRDA:306,0,0,31
BRDA:306,e0,1,0
BRDA:314,0,0,2
BRDA:314,e0,1,0
BRDA:316,0,0,1
BRDA:316,0,1,1
BRDA:321,0,0,1
BRDA:321,e0,1,0
BRDA:322,0,0,1
BRDA:322,e0,1,0
BRDA:324,0,0,1
BRDA:324,e0,1,0
BRDA:326,0,0,1
BRDA:326,e0,1,0
BRDA:326,0,2,1
BRDA:326,e0,3,0
BRDA:326,0,4,0
BRDA:326,0,5,1
BRDA:337,0,0,-
BRDA:337,e0,1,-
BRDA:339,0,0,-
BRDA:339,0,1,-
BRDA:344,0,0,-
BRDA:344,e0,1,-
BRDA:346,0,0,-
BRDA:346,e0,1,-
BRF:296
BRH:111
DA:22,22
DA:24,22
DA:26,22
DA:28,22
DA:30,5
DA:32,5
DA:34,2
DA:37,3
DA:41,3
DA:43,3
DA:45,1
DA:48,2
DA:50,2
DA:52,4
DA:53,4
DA:54,4
DA:55,4
DA:56,2
DA:59,2
DA:61,2
DA:64,2
DA:65,6
DA:68,2
DA:69,6
DA:73,2
DA:75,2
DA:77,1
DA:79,1
DA:81,1
DA:82,1
DA:84,1
DA:87,0
DA:89,0
DA:91,0
DA:92,0
DA:94,0
DA:95,0
DA:96,0
DA:98,1
DA:99,1
DA:101,2
DA:102,3
DA:103,0
DA:105,0
DA:106,0
DA:107,3
DA:109,26
DA:111,26
DA:114,5
DA:116,5
DA:118,2
DA:123,3
DA:125,3
DA:127,1
DA:130,2
DA:132,2
DA:134,0
DA:138,2
DA:139,2
DA:140,2
DA:141,2
DA:146,2
DA:148,2
DA:149,0
DA:152,1
DA:154,1
DA:156,2
DA:165,2
DA:166,3
DA:167,0
DA:169,0
DA:170,0
DA:173,3
DA:175,3
DA:177,3
DA:179,2
DA:184,1
DA:186,1
DA:188,1
DA:191,0
DA:192,0
DA:194,0
DA:196,0
DA:200,0
DA:202,0
DA:204,0
DA:207,0
DA:208,0
DA:210,0
DA:216,0
DA:217,0
DA:218,0
DA:220,0
DA:221,0
DA:222,3
DA:224,3
DA:226,3
DA:228,3
DA:230,1
DA:235,2
DA:237,2
DA:239,1
DA:242,1
DA:244,1
DA:246,1
DA:249,0
DA:251,0
DA:253,0
DA:257,0
DA:260,0
DA:261,0
DA:262,0
DA:263,0
DA:264,0
DA:266,0
DA:268,0
DA:277,0
DA:278,2
DA:279,0
DA:281,0
DA:282,0
DA:283,3
DA:285,26
DA:287,26
DA:290,52
DA:292,26
DA:294,78
DA:295,26
DA:297,34
DA:299,34
DA:301,34
DA:303,6
DA:306,31
DA:307,31
DA:309,31
DA:310,31
DA:312,2
DA:314,2
DA:316,2
DA:318,1
DA:321,1
DA:322,1
DA:324,1
DA:326,1
DA:328,0
DA:331,1
DA:332,2
DA:334,0
DA:337,0
DA:339,0
DA:341,0
DA:344,0
DA:346,0
DA:347,0
LF:154
LH:101
end_of_record
