TN:
SF:/home/duong/MediaPlayerApp/inc/models/MediaFileModel.h
FN:31,34,_ZNK12media_player6models14MediaFileModel11getFilePathB5cxx11Ev
FN:36,39,_ZNK12media_player6models14MediaFileModel11getFileNameB5cxx11Ev
FN:41,44,_ZNK12media_player6models14MediaFileModel12getExtensionB5cxx11Ev
FN:46,49,_ZNK12media_player6models14MediaFileModel7getTypeEv
FN:51,54,_ZNK12media_player6models14MediaFileModel11getFileSizeEv
FN:57,57,_ZNK12media_player6models14MediaFileModel8getTitleB5cxx11Ev
FN:58,58,_ZNK12media_player6models14MediaFileModel9getArtistB5cxx11Ev
FN:63,63,_ZN12media_player6models14MediaFileModel8setTitleERKNSt7__cxx1112basic_stringIcSt11char_traitsIcESaIcEEE
FN:64,64,_ZN12media_player6models14MediaFileModel9setArtistERKNSt7__cxx1112basic_stringIcSt11char_traitsIcESaIcEEE
FNDA:0,_ZNK12media_player6models14MediaFileModel11getFilePathB5cxx11Ev
FNDA:0,_ZNK12media_player6models14MediaFileModel11getFileNameB5cxx11Ev
FNDA:0,_ZNK12media_player6models14MediaFileModel12getExtensionB5cxx11Ev
FNDA:0,_ZNK12media_player6models14MediaFileModel7getTypeEv
FNDA:0,_ZNK12media_player6models14MediaFileModel11getFileSizeEv
FNDA:0,_ZNK12media_player6models14MediaFileModel8getTitleB5cxx11Ev
FNDA:0,_ZNK12media_player6models14MediaFileModel9getArtistB5cxx11Ev
FNDA:0,_ZN12media_player6models14MediaFileModel8setTitleERKNSt7__cxx1112basic_stringIcSt11char_traitsIcESaIcEEE
FNDA:0,_ZN12media_player6models14MediaFileModel9setArtistERKNSt7__cxx1112basic_stringIcSt11char_traitsIcESaIcEEE
FNF:9
FNH:0
DA:31,0
DA:33,0
DA:36,0
DA:38,0
DA:41,0
DA:43,0
DA:46,0
DA:48,0
DA:51,0
DA:53,0
DA:57,0
DA:58,0
DA:63,0
DA:64,0
LF:14
LH:0
end_of_record
TN:
SF:/home/duong/MediaPlayerApp/inc/models/PlaylistModel.h
FN:22,22,_ZN12media_player6models13PlaylistModelC2Ev
FN:26,29,_ZNK12media_player6models13PlaylistModel7getNameB5cxx11Ev
FN:36,39,_ZNK12media_player6models13PlaylistModel5getIdB5cxx11Ev
FN:41,44,_ZN12media_player6models13PlaylistModel5setIdERKNSt7__cxx1112basic_stringIcSt11char_traitsIcESaIcEEE
FN:46,49,_ZNK12media_player6models13PlaylistModel12getItemCountEv
FN:60,63,_ZNK12media_player6models13PlaylistModel8getItemsEv
FNDA:0,_ZN12media_player6models13PlaylistModelC2Ev
FNDA:0,_ZNK12media_player6models13PlaylistModel7getNameB5cxx11Ev
FNDA:0,_ZNK12media_player6models13PlaylistModel5getIdB5cxx11Ev
FNDA:0,_ZN12media_player6models13PlaylistModel5setIdERKNSt7__cxx1112basic_stringIcSt11char_traitsIcESaIcEEE
FNDA:0,_ZNK12media_player6models13PlaylistModel12getItemCountEv
FNDA:0,_ZNK12media_player6models13PlaylistModel8getItemsEv
FNF:6
FNH:0
DA:22,0
DA:26,0
DA:28,0
DA:36,0
DA:38,0
DA:41,0
DA:43,0
DA:44,0
DA:46,0
DA:48,0
DA:60,0
DA:62,0
LF:12
LH:0
end_of_record
TN:
SF:/home/duong/MediaPlayerApp/inc/repositories/HistoryRepository.h
FN:25,29,_ZN12media_player12repositories20PlaybackHistoryEntryC2ERKNS_6models14MediaFileModelE
FNDA:0,_ZN12media_player12repositories20PlaybackHistoryEntryC2ERKNS_6models14MediaFileModelE
FNF:1
FNH:0
DA:25,0
DA:26,0
DA:27,0
DA:29,0
LF:4
LH:0
end_of_record
TN:
SF:/home/duong/MediaPlayerApp/inc/repositories/IRepository.h
FN:18,18,_ZN12media_player12repositories11IRepositoryINS_6models13PlaylistModelEED0Ev
FN:18,18,_ZN12media_player12repositories11IRepositoryINS_6models13PlaylistModelEED2Ev
FN:18,18,_ZN12media_player12repositories11IRepositoryINS_6models14MediaFileModelEED0Ev
FN:18,18,_ZN12media_player12repositories11IRepositoryINS_6models14MediaFileModelEED2Ev
FNDA:0,_ZN12media_player12repositories11IRepositoryINS_6models13PlaylistModelEED0Ev
FNDA:34,_ZN12media_player12repositories11IRepositoryINS_6models13PlaylistModelEED2Ev
FNDA:0,_ZN12media_player12repositories11IRepositoryINS_6models14MediaFileModelEED0Ev
FNDA:58,_ZN12media_player12repositories11IRepositoryINS_6models14MediaFileModelEED2Ev
FNF:4
FNH:2
DA:18,92
LF:1
LH:1
end_of_record
TN:
SF:/home/duong/MediaPlayerApp/src/repositories/HistoryRepository.cpp
FN:105,110,_ZN12media_player12repositories17HistoryRepository5clearEv
FN:112,116,_ZNK12media_player12repositories17HistoryRepository5countEv
FN:118,134,_ZNK12media_player12repositories17HistoryRepository17wasRecentlyPlayedERKNSt7__cxx1112basic_stringIcSt11char_traitsIcESaIcEEEi
FN:136,146,_ZNK12media_player12repositories17HistoryRepository13getLastPlayedEv
FN:148,154,_ZNK12media_player12repositories17HistoryRepository17getPreviousPlayedEv
FN:156,163,_ZNK12media_player12repositories17HistoryRepository15getPlayedBeforeERKNSt7__cxx1112basic_stringIcSt11char_traitsIcESaIcEEE
FN:165,169,_ZN12media_player12repositories17HistoryRepository12loadFromDiskEv
FN:17,24,_ZN12media_player12repositories17HistoryRepositoryC2ERKNSt7__cxx1112basic_stringIcSt11char_traitsIcESaIcEEEm
FN:171,175,_ZN12media_player12repositories17HistoryRepository10saveToDiskEv
FN:177,212,_ZN12media_player12repositories17HistoryRepository16serializeHistoryEv
FN:214,297,_ZN12media_player12repositories17HistoryRepository18deserializeHistoryEv
FN:26,30,_ZN12media_player12repositories17HistoryRepositoryD2Ev
FN:299,312,_ZN12media_player12repositories17HistoryRepository28ensureStorageDirectoryExistsEv
FN:314,317,_ZNK12media_player12repositories17HistoryRepository18getHistoryFilePathB5cxx11Ev
FN:32,46,_ZN12media_player12repositories17HistoryRepository8addEntryERKNS_6models14MediaFileModelE
FN:48,57,_ZN12media_player12repositories17HistoryRepository31removeMostRecentEntryByFilePathERKNSt7__cxx1112basic_stringIcSt11char_traitsIcESaIcEEE
FN:52,52,_ZZN12media_player12repositories17HistoryRepository31removeMostRecentEntryByFilePathERKNSt7__cxx1112basic_stringIcSt11char_traitsIcESaIcEEEENKUlRKNS0_20PlaybackHistoryEntryEE_clESC_
FN:59,68,_ZN12media_player12repositories17HistoryRepository26removeAllEntriesByFilePathERKNSt7__cxx1112basic_stringIcSt11char_traitsIcESaIcEEE
FN:63,63,_ZZN12media_player12repositories17HistoryRepository26removeAllEntriesByFilePathERKNSt7__cxx1112basic_stringIcSt11char_traitsIcESaIcEEEENKUlRKNS0_20PlaybackHistoryEntryEE_clESC_
FN:70,85,_ZNK12media_player12repositories17HistoryRepository16getRecentHistoryEm
FN:87,93,_ZNK12media_player12repositories17HistoryRepository13getAllHistoryEv
FN:95,103,_ZN12media_player12repositories17HistoryRepository10setHistoryERKSt6vectorINS0_20PlaybackHistoryEntryESaIS3_EE
FNDA:1,_ZN12media_player12repositories17HistoryRepository5clearEv
FNDA:14,_ZNK12media_player12repositories17HistoryRepository5countEv
FNDA:3,_ZNK12media_player12repositories17HistoryRepository17wasRecentlyPlayedERKNSt7__cxx1112basic_stringIcSt11char_traitsIcESaIcEEEi
FNDA:2,_ZNK12media_player12repositories17HistoryRepository13getLastPlayedEv
FNDA:3,_ZNK12media_player12repositories17HistoryRepository17getPreviousPlayedEv
FNDA:3,_ZNK12media_player12repositories17HistoryRepository15getPlayedBeforeERKNSt7__cxx1112basic_stringIcSt11char_traitsIcESaIcEEE
FNDA:79,_ZN12media_player12repositories17HistoryRepository12loadFromDiskEv
FNDA:78,_ZN12media_player12repositories17HistoryRepositoryC2ERKNSt7__cxx1112basic_stringIcSt11char_traitsIcESaIcEEEm
FNDA:122,_ZN12media_player12repositories17HistoryRepository10saveToDiskEv
FNDA:122,_ZN12media_player12repositories17HistoryRepository16serializeHistoryEv
FNDA:79,_ZN12media_player12repositories17HistoryRepository18deserializeHistoryEv
FNDA:78,_ZN12media_player12repositories17HistoryRepositoryD2Ev
FNDA:78,_ZN12media_player12repositories17HistoryRepository28ensureStorageDirectoryExistsEv
FNDA:201,_ZNK12media_player12repositories17HistoryRepository18getHistoryFilePathB5cxx11Ev
FNDA:48,_ZN12media_player12repositories17HistoryRepository8addEntryERKNS_6models14MediaFileModelE
FNDA:2,_ZN12media_player12repositories17HistoryRepository31removeMostRecentEntryByFilePathERKNSt7__cxx1112basic_stringIcSt11char_traitsIcESaIcEEE
FNDA:2,_ZZN12media_player12repositories17HistoryRepository31removeMostRecentEntryByFilePathERKNSt7__cxx1112basic_stringIcSt11char_traitsIcESaIcEEEENKUlRKNS0_20PlaybackHistoryEntryEE_clESC_
FNDA:2,_ZN12media_player12repositories17HistoryRepository26removeAllEntriesByFilePathERKNSt7__cxx1112basic_stringIcSt11char_traitsIcESaIcEEE
FNDA:4,_ZZN12media_player12repositories17HistoryRepository26removeAllEntriesByFilePathERKNSt7__cxx1112basic_stringIcSt11char_traitsIcESaIcEEEENKUlRKNS0_20PlaybackHistoryEntryEE_clESC_
FNDA:4,_ZNK12media_player12repositories17HistoryRepository16getRecentHistoryEm
FNDA:52,_ZNK12media_player12repositories17HistoryRepository13getAllHistoryEv
FNDA:43,_ZN12media_player12repositories17HistoryRepository10setHistoryERKSt6vectorINS0_20PlaybackHistoryEntryESaIS3_EE
FNF:22
FNH:22
BRDA:19,0,0,78
BRDA:19,e0,1,0
BRDA:22,0,0,78
BRDA:22,e0,1,0
BRDA:23,0,0,78
BRDA:23,e0,1,0
BRDA:34,0,0,48
BRDA:34,e0,1,0
BRDA:37,0,0,48
BRDA:37,e0,1,0
BRDA:37,0,2,48
BRDA:37,e0,3,0
BRDA:40,0,0,1
BRDA:40,0,1,47
BRDA:50,0,0,2
BRDA:50,e0,1,0
BRDA:52,0,0,2
BRDA:52,e0,1,0
BRDA:52,0,2,2
BRDA:52,e0,3,0
BRDA:53,0,0,1
BRDA:53,0,1,1
BRDA:55,0,0,1
BRDA:55,e0,1,0
BRDA:61,0,0,2
BRDA:61,e0,1,0
BRDA:63,0,0,2
BRDA:63,e0,1,0
BRDA:63,0,2,4
BRDA:63,e0,3,0
BRDA:64,0,0,1
BRDA:64,0,1,1
BRDA:66,0,0,1
BRDA:66,e0,1,0
BRDA:72,0,0,4
BRDA:72,e0,1,0
BRDA:77,0,0,4
BRDA:77,e0,1,0
BRDA:79,0,0,6
BRDA:79,0,1,4
BRDA:81,0,0,6
BRDA:81,e0,1,0
BRDA:89,0,0,52
BRDA:89,e0,1,0
BRDA:91,0,0,52
BRDA:91,e0,1,0
BRDA:97,0,0,43
BRDA:97,e0,1,0
BRDA:99,0,0,308
BRDA:99,0,1,43
BRDA:101,0,0,308
BRDA:101,e0,1,0
BRDA:107,0,0,1
BRDA:107,e0,1,0
BRDA:114,0,0,14
BRDA:114,e0,1,0
BRDA:120,0,0,3
BRDA:120,e0,1,0
BRDA:123,0,0,3
BRDA:123,e0,1,0
BRDA:125,0,0,2
BRDA:125,0,1,2
BRDA:127,0,0,2
BRDA:127,e0,1,0
BRDA:127,0,2,1
BRDA:127,0,3,1
BRDA:127,0,4,1
BRDA:127,e0,5,0
BRDA:127,0,6,1
BRDA:127,0,7,0
BRDA:127,0,8,2
BRDA:127,0,9,0
BRDA:127,0,10,1
BRDA:127,0,11,1
BRDA:127,0,12,0
BRDA:127,0,13,0
BRDA:138,0,0,2
BRDA:138,e0,1,0
BRDA:140,0,0,1
BRDA:140,0,1,1
BRDA:145,0,0,1
BRDA:145,e0,1,0
BRDA:150,0,0,3
BRDA:150,e0,1,0
BRDA:151,0,0,2
BRDA:151,0,1,1
BRDA:153,0,0,1
BRDA:153,e0,1,0
BRDA:158,0,0,3
BRDA:158,e0,1,0
BRDA:159,0,0,3
BRDA:159,0,1,2
BRDA:160,0,0,3
BRDA:160,e0,1,0
BRDA:160,0,2,2
BRDA:160,0,3,1
BRDA:160,0,4,1
BRDA:160,0,5,1
BRDA:160,0,6,3
BRDA:160,0,7,0
BRDA:160,0,8,1
BRDA:160,0,9,2
BRDA:160,0,10,0
BRDA:160,0,11,0
BRDA:161,0,0,1
BRDA:161,e0,1,0
BRDA:167,0,0,79
BRDA:167,e0,1,0
BRDA:168,0,0,79
BRDA:168,e0,1,0
BRDA:173,0,0,122
BRDA:173,e0,1,0
BRDA:174,0,0,122
BRDA:174,e0,1,0
BRDA:181,0,0,122
BRDA:181,e0,1,0
BRDA:182,0,0,122
BRDA:182,e0,1,0
BRDA:184,0,0,18
BRDA:184,0,1,104
BRDA:189,0,0,104
BRDA:189,e0,1,0
BRDA:190,0,0,104
BRDA:190,e0,1,0
BRDA:190,0,2,104
BRDA:190,e0,3,0
BRDA:190,0,4,104
BRDA:190,e0,5,0
BRDA:191,0,0,104
BRDA:191,e0,1,0
BRDA:194,0,0,652
BRDA:194,0,1,104
BRDA:197,0,0,652
BRDA:197,e0,1,0
BRDA:198,0,0,652
BRDA:198,e0,1,0
BRDA:199,0,0,46
BRDA:199,0,1,0
BRDA:199,0,2,46
BRDA:199,0,3,0
BRDA:199,0,4,0
BRDA:199,0,5,46
BRDA:199,0,6,46
BRDA:199,0,7,652
BRDA:200,0,0,40
BRDA:200,0,1,0
BRDA:200,0,2,40
BRDA:200,0,3,0
BRDA:200,0,4,0
BRDA:200,0,5,40
BRDA:200,0,6,40
BRDA:200,0,7,652
BRDA:201,0,0,652
BRDA:201,e0,1,0
BRDA:201,0,2,652
BRDA:201,e0,3,0
BRDA:201,0,4,652
BRDA:201,e0,5,0
BRDA:201,0,6,652
BRDA:201,e0,7,0
BRDA:201,0,8,652
BRDA:201,e0,9,0
BRDA:201,0,10,652
BRDA:201,e0,11,0
BRDA:201,0,12,652
BRDA:201,e0,13,0
BRDA:201,0,14,652
BRDA:201,e0,15,0
BRDA:201,0,16,652
BRDA:201,e0,17,0
BRDA:204,0,0,104
BRDA:204,e0,1,0
BRDA:208,0,0,0
BRDA:208,0,1,0
BRDA:218,0,0,79
BRDA:218,e0,1,0
BRDA:220,0,0,79
BRDA:220,e0,1,0
BRDA:220,0,2,79
BRDA:220,e0,3,0
BRDA:220,0,4,42
BRDA:220,0,5,37
BRDA:225,0,0,37
BRDA:225,e0,1,0
BRDA:227,0,0,0
BRDA:227,0,1,37
BRDA:236,0,0,454
BRDA:236,e0,1,0
BRDA:236,0,2,454
BRDA:236,e0,3,0
BRDA:236,0,4,417
BRDA:236,0,5,37
BRDA:238,0,0,0
BRDA:238,0,1,417
BRDA:243,0,0,417
BRDA:243,e0,1,0
BRDA:243,0,2,37
BRDA:243,0,3,380
BRDA:249,0,0,306
BRDA:249,0,1,74
BRDA:253,0,0,305
BRDA:253,0,1,1
BRDA:255,0,0,305
BRDA:255,e0,1,0
BRDA:257,0,0,305
BRDA:257,0,1,0
BRDA:257,0,2,305
BRDA:257,e0,3,0
BRDA:258,0,0,305
BRDA:258,0,1,0
BRDA:258,0,2,305
BRDA:258,e0,3,0
BRDA:258,0,4,305
BRDA:258,e0,5,0
BRDA:261,0,0,1
BRDA:261,0,1,0
BRDA:262,0,0,1
BRDA:262,e0,1,0
BRDA:263,0,0,1
BRDA:263,e0,1,0
BRDA:266,0,0,306
BRDA:266,0,1,0
BRDA:268,0,0,306
BRDA:268,e0,1,0
BRDA:269,0,0,306
BRDA:269,e0,1,0
BRDA:269,0,2,306
BRDA:269,0,3,0
BRDA:271,0,0,2
BRDA:271,0,1,304
BRDA:271,0,2,2
BRDA:271,e0,3,0
BRDA:272,0,0,2
BRDA:272,0,1,304
BRDA:272,0,2,2
BRDA:272,e0,3,0
BRDA:273,0,0,306
BRDA:273,e0,1,0
BRDA:276,0,0,306
BRDA:276,0,1,0
BRDA:277,0,0,306
BRDA:277,e0,1,0
BRDA:281,0,0,0
BRDA:281,e0,1,0
BRDA:282,0,0,306
BRDA:282,e0,1,0
BRDA:289,0,0,37
BRDA:289,e0,1,0
BRDA:293,0,0,0
BRDA:293,0,1,0
BRDA:303,0,0,78
BRDA:303,e0,1,0
BRDA:303,0,2,78
BRDA:303,e0,3,0
BRDA:303,0,4,33
BRDA:303,0,5,45
BRDA:305,0,0,33
BRDA:305,e0,1,0
BRDA:305,0,2,33
BRDA:305,e0,3,0
BRDA:308,0,0,0
BRDA:308,0,1,0
BRF:262
BRH:151
DA:17,78
DA:18,78
DA:19,78
DA:22,78
DA:23,78
DA:24,78
DA:26,78
DA:29,78
DA:30,78
DA:32,48
DA:34,48
DA:37,48
DA:40,48
DA:42,1
DA:46,48
DA:48,2
DA:50,2
DA:51,2
DA:52,6
DA:53,2
DA:55,1
DA:57,2
DA:59,2
DA:61,2
DA:62,2
DA:63,8
DA:64,2
DA:66,1
DA:68,2
DA:70,4
DA:72,4
DA:74,4
DA:75,4
DA:77,4
DA:79,10
DA:81,6
DA:84,8
DA:85,4
DA:87,52
DA:89,52
DA:91,52
DA:93,52
DA:95,43
DA:97,43
DA:98,43
DA:99,351
DA:101,308
DA:103,43
DA:105,1
DA:107,1
DA:109,1
DA:110,1
DA:112,14
DA:114,14
DA:115,28
DA:116,14
DA:118,3
DA:120,3
DA:122,3
DA:123,3
DA:125,4
DA:127,2
DA:129,1
DA:133,2
DA:134,3
DA:136,2
DA:138,2
DA:140,2
DA:142,1
DA:145,1
DA:146,2
DA:148,3
DA:150,3
DA:151,3
DA:152,2
DA:153,1
DA:154,3
DA:156,3
DA:158,3
DA:159,5
DA:160,3
DA:161,1
DA:162,2
DA:163,3
DA:165,79
DA:167,79
DA:168,158
DA:169,79
DA:171,122
DA:173,122
DA:174,244
DA:175,122
DA:177,122
DA:181,122
DA:182,122
DA:184,122
DA:186,18
DA:189,104
DA:190,104
DA:191,104
DA:193,104
DA:194,756
DA:196,652
DA:197,652
DA:198,652
DA:199,698
DA:200,692
DA:201,652
DA:202,652
DA:204,104
DA:206,104
DA:207,122
DA:208,0
DA:210,0
DA:211,0
DA:214,79
DA:218,79
DA:220,79
DA:222,42
DA:225,37
DA:227,37
DA:229,0
DA:232,37
DA:233,37
DA:234,37
DA:236,454
DA:238,417
DA:240,0
DA:243,417
DA:245,37
DA:246,37
DA:249,380
DA:252,306
DA:253,306
DA:254,305
DA:255,305
DA:256,305
DA:257,305
DA:258,305
DA:260,1
DA:261,1
DA:262,1
DA:263,1
DA:266,306
DA:268,306
DA:269,306
DA:271,306
DA:272,306
DA:273,306
DA:276,306
DA:277,306
DA:278,306
DA:281,0
DA:282,306
DA:283,306
DA:284,306
DA:285,306
DA:286,306
DA:289,37
DA:291,37
DA:292,79
DA:293,0
DA:295,0
DA:296,0
DA:299,78
DA:303,78
DA:305,33
DA:308,0
DA:311,0
DA:312,78
DA:314,201
DA:316,201
LF:172
LH:161
end_of_record
TN:
SF:/home/duong/MediaPlayerApp/src/repositories/LibraryRepository.cpp
FN:100,104,_ZN12media_player12repositories17LibraryRepository6existsERKNSt7__cxx1112basic_stringIcSt11char_traitsIcESaIcEEE
FN:106,117,_ZN12media_player12repositories17LibraryRepository7saveAllERKSt6vectorINS_6models14MediaFileModelESaIS4_EE
FN:119,124,_ZN12media_player12repositories17LibraryRepository5clearEv
FN:126,130,_ZNK12media_player12repositories17LibraryRepository5countEv
FN:132,138,_ZN12media_player12repositories17LibraryRepository10findByPathERKNSt7__cxx1112basic_stringIcSt11char_traitsIcESaIcEEE
FN:140,155,_ZN12media_player12repositories17LibraryRepository10findByTypeENS_6models9MediaTypeE
FN:157,177,_ZN12media_player12repositories17LibraryRepository16searchByFileNameERKNSt7__cxx1112basic_stringIcSt11char_traitsIcESaIcEEE
FN:17,22,_ZN12media_player12repositories17LibraryRepositoryC2ERKNSt7__cxx1112basic_stringIcSt11char_traitsIcESaIcEEE
FN:179,194,_ZNK12media_player12repositories17LibraryRepository11countByTypeENS_6models9MediaTypeE
FN:196,208,_ZNK12media_player12repositories17LibraryRepository12getTotalSizeEv
FN:210,215,_ZN12media_player12repositories17LibraryRepository12loadFromDiskEv
FN:217,222,_ZN12media_player12repositories17LibraryRepository10saveToDiskEv
FN:224,227,_ZNK12media_player12repositories17LibraryRepository18getLibraryFilePathB5cxx11Ev
FN:229,264,_ZN12media_player12repositories17LibraryRepository16serializeLibraryEv
FN:24,27,_ZN12media_player12repositories17LibraryRepositoryD0Ev
FN:24,27,_ZN12media_player12repositories17LibraryRepositoryD2Ev
FN:266,330,_ZN12media_player12repositories17LibraryRepository18deserializeLibraryEv
FN:29,37,_ZN12media_player12repositories17LibraryRepository4saveERKNS_6models14MediaFileModelE
FN:332,345,_ZN12media_player12repositories17LibraryRepository28ensureStorageDirectoryExistsEv
FN:347,354,_ZNK12media_player12repositories17LibraryRepository10generateIdERKNSt7__cxx1112basic_stringIcSt11char_traitsIcESaIcEEE
FN:39,51,_ZN12media_player12repositories17LibraryRepository8findByIdERKNSt7__cxx1112basic_stringIcSt11char_traitsIcESaIcEEE
FN:53,66,_ZN12media_player12repositories17LibraryRepository7findAllEv
FN:68,82,_ZN12media_player12repositories17LibraryRepository6updateERKNS_6models14MediaFileModelE
FN:84,98,_ZN12media_player12repositories17LibraryRepository6removeERKNSt7__cxx1112basic_stringIcSt11char_traitsIcESaIcEEE
FNDA:2,_ZN12media_player12repositories17LibraryRepository6existsERKNSt7__cxx1112basic_stringIcSt11char_traitsIcESaIcEEE
FNDA:2,_ZN12media_player12repositories17LibraryRepository7saveAllERKSt6vectorINS_6models14MediaFileModelESaIS4_EE
FNDA:1,_ZN12media_player12repositories17LibraryRepository5clearEv
FNDA:11,_ZNK12media_player12repositories17LibraryRepository5countEv
FNDA:0,_ZN12media_player12repositories17LibraryRepository10findByPathERKNSt7__cxx1112basic_stringIcSt11char_traitsIcESaIcEEE
FNDA:4,_ZN12media_player12repositories17LibraryRepository10findByTypeENS_6models9MediaTypeE
FNDA:4,_ZN12media_player12repositories17LibraryRepository16searchByFileNameERKNSt7__cxx1112basic_stringIcSt11char_traitsIcESaIcEEE
FNDA:58,_ZN12media_player12repositories17LibraryRepositoryC2ERKNSt7__cxx1112basic_stringIcSt11char_traitsIcESaIcEEE
FNDA:3,_ZNK12media_player12repositories17LibraryRepository11countByTypeENS_6models9MediaTypeE
FNDA:2,_ZNK12media_player12repositories17LibraryRepository12getTotalSizeEv
FNDA:58,_ZN12media_player12repositories17LibraryRepository12loadFromDiskEv
FNDA:59,_ZN12media_player12repositories17LibraryRepository10saveToDiskEv
FNDA:117,_ZNK12media_player12repositories17LibraryRepository18getLibraryFilePathB5cxx11Ev
FNDA:59,_ZN12media_player12repositories17LibraryRepository16serializeLibraryEv
FNDA:0,_ZN12media_player12repositories17LibraryRepositoryD0Ev
FNDA:58,_ZN12media_player12repositories17LibraryRepositoryD2Ev
FNDA:58,_ZN12media_player12repositories17LibraryRepository18deserializeLibraryEv
FNDA:36,_ZN12media_player12repositories17LibraryRepository4saveERKNS_6models14MediaFileModelE
FNDA:58,_ZN12media_player12repositories17LibraryRepository28ensureStorageDirectoryExistsEv
FNDA:43,_ZNK12media_player12repositories17LibraryRepository10generateIdERKNSt7__cxx1112basic_stringIcSt11char_traitsIcESaIcEEE
FNDA:2,_ZN12media_player12repositories17LibraryRepository8findByIdERKNSt7__cxx1112basic_stringIcSt11char_traitsIcESaIcEEE
FNDA:5,_ZN12media_player12repositories17LibraryRepository7findAllEv
FNDA:2,_ZN12media_player12repositories17LibraryRepository6updateERKNS_6models14MediaFileModelE
FNDA:2,_ZN12media_player12repositories17LibraryRepository6removeERKNSt7__cxx1112basic_stringIcSt11char_traitsIcESaIcEEE
FNF:24
FNH:22
BRDA:18,0,0,58
BRDA:18,e0,1,0
BRDA:20,0,0,58
BRDA:20,e0,1,0
BRDA:21,0,0,58
BRDA:21,e0,1,0
BRDA:31,0,0,36
BRDA:31,e0,1,0
BRDA:33,0,0,36
BRDA:33,e0,1,0
BRDA:33,0,2,36
BRDA:33,e0,3,0
BRDA:34,0,0,36
BRDA:34,e0,1,0
BRDA:34,0,2,36
BRDA:34,e0,3,0
BRDA:41,0,0,2
BRDA:41,e0,1,0
BRDA:43,0,0,2
BRDA:43,e0,1,0
BRDA:45,0,0,1
BRDA:45,0,1,1
BRDA:47,0,0,1
BRDA:47,e0,1,0
BRDA:55,0,0,5
BRDA:55,e0,1,0
BRDA:58,0,0,5
BRDA:58,e0,1,0
BRDA:60,0,0,4
BRDA:60,0,1,5
BRDA:62,0,0,4
BRDA:62,e0,1,0
BRDA:70,0,0,2
BRDA:70,e0,1,0
BRDA:72,0,0,2
BRDA:72,e0,1,0
BRDA:72,0,2,2
BRDA:72,e0,3,0
BRDA:74,0,0,2
BRDA:74,e0,1,0
BRDA:74,0,2,1
BRDA:74,0,3,1
BRDA:79,0,0,1
BRDA:79,e0,1,0
BRDA:79,0,2,1
BRDA:79,e0,3,0
BRDA:86,0,0,2
BRDA:86,e0,1,0
BRDA:88,0,0,2
BRDA:88,e0,1,0
BRDA:90,0,0,1
BRDA:90,0,1,1
BRDA:95,0,0,1
BRDA:95,e0,1,0
BRDA:102,0,0,2
BRDA:102,e0,1,0
BRDA:103,0,0,2
BRDA:103,e0,1,0
BRDA:108,0,0,2
BRDA:108,e0,1,0
BRDA:110,0,0,3
BRDA:110,0,1,2
BRDA:112,0,0,3
BRDA:112,e0,1,0
BRDA:112,0,2,3
BRDA:112,e0,3,0
BRDA:113,0,0,3
BRDA:113,e0,1,0
BRDA:113,0,2,3
BRDA:113,e0,3,0
BRDA:121,0,0,1
BRDA:121,e0,1,0
BRDA:128,0,0,11
BRDA:128,e0,1,0
BRDA:134,0,0,-
BRDA:134,e0,1,-
BRDA:136,0,0,-
BRDA:136,e0,1,-
BRDA:137,0,0,-
BRDA:137,e0,1,-
BRDA:142,0,0,4
BRDA:142,e0,1,0
BRDA:146,0,0,7
BRDA:146,0,1,4
BRDA:148,0,0,6
BRDA:148,0,1,1
BRDA:150,0,0,6
BRDA:150,e0,1,0
BRDA:159,0,0,4
BRDA:159,e0,1,0
BRDA:162,0,0,4
BRDA:162,e0,1,0
BRDA:165,0,0,5
BRDA:165,0,1,4
BRDA:167,0,0,5
BRDA:167,e0,1,0
BRDA:170,0,0,3
BRDA:170,0,1,2
BRDA:172,0,0,3
BRDA:172,e0,1,0
BRDA:181,0,0,3
BRDA:181,e0,1,0
BRDA:185,0,0,5
BRDA:185,0,1,3
BRDA:187,0,0,4
BRDA:187,0,1,1
BRDA:198,0,0,2
BRDA:198,e0,1,0
BRDA:202,0,0,2
BRDA:202,0,1,2
BRDA:212,0,0,58
BRDA:212,e0,1,0
BRDA:214,0,0,58
BRDA:214,e0,1,0
BRDA:219,0,0,59
BRDA:219,e0,1,0
BRDA:221,0,0,59
BRDA:221,e0,1,0
BRDA:233,0,0,59
BRDA:233,e0,1,0
BRDA:234,0,0,59
BRDA:234,e0,1,0
BRDA:236,0,0,0
BRDA:236,0,1,59
BRDA:241,0,0,59
BRDA:241,e0,1,0
BRDA:242,0,0,59
BRDA:242,e0,1,0
BRDA:242,0,2,59
BRDA:242,e0,3,0
BRDA:242,0,4,59
BRDA:242,e0,5,0
BRDA:243,0,0,59
BRDA:243,e0,1,0
BRDA:245,0,0,38
BRDA:245,0,1,59
BRDA:248,0,0,38
BRDA:248,e0,1,0
BRDA:250,0,0,38
BRDA:250,e0,1,0
BRDA:250,0,2,38
BRDA:250,e0,3,0
BRDA:250,0,4,38
BRDA:250,e0,5,0
BRDA:250,0,6,38
BRDA:250,e0,7,0
BRDA:250,0,8,38
BRDA:250,e0,9,0
BRDA:250,0,10,38
BRDA:250,e0,11,0
BRDA:250,0,12,38
BRDA:250,e0,13,0
BRDA:250,0,14,38
BRDA:250,e0,15,0
BRDA:251,0,0,38
BRDA:251,e0,1,0
BRDA:251,0,2,38
BRDA:251,e0,3,0
BRDA:252,0,0,38
BRDA:252,e0,1,0
BRDA:252,0,2,38
BRDA:252,e0,3,0
BRDA:255,0,0,59
BRDA:255,e0,1,0
BRDA:259,0,0,0
BRDA:259,0,1,0
BRDA:270,0,0,58
BRDA:270,e0,1,0
BRDA:272,0,0,58
BRDA:272,e0,1,0
BRDA:272,0,2,58
BRDA:272,e0,3,0
BRDA:272,0,4,34
BRDA:272,0,5,24
BRDA:277,0,0,24
BRDA:277,e0,1,0
BRDA:279,0,0,0
BRDA:279,0,1,24
BRDA:288,0,0,98
BRDA:288,e0,1,0
BRDA:288,0,2,98
BRDA:288,e0,3,0
BRDA:288,0,4,74
BRDA:288,0,5,24
BRDA:290,0,0,0
BRDA:290,0,1,74
BRDA:295,0,0,74
BRDA:295,e0,1,0
BRDA:295,0,2,24
BRDA:295,0,3,50
BRDA:301,0,0,2
BRDA:301,0,1,48
BRDA:304,0,0,2
BRDA:304,e0,1,0
BRDA:307,0,0,2
BRDA:307,e0,1,0
BRDA:307,0,2,2
BRDA:307,e0,3,0
BRDA:307,0,4,2
BRDA:307,0,5,0
BRDA:309,0,0,2
BRDA:309,e0,1,0
BRDA:311,0,0,2
BRDA:311,e0,1,0
BRDA:311,0,2,2
BRDA:311,0,3,0
BRDA:313,0,0,2
BRDA:313,e0,1,0
BRDA:314,0,0,2
BRDA:314,e0,1,0
BRDA:314,0,2,2
BRDA:314,e0,3,0
BRDA:321,0,0,24
BRDA:321,e0,1,0
BRDA:325,0,0,0
BRDA:325,0,1,0
BRDA:336,0,0,58
BRDA:336,e0,1,0
BRDA:336,0,2,58
BRDA:336,e0,3,0
BRDA:336,0,4,34
BRDA:336,0,5,24
BRDA:338,0,0,34
BRDA:338,e0,1,0
BRDA:338,0,2,34
BRDA:338,e0,3,0
BRDA:341,0,0,0
BRDA:341,0,1,0
BRDA:353,0,0,43
BRDA:353,e0,1,0
BRDA:353,0,2,43
BRDA:353,e0,3,0
BRF:232
BRH:128
DA:17,58
DA:18,58
DA:20,58
DA:21,58
DA:22,58
DA:24,58
DA:26,58
DA:27,58
DA:29,36
DA:31,36
DA:33,36
DA:34,36
DA:36,36
DA:37,36
DA:39,2
DA:41,2
DA:43,2
DA:45,2
DA:47,1
DA:50,1
DA:51,2
DA:53,5
DA:55,5
DA:57,5
DA:58,5
DA:60,9
DA:62,4
DA:65,10
DA:66,5
DA:68,2
DA:70,2
DA:72,2
DA:74,2
DA:76,1
DA:79,1
DA:81,1
DA:82,2
DA:84,2
DA:86,2
DA:88,2
DA:90,2
DA:92,1
DA:95,1
DA:97,1
DA:98,2
DA:100,2
DA:102,2
DA:103,4
DA:104,2
DA:106,2
DA:108,2
DA:110,5
DA:112,3
DA:113,3
DA:114,3
DA:116,2
DA:117,2
DA:119,1
DA:121,1
DA:123,1
DA:124,1
DA:126,11
DA:128,11
DA:129,22
DA:130,11
DA:132,0
DA:134,0
DA:136,0
DA:137,0
DA:138,0
DA:140,4
DA:142,4
DA:144,4
DA:146,11
DA:148,7
DA:150,6
DA:154,8
DA:155,4
DA:157,4
DA:159,4
DA:161,4
DA:162,4
DA:163,4
DA:165,9
DA:167,5
DA:168,5
DA:170,5
DA:172,3
DA:174,5
DA:176,8
DA:177,4
DA:179,3
DA:181,3
DA:183,3
DA:185,8
DA:187,5
DA:189,4
DA:193,3
DA:194,3
DA:196,2
DA:198,2
DA:200,2
DA:202,4
DA:204,2
DA:207,2
DA:208,2
DA:210,58
DA:212,58
DA:214,116
DA:215,58
DA:217,59
DA:219,59
DA:221,118
DA:222,59
DA:224,117
DA:226,117
DA:229,59
DA:233,59
DA:234,59
DA:236,59
DA:238,0
DA:241,59
DA:242,59
DA:243,59
DA:245,97
DA:247,38
DA:248,76
DA:249,38
DA:250,76
DA:251,38
DA:252,38
DA:255,59
DA:257,59
DA:258,59
DA:259,0
DA:262,0
DA:263,0
DA:266,58
DA:270,58
DA:272,58
DA:274,34
DA:277,24
DA:279,24
DA:281,0
DA:284,24
DA:285,24
DA:286,24
DA:288,98
DA:290,74
DA:292,0
DA:295,74
DA:297,24
DA:298,24
DA:301,50
DA:304,2
DA:305,2
DA:307,2
DA:309,2
DA:311,2
DA:313,2
DA:314,2
DA:315,2
DA:316,2
DA:317,2
DA:318,2
DA:321,24
DA:323,24
DA:324,58
DA:325,0
DA:328,0
DA:329,0
DA:332,58
DA:336,58
DA:338,34
DA:341,0
DA:344,0
DA:345,58
DA:347,43
DA:351,43
DA:353,43
LF:180
LH:164
end_of_record
TN:
SF:/home/duong/MediaPlayerApp/src/repositories/PlaylistRepository.cpp
FN:116,148,_ZN12media_player12repositories18PlaylistRepository6removeERKNSt7__cxx1112basic_stringIcSt11char_traitsIcESaIcEEE
FN:150,154,_ZN12media_player12repositories18PlaylistRepository6existsERKNSt7__cxx1112basic_stringIcSt11char_traitsIcESaIcEEE
FN:156,169,_ZN12media_player12repositories18PlaylistRepository7saveAllERKSt6vectorINS_6models13PlaylistModelESaIS4_EE
FN:17,22,_ZN12media_player12repositories18PlaylistRepositoryC2ERKNSt7__cxx1112basic_stringIcSt11char_traitsIcESaIcEEE
FN:171,193,_ZN12media_player12repositories18PlaylistRepository5clearEv
FN:195,199,_ZNK12media_player12repositories18PlaylistRepository5countEv
FN:201,214,_ZN12media_player12repositories18PlaylistRepository10findByNameERKNSt7__cxx1112basic_stringIcSt11char_traitsIcESaIcEEE
FN:216,236,_ZN12media_player12repositories18PlaylistRepository12searchByNameERKNSt7__cxx1112basic_stringIcSt11char_traitsIcESaIcEEE
FN:238,272,_ZN12media_player12repositories18PlaylistRepository12loadFromDiskEv
FN:24,27,_ZN12media_player12repositories18PlaylistRepositoryD0Ev
FN:24,27,_ZN12media_player12repositories18PlaylistRepositoryD2Ev
FN:274,294,_ZN12media_player12repositories18PlaylistRepository10saveToDiskEv
FN:29,59,_ZN12media_player12repositories18PlaylistRepository4saveERKNS_6models13PlaylistModelE
FN:296,299,_ZNK12media_player12repositories18PlaylistRepository19getPlaylistFilePathERKNSt7__cxx1112basic_stringIcSt11char_traitsIcESaIcEEE
FN:301,336,_ZN12media_player12repositories18PlaylistRepository17serializePlaylistERKNS_6models13PlaylistModelERKNSt7__cxx1112basic_stringIcSt11char_traitsIcESaIcEEE
FN:338,438,_ZN12media_player12repositories18PlaylistRepository19deserializePlaylistERKNSt7__cxx1112basic_stringIcSt11char_traitsIcESaIcEEE
FN:440,453,_ZN12media_player12repositories18PlaylistRepository28ensureStorageDirectoryExistsEv
FN:61,73,_ZN12media_player12repositories18PlaylistRepository8findByIdERKNSt7__cxx1112basic_stringIcSt11char_traitsIcESaIcEEE
FN:75,88,_ZN12media_player12repositories18PlaylistRepository7findAllEv
FN:90,114,_ZN12media_player12repositories18PlaylistRepository6updateERKNS_6models13PlaylistModelE
FNDA:5,_ZN12media_player12repositories18PlaylistRepository6removeERKNSt7__cxx1112basic_stringIcSt11char_traitsIcESaIcEEE
FNDA:2,_ZN12media_player12repositories18PlaylistRepository6existsERKNSt7__cxx1112basic_stringIcSt11char_traitsIcESaIcEEE
FNDA:2,_ZN12media_player12repositories18PlaylistRepository7saveAllERKSt6vectorINS_6models13PlaylistModelESaIS4_EE
FNDA:34,_ZN12media_player12repositories18PlaylistRepositoryC2ERKNSt7__cxx1112basic_stringIcSt11char_traitsIcESaIcEEE
FNDA:2,_ZN12media_player12repositories18PlaylistRepository5clearEv
FNDA:12,_ZNK12media_player12repositories18PlaylistRepository5countEv
FNDA:9,_ZN12media_player12repositories18PlaylistRepository10findByNameERKNSt7__cxx1112basic_stringIcSt11char_traitsIcESaIcEEE
FNDA:4,_ZN12media_player12repositories18PlaylistRepository12searchByNameERKNSt7__cxx1112basic_stringIcSt11char_traitsIcESaIcEEE
FNDA:35,_ZN12media_player12repositories18PlaylistRepository12loadFromDiskEv
FNDA:0,_ZN12media_player12repositories18PlaylistRepositoryD0Ev
FNDA:34,_ZN12media_player12repositories18PlaylistRepositoryD2Ev
FNDA:35,_ZN12media_player12repositories18PlaylistRepository10saveToDiskEv
FNDA:32,_ZN12media_player12repositories18PlaylistRepository4saveERKNS_6models13PlaylistModelE
FNDA:71,_ZNK12media_player12repositories18PlaylistRepository19getPlaylistFilePathERKNSt7__cxx1112basic_stringIcSt11char_traitsIcESaIcEEE
FNDA:65,_ZN12media_player12repositories18PlaylistRepository17serializePlaylistERKNS_6models13PlaylistModelERKNSt7__cxx1112basic_stringIcSt11char_traitsIcESaIcEEE
FNDA:3,_ZN12media_player12repositories18PlaylistRepository19deserializePlaylistERKNSt7__cxx1112basic_stringIcSt11char_traitsIcESaIcEEE
FNDA:69,_ZN12media_player12repositories18PlaylistRepository28ensureStorageDirectoryExistsEv
FNDA:21,_ZN12media_player12repositories18PlaylistRepository8findByIdERKNSt7__cxx1112basic_stringIcSt11char_traitsIcESaIcEEE
FNDA:5,_ZN12media_player12repositories18PlaylistRepository7findAllEv
FNDA:7,_ZN12media_player12repositories18PlaylistRepository6updateERKNS_6models13PlaylistModelE
FNF:20
FNH:19
BRDA:18,0,0,34
BRDA:18,e0,1,0
BRDA:20,0,0,34
BRDA:20,e0,1,0
BRDA:21,0,0,34
BRDA:21,e0,1,0
BRDA:31,0,0,32
BRDA:31,e0,1,0
BRDA:35,0,0,32
BRDA:35,e0,1,0
BRDA:37,0,0,1
BRDA:37,0,1,31
BRDA:43,0,0,31
BRDA:43,e0,1,0
BRDA:43,0,2,31
BRDA:43,e0,3,0
BRDA:46,0,0,31
BRDA:46,e0,1,0
BRDA:48,0,0,31
BRDA:48,e0,1,0
BRDA:48,0,2,0
BRDA:48,0,3,31
BRDA:55,0,0,0
BRDA:55,0,1,0
BRDA:63,0,0,21
BRDA:63,e0,1,0
BRDA:65,0,0,21
BRDA:65,e0,1,0
BRDA:67,0,0,14
BRDA:67,0,1,7
BRDA:69,0,0,14
BRDA:69,e0,1,0
BRDA:77,0,0,5
BRDA:77,e0,1,0
BRDA:80,0,0,5
BRDA:80,e0,1,0
BRDA:82,0,0,3
BRDA:82,0,1,5
BRDA:84,0,0,3
BRDA:84,e0,1,0
BRDA:92,0,0,7
BRDA:92,e0,1,0
BRDA:94,0,0,7
BRDA:94,e0,1,0
BRDA:97,0,0,7
BRDA:97,e0,1,0
BRDA:97,0,2,1
BRDA:97,0,3,6
BRDA:103,0,0,6
BRDA:103,e0,1,0
BRDA:103,0,2,6
BRDA:103,e0,3,0
BRDA:106,0,0,6
BRDA:106,e0,1,0
BRDA:108,0,0,6
BRDA:108,e0,1,0
BRDA:108,0,2,0
BRDA:108,0,3,6
BRDA:118,0,0,5
BRDA:118,e0,1,0
BRDA:120,0,0,5
BRDA:120,e0,1,0
BRDA:122,0,0,2
BRDA:122,0,1,3
BRDA:127,0,0,3
BRDA:127,e0,1,0
BRDA:130,0,0,3
BRDA:130,e0,1,0
BRDA:133,0,0,3
BRDA:133,e0,1,0
BRDA:137,0,0,3
BRDA:137,e0,1,0
BRDA:137,0,2,3
BRDA:137,e0,3,0
BRDA:137,0,4,3
BRDA:137,0,5,0
BRDA:139,0,0,3
BRDA:139,e0,1,0
BRDA:139,0,2,3
BRDA:139,e0,3,0
BRDA:144,0,0,0
BRDA:144,0,1,0
BRDA:147,0,0,0
BRDA:147,e0,1,0
BRDA:152,0,0,2
BRDA:152,e0,1,0
BRDA:153,0,0,2
BRDA:153,e0,1,0
BRDA:160,0,0,2
BRDA:160,0,1,2
BRDA:162,0,0,2
BRDA:162,e0,1,0
BRDA:162,0,2,0
BRDA:162,0,3,2
BRDA:173,0,0,2
BRDA:173,e0,1,0
BRDA:178,0,0,3
BRDA:178,0,1,2
BRDA:180,0,0,3
BRDA:180,e0,1,0
BRDA:182,0,0,3
BRDA:182,e0,1,0
BRDA:182,0,2,3
BRDA:182,e0,3,0
BRDA:182,0,4,3
BRDA:182,0,5,0
BRDA:184,0,0,3
BRDA:184,e0,1,0
BRDA:184,0,2,3
BRDA:184,e0,3,0
BRDA:188,0,0,0
BRDA:188,0,1,0
BRDA:190,0,0,0
BRDA:190,e0,1,0
BRDA:197,0,0,12
BRDA:197,e0,1,0
BRDA:203,0,0,9
BRDA:203,e0,1,0
BRDA:205,0,0,7
BRDA:205,0,1,3
BRDA:207,0,0,7
BRDA:207,e0,1,0
BRDA:207,0,2,6
BRDA:207,0,3,1
BRDA:209,0,0,6
BRDA:209,e0,1,0
BRDA:218,0,0,4
BRDA:218,e0,1,0
BRDA:221,0,0,4
BRDA:221,e0,1,0
BRDA:224,0,0,5
BRDA:224,0,1,4
BRDA:226,0,0,5
BRDA:226,e0,1,0
BRDA:229,0,0,3
BRDA:229,0,1,2
BRDA:231,0,0,3
BRDA:231,e0,1,0
BRDA:240,0,0,35
BRDA:240,e0,1,0
BRDA:244,0,0,35
BRDA:244,e0,1,0
BRDA:244,0,2,35
BRDA:244,e0,3,0
BRDA:244,0,4,0
BRDA:244,0,5,35
BRDA:246,0,0,-
BRDA:246,e0,1,-
BRDA:252,0,0,35
BRDA:252,e0,1,0
BRDA:252,0,2,35
BRDA:252,e0,3,0
BRDA:252,0,4,3
BRDA:252,e0,5,0
BRDA:252,0,6,3
BRDA:252,0,7,35
BRDA:254,0,0,3
BRDA:254,e0,1,0
BRDA:254,0,2,3
BRDA:254,0,3,0
BRDA:254,0,4,3
BRDA:254,e0,5,0
BRDA:254,0,6,3
BRDA:254,e0,7,0
BRDA:254,0,8,3
BRDA:254,0,9,0
BRDA:254,0,10,3
BRDA:254,0,11,0
BRDA:254,0,12,3
BRDA:254,0,13,0
BRDA:254,0,14,3
BRDA:254,0,15,0
BRDA:254,0,16,0
BRDA:254,0,17,0
BRDA:254,0,18,0
BRDA:254,0,19,0
BRDA:256,0,0,3
BRDA:256,e0,1,0
BRDA:256,0,2,3
BRDA:256,e0,3,0
BRDA:258,0,0,3
BRDA:258,0,1,0
BRDA:260,0,0,3
BRDA:260,e0,1,0
BRDA:260,0,2,3
BRDA:260,e0,3,0
BRDA:260,0,4,3
BRDA:260,e0,5,0
BRDA:268,0,0,0
BRDA:268,0,1,0
BRDA:271,0,0,0
BRDA:271,e0,1,0
BRDA:276,0,0,35
BRDA:276,e0,1,0
BRDA:280,0,0,35
BRDA:280,e0,1,0
BRDA:282,0,0,28
BRDA:282,0,1,35
BRDA:284,0,0,28
BRDA:284,e0,1,0
BRDA:285,0,0,28
BRDA:285,e0,1,0
BRDA:290,0,0,0
BRDA:290,0,1,0
BRDA:298,0,0,71
BRDA:298,e0,1,0
BRDA:298,0,2,71
BRDA:298,e0,3,0
BRDA:298,0,4,71
BRDA:298,e0,5,0
BRDA:306,0,0,65
BRDA:306,e0,1,0
BRDA:308,0,0,0
BRDA:308,0,1,65
BRDA:314,0,0,65
BRDA:314,e0,1,0
BRDA:314,0,2,65
BRDA:314,e0,3,0
BRDA:314,0,4,65
BRDA:314,e0,5,0
BRDA:314,0,6,65
BRDA:314,e0,7,0
BRDA:315,0,0,65
BRDA:315,e0,1,0
BRDA:315,0,2,65
BRDA:315,e0,3,0
BRDA:315,0,4,65
BRDA:315,e0,5,0
BRDA:315,0,6,65
BRDA:315,e0,7,0
BRDA:316,0,0,65
BRDA:316,e0,1,0
BRDA:316,0,2,65
BRDA:316,e0,3,0
BRDA:316,0,4,65
BRDA:316,e0,5,0
BRDA:317,0,0,65
BRDA:317,e0,1,0
BRDA:320,0,0,65
BRDA:320,e0,1,0
BRDA:320,0,2,17
BRDA:320,0,3,65
BRDA:322,0,0,17
BRDA:322,e0,1,0
BRDA:323,0,0,17
BRDA:323,e0,1,0
BRDA:324,0,0,46
BRDA:324,0,1,0
BRDA:324,0,2,46
BRDA:324,0,3,0
BRDA:324,0,4,0
BRDA:324,0,5,46
BRDA:324,0,6,46
BRDA:324,0,7,17
BRDA:325,0,0,53
BRDA:325,0,1,0
BRDA:325,0,2,53
BRDA:325,0,3,0
BRDA:325,0,4,0
BRDA:325,0,5,53
BRDA:325,0,6,53
BRDA:325,0,7,17
BRDA:326,0,0,17
BRDA:326,e0,1,0
BRDA:326,0,2,17
BRDA:326,e0,3,0
BRDA:326,0,4,17
BRDA:326,e0,5,0
BRDA:326,0,6,17
BRDA:326,e0,7,0
BRDA:326,0,8,17
BRDA:326,e0,9,0
BRDA:326,0,10,17
BRDA:326,e0,11,0
BRDA:326,0,12,17
BRDA:326,e0,13,0
BRDA:329,0,0,65
BRDA:329,e0,1,0
BRDA:332,0,0,0
BRDA:332,0,1,0
BRDA:342,0,0,3
BRDA:342,e0,1,0
BRDA:344,0,0,0
BRDA:344,0,1,3
BRDA:356,0,0,18
BRDA:356,e0,1,0
BRDA:356,0,2,18
BRDA:356,e0,3,0
BRDA:356,0,4,15
BRDA:356,0,5,3
BRDA:358,0,0,0
BRDA:358,0,1,15
BRDA:363,0,0,15
BRDA:363,e0,1,0
BRDA:363,0,2,3
BRDA:363,0,3,12
BRDA:369,0,0,3
BRDA:369,0,1,9
BRDA:373,0,0,3
BRDA:373,0,1,0
BRDA:374,0,0,3
BRDA:374,e0,1,0
BRDA:376,0,0,3
BRDA:376,0,1,0
BRDA:377,0,0,3
BRDA:377,e0,1,0
BRDA:378,0,0,3
BRDA:378,e0,1,0
BRDA:380,0,0,-
BRDA:380,e0,1,-
BRDA:383,0,0,-
BRDA:383,e0,1,-
BRDA:385,0,0,3
BRDA:385,e0,1,0
BRDA:391,0,0,9
BRDA:391,0,1,0
BRDA:393,0,0,9
BRDA:393,e0,1,0
BRDA:394,0,0,9
BRDA:394,e0,1,0
BRDA:396,0,0,9
BRDA:396,e0,1,0
BRDA:396,0,2,3
BRDA:396,0,3,6
BRDA:398,0,0,3
BRDA:398,e0,1,0
BRDA:400,0,0,6
BRDA:400,e0,1,0
BRDA:400,0,2,3
BRDA:400,0,3,3
BRDA:402,0,0,3
BRDA:402,e0,1,0
BRDA:408,0,0,3
BRDA:408,e0,1,0
BRDA:410,0,0,3
BRDA:410,0,1,0
BRDA:410,0,2,0
BRDA:410,0,3,3
BRDA:410,0,4,0
BRDA:410,0,5,3
BRDA:416,0,0,3
BRDA:416,e0,1,0
BRDA:417,0,0,3
BRDA:417,e0,1,0
BRDA:420,0,0,3
BRDA:420,0,1,3
BRDA:422,0,0,0
BRDA:422,0,1,3
BRDA:423,0,0,3
BRDA:423,e0,1,0
BRDA:424,0,0,3
BRDA:424,e0,1,0
BRDA:424,0,2,2
BRDA:424,0,3,1
BRDA:426,0,0,1
BRDA:426,0,1,1
BRDA:426,0,2,1
BRDA:426,e0,3,0
BRDA:427,0,0,1
BRDA:427,0,1,1
BRDA:427,0,2,1
BRDA:427,e0,3,0
BRDA:428,0,0,2
BRDA:428,e0,1,0
BRDA:434,0,0,0
BRDA:434,0,1,0
BRDA:444,0,0,69
BRDA:444,e0,1,0
BRDA:444,0,2,69
BRDA:444,e0,3,0
BRDA:444,0,4,30
BRDA:444,0,5,39
BRDA:446,0,0,30
BRDA:446,e0,1,0
BRDA:446,0,2,30
BRDA:446,e0,3,0
BRDA:449,0,0,0
BRDA:449,0,1,0
BRF:378
BRH:199
DA:17,34
DA:18,34
DA:20,34
DA:21,34
DA:22,34
DA:24,34
DA:26,34
DA:27,34
DA:29,32
DA:31,32
DA:35,32
DA:37,32
DA:39,1
DA:43,31
DA:46,31
DA:48,31
DA:50,0
DA:53,31
DA:54,32
DA:55,0
DA:57,0
DA:58,0
DA:59,32
DA:61,21
DA:63,21
DA:65,21
DA:67,21
DA:69,14
DA:72,7
DA:73,21
DA:75,5
DA:77,5
DA:79,5
DA:80,5
DA:82,8
DA:84,3
DA:87,10
DA:88,5
DA:90,7
DA:92,7
DA:94,7
DA:97,7
DA:99,1
DA:103,6
DA:106,6
DA:108,6
DA:110,0
DA:113,6
DA:114,7
DA:116,5
DA:118,5
DA:120,5
DA:122,5
DA:124,2
DA:127,3
DA:130,3
DA:133,3
DA:137,3
DA:139,3
DA:142,3
DA:144,0
DA:146,0
DA:147,0
DA:148,5
DA:150,2
DA:152,2
DA:153,4
DA:154,2
DA:156,2
DA:158,2
DA:160,4
DA:162,2
DA:164,0
DA:168,2
DA:171,2
DA:173,2
DA:178,5
DA:180,3
DA:182,3
DA:184,3
DA:186,3
DA:188,0
DA:190,0
DA:192,2
DA:193,2
DA:195,12
DA:197,12
DA:198,24
DA:199,12
DA:201,9
DA:203,9
DA:205,10
DA:207,7
DA:209,6
DA:213,3
DA:214,9
DA:216,4
DA:218,4
DA:220,4
DA:221,4
DA:222,4
DA:224,9
DA:226,5
DA:227,5
DA:229,5
DA:231,3
DA:233,5
DA:235,8
DA:236,4
DA:238,35
DA:240,35
DA:244,35
DA:246,0
DA:247,0
DA:250,35
DA:252,38
DA:254,3
DA:256,3
DA:258,3
DA:260,3
DA:261,3
DA:263,3
DA:264,35
DA:266,35
DA:268,0
DA:270,0
DA:271,0
DA:272,35
DA:274,35
DA:276,35
DA:280,35
DA:282,63
DA:284,28
DA:285,28
DA:286,28
DA:288,35
DA:290,0
DA:292,0
DA:293,0
DA:294,35
DA:296,71
DA:298,71
DA:301,65
DA:306,65
DA:308,65
DA:310,0
DA:314,65
DA:315,65
DA:316,65
DA:317,65
DA:319,65
DA:320,82
DA:322,17
DA:323,17
DA:324,63
DA:325,70
DA:326,17
DA:327,82
DA:329,65
DA:330,65
DA:331,65
DA:332,0
DA:334,0
DA:335,0
DA:338,3
DA:342,3
DA:344,3
DA:346,0
DA:349,3
DA:350,3
DA:352,3
DA:354,3
DA:356,18
DA:358,15
DA:360,0
DA:363,15
DA:365,3
DA:366,3
DA:369,12
DA:371,3
DA:372,3
DA:373,3
DA:374,3
DA:375,3
DA:376,3
DA:377,3
DA:378,3
DA:380,0
DA:383,0
DA:385,3
DA:386,3
DA:389,9
DA:391,9
DA:393,9
DA:394,9
DA:396,9
DA:398,3
DA:400,6
DA:402,3
DA:404,9
DA:408,3
DA:410,3
DA:412,0
DA:416,3
DA:417,3
DA:420,6
DA:422,3
DA:423,3
DA:424,3
DA:426,2
DA:427,2
DA:428,2
DA:430,3
DA:432,3
DA:433,3
DA:434,0
DA:436,0
DA:437,0
DA:440,69
DA:444,69
DA:446,30
DA:449,0
DA:452,0
DA:453,69
LF:224
LH:191
end_of_record
TN:
SF:/usr/include/c++/13/bits/alloc_traits.h
FNF:0
FNH:0
BRDA:482,0,0,95
BRDA:482,e0,1,0
BRDA:948,0,0,0
BRDA:948,e0,1,0
BRDA:948,0,2,0
BRDA:948,e0,3,0
BRF:6
BRH:1
DA:482,494
DA:517,0
DA:538,0
DA:542,0
DA:562,0
DA:574,0
DA:588,0
DA:722,0
DA:948,445
DA:949,0
LF:10
LH:2
end_of_record
TN:
SF:/usr/include/c++/13/bits/allocator.h
FNF:0
FNH:0
DA:163,0
DA:168,0
DA:178,190
DA:184,0
DA:223,0
LF:5
LH:1
end_of_record
TN:
SF:/usr/include/c++/13/bits/basic_string.h
FN:3528,3541,_ZSt12__str_concatINSt7__cxx1112basic_stringIcSt11char_traitsIcESaIcEEEET_PKNS6_10value_typeENS6_9size_typeES9_SA_RKNS6_14allocator_typeE
FN:3607,3615,_ZStplIcSt11char_traitsIcESaIcEENSt7__cxx1112basic_stringIT_T0_T1_EERKS8_PKS5_
FN:3637,3639,_ZStplIcSt11char_traitsIcESaIcEENSt7__cxx1112basic_stringIT_T0_T1_EEOS8_RKS8_
FN:3674,3676,_ZStplIcSt11char_traitsIcESaIcEENSt7__cxx1112basic_stringIT_T0_T1_EEPKS5_OS8_
FN:3688,3690,_ZStplIcSt11char_traitsIcESaIcEENSt7__cxx1112basic_stringIT_T0_T1_EEOS8_PKS5_
FN:3710,3716,_ZSteqIcSt11char_traitsIcESaIcEEbRKNSt7__cxx1112basic_stringIT_T0_T1_EESA_
FN:3727,3732,_ZSteqIcSt11char_traitsIcESaIcEEbRKNSt7__cxx1112basic_stringIT_T0_T1_EEPKS5_
FN:3829,3832,_ZStltIcSt11char_traitsIcESaIcEEbRKNSt7__cxx1112basic_stringIT_T0_T1_EESA_
FN:4135,4137,_ZNSt7__cxx115stollERKNS_12basic_stringIcSt11char_traitsIcESaIcEEEPmi
FN:4204,4212,_ZNSt7__cxx119to_stringEm
FN:4407,4408,_ZNKSt15__str_hash_baseIcSaIcENSt7__cxx1112basic_stringIcSt11char_traitsIcES0_EEEclERKS5_
FN:664,666,_ZNSt7__cxx1112basic_stringIcSt11char_traitsIcESaIcEEC2IS3_EEmcRKS3_
FN:795,796,_ZNSt7__cxx1112basic_stringIcSt11char_traitsIcESaIcEEC2ISt17basic_string_viewIcS2_EvEERKT_RKS3_
FNDA:0,_ZSt12__str_concatINSt7__cxx1112basic_stringIcSt11char_traitsIcESaIcEEEET_PKNS6_10value_typeENS6_9size_typeES9_SA_RKNS6_14allocator_typeE
FNDA:0,_ZStplIcSt11char_traitsIcESaIcEENSt7__cxx1112basic_stringIT_T0_T1_EERKS8_PKS5_
FNDA:0,_ZStplIcSt11char_traitsIcESaIcEENSt7__cxx1112basic_stringIT_T0_T1_EEOS8_RKS8_
FNDA:0,_ZStplIcSt11char_traitsIcESaIcEENSt7__cxx1112basic_stringIT_T0_T1_EEPKS5_OS8_
FNDA:0,_ZStplIcSt11char_traitsIcESaIcEENSt7__cxx1112basic_stringIT_T0_T1_EEOS8_PKS5_
FNDA:0,_ZSteqIcSt11char_traitsIcESaIcEEbRKNSt7__cxx1112basic_stringIT_T0_T1_EESA_
FNDA:0,_ZSteqIcSt11char_traitsIcESaIcEEbRKNSt7__cxx1112basic_stringIT_T0_T1_EEPKS5_
FNDA:0,_ZStltIcSt11char_traitsIcESaIcEEbRKNSt7__cxx1112basic_stringIT_T0_T1_EESA_
FNDA:306,_ZNSt7__cxx115stollERKNS_12basic_stringIcSt11char_traitsIcESaIcEEEPmi
FNDA:0,_ZNSt7__cxx119to_stringEm
FNDA:0,_ZNKSt15__str_hash_baseIcSaIcENSt7__cxx1112basic_stringIcSt11char_traitsIcES0_EEEclERKS5_
FNDA:0,_ZNSt7__cxx1112basic_stringIcSt11char_traitsIcESaIcEEC2IS3_EEmcRKS3_
FNDA:0,_ZNSt7__cxx1112basic_stringIcSt11char_traitsIcESaIcEEC2ISt17basic_string_viewIcS2_EvEERKT_RKS3_
FNF:13
FNH:1
BRDA:666,0,0,-
BRDA:666,e0,1,-
BRDA:796,0,0,-
BRDA:796,e0,1,-
BRDA:3537,0,0,-
BRDA:3537,e0,1,-
BRDA:3538,0,0,-
BRDA:3538,e0,1,-
BRDA:3539,0,0,-
BRDA:3539,e0,1,-
BRDA:3614,0,0,-
BRDA:3614,e0,1,-
BRDA:3614,0,2,-
BRDA:3614,e0,3,-
BRDA:3715,0,0,-
BRDA:3715,0,1,-
BRDA:3715,0,2,-
BRDA:3715,0,3,-
BRDA:3731,0,0,-
BRDA:3731,0,1,-
BRDA:3731,0,2,-
BRDA:3731,0,3,-
BRDA:4209,0,0,-
BRDA:4209,e0,1,-
BRDA:4210,0,0,-
BRDA:4210,e0,1,-
BRF:26
BRH:0
DA:355,0
DA:664,0
DA:665,0
DA:666,0
DA:795,0
DA:796,0
DA:3528,0
DA:3536,0
DA:3537,0
DA:3538,0
DA:3539,0
DA:3540,0
DA:3541,0
DA:3607,0
DA:3614,0
DA:3637,0
DA:3639,0
DA:3674,0
DA:3676,0
DA:3688,0
DA:3690,0
DA:3710,0
DA:3714,0
DA:3715,0
DA:3727,0
DA:3730,0
DA:3731,0
DA:3829,0
DA:3832,0
DA:4135,306
DA:4136,306
DA:4137,306
DA:4204,0
DA:4209,0
DA:4210,0
DA:4211,0
DA:4212,0
DA:4407,0
DA:4408,0
LF:39
LH:3
end_of_record
TN:
SF:/usr/include/c++/13/bits/basic_string.tcc
FN:221,252,_ZNSt7__cxx1112basic_stringIcSt11char_traitsIcESaIcEE12_M_constructIPKcEEvT_S8_St20forward_iterator_tag
FN:221,252,_ZNSt7__cxx1112basic_stringIcSt11char_traitsIcESaIcEE12_M_constructIPcEEvT_S7_St20forward_iterator_tag
FN:239,239,_ZZNSt7__cxx1112basic_stringIcSt11char_traitsIcESaIcEE12_M_constructIPKcEEvT_S8_St20forward_iterator_tagEN6_GuardC2EPS4_
FN:239,239,_ZZNSt7__cxx1112basic_stringIcSt11char_traitsIcESaIcEE12_M_constructIPcEEvT_S7_St20forward_iterator_tagEN6_GuardC2EPS4_
FN:242,242,_ZZNSt7__cxx1112basic_stringIcSt11char_traitsIcESaIcEE12_M_constructIPKcEEvT_S8_St20forward_iterator_tagEN6_GuardD2Ev
FN:242,242,_ZZNSt7__cxx1112basic_stringIcSt11char_traitsIcESaIcEE12_M_constructIPcEEvT_S7_St20forward_iterator_tagEN6_GuardD2Ev
FNDA:0,_ZNSt7__cxx1112basic_stringIcSt11char_traitsIcESaIcEE12_M_constructIPKcEEvT_S8_St20forward_iterator_tag
FNDA:0,_ZNSt7__cxx1112basic_stringIcSt11char_traitsIcESaIcEE12_M_constructIPcEEvT_S7_St20forward_iterator_tag
FNDA:0,_ZZNSt7__cxx1112basic_stringIcSt11char_traitsIcESaIcEE12_M_constructIPKcEEvT_S8_St20forward_iterator_tagEN6_GuardC2EPS4_
FNDA:0,_ZZNSt7__cxx1112basic_stringIcSt11char_traitsIcESaIcEE12_M_constructIPcEEvT_S7_St20forward_iterator_tagEN6_GuardC2EPS4_
FNDA:0,_ZZNSt7__cxx1112basic_stringIcSt11char_traitsIcESaIcEE12_M_constructIPKcEEvT_S8_St20forward_iterator_tagEN6_GuardD2Ev
FNDA:0,_ZZNSt7__cxx1112basic_stringIcSt11char_traitsIcESaIcEE12_M_constructIPcEEvT_S7_St20forward_iterator_tagEN6_GuardD2Ev
FNF:6
FNH:0
BRDA:227,0,0,-
BRDA:227,0,1,-
BRDA:229,0,0,-
BRDA:229,e0,1,-
BRDA:242,0,0,-
BRDA:242,0,1,-
BRF:6
BRH:0
DA:221,0
DA:225,0
DA:227,0
DA:229,0
DA:230,0
DA:239,0
DA:242,0
DA:245,0
DA:247,0
DA:249,0
DA:251,0
DA:252,0
LF:12
LH:0
end_of_record
TN:
SF:/usr/include/c++/13/bits/char_traits.h
FN:136,137,_ZN9__gnu_cxx11char_traitsIcE2eqERKcS3_
FN:199,206,_ZN9__gnu_cxx11char_traitsIcE6lengthEPKc
FN:366,371,_ZNSt11char_traitsIcE2ltERKcS2_
FN:374,390,_ZNSt11char_traitsIcE7compareEPKcS2_m
FN:393,400,_ZNSt11char_traitsIcE6lengthEPKc
FN:427,436,_ZNSt11char_traitsIcE4copyEPcPKcm
FNDA:0,_ZN9__gnu_cxx11char_traitsIcE2eqERKcS3_
FNDA:0,_ZN9__gnu_cxx11char_traitsIcE6lengthEPKc
FNDA:0,_ZNSt11char_traitsIcE2ltERKcS2_
FNDA:0,_ZNSt11char_traitsIcE7compareEPKcS2_m
FNDA:0,_ZNSt11char_traitsIcE6lengthEPKc
FNDA:0,_ZNSt11char_traitsIcE4copyEPcPKcm
FNF:6
FNH:0
BRDA:203,0,0,-
BRDA:203,0,1,-
BRDA:376,0,0,-
BRDA:376,0,1,-
BRDA:379,0,0,-
BRDA:379,0,1,-
BRDA:381,0,0,-
BRDA:381,0,1,-
BRDA:382,0,0,-
BRDA:382,0,1,-
BRDA:384,0,0,-
BRDA:384,0,1,-
BRDA:396,0,0,-
BRDA:396,0,1,-
BRDA:429,0,0,-
BRDA:429,0,1,-
BRF:16
BRH:0
DA:136,0
DA:137,0
DA:199,0
DA:202,0
DA:203,0
DA:204,0
DA:205,0
DA:366,0
DA:369,0
DA:370,0
DA:374,0
DA:376,0
DA:377,0
DA:379,0
DA:381,0
DA:382,0
DA:383,0
DA:384,0
DA:385,0
DA:386,0
DA:389,0
DA:393,0
DA:396,0
DA:397,0
DA:399,0
DA:427,0
DA:429,0
DA:430,0
DA:435,0
LF:29
LH:0
end_of_record
TN:
SF:/usr/include/c++/13/bits/charconv.h
FN:55,74,_ZNSt8__detail14__to_chars_lenImEEjT_i
FN:81,110,_ZNSt8__detail18__to_chars_10_implImEEvPcjT_
FNDA:0,_ZNSt8__detail14__to_chars_lenImEEjT_i
FNDA:0,_ZNSt8__detail18__to_chars_10_implImEEvPcjT_
FNF:2
FNH:0
BRDA:67,0,0,-
BRDA:67,0,1,-
BRDA:68,0,0,-
BRDA:68,0,1,-
BRDA:69,0,0,-
BRDA:69,0,1,-
BRDA:70,0,0,-
BRDA:70,0,1,-
BRDA:94,0,0,-
BRDA:94,0,1,-
BRDA:102,0,0,-
BRDA:102,0,1,-
BRF:12
BRH:0
DA:55,0
DA:61,0
DA:62,0
DA:63,0
DA:64,0
DA:67,0
DA:68,0
DA:69,0
DA:70,0
DA:71,0
DA:72,0
DA:81,0
DA:87,0
DA:93,0
DA:94,0
DA:96,0
DA:97,0
DA:98,0
DA:99,0
DA:100,0
DA:102,0
DA:104,0
DA:105,0
DA:106,0
DA:109,0
DA:110,0
LF:26
LH:0
end_of_record
TN:
SF:/usr/include/c++/13/bits/chrono.h
FN:1019,1023,_ZNSt6chrono15time_point_castINS_8durationIlSt5ratioILl1ELl1000000000EEEENS_3_V212system_clockENS1_IlS2_ILl1ELl1EEEEEENSt9enable_ifIXsrNS_13__is_durationIT_EE5valueENS_10time_pointIT0_SB_EEE4typeERKNSD_ISE_T1_EE
FN:1129,1136,_ZNSt6chronomiINS_3_V212system_clockENS_8durationIlSt5ratioILl1ELl1000000000EEEElS4_ILl60ELl1EEEENS_10time_pointIT_NSt11common_typeIJT0_NS3_IT1_T2_EEEE4typeEEERKNS8_IS9_SB_EERKSE_
FN:1174,1176,_ZNSt6chronoltINS_3_V212system_clockENS_8durationIlSt5ratioILl1ELl1000000000EEEES6_EEbRKNS_10time_pointIT_T0_EERKNS7_IS8_T1_EE
FN:1192,1194,_ZNSt6chronogeINS_3_V212system_clockENS_8durationIlSt5ratioILl1ELl1000000000EEEES6_EEbRKNS_10time_pointIT_T0_EERKNS7_IS8_T1_EE
FN:1244,1248,_ZNSt6chrono3_V212system_clock9to_time_tERKNS_10time_pointIS1_NS_8durationIlSt5ratioILl1ELl1000000000EEEEEE
FN:1252,1257,_ZNSt6chrono3_V212system_clock11from_time_tEl
FN:208,213,_ZNSt6chrono20__duration_cast_implINS_8durationIlSt5ratioILl1ELl1EEEES2_ILl1ELl1000000000EElLb1ELb0EE6__castIlS5_EES4_RKNS1_IT_T0_EE
FN:221,226,_ZNSt6chrono20__duration_cast_implINS_8durationIlSt5ratioILl1ELl1000000000EEEES2_ILl1000000000ELl1EElLb0ELb1EE6__castIlS2_ILl1ELl1EEEES4_RKNS1_IT_T0_EE
FN:221,226,_ZNSt6chrono20__duration_cast_implINS_8durationIlSt5ratioILl1ELl1000000000EEEES2_ILl60000000000ELl1EElLb0ELb1EE6__castIlS2_ILl60ELl1EEEES4_RKNS1_IT_T0_EE
FN:273,291,_ZNSt6chrono13duration_castINS_8durationIlSt5ratioILl1ELl1000000000EEEElS2_ILl1ELl1EEEENSt9enable_ifIXsrNS_13__is_durationIT_EE5valueES8_E4typeERKNS1_IT0_T1_EE
FN:273,291,_ZNSt6chrono13duration_castINS_8durationIlSt5ratioILl1ELl1000000000EEEElS2_ILl60ELl1EEEENSt9enable_ifIXsrNS_13__is_durationIT_EE5valueES8_E4typeERKNS1_IT0_T1_EE
FN:273,291,_ZNSt6chrono13duration_castINS_8durationIlSt5ratioILl1ELl1EEEElS2_ILl1ELl1000000000EEEENSt9enable_ifIXsrNS_13__is_durationIT_EE5valueES8_E4typeERKNS1_IT0_T1_EE
FN:498,499,_ZNSt6chrono15duration_valuesIlE4zeroEv
FN:573,574,_ZNSt6chrono8durationIlSt5ratioILl1ELl1000000000EEEC1IlvEERKT_
FN:573,574,_ZNSt6chrono8durationIlSt5ratioILl1ELl1EEEC1IlvEERKT_
FN:573,574,_ZNSt6chrono8durationIlSt5ratioILl60ELl1EEEC1IivEERKT_
FN:581,582,_ZNSt6chrono8durationIlSt5ratioILl1ELl1000000000EEEC2IlS1_ILl60ELl1EEvEERKNS0_IT_T0_EE
FN:589,590,_ZNKSt6chrono8durationIlSt5ratioILl1ELl1000000000EEE5countEv
FN:589,590,_ZNKSt6chrono8durationIlSt5ratioILl1ELl1EEE5countEv
FN:589,590,_ZNKSt6chrono8durationIlSt5ratioILl60ELl1EEE5countEv
FN:673,674,_ZNSt6chrono8durationIlSt5ratioILl1ELl1000000000EEE4zeroEv
FN:710,717,_ZNSt6chronomiIlSt5ratioILl1ELl1000000000EElS1_ILl60ELl1EEEENSt11common_typeIJNS_8durationIT_T0_EENS5_IT1_T2_EEEE4typeERKS8_RKSB_
FN:822,829,_ZNSt6chronoltIlSt5ratioILl1ELl1000000000EElS2_EEbRKNS_8durationIT_T0_EERKNS3_IT1_T2_EE
FN:933,934,_ZNSt6chrono10time_pointINS_3_V212system_clockENS_8durationIlSt5ratioILl1ELl1000000000EEEEEC2Ev
FN:936,938,_ZNSt6chrono10time_pointINS_3_V212system_clockENS_8durationIlSt5ratioILl1ELl1000000000EEEEEC2ERKS6_
FN:936,938,_ZNSt6chrono10time_pointINS_3_V212system_clockENS_8durationIlSt5ratioILl1ELl1EEEEEC2ERKS6_
FN:949,950,_ZNKSt6chrono10time_pointINS_3_V212system_clockENS_8durationIlSt5ratioILl1ELl1000000000EEEEE16time_since_epochEv
FN:949,950,_ZNKSt6chrono10time_pointINS_3_V212system_clockENS_8durationIlSt5ratioILl1ELl1EEEEE16time_since_epochEv
FNDA:306,_ZNSt6chrono15time_point_castINS_8durationIlSt5ratioILl1ELl1000000000EEEENS_3_V212system_clockENS1_IlS2_ILl1ELl1EEEEEENSt9enable_ifIXsrNS_13__is_durationIT_EE5valueENS_10time_pointIT0_SB_EEE4typeERKNSD_ISE_T1_EE
FNDA:0,_ZNSt6chronomiINS_3_V212system_clockENS_8durationIlSt5ratioILl1ELl1000000000EEEElS4_ILl60ELl1EEEENS_10time_pointIT_NSt11common_typeIJT0_NS3_IT1_T2_EEEE4typeEEERKNS8_IS9_SB_EERKSE_
FNDA:0,_ZNSt6chronoltINS_3_V212system_clockENS_8durationIlSt5ratioILl1ELl1000000000EEEES6_EEbRKNS_10time_pointIT_T0_EERKNS7_IS8_T1_EE
FNDA:0,_ZNSt6chronogeINS_3_V212system_clockENS_8durationIlSt5ratioILl1ELl1000000000EEEES6_EEbRKNS_10time_pointIT_T0_EERKNS7_IS8_T1_EE
FNDA:0,_ZNSt6chrono3_V212system_clock9to_time_tERKNS_10time_pointIS1_NS_8durationIlSt5ratioILl1ELl1000000000EEEEEE
FNDA:306,_ZNSt6chrono3_V212system_clock11from_time_tEl
FNDA:0,_ZNSt6chrono20__duration_cast_implINS_8durationIlSt5ratioILl1ELl1EEEES2_ILl1ELl1000000000EElLb1ELb0EE6__castIlS5_EES4_RKNS1_IT_T0_EE
FNDA:0,_ZNSt6chrono20__duration_cast_implINS_8durationIlSt5ratioILl1ELl1000000000EEEES2_ILl1000000000ELl1EElLb0ELb1EE6__castIlS2_ILl1ELl1EEEES4_RKNS1_IT_T0_EE
FNDA:0,_ZNSt6chrono20__duration_cast_implINS_8durationIlSt5ratioILl1ELl1000000000EEEES2_ILl60000000000ELl1EElLb0ELb1EE6__castIlS2_ILl60ELl1EEEES4_RKNS1_IT_T0_EE
FNDA:0,_ZNSt6chrono13duration_castINS_8durationIlSt5ratioILl1ELl1000000000EEEElS2_ILl1ELl1EEEENSt9enable_ifIXsrNS_13__is_durationIT_EE5valueES8_E4typeERKNS1_IT0_T1_EE
FNDA:0,_ZNSt6chrono13duration_castINS_8durationIlSt5ratioILl1ELl1000000000EEEElS2_ILl60ELl1EEEENSt9enable_ifIXsrNS_13__is_durationIT_EE5valueES8_E4typeERKNS1_IT0_T1_EE
FNDA:0,_ZNSt6chrono13duration_castINS_8durationIlSt5ratioILl1ELl1EEEElS2_ILl1ELl1000000000EEEENSt9enable_ifIXsrNS_13__is_durationIT_EE5valueES8_E4typeERKNS1_IT0_T1_EE
FNDA:0,_ZNSt6chrono15duration_valuesIlE4zeroEv
FNDA:0,_ZNSt6chrono8durationIlSt5ratioILl1ELl1000000000EEEC1IlvEERKT_
FNDA:0,_ZNSt6chrono8durationIlSt5ratioILl1ELl1EEEC1IlvEERKT_
FNDA:0,_ZNSt6chrono8durationIlSt5ratioILl60ELl1EEEC1IivEERKT_
FNDA:0,_ZNSt6chrono8durationIlSt5ratioILl1ELl1000000000EEEC2IlS1_ILl60ELl1EEvEERKNS0_IT_T0_EE
FNDA:0,_ZNKSt6chrono8durationIlSt5ratioILl1ELl1000000000EEE5countEv
FNDA:0,_ZNKSt6chrono8durationIlSt5ratioILl1ELl1EEE5countEv
FNDA:0,_ZNKSt6chrono8durationIlSt5ratioILl60ELl1EEE5countEv
FNDA:0,_ZNSt6chrono8durationIlSt5ratioILl1ELl1000000000EEE4zeroEv
FNDA:0,_ZNSt6chronomiIlSt5ratioILl1ELl1000000000EElS1_ILl60ELl1EEEENSt11common_typeIJNS_8durationIT_T0_EENS5_IT1_T2_EEEE4typeERKS8_RKSB_
FNDA:0,_ZNSt6chronoltIlSt5ratioILl1ELl1000000000EElS2_EEbRKNS_8durationIT_T0_EERKNS3_IT1_T2_EE
FNDA:0,_ZNSt6chrono10time_pointINS_3_V212system_clockENS_8durationIlSt5ratioILl1ELl1000000000EEEEEC2Ev
FNDA:0,_ZNSt6chrono10time_pointINS_3_V212system_clockENS_8durationIlSt5ratioILl1ELl1000000000EEEEEC2ERKS6_
FNDA:306,_ZNSt6chrono10time_pointINS_3_V212system_clockENS_8durationIlSt5ratioILl1ELl1EEEEEC2ERKS6_
FNDA:0,_ZNKSt6chrono10time_pointINS_3_V212system_clockENS_8durationIlSt5ratioILl1ELl1000000000EEEEE16time_since_epochEv
FNDA:306,_ZNKSt6chrono10time_pointINS_3_V212system_clockENS_8durationIlSt5ratioILl1ELl1EEEEE16time_since_epochEv
FNF:28
FNH:4
BRDA:582,0,0,-
BRDA:582,e0,1,-
BRDA:716,0,0,-
BRDA:716,e0,1,-
BRDA:1022,0,0,306
BRDA:1022,e0,1,0
BRDA:1135,0,0,-
BRDA:1135,e0,1,-
BRDA:1176,0,0,-
BRDA:1176,e0,1,-
BRF:10
BRH:1
DA:208,0
DA:211,0
DA:212,0
DA:221,0
DA:224,0
DA:225,0
DA:273,0
DA:287,0
DA:498,0
DA:499,0
DA:573,0
DA:574,0
DA:581,0
DA:582,0
DA:589,0
DA:590,0
DA:673,0
DA:674,0
DA:710,0
DA:716,0
DA:822,0
DA:828,0
DA:933,0
DA:934,0
DA:936,306
DA:937,306
DA:938,306
DA:949,306
DA:950,306
DA:1019,306
DA:1022,306
DA:1129,0
DA:1135,0
DA:1174,0
DA:1176,0
DA:1192,0
DA:1194,0
DA:1244,0
DA:1247,0
DA:1252,306
DA:1256,306
LF:41
LH:9
end_of_record
TN:
SF:/usr/include/c++/13/bits/cpp_type_traits.h
FN:607,608,_ZSt12__miter_baseIN9__gnu_cxx17__normal_iteratorIPKN12media_player6models14MediaFileModelESt6vectorIS4_SaIS4_EEEEET_SB_
FN:607,608,_ZSt12__miter_baseIPN12media_player6models14MediaFileModelEET_S4_
FN:607,608,_ZSt12__miter_baseIPPN12media_player12repositories20PlaybackHistoryEntryEET_S5_
FN:607,608,_ZSt12__miter_baseISt15_Deque_iteratorIN12media_player12repositories20PlaybackHistoryEntryERS3_PS3_EET_S7_
FNDA:0,_ZSt12__miter_baseIN9__gnu_cxx17__normal_iteratorIPKN12media_player6models14MediaFileModelESt6vectorIS4_SaIS4_EEEEET_SB_
FNDA:0,_ZSt12__miter_baseIPN12media_player6models14MediaFileModelEET_S4_
FNDA:34,_ZSt12__miter_baseIPPN12media_player12repositories20PlaybackHistoryEntryEET_S5_
FNDA:0,_ZSt12__miter_baseISt15_Deque_iteratorIN12media_player12repositories20PlaybackHistoryEntryERS3_PS3_EET_S7_
FNF:4
FNH:1
DA:607,34
DA:608,34
LF:2
LH:2
end_of_record
TN:
SF:/usr/include/c++/13/bits/deque.tcc
FN:1003,1027,_ZSt15__copy_move_ditILb1EN12media_player12repositories20PlaybackHistoryEntryERS2_PS2_St15_Deque_iteratorIS2_S3_S4_EET3_S5_IT0_T1_T2_ESB_S7_
FN:1040,1043,_ZSt14__copy_move_a1ILb1EN12media_player12repositories20PlaybackHistoryEntryERS2_PS2_S2_ESt15_Deque_iteratorIT3_RS6_PS6_ES5_IT0_T1_T2_ESD_S9_
FN:1049,1069,_ZSt14__copy_move_a1ILb1EPN12media_player12repositories20PlaybackHistoryEntryES2_EN9__gnu_cxx11__enable_ifIXsrSt23__is_random_access_iterIT0_NSt15iterator_traitsIS7_E17iterator_categoryEE7__valueESt15_Deque_iteratorIT1_RSD_PSD_EE6__typeES7_S7_SG_
FN:1125,1147,_ZSt24__copy_move_backward_ditILb1EN12media_player12repositories20PlaybackHistoryEntryERS2_PS2_St15_Deque_iteratorIS2_S3_S4_EET3_S5_IT0_T1_T2_ESB_S7_
FN:1161,1165,_ZSt23__copy_move_backward_a1ILb1EN12media_player12repositories20PlaybackHistoryEntryERS2_PS2_S2_ESt15_Deque_iteratorIT3_RS6_PS6_ES5_IT0_T1_T2_ESD_S9_
FN:1171,1197,_ZSt23__copy_move_backward_a1ILb1EPN12media_player12repositories20PlaybackHistoryEntryES2_EN9__gnu_cxx11__enable_ifIXsrSt23__is_random_access_iterIT0_NSt15iterator_traitsIS7_E17iterator_categoryEE7__valueESt15_Deque_iteratorIT1_RSD_PSD_EE6__typeES7_S7_SG_
FN:140,155,_ZNSt5dequeIN12media_player12repositories20PlaybackHistoryEntryESaIS2_EE13emplace_frontIJS2_EEERS2_DpOT_
FN:235,254,_ZNSt5dequeIN12media_player12repositories20PlaybackHistoryEntryESaIS2_EE8_M_eraseESt15_Deque_iteratorIS2_RS2_PS2_E
FN:258,286,_ZNSt5dequeIN12media_player12repositories20PlaybackHistoryEntryESaIS2_EE8_M_eraseESt15_Deque_iteratorIS2_RS2_PS2_ES8_
FN:484,516,_ZNSt5dequeIN12media_player12repositories20PlaybackHistoryEntryESaIS2_EE16_M_push_back_auxIJRKS2_EEEvDpOT_
FN:523,556,_ZNSt5dequeIN12media_player12repositories20PlaybackHistoryEntryESaIS2_EE17_M_push_front_auxIJS2_EEEvDpOT_
FN:560,568,_ZNSt5dequeIN12media_player12repositories20PlaybackHistoryEntryESaIS2_EE15_M_pop_back_auxEv
FN:576,584,_ZNSt5dequeIN12media_player12repositories20PlaybackHistoryEntryESaIS2_EE16_M_pop_front_auxEv
FN:859,877,_ZNSt5dequeIN12media_player12repositories20PlaybackHistoryEntryESaIS2_EE19_M_destroy_data_auxESt15_Deque_iteratorIS2_RS2_PS2_ES8_
FN:931,973,_ZNSt5dequeIN12media_player12repositories20PlaybackHistoryEntryESaIS2_EE17_M_reallocate_mapEmb
FNDA:0,_ZSt15__copy_move_ditILb1EN12media_player12repositories20PlaybackHistoryEntryERS2_PS2_St15_Deque_iteratorIS2_S3_S4_EET3_S5_IT0_T1_T2_ESB_S7_
FNDA:0,_ZSt14__copy_move_a1ILb1EN12media_player12repositories20PlaybackHistoryEntryERS2_PS2_S2_ESt15_Deque_iteratorIT3_RS6_PS6_ES5_IT0_T1_T2_ESD_S9_
FNDA:0,_ZSt14__copy_move_a1ILb1EPN12media_player12repositories20PlaybackHistoryEntryES2_EN9__gnu_cxx11__enable_ifIXsrSt23__is_random_access_iterIT0_NSt15iterator_traitsIS7_E17iterator_categoryEE7__valueESt15_Deque_iteratorIT1_RSD_PSD_EE6__typeES7_S7_SG_
FNDA:0,_ZSt24__copy_move_backward_ditILb1EN12media_player12repositories20PlaybackHistoryEntryERS2_PS2_St15_Deque_iteratorIS2_S3_S4_EET3_S5_IT0_T1_T2_ESB_S7_
FNDA:0,_ZSt23__copy_move_backward_a1ILb1EN12media_player12repositories20PlaybackHistoryEntryERS2_PS2_S2_ESt15_Deque_iteratorIT3_RS6_PS6_ES5_IT0_T1_T2_ESD_S9_
FNDA:0,_ZSt23__copy_move_backward_a1ILb1EPN12media_player12repositories20PlaybackHistoryEntryES2_EN9__gnu_cxx11__enable_ifIXsrSt23__is_random_access_iterIT0_NSt15iterator_traitsIS7_E17iterator_categoryEE7__valueESt15_Deque_iteratorIT1_RSD_PSD_EE6__typeES7_S7_SG_
FNDA:48,_ZNSt5dequeIN12media_player12repositories20PlaybackHistoryEntryESaIS2_EE13emplace_frontIJS2_EEERS2_DpOT_
FNDA:1,_ZNSt5dequeIN12media_player12repositories20PlaybackHistoryEntryESaIS2_EE8_M_eraseESt15_Deque_iteratorIS2_RS2_PS2_E
FNDA:1,_ZNSt5dequeIN12media_player12repositories20PlaybackHistoryEntryESaIS2_EE8_M_eraseESt15_Deque_iteratorIS2_RS2_PS2_ES8_
FNDA:287,_ZNSt5dequeIN12media_player12repositories20PlaybackHistoryEntryESaIS2_EE16_M_push_back_auxIJRKS2_EEEvDpOT_
FNDA:34,_ZNSt5dequeIN12media_player12repositories20PlaybackHistoryEntryESaIS2_EE17_M_push_front_auxIJS2_EEEvDpOT_
FNDA:1,_ZNSt5dequeIN12media_player12repositories20PlaybackHistoryEntryESaIS2_EE15_M_pop_back_auxEv
FNDA:1,_ZNSt5dequeIN12media_player12repositories20PlaybackHistoryEntryESaIS2_EE16_M_pop_front_auxEv
FNDA:123,_ZNSt5dequeIN12media_player12repositories20PlaybackHistoryEntryESaIS2_EE19_M_destroy_data_auxESt15_Deque_iteratorIS2_RS2_PS2_ES8_
FNDA:17,_ZNSt5dequeIN12media_player12repositories20PlaybackHistoryEntryESaIS2_EE17_M_reallocate_mapEmb
FNF:15
FNH:9
BRDA:143,0,0,14
BRDA:143,0,1,34
BRDA:241,0,0,1
BRDA:241,0,1,0
BRDA:243,0,0,0
BRDA:243,0,1,1
BRDA:244,0,0,-
BRDA:244,e0,1,-
BRDA:249,0,0,-
BRDA:249,0,1,-
BRDA:250,0,0,-
BRDA:250,e0,1,-
BRDA:261,0,0,0
BRDA:261,0,1,1
BRDA:263,0,0,0
BRDA:263,0,1,1
BRDA:263,0,2,0
BRDA:263,0,3,0
BRDA:263,0,4,0
BRDA:263,0,5,1
BRDA:272,0,0,0
BRDA:272,0,1,1
BRDA:274,0,0,-
BRDA:274,0,1,-
BRDA:275,0,0,-
BRDA:275,e0,1,-
BRDA:276,0,0,-
BRDA:276,e0,1,-
BRDA:280,0,0,0
BRDA:280,0,1,1
BRDA:281,0,0,-
BRDA:281,e0,1,-
BRDA:282,0,0,1
BRDA:282,e0,1,0
BRDA:492,0,0,0
BRDA:492,0,1,287
BRDA:531,0,0,0
BRDA:531,0,1,34
BRDA:863,0,0,239
BRDA:863,0,1,123
BRDA:867,0,0,80
BRDA:867,0,1,43
BRDA:939,0,0,0
BRDA:939,0,1,17
BRDA:943,0,0,-
BRDA:943,0,1,-
BRDA:944,0,0,-
BRDA:944,0,1,-
BRDA:961,0,0,0
BRDA:961,0,1,17
BRDA:1008,0,0,-
BRDA:1008,0,1,-
BRDA:1010,0,0,-
BRDA:1010,e0,1,-
BRDA:1015,0,0,-
BRDA:1015,0,1,-
BRDA:1018,0,0,-
BRDA:1018,e0,1,-
BRDA:1022,0,0,-
BRDA:1022,e0,1,-
BRDA:1026,0,0,-
BRDA:1026,e0,1,-
BRDA:1043,0,0,-
BRDA:1043,e0,1,-
BRDA:1056,0,0,-
BRDA:1056,0,1,-
BRDA:1060,0,0,-
BRDA:1060,e0,1,-
BRDA:1131,0,0,-
BRDA:1131,0,1,-
BRDA:1133,0,0,-
BRDA:1133,e0,1,-
BRDA:1137,0,0,-
BRDA:1137,0,1,-
BRDA:1139,0,0,-
BRDA:1139,e0,1,-
BRDA:1142,0,0,-
BRDA:1142,e0,1,-
BRDA:1146,0,0,-
BRDA:1146,e0,1,-
BRDA:1165,0,0,-
BRDA:1165,e0,1,-
BRDA:1178,0,0,-
BRDA:1178,0,1,-
BRDA:1182,0,0,-
BRDA:1182,0,1,-
BRDA:1189,0,0,-
BRDA:1189,e0,1,-
BRF:88
BRH:18
DA:140,48
DA:143,48
DA:145,14
DA:146,14
DA:148,14
DA:151,34
DA:153,48
DA:235,1
DA:238,1
DA:239,1
DA:240,1
DA:241,1
DA:243,1
DA:244,0
DA:245,1
DA:249,0
DA:250,0
DA:251,0
DA:253,1
DA:258,1
DA:261,1
DA:262,0
DA:263,1
DA:265,0
DA:266,0
DA:270,1
DA:271,1
DA:272,1
DA:274,0
DA:275,0
DA:276,0
DA:280,1
DA:281,0
DA:282,1
DA:284,1
DA:484,287
DA:492,287
DA:493,0
DA:496,287
DA:497,287
DA:501,287
DA:507,287
DA:509,287
DA:511,0
DA:513,0
DA:514,0
DA:516,287
DA:523,34
DA:531,34
DA:532,0
DA:535,34
DA:536,34
DA:539,34
DA:541,34
DA:543,34
DA:556,34
DA:560,1
DA:563,1
DA:564,1
DA:565,1
DA:566,1
DA:568,1
DA:576,1
DA:579,1
DA:581,1
DA:582,1
DA:583,1
DA:584,1
DA:859,123
DA:862,362
DA:863,362
DA:864,239
DA:865,239
DA:867,123
DA:869,80
DA:870,80
DA:871,80
DA:872,80
DA:875,43
DA:876,43
DA:877,123
DA:931,17
DA:934,17
DA:935,17
DA:936,17
DA:939,17
DA:941,0
DA:942,0
DA:943,0
DA:944,0
DA:945,0
DA:946,0
DA:949,0
DA:950,0
DA:951,0
DA:955,34
DA:956,17
DA:959,17
DA:960,34
DA:961,17
DA:962,17
DA:963,17
DA:965,17
DA:967,17
DA:968,17
DA:971,17
DA:972,17
DA:973,17
DA:1003,0
DA:1008,0
DA:1010,0
DA:1014,0
DA:1015,0
DA:1016,0
DA:1018,0
DA:1022,0
DA:1026,0
DA:1040,0
DA:1043,0
DA:1049,0
DA:1055,0
DA:1056,0
DA:1058,0
DA:1059,0
DA:1060,0
DA:1063,0
DA:1064,0
DA:1065,0
DA:1068,0
DA:1125,0
DA:1131,0
DA:1133,0
DA:1136,0
DA:1137,0
DA:1138,0
DA:1139,0
DA:1142,0
DA:1146,0
DA:1161,0
DA:1165,0
DA:1171,0
DA:1177,0
DA:1178,0
DA:1180,0
DA:1181,0
DA:1182,0
DA:1184,0
DA:1185,0
DA:1188,0
DA:1189,0
DA:1191,0
DA:1192,0
DA:1193,0
DA:1196,0
LF:154
LH:83
end_of_record
TN:
SF:/usr/include/c++/13/bits/fs_dir.h
FN:169,169,_ZNKSt10filesystem7__cxx1115directory_entry4pathEv
FN:221,222,_ZNKSt10filesystem7__cxx1115directory_entry15is_regular_fileEv
FN:278,279,_ZNKSt10filesystem7__cxx1115directory_entry6statusEv
FN:342,347,_ZNKSt10filesystem7__cxx1115directory_entry12_M_file_typeEv
FN:403,403,_ZNSt10filesystem7__cxx1118directory_iteratorC2Ev
FN:406,407,_ZNSt10filesystem7__cxx1118directory_iteratorC2ERKNS0_4pathE
FN:419,419,_ZNSt10filesystem7__cxx1118directory_iteratorC2ERKS1_
FN:421,421,_ZNSt10filesystem7__cxx1118directory_iteratorC2EOS1_
FN:423,423,_ZNSt10filesystem7__cxx1118directory_iteratorD2Ev
FN:444,449,_ZNSt10filesystem7__cxx11eqERKNS0_18directory_iteratorES3_
FN:460,462,_ZNSt10filesystem7__cxx11neERKNS0_18directory_iteratorES3_
FN:484,485,_ZNSt10filesystem7__cxx115beginENS0_18directory_iteratorE
FN:489,490,_ZNSt10filesystem7__cxx113endENS0_18directory_iteratorE
FN:77,77,_ZNKSt10filesystem11file_status4typeEv
FNDA:0,_ZNKSt10filesystem7__cxx1115directory_entry4pathEv
FNDA:0,_ZNKSt10filesystem7__cxx1115directory_entry15is_regular_fileEv
FNDA:0,_ZNKSt10filesystem7__cxx1115directory_entry6statusEv
FNDA:0,_ZNKSt10filesystem7__cxx1115directory_entry12_M_file_typeEv
FNDA:0,_ZNSt10filesystem7__cxx1118directory_iteratorC2Ev
FNDA:0,_ZNSt10filesystem7__cxx1118directory_iteratorC2ERKNS0_4pathE
FNDA:0,_ZNSt10filesystem7__cxx1118directory_iteratorC2ERKS1_
FNDA:0,_ZNSt10filesystem7__cxx1118directory_iteratorC2EOS1_
FNDA:0,_ZNSt10filesystem7__cxx1118directory_iteratorD2Ev
FNDA:0,_ZNSt10filesystem7__cxx11eqERKNS0_18directory_iteratorES3_
FNDA:0,_ZNSt10filesystem7__cxx11neERKNS0_18directory_iteratorES3_
FNDA:0,_ZNSt10filesystem7__cxx115beginENS0_18directory_iteratorE
FNDA:0,_ZNSt10filesystem7__cxx113endENS0_18directory_iteratorE
FNDA:0,_ZNKSt10filesystem11file_status4typeEv
FNF:14
FNH:0
BRDA:344,0,0,-
BRDA:344,0,1,-
BRDA:344,0,2,-
BRDA:344,0,3,-
BRDA:346,0,0,-
BRDA:346,e0,1,-
BRDA:448,0,0,-
BRDA:448,0,1,-
BRDA:448,0,2,-
BRDA:448,0,3,-
BRF:10
BRH:0
DA:77,0
DA:169,0
DA:221,0
DA:222,0
DA:278,0
DA:279,0
DA:342,0
DA:344,0
DA:345,0
DA:346,0
DA:403,0
DA:406,0
DA:407,0
DA:419,0
DA:421,0
DA:423,0
DA:444,0
DA:447,0
DA:448,0
DA:460,0
DA:462,0
DA:484,0
DA:485,0
DA:489,0
DA:490,0
LF:25
LH:0
end_of_record
TN:
SF:/usr/include/c++/13/bits/fs_ops.h
FN:128,129,_ZNSt10filesystem6existsENS_11file_statusE
FN:133,134,_ZNSt10filesystem6existsERKNS_7__cxx114pathE
FN:363,364,_ZNSt10filesystem12status_knownENS_11file_statusE
FNDA:0,_ZNSt10filesystem6existsENS_11file_statusE
FNDA:0,_ZNSt10filesystem6existsERKNS_7__cxx114pathE
FNDA:0,_ZNSt10filesystem12status_knownENS_11file_statusE
FNF:3
FNH:0
BRDA:129,0,0,-
BRDA:129,0,1,-
BRDA:129,0,2,-
BRDA:129,0,3,-
BRF:4
BRH:0
DA:128,0
DA:129,0
DA:133,0
DA:134,0
DA:363,0
DA:364,0
LF:6
LH:0
end_of_record
TN:
SF:/usr/include/c++/13/bits/fs_path.h
FN:1161,1167,_ZNKSt10filesystem7__cxx114path6stringIcSt11char_traitsIcESaIcEEENSt7__cxx1112basic_stringIT_T0_T1_EERKSA_
FN:1170,1170,_ZNKSt10filesystem7__cxx114path6stringEv
FN:1310,1316,_ZNKSt10filesystem7__cxx114path9extensionEv
FN:183,185,_ZNSt10filesystem7__cxx118__detail17__effective_rangeIcSt11char_traitsIcESaIcEEESt17basic_string_viewIT_S3_IS7_EERKNSt7__cxx1112basic_stringIS7_T0_T1_EE
FN:196,214,_ZNSt10filesystem7__cxx118__detail17__effective_rangeIA10_cEEDaRKT_
FN:315,315,_ZNSt10filesystem7__cxx114pathC2Ev
FN:324,326,_ZNSt10filesystem7__cxx114pathC2EONSt7__cxx1112basic_stringIcSt11char_traitsIcESaIcEEENS1_6formatE
FN:330,332,_ZNSt10filesystem7__cxx114pathC2IA10_cS1_EERKT_NS1_6formatE
FN:330,332,_ZNSt10filesystem7__cxx114pathC2INSt7__cxx1112basic_stringIcSt11char_traitsIcESaIcEEES1_EERKT_NS1_6formatE
FN:355,355,_ZNSt10filesystem7__cxx114pathD2Ev
FN:560,561,_ZNSt10filesystem7__cxx11eqERKNS0_4pathES3_
FN:618,633,_ZNSt10filesystem7__cxx114path10_S_convertISt17basic_string_viewIcSt11char_traitsIcEEEEDaT_
FN:689,689,_ZNSt10filesystem7__cxx114path5_ListD2Ev
FNDA:0,_ZNKSt10filesystem7__cxx114path6stringIcSt11char_traitsIcESaIcEEENSt7__cxx1112basic_stringIT_T0_T1_EERKSA_
FNDA:0,_ZNKSt10filesystem7__cxx114path6stringEv
FNDA:0,_ZNKSt10filesystem7__cxx114path9extensionEv
FNDA:0,_ZNSt10filesystem7__cxx118__detail17__effective_rangeIcSt11char_traitsIcESaIcEEESt17basic_string_viewIT_S3_IS7_EERKNSt7__cxx1112basic_stringIS7_T0_T1_EE
FNDA:0,_ZNSt10filesystem7__cxx118__detail17__effective_rangeIA10_cEEDaRKT_
FNDA:0,_ZNSt10filesystem7__cxx114pathC2Ev
FNDA:0,_ZNSt10filesystem7__cxx114pathC2EONSt7__cxx1112basic_stringIcSt11char_traitsIcESaIcEEENS1_6formatE
FNDA:0,_ZNSt10filesystem7__cxx114pathC2IA10_cS1_EERKT_NS1_6formatE
FNDA:0,_ZNSt10filesystem7__cxx114pathC2INSt7__cxx1112basic_stringIcSt11char_traitsIcESaIcEEES1_EERKT_NS1_6formatE
FNDA:0,_ZNSt10filesystem7__cxx114pathD2Ev
FNDA:3,_ZNSt10filesystem7__cxx11eqERKNS0_4pathES3_
FNDA:0,_ZNSt10filesystem7__cxx114path10_S_convertISt17basic_string_viewIcSt11char_traitsIcEEEEDaT_
FNDA:0,_ZNSt10filesystem7__cxx114path5_ListD2Ev
FNF:13
FNH:1
BRDA:325,0,0,-
BRDA:325,e0,1,-
BRDA:326,0,0,-
BRDA:326,e0,1,-
BRDA:331,0,0,-
BRDA:331,e0,1,-
BRDA:331,0,2,-
BRDA:331,e0,3,-
BRDA:332,0,0,-
BRDA:332,e0,1,-
BRDA:1170,0,0,-
BRDA:1170,e0,1,-
BRDA:1313,0,0,-
BRDA:1313,0,1,-
BRDA:1313,0,2,-
BRDA:1313,0,3,-
BRDA:1314,0,0,-
BRDA:1314,e0,1,-
BRDA:1314,0,2,-
BRDA:1314,e0,3,-
BRF:20
BRH:0
DA:183,0
DA:185,0
DA:196,0
DA:203,0
DA:315,0
DA:324,0
DA:325,0
DA:326,0
DA:330,0
DA:331,0
DA:332,0
DA:355,0
DA:560,3
DA:561,3
DA:618,0
DA:622,0
DA:689,0
DA:1161,0
DA:1164,0
DA:1170,0
DA:1310,0
DA:1312,0
DA:1313,0
DA:1314,0
DA:1315,0
DA:1422,3
LF:26
LH:3
end_of_record
TN:
SF:/usr/include/c++/13/bits/functional_hash.h
FN:204,206,_ZNSt10_Hash_impl4hashEPKvmm
FNDA:0,_ZNSt10_Hash_impl4hashEPKvmm
FNF:1
FNH:0
DA:204,0
DA:206,0
LF:2
LH:0
end_of_record
TN:
SF:/usr/include/c++/13/bits/move.h
FN:51,52,_ZSt11__addressofIKSt6vectorIN12media_player6models14MediaFileModelESaIS3_EEEPT_RS7_
FN:51,52,_ZSt11__addressofIN12media_player12repositories20PlaybackHistoryEntryEEPT_RS3_
FN:51,52,_ZSt11__addressofIN12media_player6models13PlaylistModelEEPT_RS3_
FN:51,52,_ZSt11__addressofIN12media_player6models14MediaFileModelEEPT_RS3_
FN:51,52,_ZSt11__addressofIZN12media_player12repositories18PlaylistRepository19deserializePlaylistERKNSt7__cxx1112basic_stringIcSt11char_traitsIcESaIcEEEE8ItemLineEPT_RSC_
FN:70,71,_ZSt7forwardIN12media_player12repositories20PlaybackHistoryEntryEEOT_RNSt16remove_referenceIS3_E4typeE
FN:70,71,_ZSt7forwardIN12media_player6models13PlaylistModelEEOT_RNSt16remove_referenceIS3_E4typeE
FN:70,71,_ZSt7forwardIN12media_player6models14MediaFileModelEEOT_RNSt16remove_referenceIS3_E4typeE
FN:70,71,_ZSt7forwardINSt7__cxx1112basic_stringIcSt11char_traitsIcESaIcEEEEOT_RNSt16remove_referenceIS6_E4typeE
FN:70,71,_ZSt7forwardIONSt7__cxx1112basic_stringIcSt11char_traitsIcESaIcEEEEOT_RNSt16remove_referenceIS7_E4typeE
FN:70,71,_ZSt7forwardIRKN12media_player12repositories20PlaybackHistoryEntryEEOT_RNSt16remove_referenceIS5_E4typeE
FN:70,71,_ZSt7forwardIRKN12media_player6models13PlaylistModelEEOT_RNSt16remove_referenceIS5_E4typeE
FN:70,71,_ZSt7forwardIRKN12media_player6models14MediaFileModelEEOT_RNSt16remove_referenceIS5_E4typeE
FN:70,71,_ZSt7forwardIRKNSt7__cxx1112basic_stringIcSt11char_traitsIcESaIcEEEEOT_RNSt16remove_referenceIS8_E4typeE
FN:70,71,_ZSt7forwardIRKSt21piecewise_construct_tEOT_RNSt16remove_referenceIS3_E4typeE
FN:70,71,_ZSt7forwardIRKZN12media_player12repositories18PlaylistRepository19deserializePlaylistERKNSt7__cxx1112basic_stringIcSt11char_traitsIcESaIcEEEE8ItemLineEOT_RNSt16remove_referenceISE_E4typeE
FN:70,71,_ZSt7forwardIRN12media_player6models13PlaylistModelEEOT_RNSt16remove_referenceIS4_E4typeE
FN:70,71,_ZSt7forwardIRN12media_player6models14MediaFileModelEEOT_RNSt16remove_referenceIS4_E4typeE
FN:70,71,_ZSt7forwardIRPSt13_Rb_tree_nodeISt4pairIKNSt7__cxx1112basic_stringIcSt11char_traitsIcESaIcEEEN12media_player6models13PlaylistModelEEEEOT_RNSt16remove_referenceISG_E4typeE
FN:70,71,_ZSt7forwardIRPSt13_Rb_tree_nodeISt4pairIKNSt7__cxx1112basic_stringIcSt11char_traitsIcESaIcEEEN12media_player6models14MediaFileModelEEEEOT_RNSt16remove_referenceISG_E4typeE
FN:70,71,_ZSt7forwardIRPSt18_Rb_tree_node_baseEOT_RNSt16remove_referenceIS3_E4typeE
FN:70,71,_ZSt7forwardISt5tupleIJEEEOT_RNSt16remove_referenceIS2_E4typeE
FN:70,71,_ZSt7forwardISt5tupleIJONSt7__cxx1112basic_stringIcSt11char_traitsIcESaIcEEEEEEOT_RNSt16remove_referenceIS9_E4typeE
FN:70,71,_ZSt7forwardISt5tupleIJRKNSt7__cxx1112basic_stringIcSt11char_traitsIcESaIcEEEEEEOT_RNSt16remove_referenceISA_E4typeE
FN:70,71,_ZSt7forwardIZN12media_player12repositories18PlaylistRepository19deserializePlaylistERKNSt7__cxx1112basic_stringIcSt11char_traitsIcESaIcEEEE8ItemLineEOT_RNSt16remove_referenceISC_E4typeE
FN:97,98,_ZSt4moveIRN12media_player12repositories20PlaybackHistoryEntryEEONSt16remove_referenceIT_E4typeEOS5_
FN:97,98,_ZSt4moveIRN12media_player6models13PlaylistModelEEONSt16remove_referenceIT_E4typeEOS5_
FN:97,98,_ZSt4moveIRN12media_player6models14MediaFileModelEEONSt16remove_referenceIT_E4typeEOS5_
FN:97,98,_ZSt4moveIRNSt12_Vector_baseIN12media_player6models14MediaFileModelESaIS3_EE12_Vector_implEEONSt16remove_referenceIT_E4typeEOS9_
FN:97,98,_ZSt4moveIRNSt7__cxx1112basic_stringIcSt11char_traitsIcESaIcEEEEONSt16remove_referenceIT_E4typeEOS8_
FN:97,98,_ZSt4moveIRPNSt10filesystem7__cxx114path5_List5_ImplEEONSt16remove_referenceIT_E4typeEOS8_
FN:97,98,_ZSt4moveIRSaIcEEONSt16remove_referenceIT_E4typeEOS3_
FN:97,98,_ZSt4moveIRZN12media_player12repositories17HistoryRepository26removeAllEntriesByFilePathERKNSt7__cxx1112basic_stringIcSt11char_traitsIcESaIcEEEEUlRKNS1_20PlaybackHistoryEntryEE_EONSt16remove_referenceIT_E4typeEOSH_
FN:97,98,_ZSt4moveIRZN12media_player12repositories17HistoryRepository31removeMostRecentEntryByFilePathERKNSt7__cxx1112basic_stringIcSt11char_traitsIcESaIcEEEEUlRKNS1_20PlaybackHistoryEntryEE_EONSt16remove_referenceIT_E4typeEOSH_
FN:97,98,_ZSt4moveIRZN12media_player12repositories18PlaylistRepository19deserializePlaylistERKNSt7__cxx1112basic_stringIcSt11char_traitsIcESaIcEEEE8ItemLineEONSt16remove_referenceIT_E4typeEOSE_
FNDA:0,_ZSt11__addressofIKSt6vectorIN12media_player6models14MediaFileModelESaIS3_EEEPT_RS7_
FNDA:0,_ZSt11__addressofIN12media_player12repositories20PlaybackHistoryEntryEEPT_RS3_
FNDA:0,_ZSt11__addressofIN12media_player6models13PlaylistModelEEPT_RS3_
FNDA:0,_ZSt11__addressofIN12media_player6models14MediaFileModelEEPT_RS3_
FNDA:6,_ZSt11__addressofIZN12media_player12repositories18PlaylistRepository19deserializePlaylistERKNSt7__cxx1112basic_stringIcSt11char_traitsIcESaIcEEEE8ItemLineEPT_RSC_
FNDA:0,_ZSt7forwardIN12media_player12repositories20PlaybackHistoryEntryEEOT_RNSt16remove_referenceIS3_E4typeE
FNDA:0,_ZSt7forwardIN12media_player6models13PlaylistModelEEOT_RNSt16remove_referenceIS3_E4typeE
FNDA:0,_ZSt7forwardIN12media_player6models14MediaFileModelEEOT_RNSt16remove_referenceIS3_E4typeE
FNDA:0,_ZSt7forwardINSt7__cxx1112basic_stringIcSt11char_traitsIcESaIcEEEEOT_RNSt16remove_referenceIS6_E4typeE
FNDA:3,_ZSt7forwardIONSt7__cxx1112basic_stringIcSt11char_traitsIcESaIcEEEEOT_RNSt16remove_referenceIS7_E4typeE
FNDA:0,_ZSt7forwardIRKN12media_player12repositories20PlaybackHistoryEntryEEOT_RNSt16remove_referenceIS5_E4typeE
FNDA:39,_ZSt7forwardIRKN12media_player6models13PlaylistModelEEOT_RNSt16remove_referenceIS5_E4typeE
FNDA:0,_ZSt7forwardIRKN12media_player6models14MediaFileModelEEOT_RNSt16remove_referenceIS5_E4typeE
FNDA:0,_ZSt7forwardIRKNSt7__cxx1112basic_stringIcSt11char_traitsIcESaIcEEEEOT_RNSt16remove_referenceIS8_E4typeE
FNDA:0,_ZSt7forwardIRKSt21piecewise_construct_tEOT_RNSt16remove_referenceIS3_E4typeE
FNDA:9,_ZSt7forwardIRKZN12media_player12repositories18PlaylistRepository19deserializePlaylistERKNSt7__cxx1112basic_stringIcSt11char_traitsIcESaIcEEEE8ItemLineEOT_RNSt16remove_referenceISE_E4typeE
FNDA:56,_ZSt7forwardIRN12media_player6models13PlaylistModelEEOT_RNSt16remove_referenceIS4_E4typeE
FNDA:0,_ZSt7forwardIRN12media_player6models14MediaFileModelEEOT_RNSt16remove_referenceIS4_E4typeE
FNDA:24,_ZSt7forwardIRPSt13_Rb_tree_nodeISt4pairIKNSt7__cxx1112basic_stringIcSt11char_traitsIcESaIcEEEN12media_player6models13PlaylistModelEEEEOT_RNSt16remove_referenceISG_E4typeE
FNDA:23,_ZSt7forwardIRPSt13_Rb_tree_nodeISt4pairIKNSt7__cxx1112basic_stringIcSt11char_traitsIcESaIcEEEN12media_player6models14MediaFileModelEEEEOT_RNSt16remove_referenceISG_E4typeE
FNDA:0,_ZSt7forwardIRPSt18_Rb_tree_node_baseEOT_RNSt16remove_referenceIS3_E4typeE
FNDA:0,_ZSt7forwardISt5tupleIJEEEOT_RNSt16remove_referenceIS2_E4typeE
FNDA:18,_ZSt7forwardISt5tupleIJONSt7__cxx1112basic_stringIcSt11char_traitsIcESaIcEEEEEEOT_RNSt16remove_referenceIS9_E4typeE
FNDA:0,_ZSt7forwardISt5tupleIJRKNSt7__cxx1112basic_stringIcSt11char_traitsIcESaIcEEEEEEOT_RNSt16remove_referenceISA_E4typeE
FNDA:2,_ZSt7forwardIZN12media_player12repositories18PlaylistRepository19deserializePlaylistERKNSt7__cxx1112basic_stringIcSt11char_traitsIcESaIcEEEE8ItemLineEOT_RNSt16remove_referenceISC_E4typeE
FNDA:0,_ZSt4moveIRN12media_player12repositories20PlaybackHistoryEntryEEONSt16remove_referenceIT_E4typeEOS5_
FNDA:0,_ZSt4moveIRN12media_player6models13PlaylistModelEEONSt16remove_referenceIT_E4typeEOS5_
FNDA:0,_ZSt4moveIRN12media_player6models14MediaFileModelEEONSt16remove_referenceIT_E4typeEOS5_
FNDA:0,_ZSt4moveIRNSt12_Vector_baseIN12media_player6models14MediaFileModelESaIS3_EE12_Vector_implEEONSt16remove_referenceIT_E4typeEOS9_
FNDA:0,_ZSt4moveIRNSt7__cxx1112basic_stringIcSt11char_traitsIcESaIcEEEEONSt16remove_referenceIT_E4typeEOS8_
FNDA:0,_ZSt4moveIRPNSt10filesystem7__cxx114path5_List5_ImplEEONSt16remove_referenceIT_E4typeEOS8_
FNDA:0,_ZSt4moveIRSaIcEEONSt16remove_referenceIT_E4typeEOS3_
FNDA:4,_ZSt4moveIRZN12media_player12repositories17HistoryRepository26removeAllEntriesByFilePathERKNSt7__cxx1112basic_stringIcSt11char_traitsIcESaIcEEEEUlRKNS1_20PlaybackHistoryEntryEE_EONSt16remove_referenceIT_E4typeEOSH_
FNDA:4,_ZSt4moveIRZN12media_player12repositories17HistoryRepository31removeMostRecentEntryByFilePathERKNSt7__cxx1112basic_stringIcSt11char_traitsIcESaIcEEEEUlRKNS1_20PlaybackHistoryEntryEE_EONSt16remove_referenceIT_E4typeEOSH_
FNDA:1,_ZSt4moveIRZN12media_player12repositories18PlaylistRepository19deserializePlaylistERKNSt7__cxx1112basic_stringIcSt11char_traitsIcESaIcEEEE8ItemLineEONSt16remove_referenceIT_E4typeEOSE_
FNF:35
FNH:12
DA:51,6
DA:52,6
DA:70,174
DA:71,174
DA:97,9
DA:98,9
LF:6
LH:6
end_of_record
TN:
SF:/usr/include/c++/13/bits/new_allocator.h
FN:104,104,_ZNSt15__new_allocatorIN12media_player12repositories20PlaybackHistoryEntryEED2Ev
FN:104,104,_ZNSt15__new_allocatorIN12media_player6models13PlaylistModelEED2Ev
FN:104,104,_ZNSt15__new_allocatorIN12media_player6models14MediaFileModelEED2Ev
FN:104,104,_ZNSt15__new_allocatorIPN12media_player12repositories20PlaybackHistoryEntryEED2Ev
FN:104,104,_ZNSt15__new_allocatorISt13_Rb_tree_nodeISt4pairIKNSt7__cxx1112basic_stringIcSt11char_traitsIcESaIcEEEN12media_player6models13PlaylistModelEEEED2Ev
FN:104,104,_ZNSt15__new_allocatorISt13_Rb_tree_nodeISt4pairIKNSt7__cxx1112basic_stringIcSt11char_traitsIcESaIcEEEN12media_player6models14MediaFileModelEEEED2Ev
FN:104,104,_ZNSt15__new_allocatorIZN12media_player12repositories18PlaylistRepository19deserializePlaylistERKNSt7__cxx1112basic_stringIcSt11char_traitsIcESaIcEEEE8ItemLineED2Ev
FN:104,104,_ZNSt15__new_allocatorIcED2Ev
FN:126,152,_ZNSt15__new_allocatorIN12media_player12repositories20PlaybackHistoryEntryEE8allocateEmPKv
FN:126,152,_ZNSt15__new_allocatorIN12media_player6models13PlaylistModelEE8allocateEmPKv
FN:126,152,_ZNSt15__new_allocatorIN12media_player6models14MediaFileModelEE8allocateEmPKv
FN:126,152,_ZNSt15__new_allocatorIPN12media_player12repositories20PlaybackHistoryEntryEE8allocateEmPKv
FN:126,152,_ZNSt15__new_allocatorISt13_Rb_tree_nodeISt4pairIKNSt7__cxx1112basic_stringIcSt11char_traitsIcESaIcEEEN12media_player6models13PlaylistModelEEEE8allocateEmPKv
FN:126,152,_ZNSt15__new_allocatorISt13_Rb_tree_nodeISt4pairIKNSt7__cxx1112basic_stringIcSt11char_traitsIcESaIcEEEN12media_player6models14MediaFileModelEEEE8allocateEmPKv
FN:126,152,_ZNSt15__new_allocatorIZN12media_player12repositories18PlaylistRepository19deserializePlaylistERKNSt7__cxx1112basic_stringIcSt11char_traitsIcESaIcEEEE8ItemLineE8allocateEmPKv
FN:156,173,_ZNSt15__new_allocatorIN12media_player12repositories20PlaybackHistoryEntryEE10deallocateEPS2_m
FN:156,173,_ZNSt15__new_allocatorIN12media_player6models13PlaylistModelEE10deallocateEPS2_m
FN:156,173,_ZNSt15__new_allocatorIN12media_player6models14MediaFileModelEE10deallocateEPS2_m
FN:156,173,_ZNSt15__new_allocatorIPN12media_player12repositories20PlaybackHistoryEntryEE10deallocateEPS3_m
FN:156,173,_ZNSt15__new_allocatorISt13_Rb_tree_nodeISt4pairIKNSt7__cxx1112basic_stringIcSt11char_traitsIcESaIcEEEN12media_player6models13PlaylistModelEEEE10deallocateEPSD_m
FN:156,173,_ZNSt15__new_allocatorISt13_Rb_tree_nodeISt4pairIKNSt7__cxx1112basic_stringIcSt11char_traitsIcESaIcEEEN12media_player6models14MediaFileModelEEEE10deallocateEPSD_m
FN:156,173,_ZNSt15__new_allocatorIZN12media_player12repositories18PlaylistRepository19deserializePlaylistERKNSt7__cxx1112basic_stringIcSt11char_traitsIcESaIcEEEE8ItemLineE10deallocateEPSB_m
FNDA:0,_ZNSt15__new_allocatorIN12media_player12repositories20PlaybackHistoryEntryEED2Ev
FNDA:0,_ZNSt15__new_allocatorIN12media_player6models13PlaylistModelEED2Ev
FNDA:0,_ZNSt15__new_allocatorIN12media_player6models14MediaFileModelEED2Ev
FNDA:190,_ZNSt15__new_allocatorIPN12media_player12repositories20PlaybackHistoryEntryEED2Ev
FNDA:34,_ZNSt15__new_allocatorISt13_Rb_tree_nodeISt4pairIKNSt7__cxx1112basic_stringIcSt11char_traitsIcESaIcEEEN12media_player6models13PlaylistModelEEEED2Ev
FNDA:58,_ZNSt15__new_allocatorISt13_Rb_tree_nodeISt4pairIKNSt7__cxx1112basic_stringIcSt11char_traitsIcESaIcEEEN12media_player6models14MediaFileModelEEEED2Ev
FNDA:3,_ZNSt15__new_allocatorIZN12media_player12repositories18PlaylistRepository19deserializePlaylistERKNSt7__cxx1112basic_stringIcSt11char_traitsIcESaIcEEEE8ItemLineED2Ev
FNDA:0,_ZNSt15__new_allocatorIcED2Ev
FNDA:0,_ZNSt15__new_allocatorIN12media_player12repositories20PlaybackHistoryEntryEE8allocateEmPKv
FNDA:0,_ZNSt15__new_allocatorIN12media_player6models13PlaylistModelEE8allocateEmPKv
FNDA:0,_ZNSt15__new_allocatorIN12media_player6models14MediaFileModelEE8allocateEmPKv
FNDA:95,_ZNSt15__new_allocatorIPN12media_player12repositories20PlaybackHistoryEntryEE8allocateEmPKv
FNDA:33,_ZNSt15__new_allocatorISt13_Rb_tree_nodeISt4pairIKNSt7__cxx1112basic_stringIcSt11char_traitsIcESaIcEEEN12media_player6models13PlaylistModelEEEE8allocateEmPKv
FNDA:40,_ZNSt15__new_allocatorISt13_Rb_tree_nodeISt4pairIKNSt7__cxx1112basic_stringIcSt11char_traitsIcESaIcEEEN12media_player6models14MediaFileModelEEEE8allocateEmPKv
FNDA:3,_ZNSt15__new_allocatorIZN12media_player12repositories18PlaylistRepository19deserializePlaylistERKNSt7__cxx1112basic_stringIcSt11char_traitsIcESaIcEEEE8ItemLineE8allocateEmPKv
FNDA:0,_ZNSt15__new_allocatorIN12media_player12repositories20PlaybackHistoryEntryEE10deallocateEPS2_m
FNDA:0,_ZNSt15__new_allocatorIN12media_player6models13PlaylistModelEE10deallocateEPS2_m
FNDA:0,_ZNSt15__new_allocatorIN12media_player6models14MediaFileModelEE10deallocateEPS2_m
FNDA:95,_ZNSt15__new_allocatorIPN12media_player12repositories20PlaybackHistoryEntryEE10deallocateEPS3_m
FNDA:33,_ZNSt15__new_allocatorISt13_Rb_tree_nodeISt4pairIKNSt7__cxx1112basic_stringIcSt11char_traitsIcESaIcEEEN12media_player6models13PlaylistModelEEEE10deallocateEPSD_m
FNDA:40,_ZNSt15__new_allocatorISt13_Rb_tree_nodeISt4pairIKNSt7__cxx1112basic_stringIcSt11char_traitsIcESaIcEEEN12media_player6models14MediaFileModelEEEE10deallocateEPSD_m
FNDA:3,_ZNSt15__new_allocatorIZN12media_player12repositories18PlaylistRepository19deserializePlaylistERKNSt7__cxx1112basic_stringIcSt11char_traitsIcESaIcEEEE8ItemLineE10deallocateEPSB_m
FNF:22
FNH:12
BRDA:134,0,0,0
BRDA:134,0,1,171
BRDA:138,0,0,-
BRDA:138,0,1,-
BRDA:191,0,0,330
BRDA:191,e0,1,0
BRDA:191,0,2,0
BRDA:191,0,3,0
BRDA:191,0,4,30
BRDA:191,e0,5,0
BRDA:191,0,6,0
BRDA:191,0,7,0
BRDA:191,0,8,330
BRDA:191,e0,9,0
BRDA:191,0,10,0
BRDA:191,0,11,0
BRDA:191,0,12,3
BRDA:191,e0,13,0
BRDA:191,0,14,0
BRDA:191,0,15,0
BRDA:191,0,16,0
BRDA:191,e0,17,0
BRDA:191,0,18,0
BRDA:191,0,19,0
BRDA:191,0,20,3
BRDA:191,e0,21,0
BRDA:191,0,22,0
BRDA:191,0,23,0
BRF:28
BRH:6
DA:88,0
DA:92,0
DA:104,285
DA:126,171
DA:134,171
DA:138,0
DA:139,0
DA:140,0
DA:151,171
DA:156,171
DA:172,171
DA:183,0
DA:191,745
DA:198,0
DA:233,0
LF:15
LH:7
end_of_record
TN:
SF:/usr/include/c++/13/bits/predefined_ops.h
FN:310,312,_ZN9__gnu_cxx5__ops10_Iter_predIZN12media_player12repositories17HistoryRepository26removeAllEntriesByFilePathERKNSt7__cxx1112basic_stringIcSt11char_traitsIcESaIcEEEEUlRKNS3_20PlaybackHistoryEntryEE_EC2ESG_
FN:310,312,_ZN9__gnu_cxx5__ops10_Iter_predIZN12media_player12repositories17HistoryRepository31removeMostRecentEntryByFilePathERKNSt7__cxx1112basic_stringIcSt11char_traitsIcESaIcEEEEUlRKNS3_20PlaybackHistoryEntryEE_EC2ESG_
[...]
FN:125,128,_ZNSt22_Optional_payload_baseIN12media_player6models14MediaFileModelEEC2IJRS2_EEESt10in_place_tDpOT_
FN:239,239,_ZNSt22_Optional_payload_baseIN12media_player12repositories20PlaybackHistoryEntryEE8_StorageIS2_Lb0EEC2Ev
FN:239,239,_ZNSt22_Optional_payload_baseIN12media_player6models13PlaylistModelEE8_StorageIS2_Lb0EEC2Ev
FN:239,239,_ZNSt22_Optional_payload_baseIN12media_player6models14MediaFileModelEE8_StorageIS2_Lb0EEC2Ev
FN:243,245,_ZNSt22_Optional_payload_baseIN12media_player12repositories20PlaybackHistoryEntryEE8_StorageIS2_Lb0EEC2IJRKS2_EEESt10in_place_tDpOT_
FN:243,245,_ZNSt22_Optional_payload_baseIN12media_player6models13PlaylistModelEE8_StorageIS2_Lb0EEC2IJRKS2_EEESt10in_place_tDpOT_
FN:243,245,_ZNSt22_Optional_payload_baseIN12media_player6models13PlaylistModelEE8_StorageIS2_Lb0EEC2IJRS2_EEESt10in_place_tDpOT_
FN:243,245,_ZNSt22_Optional_payload_baseIN12media_player6models13PlaylistModelEE8_StorageIS2_Lb0EEC2IJS2_EEESt10in_place_tDpOT_
FN:243,245,_ZNSt22_Optional_payload_baseIN12media_player6models14MediaFileModelEE8_StorageIS2_Lb0EEC2IJRS2_EEESt10in_place_tDpOT_
FN:263,263,_ZNSt22_Optional_payload_baseIN12media_player6models13PlaylistModelEE8_StorageIS2_Lb0EED2Ev
FN:284,288,_ZNSt22_Optional_payload_baseIN12media_player6models13PlaylistModelEE10_M_destroyEv
FN:306,307,_ZNSt22_Optional_payload_baseIN12media_player6models13PlaylistModelEE6_M_getEv
FN:315,321,_ZNSt22_Optional_payload_baseIN12media_player6models13PlaylistModelEE8_M_resetEv
FN:401,401,_ZNSt17_Optional_payloadIN12media_player12repositories20PlaybackHistoryEntryELb1ELb0ELb0EEC2Ev
FN:401,401,_ZNSt17_Optional_payloadIN12media_player6models13PlaylistModelELb1ELb0ELb0EEC2Ev
FN:401,401,_ZNSt17_Optional_payloadIN12media_player6models14MediaFileModelELb1ELb0ELb0EEC2Ev
FN:402,402,_ZNSt17_Optional_payloadIN12media_player6models13PlaylistModelELb1ELb0ELb0EED2Ev
FN:434,434,_ZNSt17_Optional_payloadIN12media_player12repositories20PlaybackHistoryEntryELb0ELb0ELb0EEC2Ev
FN:434,434,_ZNSt17_Optional_payloadIN12media_player6models13PlaylistModelELb0ELb0ELb0EEC2Ev
FN:434,434,_ZNSt17_Optional_payloadIN12media_player6models14MediaFileModelELb0ELb0ELb0EEC2Ev
FN:441,441,_ZNSt17_Optional_payloadIN12media_player6models13PlaylistModelELb0ELb0ELb0EED2Ev
FN:472,473,_ZNKSt19_Optional_base_implIN12media_player6models13PlaylistModelESt14_Optional_baseIS2_Lb0ELb0EEE13_M_is_engagedEv
FN:477,481,_ZNSt19_Optional_base_implIN12media_player6models13PlaylistModelESt14_Optional_baseIS2_Lb0ELb0EEE6_M_getEv
FN:516,516,_ZNSt14_Optional_baseIN12media_player12repositories20PlaybackHistoryEntryELb0ELb0EEC2Ev
FN:516,516,_ZNSt14_Optional_baseIN12media_player6models13PlaylistModelELb0ELb0EEC2Ev
FN:516,516,_ZNSt14_Optional_baseIN12media_player6models14MediaFileModelELb0ELb0EEC2Ev
FN:522,524,_ZNSt14_Optional_baseIN12media_player12repositories20PlaybackHistoryEntryELb0ELb0EEC2IJRKS2_ELb0EEESt10in_place_tDpOT_
FN:522,524,_ZNSt14_Optional_baseIN12media_player6models13PlaylistModelELb0ELb0EEC2IJRKS2_ELb0EEESt10in_place_tDpOT_
FN:522,524,_ZNSt14_Optional_baseIN12media_player6models13PlaylistModelELb0ELb0EEC2IJRS2_ELb0EEESt10in_place_tDpOT_
FN:522,524,_ZNSt14_Optional_baseIN12media_player6models13PlaylistModelELb0ELb0EEC2IJS2_ELb0EEESt10in_place_tDpOT_
FN:522,524,_ZNSt14_Optional_baseIN12media_player6models14MediaFileModelELb0ELb0EEC2IJRS2_ELb0EEESt10in_place_tDpOT_
FN:741,741,_ZNSt8optionalIN12media_player12repositories20PlaybackHistoryEntryEEC2ESt9nullopt_t
FN:741,741,_ZNSt8optionalIN12media_player6models13PlaylistModelEEC2ESt9nullopt_t
FN:741,741,_ZNSt8optionalIN12media_player6models14MediaFileModelEEC2ESt9nullopt_t
FN:749,751,_ZNSt8optionalIN12media_player12repositories20PlaybackHistoryEntryEEC2IRKS2_Lb1EEEOT_
FN:749,751,_ZNSt8optionalIN12media_player6models13PlaylistModelEEC2IRKS2_Lb1EEEOT_
FN:749,751,_ZNSt8optionalIN12media_player6models13PlaylistModelEEC2IRS2_Lb1EEEOT_
FN:749,751,_ZNSt8optionalIN12media_player6models13PlaylistModelEEC2IS2_Lb1EEEOT_
FN:749,751,_ZNSt8optionalIN12media_player6models14MediaFileModelEEC2IRS2_Lb1EEEOT_
FN:967,968,_ZNSt8optionalIN12media_player6models13PlaylistModelEEptEv
FN:975,976,_ZNRSt8optionalIN12media_player6models13PlaylistModelEEdeEv
FN:986,987,_ZNKSt8optionalIN12media_player6models13PlaylistModelEEcvbEv
FNDA:5,_ZNSt22_Optional_payload_baseIN12media_player12repositories20PlaybackHistoryEntryEEC2Ev
FNDA:10,_ZNSt22_Optional_payload_baseIN12media_player6models13PlaylistModelEEC2Ev
FNDA:0,_ZNSt22_Optional_payload_baseIN12media_player6models14MediaFileModelEEC2Ev
FNDA:0,_ZNSt22_Optional_payload_baseIN12media_player6models13PlaylistModelEED2Ev
FNDA:3,_ZNSt22_Optional_payload_baseIN12media_player12repositories20PlaybackHistoryEntryEEC2IJRKS2_EEESt10in_place_tDpOT_
FNDA:6,_ZNSt22_Optional_payload_baseIN12media_player6models13PlaylistModelEEC2IJRKS2_EEESt10in_place_tDpOT_
FNDA:14,_ZNSt22_Optional_payload_baseIN12media_player6models13PlaylistModelEEC2IJRS2_EEESt10in_place_tDpOT_
FNDA:3,_ZNSt22_Optional_payload_baseIN12media_player6models13PlaylistModelEEC2IJS2_EEESt10in_place_tDpOT_
FNDA:1,_ZNSt22_Optional_payload_baseIN12media_player6models14MediaFileModelEEC2IJRS2_EEESt10in_place_tDpOT_
FNDA:5,_ZNSt22_Optional_payload_baseIN12media_player12repositories20PlaybackHistoryEntryEE8_StorageIS2_Lb0EEC2Ev
FNDA:10,_ZNSt22_Optional_payload_baseIN12media_player6models13PlaylistModelEE8_StorageIS2_Lb0EEC2Ev
FNDA:0,_ZNSt22_Optional_payload_baseIN12media_player6models14MediaFileModelEE8_StorageIS2_Lb0EEC2Ev
FNDA:3,_ZNSt22_Optional_payload_baseIN12media_player12repositories20PlaybackHistoryEntryEE8_StorageIS2_Lb0EEC2IJRKS2_EEESt10in_place_tDpOT_
FNDA:6,_ZNSt22_Optional_payload_baseIN12media_player6models13PlaylistModelEE8_StorageIS2_Lb0EEC2IJRKS2_EEESt10in_place_tDpOT_
FNDA:14,_ZNSt22_Optional_payload_baseIN12media_player6models13PlaylistModelEE8_StorageIS2_Lb0EEC2IJRS2_EEESt10in_place_tDpOT_
FNDA:3,_ZNSt22_Optional_payload_baseIN12media_player6models13PlaylistModelEE8_StorageIS2_Lb0EEC2IJS2_EEESt10in_place_tDpOT_
FNDA:1,_ZNSt22_Optional_payload_baseIN12media_player6models14MediaFileModelEE8_StorageIS2_Lb0EEC2IJRS2_EEESt10in_place_tDpOT_
FNDA:0,_ZNSt22_Optional_payload_baseIN12media_player6models13PlaylistModelEE8_StorageIS2_Lb0EED2Ev
FNDA:0,_ZNSt22_Optional_payload_baseIN12media_player6models13PlaylistModelEE10_M_destroyEv
FNDA:0,_ZNSt22_Optional_payload_baseIN12media_player6models13PlaylistModelEE6_M_getEv
FNDA:0,_ZNSt22_Optional_payload_baseIN12media_player6models13PlaylistModelEE8_M_resetEv
FNDA:5,_ZNSt17_Optional_payloadIN12media_player12repositories20PlaybackHistoryEntryELb1ELb0ELb0EEC2Ev
FNDA:10,_ZNSt17_Optional_payloadIN12media_player6models13PlaylistModelELb1ELb0ELb0EEC2Ev
FNDA:0,_ZNSt17_Optional_payloadIN12media_player6models14MediaFileModelELb1ELb0ELb0EEC2Ev
FNDA:0,_ZNSt17_Optional_payloadIN12media_player6models13PlaylistModelELb1ELb0ELb0EED2Ev
FNDA:5,_ZNSt17_Optional_payloadIN12media_player12repositories20PlaybackHistoryEntryELb0ELb0ELb0EEC2Ev
FNDA:10,_ZNSt17_Optional_payloadIN12media_player6models13PlaylistModelELb0ELb0ELb0EEC2Ev
FNDA:0,_ZNSt17_Optional_payloadIN12media_player6models14MediaFileModelELb0ELb0ELb0EEC2Ev
FNDA:0,_ZNSt17_Optional_payloadIN12media_player6models13PlaylistModelELb0ELb0ELb0EED2Ev
FNDA:0,_ZNKSt19_Optional_base_implIN12media_player6models13PlaylistModelESt14_Optional_baseIS2_Lb0ELb0EEE13_M_is_engagedEv
FNDA:0,_ZNSt19_Optional_base_implIN12media_player6models13PlaylistModelESt14_Optional_baseIS2_Lb0ELb0EEE6_M_getEv
FNDA:5,_ZNSt14_Optional_baseIN12media_player12repositories20PlaybackHistoryEntryELb0ELb0EEC2Ev
FNDA:10,_ZNSt14_Optional_baseIN12media_player6models13PlaylistModelELb0ELb0EEC2Ev
FNDA:0,_ZNSt14_Optional_baseIN12media_player6models14MediaFileModelELb0ELb0EEC2Ev
FNDA:3,_ZNSt14_Optional_baseIN12media_player12repositories20PlaybackHistoryEntryELb0ELb0EEC2IJRKS2_ELb0EEESt10in_place_tDpOT_
FNDA:6,_ZNSt14_Optional_baseIN12media_player6models13PlaylistModelELb0ELb0EEC2IJRKS2_ELb0EEESt10in_place_tDpOT_
FNDA:14,_ZNSt14_Optional_baseIN12media_player6models13PlaylistModelELb0ELb0EEC2IJRS2_ELb0EEESt10in_place_tDpOT_
FNDA:3,_ZNSt14_Optional_baseIN12media_player6models13PlaylistModelELb0ELb0EEC2IJS2_ELb0EEESt10in_place_tDpOT_
FNDA:1,_ZNSt14_Optional_baseIN12media_player6models14MediaFileModelELb0ELb0EEC2IJRS2_ELb0EEESt10in_place_tDpOT_
FNDA:5,_ZNSt8optionalIN12media_player12repositories20PlaybackHistoryEntryEEC2ESt9nullopt_t
FNDA:10,_ZNSt8optionalIN12media_player6models13PlaylistModelEEC2ESt9nullopt_t
FNDA:0,_ZNSt8optionalIN12media_player6models14MediaFileModelEEC2ESt9nullopt_t
FNDA:3,_ZNSt8optionalIN12media_player12repositories20PlaybackHistoryEntryEEC2IRKS2_Lb1EEEOT_
FNDA:6,_ZNSt8optionalIN12media_player6models13PlaylistModelEEC2IRKS2_Lb1EEEOT_
FNDA:14,_ZNSt8optionalIN12media_player6models13PlaylistModelEEC2IRS2_Lb1EEEOT_
FNDA:3,_ZNSt8optionalIN12media_player6models13PlaylistModelEEC2IS2_Lb1EEEOT_
FNDA:1,_ZNSt8optionalIN12media_player6models14MediaFileModelEEC2IRS2_Lb1EEEOT_
FNDA:0,_ZNSt8optionalIN12media_player6models13PlaylistModelEEptEv
FNDA:0,_ZNRSt8optionalIN12media_player6models13PlaylistModelEEdeEv
FNDA:0,_ZNKSt8optionalIN12media_player6models13PlaylistModelEEcvbEv
FNF:50
FNH:32
BRDA:317,0,0,-
BRDA:317,0,1,-
BRDA:479,0,0,-
BRDA:479,0,1,-
BRDA:479,0,2,-
BRDA:479,0,3,-
BRDA:479,0,4,-
BRDA:479,0,5,-
BRF:8
BRH:0
DA:120,15
DA:121,0
DA:125,27
DA:126,27
DA:127,27
DA:128,27
DA:239,15
DA:243,27
DA:244,27
DA:245,27
DA:263,0
DA:284,0
DA:286,0
DA:287,0
DA:288,0
DA:306,0
DA:307,0
DA:315,0
DA:317,0
DA:318,0
DA:320,0
DA:321,0
DA:401,15
DA:402,0
DA:434,15
DA:441,0
DA:472,0
DA:473,0
DA:477,0
DA:479,0
DA:480,0
DA:516,15
DA:522,27
DA:523,27
DA:524,27
DA:741,15
DA:749,27
DA:751,27
DA:967,0
DA:968,0
DA:975,0
DA:976,0
DA:986,0
DA:987,0
LF:44
LH:18
end_of_record
TN:
SF:/usr/include/c++/13/string_view
FN:140,143,_ZNSt17basic_string_viewIcSt11char_traitsIcEEC2EPKc
FN:229,230,_ZNKSt17basic_string_viewIcSt11char_traitsIcEE4sizeEv
FN:289,290,_ZNKSt17basic_string_viewIcSt11char_traitsIcEE4dataEv
FNDA:0,_ZNSt17basic_string_viewIcSt11char_traitsIcEEC2EPKc
FNDA:0,_ZNKSt17basic_string_viewIcSt11char_traitsIcEE4sizeEv
FNDA:0,_ZNKSt17basic_string_viewIcSt11char_traitsIcEE4dataEv
FNF:3
FNH:0
DA:140,0
DA:141,0
DA:142,0
DA:143,0
DA:229,0
DA:230,0
DA:289,0
DA:290,0
LF:8
LH:0
end_of_record
TN:
SF:/usr/include/c++/13/tuple
FN:125,125,_ZNSt10_Head_baseILm1ENSt10filesystem7__cxx114path5_List13_Impl_deleterELb1EE7_M_headERS5_
FN:1787,1788,_ZSt12__get_helperILm0EONSt7__cxx1112basic_stringIcSt11char_traitsIcESaIcEEEJEERT0_RSt11_Tuple_implIXT_EJS7_DpT1_EE
FN:1787,1788,_ZSt12__get_helperILm0EPNSt10filesystem7__cxx114path5_List5_ImplEJNS3_13_Impl_deleterEEERT0_RSt11_Tuple_implIXT_EJS7_DpT1_EE
FN:1787,1788,_ZSt12__get_helperILm0ERKNSt7__cxx1112basic_stringIcSt11char_traitsIcESaIcEEEJEERT0_RSt11_Tuple_implIXT_EJS8_DpT1_EE
FN:1787,1788,_ZSt12__get_helperILm1ENSt10filesystem7__cxx114path5_List13_Impl_deleterEJEERT0_RSt11_Tuple_implIXT_EJS5_DpT1_EE
FN:1803,1804,_ZSt3getILm0EJONSt7__cxx1112basic_stringIcSt11char_traitsIcESaIcEEEEERNSt13tuple_elementIXT_ESt5tupleIJDpT0_EEE4typeERSB_
FN:1803,1804,_ZSt3getILm0EJPNSt10filesystem7__cxx114path5_List5_ImplENS3_13_Impl_deleterEEERNSt13tuple_elementIXT_ESt5tupleIJDpT0_EEE4typeERSB_
FN:1803,1804,_ZSt3getILm0EJRKNSt7__cxx1112basic_stringIcSt11char_traitsIcESaIcEEEEERNSt13tuple_elementIXT_ESt5tupleIJDpT0_EEE4typeERSC_
FN:1803,1804,_ZSt3getILm1EJPNSt10filesystem7__cxx114path5_List5_ImplENS3_13_Impl_deleterEEERNSt13tuple_elementIXT_ESt5tupleIJDpT0_EEE4typeERSB_
FN:193,194,_ZNSt10_Head_baseILm0ERKNSt7__cxx1112basic_stringIcSt11char_traitsIcESaIcEEELb0EEC2ES7_
FN:200,201,_ZNSt10_Head_baseILm0EONSt7__cxx1112basic_stringIcSt11char_traitsIcESaIcEEELb0EEC2IS5_EEOT_
FN:2013,2014,_ZSt16forward_as_tupleIJNSt7__cxx1112basic_stringIcSt11char_traitsIcESaIcEEEEESt5tupleIJDpOT_EES9_
FN:2252,2258,_ZNSt4pairIKNSt7__cxx1112basic_stringIcSt11char_traitsIcESaIcEEEN12media_player6models13PlaylistModelEEC2IJOS5_EJEEESt21piecewise_construct_tSt5tupleIJDpT_EESE_IJDpT0_EE
FN:2252,2258,_ZNSt4pairIKNSt7__cxx1112basic_stringIcSt11char_traitsIcESaIcEEEN12media_player6models13PlaylistModelEEC2IJRS6_EJEEESt21piecewise_construct_tSt5tupleIJDpT_EESE_IJDpT0_EE
FN:2252,2258,_ZNSt4pairIKNSt7__cxx1112basic_stringIcSt11char_traitsIcESaIcEEEN12media_player6models14MediaFileModelEEC2IJRS6_EJEEESt21piecewise_construct_tSt5tupleIJDpT_EESE_IJDpT0_EE
FN:2264,2269,_ZNSt4pairIKNSt7__cxx1112basic_stringIcSt11char_traitsIcESaIcEEEN12media_player6models13PlaylistModelEEC2IJOS5_EJLm0EEJEJEEERSt5tupleIJDpT_EERSD_IJDpT1_EESt12_Index_tupleIJXspT0_EEESM_IJXspT2_EEE
FN:2264,2269,_ZNSt4pairIKNSt7__cxx1112basic_stringIcSt11char_traitsIcESaIcEEEN12media_player6models13PlaylistModelEEC2IJRS6_EJLm0EEJEJEEERSt5tupleIJDpT_EERSD_IJDpT1_EESt12_Index_tupleIJXspT0_EEESM_IJXspT2_EEE
FN:2264,2269,_ZNSt4pairIKNSt7__cxx1112basic_stringIcSt11char_traitsIcESaIcEEEN12media_player6models14MediaFileModelEEC2IJRS6_EJLm0EEJEJEEERSt5tupleIJDpT_EERSD_IJDpT1_EESt12_Index_tupleIJXspT0_EEESM_IJXspT2_EEE
FN:234,234,_ZNSt10_Head_baseILm0EONSt7__cxx1112basic_stringIcSt11char_traitsIcESaIcEEELb0EE7_M_headERS7_
FN:234,234,_ZNSt10_Head_baseILm0EPNSt10filesystem7__cxx114path5_List5_ImplELb0EE7_M_headERS6_
FN:234,234,_ZNSt10_Head_baseILm0ERKNSt7__cxx1112basic_stringIcSt11char_traitsIcESaIcEEELb0EE7_M_headERS8_
FN:269,269,_ZNSt11_Tuple_implILm0EJPNSt10filesystem7__cxx114path5_List5_ImplENS3_13_Impl_deleterEEE7_M_headERS7_
FN:497,497,_ZNSt11_Tuple_implILm0EJONSt7__cxx1112basic_stringIcSt11char_traitsIcESaIcEEEEE7_M_headERS7_
FN:497,497,_ZNSt11_Tuple_implILm0EJRKNSt7__cxx1112basic_stringIcSt11char_traitsIcESaIcEEEEE7_M_headERS8_
FN:497,497,_ZNSt11_Tuple_implILm1EJNSt10filesystem7__cxx114path5_List13_Impl_deleterEEE7_M_headERS5_
FN:507,509,_ZNSt11_Tuple_implILm0EJRKNSt7__cxx1112basic_stringIcSt11char_traitsIcESaIcEEEEEC2ES7_
FN:513,515,_ZNSt11_Tuple_implILm0EJONSt7__cxx1112basic_stringIcSt11char_traitsIcESaIcEEEEEC2IS5_EEOT_
FN:527,530,_ZNSt11_Tuple_implILm0EJONSt7__cxx1112basic_stringIcSt11char_traitsIcESaIcEEEEEC2EOS7_
FN:527,530,_ZNSt11_Tuple_implILm0EJRKNSt7__cxx1112basic_stringIcSt11char_traitsIcESaIcEEEEEC2EOS8_
FN:874,876,_ZNSt5tupleIJRKNSt7__cxx1112basic_stringIcSt11char_traitsIcESaIcEEEEEC2ILb1ELb1EEES7_
FN:889,891,_ZNSt5tupleIJONSt7__cxx1112basic_stringIcSt11char_traitsIcESaIcEEEEEC2IJS5_ELb1ELb1EEEDpOT_
FN:903,903,_ZNSt5tupleIJONSt7__cxx1112basic_stringIcSt11char_traitsIcESaIcEEEEEC2EOS7_
FN:903,903,_ZNSt5tupleIJRKNSt7__cxx1112basic_stringIcSt11char_traitsIcESaIcEEEEEC2EOS8_
FNDA:0,_ZNSt10_Head_baseILm1ENSt10filesystem7__cxx114path5_List13_Impl_deleterELb1EE7_M_headERS5_
FNDA:3,_ZSt12__get_helperILm0EONSt7__cxx1112basic_stringIcSt11char_traitsIcESaIcEEEJEERT0_RSt11_Tuple_implIXT_EJS7_DpT1_EE
FNDA:0,_ZSt12__get_helperILm0EPNSt10filesystem7__cxx114path5_List5_ImplEJNS3_13_Impl_deleterEEERT0_RSt11_Tuple_implIXT_EJS7_DpT1_EE
FNDA:0,_ZSt12__get_helperILm0ERKNSt7__cxx1112basic_stringIcSt11char_traitsIcESaIcEEEJEERT0_RSt11_Tuple_implIXT_EJS8_DpT1_EE
FNDA:0,_ZSt12__get_helperILm1ENSt10filesystem7__cxx114path5_List13_Impl_deleterEJEERT0_RSt11_Tuple_implIXT_EJS5_DpT1_EE
FNDA:3,_ZSt3getILm0EJONSt7__cxx1112basic_stringIcSt11char_traitsIcESaIcEEEEERNSt13tuple_elementIXT_ESt5tupleIJDpT0_EEE4typeERSB_
FNDA:0,_ZSt3getILm0EJPNSt10filesystem7__cxx114path5_List5_ImplENS3_13_Impl_deleterEEERNSt13tuple_elementIXT_ESt5tupleIJDpT0_EEE4typeERSB_
FNDA:0,_ZSt3getILm0EJRKNSt7__cxx1112basic_stringIcSt11char_traitsIcESaIcEEEEERNSt13tuple_elementIXT_ESt5tupleIJDpT0_EEE4typeERSC_
FNDA:0,_ZSt3getILm1EJPNSt10filesystem7__cxx114path5_List5_ImplENS3_13_Impl_deleterEEERNSt13tuple_elementIXT_ESt5tupleIJDpT0_EEE4typeERSB_
FNDA:0,_ZNSt10_Head_baseILm0ERKNSt7__cxx1112basic_stringIcSt11char_traitsIcESaIcEEELb0EEC2ES7_
FNDA:3,_ZNSt10_Head_baseILm0EONSt7__cxx1112basic_stringIcSt11char_traitsIcESaIcEEELb0EEC2IS5_EEOT_
FNDA:3,_ZSt16forward_as_tupleIJNSt7__cxx1112basic_stringIcSt11char_traitsIcESaIcEEEEESt5tupleIJDpOT_EES9_
FNDA:3,_ZNSt4pairIKNSt7__cxx1112basic_stringIcSt11char_traitsIcESaIcEEEN12media_player6models13PlaylistModelEEC2IJOS5_EJEEESt21piecewise_construct_tSt5tupleIJDpT_EESE_IJDpT0_EE
FNDA:30,_ZNSt4pairIKNSt7__cxx1112basic_stringIcSt11char_traitsIcESaIcEEEN12media_player6models13PlaylistModelEEC2IJRS6_EJEEESt21piecewise_construct_tSt5tupleIJDpT_EESE_IJDpT0_EE
FNDA:40,_ZNSt4pairIKNSt7__cxx1112basic_stringIcSt11char_traitsIcESaIcEEEN12media_player6models14MediaFileModelEEC2IJRS6_EJEEESt21piecewise_construct_tSt5tupleIJDpT_EESE_IJDpT0_EE
FNDA:3,_ZNSt4pairIKNSt7__cxx1112basic_stringIcSt11char_traitsIcESaIcEEEN12media_player6models13PlaylistModelEEC2IJOS5_EJLm0EEJEJEEERSt5tupleIJDpT_EERSD_IJDpT1_EESt12_Index_tupleIJXspT0_EEESM_IJXspT2_EEE
FNDA:30,_ZNSt4pairIKNSt7__cxx1112basic_stringIcSt11char_traitsIcESaIcEEEN12media_player6models13PlaylistModelEEC2IJRS6_EJLm0EEJEJEEERSt5tupleIJDpT_EERSD_IJDpT1_EESt12_Index_tupleIJXspT0_EEESM_IJXspT2_EEE
FNDA:40,_ZNSt4pairIKNSt7__cxx1112basic_stringIcSt11char_traitsIcESaIcEEEN12media_player6models14MediaFileModelEEC2IJRS6_EJLm0EEJEJEEERSt5tupleIJDpT_EERSD_IJDpT1_EESt12_Index_tupleIJXspT0_EEESM_IJXspT2_EEE
FNDA:3,_ZNSt10_Head_baseILm0EONSt7__cxx1112basic_stringIcSt11char_traitsIcESaIcEEELb0EE7_M_headERS7_
FNDA:0,_ZNSt10_Head_baseILm0EPNSt10filesystem7__cxx114path5_List5_ImplELb0EE7_M_headERS6_
FNDA:0,_ZNSt10_Head_baseILm0ERKNSt7__cxx1112basic_stringIcSt11char_traitsIcESaIcEEELb0EE7_M_headERS8_
FNDA:0,_ZNSt11_Tuple_implILm0EJPNSt10filesystem7__cxx114path5_List5_ImplENS3_13_Impl_deleterEEE7_M_headERS7_
FNDA:3,_ZNSt11_Tuple_implILm0EJONSt7__cxx1112basic_stringIcSt11char_traitsIcESaIcEEEEE7_M_headERS7_
FNDA:0,_ZNSt11_Tuple_implILm0EJRKNSt7__cxx1112basic_stringIcSt11char_traitsIcESaIcEEEEE7_M_headERS8_
FNDA:0,_ZNSt11_Tuple_implILm1EJNSt10filesystem7__cxx114path5_List13_Impl_deleterEEE7_M_headERS5_
FNDA:0,_ZNSt11_Tuple_implILm0EJRKNSt7__cxx1112basic_stringIcSt11char_traitsIcESaIcEEEEEC2ES7_
FNDA:3,_ZNSt11_Tuple_implILm0EJONSt7__cxx1112basic_stringIcSt11char_traitsIcESaIcEEEEEC2IS5_EEOT_
FNDA:3,_ZNSt11_Tuple_implILm0EJONSt7__cxx1112basic_stringIcSt11char_traitsIcESaIcEEEEEC2EOS7_
FNDA:0,_ZNSt11_Tuple_implILm0EJRKNSt7__cxx1112basic_stringIcSt11char_traitsIcESaIcEEEEEC2EOS8_
FNDA:0,_ZNSt5tupleIJRKNSt7__cxx1112basic_stringIcSt11char_traitsIcESaIcEEEEEC2ILb1ELb1EEES7_
FNDA:3,_ZNSt5tupleIJONSt7__cxx1112basic_stringIcSt11char_traitsIcESaIcEEEEEC2IJS5_ELb1ELb1EEEDpOT_
FNDA:3,_ZNSt5tupleIJONSt7__cxx1112basic_stringIcSt11char_traitsIcESaIcEEEEEC2EOS7_
FNDA:0,_ZNSt5tupleIJRKNSt7__cxx1112basic_stringIcSt11char_traitsIcESaIcEEEEEC2EOS8_
FNF:33
FNH:16
BRDA:2268,0,0,73
BRDA:2268,e0,1,0
BRF:2
BRH:1
DA:125,0
DA:193,0
DA:194,0
DA:200,3
DA:201,3
DA:234,3
DA:269,0
DA:497,3
DA:507,0
DA:508,0
DA:509,0
DA:513,3
DA:514,3
DA:515,3
DA:527,3
DA:529,3
DA:530,3
DA:874,0
DA:876,0
DA:889,3
DA:891,3
DA:903,3
DA:1787,3
DA:1788,3
DA:1803,3
DA:1804,3
DA:2013,3
DA:2014,3
DA:2252,73
DA:2257,73
DA:2258,73
DA:2264,73
DA:2267,73
DA:2268,73
DA:2269,73
LF:35
LH:26
end_of_record
TN:
SF:/usr/include/x86_64-linux-gnu/c++/13/bits/c++config.h
FN:540,551,_ZSt23__is_constant_evaluatedv
FNDA:0,_ZSt23__is_constant_evaluatedv
FNF:1
FNH:0
DA:540,0
DA:547,0
LF:2
LH:0
end_of_record
TN:
SF:/usr/include/x86_64-linux-gnu/c++/13/bits/gthr-default.h
FN:300,303,_ZL18__gthread_active_pv
FN:746,752,_ZL20__gthread_mutex_lockP15pthread_mutex_t
FN:776,782,_ZL22__gthread_mutex_unlockP15pthread_mutex_t
FN:809,812,_ZL30__gthread_recursive_mutex_lockP15pthread_mutex_t
FN:830,833,_ZL32__gthread_recursive_mutex_unlockP15pthread_mutex_t
FNDA:0,_ZL18__gthread_active_pv
FNDA:0,_ZL20__gthread_mutex_lockP15pthread_mutex_t
FNDA:0,_ZL22__gthread_mutex_unlockP15pthread_mutex_t
FNDA:0,_ZL30__gthread_recursive_mutex_lockP15pthread_mutex_t
FNDA:0,_ZL32__gthread_recursive_mutex_unlockP15pthread_mutex_t
FNF:5
FNH:0
BRDA:748,0,0,-
BRDA:748,0,1,-
BRDA:778,0,0,-
BRDA:778,0,1,-
BRF:4
BRH:0
DA:300,0
DA:302,0
DA:746,0
DA:748,0
DA:749,0
DA:751,0
DA:776,0
DA:778,0
DA:779,0
DA:781,0
DA:809,0
DA:811,0
DA:830,0
DA:832,0
LF:14
LH:0
end_of_record
