TN:
SF:/home/duong/MediaPlayerApp/src/controllers/HardwareController.cpp
FN:107,126,_ZZN12media_player11controllers18HardwareController11autoConnectEvENKUlvE_clEv
FN:131,195,_ZN12media_player11controllers18HardwareController18scanAvailablePortsB5cxx11Ev
FN:197,205,_ZN12media_player11controllers18HardwareController7connectERKNSt7__cxx1112basic_stringIcSt11char_traitsIcESaIcEEEi
FN:207,217,_ZN12media_player11controllers18HardwareController10disconnectEv
FN:219,222,_ZNK12media_player11controllers18HardwareController11isConnectedEv
FN:224,247,_ZN12media_player11controllers18HardwareController17refreshConnectionEv
FN:249,261,_ZN12media_player11controllers18HardwareController19sendCurrentSongInfoERKNSt7__cxx1112basic_stringIcSt11char_traitsIcESaIcEEES9_
FN:263,275,_ZN12media_player11controllers18HardwareController17sendPlaybackStateEb
FN:277,280,_ZN12media_player11controllers18HardwareController17setButtonCallbackESt8functionIFvNS0_14HardwareButtonEEE
FN:28,53,_ZN12media_player11controllers18HardwareControllerC2ESt10shared_ptrINS_8services20ISerialCommunicationEES2_INS_6models18PlaybackStateModelEE
FN:282,285,_ZN12media_player11controllers18HardwareController17setVolumeCallbackESt8functionIFviEE
FN:287,299,_ZN12media_player11controllers18HardwareController20onSerialDataReceivedERKNSt7__cxx1112basic_stringIcSt11char_traitsIcESaIcEEE
FN:301,352,_ZN12media_player11controllers18HardwareController13processBufferEv
FN:354,416,_ZN12media_player11controllers18HardwareController19parseS32K144MessageERKNSt7__cxx1112basic_stringIcSt11char_traitsIcESaIcEEE
FN:39,42,_ZZN12media_player11controllers18HardwareControllerC4ESt10shared_ptrINS_8services20ISerialCommunicationEES2_INS_6models18PlaybackStateModelEEENKUlRKNSt7__cxx1112basic_stringIcSt11char_traitsIcESaIcEEEE_clESG_
FN:47,50,_ZZN12media_player11controllers18HardwareControllerC4ESt10shared_ptrINS_8services20ISerialCommunicationEES2_INS_6models18PlaybackStateModelEEENKUlRKNSt7__cxx1112basic_stringIcSt11char_traitsIcESaIcEEEE0_clESG_
FN:55,64,_ZN12media_player11controllers18HardwareControllerD2Ev
FN:66,79,_ZN12media_player11controllers18HardwareController10initializeEv
FN:81,129,_ZN12media_player11controllers18HardwareController11autoConnectEv
FNDA:2,_ZZN12media_player11controllers18HardwareController11autoConnectEvENKUlvE_clEv
FNDA:2,_ZN12media_player11controllers18HardwareController18scanAvailablePortsB5cxx11Ev
FNDA:3,_ZN12media_player11controllers18HardwareController7connectERKNSt7__cxx1112basic_stringIcSt11char_traitsIcESaIcEEEi
FNDA:20,_ZN12media_player11controllers18HardwareController10disconnectEv
FNDA:6,_ZNK12media_player11controllers18HardwareController11isConnectedEv
FNDA:2,_ZN12media_player11controllers18HardwareController17refreshConnectionEv
FNDA:1,_ZN12media_player11controllers18HardwareController19sendCurrentSongInfoERKNSt7__cxx1112basic_stringIcSt11char_traitsIcESaIcEEES9_
FNDA:2,_ZN12media_player11controllers18HardwareController17sendPlaybackStateEb
FNDA:5,_ZN12media_player11controllers18HardwareController17setButtonCallbackESt8functionIFvNS0_14HardwareButtonEEE
FNDA:17,_ZN12media_player11controllers18HardwareControllerC2ESt10shared_ptrINS_8services20ISerialCommunicationEES2_INS_6models18PlaybackStateModelEE
FNDA:3,_ZN12media_player11controllers18HardwareController17setVolumeCallbackESt8functionIFviEE
FNDA:11,_ZN12media_player11controllers18HardwareController20onSerialDataReceivedERKNSt7__cxx1112basic_stringIcSt11char_traitsIcESaIcEEE
FNDA:11,_ZN12media_player11controllers18HardwareController13processBufferEv
FNDA:10,_ZN12media_player11controllers18HardwareController19parseS32K144MessageERKNSt7__cxx1112basic_stringIcSt11char_traitsIcESaIcEEE
FNDA:11,_ZZN12media_player11controllers18HardwareControllerC4ESt10shared_ptrINS_8services20ISerialCommunicationEES2_INS_6models18PlaybackStateModelEEENKUlRKNSt7__cxx1112basic_stringIcSt11char_traitsIcESaIcEEEE_clESG_
FNDA:0,_ZZN12media_player11controllers18HardwareControllerC4ESt10shared_ptrINS_8services20ISerialCommunicationEES2_INS_6models18PlaybackStateModelEEENKUlRKNSt7__cxx1112basic_stringIcSt11char_traitsIcESaIcEEEE0_clESG_
FNDA:17,_ZN12media_player11controllers18HardwareControllerD2Ev
FNDA:3,_ZN12media_player11controllers18HardwareController10initializeEv
FNDA:4,_ZN12media_player11controllers18HardwareController11autoConnectEv
FNF:19
FNH:18
DA:28,17
DA:31,17
DA:32,17
DA:33,17
DA:34,17
DA:35,17
DA:38,34
DA:39,17
DA:41,11
DA:42,11
DA:46,17
DA:47,0
DA:50,0
DA:53,17
DA:55,17
DA:57,17
DA:58,17
DA:60,2
DA:63,17
DA:64,17
DA:66,3
DA:69,3
DA:71,1
DA:75,2
DA:76,2
DA:78,2
DA:79,2
DA:81,4
DA:83,4
DA:85,4
DA:87,0
DA:90,4
DA:92,2
DA:95,2
DA:97,2
DA:99,0
DA:100,0
DA:103,2
DA:104,2
DA:107,4
DA:108,2
DA:109,2
DA:111,2
DA:114,0
DA:116,0
DA:118,0
DA:119,0
DA:125,2
DA:126,4
DA:128,2
DA:129,4
DA:131,2
DA:133,2
DA:136,4
DA:138,6
DA:140,44
DA:142,40
DA:144,40
DA:146,0
DA:148,40
DA:152,4
DA:154,6
DA:156,4
DA:158,4
DA:161,0
DA:163,0
DA:165,0
DA:167,0
DA:171,2
DA:172,2
DA:174,2
DA:175,2
DA:177,2
DA:181,0
DA:183,0
DA:185,0
DA:188,0
DA:194,4
DA:195,2
DA:197,3
DA:199,3
DA:201,2
DA:204,1
DA:207,20
DA:209,20
DA:211,15
DA:215,20
DA:216,20
DA:217,20
DA:219,6
DA:221,6
DA:224,2
DA:226,2
DA:228,2
DA:232,1
DA:234,0
DA:237,1
DA:238,1
DA:240,1
DA:243,0
DA:246,0
DA:249,1
DA:251,1
DA:253,0
DA:257,1
DA:260,1
DA:261,1
DA:263,2
DA:265,2
DA:267,0
DA:271,2
DA:272,2
DA:274,2
DA:275,2
DA:277,5
DA:279,5
DA:280,5
DA:282,3
DA:284,3
DA:285,3
DA:287,11
DA:293,11
DA:294,11
DA:295,11
DA:298,11
DA:299,11
DA:301,11
DA:303,11
DA:306,11
DA:308,21
DA:311,12
DA:313,12
DA:316,2
DA:317,2
DA:321,10
DA:323,10
DA:326,0
DA:327,0
DA:331,10
DA:334,10
DA:337,10
DA:338,10
DA:341,11
DA:343,9
DA:347,11
DA:348,11
DA:350,1
DA:352,11
DA:354,10
DA:356,10
DA:359,10
DA:363,5
DA:366,5
DA:368,1
DA:371,4
DA:373,3
DA:376,4
DA:378,0
DA:381,0
DA:385,5
DA:389,5
DA:392,5
DA:394,2
DA:396,2
DA:398,2
DA:401,2
DA:408,0
DA:411,0
DA:415,3
DA:416,10
LF:170
LH:141
end_of_record
TN:
SF:/home/duong/MediaPlayerApp/src/controllers/LibraryController.cpp
FN:100,103,_ZNK12media_player11controllers17LibraryController11sortByAlbumEb
FN:105,108,_ZNK12media_player11controllers17LibraryController13getTotalCountEv
FN:110,113,_ZNK12media_player11controllers17LibraryController13getAudioCountEv
FN:115,118,_ZNK12media_player11controllers17LibraryController13getVideoCountEv
FN:20,28,_ZNK12media_player11controllers17LibraryController12readMetadataERKNSt7__cxx1112basic_stringIcSt11char_traitsIcESaIcEEE
FN:30,48,_ZN12media_player11controllers17LibraryController14updateMetadataERKNS_6models14MediaFileModelERKNS2_13MetadataModelE
FN:50,52,_ZN12media_player11controllers17LibraryControllerD2Ev
FN:54,57,_ZNK12media_player11controllers17LibraryController11getAllMediaEv
FN:59,62,_ZNK12media_player11controllers17LibraryController7getPageEmm
FN:64,67,_ZNK12media_player11controllers17LibraryController13getAudioFilesEv
FN:69,83,_ZNK12media_player11controllers17LibraryController13getVideoFilesEv
FN:85,88,_ZNK12media_player11controllers17LibraryController6searchERKNSt7__cxx1112basic_stringIcSt11char_traitsIcESaIcEEE
FN:9,18,_ZN12media_player11controllers17LibraryControllerC2ESt10shared_ptrINS_6models12LibraryModelEES2_INS_12repositories17LibraryRepositoryEES2_INS_8services15IMetadataReaderEE
FN:90,93,_ZNK12media_player11controllers17LibraryController11sortByTitleEb
FN:95,98,_ZNK12media_player11controllers17LibraryController12sortByArtistEb
FNDA:1,_ZNK12media_player11controllers17LibraryController11sortByAlbumEb
FNDA:1,_ZNK12media_player11controllers17LibraryController13getTotalCountEv
FNDA:1,_ZNK12media_player11controllers17LibraryController13getAudioCountEv
FNDA:1,_ZNK12media_player11controllers17LibraryController13getVideoCountEv
FNDA:2,_ZNK12media_player11controllers17LibraryController12readMetadataERKNSt7__cxx1112basic_stringIcSt11char_traitsIcESaIcEEE
FNDA:1,_ZN12media_player11controllers17LibraryController14updateMetadataERKNS_6models14MediaFileModelERKNS2_13MetadataModelE
FNDA:4,_ZN12media_player11controllers17LibraryControllerD2Ev
FNDA:1,_ZNK12media_player11controllers17LibraryController11getAllMediaEv
FNDA:1,_ZNK12media_player11controllers17LibraryController7getPageEmm
FNDA:1,_ZNK12media_player11controllers17LibraryController13getAudioFilesEv
FNDA:1,_ZNK12media_player11controllers17LibraryController13getVideoFilesEv
FNDA:1,_ZNK12media_player11controllers17LibraryController6searchERKNSt7__cxx1112basic_stringIcSt11char_traitsIcESaIcEEE
FNDA:4,_ZN12media_player11controllers17LibraryControllerC2ESt10shared_ptrINS_6models12LibraryModelEES2_INS_12repositories17LibraryRepositoryEES2_INS_8services15IMetadataReaderEE
FNDA:1,_ZNK12media_player11controllers17LibraryController11sortByTitleEb
FNDA:1,_ZNK12media_player11controllers17LibraryController12sortByArtistEb
FNF:15
FNH:15
DA:9,4
DA:13,4
DA:14,4
DA:15,4
DA:16,4
DA:18,4
DA:20,2
DA:22,2
DA:23,1
DA:24,1
DA:25,1
DA:26,0
DA:27,1
DA:28,1
DA:30,1
DA:32,1
DA:35,1
DA:37,1
DA:38,1
DA:39,1
DA:40,1
DA:44,1
DA:45,1
DA:46,1
DA:47,0
DA:50,4
DA:52,4
DA:54,1
DA:56,1
DA:59,1
DA:61,1
DA:64,1
DA:66,1
DA:69,1
DA:71,1
DA:72,1
DA:74,4
DA:76,3
DA:78,1
DA:82,2
DA:83,1
DA:85,1
DA:87,1
DA:90,1
DA:92,1
DA:95,1
DA:97,1
DA:100,1
DA:102,1
DA:105,1
DA:107,1
DA:110,1
DA:112,1
DA:115,1
DA:117,1
LF:55
LH:53
end_of_record
TN:
SF:/home/duong/MediaPlayerApp/src/controllers/MainController.cpp
FN:29,32,_ZN12media_player11controllers14MainControllerD2Ev
FN:34,51,_ZN12media_player11controllers14MainController10navigateToENS0_10ScreenTypeE
FN:53,56,_ZNK12media_player11controllers14MainController16getCurrentScreenEv
FN:58,67,_ZN12media_player11controllers14MainController10initializeEv
FN:69,89,_ZN12media_player11controllers14MainController8shutdownEv
FN:9,27,_ZN12media_player11controllers14MainControllerC2ESt10shared_ptrINS0_18PlaybackControllerEES2_INS0_16SourceControllerEES2_INS0_17LibraryControllerEES2_INS0_18PlaylistControllerEES2_INS0_15QueueControllerEES2_INS0_18HardwareControllerEES2_INS_6models16SystemStateModelEE
FN:91,95,_ZN12media_player11controllers14MainController20handleGlobalKeyPressEi
FN:97,100,_ZN12media_player11controllers14MainController17handleGlobalEventERKNSt7__cxx1112basic_stringIcSt11char_traitsIcESaIcEEE
FNDA:1,_ZN12media_player11controllers14MainControllerD2Ev
FNDA:4,_ZN12media_player11controllers14MainController10navigateToENS0_10ScreenTypeE
FNDA:1,_ZNK12media_player11controllers14MainController16getCurrentScreenEv
FNDA:1,_ZN12media_player11controllers14MainController10initializeEv
FNDA:2,_ZN12media_player11controllers14MainController8shutdownEv
FNDA:1,_ZN12media_player11controllers14MainControllerC2ESt10shared_ptrINS0_18PlaybackControllerEES2_INS0_16SourceControllerEES2_INS0_17LibraryControllerEES2_INS0_18PlaylistControllerEES2_INS0_15QueueControllerEES2_INS0_18HardwareControllerEES2_INS_6models16SystemStateModelEE
FNDA:1,_ZN12media_player11controllers14MainController20handleGlobalKeyPressEi
FNDA:1,_ZN12media_player11controllers14MainController17handleGlobalEventERKNSt7__cxx1112basic_stringIcSt11char_traitsIcESaIcEEE
FNF:8
FNH:8
DA:9,1
DA:17,1
DA:18,1
DA:19,1
DA:20,1
DA:21,1
DA:22,1
DA:23,1
DA:24,1
DA:25,1
DA:27,1
DA:29,1
DA:31,1
DA:32,1
DA:34,4
DA:36,4
DA:38,4
DA:40,0
DA:41,0
DA:42,1
DA:43,1
DA:44,1
DA:45,1
DA:46,1
DA:47,1
DA:48,1
DA:49,1
DA:51,4
DA:53,1
DA:55,1
DA:58,1
DA:61,1
DA:63,1
DA:66,1
DA:69,2
DA:72,2
DA:74,2
DA:78,2
DA:80,0
DA:84,2
DA:86,2
DA:89,2
DA:91,1
DA:95,1
DA:97,1
DA:100,1
LF:46
LH:43
end_of_record
TN:
SF:/home/duong/MediaPlayerApp/src/controllers/PlaybackController.cpp
FN:130,140,_ZN12media_player11controllers18PlaybackController5pauseEv
FN:142,186,_ZN12media_player11controllers18PlaybackController15togglePlayPauseEv
FN:188,208,_ZN12media_player11controllers18PlaybackController4stopEv
FN:210,221,_ZN12media_player11controllers18PlaybackController8playNextEv
FN:226,281,_ZN12media_player11controllers18PlaybackController12playPreviousEv
FN:25,28,_ZZN12media_player11controllers18PlaybackControllerC4ESt10shared_ptrINS_6models10QueueModelEES2_INS3_18PlaybackStateModelEES2_INS_12repositories17HistoryRepositoryEEENKUlNS_8services13PlaybackStateEE_clESC_
FN:283,294,_ZN12media_player11controllers18PlaybackController10playItemAtEm
FN:296,321,_ZN12media_player11controllers18PlaybackController21playMediaWithoutQueueERKNS_6models14MediaFileModelE
FN:32,35,_ZZN12media_player11controllers18PlaybackControllerC4ESt10shared_ptrINS_6models10QueueModelEES2_INS3_18PlaybackStateModelEES2_INS_12repositories17HistoryRepositoryEEENKUliiE_clEii
FN:323,333,_ZN12media_player11controllers18PlaybackController4seekEi
FN:335,345,_ZN12media_player11controllers18PlaybackController9setVolumeEi
FN:347,351,_ZNK12media_player11controllers18PlaybackController9getVolumeEv
FN:353,357,_ZNK12media_player11controllers18PlaybackController9isPlayingEv
FN:359,363,_ZNK12media_player11controllers18PlaybackController8isPausedEv
FN:365,369,_ZNK12media_player11controllers18PlaybackController9isStoppedEv
FN:371,375,_ZNK12media_player11controllers18PlaybackController18getCurrentFilePathB5cxx11Ev
FN:377,381,_ZNK12media_player11controllers18PlaybackController19getCurrentMediaTypeEv
FN:383,417,_ZN12media_player11controllers18PlaybackController19selectAndLoadEngineERKNS_6models14MediaFileModelE
FN:39,42,_ZZN12media_player11controllers18PlaybackControllerC4ESt10shared_ptrINS_6models10QueueModelEES2_INS3_18PlaybackStateModelEES2_INS_12repositories17HistoryRepositoryEEENKUlRKNSt7__cxx1112basic_stringIcSt11char_traitsIcESaIcEEEE_clESI_
FN:419,428,_ZN12media_player11controllers18PlaybackController20cleanupCurrentEngineEv
FN:430,450,_ZN12media_player11controllers18PlaybackController14onStateChangedENS_8services13PlaybackStateE
FN:452,457,_ZN12media_player11controllers18PlaybackController17onPositionChangedEii
FN:459,478,_ZN12media_player11controllers18PlaybackController7onErrorERKNSt7__cxx1112basic_stringIcSt11char_traitsIcESaIcEEE
FN:46,49,_ZZN12media_player11controllers18PlaybackControllerC4ESt10shared_ptrINS_6models10QueueModelEES2_INS3_18PlaybackStateModelEES2_INS_12repositories17HistoryRepositoryEEENKUlvE_clEv
FN:480,549,_ZN12media_player11controllers18PlaybackController10onFinishedEv
FN:54,57,_ZN12media_player11controllers18PlaybackControllerD2Ev
FN:551,560,_ZN12media_player11controllers18PlaybackController14setAudioEngineESt10unique_ptrINS_8services15IPlaybackEngineESt14default_deleteIS4_EE
FN:555,555,_ZZN12media_player11controllers18PlaybackController14setAudioEngineESt10unique_ptrINS_8services15IPlaybackEngineESt14default_deleteIS4_EEENKUlNS3_13PlaybackStateEE_clES8_
FN:556,556,_ZZN12media_player11controllers18PlaybackController14setAudioEngineESt10unique_ptrINS_8services15IPlaybackEngineESt14default_deleteIS4_EEENKUliiE_clEii
FN:557,557,_ZZN12media_player11controllers18PlaybackController14setAudioEngineESt10unique_ptrINS_8services15IPlaybackEngineESt14default_deleteIS4_EEENKUlRKNSt7__cxx1112basic_stringIcSt11char_traitsIcESaIcEEEE_clESF_
FN:558,558,_ZZN12media_player11controllers18PlaybackController14setAudioEngineESt10unique_ptrINS_8services15IPlaybackEngineESt14default_deleteIS4_EEENKUlvE_clEv
FN:59,128,_ZN12media_player11controllers18PlaybackController4playEv
FN:9,52,_ZN12media_player11controllers18PlaybackControllerC2ESt10shared_ptrINS_6models10QueueModelEES2_INS3_18PlaybackStateModelEES2_INS_12repositories17HistoryRepositoryEE
FNDA:4,_ZN12media_player11controllers18PlaybackController5pauseEv
FNDA:7,_ZN12media_player11controllers18PlaybackController15togglePlayPauseEv
FNDA:45,_ZN12media_player11controllers18PlaybackController4stopEv
FNDA:8,_ZN12media_player11controllers18PlaybackController8playNextEv
FNDA:6,_ZN12media_player11controllers18PlaybackController12playPreviousEv
FNDA:0,_ZZN12media_player11controllers18PlaybackControllerC4ESt10shared_ptrINS_6models10QueueModelEES2_INS3_18PlaybackStateModelEES2_INS_12repositories17HistoryRepositoryEEENKUlNS_8services13PlaybackStateEE_clESC_
FNDA:2,_ZN12media_player11controllers18PlaybackController10playItemAtEm
FNDA:8,_ZN12media_player11controllers18PlaybackController21playMediaWithoutQueueERKNS_6models14MediaFileModelE
FNDA:0,_ZZN12media_player11controllers18PlaybackControllerC4ESt10shared_ptrINS_6models10QueueModelEES2_INS3_18PlaybackStateModelEES2_INS_12repositories17HistoryRepositoryEEENKUliiE_clEii
FNDA:2,_ZN12media_player11controllers18PlaybackController4seekEi
FNDA:4,_ZN12media_player11controllers18PlaybackController9setVolumeEi
FNDA:1,_ZNK12media_player11controllers18PlaybackController9getVolumeEv
FNDA:27,_ZNK12media_player11controllers18PlaybackController9isPlayingEv
FNDA:7,_ZNK12media_player11controllers18PlaybackController8isPausedEv
FNDA:3,_ZNK12media_player11controllers18PlaybackController9isStoppedEv
FNDA:12,_ZNK12media_player11controllers18PlaybackController18getCurrentFilePathB5cxx11Ev
FNDA:2,_ZNK12media_player11controllers18PlaybackController19getCurrentMediaTypeEv
FNDA:42,_ZN12media_player11controllers18PlaybackController19selectAndLoadEngineERKNS_6models14MediaFileModelE
FNDA:0,_ZZN12media_player11controllers18PlaybackControllerC4ESt10shared_ptrINS_6models10QueueModelEES2_INS3_18PlaybackStateModelEES2_INS_12repositories17HistoryRepositoryEEENKUlRKNSt7__cxx1112basic_stringIcSt11char_traitsIcESaIcEEEE_clESI_
FNDA:68,_ZN12media_player11controllers18PlaybackController20cleanupCurrentEngineEv
FNDA:130,_ZN12media_player11controllers18PlaybackController14onStateChangedENS_8services13PlaybackStateE
FNDA:2,_ZN12media_player11controllers18PlaybackController17onPositionChangedEii
FNDA:1,_ZN12media_player11controllers18PlaybackController7onErrorERKNSt7__cxx1112basic_stringIcSt11char_traitsIcESaIcEEE
FNDA:0,_ZZN12media_player11controllers18PlaybackControllerC4ESt10shared_ptrINS_6models10QueueModelEES2_INS3_18PlaybackStateModelEES2_INS_12repositories17HistoryRepositoryEEENKUlvE_clEv
FNDA:9,_ZN12media_player11controllers18PlaybackController10onFinishedEv
FNDA:36,_ZN12media_player11controllers18PlaybackControllerD2Ev
FNDA:32,_ZN12media_player11controllers18PlaybackController14setAudioEngineESt10unique_ptrINS_8services15IPlaybackEngineESt14default_deleteIS4_EE
FNDA:130,_ZZN12media_player11controllers18PlaybackController14setAudioEngineESt10unique_ptrINS_8services15IPlaybackEngineESt14default_deleteIS4_EEENKUlNS3_13PlaybackStateEE_clES8_
FNDA:2,_ZZN12media_player11controllers18PlaybackController14setAudioEngineESt10unique_ptrINS_8services15IPlaybackEngineESt14default_deleteIS4_EEENKUliiE_clEii
FNDA:1,_ZZN12media_player11controllers18PlaybackController14setAudioEngineESt10unique_ptrINS_8services15IPlaybackEngineESt14default_deleteIS4_EEENKUlRKNSt7__cxx1112basic_stringIcSt11char_traitsIcESaIcEEEE_clESF_
FNDA:9,_ZZN12media_player11controllers18PlaybackController14setAudioEngineESt10unique_ptrINS_8services15IPlaybackEngineESt14default_deleteIS4_EEENKUlvE_clEv
FNDA:33,_ZN12media_player11controllers18PlaybackController4playEv
FNDA:36,_ZN12media_player11controllers18PlaybackControllerC2ESt10shared_ptrINS_6models10QueueModelEES2_INS3_18PlaybackStateModelEES2_INS_12repositories17HistoryRepositoryEE
FNF:33
FNH:29
DA:9,36
DA:13,36
DA:14,36
DA:15,36
DA:16,36
DA:17,36
DA:18,36
DA:21,36
DA:24,72
DA:25,0
DA:27,0
DA:28,0
DA:31,72
DA:32,0
DA:34,0
DA:35,0
DA:38,72
DA:39,0
DA:41,0
DA:42,0
DA:45,72
DA:46,0
DA:48,0
DA:49,0
DA:52,36
DA:54,36
DA:56,36
DA:57,36
DA:59,33
DA:61,33
DA:63,33
DA:64,33
DA:65,33
DA:67,33
DA:69,2
DA:73,35
DA:75,4
DA:76,4
DA:77,4
DA:79,31
DA:81,1
DA:82,1
DA:86,30
DA:87,30
DA:88,90
DA:89,30
DA:92,30
DA:94,30
DA:96,1
DA:97,1
DA:98,1
DA:101,29
DA:105,29
DA:107,0
DA:110,29
DA:112,29
DA:115,29
DA:117,1
DA:119,28
DA:121,28
DA:122,28
DA:127,29
DA:128,33
DA:130,4
DA:132,4
DA:134,4
DA:136,0
DA:139,4
DA:140,4
DA:142,7
DA:144,7
DA:146,7
DA:148,1
DA:150,6
DA:153,2
DA:158,4
DA:161,2
DA:164,1
DA:169,1
DA:171,1
DA:172,1
DA:173,3
DA:174,1
DA:175,1
DA:182,2
DA:185,0
DA:186,7
DA:188,45
DA:190,45
DA:192,45
DA:194,9
DA:197,36
DA:199,36
DA:201,72
DA:202,36
DA:203,36
DA:204,36
DA:207,36
DA:208,45
DA:210,8
DA:212,8
DA:213,8
DA:214,8
DA:216,6
DA:217,6
DA:219,2
DA:220,2
DA:221,8
DA:226,6
DA:228,6
DA:230,6
DA:231,6
DA:232,6
DA:235,6
DA:236,6
DA:238,2
DA:239,2
DA:240,2
DA:244,4
DA:245,4
DA:247,4
DA:248,4
DA:249,1
DA:250,4
DA:252,3
DA:254,3
DA:255,3
DA:256,0
DA:257,3
DA:258,3
DA:259,9
DA:260,3
DA:261,3
DA:262,3
DA:264,4
DA:267,1
DA:269,0
DA:272,1
DA:273,1
DA:274,1
DA:275,1
DA:277,1
DA:278,1
DA:280,1
DA:281,6
DA:283,2
DA:285,2
DA:287,2
DA:289,1
DA:292,1
DA:293,1
DA:294,2
DA:296,8
DA:298,8
DA:300,8
DA:301,1
DA:303,7
DA:304,7
DA:305,7
DA:306,0
DA:308,7
DA:309,7
DA:310,21
DA:311,7
DA:312,7
DA:314,7
DA:315,7
DA:317,7
DA:318,7
DA:320,7
DA:321,8
DA:323,2
DA:325,2
DA:327,2
DA:329,0
DA:332,2
DA:333,2
DA:335,4
DA:337,4
DA:339,4
DA:341,2
DA:344,4
DA:345,4
DA:347,1
DA:349,1
DA:350,2
DA:351,1
DA:353,27
DA:355,27
DA:356,54
DA:357,27
DA:359,7
DA:361,7
DA:362,14
DA:363,7
DA:365,3
DA:367,3
DA:368,6
DA:369,3
DA:371,12
DA:373,12
DA:374,24
DA:375,12
DA:377,2
DA:379,2
DA:380,4
DA:381,2
DA:383,42
DA:385,42
DA:389,42
DA:391,0
DA:394,42
DA:396,1
DA:400,41
DA:401,41
DA:404,41
DA:406,41
DA:408,0
DA:409,0
DA:410,0
DA:414,41
DA:416,41
DA:419,68
DA:421,68
DA:423,42
DA:426,68
DA:427,68
DA:428,68
DA:430,130
DA:432,130
DA:435,130
DA:437,46
DA:438,46
DA:439,46
DA:440,4
DA:441,4
DA:442,4
DA:443,80
DA:444,80
DA:445,80
DA:448,130
DA:450,130
DA:452,2
DA:454,2
DA:455,2
DA:456,2
DA:457,2
DA:459,1
DA:461,1
DA:464,1
DA:465,1
DA:466,1
DA:467,1
DA:469,1
DA:470,1
DA:471,1
DA:472,1
DA:474,1
DA:475,1
DA:477,0
DA:478,1
DA:480,9
DA:482,9
DA:483,9
DA:484,9
DA:486,3
DA:488,3
DA:490,2
DA:491,2
DA:493,1
DA:494,1
DA:495,1
DA:498,1
DA:500,1
DA:501,1
DA:502,1
DA:504,1
DA:505,1
DA:506,3
DA:507,1
DA:508,1
DA:509,1
DA:510,1
DA:514,1
DA:515,1
DA:517,6
DA:519,1
DA:520,1
DA:521,1
DA:526,5
DA:528,1
DA:530,1
DA:531,1
DA:533,1
DA:534,1
DA:538,0
DA:539,0
DA:541,0
DA:542,0
DA:543,0
DA:544,0
DA:546,0
DA:547,4
DA:549,9
DA:551,32
DA:553,32
DA:554,32
DA:555,162
DA:556,34
DA:557,33
DA:558,41
DA:559,32
DA:560,32
LF:313
LH:282
end_of_record
TN:
SF:/home/duong/MediaPlayerApp/src/controllers/PlaylistController.cpp
FN:114,135,_ZN12media_player11controllers18PlaylistController23removeMediaFromPlaylistERKNSt7__cxx1112basic_stringIcSt11char_traitsIcESaIcEEEm
FN:137,158,_ZN12media_player11controllers18PlaylistController18moveItemInPlaylistERKNSt7__cxx1112basic_stringIcSt11char_traitsIcESaIcEEEmm
FN:14,16,_ZN12media_player11controllers18PlaylistControllerD2Ev
FN:160,163,_ZNK12media_player11controllers18PlaylistController16getPlaylistCountEv
FN:18,38,_ZN12media_player11controllers18PlaylistController14createPlaylistERKNSt7__cxx1112basic_stringIcSt11char_traitsIcESaIcEEE
FN:40,47,_ZN12media_player11controllers18PlaylistController14deletePlaylistERKNSt7__cxx1112basic_stringIcSt11char_traitsIcESaIcEEE
FN:49,66,_ZN12media_player11controllers18PlaylistController14renamePlaylistERKNSt7__cxx1112basic_stringIcSt11char_traitsIcESaIcEEES9_
FN:68,71,_ZNK12media_player11controllers18PlaylistController15getAllPlaylistsEv
FN:73,76,_ZNK12media_player11controllers18PlaylistController15getPlaylistByIdERKNSt7__cxx1112basic_stringIcSt11char_traitsIcESaIcEEE
FN:78,81,_ZNK12media_player11controllers18PlaylistController17getPlaylistByNameERKNSt7__cxx1112basic_stringIcSt11char_traitsIcESaIcEEE
FN:83,93,_ZNK12media_player11controllers18PlaylistController16getPlaylistItemsERKNSt7__cxx1112basic_stringIcSt11char_traitsIcESaIcEEE
FN:9,12,_ZN12media_player11controllers18PlaylistControllerC2ESt10shared_ptrINS_12repositories18PlaylistRepositoryEE
FN:95,112,_ZN12media_player11controllers18PlaylistController18addMediaToPlaylistERKNSt7__cxx1112basic_stringIcSt11char_traitsIcESaIcEEERKNS_6models14MediaFileModelE
FNDA:3,_ZN12media_player11controllers18PlaylistController23removeMediaFromPlaylistERKNSt7__cxx1112basic_stringIcSt11char_traitsIcESaIcEEEm
FNDA:3,_ZN12media_player11controllers18PlaylistController18moveItemInPlaylistERKNSt7__cxx1112basic_stringIcSt11char_traitsIcESaIcEEEmm
FNDA:3,_ZN12media_player11controllers18PlaylistControllerD2Ev
FNDA:1,_ZNK12media_player11controllers18PlaylistController16getPlaylistCountEv
FNDA:5,_ZN12media_player11controllers18PlaylistController14createPlaylistERKNSt7__cxx1112basic_stringIcSt11char_traitsIcESaIcEEE
FNDA:2,_ZN12media_player11controllers18PlaylistController14deletePlaylistERKNSt7__cxx1112basic_stringIcSt11char_traitsIcESaIcEEE
FNDA:2,_ZN12media_player11controllers18PlaylistController14renamePlaylistERKNSt7__cxx1112basic_stringIcSt11char_traitsIcESaIcEEES9_
FNDA:1,_ZNK12media_player11controllers18PlaylistController15getAllPlaylistsEv
FNDA:1,_ZNK12media_player11controllers18PlaylistController15getPlaylistByIdERKNSt7__cxx1112basic_stringIcSt11char_traitsIcESaIcEEE
FNDA:3,_ZNK12media_player11controllers18PlaylistController17getPlaylistByNameERKNSt7__cxx1112basic_stringIcSt11char_traitsIcESaIcEEE
FNDA:2,_ZNK12media_player11controllers18PlaylistController16getPlaylistItemsERKNSt7__cxx1112basic_stringIcSt11char_traitsIcESaIcEEE
FNDA:3,_ZN12media_player11controllers18PlaylistControllerC2ESt10shared_ptrINS_12repositories18PlaylistRepositoryEE
FNDA:3,_ZN12media_player11controllers18PlaylistController18addMediaToPlaylistERKNSt7__cxx1112basic_stringIcSt11char_traitsIcESaIcEEERKNS_6models14MediaFileModelE
FNF:13
FNH:13
DA:9,3
DA:10,3
DA:12,3
DA:14,3
DA:16,3
DA:18,5
DA:20,5
DA:22,1
DA:26,4
DA:28,2
DA:31,2
DA:33,2
DA:35,2
DA:37,0
DA:38,2
DA:40,2
DA:42,2
DA:44,1
DA:46,1
DA:49,2
DA:51,2
DA:53,2
DA:55,1
DA:58,1
DA:59,1
DA:61,1
DA:63,1
DA:65,0
DA:66,2
DA:68,1
DA:70,1
DA:73,1
DA:75,1
DA:78,3
DA:80,3
DA:83,2
DA:85,2
DA:87,2
DA:89,1
DA:92,1
DA:93,2
DA:95,3
DA:97,3
DA:99,3
DA:101,1
DA:104,2
DA:105,2
DA:107,2
DA:109,2
DA:111,0
DA:112,3
DA:114,3
DA:116,3
DA:118,3
DA:120,1
DA:123,2
DA:125,2
DA:127,1
DA:130,1
DA:132,1
DA:134,0
DA:135,3
DA:137,3
DA:139,3
DA:141,3
DA:143,1
DA:146,2
DA:148,2
DA:150,1
DA:153,1
DA:155,1
DA:157,0
DA:158,3
DA:160,1
DA:162,1
LF:75
LH:70
end_of_record
TN:
SF:/home/duong/MediaPlayerApp/src/controllers/QueueController.cpp
FN:101,109,_ZN12media_player11controllers15QueueController8moveItemEmm
FN:111,115,_ZN12media_player11controllers15QueueController13toggleShuffleEv
FN:117,126,_ZN12media_player11controllers15QueueController15cycleRepeatModeEv
FN:128,131,_ZN12media_player11controllers15QueueController12toggleRepeatEv
FN:133,136,_ZN12media_player11controllers15QueueController10setShuffleEb
FN:138,141,_ZN12media_player11controllers15QueueController9setRepeatENS_6models10RepeatModeE
FN:14,16,_ZN12media_player11controllers15QueueControllerD2Ev
FN:143,146,_ZNK12media_player11controllers15QueueController16isShuffleEnabledEv
FN:148,151,_ZNK12media_player11controllers15QueueController13getRepeatModeEv
FN:153,156,_ZNK12media_player11controllers15QueueController16isLoopOneEnabledEv
FN:158,161,_ZNK12media_player11controllers15QueueController16isLoopAllEnabledEv
FN:163,166,_ZNK12media_player11controllers15QueueController15isRepeatEnabledEv
FN:168,171,_ZNK12media_player11controllers15QueueController12getQueueSizeEv
FN:173,176,_ZNK12media_player11controllers15QueueController7isEmptyEv
FN:178,181,_ZNK12media_player11controllers15QueueController7hasNextEv
FN:18,21,_ZN12media_player11controllers15QueueController10addToQueueERKNS_6models14MediaFileModelE
FN:183,186,_ZNK12media_player11controllers15QueueController11hasPreviousEv
FN:188,191,_ZNK12media_player11controllers15QueueController11getAllItemsEv
FN:193,196,_ZNK12media_player11controllers15QueueController21getPlaybackOrderItemsEv
FN:198,201,_ZNK12media_player11controllers15QueueController14getCurrentItemEv
FN:203,206,_ZNK12media_player11controllers15QueueController15getCurrentIndexEv
FN:23,26,_ZN12media_player11controllers15QueueController14addToQueueNextERKNS_6models14MediaFileModelE
FN:28,36,_ZN12media_player11controllers15QueueController18addPlaylistToQueueERKNS_6models13PlaylistModelE
FN:38,44,_ZN12media_player11controllers15QueueController18addMultipleToQueueERKSt6vectorINS_6models14MediaFileModelESaIS4_EE
FN:46,54,_ZN12media_player11controllers15QueueController15removeFromQueueEm
FN:56,64,_ZN12media_player11controllers15QueueController12removeByPathERKNSt7__cxx1112basic_stringIcSt11char_traitsIcESaIcEEE
FN:66,69,_ZN12media_player11controllers15QueueController10clearQueueEv
FN:71,79,_ZN12media_player11controllers15QueueController11jumpToIndexEm
FN:81,89,_ZN12media_player11controllers15QueueController10moveToNextEv
FN:9,12,_ZN12media_player11controllers15QueueControllerC2ESt10shared_ptrINS_6models10QueueModelEE
FN:91,99,_ZN12media_player11controllers15QueueController14moveToPreviousEv
FNDA:3,_ZN12media_player11controllers15QueueController8moveItemEmm
FNDA:2,_ZN12media_player11controllers15QueueController13toggleShuffleEv
FNDA:5,_ZN12media_player11controllers15QueueController15cycleRepeatModeEv
FNDA:0,_ZN12media_player11controllers15QueueController12toggleRepeatEv
FNDA:2,_ZN12media_player11controllers15QueueController10setShuffleEb
FNDA:1,_ZN12media_player11controllers15QueueController9setRepeatENS_6models10RepeatModeE
FNDA:11,_ZN12media_player11controllers15QueueControllerD2Ev
FNDA:5,_ZNK12media_player11controllers15QueueController16isShuffleEnabledEv
FNDA:1,_ZNK12media_player11controllers15QueueController13getRepeatModeEv
FNDA:0,_ZNK12media_player11controllers15QueueController16isLoopOneEnabledEv
FNDA:0,_ZNK12media_player11controllers15QueueController16isLoopAllEnabledEv
FNDA:7,_ZNK12media_player11controllers15QueueController15isRepeatEnabledEv
FNDA:2,_ZNK12media_player11controllers15QueueController12getQueueSizeEv
FNDA:2,_ZNK12media_player11controllers15QueueController7isEmptyEv
FNDA:0,_ZNK12media_player11controllers15QueueController7hasNextEv
FNDA:13,_ZN12media_player11controllers15QueueController10addToQueueERKNS_6models14MediaFileModelE
FNDA:0,_ZNK12media_player11controllers15QueueController11hasPreviousEv
FNDA:2,_ZNK12media_player11controllers15QueueController11getAllItemsEv
FNDA:2,_ZNK12media_player11controllers15QueueController21getPlaybackOrderItemsEv
FNDA:1,_ZNK12media_player11controllers15QueueController14getCurrentItemEv
FNDA:2,_ZNK12media_player11controllers15QueueController15getCurrentIndexEv
FNDA:1,_ZN12media_player11controllers15QueueController14addToQueueNextERKNS_6models14MediaFileModelE
FNDA:2,_ZN12media_player11controllers15QueueController18addPlaylistToQueueERKNS_6models13PlaylistModelE
FNDA:3,_ZN12media_player11controllers15QueueController18addMultipleToQueueERKSt6vectorINS_6models14MediaFileModelESaIS4_EE
FNDA:3,_ZN12media_player11controllers15QueueController15removeFromQueueEm
FNDA:2,_ZN12media_player11controllers15QueueController12removeByPathERKNSt7__cxx1112basic_stringIcSt11char_traitsIcESaIcEEE
FNDA:1,_ZN12media_player11controllers15QueueController10clearQueueEv
FNDA:3,_ZN12media_player11controllers15QueueController11jumpToIndexEm
FNDA:2,_ZN12media_player11controllers15QueueController10moveToNextEv
FNDA:11,_ZN12media_player11controllers15QueueControllerC2ESt10shared_ptrINS_6models10QueueModelEE
FNDA:2,_ZN12media_player11controllers15QueueController14moveToPreviousEv
FNF:31
FNH:26
DA:9,11
DA:10,11
DA:12,11
DA:14,11
DA:16,11
DA:18,13
DA:20,13
DA:21,13
DA:23,1
DA:25,1
DA:26,1
DA:28,2
DA:30,2
DA:32,6
DA:34,4
DA:36,2
DA:38,3
DA:40,8
DA:42,5
DA:44,3
DA:46,3
DA:48,3
DA:50,1
DA:53,2
DA:56,2
DA:58,2
DA:60,1
DA:63,1
DA:66,1
DA:68,1
DA:69,1
DA:71,3
DA:73,3
DA:75,2
DA:78,1
DA:81,2
DA:83,2
DA:85,1
DA:88,1
DA:91,2
DA:93,2
DA:95,1
DA:98,1
DA:101,3
DA:103,3
DA:105,2
DA:108,1
DA:111,2
DA:113,2
DA:114,2
DA:115,2
DA:117,5
DA:119,5
DA:120,7
DA:121,2
DA:123,5
DA:124,5
DA:126,5
DA:128,0
DA:130,0
DA:131,0
DA:133,2
DA:135,2
DA:136,2
DA:138,1
DA:140,1
DA:141,1
DA:143,5
DA:145,5
DA:148,1
DA:150,1
DA:153,0
DA:155,0
DA:158,0
DA:160,0
DA:163,7
DA:165,7
DA:168,2
DA:170,2
DA:173,2
DA:175,2
DA:178,0
DA:180,0
DA:183,0
DA:185,0
DA:188,2
DA:190,2
DA:193,2
DA:195,2
DA:198,1
DA:200,1
DA:203,2
DA:205,2
LF:93
LH:82
end_of_record
TN:
SF:/home/duong/MediaPlayerApp/src/controllers/SourceController.cpp
FN:107,168,_ZN12media_player11controllers16SourceController15isStorageDeviceERKNSt7__cxx1112basic_stringIcSt11char_traitsIcESaIcEEE
FN:13,42,_ZN12media_player11controllers16SourceControllerC2ESt10shared_ptrINS_8services12IFileScannerEES2_INS_12repositories17LibraryRepositoryEES2_INS_6models12LibraryModelEE
FN:170,176,_ZN12media_player11controllers16SourceController15isS32K144DeviceERKNSt7__cxx1112basic_stringIcSt11char_traitsIcESaIcEEE
FN:178,183,_ZN12media_player11controllers16SourceController16handleUSBRemovedEv
FN:185,188,_ZNK12media_player11controllers16SourceController10isScanningEv
FN:190,193,_ZNK12media_player11controllers16SourceController20getCurrentSourcePathB5cxx11Ev
FN:195,198,_ZN12media_player11controllers16SourceController19setProgressCallbackESt8functionIFviRKNSt7__cxx1112basic_stringIcSt11char_traitsIcESaIcEEEEE
FN:200,203,_ZN12media_player11controllers16SourceController19setCompleteCallbackESt8functionIFviEE
FN:205,208,_ZN12media_player11controllers16SourceController22setUsbInsertedCallbackESt8functionIFvRKNSt7__cxx1112basic_stringIcSt11char_traitsIcESaIcEEEEE
FN:210,216,_ZN12media_player11controllers16SourceController14onScanProgressEiRKNSt7__cxx1112basic_stringIcSt11char_traitsIcESaIcEEE
FN:218,233,_ZN12media_player11controllers16SourceController14onScanCompleteESt6vectorINS_6models14MediaFileModelESaIS4_EE
FN:238,241,_ZN12media_player11controllers16SourceController12setMediaRootERKNSt7__cxx1112basic_stringIcSt11char_traitsIcESaIcEEE
FN:24,27,_ZZN12media_player11controllers16SourceControllerC4ESt10shared_ptrINS_8services12IFileScannerEES2_INS_12repositories17LibraryRepositoryEES2_INS_6models12LibraryModelEEENKUliRKNSt7__cxx1112basic_stringIcSt11char_traitsIcESaIcEEEE_clEiSJ_
FN:243,353,_ZN12media_player11controllers16SourceController14monitorUsbLoopEv
FN:31,34,_ZZN12media_player11controllers16SourceControllerC4ESt10shared_ptrINS_8services12IFileScannerEES2_INS_12repositories17LibraryRepositoryEES2_INS_6models12LibraryModelEEENKUlSt6vectorINS9_14MediaFileModelESaISD_EEE_clESF_
FN:44,50,_ZN12media_player11controllers16SourceController15startMonitoringEv
FN:52,60,_ZN12media_player11controllers16SourceControllerD2Ev
FN:62,65,_ZN12media_player11controllers16SourceController15selectDirectoryERKNSt7__cxx1112basic_stringIcSt11char_traitsIcESaIcEEE
FN:67,75,_ZN12media_player11controllers16SourceController20scanCurrentDirectoryEv
FN:77,80,_ZN12media_player11controllers16SourceController8stopScanEv
FN:82,105,_ZN12media_player11controllers16SourceController17handleUSBInsertedERKNSt7__cxx1112basic_stringIcSt11char_traitsIcESaIcEEE
FNDA:11,_ZN12media_player11controllers16SourceController15isStorageDeviceERKNSt7__cxx1112basic_stringIcSt11char_traitsIcESaIcEEE
FNDA:19,_ZN12media_player11controllers16SourceControllerC2ESt10shared_ptrINS_8services12IFileScannerEES2_INS_12repositories17LibraryRepositoryEES2_INS_6models12LibraryModelEE
FNDA:0,_ZN12media_player11controllers16SourceController15isS32K144DeviceERKNSt7__cxx1112basic_stringIcSt11char_traitsIcESaIcEEE
FNDA:1,_ZN12media_player11controllers16SourceController16handleUSBRemovedEv
FNDA:1,_ZNK12media_player11controllers16SourceController10isScanningEv
FNDA:4,_ZNK12media_player11controllers16SourceController20getCurrentSourcePathB5cxx11Ev
FNDA:2,_ZN12media_player11controllers16SourceController19setProgressCallbackESt8functionIFviRKNSt7__cxx1112basic_stringIcSt11char_traitsIcESaIcEEEEE
FNDA:1,_ZN12media_player11controllers16SourceController19setCompleteCallbackESt8functionIFviEE
FNDA:7,_ZN12media_player11controllers16SourceController22setUsbInsertedCallbackESt8functionIFvRKNSt7__cxx1112basic_stringIcSt11char_traitsIcESaIcEEEEE
FNDA:2,_ZN12media_player11controllers16SourceController14onScanProgressEiRKNSt7__cxx1112basic_stringIcSt11char_traitsIcESaIcEEE
FNDA:2,_ZN12media_player11controllers16SourceController14onScanCompleteESt6vectorINS_6models14MediaFileModelESaIS4_EE
FNDA:8,_ZN12media_player11controllers16SourceController12setMediaRootERKNSt7__cxx1112basic_stringIcSt11char_traitsIcESaIcEEE
FNDA:2,_ZZN12media_player11controllers16SourceControllerC4ESt10shared_ptrINS_8services12IFileScannerEES2_INS_12repositories17LibraryRepositoryEES2_INS_6models12LibraryModelEEENKUliRKNSt7__cxx1112basic_stringIcSt11char_traitsIcESaIcEEEE_clEiSJ_
FNDA:2,_ZN12media_player11controllers16SourceController14monitorUsbLoopEv
FNDA:2,_ZZN12media_player11controllers16SourceControllerC4ESt10shared_ptrINS_8services12IFileScannerEES2_INS_12repositories17LibraryRepositoryEES2_INS_6models12LibraryModelEEENKUlSt6vectorINS9_14MediaFileModelESaISD_EEE_clESF_
FNDA:2,_ZN12media_player11controllers16SourceController15startMonitoringEv
FNDA:19,_ZN12media_player11controllers16SourceControllerD2Ev
FNDA:2,_ZN12media_player11controllers16SourceController15selectDirectoryERKNSt7__cxx1112basic_stringIcSt11char_traitsIcESaIcEEE
FNDA:4,_ZN12media_player11controllers16SourceController20scanCurrentDirectoryEv
FNDA:23,_ZN12media_player11controllers16SourceController8stopScanEv
FNDA:11,_ZN12media_player11controllers16SourceController17handleUSBInsertedERKNSt7__cxx1112basic_stringIcSt11char_traitsIcESaIcEEE
FNF:21
FNH:20
DA:13,19
DA:17,19
DA:18,19
DA:19,19
DA:20,19
DA:21,57
DA:23,38
DA:24,19
DA:26,2
DA:27,2
DA:30,38
DA:31,19
DA:33,2
DA:34,2
DA:38,19
DA:42,19
DA:44,2
DA:46,2
DA:48,2
DA:49,2
DA:52,19
DA:54,19
DA:55,19
DA:57,2
DA:59,19
DA:60,19
DA:62,2
DA:64,2
DA:65,2
DA:67,4
DA:69,4
DA:71,0
DA:74,4
DA:77,23
DA:79,23
DA:80,23
DA:82,11
DA:86,11
DA:89,8
DA:91,5
DA:96,3
DA:97,3
DA:105,11
DA:107,11
DA:110,11
DA:111,11
DA:114,11
DA:116,3
DA:123,8
DA:128,8
DA:130,5
DA:132,4
DA:133,4
DA:136,5
DA:137,5
DA:139,4
DA:141,4
DA:142,15
DA:145,3
DA:147,1
DA:149,1
DA:150,1
DA:153,1
DA:154,1
DA:156,1
DA:158,1
DA:159,5
DA:161,0
DA:163,0
DA:167,3
DA:168,11
DA:170,0
DA:172,0
DA:173,0
DA:175,0
DA:176,0
DA:178,1
DA:181,1
DA:182,1
DA:183,1
DA:185,1
DA:187,1
DA:190,4
DA:192,4
DA:195,2
DA:197,2
DA:198,2
DA:200,1
DA:202,1
DA:203,1
DA:205,7
DA:207,7
DA:208,7
DA:210,2
DA:212,2
DA:214,2
DA:216,2
DA:218,2
DA:222,2
DA:223,2
DA:226,2
DA:227,2
DA:229,2
DA:231,1
DA:233,2
DA:238,8
DA:240,8
DA:241,8
DA:243,2
DA:249,2
DA:250,2
DA:253,0
DA:255,0
DA:259,2
DA:276,2
DA:278,6
DA:281,4
DA:283,0
DA:284,0
DA:287,4
DA:288,8
DA:290,2
DA:292,2
DA:294,2
DA:295,0
DA:297,2
DA:298,2
DA:299,4
DA:302,6
DA:304,2
DA:305,2
DA:307,0
DA:309,0
DA:310,0
DA:314,2
DA:317,2
DA:322,2
DA:327,6
DA:329,2
DA:330,2
DA:332,2
DA:334,2
DA:335,2
DA:339,2
DA:341,0
DA:346,2
DA:351,4
DA:352,4
DA:353,2
LF:149
LH:132
end_of_record
