TN:
SF:/home/duong/MediaPlayerApp/inc/models/HistoryModel.h
FN:43,47,_ZN12media_player6models12HistoryEntryC2ERKNS0_14MediaFileModelE
FN:54,58,_ZN12media_player6models12HistoryEntryC2ERKNS0_14MediaFileModelENSt6chrono10time_pointINS5_3_V212system_clockENS5_8durationIlSt5ratioILl1ELl1000000000EEEEEE
FNDA:5074,_ZN12media_player6models12HistoryEntryC2ERKNS0_14MediaFileModelE
FNDA:301,_ZN12media_player6models12HistoryEntryC2ERKNS0_14MediaFileModelENSt6chrono10time_pointINS5_3_V212system_clockENS5_8durationIlSt5ratioILl1ELl1000000000EEEEEE
FNF:2
FNH:2
DA:43,5074
DA:44,5074
DA:45,5074
DA:47,5074
DA:54,301
DA:55,301
DA:56,301
DA:58,301
LF:8
LH:8
end_of_record
TN:
SF:/home/duong/MediaPlayerApp/inc/models/MediaFileModel.h
FN:31,34,_ZNK12media_player6models14MediaFileModel11getFilePathB5cxx11Ev
FN:36,39,_ZNK12media_player6models14MediaFileModel11getFileNameB5cxx11Ev
FN:51,54,_ZNK12media_player6models14MediaFileModel11getFileSizeEv
FN:71,74,_ZNK12media_player6models14MediaFileModel7isAudioEv
FN:76,79,_ZNK12media_player6models14MediaFileModel7isVideoEv
FNDA:0,_ZNK12media_player6models14MediaFileModel11getFilePathB5cxx11Ev
FNDA:0,_ZNK12media_player6models14MediaFileModel11getFileNameB5cxx11Ev
FNDA:0,_ZNK12media_player6models14MediaFileModel11getFileSizeEv
FNDA:0,_ZNK12media_player6models14MediaFileModel7isAudioEv
FNDA:0,_ZNK12media_player6models14MediaFileModel7isVideoEv
FNF:5
FNH:0
DA:31,0
DA:33,0
DA:36,0
DA:38,0
DA:51,0
DA:53,0
DA:71,0
DA:73,0
DA:76,0
DA:78,0
LF:10
LH:0
end_of_record
TN:
SF:/home/duong/MediaPlayerApp/inc/models/PlaylistModel.h
FNF:0
FNH:0
LF:0
LH:0
end_of_record
TN:
SF:/home/duong/MediaPlayerApp/inc/repositories/HistoryRepository.h
FN:25,29,_ZN12media_player12repositories20PlaybackHistoryEntryC2ERKNS_6models14MediaFileModelE
FNDA:0,_ZN12media_player12repositories20PlaybackHistoryEntryC2ERKNS_6models14MediaFileModelE
FNF:1
FNH:0
DA:25,0
DA:26,0
DA:27,0
DA:29,0
LF:4
LH:0
end_of_record
TN:
SF:/home/duong/MediaPlayerApp/src/models/HistoryModel.cpp
FN:108,123,_ZNK12media_player6models12HistoryModel16getRecentHistoryEm
FN:125,129,_ZNK12media_player6models12HistoryModel13getAllHistoryEv
FN:131,141,_ZNK12media_player6models12HistoryModel10getEntryAtEm
FN:143,153,_ZNK12media_player6models12HistoryModel13getLastPlayedEv
FN:155,165,_ZNK12media_player6models12HistoryModel17getPreviousPlayedEv
FN:167,183,_ZNK12media_player6models12HistoryModel17wasRecentlyPlayedERKNSt7__cxx1112basic_stringIcSt11char_traitsIcESaIcEEEi
FN:17,29,_ZN12media_player6models12HistoryModelC2ESt10shared_ptrINS_12repositories17HistoryRepositoryEEm
FN:189,193,_ZNK12media_player6models12HistoryModel5countEv
FN:195,199,_ZNK12media_player6models12HistoryModel7isEmptyEv
FN:201,204,_ZNK12media_player6models12HistoryModel13getMaxEntriesEv
FN:210,229,_ZN12media_player6models12HistoryModel18loadFromRepositoryEv
FN:231,258,_ZN12media_player6models12HistoryModel16saveToRepositoryEv
FN:31,38,_ZN12media_player6models12HistoryModelD2Ev
FN:44,56,_ZN12media_player6models12HistoryModel8addEntryERKNS0_14MediaFileModelE
FN:58,77,_ZN12media_player6models12HistoryModel21removeMostRecentEntryERKNSt7__cxx1112basic_stringIcSt11char_traitsIcESaIcEEE
FN:64,67,_ZZN12media_player6models12HistoryModel21removeMostRecentEntryERKNSt7__cxx1112basic_stringIcSt11char_traitsIcESaIcEEEENKUlRKNS0_12HistoryEntryEE_clESC_
FN:79,96,_ZN12media_player6models12HistoryModel16removeAllEntriesERKNSt7__cxx1112basic_stringIcSt11char_traitsIcESaIcEEE
FN:87,90,_ZZN12media_player6models12HistoryModel16removeAllEntriesERKNSt7__cxx1112basic_stringIcSt11char_traitsIcESaIcEEEENKUlRKNS0_12HistoryEntryEE_clESC_
FN:98,102,_ZN12media_player6models12HistoryModel5clearEv
FNDA:3,_ZNK12media_player6models12HistoryModel16getRecentHistoryEm
FNDA:15653,_ZNK12media_player6models12HistoryModel13getAllHistoryEv
FNDA:8,_ZNK12media_player6models12HistoryModel10getEntryAtEm
FNDA:15660,_ZNK12media_player6models12HistoryModel13getLastPlayedEv
FNDA:6,_ZNK12media_player6models12HistoryModel17getPreviousPlayedEv
FNDA:2,_ZNK12media_player6models12HistoryModel17wasRecentlyPlayedERKNSt7__cxx1112basic_stringIcSt11char_traitsIcESaIcEEEi
FNDA:95,_ZN12media_player6models12HistoryModelC2ESt10shared_ptrINS_12repositories17HistoryRepositoryEEm
FNDA:15666,_ZNK12media_player6models12HistoryModel5countEv
FNDA:9,_ZNK12media_player6models12HistoryModel7isEmptyEv
FNDA:2,_ZNK12media_player6models12HistoryModel13getMaxEntriesEv
FNDA:43,_ZN12media_player6models12HistoryModel18loadFromRepositoryEv
FNDA:43,_ZN12media_player6models12HistoryModel16saveToRepositoryEv
FNDA:95,_ZN12media_player6models12HistoryModelD2Ev
FNDA:5074,_ZN12media_player6models12HistoryModel8addEntryERKNS0_14MediaFileModelE
FNDA:4851,_ZN12media_player6models12HistoryModel21removeMostRecentEntryERKNSt7__cxx1112basic_stringIcSt11char_traitsIcESaIcEEE
FNDA:4849,_ZZN12media_player6models12HistoryModel21removeMostRecentEntryERKNSt7__cxx1112basic_stringIcSt11char_traitsIcESaIcEEEENKUlRKNS0_12HistoryEntryEE_clESC_
FNDA:43,_ZN12media_player6models12HistoryModel16removeAllEntriesERKNSt7__cxx1112basic_stringIcSt11char_traitsIcESaIcEEE
FNDA:358,_ZZN12media_player6models12HistoryModel16removeAllEntriesERKNSt7__cxx1112basic_stringIcSt11char_traitsIcESaIcEEEENKUlRKNS0_12HistoryEntryEE_clESC_
FNDA:4,_ZN12media_player6models12HistoryModel5clearEv
FNF:19
FNH:19
BRDA:22,0,0,95
BRDA:22,e0,1,0
BRDA:25,0,0,42
BRDA:25,0,1,53
BRDA:27,0,0,42
BRDA:27,e0,1,0
BRDA:34,0,0,42
BRDA:34,0,1,53
BRDA:46,0,0,5074
BRDA:46,e0,1,0
BRDA:49,0,0,5074
BRDA:49,e0,1,0
BRDA:49,0,2,5074
BRDA:49,e0,3,0
BRDA:52,0,0,95
BRDA:52,0,1,5074
BRDA:60,0,0,4851
BRDA:60,e0,1,0
BRDA:66,0,0,4849
BRDA:66,e0,1,0
BRDA:68,0,0,4851
BRDA:68,e0,1,0
BRDA:70,0,0,4848
BRDA:70,0,1,3
BRDA:72,0,0,4848
BRDA:72,e0,1,0
BRDA:81,0,0,43
BRDA:81,e0,1,0
BRDA:89,0,0,358
BRDA:89,e0,1,0
BRDA:91,0,0,43
BRDA:91,e0,1,0
BRDA:93,0,0,43
BRDA:93,e0,1,0
BRDA:100,0,0,4
BRDA:100,e0,1,0
BRDA:110,0,0,3
BRDA:110,e0,1,0
BRDA:115,0,0,3
BRDA:115,e0,1,0
BRDA:117,0,0,9
BRDA:117,0,1,3
BRDA:119,0,0,9
BRDA:119,e0,1,0
BRDA:127,0,0,15653
BRDA:127,e0,1,0
BRDA:128,0,0,15653
BRDA:128,e0,1,0
BRDA:133,0,0,8
BRDA:133,e0,1,0
BRDA:135,0,0,3
BRDA:135,0,1,5
BRDA:140,0,0,5
BRDA:140,e0,1,0
BRDA:145,0,0,15660
BRDA:145,e0,1,0
BRDA:147,0,0,3
BRDA:147,0,1,15657
BRDA:152,0,0,15657
BRDA:152,e0,1,0
BRDA:157,0,0,6
BRDA:157,e0,1,0
BRDA:159,0,0,3
BRDA:159,0,1,3
BRDA:164,0,0,3
BRDA:164,e0,1,0
BRDA:169,0,0,2
BRDA:169,e0,1,0
BRDA:172,0,0,2
BRDA:172,e0,1,0
BRDA:174,0,0,1
BRDA:174,0,1,1
BRDA:176,0,0,1
BRDA:176,e0,1,0
BRDA:176,0,2,1
BRDA:176,0,3,0
BRDA:176,0,4,1
BRDA:176,e0,5,0
BRDA:176,0,6,1
BRDA:176,0,7,0
BRDA:176,0,8,1
BRDA:176,0,9,0
BRDA:176,0,10,1
BRDA:176,0,11,0
BRDA:176,0,12,0
BRDA:176,0,13,0
BRDA:191,0,0,15666
BRDA:191,e0,1,0
BRDA:197,0,0,9
BRDA:197,e0,1,0
BRDA:212,0,0,1
BRDA:212,0,1,42
BRDA:217,0,0,42
BRDA:217,e0,1,0
BRDA:220,0,0,42
BRDA:220,e0,1,0
BRDA:223,0,0,301
BRDA:223,0,1,42
BRDA:225,0,0,301
BRDA:225,e0,1,0
BRDA:225,0,2,301
BRDA:225,e0,3,0
BRDA:233,0,0,1
BRDA:233,0,1,42
BRDA:243,0,0,42
BRDA:243,e0,1,0
BRDA:247,0,0,42
BRDA:247,e0,1,0
BRDA:248,0,0,306
BRDA:248,0,1,42
BRDA:250,0,0,306
BRDA:250,e0,1,0
BRDA:252,0,0,306
BRDA:252,e0,1,0
BRDA:256,0,0,42
BRDA:256,e0,1,0
BRDA:257,0,0,42
BRDA:257,e0,1,0
BRF:118
BRH:71
DA:17,95
DA:20,95
DA:21,95
DA:22,95
DA:25,95
DA:27,42
DA:29,95
DA:31,95
DA:34,95
DA:36,42
DA:38,95
DA:44,5074
DA:46,5074
DA:49,5074
DA:52,5169
DA:54,95
DA:56,5074
DA:58,4851
DA:60,4851
DA:63,4851
DA:64,4849
DA:66,4849
DA:68,9702
DA:70,4851
DA:72,4848
DA:73,4848
DA:76,3
DA:77,4851
DA:79,43
DA:81,43
DA:83,43
DA:86,43
DA:87,358
DA:89,358
DA:91,86
DA:93,43
DA:95,86
DA:96,43
DA:98,4
DA:100,4
DA:101,4
DA:102,4
DA:108,3
DA:110,3
DA:112,3
DA:113,3
DA:115,3
DA:117,12
DA:119,9
DA:122,6
DA:123,3
DA:125,15653
DA:127,15653
DA:128,31306
DA:129,15653
DA:131,8
DA:133,8
DA:135,8
DA:137,3
DA:140,5
DA:141,8
DA:143,15660
DA:145,15660
DA:147,15660
DA:149,3
DA:152,15657
DA:153,15660
DA:155,6
DA:157,6
DA:159,6
DA:161,3
DA:164,3
DA:165,6
DA:167,2
DA:169,2
DA:171,2
DA:172,2
DA:174,2
DA:176,1
DA:178,1
DA:182,1
DA:183,2
DA:189,15666
DA:191,15666
DA:192,31332
DA:193,15666
DA:195,9
DA:197,9
DA:198,18
DA:199,9
DA:201,2
DA:203,2
DA:210,43
DA:212,43
DA:214,1
DA:217,42
DA:220,42
DA:221,42
DA:223,343
DA:225,301
DA:228,42
DA:229,42
DA:231,43
DA:233,43
DA:235,1
DA:242,42
DA:243,42
DA:247,42
DA:248,348
DA:250,306
DA:251,306
DA:252,306
DA:253,306
DA:254,42
DA:256,42
DA:257,42
DA:258,42
LF:117
LH:117
end_of_record
TN:
SF:/home/duong/MediaPlayerApp/src/models/LibraryModel.cpp
FN:103,121,_ZZNK12media_player6models12LibraryModel9getSortedENS0_12SortCriteriaEbENKUlRKNS0_14MediaFileModelES5_E_clES5_S5_
FN:12,24,_ZN12media_player6models12LibraryModel8addMediaERKNS0_14MediaFileModelE
FN:128,147,_ZNK12media_player6models12LibraryModel7getPageEmm
FN:149,160,_ZNK12media_player6models12LibraryModel18getTotalAudioFilesEv
FN:162,173,_ZNK12media_player6models12LibraryModel18getTotalVideoFilesEv
FN:175,183,_ZNK12media_player6models12LibraryModel12getTotalSizeEv
FN:185,194,_ZNK12media_player6models12LibraryModel12matchesQueryERKNS0_14MediaFileModelERKNSt7__cxx1112basic_stringIcSt11char_traitsIcESaIcEEE
FN:26,32,_ZN12media_player6models12LibraryModel13addMediaBatchERKSt6vectorINS0_14MediaFileModelESaIS3_EE
FN:34,48,_ZN12media_player6models12LibraryModel11removeMediaERKNSt7__cxx1112basic_stringIcSt11char_traitsIcESaIcEEE
FN:37,39,_ZZN12media_player6models12LibraryModel11removeMediaERKNSt7__cxx1112basic_stringIcSt11char_traitsIcESaIcEEEENKUlRKNS0_14MediaFileModelEE_clESC_
FN:51,54,_ZN12media_player6models12LibraryModel5clearEv
FN:56,70,_ZN12media_player6models12LibraryModel11updateMediaERKNSt7__cxx1112basic_stringIcSt11char_traitsIcESaIcEEERKNS0_14MediaFileModelE
FN:59,61,_ZZN12media_player6models12LibraryModel11updateMediaERKNSt7__cxx1112basic_stringIcSt11char_traitsIcESaIcEEERKNS0_14MediaFileModelEENKUlSC_E_clESC_
FN:72,82,_ZNK12media_player6models12LibraryModel14getMediaByPathERKNSt7__cxx1112basic_stringIcSt11char_traitsIcESaIcEEE
FN:84,97,_ZNK12media_player6models12LibraryModel6searchERKNSt7__cxx1112basic_stringIcSt11char_traitsIcESaIcEEE
FN:99,126,_ZNK12media_player6models12LibraryModel9getSortedENS0_12SortCriteriaEb
FNDA:19,_ZZNK12media_player6models12LibraryModel9getSortedENS0_12SortCriteriaEbENKUlRKNS0_14MediaFileModelES5_E_clES5_S5_
FNDA:81,_ZN12media_player6models12LibraryModel8addMediaERKNS0_14MediaFileModelE
FNDA:7,_ZNK12media_player6models12LibraryModel7getPageEmm
FNDA:4,_ZNK12media_player6models12LibraryModel18getTotalAudioFilesEv
FNDA:4,_ZNK12media_player6models12LibraryModel18getTotalVideoFilesEv
FNDA:2,_ZNK12media_player6models12LibraryModel12getTotalSizeEv
FNDA:11,_ZNK12media_player6models12LibraryModel12matchesQueryERKNS0_14MediaFileModelERKNSt7__cxx1112basic_stringIcSt11char_traitsIcESaIcEEE
FNDA:4,_ZN12media_player6models12LibraryModel13addMediaBatchERKSt6vectorINS0_14MediaFileModelESaIS3_EE
FNDA:2,_ZN12media_player6models12LibraryModel11removeMediaERKNSt7__cxx1112basic_stringIcSt11char_traitsIcESaIcEEE
FNDA:2,_ZZN12media_player6models12LibraryModel11removeMediaERKNSt7__cxx1112basic_stringIcSt11char_traitsIcESaIcEEEENKUlRKNS0_14MediaFileModelEE_clESC_
FNDA:3,_ZN12media_player6models12LibraryModel5clearEv
FNDA:3,_ZN12media_player6models12LibraryModel11updateMediaERKNSt7__cxx1112basic_stringIcSt11char_traitsIcESaIcEEERKNS0_14MediaFileModelE
FNDA:1,_ZZN12media_player6models12LibraryModel11updateMediaERKNSt7__cxx1112basic_stringIcSt11char_traitsIcESaIcEEERKNS0_14MediaFileModelEENKUlSC_E_clESC_
FNDA:3,_ZNK12media_player6models12LibraryModel14getMediaByPathERKNSt7__cxx1112basic_stringIcSt11char_traitsIcESaIcEEE
FNDA:6,_ZNK12media_player6models12LibraryModel6searchERKNSt7__cxx1112basic_stringIcSt11char_traitsIcESaIcEEE
FNDA:10,_ZNK12media_player6models12LibraryModel9getSortedENS0_12SortCriteriaEb
FNF:16
FNH:16
BRDA:15,0,0,370
BRDA:15,0,1,79
BRDA:17,0,0,370
BRDA:17,e0,1,0
BRDA:17,0,2,370
BRDA:17,e0,3,0
BRDA:17,0,4,2
BRDA:17,0,5,368
BRDA:28,0,0,7
BRDA:28,0,1,4
BRDA:30,0,0,7
BRDA:30,e0,1,0
BRDA:36,0,0,2
BRDA:36,e0,1,0
BRDA:38,0,0,2
BRDA:38,e0,1,0
BRDA:41,0,0,1
BRDA:41,0,1,1
BRDA:43,0,0,1
BRDA:43,e0,1,0
BRDA:58,0,0,3
BRDA:58,e0,1,0
BRDA:60,0,0,1
BRDA:60,e0,1,0
BRDA:63,0,0,1
BRDA:63,0,1,2
BRDA:65,0,0,1
BRDA:65,e0,1,0
BRDA:74,0,0,3
BRDA:74,0,1,1
BRDA:76,0,0,3
BRDA:76,e0,1,0
BRDA:76,0,2,2
BRDA:76,0,3,1
BRDA:78,0,0,2
BRDA:78,e0,1,0
BRDA:88,0,0,11
BRDA:88,0,1,6
BRDA:90,0,0,11
BRDA:90,e0,1,0
BRDA:90,0,2,6
BRDA:90,0,3,5
BRDA:92,0,0,6
BRDA:92,e0,1,0
BRDA:101,0,0,10
BRDA:101,e0,1,0
BRDA:106,0,0,11
BRDA:106,0,1,8
BRDA:110,0,0,11
BRDA:110,e0,1,0
BRDA:110,0,2,11
BRDA:110,e0,3,0
BRDA:116,0,0,8
BRDA:116,e0,1,0
BRDA:116,0,2,8
BRDA:116,e0,3,0
BRDA:120,0,0,16
BRDA:120,0,1,3
BRDA:123,0,0,10
BRDA:123,e0,1,0
BRDA:134,0,0,2
BRDA:134,0,1,5
BRDA:141,0,0,27
BRDA:141,0,1,5
BRDA:143,0,0,27
BRDA:143,e0,1,0
BRDA:152,0,0,9
BRDA:152,0,1,4
BRDA:154,0,0,6
BRDA:154,0,1,3
BRDA:165,0,0,8
BRDA:165,0,1,4
BRDA:167,0,0,0
BRDA:167,0,1,8
BRDA:178,0,0,2
BRDA:178,0,1,2
BRDA:187,0,0,11
BRDA:187,e0,1,0
BRDA:190,0,0,11
BRDA:190,e0,1,0
BRF:80
BRH:57
DA:12,81
DA:15,449
DA:17,370
DA:19,2
DA:23,79
DA:26,4
DA:28,11
DA:30,7
DA:32,4
DA:34,2
DA:36,2
DA:37,2
DA:38,2
DA:41,2
DA:43,1
DA:44,1
DA:47,1
DA:51,3
DA:53,3
DA:54,3
DA:56,3
DA:58,3
DA:59,1
DA:60,1
DA:63,3
DA:65,1
DA:66,1
DA:69,2
DA:72,3
DA:74,4
DA:76,3
DA:78,2
DA:81,1
DA:84,6
DA:86,6
DA:88,17
DA:90,11
DA:92,6
DA:96,6
DA:97,0
DA:99,10
DA:101,10
DA:103,19
DA:104,19
DA:106,19
DA:108,11
DA:110,11
DA:111,11
DA:112,8
DA:116,8
DA:117,8
DA:120,35
DA:121,16
DA:123,10
DA:125,20
DA:126,0
DA:128,7
DA:130,7
DA:132,7
DA:134,7
DA:136,2
DA:139,5
DA:141,32
DA:143,27
DA:146,5
DA:147,0
DA:149,4
DA:151,4
DA:152,13
DA:154,9
DA:156,6
DA:159,4
DA:162,4
DA:164,4
DA:165,12
DA:167,8
DA:169,0
DA:172,4
DA:175,2
DA:177,2
DA:178,4
DA:180,2
DA:182,2
DA:185,11
DA:187,11
DA:188,11
DA:190,11
DA:191,11
DA:193,22
DA:194,11
LF:90
LH:86
end_of_record
TN:
SF:/home/duong/MediaPlayerApp/src/models/MediaFileModel.cpp
FN:102,155,_ZNK12media_player6models14MediaFileModel18determineMediaTypeEv
FN:16,20,_ZN12media_player6models14MediaFileModelC2Ev
FN:22,29,_ZN12media_player6models14MediaFileModelC2ERKNSt7__cxx1112basic_stringIcSt11char_traitsIcESaIcEEE
FN:31,36,_ZNK12media_player6models14MediaFileModel7isValidEv
FN:38,41,_ZNK12media_player6models14MediaFileModelltERKS1_
FN:43,46,_ZNK12media_player6models14MediaFileModeleqERKS1_
FN:48,55,_ZNK12media_player6models14MediaFileModel9serializeB5cxx11Ev
FN:57,71,_ZN12media_player6models14MediaFileModel11deserializeERKNSt7__cxx1112basic_stringIcSt11char_traitsIcESaIcEEE
FN:73,100,_ZN12media_player6models14MediaFileModel15extractFileInfoEv
FNDA:5758,_ZNK12media_player6models14MediaFileModel18determineMediaTypeEv
FNDA:45,_ZN12media_player6models14MediaFileModelC2Ev
FNDA:5758,_ZN12media_player6models14MediaFileModelC2ERKNSt7__cxx1112basic_stringIcSt11char_traitsIcESaIcEEE
FNDA:387,_ZNK12media_player6models14MediaFileModel7isValidEv
FNDA:2,_ZNK12media_player6models14MediaFileModelltERKS1_
FNDA:2,_ZNK12media_player6models14MediaFileModeleqERKS1_
FNDA:2,_ZNK12media_player6models14MediaFileModel9serializeB5cxx11Ev
FNDA:2,_ZN12media_player6models14MediaFileModel11deserializeERKNSt7__cxx1112basic_stringIcSt11char_traitsIcESaIcEEE
FNDA:5758,_ZN12media_player6models14MediaFileModel15extractFileInfoEv
FNF:9
FNH:9
BRDA:27,0,0,5758
BRDA:27,e0,1,0
BRDA:28,0,0,5758
BRDA:28,e0,1,0
BRDA:34,0,0,386
BRDA:34,0,1,1
BRDA:34,0,2,386
BRDA:34,0,3,0
BRDA:35,0,0,386
BRDA:35,e0,1,0
BRDA:35,0,2,386
BRDA:35,e0,3,0
BRDA:35,0,4,382
BRDA:35,0,5,4
BRDA:35,0,6,386
BRDA:35,0,7,1
BRDA:35,0,8,0
BRDA:35,0,9,0
BRDA:50,0,0,2
BRDA:50,e0,1,0
BRDA:51,0,0,2
BRDA:51,e0,1,0
BRDA:51,0,2,2
BRDA:51,e0,3,0
BRDA:52,0,0,2
BRDA:52,e0,1,0
BRDA:52,0,2,2
BRDA:52,e0,3,0
BRDA:52,0,4,2
BRDA:52,e0,5,0
BRDA:53,0,0,2
BRDA:53,e0,1,0
BRDA:54,0,0,2
BRDA:54,e0,1,0
BRDA:54,0,2,2
BRDA:54,e0,3,0
BRDA:63,0,0,1
BRDA:63,0,1,1
BRDA:65,0,0,1
BRDA:65,e0,1,0
BRDA:68,0,0,1
BRDA:68,e0,1,0
BRDA:70,0,0,1
BRDA:70,e0,1,0
BRDA:75,0,0,0
BRDA:75,0,1,5758
BRDA:82,0,0,5758
BRDA:82,e0,1,0
BRDA:84,0,0,5758
BRDA:84,e0,1,0
BRDA:84,0,2,5758
BRDA:84,e0,3,0
BRDA:85,0,0,5758
BRDA:85,e0,1,0
BRDA:85,0,2,5758
BRDA:85,e0,3,0
BRDA:91,0,0,5758
BRDA:91,e0,1,0
BRDA:91,0,2,532
BRDA:91,0,3,5226
BRDA:93,0,0,532
BRDA:93,e0,1,0
BRDA:94,0,0,532
BRDA:94,e0,1,0
BRDA:97,0,0,0
BRDA:97,0,1,0
BRDA:110,0,0,11562
BRDA:110,0,1,23
BRDA:111,0,0,5793
BRDA:111,0,1,5769
BRDA:113,0,0,5735
BRDA:113,0,1,58
BRDA:120,0,0,5758
BRDA:120,0,1,0
BRDA:120,0,2,23
BRDA:120,0,3,5735
BRDA:125,0,0,5735
BRDA:125,e0,1,0
BRDA:131,0,0,5735
BRDA:131,e0,1,0
BRDA:131,0,2,5703
BRDA:131,0,3,32
BRDA:139,0,0,32
BRDA:139,e0,1,0
BRDA:139,0,2,0
BRDA:139,0,3,32
BRDA:149,0,0,32
BRDA:149,e0,1,0
BRDA:149,0,2,31
BRDA:149,0,3,1
BRF:90
BRH:54
DA:16,45
DA:17,45
DA:18,45
DA:20,45
DA:22,5758
DA:23,5758
DA:24,5758
DA:25,5758
DA:27,5758
DA:28,5758
DA:29,5758
DA:31,387
DA:33,1160
DA:34,773
DA:35,773
DA:38,2
DA:40,2
DA:43,2
DA:45,2
DA:48,2
DA:50,4
DA:51,4
DA:52,6
DA:53,8
DA:54,6
DA:57,2
DA:60,2
DA:61,2
DA:63,2
DA:65,1
DA:68,1
DA:70,1
DA:71,1
DA:73,5758
DA:75,5758
DA:77,0
DA:82,5758
DA:84,5758
DA:85,5758
DA:91,5758
DA:93,532
DA:94,532
DA:96,5758
DA:97,0
DA:99,0
DA:102,5758
DA:107,5758
DA:108,5758
DA:110,11585
DA:111,11562
DA:112,5793
DA:113,5793
DA:114,5735
DA:115,5735
DA:120,5758
DA:122,23
DA:125,5735
DA:126,5735
DA:129,5735
DA:131,5735
DA:133,5703
DA:137,32
DA:139,32
DA:141,0
DA:146,32
DA:149,32
DA:151,31
DA:154,1
DA:155,5735
LF:69
LH:65
end_of_record
TN:
SF:/home/duong/MediaPlayerApp/src/models/MetadataModel.cpp
FN:13,16,_ZN12media_player6models13MetadataModelC2ERKNSt7__cxx1112basic_stringIcSt11char_traitsIcESaIcEEE
FN:18,21,_ZN12media_player6models13MetadataModel12setCustomTagERKNSt7__cxx1112basic_stringIcSt11char_traitsIcESaIcEEES9_
FN:23,31,_ZNK12media_player6models13MetadataModel12getCustomTagERKNSt7__cxx1112basic_stringIcSt11char_traitsIcESaIcEEE
FN:33,36,_ZNK12media_player6models13MetadataModel10isCompleteEv
FN:38,45,_ZNK12media_player6models13MetadataModel15getDisplayTitleB5cxx11Ev
FN:47,54,_ZNK12media_player6models13MetadataModel16getDisplayArtistB5cxx11Ev
FN:56,77,_ZNK12media_player6models13MetadataModel20getFormattedDurationB5cxx11Ev
FNDA:1,_ZN12media_player6models13MetadataModelC2ERKNSt7__cxx1112basic_stringIcSt11char_traitsIcESaIcEEE
FNDA:8,_ZN12media_player6models13MetadataModel12setCustomTagERKNSt7__cxx1112basic_stringIcSt11char_traitsIcESaIcEEES9_
FNDA:4,_ZNK12media_player6models13MetadataModel12getCustomTagERKNSt7__cxx1112basic_stringIcSt11char_traitsIcESaIcEEE
FNDA:4,_ZNK12media_player6models13MetadataModel10isCompleteEv
FNDA:2,_ZNK12media_player6models13MetadataModel15getDisplayTitleB5cxx11Ev
FNDA:2,_ZNK12media_player6models13MetadataModel16getDisplayArtistB5cxx11Ev
FNDA:3,_ZNK12media_player6models13MetadataModel20getFormattedDurationB5cxx11Ev
FNF:7
FNH:7
BRDA:25,0,0,4
BRDA:25,e0,1,0
BRDA:26,0,0,3
BRDA:26,0,1,1
BRDA:28,0,0,3
BRDA:28,e0,1,0
BRDA:35,0,0,2
BRDA:35,0,1,2
BRDA:35,0,2,1
BRDA:35,0,3,1
BRDA:40,0,0,1
BRDA:40,0,1,1
BRDA:44,0,0,1
BRDA:44,e0,1,0
BRDA:49,0,0,1
BRDA:49,0,1,1
BRDA:53,0,0,1
BRDA:53,e0,1,0
BRDA:62,0,0,3
BRDA:62,e0,1,0
BRDA:64,0,0,0
BRDA:64,0,1,3
BRDA:66,0,0,-
BRDA:66,e0,1,-
BRDA:66,0,2,-
BRDA:66,e0,3,-
BRDA:67,0,0,-
BRDA:67,e0,1,-
BRDA:67,0,2,-
BRDA:67,e0,3,-
BRDA:67,0,4,-
BRDA:67,e0,5,-
BRDA:71,0,0,3
BRDA:71,e0,1,0
BRDA:71,0,2,3
BRDA:71,e0,3,0
BRDA:74,0,0,3
BRDA:74,e0,1,0
BRDA:74,0,2,3
BRDA:74,e0,3,0
BRDA:76,0,0,3
BRDA:76,e0,1,0
BRF:42
BRH:21
DA:13,1
DA:16,1
DA:18,8
DA:20,8
DA:21,8
DA:23,4
DA:25,4
DA:26,4
DA:28,3
DA:30,1
DA:33,4
DA:35,4
DA:38,2
DA:40,2
DA:42,1
DA:44,2
DA:47,2
DA:49,2
DA:51,1
DA:53,2
DA:56,3
DA:58,3
DA:59,3
DA:60,3
DA:62,3
DA:64,3
DA:66,0
DA:67,0
DA:71,3
DA:74,3
DA:76,6
DA:77,3
LF:32
LH:30
end_of_record
TN:
SF:/home/duong/MediaPlayerApp/src/models/PlaybackStateModel.cpp
FN:15,33,_ZNK12media_player6models18PlaybackStateModel20getFormattedPositionB5cxx11Ev
FN:35,53,_ZNK12media_player6models18PlaybackStateModel20getFormattedDurationB5cxx11Ev
FN:55,65,_ZNK12media_player6models18PlaybackStateModel21getProgressPercentageEv
FNDA:4,_ZNK12media_player6models18PlaybackStateModel20getFormattedPositionB5cxx11Ev
FNDA:3,_ZNK12media_player6models18PlaybackStateModel20getFormattedDurationB5cxx11Ev
FNDA:2,_ZNK12media_player6models18PlaybackStateModel21getProgressPercentageEv
FNF:3
FNH:3
BRDA:17,0,0,4
BRDA:17,e0,1,0
BRDA:22,0,0,4
BRDA:22,e0,1,0
BRDA:24,0,0,1
BRDA:24,0,1,3
BRDA:26,0,0,1
BRDA:26,e0,1,0
BRDA:26,0,2,1
BRDA:26,e0,3,0
BRDA:26,0,4,1
BRDA:26,e0,5,0
BRDA:29,0,0,4
BRDA:29,e0,1,0
BRDA:30,0,0,4
BRDA:30,e0,1,0
BRDA:30,0,2,4
BRDA:30,e0,3,0
BRDA:30,0,4,4
BRDA:30,e0,5,0
BRDA:30,0,6,4
BRDA:30,e0,7,0
BRDA:32,0,0,4
BRDA:32,e0,1,0
BRDA:37,0,0,3
BRDA:37,e0,1,0
BRDA:42,0,0,3
BRDA:42,e0,1,0
BRDA:44,0,0,1
BRDA:44,0,1,2
BRDA:46,0,0,1
BRDA:46,e0,1,0
BRDA:46,0,2,1
BRDA:46,e0,3,0
BRDA:46,0,4,1
BRDA:46,e0,5,0
BRDA:49,0,0,3
BRDA:49,e0,1,0
BRDA:50,0,0,3
BRDA:50,e0,1,0
BRDA:50,0,2,3
BRDA:50,e0,3,0
BRDA:50,0,4,3
BRDA:50,e0,5,0
BRDA:50,0,6,3
BRDA:50,e0,7,0
BRDA:52,0,0,3
BRDA:52,e0,1,0
BRDA:57,0,0,2
BRDA:57,e0,1,0
BRDA:58,0,0,1
BRDA:58,0,1,1
BRF:52
BRH:29
DA:15,4
DA:17,4
DA:18,4
DA:19,4
DA:20,4
DA:22,4
DA:24,4
DA:26,1
DA:29,4
DA:30,4
DA:32,8
DA:33,4
DA:35,3
DA:37,3
DA:38,3
DA:39,3
DA:40,3
DA:42,3
DA:44,3
DA:46,1
DA:49,3
DA:50,3
DA:52,6
DA:53,3
DA:55,2
DA:57,2
DA:58,2
DA:60,1
DA:63,1
DA:64,1
DA:65,2
LF:31
LH:31
end_of_record
TN:
SF:/home/duong/MediaPlayerApp/src/models/PlaylistModel.cpp
FN:110,121,_ZNK12media_player6models13PlaylistModel9serializeB5cxx11Ev
FN:123,155,_ZN12media_player6models13PlaylistModel11deserializeERKNSt7__cxx1112basic_stringIcSt11char_traitsIcESaIcEEE
FN:14,20,_ZN12media_player6models13PlaylistModelC2ERKNSt7__cxx1112basic_stringIcSt11char_traitsIcESaIcEEE
FN:157,173,_ZNK12media_player6models13PlaylistModel10generateIdB5cxx11Ev
FN:22,26,_ZNK12media_player6models13PlaylistModel16getTotalDurationEv
FN:28,32,_ZN12media_player6models13PlaylistModel7addItemERKNS0_14MediaFileModelE
FN:34,44,_ZN12media_player6models13PlaylistModel10removeItemEm
FN:46,61,_ZN12media_player6models13PlaylistModel10removeItemERKNSt7__cxx1112basic_stringIcSt11char_traitsIcESaIcEEE
FN:49,51,_ZZN12media_player6models13PlaylistModel10removeItemERKNSt7__cxx1112basic_stringIcSt11char_traitsIcESaIcEEEENKUlRKNS0_14MediaFileModelEE_clESC_
FN:63,67,_ZN12media_player6models13PlaylistModel5clearEv
FN:69,76,_ZNK12media_player6models13PlaylistModel9getItemAtEm
FN:78,91,_ZN12media_player6models13PlaylistModel8moveItemEmm
FN:93,96,_ZNK12media_player6models13PlaylistModel12containsFileERKNSt7__cxx1112basic_stringIcSt11char_traitsIcESaIcEEE
FN:98,108,_ZNK12media_player6models13PlaylistModel13findItemIndexERKNSt7__cxx1112basic_stringIcSt11char_traitsIcESaIcEEE
FNDA:2,_ZNK12media_player6models13PlaylistModel9serializeB5cxx11Ev
FNDA:2,_ZN12media_player6models13PlaylistModel11deserializeERKNSt7__cxx1112basic_stringIcSt11char_traitsIcESaIcEEE
FNDA:41,_ZN12media_player6models13PlaylistModelC2ERKNSt7__cxx1112basic_stringIcSt11char_traitsIcESaIcEEE
FNDA:41,_ZNK12media_player6models13PlaylistModel10generateIdB5cxx11Ev
FNDA:1,_ZNK12media_player6models13PlaylistModel16getTotalDurationEv
FNDA:30,_ZN12media_player6models13PlaylistModel7addItemERKNS0_14MediaFileModelE
FNDA:4,_ZN12media_player6models13PlaylistModel10removeItemEm
FNDA:2,_ZN12media_player6models13PlaylistModel10removeItemERKNSt7__cxx1112basic_stringIcSt11char_traitsIcESaIcEEE
FNDA:2,_ZZN12media_player6models13PlaylistModel10removeItemERKNSt7__cxx1112basic_stringIcSt11char_traitsIcESaIcEEEENKUlRKNS0_14MediaFileModelEE_clESC_
FNDA:1,_ZN12media_player6models13PlaylistModel5clearEv
FNDA:2,_ZNK12media_player6models13PlaylistModel9getItemAtEm
FNDA:4,_ZN12media_player6models13PlaylistModel8moveItemEmm
FNDA:2,_ZNK12media_player6models13PlaylistModel12containsFileERKNSt7__cxx1112basic_stringIcSt11char_traitsIcESaIcEEE
FNDA:5,_ZNK12media_player6models13PlaylistModel13findItemIndexERKNSt7__cxx1112basic_stringIcSt11char_traitsIcESaIcEEE
FNF:14
FNH:14
BRDA:16,0,0,41
BRDA:16,e0,1,0
BRDA:36,0,0,2
BRDA:36,0,1,2
BRDA:41,0,0,2
BRDA:41,e0,1,0
BRDA:48,0,0,2
BRDA:48,e0,1,0
BRDA:50,0,0,2
BRDA:50,e0,1,0
BRDA:53,0,0,1
BRDA:53,0,1,1
BRDA:55,0,0,1
BRDA:55,e0,1,0
BRDA:71,0,0,1
BRDA:71,0,1,1
BRDA:80,0,0,3
BRDA:80,0,1,1
BRDA:80,0,2,1
BRDA:80,0,3,2
BRDA:80,0,4,2
BRDA:80,0,5,2
BRDA:85,0,0,2
BRDA:85,e0,1,0
BRDA:86,0,0,2
BRDA:86,e0,1,0
BRDA:87,0,0,2
BRDA:87,e0,1,0
BRDA:100,0,0,7
BRDA:100,0,1,2
BRDA:102,0,0,7
BRDA:102,e0,1,0
BRDA:102,0,2,3
BRDA:102,0,3,4
BRDA:112,0,0,2
BRDA:112,e0,1,0
BRDA:113,0,0,2
BRDA:113,e0,1,0
BRDA:113,0,2,2
BRDA:113,e0,3,0
BRDA:113,0,4,2
BRDA:113,e0,5,0
BRDA:113,0,6,2
BRDA:113,e0,7,0
BRDA:113,0,8,2
BRDA:113,e0,9,0
BRDA:115,0,0,2
BRDA:115,0,1,2
BRDA:117,0,0,2
BRDA:117,e0,1,0
BRDA:117,0,2,2
BRDA:117,e0,3,0
BRDA:117,0,4,2
BRDA:117,e0,5,0
BRDA:120,0,0,2
BRDA:120,e0,1,0
BRDA:125,0,0,2
BRDA:125,e0,1,0
BRDA:129,0,0,2
BRDA:129,e0,1,0
BRDA:130,0,0,2
BRDA:130,e0,1,0
BRDA:133,0,0,2
BRDA:133,e0,1,0
BRDA:134,0,0,2
BRDA:134,e0,1,0
BRDA:136,0,0,2
BRDA:136,e0,1,0
BRDA:139,0,0,2
BRDA:139,e0,1,0
BRDA:142,0,0,5
BRDA:142,e0,1,0
BRDA:142,0,2,5
BRDA:142,e0,3,0
BRDA:142,0,4,3
BRDA:142,0,5,2
BRDA:144,0,0,0
BRDA:144,0,1,3
BRDA:146,0,0,3
BRDA:146,e0,1,0
BRDA:147,0,0,3
BRDA:147,e0,1,0
BRDA:147,0,2,1
BRDA:147,0,3,2
BRDA:149,0,0,1
BRDA:149,e0,1,0
BRDA:159,0,0,41
BRDA:159,e0,1,0
BRDA:160,0,0,41
BRDA:160,e0,1,0
BRDA:160,0,2,41
BRDA:160,e0,3,0
BRDA:161,0,0,41
BRDA:161,e0,1,0
BRDA:165,0,0,41
BRDA:165,e0,1,0
BRDA:167,0,0,1312
BRDA:167,0,1,41
BRDA:169,0,0,1312
BRDA:169,e0,1,0
BRDA:169,0,2,1312
BRDA:169,e0,3,0
BRF:102
BRH:63
DA:14,41
DA:15,41
DA:16,41
DA:17,41
DA:18,82
DA:20,41
DA:22,1
DA:25,1
DA:28,30
DA:30,30
DA:31,30
DA:32,30
DA:34,4
DA:36,4
DA:38,2
DA:41,2
DA:42,2
DA:43,2
DA:46,2
DA:48,2
DA:49,2
DA:50,2
DA:53,2
DA:55,1
DA:56,1
DA:57,1
DA:60,1
DA:63,1
DA:65,1
DA:66,1
DA:67,1
DA:69,2
DA:71,2
DA:73,1
DA:75,1
DA:78,4
DA:80,4
DA:82,2
DA:85,2
DA:86,2
DA:87,2
DA:88,2
DA:90,2
DA:91,2
DA:93,2
DA:95,2
DA:98,5
DA:100,9
DA:102,7
DA:104,3
DA:107,2
DA:110,2
DA:112,2
DA:113,2
DA:115,4
DA:117,2
DA:120,4
DA:121,2
DA:123,2
DA:125,2
DA:126,2
DA:129,2
DA:130,2
DA:133,2
DA:134,2
DA:136,2
DA:139,2
DA:142,7
DA:144,3
DA:146,3
DA:147,3
DA:149,1
DA:151,3
DA:154,4
DA:155,2
DA:157,41
DA:159,41
DA:160,41
DA:161,41
DA:163,41
DA:164,41
DA:165,41
DA:167,1353
DA:169,1312
DA:172,82
DA:173,41
LF:86
LH:86
end_of_record
TN:
SF:/home/duong/MediaPlayerApp/src/models/QueueModel.cpp
FN:106,115,_ZNK12media_player6models10QueueModel14getCurrentItemEv
FN:117,140,_ZNK12media_player6models10QueueModel11getNextItemEv
FN:142,161,_ZNK12media_player6models10QueueModel15getPreviousItemEv
FN:15,22,_ZN12media_player6models10QueueModel8addToEndERKNS0_14MediaFileModelE
FN:163,170,_ZNK12media_player6models10QueueModel9getItemAtEm
FN:172,181,_ZNK12media_player6models10QueueModel23getItemsInPlaybackOrderEv
FN:183,204,_ZN12media_player6models10QueueModel10moveToNextEv
FN:206,220,_ZN12media_player6models10QueueModel14moveToPreviousEv
FN:222,231,_ZN12media_player6models10QueueModel6jumpToEm
FN:233,246,_ZNK12media_player6models10QueueModel7hasNextEv
FN:24,38,_ZN12media_player6models10QueueModel7addNextERKNS0_14MediaFileModelE
FN:248,261,_ZNK12media_player6models10QueueModel11hasPreviousEv
FN:263,289,_ZN12media_player6models10QueueModel8moveItemEmm
FN:291,298,_ZN12media_player6models10QueueModel14setShuffleModeEb
FN:300,305,_ZN12media_player6models10QueueModel13setRepeatModeENS0_10RepeatModeE
FN:307,328,_ZN12media_player6models10QueueModel18updateShuffleOrderEv
FN:330,337,_ZNK12media_player6models10QueueModel14getActualIndexEm
FN:40,54,_ZN12media_player6models10QueueModel5addAtERKNS0_14MediaFileModelEm
FN:56,81,_ZN12media_player6models10QueueModel8removeAtEm
FN:83,97,_ZN12media_player6models10QueueModel12removeByPathERKNSt7__cxx1112basic_stringIcSt11char_traitsIcESaIcEEE
FN:86,88,_ZZN12media_player6models10QueueModel12removeByPathERKNSt7__cxx1112basic_stringIcSt11char_traitsIcESaIcEEEENKUlRKNS0_14MediaFileModelEE_clESC_
FN:99,104,_ZN12media_player6models10QueueModel5clearEv
FNDA:59,_ZNK12media_player6models10QueueModel14getCurrentItemEv
FNDA:4,_ZNK12media_player6models10QueueModel11getNextItemEv
FNDA:4,_ZNK12media_player6models10QueueModel15getPreviousItemEv
FNDA:118,_ZN12media_player6models10QueueModel8addToEndERKNS0_14MediaFileModelE
FNDA:9,_ZNK12media_player6models10QueueModel9getItemAtEm
FNDA:6,_ZNK12media_player6models10QueueModel23getItemsInPlaybackOrderEv
FNDA:15,_ZN12media_player6models10QueueModel10moveToNextEv
FNDA:7,_ZN12media_player6models10QueueModel14moveToPreviousEv
FNDA:26,_ZN12media_player6models10QueueModel6jumpToEm
FNDA:3,_ZNK12media_player6models10QueueModel7hasNextEv
FNDA:4,_ZN12media_player6models10QueueModel7addNextERKNS0_14MediaFileModelE
FNDA:4,_ZNK12media_player6models10QueueModel11hasPreviousEv
FNDA:7,_ZN12media_player6models10QueueModel8moveItemEmm
FNDA:9,_ZN12media_player6models10QueueModel14setShuffleModeEb
FNDA:21,_ZN12media_player6models10QueueModel13setRepeatModeENS0_10RepeatModeE
FNDA:9,_ZN12media_player6models10QueueModel18updateShuffleOrderEv
FNDA:61,_ZNK12media_player6models10QueueModel14getActualIndexEm
FNDA:2,_ZN12media_player6models10QueueModel5addAtERKNS0_14MediaFileModelEm
FNDA:17,_ZN12media_player6models10QueueModel8removeAtEm
FNDA:12,_ZN12media_player6models10QueueModel12removeByPathERKNSt7__cxx1112basic_stringIcSt11char_traitsIcESaIcEEE
FNDA:12,_ZZN12media_player6models10QueueModel12removeByPathERKNSt7__cxx1112basic_stringIcSt11char_traitsIcESaIcEEEENKUlRKNS0_14MediaFileModelEE_clESC_
FNDA:2,_ZN12media_player6models10QueueModel5clearEv
FNF:22
FNH:22
BRDA:18,0,0,1
BRDA:18,0,1,117
BRDA:26,0,0,1
BRDA:26,0,1,3
BRDA:32,0,0,3
BRDA:32,e0,1,0
BRDA:34,0,0,0
BRDA:34,0,1,4
BRDA:42,0,0,1
BRDA:42,0,1,1
BRDA:48,0,0,1
BRDA:48,e0,1,0
BRDA:50,0,0,0
BRDA:50,0,1,2
BRDA:58,0,0,3
BRDA:58,0,1,14
BRDA:63,0,0,14
BRDA:63,e0,1,0
BRDA:65,0,0,1
BRDA:65,0,1,13
BRDA:70,0,0,5
BRDA:70,0,1,9
BRDA:70,0,2,1
BRDA:70,0,3,4
BRDA:70,0,4,1
BRDA:70,0,5,13
BRDA:75,0,0,1
BRDA:75,0,1,13
BRDA:85,0,0,12
BRDA:85,e0,1,0
BRDA:87,0,0,12
BRDA:87,e0,1,0
BRDA:90,0,0,10
BRDA:90,0,1,2
BRDA:93,0,0,10
BRDA:93,e0,1,0
BRDA:108,0,0,52
BRDA:108,0,1,7
BRDA:108,0,2,0
BRDA:108,0,3,52
BRDA:108,0,4,7
BRDA:108,0,5,52
BRDA:119,0,0,1
BRDA:119,0,1,3
BRDA:126,0,0,2
BRDA:126,0,1,1
BRDA:128,0,0,1
BRDA:128,0,1,1
BRDA:144,0,0,1
BRDA:144,0,1,3
BRDA:149,0,0,2
BRDA:149,0,1,1
BRDA:151,0,0,1
BRDA:151,0,1,1
BRDA:165,0,0,1
BRDA:165,0,1,8
BRDA:174,0,0,1
BRDA:174,0,1,5
BRDA:175,0,0,2
BRDA:175,0,1,3
BRDA:175,0,2,2
BRDA:175,e0,3,0
BRDA:177,0,0,3
BRDA:177,e0,1,0
BRDA:178,0,0,5
BRDA:178,0,1,3
BRDA:179,0,0,5
BRDA:179,e0,1,0
BRDA:185,0,0,2
BRDA:185,0,1,13
BRDA:192,0,0,6
BRDA:192,0,1,7
BRDA:194,0,0,3
BRDA:194,0,1,3
BRDA:208,0,0,5
BRDA:208,0,1,2
BRDA:208,0,2,2
BRDA:208,0,3,3
BRDA:208,0,4,4
BRDA:208,0,5,3
BRDA:210,0,0,1
BRDA:210,0,1,3
BRDA:210,0,2,1
BRDA:210,0,3,0
BRDA:210,0,4,1
BRDA:210,0,5,3
BRDA:224,0,0,3
BRDA:224,0,1,23
BRDA:235,0,0,1
BRDA:235,0,1,2
BRDA:240,0,0,1
BRDA:240,0,1,1
BRDA:250,0,0,1
BRDA:250,0,1,3
BRDA:255,0,0,1
BRDA:255,0,1,2
BRDA:265,0,0,5
BRDA:265,0,1,2
BRDA:265,0,2,1
BRDA:265,0,3,4
BRDA:265,0,4,3
BRDA:265,0,5,4
BRDA:270,0,0,4
BRDA:270,e0,1,0
BRDA:271,0,0,4
BRDA:271,e0,1,0
BRDA:272,0,0,4
BRDA:272,e0,1,0
BRDA:275,0,0,3
BRDA:275,0,1,1
BRDA:279,0,0,0
BRDA:279,0,1,1
BRDA:279,0,2,0
BRDA:279,0,3,0
BRDA:283,0,0,1
BRDA:283,0,1,0
BRDA:283,0,2,1
BRDA:283,0,3,0
BRDA:294,0,0,7
BRDA:294,0,1,2
BRDA:303,0,0,19
BRDA:303,0,1,2
BRDA:303,0,2,7
BRDA:303,0,3,12
BRDA:310,0,0,3
BRDA:310,0,1,6
BRDA:311,0,0,6
BRDA:311,e0,1,0
BRDA:313,0,0,9
BRDA:313,0,1,6
BRDA:315,0,0,9
BRDA:315,e0,1,0
BRDA:319,0,0,6
BRDA:319,e0,1,0
BRDA:320,0,0,6
BRDA:320,e0,1,0
BRDA:320,0,2,6
BRDA:320,e0,3,0
BRDA:322,0,0,3
BRDA:322,0,1,6
BRDA:324,0,0,3
BRDA:324,e0,1,0
BRDA:325,0,0,3
BRDA:325,e0,1,0
BRDA:332,0,0,5
BRDA:332,0,1,56
BRDA:332,0,2,5
BRDA:332,0,3,0
BRDA:332,0,4,5
BRDA:332,0,5,56
BRF:150
BRH:121
DA:15,118
DA:17,118
DA:18,118
DA:20,1
DA:22,118
DA:24,4
DA:26,4
DA:28,1
DA:32,3
DA:34,4
DA:36,0
DA:38,4
DA:40,2
DA:42,2
DA:44,1
DA:48,1
DA:50,2
DA:52,0
DA:54,2
DA:56,17
DA:58,17
DA:60,3
DA:63,14
DA:65,14
DA:67,1
DA:70,14
DA:72,1
DA:75,14
DA:77,1
DA:80,14
DA:83,12
DA:85,12
DA:86,12
DA:87,12
DA:90,12
DA:92,10
DA:93,10
DA:96,2
DA:99,2
DA:101,2
DA:102,2
DA:103,2
DA:104,2
DA:106,59
DA:108,59
DA:110,7
DA:113,52
DA:114,52
DA:117,4
DA:119,4
DA:121,1
DA:124,3
DA:126,3
DA:128,2
DA:130,1
DA:134,1
DA:138,2
DA:139,2
DA:142,4
DA:144,4
DA:146,1
DA:149,3
DA:151,2
DA:153,1
DA:154,1
DA:156,1
DA:159,1
DA:160,1
DA:163,9
DA:165,9
DA:167,1
DA:169,8
DA:172,6
DA:174,6
DA:175,5
DA:176,3
DA:177,3
DA:178,8
DA:179,5
DA:180,3
DA:181,3
DA:183,15
DA:185,15
DA:187,2
DA:190,13
DA:192,13
DA:194,6
DA:196,3
DA:197,3
DA:199,3
DA:200,3
DA:203,7
DA:206,7
DA:208,7
DA:210,4
DA:212,1
DA:213,1
DA:215,3
DA:218,3
DA:219,3
DA:222,26
DA:224,26
DA:226,3
DA:229,23
DA:230,23
DA:233,3
DA:235,3
DA:237,1
DA:240,2
DA:242,1
DA:245,1
DA:248,4
DA:250,4
DA:252,1
DA:255,3
DA:257,1
DA:260,2
DA:263,7
DA:265,7
DA:267,3
DA:270,4
DA:271,4
DA:272,4
DA:275,4
DA:277,3
DA:279,1
DA:281,0
DA:283,1
DA:285,1
DA:288,4
DA:289,4
DA:291,9
DA:293,9
DA:294,9
DA:296,7
DA:298,9
DA:300,21
DA:302,21
DA:303,21
DA:305,21
DA:307,9
DA:309,9
DA:310,9
DA:311,6
DA:313,15
DA:315,9
DA:319,6
DA:320,6
DA:322,9
DA:324,3
DA:325,3
DA:326,3
DA:328,6
DA:330,61
DA:332,61
DA:334,5
DA:336,56
LF:157
LH:154
end_of_record
TN:
SF:/usr/include/c++/13/bit
FN:195,237,_ZSt13__countl_zeroImEiT_
FN:365,369,_ZSt11__bit_widthImEiT_
FNDA:0,_ZSt13__countl_zeroImEiT_
FNDA:0,_ZSt11__bit_widthImEiT_
FNF:2
FNH:0
BRDA:200,0,0,-
BRDA:200,0,1,-
BRF:2
BRH:0
DA:195,0
DA:198,0
DA:200,0
DA:201,0
DA:203,0
DA:204,0
DA:205,0
DA:214,0
DA:215,0
DA:365,0
DA:367,0
DA:368,0
LF:12
LH:0
end_of_record
TN:
SF:/usr/include/c++/13/bits/alloc_traits.h
FNF:0
FNH:0
BRDA:482,0,0,114
BRDA:482,e0,1,0
BRDA:948,0,0,0
BRDA:948,e0,1,0
BRDA:948,0,2,0
BRDA:948,e0,3,0
BRF:6
BRH:1
DA:482,16157
DA:517,0
DA:538,7
DA:542,7
DA:562,0
DA:574,0
DA:588,0
DA:948,379
DA:949,0
LF:9
LH:4
end_of_record
TN:
SF:/usr/include/c++/13/bits/allocator.h
FNF:0
FNH:0
DA:163,0
DA:168,31306
DA:178,228
DA:184,31583
LF:4
LH:3
end_of_record
TN:
SF:/usr/include/c++/13/bits/basic_string.h
FN:3528,3541,_ZSt12__str_concatINSt7__cxx1112basic_stringIcSt11char_traitsIcESaIcEEEET_PKNS6_10value_typeENS6_9size_typeES9_SA_RKNS6_14allocator_typeE
FN:3607,3615,_ZStplIcSt11char_traitsIcESaIcEENSt7__cxx1112basic_stringIT_T0_T1_EERKS8_PKS5_
FN:3637,3639,_ZStplIcSt11char_traitsIcESaIcEENSt7__cxx1112basic_stringIT_T0_T1_EEOS8_RKS8_
FN:3651,3669,_ZStplIcSt11char_traitsIcESaIcEENSt7__cxx1112basic_stringIT_T0_T1_EEOS8_S9_
FN:3688,3690,_ZStplIcSt11char_traitsIcESaIcEENSt7__cxx1112basic_stringIT_T0_T1_EEOS8_PKS5_
FN:3710,3716,_ZSteqIcSt11char_traitsIcESaIcEEbRKNSt7__cxx1112basic_stringIT_T0_T1_EESA_
FN:3829,3832,_ZStltIcSt11char_traitsIcESaIcEEbRKNSt7__cxx1112basic_stringIT_T0_T1_EESA_
FN:4162,4173,_ZNSt7__cxx119to_stringEi
FN:4204,4212,_ZNSt7__cxx119to_stringEm
FN:641,650,_ZNSt7__cxx1112basic_stringIcSt11char_traitsIcESaIcEEC2IS3_EEPKcRKS3_
FN:664,666,_ZNSt7__cxx1112basic_stringIcSt11char_traitsIcESaIcEEC2IS3_EEmcRKS3_
FN:795,796,_ZNSt7__cxx1112basic_stringIcSt11char_traitsIcESaIcEEC2ISt17basic_string_viewIcS2_EvEERKT_RKS3_
FNDA:0,_ZSt12__str_concatINSt7__cxx1112basic_stringIcSt11char_traitsIcESaIcEEEET_PKNS6_10value_typeENS6_9size_typeES9_SA_RKNS6_14allocator_typeE
FNDA:0,_ZStplIcSt11char_traitsIcESaIcEENSt7__cxx1112basic_stringIT_T0_T1_EERKS8_PKS5_
FNDA:0,_ZStplIcSt11char_traitsIcESaIcEENSt7__cxx1112basic_stringIT_T0_T1_EEOS8_RKS8_
FNDA:0,_ZStplIcSt11char_traitsIcESaIcEENSt7__cxx1112basic_stringIT_T0_T1_EEOS8_S9_
FNDA:0,_ZStplIcSt11char_traitsIcESaIcEENSt7__cxx1112basic_stringIT_T0_T1_EEOS8_PKS5_
FNDA:0,_ZSteqIcSt11char_traitsIcESaIcEEbRKNSt7__cxx1112basic_stringIT_T0_T1_EESA_
FNDA:0,_ZStltIcSt11char_traitsIcESaIcEEbRKNSt7__cxx1112basic_stringIT_T0_T1_EESA_
FNDA:0,_ZNSt7__cxx119to_stringEi
FNDA:0,_ZNSt7__cxx119to_stringEm
FNDA:0,_ZNSt7__cxx1112basic_stringIcSt11char_traitsIcESaIcEEC2IS3_EEPKcRKS3_
FNDA:0,_ZNSt7__cxx1112basic_stringIcSt11char_traitsIcESaIcEEC2IS3_EEmcRKS3_
FNDA:0,_ZNSt7__cxx1112basic_stringIcSt11char_traitsIcESaIcEEC2ISt17basic_string_viewIcS2_EvEERKT_RKS3_
FNF:12
FNH:0
BRDA:645,0,0,-
BRDA:645,0,1,-
BRDA:648,0,0,-
BRDA:648,e0,1,-
BRDA:649,0,0,-
BRDA:649,e0,1,-
BRDA:666,0,0,-
BRDA:666,e0,1,-
BRDA:796,0,0,-
BRDA:796,e0,1,-
BRDA:3537,0,0,-
BRDA:3537,e0,1,-
BRDA:3538,0,0,-
BRDA:3538,e0,1,-
BRDA:3539,0,0,-
BRDA:3539,e0,1,-
BRDA:3614,0,0,-
BRDA:3614,e0,1,-
BRDA:3614,0,2,-
BRDA:3614,e0,3,-
BRDA:3661,0,0,-
BRDA:3661,0,1,-
BRDA:3665,0,0,-
BRDA:3665,0,1,-
BRDA:3665,0,2,-
BRDA:3665,0,3,-
BRDA:3665,0,4,-
BRDA:3665,0,5,-
BRDA:3715,0,0,-
BRDA:3715,0,1,-
BRDA:3715,0,2,-
BRDA:3715,0,3,-
BRDA:4168,0,0,-
BRDA:4168,0,1,-
BRDA:4209,0,0,-
BRDA:4209,e0,1,-
BRDA:4210,0,0,-
BRDA:4210,e0,1,-
BRF:38
BRH:0
DA:355,0
DA:641,0
DA:642,0
DA:645,0
DA:646,0
DA:648,0
DA:649,0
DA:650,0
DA:664,0
DA:665,0
DA:666,0
DA:795,0
DA:796,0
DA:3528,0
DA:3536,0
DA:3537,0
DA:3538,0
DA:3539,0
DA:3540,0
DA:3541,0
DA:3607,0
DA:3614,0
DA:3637,0
DA:3639,0
DA:3651,0
DA:3656,0
DA:3658,0
DA:3661,0
DA:3664,0
DA:3665,0
DA:3666,0
DA:3668,0
DA:3688,0
DA:3690,0
DA:3710,0
DA:3714,0
DA:3715,0
DA:3829,0
DA:3832,0
DA:4162,0
DA:4167,0
DA:4168,0
DA:4169,0
DA:4170,0
DA:4171,0
DA:4172,0
DA:4204,0
DA:4209,0
DA:4210,0
DA:4211,0
DA:4212,0
LF:51
LH:0
end_of_record
TN:
SF:/usr/include/c++/13/bits/basic_string.tcc
FN:221,252,_ZNSt7__cxx1112basic_stringIcSt11char_traitsIcESaIcEE12_M_constructIPKcEEvT_S8_St20forward_iterator_tag
FN:221,252,_ZNSt7__cxx1112basic_stringIcSt11char_traitsIcESaIcEE12_M_constructIPcEEvT_S7_St20forward_iterator_tag
FN:239,239,_ZZNSt7__cxx1112basic_stringIcSt11char_traitsIcESaIcEE12_M_constructIPKcEEvT_S8_St20forward_iterator_tagEN6_GuardC2EPS4_
FN:239,239,_ZZNSt7__cxx1112basic_stringIcSt11char_traitsIcESaIcEE12_M_constructIPcEEvT_S7_St20forward_iterator_tagEN6_GuardC2EPS4_
FN:242,242,_ZZNSt7__cxx1112basic_stringIcSt11char_traitsIcESaIcEE12_M_constructIPKcEEvT_S8_St20forward_iterator_tagEN6_GuardD2Ev
FN:242,242,_ZZNSt7__cxx1112basic_stringIcSt11char_traitsIcESaIcEE12_M_constructIPcEEvT_S7_St20forward_iterator_tagEN6_GuardD2Ev
FNDA:0,_ZNSt7__cxx1112basic_stringIcSt11char_traitsIcESaIcEE12_M_constructIPKcEEvT_S8_St20forward_iterator_tag
FNDA:0,_ZNSt7__cxx1112basic_stringIcSt11char_traitsIcESaIcEE12_M_constructIPcEEvT_S7_St20forward_iterator_tag
FNDA:0,_ZZNSt7__cxx1112basic_stringIcSt11char_traitsIcESaIcEE12_M_constructIPKcEEvT_S8_St20forward_iterator_tagEN6_GuardC2EPS4_
FNDA:0,_ZZNSt7__cxx1112basic_stringIcSt11char_traitsIcESaIcEE12_M_constructIPcEEvT_S7_St20forward_iterator_tagEN6_GuardC2EPS4_
FNDA:0,_ZZNSt7__cxx1112basic_stringIcSt11char_traitsIcESaIcEE12_M_constructIPKcEEvT_S8_St20forward_iterator_tagEN6_GuardD2Ev
FNDA:0,_ZZNSt7__cxx1112basic_stringIcSt11char_traitsIcESaIcEE12_M_constructIPcEEvT_S7_St20forward_iterator_tagEN6_GuardD2Ev
FNF:6
FNH:0
BRDA:227,0,0,-
BRDA:227,0,1,-
BRDA:229,0,0,-
BRDA:229,e0,1,-
BRDA:242,0,0,-
BRDA:242,0,1,-
BRF:6
BRH:0
DA:221,0
DA:225,0
DA:227,0
DA:229,0
DA:230,0
DA:239,0
DA:242,0
DA:245,0
DA:247,0
DA:249,0
DA:251,0
DA:252,0
LF:12
LH:0
end_of_record
TN:
SF:/usr/include/c++/13/bits/char_traits.h
FN:136,137,_ZN9__gnu_cxx11char_traitsIcE2eqERKcS3_
FN:199,206,_ZN9__gnu_cxx11char_traitsIcE6lengthEPKc
FN:366,371,_ZNSt11char_traitsIcE2ltERKcS2_
FN:374,390,_ZNSt11char_traitsIcE7compareEPKcS2_m
FN:393,400,_ZNSt11char_traitsIcE6lengthEPKc
FN:427,436,_ZNSt11char_traitsIcE4copyEPcPKcm
FNDA:0,_ZN9__gnu_cxx11char_traitsIcE2eqERKcS3_
FNDA:0,_ZN9__gnu_cxx11char_traitsIcE6lengthEPKc
FNDA:0,_ZNSt11char_traitsIcE2ltERKcS2_
FNDA:0,_ZNSt11char_traitsIcE7compareEPKcS2_m
FNDA:0,_ZNSt11char_traitsIcE6lengthEPKc
FNDA:0,_ZNSt11char_traitsIcE4copyEPcPKcm
FNF:6
FNH:0
BRDA:203,0,0,-
BRDA:203,0,1,-
BRDA:376,0,0,-
BRDA:376,0,1,-
BRDA:379,0,0,-
BRDA:379,0,1,-
BRDA:381,0,0,-
BRDA:381,0,1,-
BRDA:382,0,0,-
BRDA:382,0,1,-
BRDA:384,0,0,-
BRDA:384,0,1,-
BRDA:396,0,0,-
BRDA:396,0,1,-
BRDA:429,0,0,-
BRDA:429,0,1,-
BRF:16
BRH:0
DA:136,0
DA:137,0
DA:199,0
DA:202,0
DA:203,0
DA:204,0
DA:205,0
DA:366,0
DA:369,0
DA:370,0
DA:374,0
DA:376,0
DA:377,0
DA:379,0
DA:381,0
DA:382,0
DA:383,0
DA:384,0
DA:385,0
DA:386,0
DA:389,0
DA:393,0
DA:396,0
DA:397,0
DA:399,0
DA:427,0
DA:429,0
DA:430,0
DA:435,0
LF:29
LH:0
end_of_record
TN:
SF:/usr/include/c++/13/bits/charconv.h
FN:55,74,_ZNSt8__detail14__to_chars_lenIjEEjT_i
FN:55,74,_ZNSt8__detail14__to_chars_lenImEEjT_i
FN:81,110,_ZNSt8__detail18__to_chars_10_implIjEEvPcjT_
FN:81,110,_ZNSt8__detail18__to_chars_10_implImEEvPcjT_
FNDA:0,_ZNSt8__detail14__to_chars_lenIjEEjT_i
FNDA:0,_ZNSt8__detail14__to_chars_lenImEEjT_i
FNDA:0,_ZNSt8__detail18__to_chars_10_implIjEEvPcjT_
FNDA:0,_ZNSt8__detail18__to_chars_10_implImEEvPcjT_
FNF:4
FNH:0
BRDA:67,0,0,-
BRDA:67,0,1,-
BRDA:68,0,0,-
BRDA:68,0,1,-
BRDA:69,0,0,-
BRDA:69,0,1,-
BRDA:70,0,0,-
BRDA:70,0,1,-
BRDA:94,0,0,-
BRDA:94,0,1,-
BRDA:102,0,0,-
BRDA:102,0,1,-
BRF:12
BRH:0
DA:55,0
DA:61,0
DA:62,0
DA:63,0
DA:64,0
DA:67,0
DA:68,0
DA:69,0
DA:70,0
DA:71,0
DA:72,0
DA:81,0
DA:87,0
DA:93,0
DA:94,0
DA:96,0
DA:97,0
DA:98,0
DA:99,0
DA:100,0
DA:102,0
DA:104,0
DA:105,0
DA:106,0
DA:109,0
DA:110,0
LF:26
LH:0
end_of_record
TN:
SF:/usr/include/c++/13/bits/chrono.h
FN:1129,1136,_ZNSt6chronomiINS_3_V212system_clockENS_8durationIlSt5ratioILl1ELl1000000000EEEElS4_ILl60ELl1EEEENS_10time_pointIT_NSt11common_typeIJT0_NS3_IT1_T2_EEEE4typeEEERKNS8_IS9_SB_EERKSE_
FN:1174,1176,_ZNSt6chronoltINS_3_V212system_clockENS_8durationIlSt5ratioILl1ELl1000000000EEEES6_EEbRKNS_10time_pointIT_T0_EERKNS7_IS8_T1_EE
FN:1192,1194,_ZNSt6chronogeINS_3_V212system_clockENS_8durationIlSt5ratioILl1ELl1000000000EEEES6_EEbRKNS_10time_pointIT_T0_EERKNS7_IS8_T1_EE
FN:221,226,_ZNSt6chrono20__duration_cast_implINS_8durationIlSt5ratioILl1ELl1000000000EEEES2_ILl60000000000ELl1EElLb0ELb1EE6__castIlS2_ILl60ELl1EEEES4_RKNS1_IT_T0_EE
FN:273,291,_ZNSt6chrono13duration_castINS_8durationIlSt5ratioILl1ELl1000000000EEEElS2_ILl60ELl1EEEENSt9enable_ifIXsrNS_13__is_durationIT_EE5valueES8_E4typeERKNS1_IT0_T1_EE
FN:498,499,_ZNSt6chrono15duration_valuesIlE4zeroEv
FN:573,574,_ZNSt6chrono8durationIlSt5ratioILl1ELl1000000000EEEC1IlvEERKT_
FN:573,574,_ZNSt6chrono8durationIlSt5ratioILl60ELl1EEEC1IivEERKT_
FN:581,582,_ZNSt6chrono8durationIlSt5ratioILl1ELl1000000000EEEC2IlS1_ILl60ELl1EEvEERKNS0_IT_T0_EE
FN:589,590,_ZNKSt6chrono8durationIlSt5ratioILl1ELl1000000000EEE5countEv
FN:589,590,_ZNKSt6chrono8durationIlSt5ratioILl60ELl1EEE5countEv
FN:673,674,_ZNSt6chrono8durationIlSt5ratioILl1ELl1000000000EEE4zeroEv
FN:710,717,_ZNSt6chronomiIlSt5ratioILl1ELl1000000000EElS1_ILl60ELl1EEEENSt11common_typeIJNS_8durationIT_T0_EENS5_IT1_T2_EEEE4typeERKS8_RKSB_
FN:822,829,_ZNSt6chronoltIlSt5ratioILl1ELl1000000000EElS2_EEbRKNS_8durationIT_T0_EERKNS3_IT1_T2_EE
FN:933,934,_ZNSt6chrono10time_pointINSt10filesystem12__file_clockENS_8durationIlSt5ratioILl1ELl1000000000EEEEEC2Ev
FN:936,938,_ZNSt6chrono10time_pointINS_3_V212system_clockENS_8durationIlSt5ratioILl1ELl1000000000EEEEEC2ERKS6_
FN:949,950,_ZNKSt6chrono10time_pointINS_3_V212system_clockENS_8durationIlSt5ratioILl1ELl1000000000EEEEE16time_since_epochEv
FNDA:5,_ZNSt6chronomiINS_3_V212system_clockENS_8durationIlSt5ratioILl1ELl1000000000EEEElS4_ILl60ELl1EEEENS_10time_pointIT_NSt11common_typeIJT0_NS3_IT1_T2_EEEE4typeEEERKNS8_IS9_SB_EERKSE_
FNDA:2,_ZNSt6chronoltINS_3_V212system_clockENS_8durationIlSt5ratioILl1ELl1000000000EEEES6_EEbRKNS_10time_pointIT_T0_EERKNS7_IS8_T1_EE
FNDA:2,_ZNSt6chronogeINS_3_V212system_clockENS_8durationIlSt5ratioILl1ELl1000000000EEEES6_EEbRKNS_10time_pointIT_T0_EERKNS7_IS8_T1_EE
FNDA:5,_ZNSt6chrono20__duration_cast_implINS_8durationIlSt5ratioILl1ELl1000000000EEEES2_ILl60000000000ELl1EElLb0ELb1EE6__castIlS2_ILl60ELl1EEEES4_RKNS1_IT_T0_EE
FNDA:5,_ZNSt6chrono13duration_castINS_8durationIlSt5ratioILl1ELl1000000000EEEElS2_ILl60ELl1EEEENSt9enable_ifIXsrNS_13__is_durationIT_EE5valueES8_E4typeERKNS1_IT0_T1_EE
FNDA:0,_ZNSt6chrono15duration_valuesIlE4zeroEv
FNDA:0,_ZNSt6chrono8durationIlSt5ratioILl1ELl1000000000EEEC1IlvEERKT_
FNDA:5,_ZNSt6chrono8durationIlSt5ratioILl60ELl1EEEC1IivEERKT_
FNDA:5,_ZNSt6chrono8durationIlSt5ratioILl1ELl1000000000EEEC2IlS1_ILl60ELl1EEvEERKNS0_IT_T0_EE
FNDA:0,_ZNKSt6chrono8durationIlSt5ratioILl1ELl1000000000EEE5countEv
FNDA:5,_ZNKSt6chrono8durationIlSt5ratioILl60ELl1EEE5countEv
FNDA:0,_ZNSt6chrono8durationIlSt5ratioILl1ELl1000000000EEE4zeroEv
FNDA:5,_ZNSt6chronomiIlSt5ratioILl1ELl1000000000EElS1_ILl60ELl1EEEENSt11common_typeIJNS_8durationIT_T0_EENS5_IT1_T2_EEEE4typeERKS8_RKSB_
FNDA:2,_ZNSt6chronoltIlSt5ratioILl1ELl1000000000EElS2_EEbRKNS_8durationIT_T0_EERKNS3_IT1_T2_EE
FNDA:5803,_ZNSt6chrono10time_pointINSt10filesystem12__file_clockENS_8durationIlSt5ratioILl1ELl1000000000EEEEEC2Ev
FNDA:311,_ZNSt6chrono10time_pointINS_3_V212system_clockENS_8durationIlSt5ratioILl1ELl1000000000EEEEEC2ERKS6_
FNDA:0,_ZNKSt6chrono10time_pointINS_3_V212system_clockENS_8durationIlSt5ratioILl1ELl1000000000EEEEE16time_since_epochEv
FNF:17
FNH:12
BRDA:582,0,0,5
BRDA:582,e0,1,0
BRDA:716,0,0,5
BRDA:716,e0,1,0
BRDA:1135,0,0,5
BRDA:1135,e0,1,0
BRDA:1176,0,0,2
BRDA:1176,e0,1,0
BRF:8
BRH:4
DA:221,5
DA:224,10
DA:225,5
DA:273,5
DA:287,5
DA:498,0
DA:499,0
DA:573,5
DA:574,5
DA:581,5
DA:582,5
DA:589,5
DA:590,5
DA:673,0
DA:674,0
DA:710,5
DA:716,5
DA:822,2
DA:828,2
DA:933,5803
DA:934,5803
DA:936,311
DA:937,311
DA:938,311
DA:949,0
DA:950,0
DA:1129,5
DA:1135,5
DA:1174,2
DA:1176,2
DA:1192,2
DA:1194,2
LF:32
LH:26
end_of_record
TN:
SF:/usr/include/c++/13/bits/cpp_type_traits.h
FN:607,608,_ZSt12__miter_baseIN9__gnu_cxx17__normal_iteratorIPN12media_player6models14MediaFileModelESt6vectorIS4_SaIS4_EEEEET_SA_
FN:607,608,_ZSt12__miter_baseIPN12media_player6models14MediaFileModelEET_S4_
FN:607,608,_ZSt12__miter_baseIPPN12media_player6models12HistoryEntryEET_S5_
FN:607,608,_ZSt12__miter_baseISt15_Deque_iteratorIN12media_player6models12HistoryEntryERS3_PS3_EET_S7_
FNDA:42,_ZSt12__miter_baseIN9__gnu_cxx17__normal_iteratorIPN12media_player6models14MediaFileModelESt6vectorIS4_SaIS4_EEEEET_SA_
FNDA:0,_ZSt12__miter_baseIPN12media_player6models14MediaFileModelEET_S4_
FNDA:52,_ZSt12__miter_baseIPPN12media_player6models12HistoryEntryEET_S5_
FNDA:0,_ZSt12__miter_baseISt15_Deque_iteratorIN12media_player6models12HistoryEntryERS3_PS3_EET_S7_
FNF:4
FNH:2
DA:607,94
DA:608,94
LF:2
LH:2
end_of_record
TN:
SF:/usr/include/c++/13/bits/deque.tcc
FN:1003,1027,_ZSt15__copy_move_ditILb1EN12media_player6models12HistoryEntryERS2_PS2_St15_Deque_iteratorIS2_S3_S4_EET3_S5_IT0_T1_T2_ESB_S7_
FN:1040,1043,_ZSt14__copy_move_a1ILb1EN12media_player6models12HistoryEntryERS2_PS2_S2_ESt15_Deque_iteratorIT3_RS6_PS6_ES5_IT0_T1_T2_ESD_S9_
FN:1049,1069,_ZSt14__copy_move_a1ILb1EPN12media_player6models12HistoryEntryES2_EN9__gnu_cxx11__enable_ifIXsrSt23__is_random_access_iterIT0_NSt15iterator_traitsIS7_E17iterator_categoryEE7__valueESt15_Deque_iteratorIT1_RSD_PSD_EE6__typeES7_S7_SG_
FN:1125,1147,_ZSt24__copy_move_backward_ditILb1EN12media_player6models12HistoryEntryERS2_PS2_St15_Deque_iteratorIS2_S3_S4_EET3_S5_IT0_T1_T2_ESB_S7_
FN:1161,1165,_ZSt23__copy_move_backward_a1ILb1EN12media_player6models12HistoryEntryERS2_PS2_S2_ESt15_Deque_iteratorIT3_RS6_PS6_ES5_IT0_T1_T2_ESD_S9_
FN:1171,1197,_ZSt23__copy_move_backward_a1ILb1EPN12media_player6models12HistoryEntryES2_EN9__gnu_cxx11__enable_ifIXsrSt23__is_random_access_iterIT0_NSt15iterator_traitsIS7_E17iterator_categoryEE7__valueESt15_Deque_iteratorIT1_RSD_PSD_EE6__typeES7_S7_SG_
FN:140,155,_ZNSt5dequeIN12media_player6models12HistoryEntryESaIS2_EE13emplace_frontIJS2_EEERS2_DpOT_
FN:164,180,_ZNSt5dequeIN12media_player6models12HistoryEntryESaIS2_EE12emplace_backIJS2_EEERS2_DpOT_
FN:235,254,_ZNSt5dequeIN12media_player6models12HistoryEntryESaIS2_EE8_M_eraseESt15_Deque_iteratorIS2_RS2_PS2_E
FN:258,286,_ZNSt5dequeIN12media_player6models12HistoryEntryESaIS2_EE8_M_eraseESt15_Deque_iteratorIS2_RS2_PS2_ES8_
FN:484,516,_ZNSt5dequeIN12media_player6models12HistoryEntryESaIS2_EE16_M_push_back_auxIJS2_EEEvDpOT_
FN:523,556,_ZNSt5dequeIN12media_player6models12HistoryEntryESaIS2_EE17_M_push_front_auxIJS2_EEEvDpOT_
FN:560,568,_ZNSt5dequeIN12media_player6models12HistoryEntryESaIS2_EE15_M_pop_back_auxEv
FN:576,584,_ZNSt5dequeIN12media_player6models12HistoryEntryESaIS2_EE16_M_pop_front_auxEv
FN:859,877,_ZNSt5dequeIN12media_player6models12HistoryEntryESaIS2_EE19_M_destroy_data_auxESt15_Deque_iteratorIS2_RS2_PS2_ES8_
FN:931,973,_ZNSt5dequeIN12media_player6models12HistoryEntryESaIS2_EE17_M_reallocate_mapEmb
FNDA:0,_ZSt15__copy_move_ditILb1EN12media_player6models12HistoryEntryERS2_PS2_St15_Deque_iteratorIS2_S3_S4_EET3_S5_IT0_T1_T2_ESB_S7_
FNDA:0,_ZSt14__copy_move_a1ILb1EN12media_player6models12HistoryEntryERS2_PS2_S2_ESt15_Deque_iteratorIT3_RS6_PS6_ES5_IT0_T1_T2_ESD_S9_
FNDA:0,_ZSt14__copy_move_a1ILb1EPN12media_player6models12HistoryEntryES2_EN9__gnu_cxx11__enable_ifIXsrSt23__is_random_access_iterIT0_NSt15iterator_traitsIS7_E17iterator_categoryEE7__valueESt15_Deque_iteratorIT1_RSD_PSD_EE6__typeES7_S7_SG_
FNDA:0,_ZSt24__copy_move_backward_ditILb1EN12media_player6models12HistoryEntryERS2_PS2_St15_Deque_iteratorIS2_S3_S4_EET3_S5_IT0_T1_T2_ESB_S7_
FNDA:0,_ZSt23__copy_move_backward_a1ILb1EN12media_player6models12HistoryEntryERS2_PS2_S2_ESt15_Deque_iteratorIT3_RS6_PS6_ES5_IT0_T1_T2_ESD_S9_
FNDA:0,_ZSt23__copy_move_backward_a1ILb1EPN12media_player6models12HistoryEntryES2_EN9__gnu_cxx11__enable_ifIXsrSt23__is_random_access_iterIT0_NSt15iterator_traitsIS7_E17iterator_categoryEE7__valueESt15_Deque_iteratorIT1_RSD_PSD_EE6__typeES7_S7_SG_
FNDA:5074,_ZNSt5dequeIN12media_player6models12HistoryEntryESaIS2_EE13emplace_frontIJS2_EEERS2_DpOT_
FNDA:301,_ZNSt5dequeIN12media_player6models12HistoryEntryESaIS2_EE12emplace_backIJS2_EEERS2_DpOT_
FNDA:4848,_ZNSt5dequeIN12media_player6models12HistoryEntryESaIS2_EE8_M_eraseESt15_Deque_iteratorIS2_RS2_PS2_E
FNDA:43,_ZNSt5dequeIN12media_player6models12HistoryEntryESaIS2_EE8_M_eraseESt15_Deque_iteratorIS2_RS2_PS2_ES8_
FNDA:142,_ZNSt5dequeIN12media_player6models12HistoryEntryESaIS2_EE16_M_push_back_auxIJS2_EEEvDpOT_
FNDA:143,_ZNSt5dequeIN12media_player6models12HistoryEntryESaIS2_EE17_M_push_front_auxIJS2_EEEvDpOT_
FNDA:51,_ZNSt5dequeIN12media_player6models12HistoryEntryESaIS2_EE15_M_pop_back_auxEv
FNDA:4,_ZNSt5dequeIN12media_player6models12HistoryEntryESaIS2_EE16_M_pop_front_auxEv
FNDA:148,_ZNSt5dequeIN12media_player6models12HistoryEntryESaIS2_EE19_M_destroy_data_auxESt15_Deque_iteratorIS2_RS2_PS2_ES8_
FNDA:26,_ZNSt5dequeIN12media_player6models12HistoryEntryESaIS2_EE17_M_reallocate_mapEmb
FNF:16
FNH:10
BRDA:143,0,0,4931
BRDA:143,0,1,143
BRDA:168,0,0,159
BRDA:168,0,1,142
BRDA:241,0,0,4845
BRDA:241,0,1,3
BRDA:243,0,0,0
BRDA:243,0,1,4845
BRDA:244,0,0,-
BRDA:244,e0,1,-
BRDA:249,0,0,0
BRDA:249,0,1,3
BRDA:250,0,0,-
BRDA:250,e0,1,-
BRDA:261,0,0,36
BRDA:261,0,1,7
BRDA:263,0,0,3
BRDA:263,0,1,4
BRDA:263,0,2,3
BRDA:263,0,3,0
BRDA:263,0,4,3
BRDA:263,0,5,4
BRDA:272,0,0,0
BRDA:272,0,1,4
BRDA:274,0,0,-
BRDA:274,0,1,-
BRDA:275,0,0,-
BRDA:275,e0,1,-
BRDA:276,0,0,-
BRDA:276,e0,1,-
BRDA:280,0,0,0
BRDA:280,0,1,4
BRDA:281,0,0,-
BRDA:281,e0,1,-
BRDA:282,0,0,4
BRDA:282,e0,1,0
BRDA:492,0,0,0
BRDA:492,0,1,142
BRDA:531,0,0,0
BRDA:531,0,1,143
BRDA:863,0,0,159
BRDA:863,0,1,148
BRDA:867,0,0,71
BRDA:867,0,1,77
BRDA:939,0,0,7
BRDA:939,0,1,19
BRDA:943,0,0,7
BRDA:943,0,1,0
BRDA:944,0,0,0
BRDA:944,0,1,7
BRDA:961,0,0,3
BRDA:961,0,1,16
BRDA:1008,0,0,-
BRDA:1008,0,1,-
BRDA:1010,0,0,-
BRDA:1010,e0,1,-
BRDA:1015,0,0,-
BRDA:1015,0,1,-
BRDA:1018,0,0,-
BRDA:1018,e0,1,-
BRDA:1022,0,0,-
BRDA:1022,e0,1,-
BRDA:1026,0,0,-
BRDA:1026,e0,1,-
BRDA:1043,0,0,-
BRDA:1043,e0,1,-
BRDA:1056,0,0,-
BRDA:1056,0,1,-
BRDA:1060,0,0,-
BRDA:1060,e0,1,-
BRDA:1131,0,0,-
BRDA:1131,0,1,-
BRDA:1133,0,0,-
BRDA:1133,e0,1,-
BRDA:1137,0,0,-
BRDA:1137,0,1,-
BRDA:1139,0,0,-
BRDA:1139,e0,1,-
BRDA:1142,0,0,-
BRDA:1142,e0,1,-
BRDA:1146,0,0,-
BRDA:1146,e0,1,-
BRDA:1165,0,0,-
BRDA:1165,e0,1,-
BRDA:1178,0,0,-
BRDA:1178,0,1,-
BRDA:1182,0,0,-
BRDA:1182,0,1,-
BRDA:1189,0,0,-
BRDA:1189,e0,1,-
BRF:90
BRH:30
DA:140,5074
DA:143,5074
DA:145,4931
DA:146,4931
DA:148,4931
DA:151,143
DA:153,5074
DA:164,301
DA:167,301
DA:168,301
DA:170,159
DA:173,159
DA:176,142
DA:178,301
DA:235,4848
DA:238,4848
DA:239,4848
DA:240,4848
DA:241,4848
DA:243,4845
DA:244,0
DA:245,4845
DA:249,3
DA:250,0
DA:251,3
DA:253,4848
DA:258,43
DA:261,43
DA:262,36
DA:263,7
DA:265,3
DA:266,3
DA:270,4
DA:271,4
DA:272,4
DA:274,0
DA:275,0
DA:276,0
DA:280,4
DA:281,0
DA:282,4
DA:284,4
DA:484,142
DA:492,142
DA:493,0
DA:496,142
DA:497,142
DA:501,142
DA:507,142
DA:509,142
DA:516,142
DA:523,143
DA:531,143
DA:532,0
DA:535,143
DA:536,143
DA:539,143
DA:541,143
DA:543,143
DA:556,143
DA:560,51
DA:563,51
DA:564,51
DA:565,51
DA:566,51
DA:568,51
DA:576,4
DA:579,4
DA:581,4
DA:582,4
DA:583,4
DA:584,4
DA:859,148
DA:862,307
DA:863,307
DA:864,159
DA:865,159
DA:867,148
DA:869,71
DA:870,71
DA:871,71
DA:872,71
DA:875,77
DA:876,77
DA:877,148
DA:931,26
DA:934,26
DA:935,26
DA:936,26
DA:939,26
DA:941,14
DA:942,7
DA:943,7
DA:944,7
DA:945,0
DA:946,0
DA:949,7
DA:950,7
DA:951,7
DA:955,38
DA:956,19
DA:959,19
DA:960,38
DA:961,19
DA:962,19
DA:963,19
DA:965,19
DA:967,19
DA:968,19
DA:971,26
DA:972,26
DA:973,26
DA:1003,0
DA:1008,0
DA:1010,0
DA:1014,0
DA:1015,0
DA:1016,0
DA:1018,0
DA:1022,0
DA:1026,0
DA:1040,0
DA:1043,0
DA:1049,0
DA:1055,0
DA:1056,0
DA:1058,0
DA:1059,0
DA:1060,0
DA:1063,0
DA:1064,0
DA:1065,0
DA:1068,0
DA:1125,0
DA:1131,0
DA:1133,0
DA:1136,0
DA:1137,0
DA:1138,0
DA:1139,0
DA:1142,0
DA:1146,0
DA:1161,0
DA:1165,0
DA:1171,0
DA:1177,0
DA:1178,0
DA:1180,0
DA:1181,0
DA:1182,0
DA:1184,0
DA:1185,0
DA:1188,0
DA:1189,0
DA:1191,0
DA:1192,0
DA:1193,0
DA:1196,0
LF:158
LH:102
end_of_record
TN:
SF:/usr/include/c++/13/bits/fs_dir.h
FN:77,77,_ZNKSt10filesystem11file_status4typeEv
FNDA:0,_ZNKSt10filesystem11file_status4typeEv
FNF:1
FNH:0
DA:77,0
LF:1
LH:0
end_of_record
TN:
SF:/usr/include/c++/13/bits/fs_ops.h
FN:128,129,_ZNSt10filesystem6existsENS_11file_statusE
FN:133,134,_ZNSt10filesystem6existsERKNS_7__cxx114pathE
FN:363,364,_ZNSt10filesystem12status_knownENS_11file_statusE
FNDA:0,_ZNSt10filesystem6existsENS_11file_statusE
FNDA:0,_ZNSt10filesystem6existsERKNS_7__cxx114pathE
FNDA:0,_ZNSt10filesystem12status_knownENS_11file_statusE
FNF:3
FNH:0
BRDA:129,0,0,-
BRDA:129,0,1,-
BRDA:129,0,2,-
BRDA:129,0,3,-
BRF:4
BRH:0
DA:128,0
DA:129,0
DA:133,0
DA:134,0
DA:363,0
DA:364,0
LF:6
LH:0
end_of_record
TN:
SF:/usr/include/c++/13/bits/fs_path.h
FN:1014,1016,_ZNSt10filesystem7__cxx114path8iteratorC2EPKS1_PKNS1_5_CmptE
FN:1018,1020,_ZNSt10filesystem7__cxx114path8iteratorC2EPKS1_b
FN:1161,1167,_ZNKSt10filesystem7__cxx114path6stringIcSt11char_traitsIcESaIcEEENSt7__cxx1112basic_stringIT_T0_T1_EERKSA_
FN:1170,1170,_ZNKSt10filesystem7__cxx114path6stringEv
FN:1283,1298,_ZNKSt10filesystem7__cxx114path8filenameEv
FN:1310,1316,_ZNKSt10filesystem7__cxx114path9extensionEv
FN:1351,1356,_ZNKSt10filesystem7__cxx114path3endEv
FN:1376,1390,_ZNSt10filesystem7__cxx114path8iteratormmEv
FN:1393,1402,_ZNKSt10filesystem7__cxx114path8iteratordeEv
FN:183,185,_ZNSt10filesystem7__cxx118__detail17__effective_rangeIcSt11char_traitsIcESaIcEEESt17basic_string_viewIT_S3_IS7_EERKNSt7__cxx1112basic_stringIS7_T0_T1_EE
FN:315,315,_ZNSt10filesystem7__cxx114pathC2Ev
FN:317,317,_ZNSt10filesystem7__cxx114pathC2ERKS1_
FN:324,326,_ZNSt10filesystem7__cxx114pathC2EONSt7__cxx1112basic_stringIcSt11char_traitsIcESaIcEEENS1_6formatE
FN:330,332,_ZNSt10filesystem7__cxx114pathC2INSt7__cxx1112basic_stringIcSt11char_traitsIcESaIcEEES1_EERKT_NS1_6formatE
FN:355,355,_ZNSt10filesystem7__cxx114pathD2Ev
FN:513,513,_ZNKSt10filesystem7__cxx114path5emptyEv
FN:618,633,_ZNSt10filesystem7__cxx114path10_S_convertISt17basic_string_viewIcSt11char_traitsIcEEEEDaT_
FN:672,672,_ZNKSt10filesystem7__cxx114path7_M_typeEv
FN:689,689,_ZNSt10filesystem7__cxx114path5_ListD2Ev
FN:691,692,_ZNKSt10filesystem7__cxx114path5_List4typeEv
FN:957,957,_ZNKSt10filesystem7__cxx114path8iteratorptEv
FN:981,982,_ZNKSt10filesystem7__cxx114path8iterator11_M_is_multiEv
FNDA:0,_ZNSt10filesystem7__cxx114path8iteratorC2EPKS1_PKNS1_5_CmptE
FNDA:0,_ZNSt10filesystem7__cxx114path8iteratorC2EPKS1_b
FNDA:0,_ZNKSt10filesystem7__cxx114path6stringIcSt11char_traitsIcESaIcEEENSt7__cxx1112basic_stringIT_T0_T1_EERKSA_
FNDA:0,_ZNKSt10filesystem7__cxx114path6stringEv
FNDA:0,_ZNKSt10filesystem7__cxx114path8filenameEv
FNDA:0,_ZNKSt10filesystem7__cxx114path9extensionEv
FNDA:0,_ZNKSt10filesystem7__cxx114path3endEv
FNDA:0,_ZNSt10filesystem7__cxx114path8iteratormmEv
FNDA:0,_ZNKSt10filesystem7__cxx114path8iteratordeEv
FNDA:0,_ZNSt10filesystem7__cxx118__detail17__effective_rangeIcSt11char_traitsIcESaIcEEESt17basic_string_viewIT_S3_IS7_EERKNSt7__cxx1112basic_stringIS7_T0_T1_EE
FNDA:0,_ZNSt10filesystem7__cxx114pathC2Ev
FNDA:0,_ZNSt10filesystem7__cxx114pathC2ERKS1_
FNDA:0,_ZNSt10filesystem7__cxx114pathC2EONSt7__cxx1112basic_stringIcSt11char_traitsIcESaIcEEENS1_6formatE
FNDA:0,_ZNSt10filesystem7__cxx114pathC2INSt7__cxx1112basic_stringIcSt11char_traitsIcESaIcEEES1_EERKT_NS1_6formatE
FNDA:0,_ZNSt10filesystem7__cxx114pathD2Ev
FNDA:0,_ZNKSt10filesystem7__cxx114path5emptyEv
FNDA:0,_ZNSt10filesystem7__cxx114path10_S_convertISt17basic_string_viewIcSt11char_traitsIcEEEEDaT_
FNDA:0,_ZNKSt10filesystem7__cxx114path7_M_typeEv
FNDA:0,_ZNSt10filesystem7__cxx114path5_ListD2Ev
FNDA:0,_ZNKSt10filesystem7__cxx114path5_List4typeEv
FNDA:0,_ZNKSt10filesystem7__cxx114path8iteratorptEv
FNDA:0,_ZNKSt10filesystem7__cxx114path8iterator11_M_is_multiEv
FNF:22
FNH:0
BRDA:317,0,0,-
BRDA:317,e0,1,-
BRDA:325,0,0,-
BRDA:325,e0,1,-
BRDA:326,0,0,-
BRDA:326,e0,1,-
BRDA:331,0,0,-
BRDA:331,e0,1,-
BRDA:331,0,2,-
BRDA:331,e0,3,-
BRDA:332,0,0,-
BRDA:332,e0,1,-
BRDA:1170,0,0,-
BRDA:1170,e0,1,-
BRDA:1285,0,0,-
BRDA:1285,0,1,-
BRDA:1287,0,0,-
BRDA:1287,0,1,-
BRDA:1289,0,0,-
BRDA:1289,0,1,-
BRDA:1291,0,0,-
BRDA:1291,0,1,-
BRDA:1294,0,0,-
BRDA:1294,0,1,-
BRDA:1295,0,0,-
BRDA:1295,e0,1,-
BRDA:1313,0,0,-
BRDA:1313,0,1,-
BRDA:1313,0,2,-
BRDA:1313,0,3,-
BRDA:1314,0,0,-
BRDA:1314,e0,1,-
BRDA:1314,0,2,-
BRDA:1314,e0,3,-
BRDA:1353,0,0,-
BRDA:1353,0,1,-
BRDA:1378,0,0,-
BRDA:1378,0,1,-
BRDA:1378,0,2,-
BRDA:1378,0,3,-
BRDA:1378,0,4,-
BRDA:1378,0,5,-
BRDA:1379,0,0,-
BRDA:1379,0,1,-
BRDA:1381,0,0,-
BRDA:1381,0,1,-
BRDA:1381,0,2,-
BRDA:1381,0,3,-
BRDA:1381,0,4,-
BRDA:1381,0,5,-
BRDA:1386,0,0,-
BRDA:1386,0,1,-
BRDA:1386,0,2,-
BRDA:1386,0,3,-
BRDA:1386,0,4,-
BRDA:1386,0,5,-
BRDA:1395,0,0,-
BRDA:1395,0,1,-
BRDA:1395,0,2,-
BRDA:1395,0,3,-
BRDA:1395,0,4,-
BRDA:1395,0,5,-
BRDA:1396,0,0,-
BRDA:1396,0,1,-
BRDA:1398,0,0,-
BRDA:1398,0,1,-
BRDA:1398,0,2,-
BRDA:1398,0,3,-
BRDA:1398,0,4,-
BRDA:1398,0,5,-
BRF:70
BRH:0
DA:183,0
DA:185,0
DA:315,0
DA:317,0
DA:324,0
DA:325,0
DA:326,0
DA:330,0
DA:331,0
DA:332,0
DA:355,0
DA:513,0
DA:618,0
DA:622,0
DA:672,0
DA:689,0
DA:691,0
DA:692,0
DA:957,0
DA:981,0
DA:982,0
DA:1014,0
DA:1015,0
DA:1016,0
DA:1018,0
DA:1019,0
DA:1020,0
DA:1161,0
DA:1164,0
DA:1170,0
DA:1283,0
DA:1285,0
DA:1286,0
DA:1287,0
DA:1288,0
DA:1289,0
DA:1291,0
DA:1292,0
DA:1293,0
DA:1294,0
DA:1295,0
DA:1297,0
DA:1310,0
DA:1312,0
DA:1313,0
DA:1314,0
DA:1315,0
DA:1351,0
DA:1353,0
DA:1354,0
DA:1355,0
DA:1376,0
DA:1378,0
DA:1379,0
DA:1381,0
DA:1382,0
DA:1386,0
DA:1387,0
DA:1389,0
DA:1393,0
DA:1395,0
DA:1396,0
DA:1398,0
DA:1399,0
DA:1401,0
LF:65
LH:0
end_of_record
TN:
SF:/usr/include/c++/13/bits/ios_base.h
FN:130,131,_ZStorSt13_Ios_OpenmodeS_
FNDA:4,_ZStorSt13_Ios_OpenmodeS_
FNF:1
FNH:1
DA:130,4
DA:131,4
LF:2
LH:2
end_of_record
TN:
SF:/usr/include/c++/13/bits/move.h
FN:189,200,_ZSt4swapIN12media_player6models14MediaFileModelEENSt9enable_ifIXsrSt6__and_IJSt6__not_ISt15__is_tuple_likeIT_EESt21is_move_constructibleIS7_ESt18is_move_assignableIS7_EEE5valueEvE4typeERS7_SH_
FN:189,200,_ZSt4swapImENSt9enable_ifIXsrSt6__and_IJSt6__not_ISt15__is_tuple_likeIT_EESt21is_move_constructibleIS4_ESt18is_move_assignableIS4_EEE5valueEvE4typeERS4_SE_
FN:51,52,_ZSt11__addressofIKNSt10filesystem7__cxx114pathEEPT_RS4_
FN:51,52,_ZSt11__addressofIN12media_player12repositories20PlaybackHistoryEntryEEPT_RS3_
FN:51,52,_ZSt11__addressofIN12media_player6models12HistoryEntryEEPT_RS3_
FN:51,52,_ZSt11__addressofIN12media_player6models14MediaFileModelEEPT_RS3_
FN:70,71,_ZSt7forwardIN12media_player12repositories20PlaybackHistoryEntryEEOT_RNSt16remove_referenceIS3_E4typeE
FN:70,71,_ZSt7forwardIN12media_player6models12HistoryEntryEEOT_RNSt16remove_referenceIS3_E4typeE
FN:70,71,_ZSt7forwardIN12media_player6models14MediaFileModelEEOT_RNSt16remove_referenceIS3_E4typeE
FN:70,71,_ZSt7forwardIRKN12media_player12repositories20PlaybackHistoryEntryEEOT_RNSt16remove_referenceIS5_E4typeE
FN:70,71,_ZSt7forwardIRKN12media_player6models12HistoryEntryEEOT_RNSt16remove_referenceIS5_E4typeE
FN:70,71,_ZSt7forwardIRKN12media_player6models14MediaFileModelEEOT_RNSt16remove_referenceIS5_E4typeE
FN:70,71,_ZSt7forwardIRKNSt7__cxx1112basic_stringIcSt11char_traitsIcESaIcEEEEOT_RNSt16remove_referenceIS8_E4typeE
FN:70,71,_ZSt7forwardIRKSt21piecewise_construct_tEOT_RNSt16remove_referenceIS3_E4typeE
FN:70,71,_ZSt7forwardIRKmEOT_RNSt16remove_referenceIS2_E4typeE
FN:70,71,_ZSt7forwardIRPSt13_Rb_tree_nodeISt4pairIKNSt7__cxx1112basic_stringIcSt11char_traitsIcESaIcEEES7_EEEOT_RNSt16remove_referenceISD_E4typeE
FN:70,71,_ZSt7forwardIRPSt18_Rb_tree_node_baseEOT_RNSt16remove_referenceIS3_E4typeE
FN:70,71,_ZSt7forwardISt5tupleIJEEEOT_RNSt16remove_referenceIS2_E4typeE
FN:70,71,_ZSt7forwardISt5tupleIJRKNSt7__cxx1112basic_stringIcSt11char_traitsIcESaIcEEEEEEOT_RNSt16remove_referenceISA_E4typeE
FN:97,98,_ZSt4moveIRN12media_player12repositories20PlaybackHistoryEntryEEONSt16remove_referenceIT_E4typeEOS5_
FN:97,98,_ZSt4moveIRN12media_player6models12HistoryEntryEEONSt16remove_referenceIT_E4typeEOS5_
FN:97,98,_ZSt4moveIRN12media_player6models14MediaFileModelEEONSt16remove_referenceIT_E4typeEOS5_
FN:97,98,_ZSt4moveIRN9__gnu_cxx5__ops15_Iter_comp_iterIZNK12media_player6models12LibraryModel9getSortedENS4_12SortCriteriaEbEUlRKNS4_14MediaFileModelES9_E_EEEONSt16remove_referenceIT_E4typeEOSE_
FN:97,98,_ZSt4moveIRNSt12_Vector_baseIN12media_player6models14MediaFileModelESaIS3_EE12_Vector_implEEONSt16remove_referenceIT_E4typeEOS9_
FN:97,98,_ZSt4moveIRNSt7__cxx1112basic_stringIcSt11char_traitsIcESaIcEEEEONSt16remove_referenceIT_E4typeEOS8_
FN:97,98,_ZSt4moveIRPNSt10filesystem7__cxx114path5_List5_ImplEEONSt16remove_referenceIT_E4typeEOS8_
FN:97,98,_ZSt4moveIRSaIcEEONSt16remove_referenceIT_E4typeEOS3_
FN:97,98,_ZSt4moveIRZN12media_player6models10QueueModel12removeByPathERKNSt7__cxx1112basic_stringIcSt11char_traitsIcESaIcEEEEUlRKNS1_14MediaFileModelEE_EONSt16remove_referenceIT_E4typeEOSH_
FN:97,98,_ZSt4moveIRZN12media_player6models12HistoryModel16removeAllEntriesERKNSt7__cxx1112basic_stringIcSt11char_traitsIcESaIcEEEEUlRKNS1_12HistoryEntryEE_EONSt16remove_referenceIT_E4typeEOSH_
FN:97,98,_ZSt4moveIRZN12media_player6models12HistoryModel21removeMostRecentEntryERKNSt7__cxx1112basic_stringIcSt11char_traitsIcESaIcEEEEUlRKNS1_12HistoryEntryEE_EONSt16remove_referenceIT_E4typeEOSH_
FN:97,98,_ZSt4moveIRZN12media_player6models12LibraryModel11removeMediaERKNSt7__cxx1112basic_stringIcSt11char_traitsIcESaIcEEEEUlRKNS1_14MediaFileModelEE_EONSt16remove_referenceIT_E4typeEOSH_
FN:97,98,_ZSt4moveIRZN12media_player6models12LibraryModel11updateMediaERKNSt7__cxx1112basic_stringIcSt11char_traitsIcESaIcEEERKNS1_14MediaFileModelEEUlSD_E_EONSt16remove_referenceIT_E4typeEOSH_
FN:97,98,_ZSt4moveIRZN12media_player6models13PlaylistModel10removeItemERKNSt7__cxx1112basic_stringIcSt11char_traitsIcESaIcEEEEUlRKNS1_14MediaFileModelEE_EONSt16remove_referenceIT_E4typeEOSH_
FN:97,98,_ZSt4moveIRZNK12media_player6models12LibraryModel9getSortedENS1_12SortCriteriaEbEUlRKNS1_14MediaFileModelES6_E_EONSt16remove_referenceIT_E4typeEOSA_
FN:97,98,_ZSt4moveIRmEONSt16remove_referenceIT_E4typeEOS2_
FNDA:0,_ZSt4swapIN12media_player6models14MediaFileModelEENSt9enable_ifIXsrSt6__and_IJSt6__not_ISt15__is_tuple_likeIT_EESt21is_move_constructibleIS7_ESt18is_move_assignableIS7_EEE5valueEvE4typeERS7_SH_
FNDA:3,_ZSt4swapImENSt9enable_ifIXsrSt6__and_IJSt6__not_ISt15__is_tuple_likeIT_EESt21is_move_constructibleIS4_ESt18is_move_assignableIS4_EEE5valueEvE4typeERS4_SE_
FNDA:0,_ZSt11__addressofIKNSt10filesystem7__cxx114pathEEPT_RS4_
FNDA:0,_ZSt11__addressofIN12media_player12repositories20PlaybackHistoryEntryEEPT_RS3_
FNDA:0,_ZSt11__addressofIN12media_player6models12HistoryEntryEEPT_RS3_
FNDA:0,_ZSt11__addressofIN12media_player6models14MediaFileModelEEPT_RS3_
FNDA:0,_ZSt7forwardIN12media_player12repositories20PlaybackHistoryEntryEEOT_RNSt16remove_referenceIS3_E4typeE
FNDA:0,_ZSt7forwardIN12media_player6models12HistoryEntryEEOT_RNSt16remove_referenceIS3_E4typeE
FNDA:0,_ZSt7forwardIN12media_player6models14MediaFileModelEEOT_RNSt16remove_referenceIS3_E4typeE
FNDA:2468,_ZSt7forwardIRKN12media_player12repositories20PlaybackHistoryEntryEEOT_RNSt16remove_referenceIS5_E4typeE
FNDA:144264,_ZSt7forwardIRKN12media_player6models12HistoryEntryEEOT_RNSt16remove_referenceIS5_E4typeE
FNDA:0,_ZSt7forwardIRKN12media_player6models14MediaFileModelEEOT_RNSt16remove_referenceIS5_E4typeE
FNDA:0,_ZSt7forwardIRKNSt7__cxx1112basic_stringIcSt11char_traitsIcESaIcEEEEOT_RNSt16remove_referenceIS8_E4typeE
FNDA:0,_ZSt7forwardIRKSt21piecewise_construct_tEOT_RNSt16remove_referenceIS3_E4typeE
FNDA:0,_ZSt7forwardIRKmEOT_RNSt16remove_referenceIS2_E4typeE
FNDA:5,_ZSt7forwardIRPSt13_Rb_tree_nodeISt4pairIKNSt7__cxx1112basic_stringIcSt11char_traitsIcESaIcEEES7_EEEOT_RNSt16remove_referenceISD_E4typeE
FNDA:0,_ZSt7forwardIRPSt18_Rb_tree_node_baseEOT_RNSt16remove_referenceIS3_E4typeE
FNDA:0,_ZSt7forwardISt5tupleIJEEEOT_RNSt16remove_referenceIS2_E4typeE
FNDA:0,_ZSt7forwardISt5tupleIJRKNSt7__cxx1112basic_stringIcSt11char_traitsIcESaIcEEEEEEOT_RNSt16remove_referenceISA_E4typeE
FNDA:0,_ZSt4moveIRN12media_player12repositories20PlaybackHistoryEntryEEONSt16remove_referenceIT_E4typeEOS5_
FNDA:0,_ZSt4moveIRN12media_player6models12HistoryEntryEEONSt16remove_referenceIT_E4typeEOS5_
FNDA:0,_ZSt4moveIRN12media_player6models14MediaFileModelEEONSt16remove_referenceIT_E4typeEOS5_
FNDA:7,_ZSt4moveIRN9__gnu_cxx5__ops15_Iter_comp_iterIZNK12media_player6models12LibraryModel9getSortedENS4_12SortCriteriaEbEUlRKNS4_14MediaFileModelES9_E_EEEONSt16remove_referenceIT_E4typeEOSE_
FNDA:0,_ZSt4moveIRNSt12_Vector_baseIN12media_player6models14MediaFileModelESaIS3_EE12_Vector_implEEONSt16remove_referenceIT_E4typeEOS9_
FNDA:0,_ZSt4moveIRNSt7__cxx1112basic_stringIcSt11char_traitsIcESaIcEEEEONSt16remove_referenceIT_E4typeEOS8_
FNDA:0,_ZSt4moveIRPNSt10filesystem7__cxx114path5_List5_ImplEEONSt16remove_referenceIT_E4typeEOS8_
FNDA:0,_ZSt4moveIRSaIcEEONSt16remove_referenceIT_E4typeEOS3_
FNDA:24,_ZSt4moveIRZN12media_player6models10QueueModel12removeByPathERKNSt7__cxx1112basic_stringIcSt11char_traitsIcESaIcEEEEUlRKNS1_14MediaFileModelEE_EONSt16remove_referenceIT_E4typeEOSH_
FNDA:86,_ZSt4moveIRZN12media_player6models12HistoryModel16removeAllEntriesERKNSt7__cxx1112basic_stringIcSt11char_traitsIcESaIcEEEEUlRKNS1_12HistoryEntryEE_EONSt16remove_referenceIT_E4typeEOSH_
FNDA:9702,_ZSt4moveIRZN12media_player6models12HistoryModel21removeMostRecentEntryERKNSt7__cxx1112basic_stringIcSt11char_traitsIcESaIcEEEEUlRKNS1_12HistoryEntryEE_EONSt16remove_referenceIT_E4typeEOSH_
FNDA:4,_ZSt4moveIRZN12media_player6models12LibraryModel11removeMediaERKNSt7__cxx1112basic_stringIcSt11char_traitsIcESaIcEEEEUlRKNS1_14MediaFileModelEE_EONSt16remove_referenceIT_E4typeEOSH_
FNDA:6,_ZSt4moveIRZN12media_player6models12LibraryModel11updateMediaERKNSt7__cxx1112basic_stringIcSt11char_traitsIcESaIcEEERKNS1_14MediaFileModelEEUlSD_E_EONSt16remove_referenceIT_E4typeEOSH_
FNDA:4,_ZSt4moveIRZN12media_player6models13PlaylistModel10removeItemERKNSt7__cxx1112basic_stringIcSt11char_traitsIcESaIcEEEEUlRKNS1_14MediaFileModelEE_EONSt16remove_referenceIT_E4typeEOSH_
FNDA:27,_ZSt4moveIRZNK12media_player6models12LibraryModel9getSortedENS1_12SortCriteriaEbEUlRKNS1_14MediaFileModelES6_E_EONSt16remove_referenceIT_E4typeEOSA_
FNDA:9,_ZSt4moveIRmEONSt16remove_referenceIT_E4typeEOS2_
FNF:35
FNH:13
DA:51,0
DA:52,0
DA:70,146737
DA:71,146737
DA:97,9869
DA:98,9869
DA:189,3
DA:197,3
DA:198,3
DA:199,3
DA:200,3
LF:11
LH:9
end_of_record
TN:
SF:/usr/include/c++/13/bits/new_allocator.h
FN:104,104,_ZNSt15__new_allocatorIN12media_player12repositories20PlaybackHistoryEntryEED2Ev
FN:104,104,_ZNSt15__new_allocatorIN12media_player6models12HistoryEntryEED2Ev
FN:104,104,_ZNSt15__new_allocatorIN12media_player6models14MediaFileModelEED2Ev
FN:104,104,_ZNSt15__new_allocatorIPN12media_player6models12HistoryEntryEED2Ev
FN:104,104,_ZNSt15__new_allocatorIcED2Ev
FN:126,152,_ZNSt15__new_allocatorIN12media_player12repositories20PlaybackHistoryEntryEE8allocateEmPKv
FN:126,152,_ZNSt15__new_allocatorIN12media_player6models12HistoryEntryEE8allocateEmPKv
FN:126,152,_ZNSt15__new_allocatorIN12media_player6models14MediaFileModelEE8allocateEmPKv
FN:126,152,_ZNSt15__new_allocatorIPN12media_player6models12HistoryEntryEE8allocateEmPKv
FN:126,152,_ZNSt15__new_allocatorISt13_Rb_tree_nodeISt4pairIKNSt7__cxx1112basic_stringIcSt11char_traitsIcESaIcEEES7_EEE8allocateEmPKv
FN:126,152,_ZNSt15__new_allocatorImE8allocateEmPKv
FN:156,173,_ZNSt15__new_allocatorIN12media_player12repositories20PlaybackHistoryEntryEE10deallocateEPS2_m
FN:156,173,_ZNSt15__new_allocatorIN12media_player6models12HistoryEntryEE10deallocateEPS2_m
FN:156,173,_ZNSt15__new_allocatorIN12media_player6models14MediaFileModelEE10deallocateEPS2_m
FN:156,173,_ZNSt15__new_allocatorIPN12media_player6models12HistoryEntryEE10deallocateEPS3_m
FN:156,173,_ZNSt15__new_allocatorISt13_Rb_tree_nodeISt4pairIKNSt7__cxx1112basic_stringIcSt11char_traitsIcESaIcEEES7_EEE10deallocateEPSA_m
FN:156,173,_ZNSt15__new_allocatorImE10deallocateEPmm
FNDA:0,_ZNSt15__new_allocatorIN12media_player12repositories20PlaybackHistoryEntryEED2Ev
FNDA:0,_ZNSt15__new_allocatorIN12media_player6models12HistoryEntryEED2Ev
FNDA:0,_ZNSt15__new_allocatorIN12media_player6models14MediaFileModelEED2Ev
FNDA:228,_ZNSt15__new_allocatorIPN12media_player6models12HistoryEntryEED2Ev
FNDA:0,_ZNSt15__new_allocatorIcED2Ev
FNDA:0,_ZNSt15__new_allocatorIN12media_player12repositories20PlaybackHistoryEntryEE8allocateEmPKv
FNDA:16036,_ZNSt15__new_allocatorIN12media_player6models12HistoryEntryEE8allocateEmPKv
FNDA:0,_ZNSt15__new_allocatorIN12media_player6models14MediaFileModelEE8allocateEmPKv
FNDA:114,_ZNSt15__new_allocatorIPN12media_player6models12HistoryEntryEE8allocateEmPKv
FNDA:7,_ZNSt15__new_allocatorISt13_Rb_tree_nodeISt4pairIKNSt7__cxx1112basic_stringIcSt11char_traitsIcESaIcEEES7_EEE8allocateEmPKv
FNDA:0,_ZNSt15__new_allocatorImE8allocateEmPKv
FNDA:0,_ZNSt15__new_allocatorIN12media_player12repositories20PlaybackHistoryEntryEE10deallocateEPS2_m
FNDA:0,_ZNSt15__new_allocatorIN12media_player6models12HistoryEntryEE10deallocateEPS2_m
FNDA:0,_ZNSt15__new_allocatorIN12media_player6models14MediaFileModelEE10deallocateEPS2_m
FNDA:114,_ZNSt15__new_allocatorIPN12media_player6models12HistoryEntryEE10deallocateEPS3_m
FNDA:0,_ZNSt15__new_allocatorISt13_Rb_tree_nodeISt4pairIKNSt7__cxx1112basic_stringIcSt11char_traitsIcESaIcEEES7_EEE10deallocateEPSA_m
FNDA:0,_ZNSt15__new_allocatorImE10deallocateEPmm
FNF:17
FNH:5
BRDA:134,0,0,0
BRDA:134,0,1,16157
BRDA:138,0,0,-
BRDA:138,0,1,-
BRDA:191,0,0,8
BRDA:191,e0,1,0
BRDA:191,0,2,0
BRDA:191,0,3,0
BRDA:191,0,4,0
BRDA:191,e0,5,0
BRDA:191,0,6,0
BRDA:191,0,7,0
BRDA:191,0,8,317
BRDA:191,e0,9,0
BRDA:191,0,10,0
BRDA:191,0,11,0
BRDA:191,0,12,9
BRDA:191,e0,13,0
BRDA:191,0,14,0
BRDA:191,0,15,0
BRF:20
BRH:4
DA:88,0
DA:92,31306
DA:104,228
DA:126,16157
DA:134,16157
DA:138,0
DA:139,0
DA:140,0
DA:151,16157
DA:156,114
DA:172,114
DA:183,0
DA:191,5710
DA:198,0
DA:233,7
LF:15
LH:9
end_of_record
TN:
SF:/usr/include/c++/13/bits/predefined_ops.h
FN:150,152,_ZN9__gnu_cxx5__ops15_Iter_comp_iterIZNK12media_player6models12LibraryModel9getSortedENS3_12SortCriteriaEbEUlRKNS3_14MediaFileModelES8_E_EC2ES9_
FN:157,158,_ZN9__gnu_cxx5__ops15_Iter_comp_iterIZNK12media_player6models12LibraryModel9getSortedENS3_12SortCriteriaEbEUlRKNS3_14MediaFileModelES8_E_EclINS_17__normal_iteratorIPS6_St6vectorIS6_SaIS6_EEEESH_EEbT_T0_
FN:164,165,_ZN9__gnu_cxx5__ops16__iter_comp_iterIZNK12media_player6models12LibraryModel9getSortedENS3_12SortCriteriaEbEUlRKNS3_14MediaFileModelES8_E_EENS0_15_Iter_comp_iterIT_EESB_
FN:187,189,_ZN9__gnu_cxx5__ops14_Iter_comp_valIZNK12media_player6models12LibraryModel9getSortedENS3_12SortCriteriaEbEUlRKNS3_14MediaFileModelES8_E_EC2EONS0_15_Iter_comp_iterIS9_EE
FN:195,196,_ZN9__gnu_cxx5__ops14_Iter_comp_valIZNK12media_player6models12LibraryModel9getSortedENS3_12SortCriteriaEbEUlRKNS3_14MediaFileModelES8_E_EclINS_17__normal_iteratorIPS6_St6vectorIS6_SaIS6_EEEES6_EEbT_RT0_
FN:231,233,_ZN9__gnu_cxx5__ops14_Val_comp_iterIZNK12media_player6models12LibraryModel9getSortedENS3_12SortCriteriaEbEUlRKNS3_14MediaFileModelES8_E_EC2EONS0_15_Iter_comp_iterIS9_EE
FN:239,240,_ZN9__gnu_cxx5__ops14_Val_comp_iterIZNK12media_player6models12LibraryModel9getSortedENS3_12SortCriteriaEbEUlRKNS3_14MediaFileModelES8_E_EclIS6_NS_17__normal_iteratorIPS6_St6vectorIS6_SaIS6_EEEEEEbRT_T0_
FN:252,253,_ZN9__gnu_cxx5__ops15__val_comp_iterIZNK12media_player6models12LibraryModel9getSortedENS3_12SortCriteriaEbEUlRKNS3_14MediaFileModelES8_E_EENS0_14_Val_comp_iterIT_EENS0_15_Iter_comp_iterISB_EE
FN:262,264,_ZN9__gnu_cxx5__ops16_Iter_equals_valIKNSt7__cxx1112basic_stringIcSt11char_traitsIcESaIcEEEEC2ERS8_
FN:269,270,_ZN9__gnu_cxx5__ops16_Iter_equals_valIKNSt7__cxx1112basic_stringIcSt11char_traitsIcESaIcEEEEclINS_17__normal_iteratorIPS8_St6vectorIS7_SaIS7_EEEEEEbT_
FN:276,277,_ZN9__gnu_cxx5__ops17__iter_equals_valIKNSt7__cxx1112basic_stringIcSt11char_traitsIcESaIcEEEEENS0_16_Iter_equals_valIT_EERSA_
FN:310,312,_ZN9__gnu_cxx5__ops10_Iter_predIZN12media_player6models10QueueModel12removeByPathERKNSt7__cxx1112basic_stringIcSt11char_traitsIcESaIcEEEEUlRKNS3_14MediaFileModelEE_EC2ESG_
FN:310,312,_ZN9__gnu_cxx5__ops10_Iter_predIZN12media_player6models12HistoryModel16removeAllEntriesERKNSt7__cxx1112basic_stringIcSt11char_traitsIcESaIcEEEEUlRKNS3_12HistoryEntryEE_EC2ESG_
FN:310,312,_ZN9__gnu_cxx5__ops10_Iter_predIZN12media_player6models12HistoryModel21removeMostRecentEntryERKNSt7__cxx1112basic_stringIcSt11char_traitsIcESaIcEEEEUlRKNS3_12HistoryEntryEE_EC2ESG_
FN:310,312,_ZN9__gnu_cxx5__ops10_Iter_predIZN12media_player6models12LibraryModel11removeMediaERKNSt7__cxx1112basic_stringIcSt11char_traitsIcESaIcEEEEUlRKNS3_14MediaFileModelEE_EC2ESG_
FN:310,312,_ZN9__gnu_cxx5__ops10_Iter_predIZN12media_player6models12LibraryModel11updateMediaERKNSt7__cxx1112basic_stringIcSt11char_traitsIcESaIcEEERKNS3_14MediaFileModelEEUlSF_E_EC2ESG_
FN:310,312,_ZN9__gnu_cxx5__ops10_Iter_predIZN12media_player6models13PlaylistModel10removeItemERKNSt7__cxx1112basic_stringIcSt11char_traitsIcESaIcEEEEUlRKNS3_14MediaFileModelEE_EC2ESG_
FN:317,318,_ZN9__gnu_cxx5__ops10_Iter_predIZN12media_player6models10QueueModel12removeByPathERKNSt7__cxx1112basic_stringIcSt11char_traitsIcESaIcEEEEUlRKNS3_14MediaFileModelEE_EclINS_17__normal_iteratorIPSD_St6vectorISD_SaISD_EEEEEEbT_
FN:317,318,_ZN9__gnu_cxx5__ops10_Iter_predIZN12media_player6models12HistoryModel16removeAllEntriesERKNSt7__cxx1112basic_stringIcSt11char_traitsIcESaIcEEEEUlRKNS3_12HistoryEntryEE_EclISt15_Deque_iteratorISD_RSD_PSD_EEEbT_
FN:317,318,_ZN9__gnu_cxx5__ops10_Iter_predIZN12media_player6models12HistoryModel21removeMostRecentEntryERKNSt7__cxx1112basic_stringIcSt11char_traitsIcESaIcEEEEUlRKNS3_12HistoryEntryEE_EclISt15_Deque_iteratorISD_RSD_PSD_EEEbT_
FN:317,318,_ZN9__gnu_cxx5__ops10_Iter_predIZN12media_player6models12LibraryModel11removeMediaERKNSt7__cxx1112basic_stringIcSt11char_traitsIcESaIcEEEEUlRKNS3_14MediaFileModelEE_EclINS_17__normal_iteratorIPSD_St6vectorISD_SaISD_EEEEEEbT_
FN:317,318,_ZN9__gnu_cxx5__ops10_Iter_predIZN12media_player6models12LibraryModel11updateMediaERKNSt7__cxx1112basic_stringIcSt11char_traitsIcESaIcEEERKNS3_14MediaFileModelEEUlSF_E_EclINS_17__normal_iteratorIPSD_St6vectorISD_SaISD_EEEEEEbT_
FN:317,318,_ZN9__gnu_cxx5__ops10_Iter_predIZN12media_player6models13PlaylistModel10removeItemERKNSt7__cxx1112basic_stringIcSt11char_traitsIcESaIcEEEEUlRKNS3_14MediaFileModelEE_EclINS_17__normal_iteratorIPSD_St6vectorISD_SaISD_EEEEEEbT_
FN:324,325,_ZN9__gnu_cxx5__ops11__pred_iterIZN12media_player6models10QueueModel12removeByPathERKNSt7__cxx1112basic_stringIcSt11char_traitsIcESaIcEEEEUlRKNS3_14MediaFileModelEE_EENS0_10_Iter_predIT_EESI_
FN:324,325,_ZN9__gnu_cxx5__ops11__pred_iterIZN12media_player6models12HistoryModel16removeAllEntriesERKNSt7__cxx1112basic_stringIcSt11char_traitsIcESaIcEEEEUlRKNS3_12HistoryEntryEE_EENS0_10_Iter_predIT_EESI_
FN:324,325,_ZN9__gnu_cxx5__ops11__pred_iterIZN12media_player6models12HistoryModel21removeMostRecentEntryERKNSt7__cxx1112basic_stringIcSt11char_traitsIcESaIcEEEEUlRKNS3_12HistoryEntryEE_EENS0_10_Iter_predIT_EESI_
FN:324,325,_ZN9__gnu_cxx5__ops11__pred_iterIZN12media_player6models12LibraryModel11removeMediaERKNSt7__cxx1112basic_stringIcSt11char_traitsIcESaIcEEEEUlRKNS3_14MediaFileModelEE_EENS0_10_Iter_predIT_EESI_
FN:324,325,_ZN9__gnu_cxx5__ops11__pred_iterIZN12media_player6models12LibraryModel11updateMediaERKNSt7__cxx1112basic_stringIcSt11char_traitsIcESaIcEEERKNS3_14MediaFileModelEEUlSF_E_EENS0_10_Iter_predIT_EESI_
FN:324,325,_ZN9__gnu_cxx5__ops11__pred_iterIZN12media_player6models13PlaylistModel10removeItemERKNSt7__cxx1112basic_stringIcSt11char_traitsIcESaIcEEEEUlRKNS3_14MediaFileModelEE_EENS0_10_Iter_predIT_EESI_
FNDA:10,_ZN9__gnu_cxx5__ops15_Iter_comp_iterIZNK12media_player6models12LibraryModel9getSortedENS3_12SortCriteriaEbEUlRKNS3_14MediaFileModelES8_E_EC2ES9_
FNDA:12,_ZN9__gnu_cxx5__ops15_Iter_comp_iterIZNK12media_player6models12LibraryModel9getSortedENS3_12SortCriteriaEbEUlRKNS3_14MediaFileModelES8_E_EclINS_17__normal_iteratorIPS6_St6vectorIS6_SaIS6_EEEESH_EEbT_T0_
FNDA:10,_ZN9__gnu_cxx5__ops16__iter_comp_iterIZNK12media_player6models12LibraryModel9getSortedENS3_12SortCriteriaEbEUlRKNS3_14MediaFileModelES8_E_EENS0_15_Iter_comp_iterIT_EESB_
FNDA:0,_ZN9__gnu_cxx5__ops14_Iter_comp_valIZNK12media_player6models12LibraryModel9getSortedENS3_12SortCriteriaEbEUlRKNS3_14MediaFileModelES8_E_EC2EONS0_15_Iter_comp_iterIS9_EE
FNDA:0,_ZN9__gnu_cxx5__ops14_Iter_comp_valIZNK12media_player6models12LibraryModel9getSortedENS3_12SortCriteriaEbEUlRKNS3_14MediaFileModelES8_E_EclINS_17__normal_iteratorIPS6_St6vectorIS6_SaIS6_EEEES6_EEbT_RT0_
FNDA:7,_ZN9__gnu_cxx5__ops14_Val_comp_iterIZNK12media_player6models12LibraryModel9getSortedENS3_12SortCriteriaEbEUlRKNS3_14MediaFileModelES8_E_EC2EONS0_15_Iter_comp_iterIS9_EE
FNDA:7,_ZN9__gnu_cxx5__ops14_Val_comp_iterIZNK12media_player6models12LibraryModel9getSortedENS3_12SortCriteriaEbEUlRKNS3_14MediaFileModelES8_E_EclIS6_NS_17__normal_iteratorIPS6_St6vectorIS6_SaIS6_EEEEEEbRT_T0_
FNDA:7,_ZN9__gnu_cxx5__ops15__val_comp_iterIZNK12media_player6models12LibraryModel9getSortedENS3_12SortCriteriaEbEUlRKNS3_14MediaFileModelES8_E_EENS0_14_Val_comp_iterIT_EENS0_15_Iter_comp_iterISB_EE
FNDA:0,_ZN9__gnu_cxx5__ops16_Iter_equals_valIKNSt7__cxx1112basic_stringIcSt11char_traitsIcESaIcEEEEC2ERS8_
FNDA:0,_ZN9__gnu_cxx5__ops16_Iter_equals_valIKNSt7__cxx1112basic_stringIcSt11char_traitsIcESaIcEEEEclINS_17__normal_iteratorIPS8_St6vectorIS7_SaIS7_EEEEEEbT_
FNDA:0,_ZN9__gnu_cxx5__ops17__iter_equals_valIKNSt7__cxx1112basic_stringIcSt11char_traitsIcESaIcEEEEENS0_16_Iter_equals_valIT_EERSA_
FNDA:12,_ZN9__gnu_cxx5__ops10_Iter_predIZN12media_player6models10QueueModel12removeByPathERKNSt7__cxx1112basic_stringIcSt11char_traitsIcESaIcEEEEUlRKNS3_14MediaFileModelEE_EC2ESG_
FNDA:43,_ZN9__gnu_cxx5__ops10_Iter_predIZN12media_player6models12HistoryModel16removeAllEntriesERKNSt7__cxx1112basic_stringIcSt11char_traitsIcESaIcEEEEUlRKNS3_12HistoryEntryEE_EC2ESG_
FNDA:4851,_ZN9__gnu_cxx5__ops10_Iter_predIZN12media_player6models12HistoryModel21removeMostRecentEntryERKNSt7__cxx1112basic_stringIcSt11char_traitsIcESaIcEEEEUlRKNS3_12HistoryEntryEE_EC2ESG_
FNDA:2,_ZN9__gnu_cxx5__ops10_Iter_predIZN12media_player6models12LibraryModel11removeMediaERKNSt7__cxx1112basic_stringIcSt11char_traitsIcESaIcEEEEUlRKNS3_14MediaFileModelEE_EC2ESG_
FNDA:3,_ZN9__gnu_cxx5__ops10_Iter_predIZN12media_player6models12LibraryModel11updateMediaERKNSt7__cxx1112basic_stringIcSt11char_traitsIcESaIcEEERKNS3_14MediaFileModelEEUlSF_E_EC2ESG_
FNDA:2,_ZN9__gnu_cxx5__ops10_Iter_predIZN12media_player6models13PlaylistModel10removeItemERKNSt7__cxx1112basic_stringIcSt11char_traitsIcESaIcEEEEUlRKNS3_14MediaFileModelEE_EC2ESG_
[...]
FN:199,199,_ZNKSt15__uniq_ptr_implINSt10filesystem7__cxx114path5_List5_ImplENS3_13_Impl_deleterEE6_M_ptrEv
FN:201,201,_ZNSt15__uniq_ptr_implINSt10filesystem7__cxx114path5_List5_ImplENS3_13_Impl_deleterEE10_M_deleterEv
FN:398,406,_ZNSt10unique_ptrINSt10filesystem7__cxx114path5_List5_ImplENS3_13_Impl_deleterEED2Ev
FN:469,470,_ZNKSt10unique_ptrINSt10filesystem7__cxx114path5_List5_ImplENS3_13_Impl_deleterEE3getEv
FN:475,476,_ZNSt10unique_ptrINSt10filesystem7__cxx114path5_List5_ImplENS3_13_Impl_deleterEE11get_deleterEv
FNDA:0,_ZNSt15__uniq_ptr_implINSt10filesystem7__cxx114path5_List5_ImplENS3_13_Impl_deleterEE6_M_ptrEv
FNDA:0,_ZNKSt15__uniq_ptr_implINSt10filesystem7__cxx114path5_List5_ImplENS3_13_Impl_deleterEE6_M_ptrEv
FNDA:0,_ZNSt15__uniq_ptr_implINSt10filesystem7__cxx114path5_List5_ImplENS3_13_Impl_deleterEE10_M_deleterEv
FNDA:0,_ZNSt10unique_ptrINSt10filesystem7__cxx114path5_List5_ImplENS3_13_Impl_deleterEED2Ev
FNDA:0,_ZNKSt10unique_ptrINSt10filesystem7__cxx114path5_List5_ImplENS3_13_Impl_deleterEE3getEv
FNDA:0,_ZNSt10unique_ptrINSt10filesystem7__cxx114path5_List5_ImplENS3_13_Impl_deleterEE11get_deleterEv
FNF:6
FNH:0
BRDA:403,0,0,-
BRDA:403,0,1,-
BRF:2
BRH:0
DA:197,0
DA:199,0
DA:201,0
DA:398,0
DA:402,0
DA:403,0
DA:404,0
DA:405,0
DA:406,0
DA:469,0
DA:470,0
DA:475,0
DA:476,0
LF:13
LH:0
end_of_record
TN:
SF:/usr/include/c++/13/bits/vector.tcc
FN:133,176,_ZNSt6vectorIN12media_player6models14MediaFileModelESaIS2_EE6insertEN9__gnu_cxx17__normal_iteratorIPKS2_S4_EERS7_
FN:181,190,_ZNSt6vectorIN12media_player6models14MediaFileModelESaIS2_EE8_M_eraseEN9__gnu_cxx17__normal_iteratorIPS2_S4_EE
FN:413,438,_ZNSt6vectorIN12media_player6models14MediaFileModelESaIS2_EE13_M_insert_auxIS2_EEvN9__gnu_cxx17__normal_iteratorIPS2_S4_EEOT_
FN:445,524,_ZNSt6vectorIN12media_player12repositories20PlaybackHistoryEntryESaIS2_EE17_M_realloc_insertIJRKS2_EEEvN9__gnu_cxx17__normal_iteratorIPS2_S4_EEDpOT_
FN:445,524,_ZNSt6vectorIN12media_player6models12HistoryEntryESaIS2_EE17_M_realloc_insertIJRKS2_EEEvN9__gnu_cxx17__normal_iteratorIPS2_S4_EEDpOT_
FN:445,524,_ZNSt6vectorIN12media_player6models14MediaFileModelESaIS2_EE17_M_realloc_insertIJRKS2_EEEvN9__gnu_cxx17__normal_iteratorIPS2_S4_EEDpOT_
FN:445,524,_ZNSt6vectorImSaImEE17_M_realloc_insertIJRKmEEEvN9__gnu_cxx17__normal_iteratorIPmS1_EEDpOT_
FN:67,100,_ZNSt6vectorIN12media_player12repositories20PlaybackHistoryEntryESaIS2_EE7reserveEm
FN:67,100,_ZNSt6vectorIN12media_player6models12HistoryEntryESaIS2_EE7reserveEm
FN:67,100,_ZNSt6vectorIN12media_player6models14MediaFileModelESaIS2_EE7reserveEm
FN:67,100,_ZNSt6vectorImSaImEE7reserveEm
FNDA:10,_ZNSt6vectorIN12media_player6models14MediaFileModelESaIS2_EE6insertEN9__gnu_cxx17__normal_iteratorIPKS2_S4_EERS7_
FNDA:24,_ZNSt6vectorIN12media_player6models14MediaFileModelESaIS2_EE8_M_eraseEN9__gnu_cxx17__normal_iteratorIPS2_S4_EE
FNDA:1,_ZNSt6vectorIN12media_player6models14MediaFileModelESaIS2_EE13_M_insert_auxIS2_EEvN9__gnu_cxx17__normal_iteratorIPS2_S4_EEOT_
FNDA:0,_ZNSt6vectorIN12media_player12repositories20PlaybackHistoryEntryESaIS2_EE17_M_realloc_insertIJRKS2_EEEvN9__gnu_cxx17__normal_iteratorIPS2_S4_EEDpOT_
FNDA:0,_ZNSt6vectorIN12media_player6models12HistoryEntryESaIS2_EE17_M_realloc_insertIJRKS2_EEEvN9__gnu_cxx17__normal_iteratorIPS2_S4_EEDpOT_
FNDA:0,_ZNSt6vectorIN12media_player6models14MediaFileModelESaIS2_EE17_M_realloc_insertIJRKS2_EEEvN9__gnu_cxx17__normal_iteratorIPS2_S4_EEDpOT_
FNDA:0,_ZNSt6vectorImSaImEE17_M_realloc_insertIJRKmEEEvN9__gnu_cxx17__normal_iteratorIPmS1_EEDpOT_
FNDA:46,_ZNSt6vectorIN12media_player12repositories20PlaybackHistoryEntryESaIS2_EE7reserveEm
FNDA:3,_ZNSt6vectorIN12media_player6models12HistoryEntryESaIS2_EE7reserveEm
FNDA:8,_ZNSt6vectorIN12media_player6models14MediaFileModelESaIS2_EE7reserveEm
FNDA:6,_ZNSt6vectorImSaImEE7reserveEm
FNF:11
FNH:7
BRDA:70,0,0,0
BRDA:70,0,1,63
BRDA:72,0,0,50
BRDA:72,0,1,13
BRDA:141,0,0,6
BRDA:141,0,1,4
BRDA:143,0,0,0
BRDA:143,0,1,6
BRDA:143,0,2,0
BRDA:143,0,3,0
BRDA:143,0,4,0
BRDA:143,0,5,6
BRDA:144,0,0,0
BRDA:144,0,1,6
BRDA:147,0,0,5
BRDA:147,0,1,1
BRDA:161,0,0,1
BRDA:161,e0,1,0
BRDA:162,0,0,1
BRDA:162,e0,1,0
BRDA:170,0,0,4
BRDA:170,e0,1,0
BRDA:184,0,0,16
BRDA:184,0,1,8
BRDA:506,0,0,0
BRDA:506,0,1,0
BRDA:511,0,0,0
BRDA:511,e0,1,0
BRF:28
BRH:15
DA:67,63
DA:70,63
DA:71,0
DA:72,63
DA:74,50
DA:79,50
DA:80,50
DA:81,50
DA:93,50
DA:94,50
DA:95,50
DA:96,50
DA:97,50
DA:98,50
DA:100,63
DA:133,10
DA:140,10
DA:141,10
DA:143,6
DA:144,6
DA:145,0
DA:147,6
DA:150,5
DA:152,5
DA:158,1
DA:161,1
DA:162,1
DA:166,1
DA:170,4
DA:175,10
DA:181,24
DA:184,24
DA:185,16
DA:186,24
DA:187,24
DA:189,24
DA:413,1
DA:423,1
DA:424,1
DA:425,1
DA:430,1
DA:436,1
DA:438,1
DA:445,0
DA:455,0
DA:456,0
DA:457,0
DA:458,0
DA:459,0
DA:460,0
DA:468,0
DA:469,0
DA:475,0
DA:480,0
DA:481,0
DA:483,0
DA:485,0
DA:486,0
DA:504,0
DA:506,0
DA:507,0
DA:508,0
DA:510,0
DA:511,0
DA:512,0
DA:519,0
DA:520,0
DA:521,0
DA:522,0
DA:523,0
DA:524,0
LF:71
LH:41
end_of_record
TN:
SF:/usr/include/c++/13/ext/aligned_buffer.h
FN:64,65,_ZN9__gnu_cxx16__aligned_membufISt4pairIKNSt7__cxx1112basic_stringIcSt11char_traitsIcESaIcEEES7_EE7_M_addrEv
FN:68,69,_ZNK9__gnu_cxx16__aligned_membufISt4pairIKNSt7__cxx1112basic_stringIcSt11char_traitsIcESaIcEEES7_EE7_M_addrEv
FN:72,73,_ZN9__gnu_cxx16__aligned_membufISt4pairIKNSt7__cxx1112basic_stringIcSt11char_traitsIcESaIcEEES7_EE6_M_ptrEv
FN:76,77,_ZNK9__gnu_cxx16__aligned_membufISt4pairIKNSt7__cxx1112basic_stringIcSt11char_traitsIcESaIcEEES7_EE6_M_ptrEv
FNDA:0,_ZN9__gnu_cxx16__aligned_membufISt4pairIKNSt7__cxx1112basic_stringIcSt11char_traitsIcESaIcEEES7_EE7_M_addrEv
FNDA:22,_ZNK9__gnu_cxx16__aligned_membufISt4pairIKNSt7__cxx1112basic_stringIcSt11char_traitsIcESaIcEEES7_EE7_M_addrEv
FNDA:0,_ZN9__gnu_cxx16__aligned_membufISt4pairIKNSt7__cxx1112basic_stringIcSt11char_traitsIcESaIcEEES7_EE6_M_ptrEv
FNDA:22,_ZNK9__gnu_cxx16__aligned_membufISt4pairIKNSt7__cxx1112basic_stringIcSt11char_traitsIcESaIcEEES7_EE6_M_ptrEv
FNF:4
FNH:2
DA:64,0
DA:65,0
DA:68,22
DA:69,22
DA:72,0
DA:73,0
DA:76,22
DA:77,22
LF:8
LH:4
end_of_record
TN:
SF:/usr/include/c++/13/ext/alloc_traits.h
FNF:0
FNH:0
DA:98,0
LF:1
LH:0
end_of_record
TN:
SF:/usr/include/c++/13/ext/atomicity.h
FNF:0
FNH:0
BRDA:98,0,0,-
BRDA:98,0,1,-
BRDA:98,0,2,-
BRDA:98,0,3,-
BRDA:108,0,0,-
BRDA:108,0,1,-
BRF:6
BRH:0
DA:52,0
DA:66,0
DA:71,0
DA:84,0
DA:85,0
DA:86,0
DA:92,0
DA:98,0
DA:99,0
DA:101,0
DA:108,0
DA:112,0
LF:12
LH:0
end_of_record
TN:
SF:/usr/include/c++/13/iomanip
FN:167,168,_ZSt7setfillIcESt8_SetfillIT_ES1_
FN:227,228,_ZSt4setwi
FNDA:19,_ZSt7setfillIcESt8_SetfillIT_ES1_
FNDA:19,_ZSt4setwi
FNF:2
FNH:2
DA:167,19
DA:168,19
DA:227,19
DA:228,19
LF:4
LH:4
end_of_record
TN:
SF:/usr/include/c++/13/new
FN:174,175,_ZnwmPv
FN:180,180,_ZdlPvS_
FNDA:0,_ZnwmPv
FNDA:0,_ZdlPvS_
FNF:2
FNH:0
DA:174,0
DA:175,0
DA:180,0
LF:3
LH:0
end_of_record
TN:
SF:/usr/include/c++/13/optional
FN:120,120,_ZNSt22_Optional_payload_baseIN12media_player6models12HistoryEntryEEC2Ev
FN:120,120,_ZNSt22_Optional_payload_baseIN12media_player6models14MediaFileModelEEC2Ev
FN:120,120,_ZNSt22_Optional_payload_baseINSt7__cxx1112basic_stringIcSt11char_traitsIcESaIcEEEEC2Ev
FN:125,128,_ZNSt22_Optional_payload_baseIN12media_player6models12HistoryEntryEEC2IJRKS2_EEESt10in_place_tDpOT_
FN:125,128,_ZNSt22_Optional_payload_baseIN12media_player6models14MediaFileModelEEC2IJRKS2_EEESt10in_place_tDpOT_
FN:125,128,_ZNSt22_Optional_payload_baseINSt7__cxx1112basic_stringIcSt11char_traitsIcESaIcEEEEC2IJRKS5_EEESt10in_place_tDpOT_
FN:239,239,_ZNSt22_Optional_payload_baseIN12media_player6models12HistoryEntryEE8_StorageIS2_Lb0EEC2Ev
FN:239,239,_ZNSt22_Optional_payload_baseIN12media_player6models14MediaFileModelEE8_StorageIS2_Lb0EEC2Ev
FN:239,239,_ZNSt22_Optional_payload_baseINSt7__cxx1112basic_stringIcSt11char_traitsIcESaIcEEEE8_StorageIS5_Lb0EEC2Ev
FN:243,245,_ZNSt22_Optional_payload_baseIN12media_player6models12HistoryEntryEE8_StorageIS2_Lb0EEC2IJRKS2_EEESt10in_place_tDpOT_
FN:243,245,_ZNSt22_Optional_payload_baseIN12media_player6models14MediaFileModelEE8_StorageIS2_Lb0EEC2IJRKS2_EEESt10in_place_tDpOT_
FN:243,245,_ZNSt22_Optional_payload_baseINSt7__cxx1112basic_stringIcSt11char_traitsIcESaIcEEEE8_StorageIS5_Lb0EEC2IJRKS5_EEESt10in_place_tDpOT_
FN:401,401,_ZNSt17_Optional_payloadIN12media_player6models12HistoryEntryELb1ELb0ELb0EEC2Ev
FN:401,401,_ZNSt17_Optional_payloadIN12media_player6models14MediaFileModelELb1ELb0ELb0EEC2Ev
FN:401,401,_ZNSt17_Optional_payloadINSt7__cxx1112basic_stringIcSt11char_traitsIcESaIcEEELb1ELb0ELb0EEC2Ev
FN:434,434,_ZNSt17_Optional_payloadIN12media_player6models12HistoryEntryELb0ELb0ELb0EEC2Ev
FN:434,434,_ZNSt17_Optional_payloadIN12media_player6models14MediaFileModelELb0ELb0ELb0EEC2Ev
FN:434,434,_ZNSt17_Optional_payloadINSt7__cxx1112basic_stringIcSt11char_traitsIcESaIcEEELb0ELb0ELb0EEC2Ev
FN:516,516,_ZNSt14_Optional_baseIN12media_player6models12HistoryEntryELb0ELb0EEC2Ev
FN:516,516,_ZNSt14_Optional_baseIN12media_player6models14MediaFileModelELb0ELb0EEC2Ev
FN:516,516,_ZNSt14_Optional_baseINSt7__cxx1112basic_stringIcSt11char_traitsIcESaIcEEELb0ELb0EEC2Ev
FN:522,524,_ZNSt14_Optional_baseIN12media_player6models12HistoryEntryELb0ELb0EEC2IJRKS2_ELb0EEESt10in_place_tDpOT_
FN:522,524,_ZNSt14_Optional_baseIN12media_player6models14MediaFileModelELb0ELb0EEC2IJRKS2_ELb0EEESt10in_place_tDpOT_
FN:522,524,_ZNSt14_Optional_baseINSt7__cxx1112basic_stringIcSt11char_traitsIcESaIcEEELb0ELb0EEC2IJRKS5_ELb0EEESt10in_place_tDpOT_
FN:741,741,_ZNSt8optionalIN12media_player6models12HistoryEntryEEC2ESt9nullopt_t
FN:741,741,_ZNSt8optionalIN12media_player6models14MediaFileModelEEC2ESt9nullopt_t
FN:741,741,_ZNSt8optionalINSt7__cxx1112basic_stringIcSt11char_traitsIcESaIcEEEEC2ESt9nullopt_t
FN:749,751,_ZNSt8optionalIN12media_player6models12HistoryEntryEEC2IRKS2_Lb1EEEOT_
FN:749,751,_ZNSt8optionalIN12media_player6models14MediaFileModelEEC2IRKS2_Lb1EEEOT_
FN:749,751,_ZNSt8optionalINSt7__cxx1112basic_stringIcSt11char_traitsIcESaIcEEEEC2IRKS5_Lb1EEEOT_
FNDA:0,_ZNSt22_Optional_payload_baseIN12media_player6models12HistoryEntryEEC2Ev
FNDA:0,_ZNSt22_Optional_payload_baseIN12media_player6models14MediaFileModelEEC2Ev
FNDA:1,_ZNSt22_Optional_payload_baseINSt7__cxx1112basic_stringIcSt11char_traitsIcESaIcEEEEC2Ev
FNDA:15665,_ZNSt22_Optional_payload_baseIN12media_player6models12HistoryEntryEEC2IJRKS2_EEESt10in_place_tDpOT_
FNDA:67,_ZNSt22_Optional_payload_baseIN12media_player6models14MediaFileModelEEC2IJRKS2_EEESt10in_place_tDpOT_
FNDA:3,_ZNSt22_Optional_payload_baseINSt7__cxx1112basic_stringIcSt11char_traitsIcESaIcEEEEC2IJRKS5_EEESt10in_place_tDpOT_
FNDA:0,_ZNSt22_Optional_payload_baseIN12media_player6models12HistoryEntryEE8_StorageIS2_Lb0EEC2Ev
FNDA:0,_ZNSt22_Optional_payload_baseIN12media_player6models14MediaFileModelEE8_StorageIS2_Lb0EEC2Ev
FNDA:1,_ZNSt22_Optional_payload_baseINSt7__cxx1112basic_stringIcSt11char_traitsIcESaIcEEEE8_StorageIS5_Lb0EEC2Ev
FNDA:15665,_ZNSt22_Optional_payload_baseIN12media_player6models12HistoryEntryEE8_StorageIS2_Lb0EEC2IJRKS2_EEESt10in_place_tDpOT_
FNDA:67,_ZNSt22_Optional_payload_baseIN12media_player6models14MediaFileModelEE8_StorageIS2_Lb0EEC2IJRKS2_EEESt10in_place_tDpOT_
FNDA:3,_ZNSt22_Optional_payload_baseINSt7__cxx1112basic_stringIcSt11char_traitsIcESaIcEEEE8_StorageIS5_Lb0EEC2IJRKS5_EEESt10in_place_tDpOT_
FNDA:0,_ZNSt17_Optional_payloadIN12media_player6models12HistoryEntryELb1ELb0ELb0EEC2Ev
FNDA:0,_ZNSt17_Optional_payloadIN12media_player6models14MediaFileModelELb1ELb0ELb0EEC2Ev
FNDA:1,_ZNSt17_Optional_payloadINSt7__cxx1112basic_stringIcSt11char_traitsIcESaIcEEELb1ELb0ELb0EEC2Ev
FNDA:0,_ZNSt17_Optional_payloadIN12media_player6models12HistoryEntryELb0ELb0ELb0EEC2Ev
FNDA:0,_ZNSt17_Optional_payloadIN12media_player6models14MediaFileModelELb0ELb0ELb0EEC2Ev
FNDA:1,_ZNSt17_Optional_payloadINSt7__cxx1112basic_stringIcSt11char_traitsIcESaIcEEELb0ELb0ELb0EEC2Ev
FNDA:0,_ZNSt14_Optional_baseIN12media_player6models12HistoryEntryELb0ELb0EEC2Ev
FNDA:0,_ZNSt14_Optional_baseIN12media_player6models14MediaFileModelELb0ELb0EEC2Ev
FNDA:1,_ZNSt14_Optional_baseINSt7__cxx1112basic_stringIcSt11char_traitsIcESaIcEEELb0ELb0EEC2Ev
FNDA:15665,_ZNSt14_Optional_baseIN12media_player6models12HistoryEntryELb0ELb0EEC2IJRKS2_ELb0EEESt10in_place_tDpOT_
FNDA:67,_ZNSt14_Optional_baseIN12media_player6models14MediaFileModelELb0ELb0EEC2IJRKS2_ELb0EEESt10in_place_tDpOT_
FNDA:3,_ZNSt14_Optional_baseINSt7__cxx1112basic_stringIcSt11char_traitsIcESaIcEEELb0ELb0EEC2IJRKS5_ELb0EEESt10in_place_tDpOT_
FNDA:0,_ZNSt8optionalIN12media_player6models12HistoryEntryEEC2ESt9nullopt_t
FNDA:15,_ZNSt8optionalIN12media_player6models14MediaFileModelEEC2ESt9nullopt_t
FNDA:1,_ZNSt8optionalINSt7__cxx1112basic_stringIcSt11char_traitsIcESaIcEEEEC2ESt9nullopt_t
FNDA:15665,_ZNSt8optionalIN12media_player6models12HistoryEntryEEC2IRKS2_Lb1EEEOT_
FNDA:67,_ZNSt8optionalIN12media_player6models14MediaFileModelEEC2IRKS2_Lb1EEEOT_
FNDA:3,_ZNSt8optionalINSt7__cxx1112basic_stringIcSt11char_traitsIcESaIcEEEEC2IRKS5_Lb1EEEOT_
FNF:30
FNH:19
DA:120,1
DA:125,15735
DA:126,15735
DA:127,15735
DA:128,15735
DA:239,1
DA:243,15735
DA:244,15735
DA:245,15735
DA:401,1
DA:434,1
DA:516,1
DA:522,15735
DA:523,15735
DA:524,15735
DA:741,16
DA:749,15735
DA:751,15735
LF:18
LH:18
end_of_record
TN:
SF:/usr/include/c++/13/string_view
FN:229,230,_ZNKSt17basic_string_viewIcSt11char_traitsIcEE4sizeEv
FN:289,290,_ZNKSt17basic_string_viewIcSt11char_traitsIcEE4dataEv
FNDA:0,_ZNKSt17basic_string_viewIcSt11char_traitsIcEE4sizeEv
FNDA:0,_ZNKSt17basic_string_viewIcSt11char_traitsIcEE4dataEv
FNF:2
FNH:0
DA:229,0
DA:230,0
DA:289,0
DA:290,0
LF:4
LH:0
end_of_record
TN:
SF:/usr/include/c++/13/tuple
FN:125,125,_ZNSt10_Head_baseILm1ENSt10filesystem7__cxx114path5_List13_Impl_deleterELb1EE7_M_headERS5_
FN:1787,1788,_ZSt12__get_helperILm0EPNSt10filesystem7__cxx114path5_List5_ImplEJNS3_13_Impl_deleterEEERT0_RSt11_Tuple_implIXT_EJS7_DpT1_EE
FN:1787,1788,_ZSt12__get_helperILm0ERKNSt7__cxx1112basic_stringIcSt11char_traitsIcESaIcEEEJEERT0_RSt11_Tuple_implIXT_EJS8_DpT1_EE
FN:1787,1788,_ZSt12__get_helperILm1ENSt10filesystem7__cxx114path5_List13_Impl_deleterEJEERT0_RSt11_Tuple_implIXT_EJS5_DpT1_EE
FN:1792,1793,_ZSt12__get_helperILm0EPNSt10filesystem7__cxx114path5_List5_ImplEJNS3_13_Impl_deleterEEERKT0_RKSt11_Tuple_implIXT_EJS7_DpT1_EE
FN:1803,1804,_ZSt3getILm0EJPNSt10filesystem7__cxx114path5_List5_ImplENS3_13_Impl_deleterEEERNSt13tuple_elementIXT_ESt5tupleIJDpT0_EEE4typeERSB_
FN:1803,1804,_ZSt3getILm0EJRKNSt7__cxx1112basic_stringIcSt11char_traitsIcESaIcEEEEERNSt13tuple_elementIXT_ESt5tupleIJDpT0_EEE4typeERSC_
FN:1803,1804,_ZSt3getILm1EJPNSt10filesystem7__cxx114path5_List5_ImplENS3_13_Impl_deleterEEERNSt13tuple_elementIXT_ESt5tupleIJDpT0_EEE4typeERSB_
FN:1809,1810,_ZSt3getILm0EJPNSt10filesystem7__cxx114path5_List5_ImplENS3_13_Impl_deleterEEERKNSt13tuple_elementIXT_ESt5tupleIJDpT0_EEE4typeERKSB_
FN:193,194,_ZNSt10_Head_baseILm0ERKNSt7__cxx1112basic_stringIcSt11char_traitsIcESaIcEEELb0EEC2ES7_
FN:2252,2258,_ZNSt4pairIKNSt7__cxx1112basic_stringIcSt11char_traitsIcESaIcEEES5_EC2IJRS6_EJEEESt21piecewise_construct_tSt5tupleIJDpT_EESB_IJDpT0_EE
FN:2264,2269,_ZNSt4pairIKNSt7__cxx1112basic_stringIcSt11char_traitsIcESaIcEEES5_EC2IJRS6_EJLm0EEJEJEEERSt5tupleIJDpT_EERSA_IJDpT1_EESt12_Index_tupleIJXspT0_EEESJ_IJXspT2_EEE
FN:234,234,_ZNSt10_Head_baseILm0EPNSt10filesystem7__cxx114path5_List5_ImplELb0EE7_M_headERS6_
FN:234,234,_ZNSt10_Head_baseILm0ERKNSt7__cxx1112basic_stringIcSt11char_traitsIcESaIcEEELb0EE7_M_headERS8_
FN:237,237,_ZNSt10_Head_baseILm0EPNSt10filesystem7__cxx114path5_List5_ImplELb0EE7_M_headERKS6_
FN:269,269,_ZNSt11_Tuple_implILm0EJPNSt10filesystem7__cxx114path5_List5_ImplENS3_13_Impl_deleterEEE7_M_headERS7_
FN:272,272,_ZNSt11_Tuple_implILm0EJPNSt10filesystem7__cxx114path5_List5_ImplENS3_13_Impl_deleterEEE7_M_headERKS7_
FN:497,497,_ZNSt11_Tuple_implILm0EJRKNSt7__cxx1112basic_stringIcSt11char_traitsIcESaIcEEEEE7_M_headERS8_
FN:497,497,_ZNSt11_Tuple_implILm1EJNSt10filesystem7__cxx114path5_List13_Impl_deleterEEE7_M_headERS5_
FN:507,509,_ZNSt11_Tuple_implILm0EJRKNSt7__cxx1112basic_stringIcSt11char_traitsIcESaIcEEEEEC2ES7_
FN:527,530,_ZNSt11_Tuple_implILm0EJRKNSt7__cxx1112basic_stringIcSt11char_traitsIcESaIcEEEEEC2EOS8_
FN:874,876,_ZNSt5tupleIJRKNSt7__cxx1112basic_stringIcSt11char_traitsIcESaIcEEEEEC2ILb1ELb1EEES7_
FN:903,903,_ZNSt5tupleIJRKNSt7__cxx1112basic_stringIcSt11char_traitsIcESaIcEEEEEC2EOS8_
FNDA:0,_ZNSt10_Head_baseILm1ENSt10filesystem7__cxx114path5_List13_Impl_deleterELb1EE7_M_headERS5_
FNDA:0,_ZSt12__get_helperILm0EPNSt10filesystem7__cxx114path5_List5_ImplEJNS3_13_Impl_deleterEEERT0_RSt11_Tuple_implIXT_EJS7_DpT1_EE
FNDA:0,_ZSt12__get_helperILm0ERKNSt7__cxx1112basic_stringIcSt11char_traitsIcESaIcEEEJEERT0_RSt11_Tuple_implIXT_EJS8_DpT1_EE
FNDA:0,_ZSt12__get_helperILm1ENSt10filesystem7__cxx114path5_List13_Impl_deleterEJEERT0_RSt11_Tuple_implIXT_EJS5_DpT1_EE
FNDA:0,_ZSt12__get_helperILm0EPNSt10filesystem7__cxx114path5_List5_ImplEJNS3_13_Impl_deleterEEERKT0_RKSt11_Tuple_implIXT_EJS7_DpT1_EE
FNDA:0,_ZSt3getILm0EJPNSt10filesystem7__cxx114path5_List5_ImplENS3_13_Impl_deleterEEERNSt13tuple_elementIXT_ESt5tupleIJDpT0_EEE4typeERSB_
FNDA:77,_ZSt3getILm0EJRKNSt7__cxx1112basic_stringIcSt11char_traitsIcESaIcEEEEERNSt13tuple_elementIXT_ESt5tupleIJDpT0_EEE4typeERSC_
FNDA:0,_ZSt3getILm1EJPNSt10filesystem7__cxx114path5_List5_ImplENS3_13_Impl_deleterEEERNSt13tuple_elementIXT_ESt5tupleIJDpT0_EEE4typeERSB_
FNDA:0,_ZSt3getILm0EJPNSt10filesystem7__cxx114path5_List5_ImplENS3_13_Impl_deleterEEERKNSt13tuple_elementIXT_ESt5tupleIJDpT0_EEE4typeERKSB_
FNDA:0,_ZNSt10_Head_baseILm0ERKNSt7__cxx1112basic_stringIcSt11char_traitsIcESaIcEEELb0EEC2ES7_
FNDA:7,_ZNSt4pairIKNSt7__cxx1112basic_stringIcSt11char_traitsIcESaIcEEES5_EC2IJRS6_EJEEESt21piecewise_construct_tSt5tupleIJDpT_EESB_IJDpT0_EE
FNDA:7,_ZNSt4pairIKNSt7__cxx1112basic_stringIcSt11char_traitsIcESaIcEEES5_EC2IJRS6_EJLm0EEJEJEEERSt5tupleIJDpT_EERSA_IJDpT1_EESt12_Index_tupleIJXspT0_EEESJ_IJXspT2_EEE
FNDA:0,_ZNSt10_Head_baseILm0EPNSt10filesystem7__cxx114path5_List5_ImplELb0EE7_M_headERS6_
FNDA:0,_ZNSt10_Head_baseILm0ERKNSt7__cxx1112basic_stringIcSt11char_traitsIcESaIcEEELb0EE7_M_headERS8_
FNDA:0,_ZNSt10_Head_baseILm0EPNSt10filesystem7__cxx114path5_List5_ImplELb0EE7_M_headERKS6_
FNDA:0,_ZNSt11_Tuple_implILm0EJPNSt10filesystem7__cxx114path5_List5_ImplENS3_13_Impl_deleterEEE7_M_headERS7_
FNDA:0,_ZNSt11_Tuple_implILm0EJPNSt10filesystem7__cxx114path5_List5_ImplENS3_13_Impl_deleterEEE7_M_headERKS7_
FNDA:0,_ZNSt11_Tuple_implILm0EJRKNSt7__cxx1112basic_stringIcSt11char_traitsIcESaIcEEEEE7_M_headERS8_
FNDA:0,_ZNSt11_Tuple_implILm1EJNSt10filesystem7__cxx114path5_List13_Impl_deleterEEE7_M_headERS5_
FNDA:0,_ZNSt11_Tuple_implILm0EJRKNSt7__cxx1112basic_stringIcSt11char_traitsIcESaIcEEEEEC2ES7_
FNDA:0,_ZNSt11_Tuple_implILm0EJRKNSt7__cxx1112basic_stringIcSt11char_traitsIcESaIcEEEEEC2EOS8_
FNDA:0,_ZNSt5tupleIJRKNSt7__cxx1112basic_stringIcSt11char_traitsIcESaIcEEEEEC2ILb1ELb1EEES7_
FNDA:0,_ZNSt5tupleIJRKNSt7__cxx1112basic_stringIcSt11char_traitsIcESaIcEEEEEC2EOS8_
FNF:23
FNH:3
DA:125,0
DA:193,0
DA:194,0
DA:234,0
DA:237,0
DA:269,0
DA:272,0
DA:497,0
DA:507,0
DA:508,0
DA:509,0
DA:527,0
DA:529,0
DA:530,0
DA:874,0
DA:876,0
DA:903,0
DA:1787,0
DA:1788,0
DA:1792,0
DA:1793,0
DA:1803,77
DA:1804,77
DA:1809,0
DA:1810,0
DA:2252,7
DA:2257,7
DA:2258,7
DA:2264,7
DA:2267,7
DA:2268,7
DA:2269,7
LF:32
LH:9
end_of_record
TN:
SF:/usr/include/x86_64-linux-gnu/c++/13/bits/c++config.h
FN:540,551,_ZSt23__is_constant_evaluatedv
FNDA:0,_ZSt23__is_constant_evaluatedv
FNF:1
FNH:0
DA:540,0
DA:547,0
LF:2
LH:0
end_of_record
TN:
SF:/usr/include/x86_64-linux-gnu/c++/13/bits/gthr-default.h
FN:300,303,_ZL18__gthread_active_pv
FN:746,752,_ZL20__gthread_mutex_lockP15pthread_mutex_t
FN:776,782,_ZL22__gthread_mutex_unlockP15pthread_mutex_t
FNDA:0,_ZL18__gthread_active_pv
FNDA:0,_ZL20__gthread_mutex_lockP15pthread_mutex_t
FNDA:0,_ZL22__gthread_mutex_unlockP15pthread_mutex_t
FNF:3
FNH:0
BRDA:748,0,0,-
BRDA:748,0,1,-
BRDA:778,0,0,-
BRDA:778,0,1,-
BRF:4
BRH:0
DA:300,0
DA:302,0
DA:746,0
DA:748,0
DA:749,0
DA:751,0
DA:776,0
DA:778,0
DA:779,0
DA:781,0
LF:10
LH:0
end_of_record
