TN:
SF:/home/duong/MediaPlayerApp/inc/models/HistoryModel.h
FNF:0
FNH:0
LF:0
LH:0
end_of_record
TN:
SF:/home/duong/MediaPlayerApp/inc/models/LibraryModel.h
FN:40,43,_ZNK12media_player6models12LibraryModel13getMediaCountEv
FN:50,53,_ZNK12media_player6models12LibraryModel11getAllMediaEv
FNDA:0,_ZNK12media_player6models12LibraryModel13getMediaCountEv
FNDA:0,_ZNK12media_player6models12LibraryModel11getAllMediaEv
FNF:2
FNH:0
DA:40,0
DA:42,0
DA:50,0
DA:52,0
LF:4
LH:0
end_of_record
TN:
SF:/home/duong/MediaPlayerApp/inc/models/MediaFileModel.h
FN:31,34,_ZNK12media_player6models14MediaFileModel11getFilePathB5cxx11Ev
FN:36,39,_ZNK12media_player6models14MediaFileModel11getFileNameB5cxx11Ev
FN:46,49,_ZNK12media_player6models14MediaFileModel7getTypeEv
FN:57,57,_ZNK12media_player6models14MediaFileModel8getTitleB5cxx11Ev
FN:58,58,_ZNK12media_player6models14MediaFileModel9getArtistB5cxx11Ev
FN:63,63,_ZN12media_player6models14MediaFileModel8setTitleERKNSt7__cxx1112basic_stringIcSt11char_traitsIcESaIcEEE
FN:64,64,_ZN12media_player6models14MediaFileModel9setArtistERKNSt7__cxx1112basic_stringIcSt11char_traitsIcESaIcEEE
FN:65,65,_ZN12media_player6models14MediaFileModel8setAlbumERKNSt7__cxx1112basic_stringIcSt11char_traitsIcESaIcEEE
FN:76,79,_ZNK12media_player6models14MediaFileModel7isVideoEv
FNDA:0,_ZNK12media_player6models14MediaFileModel11getFilePathB5cxx11Ev
FNDA:0,_ZNK12media_player6models14MediaFileModel11getFileNameB5cxx11Ev
FNDA:0,_ZNK12media_player6models14MediaFileModel7getTypeEv
FNDA:0,_ZNK12media_player6models14MediaFileModel8getTitleB5cxx11Ev
FNDA:0,_ZNK12media_player6models14MediaFileModel9getArtistB5cxx11Ev
FNDA:0,_ZN12media_player6models14MediaFileModel8setTitleERKNSt7__cxx1112basic_stringIcSt11char_traitsIcESaIcEEE
FNDA:0,_ZN12media_player6models14MediaFileModel9setArtistERKNSt7__cxx1112basic_stringIcSt11char_traitsIcESaIcEEE
FNDA:0,_ZN12media_player6models14MediaFileModel8setAlbumERKNSt7__cxx1112basic_stringIcSt11char_traitsIcESaIcEEE
FNDA:11,_ZNK12media_player6models14MediaFileModel7isVideoEv
FNF:9
FNH:1
DA:31,0
DA:33,0
DA:36,0
DA:38,0
DA:46,0
DA:48,0
DA:57,0
DA:58,0
DA:63,0
DA:64,0
DA:65,0
DA:76,11
DA:78,11
LF:13
LH:2
end_of_record
TN:
SF:/home/duong/MediaPlayerApp/inc/models/MetadataModel.h
FN:22,25,_ZNK12media_player6models13MetadataModel8getTitleB5cxx11Ev
FN:27,30,_ZNK12media_player6models13MetadataModel9getArtistB5cxx11Ev
FN:32,35,_ZNK12media_player6models13MetadataModel8getAlbumB5cxx11Ev
FNDA:0,_ZNK12media_player6models13MetadataModel8getTitleB5cxx11Ev
FNDA:0,_ZNK12media_player6models13MetadataModel9getArtistB5cxx11Ev
FNDA:0,_ZNK12media_player6models13MetadataModel8getAlbumB5cxx11Ev
FNF:3
FNH:0
DA:22,0
DA:24,0
DA:27,0
DA:29,0
DA:32,0
DA:34,0
LF:6
LH:0
end_of_record
TN:
SF:/home/duong/MediaPlayerApp/inc/models/PlaybackStateModel.h
FN:100,104,_ZNK12media_player6models18PlaybackStateModel18getCurrentFilePathB5cxx11Ev
FN:106,111,_ZN12media_player6models18PlaybackStateModel18setCurrentFilePathERKNSt7__cxx1112basic_stringIcSt11char_traitsIcESaIcEEE
FN:114,118,_ZNK12media_player6models18PlaybackStateModel19getCurrentMediaTypeEv
FN:120,124,_ZN12media_player6models18PlaybackStateModel19setCurrentMediaTypeENS0_9MediaTypeE
FN:152,156,_ZNK12media_player6models18PlaybackStateModel9isPlayingEv
FN:158,162,_ZNK12media_player6models18PlaybackStateModel8isPausedEv
FN:164,168,_ZNK12media_player6models18PlaybackStateModel9isStoppedEv
FN:191,197,_ZN12media_player6models18PlaybackStateModel15setCurrentTitleERKNSt7__cxx1112basic_stringIcSt11char_traitsIcESaIcEEE
FN:203,209,_ZN12media_player6models18PlaybackStateModel16setCurrentArtistERKNSt7__cxx1112basic_stringIcSt11char_traitsIcESaIcEEE
FN:53,60,_ZN12media_player6models18PlaybackStateModel8setStateENS0_13PlaybackStateE
FN:63,67,_ZNK12media_player6models18PlaybackStateModel18getCurrentPositionEv
FN:69,73,_ZN12media_player6models18PlaybackStateModel18setCurrentPositionEi
FN:81,85,_ZN12media_player6models18PlaybackStateModel16setTotalDurationEi
FN:88,92,_ZNK12media_player6models18PlaybackStateModel9getVolumeEv
FN:94,97,_ZN12media_player6models18PlaybackStateModel9setVolumeEi
FNDA:0,_ZNK12media_player6models18PlaybackStateModel18getCurrentFilePathB5cxx11Ev
FNDA:0,_ZN12media_player6models18PlaybackStateModel18setCurrentFilePathERKNSt7__cxx1112basic_stringIcSt11char_traitsIcESaIcEEE
FNDA:2,_ZNK12media_player6models18PlaybackStateModel19getCurrentMediaTypeEv
FNDA:86,_ZN12media_player6models18PlaybackStateModel19setCurrentMediaTypeENS0_9MediaTypeE
FNDA:0,_ZNK12media_player6models18PlaybackStateModel9isPlayingEv
FNDA:0,_ZNK12media_player6models18PlaybackStateModel8isPausedEv
FNDA:0,_ZNK12media_player6models18PlaybackStateModel9isStoppedEv
FNDA:0,_ZN12media_player6models18PlaybackStateModel15setCurrentTitleERKNSt7__cxx1112basic_stringIcSt11char_traitsIcESaIcEEE
FNDA:0,_ZN12media_player6models18PlaybackStateModel16setCurrentArtistERKNSt7__cxx1112basic_stringIcSt11char_traitsIcESaIcEEE
FNDA:0,_ZN12media_player6models18PlaybackStateModel8setStateENS0_13PlaybackStateE
FNDA:0,_ZNK12media_player6models18PlaybackStateModel18getCurrentPositionEv
FNDA:0,_ZN12media_player6models18PlaybackStateModel18setCurrentPositionEi
FNDA:0,_ZN12media_player6models18PlaybackStateModel16setTotalDurationEi
FNDA:0,_ZNK12media_player6models18PlaybackStateModel9getVolumeEv
FNDA:0,_ZN12media_player6models18PlaybackStateModel9setVolumeEi
FNF:15
FNH:2
BRDA:55,0,0,-
BRDA:55,e0,1,-
BRDA:56,0,0,-
BRDA:56,0,1,-
BRDA:58,0,0,-
BRDA:58,0,1,-
BRDA:58,0,2,-
BRDA:58,e0,3,-
BRDA:65,0,0,-
BRDA:65,e0,1,-
BRDA:71,0,0,-
BRDA:71,e0,1,-
BRDA:83,0,0,-
BRDA:83,e0,1,-
BRDA:90,0,0,-
BRDA:90,e0,1,-
BRDA:95,0,0,-
BRDA:95,e0,1,-
BRDA:102,0,0,-
BRDA:102,e0,1,-
BRDA:103,0,0,-
BRDA:103,e0,1,-
BRDA:108,0,0,-
BRDA:108,e0,1,-
BRDA:109,0,0,-
BRDA:109,e0,1,-
BRDA:110,0,0,-
BRDA:110,0,1,-
BRDA:110,0,2,-
BRDA:110,e0,3,-
BRDA:116,0,0,2
BRDA:116,e0,1,0
BRDA:122,0,0,86
BRDA:122,e0,1,0
BRDA:154,0,0,-
BRDA:154,e0,1,-
BRDA:160,0,0,-
BRDA:160,e0,1,-
BRDA:166,0,0,-
BRDA:166,e0,1,-
BRDA:193,0,0,-
BRDA:193,e0,1,-
BRDA:194,0,0,-
BRDA:194,e0,1,-
BRDA:196,0,0,-
BRDA:196,0,1,-
BRDA:205,0,0,-
BRDA:205,e0,1,-
BRDA:206,0,0,-
BRDA:206,e0,1,-
BRDA:208,0,0,-
BRDA:208,0,1,-
BRF:52
BRH:2
DA:53,0
DA:55,0
DA:56,0
DA:57,0
DA:58,0
DA:60,0
DA:63,0
DA:65,0
DA:66,0
DA:67,0
DA:69,0
DA:71,0
DA:72,0
DA:73,0
DA:81,0
DA:83,0
DA:84,0
DA:85,0
DA:88,0
DA:90,0
DA:91,0
DA:92,0
DA:94,0
DA:95,0
DA:96,0
DA:97,0
DA:100,0
DA:102,0
DA:103,0
DA:104,0
DA:106,0
DA:108,0
DA:109,0
DA:110,0
DA:111,0
DA:114,2
DA:116,2
DA:117,2
DA:118,2
DA:120,86
DA:122,86
DA:123,86
DA:124,86
DA:152,0
DA:154,0
DA:155,0
DA:156,0
DA:158,0
DA:160,0
DA:161,0
DA:162,0
DA:164,0
DA:166,0
DA:167,0
DA:168,0
DA:191,0
DA:193,0
DA:194,0
DA:195,0
DA:196,0
DA:197,0
DA:203,0
DA:205,0
DA:206,0
DA:207,0
DA:208,0
DA:209,0
LF:67
LH:8
end_of_record
TN:
SF:/home/duong/MediaPlayerApp/inc/models/PlaylistModel.h
FN:31,34,_ZN12media_player6models13PlaylistModel7setNameERKNSt7__cxx1112basic_stringIcSt11char_traitsIcESaIcEEE
FN:60,63,_ZNK12media_player6models13PlaylistModel8getItemsEv
FNDA:0,_ZN12media_player6models13PlaylistModel7setNameERKNSt7__cxx1112basic_stringIcSt11char_traitsIcESaIcEEE
FNDA:0,_ZNK12media_player6models13PlaylistModel8getItemsEv
FNF:2
FNH:0
DA:31,0
DA:33,0
DA:34,0
DA:60,0
DA:62,0
LF:5
LH:0
end_of_record
TN:
SF:/home/duong/MediaPlayerApp/inc/models/QueueModel.h
FN:44,47,_ZNK12media_player6models10QueueModel15getCurrentIndexEv
FN:49,52,_ZNK12media_player6models10QueueModel4sizeEv
FN:54,57,_ZNK12media_player6models10QueueModel7isEmptyEv
FN:62,65,_ZNK12media_player6models10QueueModel11getAllItemsEv
FN:74,77,_ZNK12media_player6models10QueueModel16isShuffleEnabledEv
FN:80,83,_ZNK12media_player6models10QueueModel13getRepeatModeEv
FN:84,87,_ZNK12media_player6models10QueueModel16isLoopOneEnabledEv
FN:88,91,_ZNK12media_player6models10QueueModel16isLoopAllEnabledEv
FNDA:0,_ZNK12media_player6models10QueueModel15getCurrentIndexEv
FNDA:0,_ZNK12media_player6models10QueueModel4sizeEv
FNDA:0,_ZNK12media_player6models10QueueModel7isEmptyEv
FNDA:0,_ZNK12media_player6models10QueueModel11getAllItemsEv
FNDA:0,_ZNK12media_player6models10QueueModel16isShuffleEnabledEv
FNDA:0,_ZNK12media_player6models10QueueModel13getRepeatModeEv
FNDA:0,_ZNK12media_player6models10QueueModel16isLoopOneEnabledEv
FNDA:0,_ZNK12media_player6models10QueueModel16isLoopAllEnabledEv
FNF:8
FNH:0
DA:44,0
DA:46,0
DA:49,0
DA:51,0
DA:54,0
DA:56,0
DA:62,0
DA:64,0
DA:74,0
DA:76,0
DA:80,0
DA:82,0
DA:84,0
DA:86,0
DA:88,0
DA:90,0
LF:16
LH:0
end_of_record
TN:
SF:/home/duong/MediaPlayerApp/src/controllers/HardwareController.cpp
FN:107,126,_ZZN12media_player11controllers18HardwareController11autoConnectEvENKUlvE_clEv
FN:131,195,_ZN12media_player11controllers18HardwareController18scanAvailablePortsB5cxx11Ev
FN:197,205,_ZN12media_player11controllers18HardwareController7connectERKNSt7__cxx1112basic_stringIcSt11char_traitsIcESaIcEEEi
FN:207,217,_ZN12media_player11controllers18HardwareController10disconnectEv
FN:219,222,_ZNK12media_player11controllers18HardwareController11isConnectedEv
FN:224,247,_ZN12media_player11controllers18HardwareController17refreshConnectionEv
FN:249,261,_ZN12media_player11controllers18HardwareController19sendCurrentSongInfoERKNSt7__cxx1112basic_stringIcSt11char_traitsIcESaIcEEES9_
FN:263,275,_ZN12media_player11controllers18HardwareController17sendPlaybackStateEb
FN:277,280,_ZN12media_player11controllers18HardwareController17setButtonCallbackESt8functionIFvNS0_14HardwareButtonEEE
FN:28,53,_ZN12media_player11controllers18HardwareControllerC2ESt10shared_ptrINS_8services20ISerialCommunicationEES2_INS_6models18PlaybackStateModelEE
FN:282,285,_ZN12media_player11controllers18HardwareController17setVolumeCallbackESt8functionIFviEE
FN:287,299,_ZN12media_player11controllers18HardwareController20onSerialDataReceivedERKNSt7__cxx1112basic_stringIcSt11char_traitsIcESaIcEEE
FN:301,352,_ZN12media_player11controllers18HardwareController13processBufferEv
FN:354,416,_ZN12media_player11controllers18HardwareController19parseS32K144MessageERKNSt7__cxx1112basic_stringIcSt11char_traitsIcESaIcEEE
FN:39,42,_ZZN12media_player11controllers18HardwareControllerC4ESt10shared_ptrINS_8services20ISerialCommunicationEES2_INS_6models18PlaybackStateModelEEENKUlRKNSt7__cxx1112basic_stringIcSt11char_traitsIcESaIcEEEE_clESG_
FN:47,50,_ZZN12media_player11controllers18HardwareControllerC4ESt10shared_ptrINS_8services20ISerialCommunicationEES2_INS_6models18PlaybackStateModelEEENKUlRKNSt7__cxx1112basic_stringIcSt11char_traitsIcESaIcEEEE0_clESG_
FN:55,64,_ZN12media_player11controllers18HardwareControllerD2Ev
FN:66,79,_ZN12media_player11controllers18HardwareController10initializeEv
FN:81,129,_ZN12media_player11controllers18HardwareController11autoConnectEv
FNDA:3,_ZZN12media_player11controllers18HardwareController11autoConnectEvENKUlvE_clEv
FNDA:3,_ZN12media_player11controllers18HardwareController18scanAvailablePortsB5cxx11Ev
FNDA:3,_ZN12media_player11controllers18HardwareController7connectERKNSt7__cxx1112basic_stringIcSt11char_traitsIcESaIcEEEi
FNDA:31,_ZN12media_player11controllers18HardwareController10disconnectEv
FNDA:9,_ZNK12media_player11controllers18HardwareController11isConnectedEv
FNDA:4,_ZN12media_player11controllers18HardwareController17refreshConnectionEv
FNDA:3,_ZN12media_player11controllers18HardwareController19sendCurrentSongInfoERKNSt7__cxx1112basic_stringIcSt11char_traitsIcESaIcEEES9_
FNDA:4,_ZN12media_player11controllers18HardwareController17sendPlaybackStateEb
FNDA:7,_ZN12media_player11controllers18HardwareController17setButtonCallbackESt8functionIFvNS0_14HardwareButtonEEE
FNDA:28,_ZN12media_player11controllers18HardwareControllerC2ESt10shared_ptrINS_8services20ISerialCommunicationEES2_INS_6models18PlaybackStateModelEE
FNDA:6,_ZN12media_player11controllers18HardwareController17setVolumeCallbackESt8functionIFviEE
FNDA:19,_ZN12media_player11controllers18HardwareController20onSerialDataReceivedERKNSt7__cxx1112basic_stringIcSt11char_traitsIcESaIcEEE
FNDA:19,_ZN12media_player11controllers18HardwareController13processBufferEv
FNDA:15,_ZN12media_player11controllers18HardwareController19parseS32K144MessageERKNSt7__cxx1112basic_stringIcSt11char_traitsIcESaIcEEE
FNDA:19,_ZZN12media_player11controllers18HardwareControllerC4ESt10shared_ptrINS_8services20ISerialCommunicationEES2_INS_6models18PlaybackStateModelEEENKUlRKNSt7__cxx1112basic_stringIcSt11char_traitsIcESaIcEEEE_clESG_
FNDA:1,_ZZN12media_player11controllers18HardwareControllerC4ESt10shared_ptrINS_8services20ISerialCommunicationEES2_INS_6models18PlaybackStateModelEEENKUlRKNSt7__cxx1112basic_stringIcSt11char_traitsIcESaIcEEEE0_clESG_
FNDA:28,_ZN12media_player11controllers18HardwareControllerD2Ev
FNDA:3,_ZN12media_player11controllers18HardwareController10initializeEv
FNDA:6,_ZN12media_player11controllers18HardwareController11autoConnectEv
FNF:19
FNH:19
BRDA:38,0,0,28
BRDA:38,e0,1,0
BRDA:46,0,0,28
BRDA:46,e0,1,0
BRDA:58,0,0,3
BRDA:58,0,1,25
BRDA:69,0,0,3
BRDA:69,e0,1,0
BRDA:69,0,2,1
BRDA:69,0,3,2
BRDA:75,0,0,2
BRDA:75,e0,1,0
BRDA:78,0,0,2
BRDA:78,e0,1,0
BRDA:83,0,0,6
BRDA:83,e0,1,0
BRDA:85,0,0,1
BRDA:85,0,1,5
BRDA:90,0,0,5
BRDA:90,e0,1,0
BRDA:90,0,2,2
BRDA:90,0,3,3
BRDA:97,0,0,0
BRDA:97,0,1,3
BRDA:100,0,0,-
BRDA:100,e0,1,-
BRDA:107,0,0,3
BRDA:107,e0,1,0
BRDA:108,0,0,3
BRDA:108,e0,1,0
BRDA:111,0,0,0
BRDA:111,0,1,3
BRDA:114,0,0,-
BRDA:114,0,1,-
BRDA:116,0,0,-
BRDA:116,e0,1,-
BRDA:116,0,2,-
BRDA:116,0,3,-
BRDA:136,0,0,3
BRDA:136,e0,1,0
BRDA:138,0,0,6
BRDA:138,0,1,3
BRDA:140,0,0,60
BRDA:140,0,1,6
BRDA:142,0,0,60
BRDA:142,e0,1,0
BRDA:144,0,0,60
BRDA:144,e0,1,0
BRDA:144,0,2,60
BRDA:144,e0,3,0
BRDA:144,0,4,0
BRDA:144,0,5,60
BRDA:146,0,0,-
BRDA:146,e0,1,-
BRDA:152,0,0,3
BRDA:152,e0,1,0
BRDA:154,0,0,6
BRDA:154,0,1,3
BRDA:156,0,0,6
BRDA:156,e0,1,0
BRDA:156,0,2,6
BRDA:156,e0,3,0
BRDA:156,0,4,6
BRDA:156,0,5,0
BRDA:161,0,0,-
BRDA:161,e0,1,-
BRDA:161,0,2,-
BRDA:161,e0,3,-
BRDA:161,0,4,-
BRDA:161,e0,5,-
BRDA:161,0,6,-
BRDA:161,0,7,-
BRDA:163,0,0,-
BRDA:163,e0,1,-
BRDA:163,0,2,-
BRDA:163,0,3,-
BRDA:163,0,4,-
BRDA:163,e0,5,-
BRDA:163,0,6,-
BRDA:163,0,7,-
BRDA:163,0,8,-
BRDA:163,0,9,-
BRDA:165,0,0,-
BRDA:165,e0,1,-
BRDA:165,0,2,-
BRDA:165,e0,3,-
BRDA:171,0,0,3
BRDA:171,e0,1,0
BRDA:172,0,0,3
BRDA:172,e0,1,0
BRDA:172,0,2,3
BRDA:172,e0,3,0
BRDA:174,0,0,3
BRDA:174,e0,1,0
BRDA:175,0,0,3
BRDA:175,0,1,0
BRDA:177,0,0,3
BRDA:177,e0,1,0
BRDA:181,0,0,-
BRDA:181,0,1,-
BRDA:183,0,0,-
BRDA:183,0,1,-
BRDA:185,0,0,-
BRDA:185,e0,1,-
BRDA:188,0,0,-
BRDA:188,e0,1,-
BRDA:199,0,0,2
BRDA:199,0,1,1
BRDA:209,0,0,31
BRDA:209,e0,1,0
BRDA:209,0,2,20
BRDA:209,0,3,11
BRDA:211,0,0,20
BRDA:211,e0,1,0
BRDA:215,0,0,31
BRDA:215,e0,1,0
BRDA:226,0,0,4
BRDA:226,e0,1,0
BRDA:226,0,2,2
BRDA:226,0,3,2
BRDA:232,0,0,0
BRDA:232,0,1,2
BRDA:238,0,0,2
BRDA:238,e0,1,0
BRDA:238,0,2,2
BRDA:238,e0,3,0
BRDA:238,0,4,2
BRDA:238,0,5,0
BRDA:246,0,0,-
BRDA:246,e0,1,-
BRDA:251,0,0,3
BRDA:251,e0,1,0
BRDA:251,0,2,2
BRDA:251,0,3,1
BRDA:257,0,0,1
BRDA:257,e0,1,0
BRDA:257,0,2,1
BRDA:257,e0,3,0
BRDA:257,0,4,1
BRDA:257,e0,5,0
BRDA:257,0,6,1
BRDA:257,e0,7,0
BRDA:260,0,0,1
BRDA:260,e0,1,0
BRDA:265,0,0,4
BRDA:265,e0,1,0
BRDA:265,0,2,2
BRDA:265,0,3,2
BRDA:271,0,0,1
BRDA:271,0,1,1
BRDA:271,0,2,2
BRDA:271,e0,3,0
BRDA:272,0,0,2
BRDA:272,e0,1,0
BRDA:272,0,2,2
BRDA:272,e0,3,0
BRDA:274,0,0,2
BRDA:274,e0,1,0
BRDA:293,0,0,19
BRDA:293,e0,1,0
BRDA:294,0,0,19
BRDA:294,e0,1,0
BRDA:303,0,0,19
BRDA:303,e0,1,0
BRDA:308,0,0,20
BRDA:308,0,1,14
BRDA:313,0,0,3
BRDA:313,0,1,17
BRDA:316,0,0,3
BRDA:316,e0,1,0
BRDA:323,0,0,2
BRDA:323,0,1,15
BRDA:326,0,0,2
BRDA:326,e0,1,0
BRDA:331,0,0,15
BRDA:331,e0,1,0
BRDA:334,0,0,15
BRDA:334,e0,1,0
BRDA:341,0,0,14
BRDA:341,0,1,5
BRDA:341,0,2,14
BRDA:341,0,3,0
BRDA:341,0,4,14
BRDA:341,0,5,5
BRDA:343,0,0,14
BRDA:343,e0,1,0
BRDA:348,0,0,1
BRDA:348,0,1,18
BRDA:359,0,0,15
BRDA:359,e0,1,0
BRDA:359,0,2,8
BRDA:359,0,3,7
BRDA:363,0,0,8
BRDA:363,e0,1,0
BRDA:363,0,2,8
BRDA:363,e0,3,0
BRDA:363,0,4,8
BRDA:363,e0,5,0
BRDA:366,0,0,8
BRDA:366,0,1,0
BRDA:366,0,2,2
BRDA:366,0,3,6
BRDA:371,0,0,5
BRDA:371,0,1,1
BRDA:373,0,0,5
BRDA:373,e0,1,0
BRDA:378,0,0,0
BRDA:378,0,1,0
BRDA:385,0,0,7
BRDA:385,e0,1,0
BRDA:385,0,2,7
BRDA:385,0,3,0
BRDA:389,0,0,7
BRDA:389,e0,1,0
BRDA:389,0,2,7
BRDA:389,e0,3,0
BRDA:389,0,4,7
BRDA:389,e0,5,0
BRDA:392,0,0,6
BRDA:392,0,1,1
BRDA:392,0,2,3
BRDA:392,0,3,3
BRDA:396,0,0,3
BRDA:396,0,1,0
BRDA:398,0,0,3
BRDA:398,e0,1,0
BRDA:408,0,0,0
BRDA:408,0,1,0
BRF:228
BRH:115
DA:28,28
DA:31,28
DA:32,28
DA:33,28
DA:34,28
DA:35,28
DA:38,56
DA:39,28
DA:41,19
DA:42,19
DA:46,28
DA:47,0
DA:50,1
DA:53,28
DA:55,28
DA:57,28
DA:58,28
DA:60,3
DA:63,28
DA:64,28
DA:66,3
DA:69,3
DA:71,1
DA:75,2
DA:76,2
DA:78,2
DA:79,2
DA:81,6
DA:83,6
DA:85,6
DA:87,1
DA:90,5
DA:92,2
DA:95,3
DA:97,3
DA:99,0
DA:100,0
DA:103,3
DA:104,3
DA:107,6
DA:108,3
DA:109,3
DA:111,3
DA:114,0
DA:116,0
DA:118,0
DA:119,0
DA:125,3
DA:126,6
DA:128,3
DA:129,6
DA:131,3
DA:133,3
DA:136,6
DA:138,9
DA:140,66
DA:142,60
DA:144,60
DA:146,0
DA:148,60
DA:152,6
DA:154,9
DA:156,6
DA:158,6
DA:161,0
DA:163,0
DA:165,0
DA:167,0
DA:171,3
DA:172,3
DA:174,3
DA:175,3
DA:177,3
DA:181,0
DA:183,0
DA:185,0
DA:188,0
DA:194,6
DA:195,3
DA:197,3
DA:199,3
DA:201,2
DA:204,1
DA:207,31
DA:209,31
DA:211,20
DA:215,31
DA:216,31
DA:217,31
DA:219,9
DA:221,9
DA:224,4
DA:226,4
DA:228,4
DA:232,2
DA:234,0
DA:237,2
DA:238,2
DA:240,2
DA:243,0
DA:246,0
DA:249,3
DA:251,3
DA:253,2
DA:257,1
DA:260,1
DA:261,1
DA:263,4
DA:265,4
DA:267,2
DA:271,2
DA:272,2
DA:274,2
DA:275,2
DA:277,7
DA:279,7
DA:280,7
DA:282,6
DA:284,6
DA:285,6
DA:287,19
DA:293,19
DA:294,19
DA:295,19
DA:298,19
DA:299,19
DA:301,19
DA:303,19
DA:306,19
DA:308,34
DA:311,20
DA:313,20
DA:316,3
DA:317,5
DA:321,17
DA:323,17
DA:326,2
DA:327,2
DA:331,15
DA:334,15
DA:337,15
DA:338,15
DA:341,19
DA:343,14
DA:347,19
DA:348,19
DA:350,1
DA:352,19
DA:354,15
DA:356,15
DA:359,15
DA:363,8
DA:366,8
DA:368,2
DA:371,6
DA:373,5
DA:376,6
DA:378,0
DA:381,0
DA:385,7
DA:389,7
DA:392,7
DA:394,3
DA:396,3
DA:398,3
DA:401,3
DA:408,0
DA:411,0
DA:415,4
DA:416,15
LF:170
LH:147
end_of_record
TN:
SF:/home/duong/MediaPlayerApp/src/controllers/HistoryController.cpp
FN:103,109,_ZN12media_player11controllers17HistoryController12addToHistoryERKNS_6models14MediaFileModelE
FN:111,117,_ZN12media_player11controllers17HistoryController12clearHistoryEv
FN:119,127,_ZN12media_player11controllers17HistoryController14refreshHistoryEv
FN:133,140,_ZNK12media_player11controllers17HistoryController13getLastPlayedEv
FN:142,149,_ZNK12media_player11controllers17HistoryController17getPreviousPlayedEv
FN:15,24,_ZN12media_player11controllers17HistoryControllerC2ESt10shared_ptrINS_6models12HistoryModelEES2_INS0_15QueueControllerEES2_INS0_18PlaybackControllerEE
FN:26,28,_ZN12media_player11controllers17HistoryControllerD2Ev
FN:34,41,_ZNK12media_player11controllers17HistoryController17getHistoryEntriesEv
FN:43,50,_ZNK12media_player11controllers17HistoryController16getRecentHistoryEm
FN:52,59,_ZNK12media_player11controllers17HistoryController15getHistoryCountEv
FN:61,68,_ZNK12media_player11controllers17HistoryController14isHistoryEmptyEv
FN:74,101,_ZN12media_player11controllers17HistoryController15playFromHistoryEm
FNDA:5,_ZN12media_player11controllers17HistoryController12addToHistoryERKNS_6models14MediaFileModelE
FNDA:2,_ZN12media_player11controllers17HistoryController12clearHistoryEv
FNDA:1,_ZN12media_player11controllers17HistoryController14refreshHistoryEv
FNDA:4,_ZNK12media_player11controllers17HistoryController13getLastPlayedEv
FNDA:4,_ZNK12media_player11controllers17HistoryController17getPreviousPlayedEv
FNDA:32,_ZN12media_player11controllers17HistoryControllerC2ESt10shared_ptrINS_6models12HistoryModelEES2_INS0_15QueueControllerEES2_INS0_18PlaybackControllerEE
FNDA:32,_ZN12media_player11controllers17HistoryControllerD2Ev
FNDA:4,_ZNK12media_player11controllers17HistoryController17getHistoryEntriesEv
FNDA:1,_ZNK12media_player11controllers17HistoryController16getRecentHistoryEm
FNDA:5,_ZNK12media_player11controllers17HistoryController15getHistoryCountEv
FNDA:6,_ZNK12media_player11controllers17HistoryController14isHistoryEmptyEv
FNDA:7,_ZN12media_player11controllers17HistoryController15playFromHistoryEm
FNF:12
FNH:12
BRDA:36,0,0,1
BRDA:36,0,1,3
BRDA:45,0,0,0
BRDA:45,0,1,1
BRDA:54,0,0,1
BRDA:54,0,1,4
BRDA:63,0,0,2
BRDA:63,0,1,4
BRDA:76,0,0,7
BRDA:76,0,1,0
BRDA:76,0,2,6
BRDA:76,0,3,1
BRDA:76,0,4,0
BRDA:76,0,5,6
BRDA:76,0,6,1
BRDA:76,0,7,6
BRDA:82,0,0,6
BRDA:82,e0,1,0
BRDA:83,0,0,2
BRDA:83,0,1,4
BRDA:88,0,0,4
BRDA:88,e0,1,0
BRDA:91,0,0,4
BRDA:91,e0,1,0
BRDA:94,0,0,4
BRDA:94,e0,1,0
BRDA:95,0,0,4
BRDA:95,0,1,0
BRDA:97,0,0,4
BRDA:97,e0,1,0
BRDA:105,0,0,4
BRDA:105,0,1,1
BRDA:113,0,0,1
BRDA:113,0,1,1
BRDA:123,0,0,0
BRDA:123,0,1,1
BRDA:135,0,0,1
BRDA:135,0,1,3
BRDA:144,0,0,1
BRDA:144,0,1,3
BRF:40
BRH:30
DA:15,32
DA:19,32
DA:20,32
DA:21,32
DA:22,32
DA:24,32
DA:26,32
DA:28,32
DA:34,4
DA:36,4
DA:38,1
DA:40,3
DA:43,1
DA:45,1
DA:47,0
DA:49,1
DA:52,5
DA:54,5
DA:56,1
DA:58,4
DA:61,6
DA:63,6
DA:65,2
DA:67,4
DA:74,7
DA:76,7
DA:78,1
DA:82,6
DA:83,6
DA:85,2
DA:88,4
DA:91,4
DA:94,4
DA:95,4
DA:97,4
DA:100,4
DA:101,6
DA:103,5
DA:105,5
DA:107,4
DA:109,5
DA:111,2
DA:113,2
DA:115,1
DA:117,2
DA:119,1
DA:123,1
DA:125,0
DA:127,1
DA:133,4
DA:135,4
DA:137,1
DA:139,3
DA:142,4
DA:144,4
DA:146,1
DA:148,3
LF:57
LH:55
end_of_record
TN:
SF:/home/duong/MediaPlayerApp/src/controllers/LibraryController.cpp
FN:100,103,_ZNK12media_player11controllers17LibraryController11sortByAlbumEb
FN:105,108,_ZNK12media_player11controllers17LibraryController13getTotalCountEv
FN:110,113,_ZNK12media_player11controllers17LibraryController13getAudioCountEv
FN:115,118,_ZNK12media_player11controllers17LibraryController13getVideoCountEv
FN:20,28,_ZNK12media_player11controllers17LibraryController12readMetadataERKNSt7__cxx1112basic_stringIcSt11char_traitsIcESaIcEEE
FN:30,48,_ZN12media_player11controllers17LibraryController14updateMetadataERKNS_6models14MediaFileModelERKNS2_13MetadataModelE
FN:50,52,_ZN12media_player11controllers17LibraryControllerD2Ev
FN:54,57,_ZNK12media_player11controllers17LibraryController11getAllMediaEv
FN:59,62,_ZNK12media_player11controllers17LibraryController7getPageEmm
FN:64,67,_ZNK12media_player11controllers17LibraryController13getAudioFilesEv
FN:69,83,_ZNK12media_player11controllers17LibraryController13getVideoFilesEv
FN:85,88,_ZNK12media_player11controllers17LibraryController6searchERKNSt7__cxx1112basic_stringIcSt11char_traitsIcESaIcEEE
FN:9,18,_ZN12media_player11controllers17LibraryControllerC2ESt10shared_ptrINS_6models12LibraryModelEES2_INS_12repositories17LibraryRepositoryEES2_INS_8services15IMetadataReaderEE
FN:90,93,_ZNK12media_player11controllers17LibraryController11sortByTitleEb
FN:95,98,_ZNK12media_player11controllers17LibraryController12sortByArtistEb
FNDA:1,_ZNK12media_player11controllers17LibraryController11sortByAlbumEb
FNDA:1,_ZNK12media_player11controllers17LibraryController13getTotalCountEv
FNDA:1,_ZNK12media_player11controllers17LibraryController13getAudioCountEv
FNDA:1,_ZNK12media_player11controllers17LibraryController13getVideoCountEv
FNDA:2,_ZNK12media_player11controllers17LibraryController12readMetadataERKNSt7__cxx1112basic_stringIcSt11char_traitsIcESaIcEEE
FNDA:1,_ZN12media_player11controllers17LibraryController14updateMetadataERKNS_6models14MediaFileModelERKNS2_13MetadataModelE
FNDA:4,_ZN12media_player11controllers17LibraryControllerD2Ev
FNDA:1,_ZNK12media_player11controllers17LibraryController11getAllMediaEv
FNDA:1,_ZNK12media_player11controllers17LibraryController7getPageEmm
FNDA:1,_ZNK12media_player11controllers17LibraryController13getAudioFilesEv
FNDA:1,_ZNK12media_player11controllers17LibraryController13getVideoFilesEv
FNDA:1,_ZNK12media_player11controllers17LibraryController6searchERKNSt7__cxx1112basic_stringIcSt11char_traitsIcESaIcEEE
FNDA:4,_ZN12media_player11controllers17LibraryControllerC2ESt10shared_ptrINS_6models12LibraryModelEES2_INS_12repositories17LibraryRepositoryEES2_INS_8services15IMetadataReaderEE
FNDA:1,_ZNK12media_player11controllers17LibraryController11sortByTitleEb
FNDA:1,_ZNK12media_player11controllers17LibraryController12sortByArtistEb
FNF:15
FNH:15
BRDA:22,0,0,2
BRDA:22,0,1,0
BRDA:22,0,2,2
BRDA:22,e0,3,0
BRDA:22,0,4,1
BRDA:22,0,5,1
BRDA:22,0,6,1
BRDA:22,0,7,1
BRDA:24,0,0,1
BRDA:24,e0,1,0
BRDA:25,0,0,0
BRDA:25,0,1,1
BRDA:32,0,0,0
BRDA:32,0,1,1
BRDA:35,0,0,1
BRDA:35,e0,1,0
BRDA:35,0,2,1
BRDA:35,e0,3,0
BRDA:35,0,4,1
BRDA:35,0,5,0
BRDA:37,0,0,1
BRDA:37,e0,1,0
BRDA:38,0,0,1
BRDA:38,e0,1,0
BRDA:38,0,2,1
BRDA:38,e0,3,0
BRDA:39,0,0,1
BRDA:39,e0,1,0
BRDA:39,0,2,1
BRDA:39,e0,3,0
BRDA:40,0,0,1
BRDA:40,e0,1,0
BRDA:40,0,2,1
BRDA:40,e0,3,0
BRDA:44,0,0,1
BRDA:44,e0,1,0
BRDA:44,0,2,1
BRDA:44,e0,3,0
BRDA:71,0,0,1
BRDA:71,e0,1,0
BRDA:74,0,0,3
BRDA:74,0,1,1
BRDA:76,0,0,0
BRDA:76,0,1,3
BRDA:78,0,0,-
BRDA:78,e0,1,-
BRF:46
BRH:25
DA:9,4
DA:13,4
DA:14,4
DA:15,4
DA:16,4
DA:18,4
DA:20,2
DA:22,2
DA:23,1
DA:24,1
DA:25,1
DA:26,0
DA:27,1
DA:28,1
DA:30,1
DA:32,1
DA:35,1
DA:37,1
DA:38,1
DA:39,1
DA:40,1
DA:44,1
DA:45,1
DA:46,1
DA:47,0
DA:50,4
DA:52,4
DA:54,1
DA:56,1
DA:59,1
DA:61,1
DA:64,1
DA:66,1
DA:69,1
DA:71,1
DA:72,1
DA:74,4
DA:76,3
DA:78,0
DA:82,2
DA:83,1
DA:85,1
DA:87,1
DA:90,1
DA:92,1
DA:95,1
DA:97,1
DA:100,1
DA:102,1
DA:105,1
DA:107,1
DA:110,1
DA:112,1
DA:115,1
DA:117,1
LF:55
LH:52
end_of_record
TN:
SF:/home/duong/MediaPlayerApp/src/controllers/MainController.cpp
FN:29,32,_ZN12media_player11controllers14MainControllerD2Ev
FN:34,51,_ZN12media_player11controllers14MainController10navigateToENS0_10ScreenTypeE
FN:53,56,_ZNK12media_player11controllers14MainController16getCurrentScreenEv
FN:58,67,_ZN12media_player11controllers14MainController10initializeEv
FN:69,89,_ZN12media_player11controllers14MainController8shutdownEv
FN:9,27,_ZN12media_player11controllers14MainControllerC2ESt10shared_ptrINS0_18PlaybackControllerEES2_INS0_16SourceControllerEES2_INS0_17LibraryControllerEES2_INS0_18PlaylistControllerEES2_INS0_15QueueControllerEES2_INS0_18HardwareControllerEES2_INS_6models16SystemStateModelEE
FN:91,95,_ZN12media_player11controllers14MainController20handleGlobalKeyPressEi
FN:97,100,_ZN12media_player11controllers14MainController17handleGlobalEventERKNSt7__cxx1112basic_stringIcSt11char_traitsIcESaIcEEE
FNDA:1,_ZN12media_player11controllers14MainControllerD2Ev
FNDA:4,_ZN12media_player11controllers14MainController10navigateToENS0_10ScreenTypeE
FNDA:1,_ZNK12media_player11controllers14MainController16getCurrentScreenEv
FNDA:1,_ZN12media_player11controllers14MainController10initializeEv
FNDA:2,_ZN12media_player11controllers14MainController8shutdownEv
FNDA:1,_ZN12media_player11controllers14MainControllerC2ESt10shared_ptrINS0_18PlaybackControllerEES2_INS0_16SourceControllerEES2_INS0_17LibraryControllerEES2_INS0_18PlaylistControllerEES2_INS0_15QueueControllerEES2_INS0_18HardwareControllerEES2_INS_6models16SystemStateModelEE
FNDA:1,_ZN12media_player11controllers14MainController20handleGlobalKeyPressEi
FNDA:1,_ZN12media_player11controllers14MainController17handleGlobalEventERKNSt7__cxx1112basic_stringIcSt11char_traitsIcESaIcEEE
FNF:8
FNH:8
BRDA:38,0,0,0
BRDA:38,0,1,1
BRDA:38,0,2,1
BRDA:38,0,3,1
BRDA:38,0,4,1
BRDA:38,0,5,0
BRDA:61,0,0,1
BRDA:61,0,1,0
BRDA:72,0,0,2
BRDA:72,0,1,0
BRDA:78,0,0,0
BRDA:78,0,1,2
BRDA:84,0,0,2
BRDA:84,0,1,0
BRF:14
BRH:8
DA:9,1
DA:17,1
DA:18,1
DA:19,1
DA:20,1
DA:21,1
DA:22,1
DA:23,1
DA:24,1
DA:25,1
DA:27,1
DA:29,1
DA:31,1
DA:32,1
DA:34,4
DA:36,4
DA:38,4
DA:40,0
DA:41,0
DA:42,1
DA:43,1
DA:44,1
DA:45,1
DA:46,1
DA:47,1
DA:48,1
DA:49,1
DA:51,4
DA:53,1
DA:55,1
DA:58,1
DA:61,1
DA:63,1
DA:66,1
DA:69,2
DA:72,2
DA:74,2
DA:78,2
DA:80,0
DA:84,2
DA:86,2
DA:89,2
DA:91,1
DA:95,1
DA:97,1
DA:100,1
LF:46
LH:43
end_of_record
TN:
SF:/home/duong/MediaPlayerApp/src/controllers/PlaybackController.cpp
FN:10,53,_ZN12media_player11controllers18PlaybackControllerC2ESt10shared_ptrINS_6models10QueueModelEES2_INS3_18PlaybackStateModelEES2_INS3_12HistoryModelEE
FN:131,141,_ZN12media_player11controllers18PlaybackController5pauseEv
FN:143,187,_ZN12media_player11controllers18PlaybackController15togglePlayPauseEv
FN:189,209,_ZN12media_player11controllers18PlaybackController4stopEv
FN:211,222,_ZN12media_player11controllers18PlaybackController8playNextEv
FN:227,292,_ZN12media_player11controllers18PlaybackController12playPreviousEv
FN:26,29,_ZZN12media_player11controllers18PlaybackControllerC4ESt10shared_ptrINS_6models10QueueModelEES2_INS3_18PlaybackStateModelEES2_INS3_12HistoryModelEEENKUlNS_8services13PlaybackStateEE_clESB_
FN:294,306,_ZN12media_player11controllers18PlaybackController10playItemAtEm
FN:308,333,_ZN12media_player11controllers18PlaybackController21playMediaWithoutQueueERKNS_6models14MediaFileModelE
FN:33,36,_ZZN12media_player11controllers18PlaybackControllerC4ESt10shared_ptrINS_6models10QueueModelEES2_INS3_18PlaybackStateModelEES2_INS3_12HistoryModelEEENKUliiE_clEii
FN:335,345,_ZN12media_player11controllers18PlaybackController4seekEi
FN:347,357,_ZN12media_player11controllers18PlaybackController9setVolumeEi
FN:359,363,_ZNK12media_player11controllers18PlaybackController9getVolumeEv
FN:365,369,_ZNK12media_player11controllers18PlaybackController9isPlayingEv
FN:371,375,_ZNK12media_player11controllers18PlaybackController8isPausedEv
FN:377,381,_ZNK12media_player11controllers18PlaybackController9isStoppedEv
FN:383,387,_ZNK12media_player11controllers18PlaybackController18getCurrentFilePathB5cxx11Ev
FN:389,393,_ZNK12media_player11controllers18PlaybackController19getCurrentMediaTypeEv
FN:395,429,_ZN12media_player11controllers18PlaybackController19selectAndLoadEngineERKNS_6models14MediaFileModelE
FN:40,43,_ZZN12media_player11controllers18PlaybackControllerC4ESt10shared_ptrINS_6models10QueueModelEES2_INS3_18PlaybackStateModelEES2_INS3_12HistoryModelEEENKUlRKNSt7__cxx1112basic_stringIcSt11char_traitsIcESaIcEEEE_clESH_
FN:431,440,_ZN12media_player11controllers18PlaybackController20cleanupCurrentEngineEv
FN:442,462,_ZN12media_player11controllers18PlaybackController14onStateChangedENS_8services13PlaybackStateE
FN:464,469,_ZN12media_player11controllers18PlaybackController17onPositionChangedEii
FN:47,50,_ZZN12media_player11controllers18PlaybackControllerC4ESt10shared_ptrINS_6models10QueueModelEES2_INS3_18PlaybackStateModelEES2_INS3_12HistoryModelEEENKUlvE_clEv
FN:471,490,_ZN12media_player11controllers18PlaybackController7onErrorERKNSt7__cxx1112basic_stringIcSt11char_traitsIcESaIcEEE
FN:492,561,_ZN12media_player11controllers18PlaybackController10onFinishedEv
FN:55,58,_ZN12media_player11controllers18PlaybackControllerD2Ev
FN:563,572,_ZN12media_player11controllers18PlaybackController14setAudioEngineESt10unique_ptrINS_8services15IPlaybackEngineESt14default_deleteIS4_EE
FN:567,567,_ZZN12media_player11controllers18PlaybackController14setAudioEngineESt10unique_ptrINS_8services15IPlaybackEngineESt14default_deleteIS4_EEENKUlNS3_13PlaybackStateEE_clES8_
FN:568,568,_ZZN12media_player11controllers18PlaybackController14setAudioEngineESt10unique_ptrINS_8services15IPlaybackEngineESt14default_deleteIS4_EEENKUliiE_clEii
FN:569,569,_ZZN12media_player11controllers18PlaybackController14setAudioEngineESt10unique_ptrINS_8services15IPlaybackEngineESt14default_deleteIS4_EEENKUlRKNSt7__cxx1112basic_stringIcSt11char_traitsIcESaIcEEEE_clESF_
FN:570,570,_ZZN12media_player11controllers18PlaybackController14setAudioEngineESt10unique_ptrINS_8services15IPlaybackEngineESt14default_deleteIS4_EEENKUlvE_clEv
FN:60,129,_ZN12media_player11controllers18PlaybackController4playEv
FNDA:66,_ZN12media_player11controllers18PlaybackControllerC2ESt10shared_ptrINS_6models10QueueModelEES2_INS3_18PlaybackStateModelEES2_INS3_12HistoryModelEE
FNDA:6,_ZN12media_player11controllers18PlaybackController5pauseEv
FNDA:9,_ZN12media_player11controllers18PlaybackController15togglePlayPauseEv
FNDA:79,_ZN12media_player11controllers18PlaybackController4stopEv
FNDA:8,_ZN12media_player11controllers18PlaybackController8playNextEv
FNDA:7,_ZN12media_player11controllers18PlaybackController12playPreviousEv
FNDA:0,_ZZN12media_player11controllers18PlaybackControllerC4ESt10shared_ptrINS_6models10QueueModelEES2_INS3_18PlaybackStateModelEES2_INS3_12HistoryModelEEENKUlNS_8services13PlaybackStateEE_clESB_
FNDA:6,_ZN12media_player11controllers18PlaybackController10playItemAtEm
FNDA:9,_ZN12media_player11controllers18PlaybackController21playMediaWithoutQueueERKNS_6models14MediaFileModelE
FNDA:0,_ZZN12media_player11controllers18PlaybackControllerC4ESt10shared_ptrINS_6models10QueueModelEES2_INS3_18PlaybackStateModelEES2_INS3_12HistoryModelEEENKUliiE_clEii
FNDA:3,_ZN12media_player11controllers18PlaybackController4seekEi
FNDA:3,_ZN12media_player11controllers18PlaybackController9setVolumeEi
FNDA:1,_ZNK12media_player11controllers18PlaybackController9getVolumeEv
FNDA:30,_ZNK12media_player11controllers18PlaybackController9isPlayingEv
FNDA:9,_ZNK12media_player11controllers18PlaybackController8isPausedEv
FNDA:7,_ZNK12media_player11controllers18PlaybackController9isStoppedEv
FNDA:12,_ZNK12media_player11controllers18PlaybackController18getCurrentFilePathB5cxx11Ev
FNDA:2,_ZNK12media_player11controllers18PlaybackController19getCurrentMediaTypeEv
FNDA:48,_ZN12media_player11controllers18PlaybackController19selectAndLoadEngineERKNS_6models14MediaFileModelE
FNDA:0,_ZZN12media_player11controllers18PlaybackControllerC4ESt10shared_ptrINS_6models10QueueModelEES2_INS3_18PlaybackStateModelEES2_INS3_12HistoryModelEEENKUlRKNSt7__cxx1112basic_stringIcSt11char_traitsIcESaIcEEEE_clESH_
FNDA:81,_ZN12media_player11controllers18PlaybackController20cleanupCurrentEngineEv
FNDA:133,_ZN12media_player11controllers18PlaybackController14onStateChangedENS_8services13PlaybackStateE
FNDA:2,_ZN12media_player11controllers18PlaybackController17onPositionChangedEii
FNDA:0,_ZZN12media_player11controllers18PlaybackControllerC4ESt10shared_ptrINS_6models10QueueModelEES2_INS3_18PlaybackStateModelEES2_INS3_12HistoryModelEEENKUlvE_clEv
FNDA:1,_ZN12media_player11controllers18PlaybackController7onErrorERKNSt7__cxx1112basic_stringIcSt11char_traitsIcESaIcEEE
FNDA:9,_ZN12media_player11controllers18PlaybackController10onFinishedEv
FNDA:66,_ZN12media_player11controllers18PlaybackControllerD2Ev
FNDA:41,_ZN12media_player11controllers18PlaybackController14setAudioEngineESt10unique_ptrINS_8services15IPlaybackEngineESt14default_deleteIS4_EE
FNDA:133,_ZZN12media_player11controllers18PlaybackController14setAudioEngineESt10unique_ptrINS_8services15IPlaybackEngineESt14default_deleteIS4_EEENKUlNS3_13PlaybackStateEE_clES8_
FNDA:2,_ZZN12media_player11controllers18PlaybackController14setAudioEngineESt10unique_ptrINS_8services15IPlaybackEngineESt14default_deleteIS4_EEENKUliiE_clEii
FNDA:1,_ZZN12media_player11controllers18PlaybackController14setAudioEngineESt10unique_ptrINS_8services15IPlaybackEngineESt14default_deleteIS4_EEENKUlRKNSt7__cxx1112basic_stringIcSt11char_traitsIcESaIcEEEE_clESF_
FNDA:9,_ZZN12media_player11controllers18PlaybackController14setAudioEngineESt10unique_ptrINS_8services15IPlaybackEngineESt14default_deleteIS4_EEENKUlvE_clEv
FNDA:41,_ZN12media_player11controllers18PlaybackController4playEv
FNF:33
FNH:29
BRDA:22,0,0,66
BRDA:22,e0,1,0
BRDA:25,0,0,66
BRDA:25,e0,1,0
BRDA:32,0,0,66
BRDA:32,e0,1,0
BRDA:39,0,0,66
BRDA:39,e0,1,0
BRDA:46,0,0,66
BRDA:46,e0,1,0
BRDA:62,0,0,41
BRDA:62,e0,1,0
BRDA:66,0,0,41
BRDA:66,e0,1,0
BRDA:68,0,0,2
BRDA:68,0,1,39
BRDA:74,0,0,41
BRDA:74,0,1,4
BRDA:74,0,2,41
BRDA:74,e0,3,0
BRDA:74,0,4,41
BRDA:74,e0,5,0
BRDA:74,0,6,41
BRDA:74,e0,7,0
BRDA:74,0,8,6
BRDA:74,0,9,35
BRDA:74,0,10,41
BRDA:74,0,11,4
BRDA:74,0,12,41
BRDA:74,0,13,4
BRDA:74,0,14,6
BRDA:74,0,15,39
BRDA:74,0,16,0
BRDA:74,0,17,0
BRDA:74,0,18,0
BRDA:74,0,19,0
BRDA:76,0,0,6
BRDA:76,e0,1,0
BRDA:76,0,2,6
BRDA:76,e0,3,0
BRDA:77,0,0,6
BRDA:77,e0,1,0
BRDA:78,0,0,6
BRDA:78,e0,1,0
BRDA:80,0,0,4
BRDA:80,0,1,35
BRDA:82,0,0,4
BRDA:82,e0,1,0
BRDA:88,0,0,35
BRDA:88,e0,1,0
BRDA:88,0,2,35
BRDA:88,0,3,0
BRDA:88,0,4,35
BRDA:88,e0,5,0
BRDA:88,0,6,0
BRDA:88,e0,7,0
BRDA:88,0,8,35
BRDA:88,e0,9,0
BRDA:89,0,0,35
BRDA:89,e0,1,0
BRDA:89,0,2,35
BRDA:89,0,3,0
BRDA:89,0,4,35
BRDA:89,e0,5,0
BRDA:89,0,6,0
BRDA:89,e0,7,0
BRDA:89,0,8,35
BRDA:89,e0,9,0
BRDA:89,0,10,35
BRDA:89,0,11,0
BRDA:89,0,12,0
BRDA:89,0,13,0
BRDA:90,0,0,35
BRDA:90,e0,1,0
BRDA:93,0,0,35
BRDA:93,e0,1,0
BRDA:93,0,2,35
BRDA:93,e0,3,0
BRDA:93,0,4,35
BRDA:93,0,5,0
BRDA:95,0,0,35
BRDA:95,e0,1,0
BRDA:95,0,2,1
BRDA:95,0,3,34
BRDA:97,0,0,1
BRDA:97,e0,1,0
BRDA:97,0,2,1
BRDA:97,e0,3,0
BRDA:98,0,0,1
BRDA:98,e0,1,0
BRDA:99,0,0,1
BRDA:99,e0,1,0
BRDA:102,0,0,34
BRDA:102,e0,1,0
BRDA:102,0,2,34
BRDA:102,e0,3,0
BRDA:106,0,0,0
BRDA:106,0,1,34
BRDA:111,0,0,34
BRDA:111,e0,1,0
BRDA:113,0,0,34
BRDA:113,0,1,0
BRDA:116,0,0,1
BRDA:116,0,1,33
BRDA:120,0,0,33
BRDA:120,0,1,0
BRDA:122,0,0,33
BRDA:122,e0,1,0
BRDA:122,0,2,33
BRDA:122,e0,3,0
BRDA:123,0,0,33
BRDA:123,e0,1,0
BRDA:133,0,0,6
BRDA:133,e0,1,0
BRDA:135,0,0,0
BRDA:135,0,1,6
BRDA:140,0,0,6
BRDA:140,e0,1,0
BRDA:145,0,0,9
BRDA:145,e0,1,0
BRDA:147,0,0,9
BRDA:147,e0,1,0
BRDA:147,0,2,2
BRDA:147,0,3,7
BRDA:149,0,0,2
BRDA:149,e0,1,0
BRDA:151,0,0,7
BRDA:151,e0,1,0
BRDA:151,0,2,2
BRDA:151,0,3,5
BRDA:151,0,4,2
BRDA:151,0,5,0
BRDA:151,0,6,2
BRDA:151,0,7,5
BRDA:154,0,0,2
BRDA:154,e0,1,0
BRDA:159,0,0,2
BRDA:159,0,1,3
BRDA:159,0,2,2
BRDA:159,0,3,0
BRDA:159,0,4,2
BRDA:159,0,5,3
BRDA:162,0,0,2
BRDA:162,e0,1,0
BRDA:162,0,2,1
BRDA:162,0,3,1
BRDA:165,0,0,1
BRDA:165,e0,1,0
BRDA:170,0,0,1
BRDA:170,e0,1,0
BRDA:170,0,2,1
BRDA:170,0,3,0
BRDA:172,0,0,1
BRDA:172,e0,1,0
BRDA:172,0,2,1
BRDA:172,e0,3,0
BRDA:173,0,0,1
BRDA:173,e0,1,0
BRDA:173,0,2,1
BRDA:173,0,3,0
BRDA:173,0,4,1
BRDA:173,e0,5,0
BRDA:173,0,6,0
BRDA:173,e0,7,0
BRDA:173,0,8,1
BRDA:173,e0,9,0
BRDA:174,0,0,1
BRDA:174,e0,1,0
BRDA:174,0,2,1
BRDA:174,0,3,0
BRDA:174,0,4,1
BRDA:174,e0,5,0
BRDA:174,0,6,0
BRDA:174,e0,7,0
BRDA:174,0,8,1
BRDA:174,e0,9,0
BRDA:174,0,10,1
BRDA:174,0,11,0
BRDA:174,0,12,0
BRDA:174,0,13,0
BRDA:175,0,0,1
BRDA:175,e0,1,0
BRDA:176,0,0,1
BRDA:176,e0,1,0
BRDA:183,0,0,3
BRDA:183,e0,1,0
BRDA:191,0,0,79
BRDA:191,e0,1,0
BRDA:193,0,0,33
BRDA:193,0,1,46
BRDA:198,0,0,46
BRDA:198,e0,1,0
BRDA:200,0,0,38
BRDA:200,0,1,8
BRDA:202,0,0,38
BRDA:202,e0,1,0
BRDA:202,0,2,38
BRDA:202,e0,3,0
BRDA:203,0,0,38
BRDA:203,e0,1,0
BRDA:204,0,0,38
BRDA:204,e0,1,0
BRDA:213,0,0,8
BRDA:213,e0,1,0
BRDA:214,0,0,8
BRDA:214,e0,1,0
BRDA:215,0,0,6
BRDA:215,0,1,2
BRDA:217,0,0,6
BRDA:217,e0,1,0
BRDA:218,0,0,6
BRDA:218,e0,1,0
BRDA:220,0,0,2
BRDA:220,e0,1,0
BRDA:229,0,0,7
BRDA:229,e0,1,0
BRDA:231,0,0,7
BRDA:231,e0,1,0
BRDA:232,0,0,7
BRDA:232,e0,1,0
BRDA:233,0,0,7
BRDA:233,0,1,0
BRDA:233,0,2,7
BRDA:233,e0,3,0
BRDA:233,0,4,7
BRDA:233,0,5,0
BRDA:233,0,6,7
BRDA:233,0,7,0
BRDA:233,0,8,0
BRDA:233,0,9,0
BRDA:235,0,0,7
BRDA:235,0,1,0
BRDA:235,0,2,7
BRDA:235,e0,3,0
BRDA:235,0,4,0
BRDA:235,0,5,7
BRDA:235,0,6,0
BRDA:235,e0,7,0
BRDA:235,0,8,0
BRDA:235,0,9,0
BRDA:235,0,10,3
BRDA:235,0,11,4
BRDA:236,0,0,3
BRDA:236,0,1,4
BRDA:239,0,0,3
BRDA:239,0,1,0
BRDA:239,0,2,3
BRDA:239,0,3,0
BRDA:239,0,4,3
BRDA:239,0,5,0
BRDA:240,0,0,3
BRDA:240,e0,1,0
BRDA:240,0,2,3
BRDA:240,e0,3,0
BRDA:241,0,0,3
BRDA:241,0,1,0
BRDA:241,0,2,3
BRDA:241,e0,3,0
BRDA:241,0,4,3
BRDA:241,0,5,0
BRDA:245,0,0,4
BRDA:245,e0,1,0
BRDA:246,0,0,4
BRDA:246,0,1,0
BRDA:251,0,0,4
BRDA:251,0,1,0
BRDA:251,0,2,4
BRDA:251,e0,3,0
BRDA:251,0,4,4
BRDA:251,0,5,0
BRDA:251,0,6,4
BRDA:251,0,7,0
BRDA:254,0,0,4
BRDA:254,e0,1,0
BRDA:257,0,0,4
BRDA:257,e0,1,0
BRDA:259,0,0,3
BRDA:259,0,1,1
BRDA:259,0,2,3
BRDA:259,e0,3,0
BRDA:259,0,4,3
BRDA:259,e0,5,0
BRDA:259,0,6,3
BRDA:259,e0,7,0
BRDA:259,0,8,3
BRDA:259,0,9,0
BRDA:259,0,10,3
BRDA:259,0,11,1
BRDA:259,0,12,3
BRDA:259,0,13,1
BRDA:259,0,14,3
BRDA:259,0,15,1
BRDA:259,0,16,0
BRDA:259,0,17,0
BRDA:259,0,18,0
BRDA:259,0,19,0
BRDA:262,0,0,3
BRDA:262,e0,1,0
BRDA:262,0,2,3
BRDA:262,e0,3,0
BRDA:265,0,0,3
BRDA:265,e0,1,0
BRDA:266,0,0,3
BRDA:266,e0,1,0
BRDA:266,0,2,0
BRDA:266,0,3,3
BRDA:268,0,0,3
BRDA:268,e0,1,0
BRDA:268,0,2,3
BRDA:268,e0,3,0
BRDA:269,0,0,3
BRDA:269,e0,1,0
BRDA:269,0,2,3
BRDA:269,0,3,0
BRDA:269,0,4,3
BRDA:269,e0,5,0
BRDA:269,0,6,0
BRDA:269,e0,7,0
BRDA:269,0,8,3
BRDA:269,e0,9,0
BRDA:270,0,0,3
BRDA:270,e0,1,0
BRDA:270,0,2,3
BRDA:270,0,3,0
BRDA:270,0,4,3
BRDA:270,e0,5,0
BRDA:270,0,6,0
BRDA:270,e0,7,0
BRDA:270,0,8,3
BRDA:270,e0,9,0
BRDA:270,0,10,3
BRDA:270,0,11,0
BRDA:270,0,12,0
BRDA:270,0,13,0
BRDA:271,0,0,3
BRDA:271,e0,1,0
BRDA:273,0,0,3
BRDA:273,0,1,0
BRDA:273,0,2,3
BRDA:273,e0,3,0
BRDA:273,0,4,3
BRDA:273,0,5,0
BRDA:275,0,0,1
BRDA:275,0,1,3
BRDA:278,0,0,1
BRDA:278,e0,1,0
BRDA:278,0,2,0
BRDA:278,0,3,1
BRDA:283,0,0,1
BRDA:283,e0,1,0
BRDA:284,0,0,1
BRDA:284,e0,1,0
BRDA:285,0,0,1
BRDA:285,e0,1,0
BRDA:286,0,0,1
BRDA:286,0,1,0
BRDA:286,0,2,1
BRDA:286,0,3,0
BRDA:286,0,4,1
BRDA:286,0,5,0
BRDA:288,0,0,1
BRDA:288,e0,1,0
BRDA:288,0,2,1
BRDA:288,e0,3,0
BRDA:291,0,0,1
BRDA:291,e0,1,0
BRDA:296,0,0,6
BRDA:296,e0,1,0
BRDA:298,0,0,6
BRDA:298,e0,1,0
BRDA:298,0,2,1
BRDA:298,0,3,5
BRDA:303,0,0,5
BRDA:303,e0,1,0
BRDA:304,0,0,5
BRDA:304,e0,1,0
BRDA:304,0,2,5
BRDA:304,e0,3,0
BRDA:304,0,4,5
BRDA:304,e0,5,0
BRDA:304,0,6,5
BRDA:304,e0,7,0
BRDA:305,0,0,5
BRDA:305,e0,1,0
BRDA:310,0,0,9
BRDA:310,e0,1,0
BRDA:312,0,0,9
BRDA:312,e0,1,0
BRDA:312,0,2,9
BRDA:312,e0,3,0
BRDA:312,0,4,9
BRDA:312,e0,5,0
BRDA:312,0,6,1
BRDA:312,0,7,8
BRDA:315,0,0,8
BRDA:315,e0,1,0
BRDA:316,0,0,8
BRDA:316,e0,1,0
BRDA:317,0,0,8
BRDA:317,e0,1,0
BRDA:317,0,2,0
BRDA:317,0,3,8
BRDA:320,0,0,8
BRDA:320,e0,1,0
BRDA:320,0,2,8
BRDA:320,e0,3,0
BRDA:321,0,0,8
BRDA:321,e0,1,0
BRDA:321,0,2,8
BRDA:321,0,3,0
BRDA:321,0,4,8
BRDA:321,e0,5,0
BRDA:321,0,6,0
BRDA:321,e0,7,0
BRDA:321,0,8,8
BRDA:321,e0,9,0
BRDA:322,0,0,8
BRDA:322,e0,1,0
BRDA:322,0,2,8
BRDA:322,0,3,0
BRDA:322,0,4,8
BRDA:322,e0,5,0
BRDA:322,0,6,0
BRDA:322,e0,7,0
BRDA:322,0,8,8
BRDA:322,e0,9,0
BRDA:322,0,10,8
BRDA:322,0,11,0
BRDA:322,0,12,0
BRDA:322,0,13,0
BRDA:323,0,0,8
BRDA:323,e0,1,0
BRDA:326,0,0,8
BRDA:326,0,1,0
BRDA:326,0,2,8
BRDA:326,e0,3,0
BRDA:326,0,4,8
BRDA:326,0,5,0
BRDA:327,0,0,8
BRDA:327,0,1,0
BRDA:327,0,2,8
BRDA:327,0,3,0
BRDA:327,0,4,8
BRDA:327,0,5,0
BRDA:329,0,0,8
BRDA:329,e0,1,0
BRDA:329,0,2,8
BRDA:329,e0,3,0
BRDA:330,0,0,8
BRDA:330,e0,1,0
BRDA:337,0,0,3
BRDA:337,e0,1,0
BRDA:339,0,0,0
BRDA:339,0,1,3
BRDA:344,0,0,3
BRDA:344,e0,1,0
BRDA:349,0,0,3
BRDA:349,e0,1,0
BRDA:351,0,0,3
BRDA:351,0,1,0
BRDA:353,0,0,3
BRDA:353,e0,1,0
BRDA:356,0,0,3
BRDA:356,e0,1,0
BRDA:361,0,0,1
BRDA:361,e0,1,0
BRDA:362,0,0,1
BRDA:362,e0,1,0
BRDA:367,0,0,30
BRDA:367,e0,1,0
BRDA:368,0,0,30
BRDA:368,e0,1,0
BRDA:373,0,0,9
BRDA:373,e0,1,0
BRDA:374,0,0,9
BRDA:374,e0,1,0
BRDA:379,0,0,7
BRDA:379,e0,1,0
BRDA:380,0,0,7
BRDA:380,e0,1,0
BRDA:385,0,0,12
BRDA:385,e0,1,0
BRDA:386,0,0,12
BRDA:386,e0,1,0
BRDA:391,0,0,2
BRDA:391,e0,1,0
BRDA:392,0,0,2
BRDA:392,e0,1,0
BRDA:401,0,0,1
BRDA:401,0,1,47
BRDA:406,0,0,0
BRDA:406,0,1,47
BRDA:418,0,0,47
BRDA:418,e0,1,0
BRDA:418,0,2,47
BRDA:418,e0,3,0
BRDA:418,0,4,0
BRDA:418,0,5,47
BRDA:433,0,0,48
BRDA:433,0,1,33
BRDA:444,0,0,133
BRDA:444,e0,1,0
BRDA:447,0,0,47
BRDA:447,0,1,5
BRDA:447,0,2,81
BRDA:447,0,3,0
BRDA:460,0,0,133
BRDA:460,e0,1,0
BRDA:466,0,0,2
BRDA:466,e0,1,0
BRDA:467,0,0,2
BRDA:467,e0,1,0
BRDA:468,0,0,2
BRDA:468,e0,1,0
BRDA:473,0,0,1
BRDA:473,e0,1,0
BRDA:481,0,0,1
BRDA:481,e0,1,0
BRDA:482,0,0,1
BRDA:482,0,1,0
BRDA:482,0,2,1
BRDA:482,0,3,0
BRDA:482,0,4,1
BRDA:482,0,5,0
BRDA:482,0,6,1
BRDA:482,0,7,0
BRDA:483,0,0,1
BRDA:483,e0,1,0
BRDA:484,0,0,1
BRDA:484,e0,1,0
BRDA:486,0,0,1
BRDA:486,0,1,0
BRDA:486,0,2,1
BRDA:486,0,3,0
BRDA:486,0,4,1
BRDA:486,0,5,0
BRDA:487,0,0,1
BRDA:487,e0,1,0
BRDA:489,0,0,-
BRDA:489,e0,1,-
BRDA:494,0,0,9
BRDA:494,e0,1,0
BRDA:496,0,0,3
BRDA:496,0,1,6
BRDA:500,0,0,2
BRDA:500,0,1,1
BRDA:500,0,2,2
BRDA:500,0,3,0
BRDA:502,0,0,2
BRDA:502,e0,1,0
BRDA:503,0,0,1
BRDA:503,0,1,1
BRDA:506,0,0,1
BRDA:506,e0,1,0
BRDA:510,0,0,1
BRDA:510,0,1,0
BRDA:510,0,2,1
BRDA:510,e0,3,0
BRDA:510,0,4,1
BRDA:510,e0,5,0
BRDA:510,0,6,1
BRDA:510,e0,7,0
BRDA:510,0,8,1
BRDA:510,0,9,0
BRDA:510,0,10,1
BRDA:510,0,11,0
BRDA:510,0,12,1
BRDA:510,0,13,0
BRDA:510,0,14,1
BRDA:510,0,15,0
BRDA:510,0,16,0
BRDA:510,0,17,0
BRDA:510,0,18,0
BRDA:510,0,19,0
BRDA:513,0,0,1
BRDA:513,e0,1,0
BRDA:514,0,0,1
BRDA:514,e0,1,0
BRDA:514,0,2,1
BRDA:514,0,3,0
BRDA:516,0,0,1
BRDA:516,e0,1,0
BRDA:516,0,2,1
BRDA:516,e0,3,0
BRDA:517,0,0,1
BRDA:517,e0,1,0
BRDA:517,0,2,1
BRDA:517,0,3,0
BRDA:517,0,4,1
BRDA:517,e0,5,0
BRDA:517,0,6,0
BRDA:517,e0,7,0
BRDA:517,0,8,1
BRDA:517,e0,9,0
BRDA:518,0,0,1
BRDA:518,e0,1,0
BRDA:518,0,2,1
BRDA:518,0,3,0
BRDA:518,0,4,1
BRDA:518,e0,5,0
BRDA:518,0,6,0
BRDA:518,e0,7,0
BRDA:518,0,8,1
BRDA:518,e0,9,0
BRDA:518,0,10,1
BRDA:518,0,11,0
BRDA:518,0,12,0
BRDA:518,0,13,0
BRDA:519,0,0,1
BRDA:519,e0,1,0
BRDA:521,0,0,1
BRDA:521,0,1,0
BRDA:521,0,2,1
BRDA:521,e0,3,0
BRDA:521,0,4,1
BRDA:521,0,5,0
BRDA:521,0,6,1
BRDA:521,0,7,0
BRDA:526,0,0,1
BRDA:526,e0,1,0
BRDA:527,0,0,1
BRDA:527,e0,1,0
BRDA:529,0,0,1
BRDA:529,0,1,5
BRDA:532,0,0,1
BRDA:532,e0,1,0
BRDA:533,0,0,1
BRDA:533,e0,1,0
BRDA:538,0,0,1
BRDA:538,0,1,4
BRDA:540,0,0,1
BRDA:540,0,1,0
BRDA:542,0,0,1
BRDA:542,e0,1,0
BRDA:543,0,0,1
BRDA:543,0,1,0
BRDA:545,0,0,1
BRDA:545,e0,1,0
BRDA:550,0,0,-
BRDA:550,e0,1,-
BRDA:551,0,0,-
BRDA:551,0,1,-
BRDA:551,0,2,-
BRDA:551,e0,3,-
BRDA:551,0,4,-
BRDA:551,e0,5,-
BRDA:551,0,6,-
BRDA:551,e0,7,-
BRDA:551,0,8,-
BRDA:551,0,9,-
BRDA:551,0,10,-
BRDA:551,0,11,-
BRDA:551,0,12,-
BRDA:551,0,13,-
BRDA:551,0,14,-
BRDA:551,0,15,-
BRDA:551,0,16,-
BRDA:551,0,17,-
BRDA:551,0,18,-
BRDA:551,0,19,-
BRDA:553,0,0,-
BRDA:553,e0,1,-
BRDA:554,0,0,-
BRDA:554,e0,1,-
BRDA:554,0,2,-
BRDA:554,e0,3,-
BRDA:555,0,0,-
BRDA:555,e0,1,-
BRDA:555,0,2,-
BRDA:555,0,3,-
BRDA:558,0,0,-
BRDA:558,0,1,-
BRDA:559,0,0,4
BRDA:559,e0,1,0
BRDA:561,0,0,6
BRDA:561,0,1,3
BRDA:565,0,0,41
BRDA:565,e0,1,0
BRDA:567,0,0,41
BRDA:567,e0,1,0
BRDA:568,0,0,41
BRDA:568,e0,1,0
BRDA:569,0,0,41
BRDA:569,e0,1,0
BRDA:570,0,0,41
BRDA:570,e0,1,0
BRF:686
BRH:337
DA:10,66
DA:14,66
DA:15,66
DA:16,66
DA:17,66
DA:18,66
DA:19,66
DA:22,66
DA:25,132
DA:26,0
DA:28,0
DA:29,0
DA:32,132
DA:33,0
DA:35,0
DA:36,0
DA:39,132
DA:40,0
DA:42,0
DA:43,0
DA:46,132
DA:47,0
DA:49,0
DA:50,0
DA:53,66
DA:55,66
DA:57,66
DA:58,66
DA:60,41
DA:62,41
DA:64,41
DA:65,41
DA:66,41
DA:68,41
DA:70,2
DA:74,45
DA:76,6
DA:77,6
DA:78,6
DA:80,39
DA:82,4
DA:83,4
DA:87,35
DA:88,35
DA:89,105
DA:90,35
DA:93,35
DA:95,35
DA:97,1
DA:98,1
DA:99,1
DA:102,34
DA:106,34
DA:108,0
DA:111,34
DA:113,34
DA:116,34
DA:118,1
DA:120,33
DA:122,33
DA:123,33
DA:128,34
DA:129,41
DA:131,6
DA:133,6
DA:135,6
DA:137,0
DA:140,6
DA:141,6
DA:143,9
DA:145,9
DA:147,9
DA:149,2
DA:151,7
DA:154,2
DA:159,5
DA:162,2
DA:165,1
DA:170,1
DA:172,1
DA:173,1
DA:174,3
DA:175,1
DA:176,1
DA:183,3
DA:186,0
DA:187,9
DA:189,79
DA:191,79
DA:193,79
DA:195,33
DA:198,46
DA:200,46
DA:202,76
DA:203,38
DA:204,38
DA:205,38
DA:208,46
DA:209,79
DA:211,8
DA:213,8
DA:214,8
DA:215,8
DA:217,6
DA:218,6
DA:220,2
DA:221,2
DA:222,8
DA:227,7
DA:229,7
DA:231,7
DA:232,7
DA:233,7
DA:235,7
DA:236,7
DA:239,3
DA:240,3
DA:241,3
DA:245,4
DA:246,4
DA:250,4
DA:251,4
DA:254,4
DA:257,4
DA:259,4
DA:262,3
DA:265,3
DA:266,3
DA:267,0
DA:268,3
DA:269,3
DA:270,9
DA:271,3
DA:272,3
DA:273,3
DA:275,4
DA:278,1
DA:280,0
DA:283,1
DA:284,1
DA:285,1
DA:286,1
DA:288,1
DA:289,1
DA:291,1
DA:292,7
DA:294,6
DA:296,6
DA:298,6
DA:300,1
DA:303,5
DA:304,5
DA:305,5
DA:306,6
DA:308,9
DA:310,9
DA:312,9
DA:313,1
DA:315,8
DA:316,8
DA:317,8
DA:318,0
DA:320,8
DA:321,8
DA:322,24
DA:323,8
DA:324,8
DA:326,8
DA:327,8
DA:329,8
DA:330,8
DA:332,8
DA:333,9
DA:335,3
DA:337,3
DA:339,3
DA:341,0
DA:344,3
DA:345,3
DA:347,3
DA:349,3
DA:351,3
DA:353,3
DA:356,3
DA:357,3
DA:359,1
DA:361,1
DA:362,2
DA:363,1
DA:365,30
DA:367,30
DA:368,60
DA:369,30
DA:371,9
DA:373,9
DA:374,18
DA:375,9
DA:377,7
DA:379,7
DA:380,14
DA:381,7
DA:383,12
DA:385,12
DA:386,24
DA:387,12
DA:389,2
DA:391,2
DA:392,4
DA:393,2
DA:395,48
DA:397,48
DA:401,48
DA:403,1
DA:406,47
DA:408,0
DA:412,47
DA:413,47
DA:416,47
DA:418,47
DA:420,0
DA:421,0
DA:422,0
DA:426,47
DA:428,47
DA:431,81
DA:433,81
DA:435,48
DA:438,81
DA:439,81
DA:440,81
DA:442,133
DA:444,133
DA:447,133
DA:449,47
DA:450,47
DA:451,47
DA:452,5
DA:453,5
DA:454,5
DA:455,81
DA:456,81
DA:457,81
DA:460,133
DA:462,133
DA:464,2
DA:466,2
DA:467,2
DA:468,2
DA:469,2
DA:471,1
DA:473,1
DA:476,1
DA:477,1
DA:478,1
DA:479,1
DA:481,1
DA:482,1
DA:483,1
DA:484,1
DA:486,1
DA:487,1
DA:489,0
DA:490,1
DA:492,9
DA:494,9
DA:495,9
DA:496,9
DA:498,3
DA:500,3
DA:502,2
DA:503,2
DA:505,1
DA:506,1
DA:507,1
DA:510,1
DA:512,1
DA:513,1
DA:514,1
DA:516,1
DA:517,1
DA:518,3
DA:519,1
DA:520,1
DA:521,1
DA:522,1
DA:526,1
DA:527,1
DA:529,6
DA:531,1
DA:532,1
DA:533,1
DA:538,5
DA:540,1
DA:542,1
DA:543,1
DA:545,1
DA:546,1
DA:550,0
DA:551,0
DA:553,0
DA:554,0
DA:555,0
DA:556,0
DA:558,0
DA:559,4
DA:561,9
DA:563,41
DA:565,41
DA:566,41
DA:567,174
DA:568,43
DA:569,42
DA:570,50
DA:571,41
DA:572,41
LF:315
LH:284
end_of_record
TN:
SF:/home/duong/MediaPlayerApp/src/controllers/PlaylistController.cpp
FN:114,135,_ZN12media_player11controllers18PlaylistController23removeMediaFromPlaylistERKNSt7__cxx1112basic_stringIcSt11char_traitsIcESaIcEEEm
FN:137,158,_ZN12media_player11controllers18PlaylistController18moveItemInPlaylistERKNSt7__cxx1112basic_stringIcSt11char_traitsIcESaIcEEEmm
FN:14,16,_ZN12media_player11controllers18PlaylistControllerD2Ev
FN:160,163,_ZNK12media_player11controllers18PlaylistController16getPlaylistCountEv
FN:18,38,_ZN12media_player11controllers18PlaylistController14createPlaylistERKNSt7__cxx1112basic_stringIcSt11char_traitsIcESaIcEEE
FN:40,47,_ZN12media_player11controllers18PlaylistController14deletePlaylistERKNSt7__cxx1112basic_stringIcSt11char_traitsIcESaIcEEE
FN:49,66,_ZN12media_player11controllers18PlaylistController14renamePlaylistERKNSt7__cxx1112basic_stringIcSt11char_traitsIcESaIcEEES9_
FN:68,71,_ZNK12media_player11controllers18PlaylistController15getAllPlaylistsEv
FN:73,76,_ZNK12media_player11controllers18PlaylistController15getPlaylistByIdERKNSt7__cxx1112basic_stringIcSt11char_traitsIcESaIcEEE
FN:78,81,_ZNK12media_player11controllers18PlaylistController17getPlaylistByNameERKNSt7__cxx1112basic_stringIcSt11char_traitsIcESaIcEEE
FN:83,93,_ZNK12media_player11controllers18PlaylistController16getPlaylistItemsERKNSt7__cxx1112basic_stringIcSt11char_traitsIcESaIcEEE
FN:9,12,_ZN12media_player11controllers18PlaylistControllerC2ESt10shared_ptrINS_12repositories18PlaylistRepositoryEE
FN:95,112,_ZN12media_player11controllers18PlaylistController18addMediaToPlaylistERKNSt7__cxx1112basic_stringIcSt11char_traitsIcESaIcEEERKNS_6models14MediaFileModelE
FNDA:3,_ZN12media_player11controllers18PlaylistController23removeMediaFromPlaylistERKNSt7__cxx1112basic_stringIcSt11char_traitsIcESaIcEEEm
FNDA:3,_ZN12media_player11controllers18PlaylistController18moveItemInPlaylistERKNSt7__cxx1112basic_stringIcSt11char_traitsIcESaIcEEEmm
FNDA:3,_ZN12media_player11controllers18PlaylistControllerD2Ev
FNDA:1,_ZNK12media_player11controllers18PlaylistController16getPlaylistCountEv
FNDA:5,_ZN12media_player11controllers18PlaylistController14createPlaylistERKNSt7__cxx1112basic_stringIcSt11char_traitsIcESaIcEEE
FNDA:2,_ZN12media_player11controllers18PlaylistController14deletePlaylistERKNSt7__cxx1112basic_stringIcSt11char_traitsIcESaIcEEE
FNDA:2,_ZN12media_player11controllers18PlaylistController14renamePlaylistERKNSt7__cxx1112basic_stringIcSt11char_traitsIcESaIcEEES9_
FNDA:1,_ZNK12media_player11controllers18PlaylistController15getAllPlaylistsEv
FNDA:1,_ZNK12media_player11controllers18PlaylistController15getPlaylistByIdERKNSt7__cxx1112basic_stringIcSt11char_traitsIcESaIcEEE
FNDA:3,_ZNK12media_player11controllers18PlaylistController17getPlaylistByNameERKNSt7__cxx1112basic_stringIcSt11char_traitsIcESaIcEEE
FNDA:2,_ZNK12media_player11controllers18PlaylistController16getPlaylistItemsERKNSt7__cxx1112basic_stringIcSt11char_traitsIcESaIcEEE
FNDA:3,_ZN12media_player11controllers18PlaylistControllerC2ESt10shared_ptrINS_12repositories18PlaylistRepositoryEE
FNDA:3,_ZN12media_player11controllers18PlaylistController18addMediaToPlaylistERKNSt7__cxx1112basic_stringIcSt11char_traitsIcESaIcEEERKNS_6models14MediaFileModelE
FNF:13
FNH:13
BRDA:20,0,0,1
BRDA:20,0,1,4
BRDA:26,0,0,4
BRDA:26,e0,1,0
BRDA:26,0,2,2
BRDA:26,0,3,2
BRDA:31,0,0,2
BRDA:31,e0,1,0
BRDA:33,0,0,2
BRDA:33,e0,1,0
BRDA:33,0,2,2
BRDA:33,0,3,0
BRDA:42,0,0,1
BRDA:42,0,1,1
BRDA:51,0,0,2
BRDA:51,e0,1,0
BRDA:53,0,0,1
BRDA:53,0,1,1
BRDA:58,0,0,1
BRDA:58,e0,1,0
BRDA:59,0,0,1
BRDA:59,e0,1,0
BRDA:61,0,0,1
BRDA:61,e0,1,0
BRDA:61,0,2,1
BRDA:61,0,3,0
BRDA:85,0,0,2
BRDA:85,e0,1,0
BRDA:87,0,0,1
BRDA:87,0,1,1
BRDA:92,0,0,1
BRDA:92,e0,1,0
BRDA:97,0,0,3
BRDA:97,e0,1,0
BRDA:99,0,0,1
BRDA:99,0,1,2
BRDA:104,0,0,2
BRDA:104,e0,1,0
BRDA:105,0,0,2
BRDA:105,e0,1,0
BRDA:107,0,0,2
BRDA:107,e0,1,0
BRDA:107,0,2,2
BRDA:107,0,3,0
BRDA:116,0,0,3
BRDA:116,e0,1,0
BRDA:118,0,0,1
BRDA:118,0,1,2
BRDA:123,0,0,2
BRDA:123,e0,1,0
BRDA:125,0,0,2
BRDA:125,e0,1,0
BRDA:125,0,2,1
BRDA:125,0,3,1
BRDA:130,0,0,1
BRDA:130,e0,1,0
BRDA:130,0,2,1
BRDA:130,0,3,0
BRDA:139,0,0,3
BRDA:139,e0,1,0
BRDA:141,0,0,1
BRDA:141,0,1,2
BRDA:146,0,0,2
BRDA:146,e0,1,0
BRDA:148,0,0,2
BRDA:148,e0,1,0
BRDA:148,0,2,1
BRDA:148,0,3,1
BRDA:153,0,0,1
BRDA:153,e0,1,0
BRDA:153,0,2,1
BRDA:153,0,3,0
BRF:72
BRH:46
DA:9,3
DA:10,3
DA:12,3
DA:14,3
DA:16,3
DA:18,5
DA:20,5
DA:22,1
DA:26,4
DA:28,2
DA:31,2
DA:33,2
DA:35,2
DA:37,0
DA:38,2
DA:40,2
DA:42,2
DA:44,1
DA:46,1
DA:49,2
DA:51,2
DA:53,2
DA:55,1
DA:58,1
DA:59,1
DA:61,1
DA:63,1
DA:65,0
DA:66,2
DA:68,1
DA:70,1
DA:73,1
DA:75,1
DA:78,3
DA:80,3
DA:83,2
DA:85,2
DA:87,2
DA:89,1
DA:92,1
DA:93,2
DA:95,3
DA:97,3
DA:99,3
DA:101,1
DA:104,2
DA:105,2
DA:107,2
DA:109,2
DA:111,0
DA:112,3
DA:114,3
DA:116,3
DA:118,3
DA:120,1
DA:123,2
DA:125,2
DA:127,1
DA:130,1
DA:132,1
DA:134,0
DA:135,3
DA:137,3
DA:139,3
DA:141,3
DA:143,1
DA:146,2
DA:148,2
DA:150,1
DA:153,1
DA:155,1
DA:157,0
DA:158,3
DA:160,1
DA:162,1
LF:75
LH:70
end_of_record
TN:
SF:/home/duong/MediaPlayerApp/src/controllers/QueueController.cpp
FN:101,109,_ZN12media_player11controllers15QueueController10moveToNextEv
FN:111,119,_ZN12media_player11controllers15QueueController14moveToPreviousEv
FN:121,129,_ZN12media_player11controllers15QueueController8moveItemEmm
FN:131,135,_ZN12media_player11controllers15QueueController13toggleShuffleEv
FN:137,146,_ZN12media_player11controllers15QueueController15cycleRepeatModeEv
FN:14,16,_ZN12media_player11controllers15QueueControllerD2Ev
FN:148,151,_ZN12media_player11controllers15QueueController12toggleRepeatEv
FN:153,156,_ZN12media_player11controllers15QueueController10setShuffleEb
FN:158,161,_ZN12media_player11controllers15QueueController9setRepeatENS_6models10RepeatModeE
FN:163,166,_ZNK12media_player11controllers15QueueController16isShuffleEnabledEv
FN:168,171,_ZNK12media_player11controllers15QueueController13getRepeatModeEv
FN:173,176,_ZNK12media_player11controllers15QueueController16isLoopOneEnabledEv
FN:178,181,_ZNK12media_player11controllers15QueueController16isLoopAllEnabledEv
FN:18,27,_ZN12media_player11controllers15QueueController10addToQueueERKNS_6models14MediaFileModelE
FN:183,186,_ZNK12media_player11controllers15QueueController15isRepeatEnabledEv
FN:188,191,_ZNK12media_player11controllers15QueueController12getQueueSizeEv
FN:193,196,_ZNK12media_player11controllers15QueueController7isEmptyEv
FN:198,201,_ZNK12media_player11controllers15QueueController7hasNextEv
FN:203,206,_ZNK12media_player11controllers15QueueController11hasPreviousEv
FN:208,211,_ZNK12media_player11controllers15QueueController11getAllItemsEv
FN:213,216,_ZNK12media_player11controllers15QueueController21getPlaybackOrderItemsEv
FN:218,221,_ZNK12media_player11controllers15QueueController14getCurrentItemEv
FN:223,226,_ZNK12media_player11controllers15QueueController15getCurrentIndexEv
FN:29,37,_ZN12media_player11controllers15QueueController14addToQueueNextERKNS_6models14MediaFileModelE
FN:39,47,_ZN12media_player11controllers15QueueController18addPlaylistToQueueERKNS_6models13PlaylistModelE
FN:49,64,_ZN12media_player11controllers15QueueController18addMultipleToQueueERKSt6vectorINS_6models14MediaFileModelESaIS4_EE
FN:66,74,_ZN12media_player11controllers15QueueController15removeFromQueueEm
FN:76,84,_ZN12media_player11controllers15QueueController12removeByPathERKNSt7__cxx1112basic_stringIcSt11char_traitsIcESaIcEEE
FN:86,89,_ZN12media_player11controllers15QueueController10clearQueueEv
FN:9,12,_ZN12media_player11controllers15QueueControllerC2ESt10shared_ptrINS_6models10QueueModelEE
FN:91,99,_ZN12media_player11controllers15QueueController11jumpToIndexEm
FNDA:2,_ZN12media_player11controllers15QueueController10moveToNextEv
FNDA:2,_ZN12media_player11controllers15QueueController14moveToPreviousEv
FNDA:3,_ZN12media_player11controllers15QueueController8moveItemEmm
FNDA:2,_ZN12media_player11controllers15QueueController13toggleShuffleEv
FNDA:5,_ZN12media_player11controllers15QueueController15cycleRepeatModeEv
FNDA:38,_ZN12media_player11controllers15QueueControllerD2Ev
FNDA:0,_ZN12media_player11controllers15QueueController12toggleRepeatEv
FNDA:2,_ZN12media_player11controllers15QueueController10setShuffleEb
FNDA:1,_ZN12media_player11controllers15QueueController9setRepeatENS_6models10RepeatModeE
FNDA:5,_ZNK12media_player11controllers15QueueController16isShuffleEnabledEv
FNDA:1,_ZNK12media_player11controllers15QueueController13getRepeatModeEv
FNDA:0,_ZNK12media_player11controllers15QueueController16isLoopOneEnabledEv
FNDA:0,_ZNK12media_player11controllers15QueueController16isLoopAllEnabledEv
FNDA:21,_ZN12media_player11controllers15QueueController10addToQueueERKNS_6models14MediaFileModelE
FNDA:7,_ZNK12media_player11controllers15QueueController15isRepeatEnabledEv
FNDA:7,_ZNK12media_player11controllers15QueueController12getQueueSizeEv
FNDA:2,_ZNK12media_player11controllers15QueueController7isEmptyEv
FNDA:0,_ZNK12media_player11controllers15QueueController7hasNextEv
FNDA:0,_ZNK12media_player11controllers15QueueController11hasPreviousEv
FNDA:3,_ZNK12media_player11controllers15QueueController11getAllItemsEv
FNDA:2,_ZNK12media_player11controllers15QueueController21getPlaybackOrderItemsEv
FNDA:1,_ZNK12media_player11controllers15QueueController14getCurrentItemEv
FNDA:2,_ZNK12media_player11controllers15QueueController15getCurrentIndexEv
FNDA:3,_ZN12media_player11controllers15QueueController14addToQueueNextERKNS_6models14MediaFileModelE
FNDA:2,_ZN12media_player11controllers15QueueController18addPlaylistToQueueERKNS_6models13PlaylistModelE
FNDA:4,_ZN12media_player11controllers15QueueController18addMultipleToQueueERKSt6vectorINS_6models14MediaFileModelESaIS4_EE
FNDA:3,_ZN12media_player11controllers15QueueController15removeFromQueueEm
FNDA:2,_ZN12media_player11controllers15QueueController12removeByPathERKNSt7__cxx1112basic_stringIcSt11char_traitsIcESaIcEEE
FNDA:1,_ZN12media_player11controllers15QueueController10clearQueueEv
FNDA:38,_ZN12media_player11controllers15QueueControllerC2ESt10shared_ptrINS_6models10QueueModelEE
FNDA:3,_ZN12media_player11controllers15QueueController11jumpToIndexEm
FNF:31
FNH:26
BRDA:21,0,0,21
BRDA:21,e0,1,0
BRDA:21,0,2,9
BRDA:21,0,3,20
BRDA:22,0,0,9
BRDA:22,e0,1,0
BRDA:22,0,2,9
BRDA:22,e0,3,0
BRDA:22,0,4,1
BRDA:22,0,5,8
BRDA:25,0,0,20
BRDA:25,0,1,1
BRDA:31,0,0,3
BRDA:31,e0,1,0
BRDA:31,0,2,4
BRDA:31,0,3,2
BRDA:32,0,0,4
BRDA:32,e0,1,0
BRDA:32,0,2,4
BRDA:32,e0,3,0
BRDA:32,0,4,1
BRDA:32,0,5,3
BRDA:35,0,0,2
BRDA:35,0,1,1
BRDA:41,0,0,2
BRDA:41,e0,1,0
BRDA:43,0,0,4
BRDA:43,0,1,2
BRDA:45,0,0,4
BRDA:45,e0,1,0
BRDA:51,0,0,7
BRDA:51,0,1,4
BRDA:54,0,0,7
BRDA:54,e0,1,0
BRDA:54,0,2,10
BRDA:54,0,3,6
BRDA:55,0,0,10
BRDA:55,e0,1,0
BRDA:55,0,2,10
BRDA:55,e0,3,0
BRDA:55,0,4,1
BRDA:55,0,5,9
BRDA:60,0,0,6
BRDA:60,0,1,1
BRDA:61,0,0,6
BRDA:61,e0,1,0
BRDA:68,0,0,1
BRDA:68,0,1,2
BRDA:78,0,0,1
BRDA:78,0,1,1
BRDA:93,0,0,2
BRDA:93,0,1,1
BRDA:103,0,0,1
BRDA:103,0,1,1
BRDA:113,0,0,1
BRDA:113,0,1,1
BRDA:123,0,0,2
BRDA:123,0,1,1
BRDA:140,0,0,2
BRDA:140,0,1,3
BRDA:141,0,0,1
BRDA:141,0,1,1
BRDA:144,0,0,4
BRDA:144,0,1,1
BRDA:144,0,2,3
BRDA:144,0,3,1
BRF:66
BRH:54
DA:9,38
DA:10,38
DA:12,38
DA:14,38
DA:16,38
DA:18,21
DA:21,29
DA:22,9
DA:23,1
DA:25,21
DA:26,20
DA:29,3
DA:31,6
DA:32,4
DA:33,1
DA:35,3
DA:36,2
DA:39,2
DA:41,2
DA:43,6
DA:45,4
DA:47,2
DA:49,4
DA:51,11
DA:53,7
DA:54,16
DA:55,10
DA:56,1
DA:57,1
DA:59,7
DA:60,7
DA:61,6
DA:64,4
DA:66,3
DA:68,3
DA:70,1
DA:73,2
DA:76,2
DA:78,2
DA:80,1
DA:83,1
DA:86,1
DA:88,1
DA:89,1
DA:91,3
DA:93,3
DA:95,2
DA:98,1
DA:101,2
DA:103,2
DA:105,1
DA:108,1
DA:111,2
DA:113,2
DA:115,1
DA:118,1
DA:121,3
DA:123,3
DA:125,2
DA:128,1
DA:131,2
DA:133,2
DA:134,2
DA:135,2
DA:137,5
DA:139,5
DA:140,7
DA:141,2
DA:143,5
DA:144,5
DA:146,5
DA:148,0
DA:150,0
DA:151,0
DA:153,2
DA:155,2
DA:156,2
DA:158,1
DA:160,1
DA:161,1
DA:163,5
DA:165,5
DA:168,1
DA:170,1
DA:173,0
DA:175,0
DA:178,0
DA:180,0
DA:183,7
DA:185,7
DA:188,7
DA:190,7
DA:193,2
DA:195,2
DA:198,0
DA:200,0
DA:203,0
DA:205,0
DA:208,3
DA:210,3
DA:213,2
DA:215,2
DA:218,1
DA:220,1
DA:223,2
DA:225,2
LF:106
LH:95
end_of_record
TN:
SF:/home/duong/MediaPlayerApp/src/controllers/SourceController.cpp
FN:107,168,_ZN12media_player11controllers16SourceController15isStorageDeviceERKNSt7__cxx1112basic_stringIcSt11char_traitsIcESaIcEEE
FN:13,42,_ZN12media_player11controllers16SourceControllerC2ESt10shared_ptrINS_8services12IFileScannerEES2_INS_12repositories17LibraryRepositoryEES2_INS_6models12LibraryModelEE
FN:170,176,_ZN12media_player11controllers16SourceController15isS32K144DeviceERKNSt7__cxx1112basic_stringIcSt11char_traitsIcESaIcEEE
FN:178,183,_ZN12media_player11controllers16SourceController16handleUSBRemovedEv
FN:185,188,_ZNK12media_player11controllers16SourceController10isScanningEv
FN:190,193,_ZNK12media_player11controllers16SourceController20getCurrentSourcePathB5cxx11Ev
FN:195,198,_ZN12media_player11controllers16SourceController19setProgressCallbackESt8functionIFviRKNSt7__cxx1112basic_stringIcSt11char_traitsIcESaIcEEEEE
FN:200,203,_ZN12media_player11controllers16SourceController19setCompleteCallbackESt8functionIFviEE
FN:205,208,_ZN12media_player11controllers16SourceController22setUsbInsertedCallbackESt8functionIFvRKNSt7__cxx1112basic_stringIcSt11char_traitsIcESaIcEEEEE
FN:210,216,_ZN12media_player11controllers16SourceController14onScanProgressEiRKNSt7__cxx1112basic_stringIcSt11char_traitsIcESaIcEEE
FN:218,233,_ZN12media_player11controllers16SourceController14onScanCompleteESt6vectorINS_6models14MediaFileModelESaIS4_EE
FN:238,241,_ZN12media_player11controllers16SourceController12setMediaRootERKNSt7__cxx1112basic_stringIcSt11char_traitsIcESaIcEEE
FN:24,27,_ZZN12media_player11controllers16SourceControllerC4ESt10shared_ptrINS_8services12IFileScannerEES2_INS_12repositories17LibraryRepositoryEES2_INS_6models12LibraryModelEEENKUliRKNSt7__cxx1112basic_stringIcSt11char_traitsIcESaIcEEEE_clEiSJ_
FN:243,353,_ZN12media_player11controllers16SourceController14monitorUsbLoopEv
FN:31,34,_ZZN12media_player11controllers16SourceControllerC4ESt10shared_ptrINS_8services12IFileScannerEES2_INS_12repositories17LibraryRepositoryEES2_INS_6models12LibraryModelEEENKUlSt6vectorINS9_14MediaFileModelESaISD_EEE_clESF_
FN:44,50,_ZN12media_player11controllers16SourceController15startMonitoringEv
FN:52,60,_ZN12media_player11controllers16SourceControllerD2Ev
FN:62,65,_ZN12media_player11controllers16SourceController15selectDirectoryERKNSt7__cxx1112basic_stringIcSt11char_traitsIcESaIcEEE
FN:67,75,_ZN12media_player11controllers16SourceController20scanCurrentDirectoryEv
FN:77,80,_ZN12media_player11controllers16SourceController8stopScanEv
FN:82,105,_ZN12media_player11controllers16SourceController17handleUSBInsertedERKNSt7__cxx1112basic_stringIcSt11char_traitsIcESaIcEEE
FNDA:11,_ZN12media_player11controllers16SourceController15isStorageDeviceERKNSt7__cxx1112basic_stringIcSt11char_traitsIcESaIcEEE
FNDA:19,_ZN12media_player11controllers16SourceControllerC2ESt10shared_ptrINS_8services12IFileScannerEES2_INS_12repositories17LibraryRepositoryEES2_INS_6models12LibraryModelEE
FNDA:0,_ZN12media_player11controllers16SourceController15isS32K144DeviceERKNSt7__cxx1112basic_stringIcSt11char_traitsIcESaIcEEE
FNDA:1,_ZN12media_player11controllers16SourceController16handleUSBRemovedEv
FNDA:1,_ZNK12media_player11controllers16SourceController10isScanningEv
FNDA:4,_ZNK12media_player11controllers16SourceController20getCurrentSourcePathB5cxx11Ev
FNDA:2,_ZN12media_player11controllers16SourceController19setProgressCallbackESt8functionIFviRKNSt7__cxx1112basic_stringIcSt11char_traitsIcESaIcEEEEE
FNDA:1,_ZN12media_player11controllers16SourceController19setCompleteCallbackESt8functionIFviEE
FNDA:7,_ZN12media_player11controllers16SourceController22setUsbInsertedCallbackESt8functionIFvRKNSt7__cxx1112basic_stringIcSt11char_traitsIcESaIcEEEEE
FNDA:2,_ZN12media_player11controllers16SourceController14onScanProgressEiRKNSt7__cxx1112basic_stringIcSt11char_traitsIcESaIcEEE
FNDA:2,_ZN12media_player11controllers16SourceController14onScanCompleteESt6vectorINS_6models14MediaFileModelESaIS4_EE
FNDA:8,_ZN12media_player11controllers16SourceController12setMediaRootERKNSt7__cxx1112basic_stringIcSt11char_traitsIcESaIcEEE
FNDA:2,_ZZN12media_player11controllers16SourceControllerC4ESt10shared_ptrINS_8services12IFileScannerEES2_INS_12repositories17LibraryRepositoryEES2_INS_6models12LibraryModelEEENKUliRKNSt7__cxx1112basic_stringIcSt11char_traitsIcESaIcEEEE_clEiSJ_
FNDA:2,_ZN12media_player11controllers16SourceController14monitorUsbLoopEv
FNDA:2,_ZZN12media_player11controllers16SourceControllerC4ESt10shared_ptrINS_8services12IFileScannerEES2_INS_12repositories17LibraryRepositoryEES2_INS_6models12LibraryModelEEENKUlSt6vectorINS9_14MediaFileModelESaISD_EEE_clESF_
FNDA:2,_ZN12media_player11controllers16SourceController15startMonitoringEv
FNDA:19,_ZN12media_player11controllers16SourceControllerD2Ev
FNDA:2,_ZN12media_player11controllers16SourceController15selectDirectoryERKNSt7__cxx1112basic_stringIcSt11char_traitsIcESaIcEEE
FNDA:4,_ZN12media_player11controllers16SourceController20scanCurrentDirectoryEv
FNDA:23,_ZN12media_player11controllers16SourceController8stopScanEv
FNDA:11,_ZN12media_player11controllers16SourceController17handleUSBInsertedERKNSt7__cxx1112basic_stringIcSt11char_traitsIcESaIcEEE
FNF:21
FNH:20
BRDA:21,0,0,19
BRDA:21,e0,1,0
BRDA:23,0,0,19
BRDA:23,e0,1,0
BRDA:30,0,0,19
BRDA:30,e0,1,0
BRDA:33,0,0,2
BRDA:33,e0,1,0
BRDA:33,0,2,2
BRDA:33,e0,3,0
BRDA:46,0,0,0
BRDA:46,0,1,2
BRDA:49,0,0,2
BRDA:49,e0,1,0
BRDA:55,0,0,2
BRDA:55,0,1,17
BRDA:69,0,0,0
BRDA:69,0,1,4
BRDA:86,0,0,8
BRDA:86,0,1,3
BRDA:89,0,0,5
BRDA:89,0,1,3
BRDA:110,0,0,11
BRDA:110,e0,1,0
BRDA:114,0,0,3
BRDA:114,0,1,8
BRDA:123,0,0,8
BRDA:123,e0,1,0
BRDA:123,0,2,8
BRDA:123,e0,3,0
BRDA:123,0,4,7
BRDA:123,0,5,1
BRDA:128,0,0,7
BRDA:128,e0,1,0
BRDA:128,0,2,7
BRDA:128,e0,3,0
BRDA:128,0,4,1
BRDA:128,e0,5,0
BRDA:128,0,6,5
BRDA:128,0,7,3
BRDA:130,0,0,5
BRDA:130,e0,1,0
BRDA:130,0,2,4
BRDA:130,0,3,1
BRDA:132,0,0,4
BRDA:132,e0,1,0
BRDA:132,0,2,4
BRDA:132,e0,3,0
BRDA:136,0,0,4
BRDA:136,e0,1,0
BRDA:136,0,2,1
BRDA:136,e0,3,0
BRDA:136,0,4,0
BRDA:136,0,5,1
BRDA:136,0,6,0
BRDA:136,e0,7,0
BRDA:136,0,8,0
BRDA:136,0,9,0
BRDA:137,0,0,1
BRDA:137,0,1,3
BRDA:137,0,2,0
BRDA:137,e0,3,0
BRDA:137,0,4,0
BRDA:137,0,5,0
BRDA:137,0,6,0
BRDA:137,e0,7,0
BRDA:137,0,8,0
BRDA:137,0,9,0
BRDA:137,0,10,0
BRDA:137,e0,11,0
BRDA:137,0,12,0
BRDA:137,0,13,0
BRDA:137,0,14,4
BRDA:137,0,15,0
BRDA:141,0,0,0
BRDA:141,0,1,4
BRDA:142,0,0,3
BRDA:142,0,1,4
BRDA:142,0,2,3
BRDA:142,0,3,4
BRDA:142,0,4,3
BRDA:142,0,5,4
BRDA:145,0,0,3
BRDA:145,e0,1,0
BRDA:145,0,2,3
BRDA:145,e0,3,0
BRDA:145,0,4,0
BRDA:145,e0,5,0
BRDA:145,0,6,1
BRDA:145,0,7,2
BRDA:147,0,0,1
BRDA:147,e0,1,0
BRDA:147,0,2,1
BRDA:147,0,3,0
BRDA:149,0,0,1
BRDA:149,e0,1,0
BRDA:149,0,2,1
BRDA:149,e0,3,0
BRDA:153,0,0,1
BRDA:153,e0,1,0
BRDA:153,0,2,0
BRDA:153,e0,3,0
BRDA:153,0,4,0
BRDA:153,0,5,0
BRDA:153,0,6,0
BRDA:153,e0,7,0
BRDA:153,0,8,0
BRDA:153,0,9,0
BRDA:153,0,10,0
BRDA:153,e0,11,0
BRDA:153,0,12,0
BRDA:153,0,13,0
BRDA:154,0,0,0
BRDA:154,0,1,1
BRDA:154,0,2,0
BRDA:154,e0,3,0
BRDA:154,0,4,0
BRDA:154,0,5,0
BRDA:154,0,6,0
BRDA:154,e0,7,0
BRDA:154,0,8,0
BRDA:154,0,9,0
BRDA:154,0,10,0
BRDA:154,e0,11,0
BRDA:154,0,12,0
BRDA:154,0,13,0
BRDA:154,0,14,0
BRDA:154,e0,15,0
BRDA:154,0,16,0
BRDA:154,0,17,0
BRDA:154,0,18,1
BRDA:154,0,19,0
BRDA:158,0,0,0
BRDA:158,0,1,1
BRDA:159,0,0,2
BRDA:159,0,1,1
BRDA:159,0,2,2
BRDA:159,0,3,1
BRDA:159,0,4,2
BRDA:159,0,5,1
BRDA:161,0,0,0
BRDA:161,0,1,0
BRDA:163,0,0,0
BRDA:163,e0,1,0
BRDA:172,0,0,-
BRDA:172,e0,1,-
BRDA:212,0,0,2
BRDA:212,0,1,0
BRDA:229,0,0,1
BRDA:229,0,1,1
BRDA:249,0,0,2
BRDA:249,e0,1,0
BRDA:250,0,0,2
BRDA:250,e0,1,0
BRDA:250,0,2,2
BRDA:250,e0,3,0
BRDA:250,0,4,0
BRDA:250,0,5,2
BRDA:253,0,0,-
BRDA:253,e0,1,-
BRDA:253,0,2,-
BRDA:253,e0,3,-
BRDA:253,0,4,-
BRDA:253,0,5,-
BRDA:255,0,0,-
BRDA:255,e0,1,-
BRDA:276,0,0,2
BRDA:276,e0,1,0
BRDA:278,0,0,4
BRDA:278,0,1,2
BRDA:281,0,0,4
BRDA:281,e0,1,0
BRDA:281,0,2,4
BRDA:281,e0,3,0
BRDA:281,0,4,0
BRDA:281,0,5,4
BRDA:283,0,0,-
BRDA:283,e0,1,-
BRDA:288,0,0,4
BRDA:288,e0,1,0
BRDA:288,0,2,4
BRDA:288,e0,3,0
BRDA:288,0,4,2
BRDA:288,e0,5,0
BRDA:288,0,6,2
BRDA:288,0,7,4
BRDA:290,0,0,2
BRDA:290,e0,1,0
BRDA:290,0,2,2
BRDA:290,0,3,0
BRDA:292,0,0,2
BRDA:292,e0,1,0
BRDA:294,0,0,0
BRDA:294,0,1,2
BRDA:297,0,0,2
BRDA:297,e0,1,0
BRDA:298,0,0,2
BRDA:298,0,1,0
BRDA:302,0,0,2
BRDA:302,0,1,4
BRDA:305,0,0,0
BRDA:305,0,1,2
BRDA:307,0,0,-
BRDA:307,0,1,-
BRDA:314,0,0,2
BRDA:314,0,1,0
BRDA:317,0,0,2
BRDA:317,e0,1,0
BRDA:322,0,0,2
BRDA:322,e0,1,0
BRDA:327,0,0,2
BRDA:327,0,1,4
BRDA:330,0,0,2
BRDA:330,0,1,0
BRDA:332,0,0,2
BRDA:332,0,1,0
BRDA:339,0,0,0
BRDA:339,0,1,2
BRDA:341,0,0,-
BRDA:341,e0,1,-
BRDA:351,0,0,4
BRDA:351,e0,1,0
BRF:222
BRH:98
DA:13,19
DA:17,19
DA:18,19
DA:19,19
DA:20,19
DA:21,57
DA:23,38
DA:24,19
DA:26,2
DA:27,2
DA:30,38
DA:31,19
DA:33,2
DA:34,2
DA:38,19
DA:42,19
DA:44,2
DA:46,2
DA:48,2
DA:49,2
DA:52,19
DA:54,19
DA:55,19
DA:57,2
DA:59,19
DA:60,19
DA:62,2
DA:64,2
DA:65,2
DA:67,4
DA:69,4
DA:71,0
DA:74,4
DA:77,23
DA:79,23
DA:80,23
DA:82,11
DA:86,11
DA:89,8
DA:91,5
DA:96,3
DA:97,3
DA:105,11
DA:107,11
DA:110,11
DA:111,11
DA:114,11
DA:116,3
DA:123,8
DA:128,8
DA:130,5
DA:132,4
DA:133,4
DA:136,5
DA:137,5
DA:139,4
DA:141,4
DA:142,15
DA:145,3
DA:147,1
DA:149,1
DA:150,1
DA:153,1
DA:154,1
DA:156,1
DA:158,1
DA:159,5
DA:161,0
DA:163,0
DA:167,3
DA:168,11
DA:170,0
DA:172,0
DA:173,0
DA:175,0
DA:176,0
DA:178,1
DA:181,1
DA:182,1
DA:183,1
DA:185,1
DA:187,1
DA:190,4
DA:192,4
DA:195,2
DA:197,2
DA:198,2
DA:200,1
DA:202,1
DA:203,1
DA:205,7
DA:207,7
DA:208,7
DA:210,2
DA:212,2
DA:214,2
DA:216,2
DA:218,2
DA:222,2
DA:223,2
DA:226,2
DA:227,2
DA:229,2
DA:231,1
DA:233,2
DA:238,8
DA:240,8
DA:241,8
DA:243,2
DA:249,2
DA:250,2
DA:253,0
DA:255,0
DA:259,2
DA:276,2
DA:278,6
DA:281,4
DA:283,0
DA:284,0
DA:287,4
DA:288,8
DA:290,2
DA:292,2
DA:294,2
DA:295,0
DA:297,2
DA:298,2
DA:299,4
DA:302,6
DA:304,2
DA:305,2
DA:307,0
DA:309,0
DA:310,0
DA:314,2
DA:317,2
DA:322,2
DA:327,6
DA:329,2
DA:330,2
DA:332,2
DA:334,2
DA:335,2
DA:339,2
DA:341,0
DA:346,2
DA:351,4
DA:352,4
DA:353,2
LF:149
LH:132
end_of_record
TN:
SF:/usr/include/c++/13/atomic
FN:76,76,_ZNSt6atomicIbEC2Eb
FN:79,80,_ZNSt6atomicIbEaSEb
FN:86,87,_ZNKSt6atomicIbEcvbEv
FNDA:328,_ZNSt6atomicIbEC2Eb
FNDA:0,_ZNSt6atomicIbEaSEb
FNDA:0,_ZNKSt6atomicIbEcvbEv
FNF:3
FNH:1
DA:76,328
DA:79,0
DA:80,0
DA:86,0
DA:87,0
LF:5
LH:1
end_of_record
TN:
SF:/usr/include/c++/13/bit
FN:195,237,_ZSt13__countl_zeroImEiT_
FN:365,369,_ZSt11__bit_widthImEiT_
FNDA:10,_ZSt13__countl_zeroImEiT_
FNDA:10,_ZSt11__bit_widthImEiT_
FNF:2
FNH:2
BRDA:200,0,0,0
BRDA:200,0,1,10
BRF:2
BRH:1
DA:195,10
DA:198,10
DA:200,10
DA:201,0
DA:203,10
DA:204,10
DA:205,10
DA:214,10
DA:215,10
DA:365,10
DA:367,10
DA:368,10
LF:12
LH:11
end_of_record
TN:
SF:/usr/include/c++/13/bits/alloc_traits.h
FNF:0
FNH:0
BRDA:482,0,0,7
BRDA:482,e0,1,0
BRDA:482,0,2,2
BRDA:482,e0,3,0
BRDA:661,0,0,2
BRDA:661,e0,1,0
BRDA:948,0,0,0
BRDA:948,e0,1,0
BRDA:948,0,2,0
BRDA:948,e0,3,0
BRF:10
BRH:3
DA:482,105
DA:517,0
DA:538,0
DA:542,0
DA:562,0
DA:574,0
DA:588,0
DA:661,2
DA:675,2
DA:722,0
DA:755,0
DA:759,0
DA:948,154
DA:949,0
LF:14
LH:4
end_of_record
TN:
SF:/usr/include/c++/13/bits/allocated_ptr.h
FN:53,55,_ZNSt15__allocated_ptrISaISt23_Sp_counted_ptr_inplaceINSt8__detail4_NFAINSt7__cxx1112regex_traitsIcEEEESaIvELN9__gnu_cxx12_Lock_policyE2EEEEC2ERSB_PSA_
FN:71,75,_ZNSt15__allocated_ptrISaISt23_Sp_counted_ptr_inplaceINSt8__detail4_NFAINSt7__cxx1112regex_traitsIcEEEESaIvELN9__gnu_cxx12_Lock_policyE2EEEED2Ev
FN:79,83,_ZNSt15__allocated_ptrISaISt23_Sp_counted_ptr_inplaceINSt8__detail4_NFAINSt7__cxx1112regex_traitsIcEEEESaIvELN9__gnu_cxx12_Lock_policyE2EEEEaSEDn
FN:86,86,_ZNSt15__allocated_ptrISaISt23_Sp_counted_ptr_inplaceINSt8__detail4_NFAINSt7__cxx1112regex_traitsIcEEEESaIvELN9__gnu_cxx12_Lock_policyE2EEEE3getEv
FN:96,99,_ZSt18__allocate_guardedISaISt23_Sp_counted_ptr_inplaceINSt8__detail4_NFAINSt7__cxx1112regex_traitsIcEEEESaIvELN9__gnu_cxx12_Lock_policyE2EEEESt15__allocated_ptrIT_ERSD_
FNDA:4,_ZNSt15__allocated_ptrISaISt23_Sp_counted_ptr_inplaceINSt8__detail4_NFAINSt7__cxx1112regex_traitsIcEEEESaIvELN9__gnu_cxx12_Lock_policyE2EEEEC2ERSB_PSA_
FNDA:4,_ZNSt15__allocated_ptrISaISt23_Sp_counted_ptr_inplaceINSt8__detail4_NFAINSt7__cxx1112regex_traitsIcEEEESaIvELN9__gnu_cxx12_Lock_policyE2EEEED2Ev
FNDA:2,_ZNSt15__allocated_ptrISaISt23_Sp_counted_ptr_inplaceINSt8__detail4_NFAINSt7__cxx1112regex_traitsIcEEEESaIvELN9__gnu_cxx12_Lock_policyE2EEEEaSEDn
FNDA:2,_ZNSt15__allocated_ptrISaISt23_Sp_counted_ptr_inplaceINSt8__detail4_NFAINSt7__cxx1112regex_traitsIcEEEESaIvELN9__gnu_cxx12_Lock_policyE2EEEE3getEv
FNDA:2,_ZSt18__allocate_guardedISaISt23_Sp_counted_ptr_inplaceINSt8__detail4_NFAINSt7__cxx1112regex_traitsIcEEEESaIvELN9__gnu_cxx12_Lock_policyE2EEEESt15__allocated_ptrIT_ERSD_
FNF:5
FNH:5
BRDA:73,0,0,2
BRDA:73,0,1,2
BRF:2
BRH:2
DA:53,4
DA:54,4
DA:55,4
DA:71,4
DA:73,4
DA:74,2
DA:75,4
DA:79,2
DA:81,2
DA:82,2
DA:86,2
DA:96,2
DA:98,2
LF:13
LH:13
end_of_record
TN:
SF:/usr/include/c++/13/bits/allocator.h
FNF:0
FNH:0
DA:163,4
DA:168,0
DA:178,22
DA:184,0
DA:223,0
LF:5
LH:2
end_of_record
TN:
SF:/usr/include/c++/13/bits/atomic_base.h
FN:107,110,_ZStanSt12memory_orderSt23__memory_order_modifier
FN:362,362,_ZNSt13__atomic_baseIbEC2Eb
FN:371,375,_ZNSt13__atomic_baseIbEaSEb
FNDA:0,_ZStanSt12memory_orderSt23__memory_order_modifier
FNDA:328,_ZNSt13__atomic_baseIbEC2Eb
FNDA:0,_ZNSt13__atomic_baseIbEaSEb
FNF:3
FNH:1
BRDA:477,0,0,-
BRDA:477,0,1,-
BRDA:477,0,2,-
BRDA:477,0,3,-
BRDA:477,0,4,-
BRDA:477,0,5,-
BRDA:478,0,0,-
BRDA:478,0,1,-
BRDA:478,0,2,-
BRDA:478,0,3,-
BRDA:478,0,4,-
BRDA:478,0,5,-
BRDA:479,0,0,-
BRDA:479,0,1,-
BRDA:479,0,2,-
BRDA:479,0,3,-
BRDA:479,0,4,-
BRDA:479,0,5,-
BRDA:502,0,0,-
BRDA:502,0,1,-
BRDA:502,0,2,-
BRDA:502,0,3,-
BRDA:502,0,4,-
BRDA:502,0,5,-
BRDA:503,0,0,-
BRDA:503,0,1,-
BRDA:503,0,2,-
BRDA:503,0,3,-
BRDA:503,0,4,-
BRDA:503,0,5,-
BRF:30
BRH:0
DA:107,0
DA:109,0
DA:362,328
DA:371,0
DA:373,0
DA:374,0
DA:476,0
DA:477,0
DA:478,0
DA:479,0
DA:481,0
DA:482,0
DA:501,0
DA:502,0
DA:503,0
DA:505,0
LF:16
LH:1
end_of_record
TN:
SF:/usr/include/c++/13/bits/basic_string.h
FN:3528,3541,_ZSt12__str_concatINSt7__cxx1112basic_stringIcSt11char_traitsIcESaIcEEEET_PKNS6_10value_typeENS6_9size_typeES9_SA_RKNS6_14allocator_typeE
FN:3571,3579,_ZStplIcSt11char_traitsIcESaIcEENSt7__cxx1112basic_stringIT_T0_T1_EEPKS5_RKS8_
FN:3637,3639,_ZStplIcSt11char_traitsIcESaIcEENSt7__cxx1112basic_stringIT_T0_T1_EEOS8_RKS8_
FN:3644,3646,_ZStplIcSt11char_traitsIcESaIcEENSt7__cxx1112basic_stringIT_T0_T1_EERKS8_OS8_
FN:3688,3690,_ZStplIcSt11char_traitsIcESaIcEENSt7__cxx1112basic_stringIT_T0_T1_EEOS8_PKS5_
FN:3710,3716,_ZSteqIcSt11char_traitsIcESaIcEEbRKNSt7__cxx1112basic_stringIT_T0_T1_EESA_
FN:3727,3732,_ZSteqIcSt11char_traitsIcESaIcEEbRKNSt7__cxx1112basic_stringIT_T0_T1_EEPKS5_
FN:3788,3791,_ZStneIcSt11char_traitsIcESaIcEEbRKNSt7__cxx1112basic_stringIT_T0_T1_EESA_
FN:3829,3832,_ZStltIcSt11char_traitsIcESaIcEEbRKNSt7__cxx1112basic_stringIT_T0_T1_EESA_
FN:3911,3914,_ZStleIcSt11char_traitsIcESaIcEEbRKNSt7__cxx1112basic_stringIT_T0_T1_EESA_
FN:3994,3997,_ZSt4swapIcSt11char_traitsIcESaIcEEvRNSt7__cxx1112basic_stringIT_T0_T1_EES9_
FN:4120,4122,_ZNSt7__cxx114stoiERKNS_12basic_stringIcSt11char_traitsIcESaIcEEEPmi
FN:4162,4173,_ZNSt7__cxx119to_stringEi
FN:641,650,_ZNSt7__cxx1112basic_stringIcSt11char_traitsIcESaIcEEC2IS3_EEPKcRKS3_
FN:664,666,_ZNSt7__cxx1112basic_stringIcSt11char_traitsIcESaIcEEC2IS3_EEmcRKS3_
FN:760,770,_ZNSt7__cxx1112basic_stringIcSt11char_traitsIcESaIcEEC2IN9__gnu_cxx17__normal_iteratorIPKcS4_EEvEET_SB_RKS3_
FN:760,770,_ZNSt7__cxx1112basic_stringIcSt11char_traitsIcESaIcEEC2IN9__gnu_cxx17__normal_iteratorIPcS4_EEvEET_SA_RKS3_
FN:760,770,_ZNSt7__cxx1112basic_stringIcSt11char_traitsIcESaIcEEC2IPcvEET_S7_RKS3_
FN:795,796,_ZNSt7__cxx1112basic_stringIcSt11char_traitsIcESaIcEEC2ISt17basic_string_viewIcS2_EvEERKT_RKS3_
FNDA:0,_ZSt12__str_concatINSt7__cxx1112basic_stringIcSt11char_traitsIcESaIcEEEET_PKNS6_10value_typeENS6_9size_typeES9_SA_RKNS6_14allocator_typeE
FNDA:0,_ZStplIcSt11char_traitsIcESaIcEENSt7__cxx1112basic_stringIT_T0_T1_EEPKS5_RKS8_
FNDA:76,_ZStplIcSt11char_traitsIcESaIcEENSt7__cxx1112basic_stringIT_T0_T1_EEOS8_RKS8_
FNDA:60,_ZStplIcSt11char_traitsIcESaIcEENSt7__cxx1112basic_stringIT_T0_T1_EERKS8_OS8_
FNDA:0,_ZStplIcSt11char_traitsIcESaIcEENSt7__cxx1112basic_stringIT_T0_T1_EEOS8_PKS5_
FNDA:0,_ZSteqIcSt11char_traitsIcESaIcEEbRKNSt7__cxx1112basic_stringIT_T0_T1_EESA_
FNDA:0,_ZSteqIcSt11char_traitsIcESaIcEEbRKNSt7__cxx1112basic_stringIT_T0_T1_EEPKS5_
FNDA:35,_ZStneIcSt11char_traitsIcESaIcEEbRKNSt7__cxx1112basic_stringIT_T0_T1_EESA_
FNDA:202,_ZStltIcSt11char_traitsIcESaIcEEbRKNSt7__cxx1112basic_stringIT_T0_T1_EESA_
FNDA:0,_ZStleIcSt11char_traitsIcESaIcEEbRKNSt7__cxx1112basic_stringIT_T0_T1_EESA_
FNDA:0,_ZSt4swapIcSt11char_traitsIcESaIcEEvRNSt7__cxx1112basic_stringIT_T0_T1_EES9_
FNDA:15,_ZNSt7__cxx114stoiERKNS_12basic_stringIcSt11char_traitsIcESaIcEEEPmi
FNDA:0,_ZNSt7__cxx119to_stringEi
FNDA:0,_ZNSt7__cxx1112basic_stringIcSt11char_traitsIcESaIcEEC2IS3_EEPKcRKS3_
FNDA:0,_ZNSt7__cxx1112basic_stringIcSt11char_traitsIcESaIcEEC2IS3_EEmcRKS3_
FNDA:15,_ZNSt7__cxx1112basic_stringIcSt11char_traitsIcESaIcEEC2IN9__gnu_cxx17__normal_iteratorIPKcS4_EEvEET_SB_RKS3_
FNDA:0,_ZNSt7__cxx1112basic_stringIcSt11char_traitsIcESaIcEEC2IN9__gnu_cxx17__normal_iteratorIPcS4_EEvEET_SA_RKS3_
FNDA:1492,_ZNSt7__cxx1112basic_stringIcSt11char_traitsIcESaIcEEC2IPcvEET_S7_RKS3_
FNDA:0,_ZNSt7__cxx1112basic_stringIcSt11char_traitsIcESaIcEEC2ISt17basic_string_viewIcS2_EvEERKT_RKS3_
FNF:19
FNH:7
BRDA:645,0,0,-
BRDA:645,0,1,-
BRDA:648,0,0,-
BRDA:648,e0,1,-
BRDA:649,0,0,-
BRDA:649,e0,1,-
BRDA:666,0,0,-
BRDA:666,e0,1,-
BRDA:765,0,0,1507
BRDA:765,e0,1,0
BRDA:796,0,0,-
BRDA:796,e0,1,-
BRDA:3537,0,0,-
BRDA:3537,e0,1,-
BRDA:3538,0,0,-
BRDA:3538,e0,1,-
BRDA:3539,0,0,-
BRDA:3539,e0,1,-
BRDA:3578,0,0,-
BRDA:3578,e0,1,-
BRDA:3578,0,2,-
BRDA:3578,e0,3,-
BRDA:3715,0,0,-
BRDA:3715,0,1,-
BRDA:3715,0,2,-
BRDA:3715,0,3,-
BRDA:3731,0,0,-
BRDA:3731,0,1,-
BRDA:3731,0,2,-
BRDA:3731,0,3,-
BRDA:4168,0,0,-
BRDA:4168,0,1,-
BRF:32
BRH:1
DA:355,0
DA:641,0
DA:642,0
DA:645,0
DA:646,0
DA:648,0
DA:649,0
DA:650,0
DA:664,0
DA:665,0
DA:666,0
DA:760,1507
DA:762,1507
DA:765,1507
DA:770,1507
DA:795,0
DA:796,0
DA:3528,0
DA:3536,0
DA:3537,0
DA:3538,0
DA:3539,0
DA:3540,0
DA:3541,0
DA:3571,0
DA:3578,0
DA:3637,76
DA:3639,76
DA:3644,60
DA:3646,60
DA:3688,0
DA:3690,0
DA:3710,0
DA:3714,0
DA:3715,0
DA:3727,0
DA:3730,0
DA:3731,0
DA:3788,35
DA:3791,35
DA:3829,202
DA:3832,202
DA:3911,0
DA:3914,0
DA:3994,0
DA:3997,0
DA:4120,15
DA:4121,15
DA:4122,15
DA:4162,0
DA:4167,0
DA:4168,0
DA:4169,0
DA:4170,0
DA:4171,0
DA:4172,0
LF:56
LH:15
end_of_record
TN:
SF:/usr/include/c++/13/bits/basic_string.tcc
FN:221,252,_ZNSt7__cxx1112basic_stringIcSt11char_traitsIcESaIcEE12_M_constructIN9__gnu_cxx17__normal_iteratorIPKcS4_EEEEvT_SB_St20forward_iterator_tag
FN:221,252,_ZNSt7__cxx1112basic_stringIcSt11char_traitsIcESaIcEE12_M_constructIN9__gnu_cxx17__normal_iteratorIPcS4_EEEEvT_SA_St20forward_iterator_tag
FN:221,252,_ZNSt7__cxx1112basic_stringIcSt11char_traitsIcESaIcEE12_M_constructIPKcEEvT_S8_St20forward_iterator_tag
FN:221,252,_ZNSt7__cxx1112basic_stringIcSt11char_traitsIcESaIcEE12_M_constructIPcEEvT_S7_St20forward_iterator_tag
FN:239,239,_ZZNSt7__cxx1112basic_stringIcSt11char_traitsIcESaIcEE12_M_constructIN9__gnu_cxx17__normal_iteratorIPKcS4_EEEEvT_SB_St20forward_iterator_tagEN6_GuardC2EPS4_
FN:239,239,_ZZNSt7__cxx1112basic_stringIcSt11char_traitsIcESaIcEE12_M_constructIN9__gnu_cxx17__normal_iteratorIPcS4_EEEEvT_SA_St20forward_iterator_tagEN6_GuardC2EPS4_
FN:239,239,_ZZNSt7__cxx1112basic_stringIcSt11char_traitsIcESaIcEE12_M_constructIPKcEEvT_S8_St20forward_iterator_tagEN6_GuardC2EPS4_
FN:239,239,_ZZNSt7__cxx1112basic_stringIcSt11char_traitsIcESaIcEE12_M_constructIPcEEvT_S7_St20forward_iterator_tagEN6_GuardC2EPS4_
[...]
FN:1803,1804,_ZSt3getILm0EJPNSt6thread6_StateESt14default_deleteIS1_EEERNSt13tuple_elementIXT_ESt5tupleIJDpT0_EEE4typeERS9_
FN:1803,1804,_ZSt3getILm0EJRKlEERNSt13tuple_elementIXT_ESt5tupleIJDpT0_EEE4typeERS6_
FN:1803,1804,_ZSt3getILm1EJPN12media_player6models13MetadataModelESt14default_deleteIS2_EEERNSt13tuple_elementIXT_ESt5tupleIJDpT0_EEE4typeERSA_
FN:1803,1804,_ZSt3getILm1EJPN12media_player8services15IPlaybackEngineESt14default_deleteIS2_EEERNSt13tuple_elementIXT_ESt5tupleIJDpT0_EEE4typeERSA_
FN:1803,1804,_ZSt3getILm1EJPN12media_player8services19AudioPlaybackEngineESt14default_deleteIS2_EEERNSt13tuple_elementIXT_ESt5tupleIJDpT0_EEE4typeERSA_
FN:1803,1804,_ZSt3getILm1EJPNSt10filesystem7__cxx114path5_List5_ImplENS3_13_Impl_deleterEEERNSt13tuple_elementIXT_ESt5tupleIJDpT0_EEE4typeERSB_
FN:1803,1804,_ZSt3getILm1EJPNSt6thread6_StateESt14default_deleteIS1_EEERNSt13tuple_elementIXT_ESt5tupleIJDpT0_EEE4typeERS9_
FN:1809,1810,_ZSt3getILm0EJPN12media_player6models13MetadataModelESt14default_deleteIS2_EEERKNSt13tuple_elementIXT_ESt5tupleIJDpT0_EEE4typeERKSA_
FN:1809,1810,_ZSt3getILm0EJPN12media_player8services15IPlaybackEngineESt14default_deleteIS2_EEERKNSt13tuple_elementIXT_ESt5tupleIJDpT0_EEE4typeERKSA_
FN:1809,1810,_ZSt3getILm0EJPNSt10filesystem7__cxx114path5_List5_ImplENS3_13_Impl_deleterEEERKNSt13tuple_elementIXT_ESt5tupleIJDpT0_EEE4typeERKSB_
FN:1815,1819,_ZSt3getILm0EJMN12media_player11controllers16SourceControllerEFvvEPS2_EEONSt13tuple_elementIXT_ESt5tupleIJDpT0_EEE4typeEOSA_
FN:1815,1819,_ZSt3getILm0EJZN12media_player11controllers18HardwareController11autoConnectEvEUlvE_EEONSt13tuple_elementIXT_ESt5tupleIJDpT0_EEE4typeEOS8_
FN:1815,1819,_ZSt3getILm1EJMN12media_player11controllers16SourceControllerEFvvEPS2_EEONSt13tuple_elementIXT_ESt5tupleIJDpT0_EEE4typeEOSA_
FN:190,191,_ZNSt10_Head_baseILm0EPN12media_player8services15IPlaybackEngineELb0EEC2Ev
FN:190,191,_ZNSt10_Head_baseILm0EPN12media_player8services19AudioPlaybackEngineELb0EEC2Ev
FN:190,191,_ZNSt10_Head_baseILm0EPNSt6thread6_StateELb0EEC2Ev
FN:193,194,_ZNSt10_Head_baseILm0ERKlLb0EEC2ES1_
FN:200,201,_ZNSt10_Head_baseILm0EMN12media_player11controllers16SourceControllerEFvvELb0EEC2IS4_EEOT_
FN:200,201,_ZNSt10_Head_baseILm0EZN12media_player11controllers18HardwareController11autoConnectEvEUlvE_Lb0EEC2IS3_EEOT_
FN:200,201,_ZNSt10_Head_baseILm1EPN12media_player11controllers16SourceControllerELb0EEC2IS3_EEOT_
FN:2252,2258,_ZNSt4pairIKllEC2IJRS0_EJEEESt21piecewise_construct_tSt5tupleIJDpT_EES5_IJDpT0_EE
FN:2264,2269,_ZNSt4pairIKllEC2IJRS0_EJLm0EEJEJEEERSt5tupleIJDpT_EERS4_IJDpT1_EESt12_Index_tupleIJXspT0_EEESD_IJXspT2_EEE
FN:234,234,_ZNSt10_Head_baseILm0EMN12media_player11controllers16SourceControllerEFvvELb0EE7_M_headERS5_
FN:234,234,_ZNSt10_Head_baseILm0EPN12media_player6models13MetadataModelELb0EE7_M_headERS4_
FN:234,234,_ZNSt10_Head_baseILm0EPN12media_player8services15IPlaybackEngineELb0EE7_M_headERS4_
FN:234,234,_ZNSt10_Head_baseILm0EPN12media_player8services19AudioPlaybackEngineELb0EE7_M_headERS4_
FN:234,234,_ZNSt10_Head_baseILm0EPNSt10filesystem7__cxx114path5_List5_ImplELb0EE7_M_headERS6_
FN:234,234,_ZNSt10_Head_baseILm0EPNSt6thread6_StateELb0EE7_M_headERS3_
FN:234,234,_ZNSt10_Head_baseILm0ERKlLb0EE7_M_headERS2_
FN:234,234,_ZNSt10_Head_baseILm0EZN12media_player11controllers18HardwareController11autoConnectEvEUlvE_Lb0EE7_M_headERS4_
FN:234,234,_ZNSt10_Head_baseILm1EPN12media_player11controllers16SourceControllerELb0EE7_M_headERS4_
FN:237,237,_ZNSt10_Head_baseILm0EPN12media_player6models13MetadataModelELb0EE7_M_headERKS4_
FN:237,237,_ZNSt10_Head_baseILm0EPN12media_player8services15IPlaybackEngineELb0EE7_M_headERKS4_
FN:237,237,_ZNSt10_Head_baseILm0EPNSt10filesystem7__cxx114path5_List5_ImplELb0EE7_M_headERKS6_
FN:269,269,_ZNSt11_Tuple_implILm0EJMN12media_player11controllers16SourceControllerEFvvEPS2_EE7_M_headERS6_
FN:269,269,_ZNSt11_Tuple_implILm0EJPN12media_player6models13MetadataModelESt14default_deleteIS2_EEE7_M_headERS6_
FN:269,269,_ZNSt11_Tuple_implILm0EJPN12media_player8services15IPlaybackEngineESt14default_deleteIS2_EEE7_M_headERS6_
FN:269,269,_ZNSt11_Tuple_implILm0EJPN12media_player8services19AudioPlaybackEngineESt14default_deleteIS2_EEE7_M_headERS6_
FN:269,269,_ZNSt11_Tuple_implILm0EJPNSt10filesystem7__cxx114path5_List5_ImplENS3_13_Impl_deleterEEE7_M_headERS7_
FN:269,269,_ZNSt11_Tuple_implILm0EJPNSt6thread6_StateESt14default_deleteIS1_EEE7_M_headERS5_
FN:272,272,_ZNSt11_Tuple_implILm0EJPN12media_player6models13MetadataModelESt14default_deleteIS2_EEE7_M_headERKS6_
FN:272,272,_ZNSt11_Tuple_implILm0EJPN12media_player8services15IPlaybackEngineESt14default_deleteIS2_EEE7_M_headERKS6_
FN:272,272,_ZNSt11_Tuple_implILm0EJPNSt10filesystem7__cxx114path5_List5_ImplENS3_13_Impl_deleterEEE7_M_headERKS7_
FN:280,281,_ZNSt11_Tuple_implILm0EJPN12media_player8services15IPlaybackEngineESt14default_deleteIS2_EEEC2Ev
FN:280,281,_ZNSt11_Tuple_implILm0EJPN12media_player8services19AudioPlaybackEngineESt14default_deleteIS2_EEEC2Ev
FN:280,281,_ZNSt11_Tuple_implILm0EJPNSt6thread6_StateESt14default_deleteIS1_EEEC2Ev
FN:291,294,_ZNSt11_Tuple_implILm0EJMN12media_player11controllers16SourceControllerEFvvEPS2_EEC2IS4_JS5_EvEEOT_DpOT0_
FN:497,497,_ZNSt11_Tuple_implILm0EJRKlEE7_M_headERS2_
FN:497,497,_ZNSt11_Tuple_implILm0EJZN12media_player11controllers18HardwareController11autoConnectEvEUlvE_EE7_M_headERS4_
FN:497,497,_ZNSt11_Tuple_implILm1EJNSt10filesystem7__cxx114path5_List13_Impl_deleterEEE7_M_headERS5_
FN:497,497,_ZNSt11_Tuple_implILm1EJPN12media_player11controllers16SourceControllerEEE7_M_headERS4_
FN:497,497,_ZNSt11_Tuple_implILm1EJSt14default_deleteIN12media_player6models13MetadataModelEEEE7_M_headERS5_
FN:497,497,_ZNSt11_Tuple_implILm1EJSt14default_deleteIN12media_player8services15IPlaybackEngineEEEE7_M_headERS5_
FN:497,497,_ZNSt11_Tuple_implILm1EJSt14default_deleteIN12media_player8services19AudioPlaybackEngineEEEE7_M_headERS5_
FN:497,497,_ZNSt11_Tuple_implILm1EJSt14default_deleteINSt6thread6_StateEEEE7_M_headERS4_
FN:503,504,_ZNSt11_Tuple_implILm1EJSt14default_deleteIN12media_player8services15IPlaybackEngineEEEEC2Ev
FN:503,504,_ZNSt11_Tuple_implILm1EJSt14default_deleteIN12media_player8services19AudioPlaybackEngineEEEEC2Ev
FN:503,504,_ZNSt11_Tuple_implILm1EJSt14default_deleteINSt6thread6_StateEEEEC2Ev
FN:507,509,_ZNSt11_Tuple_implILm0EJRKlEEC2ES1_
FN:513,515,_ZNSt11_Tuple_implILm0EJZN12media_player11controllers18HardwareController11autoConnectEvEUlvE_EEC2IS3_EEOT_
FN:513,515,_ZNSt11_Tuple_implILm1EJPN12media_player11controllers16SourceControllerEEEC2IS3_EEOT_
FN:527,530,_ZNSt11_Tuple_implILm0EJRKlEEC2EOS2_
FN:81,82,_ZNSt10_Head_baseILm1ESt14default_deleteIN12media_player8services15IPlaybackEngineEELb1EEC2Ev
FN:81,82,_ZNSt10_Head_baseILm1ESt14default_deleteIN12media_player8services19AudioPlaybackEngineEELb1EEC2Ev
FN:81,82,_ZNSt10_Head_baseILm1ESt14default_deleteINSt6thread6_StateEELb1EEC2Ev
FN:874,876,_ZNSt5tupleIJRKlEEC2ILb1ELb1EEES1_
FN:889,891,_ZNSt5tupleIJZN12media_player11controllers18HardwareController11autoConnectEvEUlvE_EEC2IJS3_ELb1ELb1EEEDpOT_
FN:903,903,_ZNSt5tupleIJRKlEEC2EOS2_
FNDA:0,_ZNSt10_Head_baseILm1ENSt10filesystem7__cxx114path5_List13_Impl_deleterELb1EE7_M_headERS5_
FNDA:0,_ZNSt10_Head_baseILm1ESt14default_deleteIN12media_player6models13MetadataModelEELb1EE7_M_headERS5_
FNDA:0,_ZNSt10_Head_baseILm1ESt14default_deleteIN12media_player8services15IPlaybackEngineEELb1EE7_M_headERS5_
FNDA:66,_ZNSt10_Head_baseILm1ESt14default_deleteIN12media_player8services19AudioPlaybackEngineEELb1EE7_M_headERS5_
FNDA:0,_ZNSt10_Head_baseILm1ESt14default_deleteINSt6thread6_StateEELb1EE7_M_headERS4_
FNDA:66,_ZNSt5tupleIJPN12media_player8services15IPlaybackEngineESt14default_deleteIS2_EEEC2ILb1ELb1EEEv
FNDA:66,_ZNSt5tupleIJPN12media_player8services19AudioPlaybackEngineESt14default_deleteIS2_EEEC2ILb1ELb1EEEv
FNDA:0,_ZNSt5tupleIJPNSt6thread6_StateESt14default_deleteIS1_EEEC2ILb1ELb1EEEv
FNDA:2,_ZNSt5tupleIJMN12media_player11controllers16SourceControllerEFvvEPS2_EEC2IS4_S5_Lb1EEEOT_OT0_
FNDA:2,_ZSt12__get_helperILm0EMN12media_player11controllers16SourceControllerEFvvEJPS2_EERT0_RSt11_Tuple_implIXT_EJS6_DpT1_EE
FNDA:0,_ZSt12__get_helperILm0EPN12media_player6models13MetadataModelEJSt14default_deleteIS2_EEERT0_RSt11_Tuple_implIXT_EJS6_DpT1_EE
FNDA:0,_ZSt12__get_helperILm0EPN12media_player8services15IPlaybackEngineEJSt14default_deleteIS2_EEERT0_RSt11_Tuple_implIXT_EJS6_DpT1_EE
FNDA:264,_ZSt12__get_helperILm0EPN12media_player8services19AudioPlaybackEngineEJSt14default_deleteIS2_EEERT0_RSt11_Tuple_implIXT_EJS6_DpT1_EE
FNDA:0,_ZSt12__get_helperILm0EPNSt10filesystem7__cxx114path5_List5_ImplEJNS3_13_Impl_deleterEEERT0_RSt11_Tuple_implIXT_EJS7_DpT1_EE
FNDA:0,_ZSt12__get_helperILm0EPNSt6thread6_StateEJSt14default_deleteIS1_EEERT0_RSt11_Tuple_implIXT_EJS5_DpT1_EE
FNDA:5,_ZSt12__get_helperILm0ERKlJEERT0_RSt11_Tuple_implIXT_EJS2_DpT1_EE
FNDA:3,_ZSt12__get_helperILm0EZN12media_player11controllers18HardwareController11autoConnectEvEUlvE_JEERT0_RSt11_Tuple_implIXT_EJS4_DpT1_EE
FNDA:0,_ZSt12__get_helperILm1ENSt10filesystem7__cxx114path5_List13_Impl_deleterEJEERT0_RSt11_Tuple_implIXT_EJS5_DpT1_EE
FNDA:2,_ZSt12__get_helperILm1EPN12media_player11controllers16SourceControllerEJEERT0_RSt11_Tuple_implIXT_EJS4_DpT1_EE
FNDA:0,_ZSt12__get_helperILm1ESt14default_deleteIN12media_player6models13MetadataModelEEJEERT0_RSt11_Tuple_implIXT_EJS5_DpT1_EE
FNDA:0,_ZSt12__get_helperILm1ESt14default_deleteIN12media_player8services15IPlaybackEngineEEJEERT0_RSt11_Tuple_implIXT_EJS5_DpT1_EE
FNDA:66,_ZSt12__get_helperILm1ESt14default_deleteIN12media_player8services19AudioPlaybackEngineEEJEERT0_RSt11_Tuple_implIXT_EJS5_DpT1_EE
FNDA:0,_ZSt12__get_helperILm1ESt14default_deleteINSt6thread6_StateEEJEERT0_RSt11_Tuple_implIXT_EJS4_DpT1_EE
FNDA:0,_ZSt12__get_helperILm0EPN12media_player6models13MetadataModelEJSt14default_deleteIS2_EEERKT0_RKSt11_Tuple_implIXT_EJS6_DpT1_EE
FNDA:516,_ZSt12__get_helperILm0EPN12media_player8services15IPlaybackEngineEJSt14default_deleteIS2_EEERKT0_RKSt11_Tuple_implIXT_EJS6_DpT1_EE
FNDA:40399,_ZSt12__get_helperILm0EPNSt10filesystem7__cxx114path5_List5_ImplEJNS3_13_Impl_deleterEEERKT0_RKSt11_Tuple_implIXT_EJS7_DpT1_EE
FNDA:0,_ZSt3getILm0EJPN12media_player6models13MetadataModelESt14default_deleteIS2_EEERNSt13tuple_elementIXT_ESt5tupleIJDpT0_EEE4typeERSA_
FNDA:0,_ZSt3getILm0EJPN12media_player8services15IPlaybackEngineESt14default_deleteIS2_EEERNSt13tuple_elementIXT_ESt5tupleIJDpT0_EEE4typeERSA_
FNDA:264,_ZSt3getILm0EJPN12media_player8services19AudioPlaybackEngineESt14default_deleteIS2_EEERNSt13tuple_elementIXT_ESt5tupleIJDpT0_EEE4typeERSA_
FNDA:0,_ZSt3getILm0EJPNSt10filesystem7__cxx114path5_List5_ImplENS3_13_Impl_deleterEEERNSt13tuple_elementIXT_ESt5tupleIJDpT0_EEE4typeERSB_
FNDA:0,_ZSt3getILm0EJPNSt6thread6_StateESt14default_deleteIS1_EEERNSt13tuple_elementIXT_ESt5tupleIJDpT0_EEE4typeERS9_
FNDA:5,_ZSt3getILm0EJRKlEERNSt13tuple_elementIXT_ESt5tupleIJDpT0_EEE4typeERS6_
FNDA:0,_ZSt3getILm1EJPN12media_player6models13MetadataModelESt14default_deleteIS2_EEERNSt13tuple_elementIXT_ESt5tupleIJDpT0_EEE4typeERSA_
FNDA:0,_ZSt3getILm1EJPN12media_player8services15IPlaybackEngineESt14default_deleteIS2_EEERNSt13tuple_elementIXT_ESt5tupleIJDpT0_EEE4typeERSA_
FNDA:66,_ZSt3getILm1EJPN12media_player8services19AudioPlaybackEngineESt14default_deleteIS2_EEERNSt13tuple_elementIXT_ESt5tupleIJDpT0_EEE4typeERSA_
FNDA:0,_ZSt3getILm1EJPNSt10filesystem7__cxx114path5_List5_ImplENS3_13_Impl_deleterEEERNSt13tuple_elementIXT_ESt5tupleIJDpT0_EEE4typeERSB_
FNDA:0,_ZSt3getILm1EJPNSt6thread6_StateESt14default_deleteIS1_EEERNSt13tuple_elementIXT_ESt5tupleIJDpT0_EEE4typeERS9_
FNDA:0,_ZSt3getILm0EJPN12media_player6models13MetadataModelESt14default_deleteIS2_EEERKNSt13tuple_elementIXT_ESt5tupleIJDpT0_EEE4typeERKSA_
FNDA:516,_ZSt3getILm0EJPN12media_player8services15IPlaybackEngineESt14default_deleteIS2_EEERKNSt13tuple_elementIXT_ESt5tupleIJDpT0_EEE4typeERKSA_
FNDA:40399,_ZSt3getILm0EJPNSt10filesystem7__cxx114path5_List5_ImplENS3_13_Impl_deleterEEERKNSt13tuple_elementIXT_ESt5tupleIJDpT0_EEE4typeERKSB_
FNDA:2,_ZSt3getILm0EJMN12media_player11controllers16SourceControllerEFvvEPS2_EEONSt13tuple_elementIXT_ESt5tupleIJDpT0_EEE4typeEOSA_
FNDA:3,_ZSt3getILm0EJZN12media_player11controllers18HardwareController11autoConnectEvEUlvE_EEONSt13tuple_elementIXT_ESt5tupleIJDpT0_EEE4typeEOS8_
FNDA:2,_ZSt3getILm1EJMN12media_player11controllers16SourceControllerEFvvEPS2_EEONSt13tuple_elementIXT_ESt5tupleIJDpT0_EEE4typeEOSA_
FNDA:66,_ZNSt10_Head_baseILm0EPN12media_player8services15IPlaybackEngineELb0EEC2Ev
FNDA:66,_ZNSt10_Head_baseILm0EPN12media_player8services19AudioPlaybackEngineELb0EEC2Ev
FNDA:0,_ZNSt10_Head_baseILm0EPNSt6thread6_StateELb0EEC2Ev
FNDA:5,_ZNSt10_Head_baseILm0ERKlLb0EEC2ES1_
FNDA:2,_ZNSt10_Head_baseILm0EMN12media_player11controllers16SourceControllerEFvvELb0EEC2IS4_EEOT_
FNDA:3,_ZNSt10_Head_baseILm0EZN12media_player11controllers18HardwareController11autoConnectEvEUlvE_Lb0EEC2IS3_EEOT_
FNDA:2,_ZNSt10_Head_baseILm1EPN12media_player11controllers16SourceControllerELb0EEC2IS3_EEOT_
FNDA:5,_ZNSt4pairIKllEC2IJRS0_EJEEESt21piecewise_construct_tSt5tupleIJDpT_EES5_IJDpT0_EE
FNDA:5,_ZNSt4pairIKllEC2IJRS0_EJLm0EEJEJEEERSt5tupleIJDpT_EERS4_IJDpT1_EESt12_Index_tupleIJXspT0_EEESD_IJXspT2_EEE
FNDA:2,_ZNSt10_Head_baseILm0EMN12media_player11controllers16SourceControllerEFvvELb0EE7_M_headERS5_
FNDA:0,_ZNSt10_Head_baseILm0EPN12media_player6models13MetadataModelELb0EE7_M_headERS4_
FNDA:0,_ZNSt10_Head_baseILm0EPN12media_player8services15IPlaybackEngineELb0EE7_M_headERS4_
FNDA:264,_ZNSt10_Head_baseILm0EPN12media_player8services19AudioPlaybackEngineELb0EE7_M_headERS4_
FNDA:0,_ZNSt10_Head_baseILm0EPNSt10filesystem7__cxx114path5_List5_ImplELb0EE7_M_headERS6_
FNDA:0,_ZNSt10_Head_baseILm0EPNSt6thread6_StateELb0EE7_M_headERS3_
FNDA:5,_ZNSt10_Head_baseILm0ERKlLb0EE7_M_headERS2_
FNDA:3,_ZNSt10_Head_baseILm0EZN12media_player11controllers18HardwareController11autoConnectEvEUlvE_Lb0EE7_M_headERS4_
FNDA:2,_ZNSt10_Head_baseILm1EPN12media_player11controllers16SourceControllerELb0EE7_M_headERS4_
FNDA:0,_ZNSt10_Head_baseILm0EPN12media_player6models13MetadataModelELb0EE7_M_headERKS4_
FNDA:516,_ZNSt10_Head_baseILm0EPN12media_player8services15IPlaybackEngineELb0EE7_M_headERKS4_
FNDA:40399,_ZNSt10_Head_baseILm0EPNSt10filesystem7__cxx114path5_List5_ImplELb0EE7_M_headERKS6_
FNDA:2,_ZNSt11_Tuple_implILm0EJMN12media_player11controllers16SourceControllerEFvvEPS2_EE7_M_headERS6_
FNDA:0,_ZNSt11_Tuple_implILm0EJPN12media_player6models13MetadataModelESt14default_deleteIS2_EEE7_M_headERS6_
FNDA:0,_ZNSt11_Tuple_implILm0EJPN12media_player8services15IPlaybackEngineESt14default_deleteIS2_EEE7_M_headERS6_
FNDA:264,_ZNSt11_Tuple_implILm0EJPN12media_player8services19AudioPlaybackEngineESt14default_deleteIS2_EEE7_M_headERS6_
FNDA:0,_ZNSt11_Tuple_implILm0EJPNSt10filesystem7__cxx114path5_List5_ImplENS3_13_Impl_deleterEEE7_M_headERS7_
FNDA:0,_ZNSt11_Tuple_implILm0EJPNSt6thread6_StateESt14default_deleteIS1_EEE7_M_headERS5_
FNDA:0,_ZNSt11_Tuple_implILm0EJPN12media_player6models13MetadataModelESt14default_deleteIS2_EEE7_M_headERKS6_
FNDA:516,_ZNSt11_Tuple_implILm0EJPN12media_player8services15IPlaybackEngineESt14default_deleteIS2_EEE7_M_headERKS6_
FNDA:40399,_ZNSt11_Tuple_implILm0EJPNSt10filesystem7__cxx114path5_List5_ImplENS3_13_Impl_deleterEEE7_M_headERKS7_
FNDA:66,_ZNSt11_Tuple_implILm0EJPN12media_player8services15IPlaybackEngineESt14default_deleteIS2_EEEC2Ev
FNDA:66,_ZNSt11_Tuple_implILm0EJPN12media_player8services19AudioPlaybackEngineESt14default_deleteIS2_EEEC2Ev
FNDA:0,_ZNSt11_Tuple_implILm0EJPNSt6thread6_StateESt14default_deleteIS1_EEEC2Ev
FNDA:2,_ZNSt11_Tuple_implILm0EJMN12media_player11controllers16SourceControllerEFvvEPS2_EEC2IS4_JS5_EvEEOT_DpOT0_
FNDA:5,_ZNSt11_Tuple_implILm0EJRKlEE7_M_headERS2_
FNDA:3,_ZNSt11_Tuple_implILm0EJZN12media_player11controllers18HardwareController11autoConnectEvEUlvE_EE7_M_headERS4_
FNDA:0,_ZNSt11_Tuple_implILm1EJNSt10filesystem7__cxx114path5_List13_Impl_deleterEEE7_M_headERS5_
FNDA:2,_ZNSt11_Tuple_implILm1EJPN12media_player11controllers16SourceControllerEEE7_M_headERS4_
FNDA:0,_ZNSt11_Tuple_implILm1EJSt14default_deleteIN12media_player6models13MetadataModelEEEE7_M_headERS5_
FNDA:0,_ZNSt11_Tuple_implILm1EJSt14default_deleteIN12media_player8services15IPlaybackEngineEEEE7_M_headERS5_
FNDA:66,_ZNSt11_Tuple_implILm1EJSt14default_deleteIN12media_player8services19AudioPlaybackEngineEEEE7_M_headERS5_
FNDA:0,_ZNSt11_Tuple_implILm1EJSt14default_deleteINSt6thread6_StateEEEE7_M_headERS4_
FNDA:66,_ZNSt11_Tuple_implILm1EJSt14default_deleteIN12media_player8services15IPlaybackEngineEEEEC2Ev
FNDA:66,_ZNSt11_Tuple_implILm1EJSt14default_deleteIN12media_player8services19AudioPlaybackEngineEEEEC2Ev
FNDA:0,_ZNSt11_Tuple_implILm1EJSt14default_deleteINSt6thread6_StateEEEEC2Ev
FNDA:5,_ZNSt11_Tuple_implILm0EJRKlEEC2ES1_
FNDA:3,_ZNSt11_Tuple_implILm0EJZN12media_player11controllers18HardwareController11autoConnectEvEUlvE_EEC2IS3_EEOT_
FNDA:2,_ZNSt11_Tuple_implILm1EJPN12media_player11controllers16SourceControllerEEEC2IS3_EEOT_
FNDA:5,_ZNSt11_Tuple_implILm0EJRKlEEC2EOS2_
FNDA:66,_ZNSt10_Head_baseILm1ESt14default_deleteIN12media_player8services15IPlaybackEngineEELb1EEC2Ev
FNDA:66,_ZNSt10_Head_baseILm1ESt14default_deleteIN12media_player8services19AudioPlaybackEngineEELb1EEC2Ev
FNDA:0,_ZNSt10_Head_baseILm1ESt14default_deleteINSt6thread6_StateEELb1EEC2Ev
FNDA:5,_ZNSt5tupleIJRKlEEC2ILb1ELb1EEES1_
FNDA:3,_ZNSt5tupleIJZN12media_player11controllers18HardwareController11autoConnectEvEUlvE_EEC2IJS3_ELb1ELb1EEEDpOT_
FNDA:5,_ZNSt5tupleIJRKlEEC2EOS2_
FNF:98
FNH:57
DA:81,132
DA:82,132
DA:125,66
DA:190,132
DA:191,132
DA:193,5
DA:194,5
DA:200,7
DA:201,7
DA:234,276
DA:237,40915
DA:269,266
DA:272,40915
DA:280,132
DA:281,132
DA:291,2
DA:293,2
DA:294,2
DA:497,76
DA:503,132
DA:504,132
DA:507,5
DA:508,5
DA:509,5
DA:513,5
DA:514,5
DA:515,5
DA:527,5
DA:529,5
DA:530,5
DA:874,5
DA:876,5
DA:889,3
DA:891,3
DA:903,5
DA:1317,132
DA:1319,132
DA:1345,2
DA:1347,2
DA:1787,342
DA:1788,342
DA:1792,40915
DA:1793,40915
DA:1803,335
DA:1804,335
DA:1809,40915
DA:1810,40915
DA:1815,7
DA:1818,7
DA:2252,5
DA:2257,5
DA:2258,5
DA:2264,5
DA:2267,5
DA:2268,5
DA:2269,5
LF:56
LH:56
end_of_record
TN:
SF:/usr/include/c++/13/type_traits
FN:67,67,_ZNKSt17integral_constantIbLb1EEcvbEv
FNDA:0,_ZNKSt17integral_constantIbLb1EEcvbEv
FNF:1
FNH:0
DA:67,0
LF:1
LH:0
end_of_record
TN:
SF:/usr/include/c++/13/typeinfo
FN:103,104,_ZNKSt9type_info4nameEv
FN:193,210,_ZNKSt9type_infoeqERKS_
FNDA:0,_ZNKSt9type_info4nameEv
FNDA:0,_ZNKSt9type_infoeqERKS_
FNF:2
FNH:0
BRDA:104,0,0,-
BRDA:104,0,1,-
BRDA:195,0,0,-
BRDA:195,0,1,-
BRDA:198,0,0,-
BRDA:198,0,1,-
BRDA:206,0,0,-
BRDA:206,0,1,-
BRDA:206,0,2,-
BRDA:206,0,3,-
BRF:10
BRH:0
DA:103,0
DA:104,0
DA:193,0
DA:195,0
DA:196,0
DA:198,0
DA:199,0
DA:206,0
LF:8
LH:0
end_of_record
TN:
SF:/usr/include/x86_64-linux-gnu/c++/13/bits/c++config.h
FN:540,551,_ZSt23__is_constant_evaluatedv
FNDA:0,_ZSt23__is_constant_evaluatedv
FNF:1
FNH:0
DA:322,0
DA:540,0
DA:547,0
LF:3
LH:0
end_of_record
TN:
SF:/usr/include/x86_64-linux-gnu/c++/13/bits/ctype_inline.h
FN:42,44,_ZNKSt5ctypeIcE2isEtc
FNDA:1554,_ZNKSt5ctypeIcE2isEtc
FNF:1
FNH:1
DA:42,1554
DA:44,1554
LF:2
LH:2
end_of_record
TN:
SF:/usr/include/x86_64-linux-gnu/c++/13/bits/gthr-default.h
FN:300,303,_ZL18__gthread_active_pv
FN:746,752,_ZL20__gthread_mutex_lockP15pthread_mutex_t
FN:776,782,_ZL22__gthread_mutex_unlockP15pthread_mutex_t
FN:809,812,_ZL30__gthread_recursive_mutex_lockP15pthread_mutex_t
FN:830,833,_ZL32__gthread_recursive_mutex_unlockP15pthread_mutex_t
FNDA:1174,_ZL18__gthread_active_pv
FNDA:587,_ZL20__gthread_mutex_lockP15pthread_mutex_t
FNDA:587,_ZL22__gthread_mutex_unlockP15pthread_mutex_t
FNDA:587,_ZL30__gthread_recursive_mutex_lockP15pthread_mutex_t
FNDA:587,_ZL32__gthread_recursive_mutex_unlockP15pthread_mutex_t
FNF:5
FNH:5
BRDA:748,0,0,587
BRDA:748,0,1,0
BRDA:778,0,0,587
BRDA:778,0,1,0
BRF:4
BRH:2
DA:300,1174
DA:302,1174
DA:746,587
DA:748,587
DA:749,587
DA:751,0
DA:776,587
DA:778,587
DA:779,587
DA:781,0
DA:809,587
DA:811,587
DA:830,587
DA:832,587
LF:14
LH:12
end_of_record
