        -:    0:Source:/home/duong/MediaPlayerApp/build/_deps/googletest-src/googlemock/include/gmock/gmock-spec-builders.h
        -:    0:Graph:/home/duong/MediaPlayerApp/build/CMakeFiles/RunTests.dir/tests/controllers/HardwareControllerTest.cpp.gcno
        -:    0:Data:/home/duong/MediaPlayerApp/build/CMakeFiles/RunTests.dir/tests/controllers/HardwareControllerTest.cpp.gcda
        -:    0:Runs:5
        -:    1:// Copyright 2007, Google Inc.
        -:    2:// All rights reserved.
        -:    3://
        -:    4:// Redistribution and use in source and binary forms, with or without
        -:    5:// modification, are permitted provided that the following conditions are
        -:    6:// met:
        -:    7://
        -:    8://     * Redistributions of source code must retain the above copyright
        -:    9:// notice, this list of conditions and the following disclaimer.
        -:   10://     * Redistributions in binary form must reproduce the above
        -:   11:// copyright notice, this list of conditions and the following disclaimer
        -:   12:// in the documentation and/or other materials provided with the
        -:   13:// distribution.
        -:   14://     * Neither the name of Google Inc. nor the names of its
        -:   15:// contributors may be used to endorse or promote products derived from
        -:   16:// this software without specific prior written permission.
        -:   17://
        -:   18:// THIS SOFTWARE IS PROVIDED BY THE COPYRIGHT HOLDERS AND CONTRIBUTORS
        -:   19:// "AS IS" AND ANY EXPRESS OR IMPLIED WARRANTIES, INCLUDING, BUT NOT
        -:   20:// LIMITED TO, THE IMPLIED WARRANTIES OF MERCHANTABILITY AND FITNESS FOR
        -:   21:// A PARTICULAR PURPOSE ARE DISCLAIMED. IN NO EVENT SHALL THE COPYRIGHT
        -:   22:// OWNER OR CONTRIBUTORS BE LIABLE FOR ANY DIRECT, INDIRECT, INCIDENTAL,
        -:   23:// SPECIAL, EXEMPLARY, OR CONSEQUENTIAL DAMAGES (INCLUDING, BUT NOT
        -:   24:// LIMITED TO, PROCUREMENT OF SUBSTITUTE GOODS OR SERVICES; LOSS OF USE,
        -:   25:// DATA, OR PROFITS; OR BUSINESS INTERRUPTION) HOWEVER CAUSED AND ON ANY
        -:   26:// THEORY OF LIABILITY, WHETHER IN CONTRACT, STRICT LIABILITY, OR TORT
        -:   27:// (INCLUDING NEGLIGENCE OR OTHERWISE) ARISING IN ANY WAY OUT OF THE USE
        -:   28:// OF THIS SOFTWARE, EVEN IF ADVISED OF THE POSSIBILITY OF SUCH DAMAGE.
        -:   29:
        -:   30:// Google Mock - a framework for writing C++ mock classes.
        -:   31://
        -:   32:// This file implements the ON_CALL() and EXPECT_CALL() macros.
        -:   33://
        -:   34:// A user can use the ON_CALL() macro to specify the default action of
        -:   35:// a mock method.  The syntax is:
        -:   36://
        -:   37://   ON_CALL(mock_object, Method(argument-matchers))
        -:   38://       .With(multi-argument-matcher)
        -:   39://       .WillByDefault(action);
        -:   40://
        -:   41://  where the .With() clause is optional.
        -:   42://
        -:   43:// A user can use the EXPECT_CALL() macro to specify an expectation on
        -:   44:// a mock method.  The syntax is:
        -:   45://
        -:   46://   EXPECT_CALL(mock_object, Method(argument-matchers))
        -:   47://       .With(multi-argument-matchers)
        -:   48://       .Times(cardinality)
        -:   49://       .InSequence(sequences)
        -:   50://       .After(expectations)
        -:   51://       .WillOnce(action)
        -:   52://       .WillRepeatedly(action)
        -:   53://       .RetiresOnSaturation();
        -:   54://
        -:   55:// where all clauses are optional, and .InSequence()/.After()/
        -:   56:// .WillOnce() can appear any number of times.
        -:   57:
        -:   58:// IWYU pragma: private, include "gmock/gmock.h"
        -:   59:// IWYU pragma: friend gmock/.*
        -:   60:
        -:   61:#ifndef GOOGLEMOCK_INCLUDE_GMOCK_GMOCK_SPEC_BUILDERS_H_
        -:   62:#define GOOGLEMOCK_INCLUDE_GMOCK_GMOCK_SPEC_BUILDERS_H_
        -:   63:
        -:   64:#include <cstdint>
        -:   65:#include <functional>
        -:   66:#include <map>
        -:   67:#include <memory>
        -:   68:#include <ostream>
        -:   69:#include <set>
        -:   70:#include <sstream>
        -:   71:#include <string>
        -:   72:#include <type_traits>
        -:   73:#include <utility>
        -:   74:#include <vector>
        -:   75:
        -:   76:#include "gmock/gmock-actions.h"
        -:   77:#include "gmock/gmock-cardinalities.h"
        -:   78:#include "gmock/gmock-matchers.h"
        -:   79:#include "gmock/internal/gmock-internal-utils.h"
        -:   80:#include "gmock/internal/gmock-port.h"
        -:   81:#include "gtest/gtest.h"
        -:   82:
        -:   83:#if GTEST_HAS_EXCEPTIONS
        -:   84:#include <stdexcept>  // NOLINT
        -:   85:#endif
        -:   86:
        -:   87:GTEST_DISABLE_MSC_WARNINGS_PUSH_(4251 \
        -:   88:/* class A needs to have dll-interface to be used by clients of class B */)
        -:   89:
        -:   90:namespace testing {
        -:   91:
        -:   92:// An abstract handle of an expectation.
        -:   93:class Expectation;
        -:   94:
        -:   95:// A set of expectation handles.
        -:   96:class ExpectationSet;
        -:   97:
        -:   98:// Anything inside the 'internal' namespace IS INTERNAL IMPLEMENTATION
        -:   99:// and MUST NOT BE USED IN USER CODE!!!
        -:  100:namespace internal {
        -:  101:
        -:  102:// Implements a mock function.
        -:  103:template <typename F>
        -:  104:class FunctionMocker;
        -:  105:
        -:  106:// Base class for expectations.
        -:  107:class ExpectationBase;
        -:  108:
        -:  109:// Implements an expectation.
        -:  110:template <typename F>
        -:  111:class TypedExpectation;
        -:  112:
        -:  113:// Helper class for testing the Expectation class template.
        -:  114:class ExpectationTester;
        -:  115:
        -:  116:// Helper classes for implementing NiceMock, StrictMock, and NaggyMock.
        -:  117:template <typename MockClass>
        -:  118:class NiceMockImpl;
        -:  119:template <typename MockClass>
        -:  120:class StrictMockImpl;
        -:  121:template <typename MockClass>
        -:  122:class NaggyMockImpl;
        -:  123:
        -:  124:// Protects the mock object registry (in class Mock), all function
        -:  125:// mockers, and all expectations.
        -:  126://
        -:  127:// The reason we don't use more fine-grained protection is: when a
        -:  128:// mock function Foo() is called, it needs to consult its expectations
        -:  129:// to see which one should be picked.  If another thread is allowed to
        -:  130:// call a mock function (either Foo() or a different one) at the same
        -:  131:// time, it could affect the "retired" attributes of Foo()'s
        -:  132:// expectations when InSequence() is used, and thus affect which
        -:  133:// expectation gets picked.  Therefore, we sequence all mock function
        -:  134:// calls to ensure the integrity of the mock objects' states.
        -:  135:GTEST_API_ GTEST_DECLARE_STATIC_MUTEX_(g_gmock_mutex);
        -:  136:
        -:  137:// Abstract base class of FunctionMocker.  This is the
        -:  138:// type-agnostic part of the function mocker interface.  Its pure
        -:  139:// virtual methods are implemented by FunctionMocker.
        -:  140:class GTEST_API_ UntypedFunctionMockerBase {
        -:  141: public:
        -:  142:  UntypedFunctionMockerBase();
        -:  143:  virtual ~UntypedFunctionMockerBase();
        -:  144:
        -:  145:  // Verifies that all expectations on this mock function have been
        -:  146:  // satisfied.  Reports one or more Google Test non-fatal failures
        -:  147:  // and returns false if not.
        -:  148:  bool VerifyAndClearExpectationsLocked()
        -:  149:      GTEST_EXCLUSIVE_LOCK_REQUIRED_(g_gmock_mutex);
        -:  150:
        -:  151:  // Clears the ON_CALL()s set on this mock function.
        -:  152:  virtual void ClearDefaultActionsLocked()
        -:  153:      GTEST_EXCLUSIVE_LOCK_REQUIRED_(g_gmock_mutex) = 0;
        -:  154:
        -:  155:  // In all of the following Untyped* functions, it's the caller's
        -:  156:  // responsibility to guarantee the correctness of the arguments'
        -:  157:  // types.
        -:  158:
        -:  159:  // Writes a message that the call is uninteresting (i.e. neither
        -:  160:  // explicitly expected nor explicitly unexpected) to the given
        -:  161:  // ostream.
        -:  162:  virtual void UntypedDescribeUninterestingCall(const void* untyped_args,
        -:  163:                                                ::std::ostream* os) const
        -:  164:      GTEST_LOCK_EXCLUDED_(g_gmock_mutex) = 0;
        -:  165:
        -:  166:  // Returns the expectation that matches the given function arguments
        -:  167:  // (or NULL is there's no match); when a match is found,
        -:  168:  // untyped_action is set to point to the action that should be
        -:  169:  // performed (or NULL if the action is "do default"), and
        -:  170:  // is_excessive is modified to indicate whether the call exceeds the
        -:  171:  // expected number.
        -:  172:  virtual const ExpectationBase* UntypedFindMatchingExpectation(
        -:  173:      const void* untyped_args, const void** untyped_action, bool* is_excessive,
        -:  174:      ::std::ostream* what, ::std::ostream* why)
        -:  175:      GTEST_LOCK_EXCLUDED_(g_gmock_mutex) = 0;
        -:  176:
        -:  177:  // Prints the given function arguments to the ostream.
        -:  178:  virtual void UntypedPrintArgs(const void* untyped_args,
        -:  179:                                ::std::ostream* os) const = 0;
        -:  180:
        -:  181:  // Sets the mock object this mock method belongs to, and registers
        -:  182:  // this information in the global mock registry.  Will be called
        -:  183:  // whenever an EXPECT_CALL() or ON_CALL() is executed on this mock
        -:  184:  // method.
        -:  185:  void RegisterOwner(const void* mock_obj) GTEST_LOCK_EXCLUDED_(g_gmock_mutex);
        -:  186:
        -:  187:  // Sets the mock object this mock method belongs to, and sets the
        -:  188:  // name of the mock function.  Will be called upon each invocation
        -:  189:  // of this mock function.
        -:  190:  void SetOwnerAndName(const void* mock_obj, const char* name)
        -:  191:      GTEST_LOCK_EXCLUDED_(g_gmock_mutex);
        -:  192:
        -:  193:  // Returns the mock object this mock method belongs to.  Must be
        -:  194:  // called after RegisterOwner() or SetOwnerAndName() has been
        -:  195:  // called.
        -:  196:  const void* MockObject() const GTEST_LOCK_EXCLUDED_(g_gmock_mutex);
        -:  197:
        -:  198:  // Returns the name of this mock method.  Must be called after
        -:  199:  // SetOwnerAndName() has been called.
        -:  200:  const char* Name() const GTEST_LOCK_EXCLUDED_(g_gmock_mutex);
        -:  201:
        -:  202: protected:
        -:  203:  typedef std::vector<const void*> UntypedOnCallSpecs;
        -:  204:
        -:  205:  using UntypedExpectations = std::vector<std::shared_ptr<ExpectationBase>>;
        -:  206:
        -:  207:  struct UninterestingCallCleanupHandler;
        -:  208:  struct FailureCleanupHandler;
        -:  209:
        -:  210:  // Returns an Expectation object that references and co-owns exp,
        -:  211:  // which must be an expectation on this mock function.
        -:  212:  Expectation GetHandleOf(ExpectationBase* exp);
        -:  213:
        -:  214:  // Address of the mock object this mock method belongs to.  Only
        -:  215:  // valid after this mock method has been called or
        -:  216:  // ON_CALL/EXPECT_CALL has been invoked on it.
        -:  217:  const void* mock_obj_;  // Protected by g_gmock_mutex.
        -:  218:
        -:  219:  // Name of the function being mocked.  Only valid after this mock
        -:  220:  // method has been called.
        -:  221:  const char* name_;  // Protected by g_gmock_mutex.
        -:  222:
        -:  223:  // All default action specs for this function mocker.
        -:  224:  UntypedOnCallSpecs untyped_on_call_specs_;
        -:  225:
        -:  226:  // All expectations for this function mocker.
        -:  227:  //
        -:  228:  // It's undefined behavior to interleave expectations (EXPECT_CALLs
        -:  229:  // or ON_CALLs) and mock function calls.  Also, the order of
        -:  230:  // expectations is important.  Therefore it's a logic race condition
        -:  231:  // to read/write untyped_expectations_ concurrently.  In order for
        -:  232:  // tools like tsan to catch concurrent read/write accesses to
        -:  233:  // untyped_expectations, we deliberately leave accesses to it
        -:  234:  // unprotected.
        -:  235:  UntypedExpectations untyped_expectations_;
        -:  236:};  // class UntypedFunctionMockerBase
        -:  237:
        -:  238:// Untyped base class for OnCallSpec<F>.
        -:  239:class UntypedOnCallSpecBase {
        -:  240: public:
        -:  241:  // The arguments are the location of the ON_CALL() statement.
        -:  242:  UntypedOnCallSpecBase(const char* a_file, int a_line)
        -:  243:      : file_(a_file), line_(a_line), last_clause_(kNone) {}
        -:  244:
        -:  245:  // Where in the source file was the default action spec defined?
    #####:  246:  const char* file() const { return file_; }
    #####:  247:  int line() const { return line_; }
        -:  248:
        -:  249: protected:
        -:  250:  // Gives each clause in the ON_CALL() statement a name.
        -:  251:  enum Clause {
        -:  252:    // Do not change the order of the enum members!  The run-time
        -:  253:    // syntax checking relies on it.
        -:  254:    kNone,
        -:  255:    kWith,
        -:  256:    kWillByDefault
        -:  257:  };
        -:  258:
        -:  259:  // Asserts that the ON_CALL() statement has a certain property.
    #####:  260:  void AssertSpecProperty(bool property,
        -:  261:                          const std::string& failure_message) const {
    #####:  262:    Assert(property, file_, line_, failure_message);
    #####:  263:  }
        -:  264:
        -:  265:  // Expects that the ON_CALL() statement has a certain property.
        -:  266:  void ExpectSpecProperty(bool property,
        -:  267:                          const std::string& failure_message) const {
        -:  268:    Expect(property, file_, line_, failure_message);
        -:  269:  }
        -:  270:
        -:  271:  const char* file_;
        -:  272:  int line_;
        -:  273:
        -:  274:  // The last clause in the ON_CALL() statement as seen so far.
        -:  275:  // Initially kNone and changes as the statement is parsed.
        -:  276:  Clause last_clause_;
        -:  277:};  // class UntypedOnCallSpecBase
        -:  278:
        -:  279:// This template class implements an ON_CALL spec.
        -:  280:template <typename F>
        -:  281:class OnCallSpec : public UntypedOnCallSpecBase {
        -:  282: public:
        -:  283:  typedef typename Function<F>::ArgumentTuple ArgumentTuple;
        -:  284:  typedef typename Function<F>::ArgumentMatcherTuple ArgumentMatcherTuple;
        -:  285:
        -:  286:  // Constructs an OnCallSpec object from the information inside
        -:  287:  // the parenthesis of an ON_CALL() statement.
        -:  288:  OnCallSpec(const char* a_file, int a_line,
        -:  289:             const ArgumentMatcherTuple& matchers)
        -:  290:      : UntypedOnCallSpecBase(a_file, a_line),
        -:  291:        matchers_(matchers),
        -:  292:        // By default, extra_matcher_ should match anything.  However,
        -:  293:        // we cannot initialize it with _ as that causes ambiguity between
        -:  294:        // Matcher's copy and move constructor for some argument types.
        -:  295:        extra_matcher_(A<const ArgumentTuple&>()) {}
        -:  296:
        -:  297:  // Implements the .With() clause.
        -:  298:  OnCallSpec& With(const Matcher<const ArgumentTuple&>& m) {
        -:  299:    // Makes sure this is called at most once.
        -:  300:    ExpectSpecProperty(last_clause_ < kWith,
        -:  301:                       ".With() cannot appear "
        -:  302:                       "more than once in an ON_CALL().");
        -:  303:    last_clause_ = kWith;
        -:  304:
        -:  305:    extra_matcher_ = m;
        -:  306:    return *this;
        -:  307:  }
        -:  308:
        -:  309:  // Implements the .WillByDefault() clause.
        -:  310:  OnCallSpec& WillByDefault(const Action<F>& action) {
        -:  311:    ExpectSpecProperty(last_clause_ < kWillByDefault,
        -:  312:                       ".WillByDefault() must appear "
        -:  313:                       "exactly once in an ON_CALL().");
        -:  314:    last_clause_ = kWillByDefault;
        -:  315:
        -:  316:    ExpectSpecProperty(!action.IsDoDefault(),
        -:  317:                       "DoDefault() cannot be used in ON_CALL().");
        -:  318:    action_ = action;
        -:  319:    return *this;
        -:  320:  }
        -:  321:
        -:  322:  // Returns true if and only if the given arguments match the matchers.
    #####:  323:  bool Matches(const ArgumentTuple& args) const {
    #####:  324:    return TupleMatches(matchers_, args) && extra_matcher_.Matches(args);
        -:  325:  }
------------------
_ZNK7testing8internal10OnCallSpecIFvSt8functionIFvRKNSt7__cxx1112basic_stringIcSt11char_traitsIcESaIcEEEEEEE7MatchesERKSt5tupleIJSC_EE:
    #####:  323:  bool Matches(const ArgumentTuple& args) const {
    #####:  324:    return TupleMatches(matchers_, args) && extra_matcher_.Matches(args);
        -:  325:  }
------------------
_ZNK7testing8internal10OnCallSpecIFNSt7__cxx1112basic_stringIcSt11char_traitsIcESaIcEEEvEE7MatchesERKSt5tupleIJEE:
    #####:  323:  bool Matches(const ArgumentTuple& args) const {
    #####:  324:    return TupleMatches(matchers_, args) && extra_matcher_.Matches(args);
        -:  325:  }
------------------
_ZNK7testing8internal10OnCallSpecIFbRKNSt7__cxx1112basic_stringIcSt11char_traitsIcESaIcEEEEE7MatchesERKSt5tupleIJS9_EE:
    #####:  323:  bool Matches(const ArgumentTuple& args) const {
    #####:  324:    return TupleMatches(matchers_, args) && extra_matcher_.Matches(args);
        -:  325:  }
------------------
_ZNK7testing8internal10OnCallSpecIFbvEE7MatchesERKSt5tupleIJEE:
    #####:  323:  bool Matches(const ArgumentTuple& args) const {
    #####:  324:    return TupleMatches(matchers_, args) && extra_matcher_.Matches(args);
        -:  325:  }
------------------
_ZNK7testing8internal10OnCallSpecIFvvEE7MatchesERKSt5tupleIJEE:
    #####:  323:  bool Matches(const ArgumentTuple& args) const {
    #####:  324:    return TupleMatches(matchers_, args) && extra_matcher_.Matches(args);
        -:  325:  }
------------------
_ZNK7testing8internal10OnCallSpecIFbRKNSt7__cxx1112basic_stringIcSt11char_traitsIcESaIcEEEiEE7MatchesERKSt5tupleIJS9_iEE:
    #####:  323:  bool Matches(const ArgumentTuple& args) const {
    #####:  324:    return TupleMatches(matchers_, args) && extra_matcher_.Matches(args);
        -:  325:  }
------------------
        -:  326:
        -:  327:  // Returns the action specified by the user.
    #####:  328:  const Action<F>& GetAction() const {
    #####:  329:    AssertSpecProperty(last_clause_ == kWillByDefault,
        -:  330:                       ".WillByDefault() must appear exactly "
        -:  331:                       "once in an ON_CALL().");
    #####:  332:    return action_;
        -:  333:  }
------------------
_ZNK7testing8internal10OnCallSpecIFvSt8functionIFvRKNSt7__cxx1112basic_stringIcSt11char_traitsIcESaIcEEEEEEE9GetActionEv:
    #####:  328:  const Action<F>& GetAction() const {
    #####:  329:    AssertSpecProperty(last_clause_ == kWillByDefault,
        -:  330:                       ".WillByDefault() must appear exactly "
        -:  331:                       "once in an ON_CALL().");
    #####:  332:    return action_;
        -:  333:  }
------------------
_ZNK7testing8internal10OnCallSpecIFNSt7__cxx1112basic_stringIcSt11char_traitsIcESaIcEEEvEE9GetActionEv:
    #####:  328:  const Action<F>& GetAction() const {
    #####:  329:    AssertSpecProperty(last_clause_ == kWillByDefault,
        -:  330:                       ".WillByDefault() must appear exactly "
        -:  331:                       "once in an ON_CALL().");
    #####:  332:    return action_;
        -:  333:  }
------------------
_ZNK7testing8internal10OnCallSpecIFbRKNSt7__cxx1112basic_stringIcSt11char_traitsIcESaIcEEEEE9GetActionEv:
    #####:  328:  const Action<F>& GetAction() const {
    #####:  329:    AssertSpecProperty(last_clause_ == kWillByDefault,
        -:  330:                       ".WillByDefault() must appear exactly "
        -:  331:                       "once in an ON_CALL().");
    #####:  332:    return action_;
        -:  333:  }
------------------
_ZNK7testing8internal10OnCallSpecIFbvEE9GetActionEv:
    #####:  328:  const Action<F>& GetAction() const {
    #####:  329:    AssertSpecProperty(last_clause_ == kWillByDefault,
        -:  330:                       ".WillByDefault() must appear exactly "
        -:  331:                       "once in an ON_CALL().");
    #####:  332:    return action_;
        -:  333:  }
------------------
_ZNK7testing8internal10OnCallSpecIFvvEE9GetActionEv:
    #####:  328:  const Action<F>& GetAction() const {
    #####:  329:    AssertSpecProperty(last_clause_ == kWillByDefault,
        -:  330:                       ".WillByDefault() must appear exactly "
        -:  331:                       "once in an ON_CALL().");
    #####:  332:    return action_;
        -:  333:  }
------------------
_ZNK7testing8internal10OnCallSpecIFbRKNSt7__cxx1112basic_stringIcSt11char_traitsIcESaIcEEEiEE9GetActionEv:
    #####:  328:  const Action<F>& GetAction() const {
    #####:  329:    AssertSpecProperty(last_clause_ == kWillByDefault,
        -:  330:                       ".WillByDefault() must appear exactly "
        -:  331:                       "once in an ON_CALL().");
    #####:  332:    return action_;
        -:  333:  }
------------------
        -:  334:
        -:  335: private:
        -:  336:  // The information in statement
        -:  337:  //
        -:  338:  //   ON_CALL(mock_object, Method(matchers))
        -:  339:  //       .With(multi-argument-matcher)
        -:  340:  //       .WillByDefault(action);
        -:  341:  //
        -:  342:  // is recorded in the data members like this:
        -:  343:  //
        -:  344:  //   source file that contains the statement => file_
        -:  345:  //   line number of the statement            => line_
        -:  346:  //   matchers                                => matchers_
        -:  347:  //   multi-argument-matcher                  => extra_matcher_
        -:  348:  //   action                                  => action_
        -:  349:  ArgumentMatcherTuple matchers_;
        -:  350:  Matcher<const ArgumentTuple&> extra_matcher_;
        -:  351:  Action<F> action_;
        -:  352:};  // class OnCallSpec
        -:  353:
        -:  354:// Possible reactions on uninteresting calls.
        -:  355:enum CallReaction {
        -:  356:  kAllow,
        -:  357:  kWarn,
        -:  358:  kFail,
        -:  359:};
        -:  360:
        -:  361:}  // namespace internal
        -:  362:
        -:  363:// Utilities for manipulating mock objects.
        -:  364:class GTEST_API_ Mock {
        -:  365: public:
        -:  366:  // The following public methods can be called concurrently.
        -:  367:
        -:  368:  // Tells Google Mock to ignore mock_obj when checking for leaked
        -:  369:  // mock objects.
        -:  370:  static void AllowLeak(const void* mock_obj)
        -:  371:      GTEST_LOCK_EXCLUDED_(internal::g_gmock_mutex);
        -:  372:
        -:  373:  // Verifies and clears all expectations on the given mock object.
        -:  374:  // If the expectations aren't satisfied, generates one or more
        -:  375:  // Google Test non-fatal failures and returns false.
        -:  376:  static bool VerifyAndClearExpectations(void* mock_obj)
        -:  377:      GTEST_LOCK_EXCLUDED_(internal::g_gmock_mutex);
        -:  378:
        -:  379:  // Verifies all expectations on the given mock object and clears its
        -:  380:  // default actions and expectations.  Returns true if and only if the
        -:  381:  // verification was successful.
        -:  382:  static bool VerifyAndClear(void* mock_obj)
        -:  383:      GTEST_LOCK_EXCLUDED_(internal::g_gmock_mutex);
        -:  384:
        -:  385:  // Returns whether the mock was created as a naggy mock (default)
        -:  386:  static bool IsNaggy(void* mock_obj)
        -:  387:      GTEST_LOCK_EXCLUDED_(internal::g_gmock_mutex);
        -:  388:  // Returns whether the mock was created as a nice mock
        -:  389:  static bool IsNice(void* mock_obj)
        -:  390:      GTEST_LOCK_EXCLUDED_(internal::g_gmock_mutex);
        -:  391:  // Returns whether the mock was created as a strict mock
        -:  392:  static bool IsStrict(void* mock_obj)
        -:  393:      GTEST_LOCK_EXCLUDED_(internal::g_gmock_mutex);
        -:  394:
        -:  395: private:
        -:  396:  friend class internal::UntypedFunctionMockerBase;
        -:  397:
        -:  398:  // Needed for a function mocker to register itself (so that we know
        -:  399:  // how to clear a mock object).
        -:  400:  template <typename F>
        -:  401:  friend class internal::FunctionMocker;
        -:  402:
        -:  403:  template <typename MockClass>
        -:  404:  friend class internal::NiceMockImpl;
        -:  405:  template <typename MockClass>
        -:  406:  friend class internal::NaggyMockImpl;
        -:  407:  template <typename MockClass>
        -:  408:  friend class internal::StrictMockImpl;
        -:  409:
        -:  410:  // Tells Google Mock to allow uninteresting calls on the given mock
        -:  411:  // object.
        -:  412:  static void AllowUninterestingCalls(uintptr_t mock_obj)
        -:  413:      GTEST_LOCK_EXCLUDED_(internal::g_gmock_mutex);
        -:  414:
        -:  415:  // Tells Google Mock to warn the user about uninteresting calls on
        -:  416:  // the given mock object.
        -:  417:  static void WarnUninterestingCalls(uintptr_t mock_obj)
        -:  418:      GTEST_LOCK_EXCLUDED_(internal::g_gmock_mutex);
        -:  419:
        -:  420:  // Tells Google Mock to fail uninteresting calls on the given mock
        -:  421:  // object.
        -:  422:  static void FailUninterestingCalls(uintptr_t mock_obj)
        -:  423:      GTEST_LOCK_EXCLUDED_(internal::g_gmock_mutex);
        -:  424:
        -:  425:  // Tells Google Mock the given mock object is being destroyed and
        -:  426:  // its entry in the call-reaction table should be removed.
        -:  427:  static void UnregisterCallReaction(uintptr_t mock_obj)
        -:  428:      GTEST_LOCK_EXCLUDED_(internal::g_gmock_mutex);
        -:  429:
        -:  430:  // Returns the reaction Google Mock will have on uninteresting calls
        -:  431:  // made on the given mock object.
        -:  432:  static internal::CallReaction GetReactionOnUninterestingCalls(
        -:  433:      const void* mock_obj) GTEST_LOCK_EXCLUDED_(internal::g_gmock_mutex);
        -:  434:
        -:  435:  // Verifies that all expectations on the given mock object have been
        -:  436:  // satisfied.  Reports one or more Google Test non-fatal failures
        -:  437:  // and returns false if not.
        -:  438:  static bool VerifyAndClearExpectationsLocked(void* mock_obj)
        -:  439:      GTEST_EXCLUSIVE_LOCK_REQUIRED_(internal::g_gmock_mutex);
        -:  440:
        -:  441:  // Clears all ON_CALL()s set on the given mock object.
        -:  442:  static void ClearDefaultActionsLocked(void* mock_obj)
        -:  443:      GTEST_EXCLUSIVE_LOCK_REQUIRED_(internal::g_gmock_mutex);
        -:  444:
        -:  445:  // Registers a mock object and a mock method it owns.
        -:  446:  static void Register(const void* mock_obj,
        -:  447:                       internal::UntypedFunctionMockerBase* mocker)
        -:  448:      GTEST_LOCK_EXCLUDED_(internal::g_gmock_mutex);
        -:  449:
        -:  450:  // Tells Google Mock where in the source code mock_obj is used in an
        -:  451:  // ON_CALL or EXPECT_CALL.  In case mock_obj is leaked, this
        -:  452:  // information helps the user identify which object it is.
        -:  453:  static void RegisterUseByOnCallOrExpectCall(const void* mock_obj,
        -:  454:                                              const char* file, int line)
        -:  455:      GTEST_LOCK_EXCLUDED_(internal::g_gmock_mutex);
        -:  456:
        -:  457:  // Unregisters a mock method; removes the owning mock object from
        -:  458:  // the registry when the last mock method associated with it has
        -:  459:  // been unregistered.  This is called only in the destructor of
        -:  460:  // FunctionMocker.
        -:  461:  static void UnregisterLocked(internal::UntypedFunctionMockerBase* mocker)
        -:  462:      GTEST_EXCLUSIVE_LOCK_REQUIRED_(internal::g_gmock_mutex);
        -:  463:};  // class Mock
        -:  464:
        -:  465:// An abstract handle of an expectation.  Useful in the .After()
        -:  466:// clause of EXPECT_CALL() for setting the (partial) order of
        -:  467:// expectations.  The syntax:
        -:  468://
        -:  469://   Expectation e1 = EXPECT_CALL(...)...;
        -:  470://   EXPECT_CALL(...).After(e1)...;
        -:  471://
        -:  472:// sets two expectations where the latter can only be matched after
        -:  473:// the former has been satisfied.
        -:  474://
        -:  475:// Notes:
        -:  476://   - This class is copyable and has value semantics.
        -:  477://   - Constness is shallow: a const Expectation object itself cannot
        -:  478://     be modified, but the mutable methods of the ExpectationBase
        -:  479://     object it references can be called via expectation_base().
        -:  480:
        -:  481:class GTEST_API_ Expectation {
        -:  482: public:
        -:  483:  // Constructs a null object that doesn't reference any expectation.
        -:  484:  Expectation();
        -:  485:  Expectation(Expectation&&) = default;
        -:  486:  Expectation(const Expectation&) = default;
        -:  487:  Expectation& operator=(Expectation&&) = default;
        -:  488:  Expectation& operator=(const Expectation&) = default;
        -:  489:  ~Expectation();
        -:  490:
        -:  491:  // This single-argument ctor must not be explicit, in order to support the
        -:  492:  //   Expectation e = EXPECT_CALL(...);
        -:  493:  // syntax.
        -:  494:  //
        -:  495:  // A TypedExpectation object stores its pre-requisites as
        -:  496:  // Expectation objects, and needs to call the non-const Retire()
        -:  497:  // method on the ExpectationBase objects they reference.  Therefore
        -:  498:  // Expectation must receive a *non-const* reference to the
        -:  499:  // ExpectationBase object.
        -:  500:  Expectation(internal::ExpectationBase& exp);  // NOLINT
        -:  501:
        -:  502:  // The compiler-generated copy ctor and operator= work exactly as
        -:  503:  // intended, so we don't need to define our own.
        -:  504:
        -:  505:  // Returns true if and only if rhs references the same expectation as this
        -:  506:  // object does.
        -:  507:  bool operator==(const Expectation& rhs) const {
        -:  508:    return expectation_base_ == rhs.expectation_base_;
        -:  509:  }
        -:  510:
        -:  511:  bool operator!=(const Expectation& rhs) const { return !(*this == rhs); }
        -:  512:
        -:  513: private:
        -:  514:  friend class ExpectationSet;
        -:  515:  friend class Sequence;
        -:  516:  friend class ::testing::internal::ExpectationBase;
        -:  517:  friend class ::testing::internal::UntypedFunctionMockerBase;
        -:  518:
        -:  519:  template <typename F>
        -:  520:  friend class ::testing::internal::FunctionMocker;
        -:  521:
        -:  522:  template <typename F>
        -:  523:  friend class ::testing::internal::TypedExpectation;
        -:  524:
        -:  525:  // This comparator is needed for putting Expectation objects into a set.
        -:  526:  class Less {
        -:  527:   public:
        -:  528:    bool operator()(const Expectation& lhs, const Expectation& rhs) const {
        -:  529:      return lhs.expectation_base_.get() < rhs.expectation_base_.get();
        -:  530:    }
        -:  531:  };
        -:  532:
        -:  533:  typedef ::std::set<Expectation, Less> Set;
        -:  534:
        -:  535:  Expectation(
        -:  536:      const std::shared_ptr<internal::ExpectationBase>& expectation_base);
        -:  537:
        -:  538:  // Returns the expectation this object references.
    #####:  539:  const std::shared_ptr<internal::ExpectationBase>& expectation_base() const {
    #####:  540:    return expectation_base_;
        -:  541:  }
        -:  542:
        -:  543:  // A shared_ptr that co-owns the expectation this handle references.
        -:  544:  std::shared_ptr<internal::ExpectationBase> expectation_base_;
        -:  545:};
        -:  546:
        -:  547:// A set of expectation handles.  Useful in the .After() clause of
        -:  548:// EXPECT_CALL() for setting the (partial) order of expectations.  The
        -:  549:// syntax:
        -:  550://
        -:  551://   ExpectationSet es;
        -:  552://   es += EXPECT_CALL(...)...;
        -:  553://   es += EXPECT_CALL(...)...;
        -:  554://   EXPECT_CALL(...).After(es)...;
        -:  555://
        -:  556:// sets three expectations where the last one can only be matched
        -:  557:// after the first two have both been satisfied.
        -:  558://
        -:  559:// This class is copyable and has value semantics.
        -:  560:class ExpectationSet {
        -:  561: public:
        -:  562:  // A bidirectional iterator that can read a const element in the set.
        -:  563:  typedef Expectation::Set::const_iterator const_iterator;
        -:  564:
        -:  565:  // An object stored in the set.  This is an alias of Expectation.
        -:  566:  typedef Expectation::Set::value_type value_type;
        -:  567:
        -:  568:  // Constructs an empty set.
       30:  569:  ExpectationSet() = default;
        -:  570:
        -:  571:  // This single-argument ctor must not be explicit, in order to support the
        -:  572:  //   ExpectationSet es = EXPECT_CALL(...);
        -:  573:  // syntax.
        -:  574:  ExpectationSet(internal::ExpectationBase& exp) {  // NOLINT
        -:  575:    *this += Expectation(exp);
        -:  576:  }
        -:  577:
        -:  578:  // This single-argument ctor implements implicit conversion from
        -:  579:  // Expectation and thus must not be explicit.  This allows either an
        -:  580:  // Expectation or an ExpectationSet to be used in .After().
        -:  581:  ExpectationSet(const Expectation& e) {  // NOLINT
        -:  582:    *this += e;
        -:  583:  }
        -:  584:
        -:  585:  // The compiler-generator ctor and operator= works exactly as
        -:  586:  // intended, so we don't need to define our own.
        -:  587:
        -:  588:  // Returns true if and only if rhs contains the same set of Expectation
        -:  589:  // objects as this does.
        -:  590:  bool operator==(const ExpectationSet& rhs) const {
        -:  591:    return expectations_ == rhs.expectations_;
        -:  592:  }
        -:  593:
        -:  594:  bool operator!=(const ExpectationSet& rhs) const { return !(*this == rhs); }
        -:  595:
        -:  596:  // Implements the syntax
        -:  597:  //   expectation_set += EXPECT_CALL(...);
        -:  598:  ExpectationSet& operator+=(const Expectation& e) {
        -:  599:    expectations_.insert(e);
        -:  600:    return *this;
        -:  601:  }
        -:  602:
        -:  603:  int size() const { return static_cast<int>(expectations_.size()); }
        -:  604:
       90:  605:  const_iterator begin() const { return expectations_.begin(); }
       90:  606:  const_iterator end() const { return expectations_.end(); }
        -:  607:
        -:  608: private:
        -:  609:  Expectation::Set expectations_;
        -:  610:};
        -:  611:
        -:  612:// Sequence objects are used by a user to specify the relative order
        -:  613:// in which the expectations should match.  They are copyable (we rely
        -:  614:// on the compiler-defined copy constructor and assignment operator).
        -:  615:class GTEST_API_ Sequence {
        -:  616: public:
        -:  617:  // Constructs an empty sequence.
        -:  618:  Sequence() : last_expectation_(new Expectation) {}
        -:  619:
        -:  620:  // Adds an expectation to this sequence.  The caller must ensure
        -:  621:  // that no other thread is accessing this Sequence object.
        -:  622:  void AddExpectation(const Expectation& expectation) const;
        -:  623:
        -:  624: private:
        -:  625:  // The last expectation in this sequence.
        -:  626:  std::shared_ptr<Expectation> last_expectation_;
        -:  627:};  // class Sequence
        -:  628:
        -:  629:// An object of this type causes all EXPECT_CALL() statements
        -:  630:// encountered in its scope to be put in an anonymous sequence.  The
        -:  631:// work is done in the constructor and destructor.  You should only
        -:  632:// create an InSequence object on the stack.
        -:  633://
        -:  634:// The sole purpose for this class is to support easy definition of
        -:  635:// sequential expectations, e.g.
        -:  636://
        -:  637://   {
        -:  638://     InSequence dummy;  // The name of the object doesn't matter.
        -:  639://
        -:  640://     // The following expectations must match in the order they appear.
        -:  641://     EXPECT_CALL(a, Bar())...;
        -:  642://     EXPECT_CALL(a, Baz())...;
        -:  643://     ...
        -:  644://     EXPECT_CALL(b, Xyz())...;
        -:  645://   }
        -:  646://
        -:  647:// You can create InSequence objects in multiple threads, as long as
        -:  648:// they are used to affect different mock objects.  The idea is that
        -:  649:// each thread can create and set up its own mocks as if it's the only
        -:  650:// thread.  However, for clarity of your tests we recommend you to set
        -:  651:// up mocks in the main thread unless you have a good reason not to do
        -:  652:// so.
        -:  653:class GTEST_API_ InSequence {
        -:  654: public:
        -:  655:  InSequence();
        -:  656:  ~InSequence();
        -:  657:
        -:  658: private:
        -:  659:  bool sequence_created_;
        -:  660:
        -:  661:  InSequence(const InSequence&) = delete;
        -:  662:  InSequence& operator=(const InSequence&) = delete;
        -:  663:};
        -:  664:
        -:  665:namespace internal {
        -:  666:
        -:  667:// Points to the implicit sequence introduced by a living InSequence
        -:  668:// object (if any) in the current thread or NULL.
        -:  669:GTEST_API_ extern ThreadLocal<Sequence*> g_gmock_implicit_sequence;
        -:  670:
        -:  671:// Base class for implementing expectations.
        -:  672://
        -:  673:// There are two reasons for having a type-agnostic base class for
        -:  674:// Expectation:
        -:  675://
        -:  676://   1. We need to store collections of expectations of different
        -:  677://   types (e.g. all pre-requisites of a particular expectation, all
        -:  678://   expectations in a sequence).  Therefore these expectation objects
        -:  679://   must share a common base class.
        -:  680://
        -:  681://   2. We can avoid binary code bloat by moving methods not depending
        -:  682://   on the template argument of Expectation to the base class.
        -:  683://
        -:  684:// This class is internal and mustn't be used by user code directly.
        -:  685:class GTEST_API_ ExpectationBase {
        -:  686: public:
        -:  687:  // source_text is the EXPECT_CALL(...) source that created this Expectation.
        -:  688:  ExpectationBase(const char* file, int line, const std::string& source_text);
        -:  689:
        -:  690:  virtual ~ExpectationBase();
        -:  691:
        -:  692:  // Where in the source file was the expectation spec defined?
    #####:  693:  const char* file() const { return file_; }
    #####:  694:  int line() const { return line_; }
       45:  695:  const char* source_text() const { return source_text_.c_str(); }
        -:  696:  // Returns the cardinality specified in the expectation spec.
      150:  697:  const Cardinality& cardinality() const { return cardinality_; }
        -:  698:
        -:  699:  // Describes the source file location of this expectation.
    #####:  700:  void DescribeLocationTo(::std::ostream* os) const {
    #####:  701:    *os << FormatFileLocation(file(), line()) << " ";
    #####:  702:  }
        -:  703:
        -:  704:  // Describes how many times a function call matching this
        -:  705:  // expectation has occurred.
        -:  706:  void DescribeCallCountTo(::std::ostream* os) const
        -:  707:      GTEST_EXCLUSIVE_LOCK_REQUIRED_(g_gmock_mutex);
        -:  708:
        -:  709:  // If this mock method has an extra matcher (i.e. .With(matcher)),
        -:  710:  // describes it to the ostream.
        -:  711:  virtual void MaybeDescribeExtraMatcherTo(::std::ostream* os) = 0;
        -:  712:
        -:  713:  // Do not rely on this for correctness.
        -:  714:  // This is only for making human-readable test output easier to understand.
        -:  715:  void UntypedDescription(std::string description) {
        -:  716:    description_ = std::move(description);
        -:  717:  }
        -:  718:
        -:  719: protected:
        -:  720:  friend class ::testing::Expectation;
        -:  721:  friend class UntypedFunctionMockerBase;
        -:  722:
        -:  723:  enum Clause {
        -:  724:    // Don't change the order of the enum members!
        -:  725:    kNone,
        -:  726:    kWith,
        -:  727:    kTimes,
        -:  728:    kInSequence,
        -:  729:    kAfter,
        -:  730:    kWillOnce,
        -:  731:    kWillRepeatedly,
        -:  732:    kRetiresOnSaturation
        -:  733:  };
        -:  734:
        -:  735:  typedef std::vector<const void*> UntypedActions;
        -:  736:
        -:  737:  // Returns an Expectation object that references and co-owns this
        -:  738:  // expectation.
        -:  739:  virtual Expectation GetHandle() = 0;
        -:  740:
        -:  741:  // Asserts that the EXPECT_CALL() statement has the given property.
        -:  742:  void AssertSpecProperty(bool property,
        -:  743:                          const std::string& failure_message) const {
        -:  744:    Assert(property, file_, line_, failure_message);
        -:  745:  }
        -:  746:
        -:  747:  // Expects that the EXPECT_CALL() statement has the given property.
       30:  748:  void ExpectSpecProperty(bool property,
        -:  749:                          const std::string& failure_message) const {
       30:  750:    Expect(property, file_, line_, failure_message);
       30:  751:  }
        -:  752:
        -:  753:  // Explicitly specifies the cardinality of this expectation.  Used
        -:  754:  // by the subclasses to implement the .Times() clause.
        -:  755:  void SpecifyCardinality(const Cardinality& cardinality);
        -:  756:
        -:  757:  // Returns true if and only if the user specified the cardinality
        -:  758:  // explicitly using a .Times().
       30:  759:  bool cardinality_specified() const { return cardinality_specified_; }
        -:  760:
        -:  761:  // Sets the cardinality of this expectation spec.
       30:  762:  void set_cardinality(const Cardinality& a_cardinality) {
       30:  763:    cardinality_ = a_cardinality;
       30:  764:  }
        -:  765:
        -:  766:  // The following group of methods should only be called after the
        -:  767:  // EXPECT_CALL() statement, and only when g_gmock_mutex is held by
        -:  768:  // the current thread.
        -:  769:
        -:  770:  // Retires all pre-requisites of this expectation.
        -:  771:  void RetireAllPreRequisites() GTEST_EXCLUSIVE_LOCK_REQUIRED_(g_gmock_mutex);
        -:  772:
        -:  773:  // Returns true if and only if this expectation is retired.
       90:  774:  bool is_retired() const GTEST_EXCLUSIVE_LOCK_REQUIRED_(g_gmock_mutex) {
       90:  775:    g_gmock_mutex.AssertHeld();
       90:  776:    return retired_;
        -:  777:  }
        -:  778:
        -:  779:  // Retires this expectation.
    #####:  780:  void Retire() GTEST_EXCLUSIVE_LOCK_REQUIRED_(g_gmock_mutex) {
    #####:  781:    g_gmock_mutex.AssertHeld();
    #####:  782:    retired_ = true;
    #####:  783:  }
        -:  784:
        -:  785:  // Returns a human-readable description of this expectation.
        -:  786:  // Do not rely on this for correctness. It is only for human readability.
       45:  787:  const std::string& GetDescription() const { return description_; }
        -:  788:
        -:  789:  // Returns true if and only if this expectation is satisfied.
        -:  790:  bool IsSatisfied() const GTEST_EXCLUSIVE_LOCK_REQUIRED_(g_gmock_mutex) {
        -:  791:    g_gmock_mutex.AssertHeld();
        -:  792:    return cardinality().IsSatisfiedByCallCount(call_count_);
        -:  793:  }
        -:  794:
        -:  795:  // Returns true if and only if this expectation is saturated.
       90:  796:  bool IsSaturated() const GTEST_EXCLUSIVE_LOCK_REQUIRED_(g_gmock_mutex) {
       90:  797:    g_gmock_mutex.AssertHeld();
       90:  798:    return cardinality().IsSaturatedByCallCount(call_count_);
        -:  799:  }
        -:  800:
        -:  801:  // Returns true if and only if this expectation is over-saturated.
        -:  802:  bool IsOverSaturated() const GTEST_EXCLUSIVE_LOCK_REQUIRED_(g_gmock_mutex) {
        -:  803:    g_gmock_mutex.AssertHeld();
        -:  804:    return cardinality().IsOverSaturatedByCallCount(call_count_);
        -:  805:  }
        -:  806:
        -:  807:  // Returns true if and only if all pre-requisites of this expectation are
        -:  808:  // satisfied.
        -:  809:  bool AllPrerequisitesAreSatisfied() const
        -:  810:      GTEST_EXCLUSIVE_LOCK_REQUIRED_(g_gmock_mutex);
        -:  811:
        -:  812:  // Adds unsatisfied pre-requisites of this expectation to 'result'.
        -:  813:  void FindUnsatisfiedPrerequisites(ExpectationSet* result) const
        -:  814:      GTEST_EXCLUSIVE_LOCK_REQUIRED_(g_gmock_mutex);
        -:  815:
        -:  816:  // Returns the number this expectation has been invoked.
       45:  817:  int call_count() const GTEST_EXCLUSIVE_LOCK_REQUIRED_(g_gmock_mutex) {
       45:  818:    g_gmock_mutex.AssertHeld();
       45:  819:    return call_count_;
        -:  820:  }
        -:  821:
        -:  822:  // Increments the number this expectation has been invoked.
       45:  823:  void IncrementCallCount() GTEST_EXCLUSIVE_LOCK_REQUIRED_(g_gmock_mutex) {
       45:  824:    g_gmock_mutex.AssertHeld();
       45:  825:    call_count_++;
       45:  826:  }
        -:  827:
        -:  828:  // Checks the action count (i.e. the number of WillOnce() and
        -:  829:  // WillRepeatedly() clauses) against the cardinality if this hasn't
        -:  830:  // been done before.  Prints a warning if there are too many or too
        -:  831:  // few actions.
        -:  832:  void CheckActionCountIfNotDone() const GTEST_LOCK_EXCLUDED_(mutex_);
        -:  833:
        -:  834:  friend class ::testing::Sequence;
        -:  835:  friend class ::testing::internal::ExpectationTester;
        -:  836:
        -:  837:  template <typename Function>
        -:  838:  friend class TypedExpectation;
        -:  839:
        -:  840:  // Implements the .Times() clause.
        -:  841:  void UntypedTimes(const Cardinality& a_cardinality);
        -:  842:
        -:  843:  // This group of fields are part of the spec and won't change after
        -:  844:  // an EXPECT_CALL() statement finishes.
        -:  845:  const char* file_;               // The file that contains the expectation.
        -:  846:  int line_;                       // The line number of the expectation.
        -:  847:  const std::string source_text_;  // The EXPECT_CALL(...) source text.
        -:  848:  std::string description_;        // User-readable name for the expectation.
        -:  849:  // True if and only if the cardinality is specified explicitly.
        -:  850:  bool cardinality_specified_;
        -:  851:  Cardinality cardinality_;  // The cardinality of the expectation.
        -:  852:  // The immediate pre-requisites (i.e. expectations that must be
        -:  853:  // satisfied before this expectation can be matched) of this
        -:  854:  // expectation.  We use std::shared_ptr in the set because we want an
        -:  855:  // Expectation object to be co-owned by its FunctionMocker and its
        -:  856:  // successors.  This allows multiple mock objects to be deleted at
        -:  857:  // different times.
        -:  858:  ExpectationSet immediate_prerequisites_;
        -:  859:
        -:  860:  // This group of fields are the current state of the expectation,
        -:  861:  // and can change as the mock function is called.
        -:  862:  int call_count_;  // How many times this expectation has been invoked.
        -:  863:  bool retired_;    // True if and only if this expectation has retired.
        -:  864:  UntypedActions untyped_actions_;
        -:  865:  bool extra_matcher_specified_;
        -:  866:  bool repeated_action_specified_;  // True if a WillRepeatedly() was specified.
        -:  867:  bool retires_on_saturation_;
        -:  868:  Clause last_clause_;
        -:  869:  mutable bool action_count_checked_;  // Under mutex_.
        -:  870:  mutable Mutex mutex_;                // Protects action_count_checked_.
        -:  871:};                                     // class ExpectationBase
        -:  872:
        -:  873:template <typename F>
        -:  874:class TypedExpectation;
        -:  875:
        -:  876:// Implements an expectation for the given function type.
        -:  877:template <typename R, typename... Args>
        -:  878:class TypedExpectation<R(Args...)> : public ExpectationBase {
        -:  879: private:
        -:  880:  using F = R(Args...);
        -:  881:
        -:  882: public:
        -:  883:  typedef typename Function<F>::ArgumentTuple ArgumentTuple;
        -:  884:  typedef typename Function<F>::ArgumentMatcherTuple ArgumentMatcherTuple;
        -:  885:  typedef typename Function<F>::Result Result;
        -:  886:
       30:  887:  TypedExpectation(FunctionMocker<F>* owner, const char* a_file, int a_line,
        -:  888:                   const std::string& a_source_text,
        -:  889:                   const ArgumentMatcherTuple& m)
        -:  890:      : ExpectationBase(a_file, a_line, a_source_text),
       30:  891:        owner_(owner),
       15:  892:        matchers_(m),
        -:  893:        // By default, extra_matcher_ should match anything.  However,
        -:  894:        // we cannot initialize it with _ as that causes ambiguity between
        -:  895:        // Matcher's copy and move constructor for some argument types.
       30:  896:        extra_matcher_(A<const ArgumentTuple&>()),
       45:  897:        repeated_action_(DoDefault()) {}
------------------
_ZN7testing8internal16TypedExpectationIFbRKNSt7__cxx1112basic_stringIcSt11char_traitsIcESaIcEEEEEC2EPNS0_14FunctionMockerISA_EEPKciS9_RKSt5tupleIJNS_7MatcherIS9_EEEE:
       10:  887:  TypedExpectation(FunctionMocker<F>* owner, const char* a_file, int a_line,
        -:  888:                   const std::string& a_source_text,
        -:  889:                   const ArgumentMatcherTuple& m)
        -:  890:      : ExpectationBase(a_file, a_line, a_source_text),
       10:  891:        owner_(owner),
       10:  892:        matchers_(m),
        -:  893:        // By default, extra_matcher_ should match anything.  However,
        -:  894:        // we cannot initialize it with _ as that causes ambiguity between
        -:  895:        // Matcher's copy and move constructor for some argument types.
       10:  896:        extra_matcher_(A<const ArgumentTuple&>()),
       20:  897:        repeated_action_(DoDefault()) {}
------------------
_ZN7testing8internal16TypedExpectationIFbRKNSt7__cxx1112basic_stringIcSt11char_traitsIcESaIcEEEiEEC2EPNS0_14FunctionMockerISA_EEPKciS9_RKSt5tupleIJNS_7MatcherIS9_EENSI_IiEEEE:
        5:  887:  TypedExpectation(FunctionMocker<F>* owner, const char* a_file, int a_line,
        -:  888:                   const std::string& a_source_text,
        -:  889:                   const ArgumentMatcherTuple& m)
        -:  890:      : ExpectationBase(a_file, a_line, a_source_text),
        5:  891:        owner_(owner),
        5:  892:        matchers_(m),
        -:  893:        // By default, extra_matcher_ should match anything.  However,
        -:  894:        // we cannot initialize it with _ as that causes ambiguity between
        -:  895:        // Matcher's copy and move constructor for some argument types.
        5:  896:        extra_matcher_(A<const ArgumentTuple&>()),
       10:  897:        repeated_action_(DoDefault()) {}
------------------
_ZN7testing8internal16TypedExpectationIFbvEEC2EPNS0_14FunctionMockerIS2_EEPKciRKNSt7__cxx1112basic_stringIcSt11char_traitsIcESaIcEEERKSt5tupleIJEE:
       15:  887:  TypedExpectation(FunctionMocker<F>* owner, const char* a_file, int a_line,
        -:  888:                   const std::string& a_source_text,
        -:  889:                   const ArgumentMatcherTuple& m)
        -:  890:      : ExpectationBase(a_file, a_line, a_source_text),
       15:  891:        owner_(owner),
        -:  892:        matchers_(m),
        -:  893:        // By default, extra_matcher_ should match anything.  However,
        -:  894:        // we cannot initialize it with _ as that causes ambiguity between
        -:  895:        // Matcher's copy and move constructor for some argument types.
       15:  896:        extra_matcher_(A<const ArgumentTuple&>()),
       15:  897:        repeated_action_(DoDefault()) {}
------------------
        -:  898:
       60:  899:  ~TypedExpectation() override {
        -:  900:    // Check the validity of the action count if it hasn't been done
        -:  901:    // yet (for example, if the expectation was never used).
       30:  902:    CheckActionCountIfNotDone();
       30:  903:    for (UntypedActions::const_iterator it = untyped_actions_.begin();
      45*:  904:         it != untyped_actions_.end(); ++it) {
      15*:  905:      delete static_cast<const Action<F>*>(*it);
        -:  906:    }
       90:  907:  }
------------------
_ZN7testing8internal16TypedExpectationIFbRKNSt7__cxx1112basic_stringIcSt11char_traitsIcESaIcEEEEED0Ev:
       10:  899:  ~TypedExpectation() override {
        -:  900:    // Check the validity of the action count if it hasn't been done
        -:  901:    // yet (for example, if the expectation was never used).
        -:  902:    CheckActionCountIfNotDone();
        -:  903:    for (UntypedActions::const_iterator it = untyped_actions_.begin();
        -:  904:         it != untyped_actions_.end(); ++it) {
        -:  905:      delete static_cast<const Action<F>*>(*it);
        -:  906:    }
       10:  907:  }
------------------
_ZN7testing8internal16TypedExpectationIFbRKNSt7__cxx1112basic_stringIcSt11char_traitsIcESaIcEEEEED2Ev:
       10:  899:  ~TypedExpectation() override {
        -:  900:    // Check the validity of the action count if it hasn't been done
        -:  901:    // yet (for example, if the expectation was never used).
       10:  902:    CheckActionCountIfNotDone();
       10:  903:    for (UntypedActions::const_iterator it = untyped_actions_.begin();
       20:  904:         it != untyped_actions_.end(); ++it) {
       10:  905:      delete static_cast<const Action<F>*>(*it);
        -:  906:    }
       20:  907:  }
------------------
_ZN7testing8internal16TypedExpectationIFbRKNSt7__cxx1112basic_stringIcSt11char_traitsIcESaIcEEEiEED0Ev:
        5:  899:  ~TypedExpectation() override {
        -:  900:    // Check the validity of the action count if it hasn't been done
        -:  901:    // yet (for example, if the expectation was never used).
        -:  902:    CheckActionCountIfNotDone();
        -:  903:    for (UntypedActions::const_iterator it = untyped_actions_.begin();
        -:  904:         it != untyped_actions_.end(); ++it) {
        -:  905:      delete static_cast<const Action<F>*>(*it);
        -:  906:    }
        5:  907:  }
------------------
_ZN7testing8internal16TypedExpectationIFbRKNSt7__cxx1112basic_stringIcSt11char_traitsIcESaIcEEEiEED2Ev:
        5:  899:  ~TypedExpectation() override {
        -:  900:    // Check the validity of the action count if it hasn't been done
        -:  901:    // yet (for example, if the expectation was never used).
        5:  902:    CheckActionCountIfNotDone();
        5:  903:    for (UntypedActions::const_iterator it = untyped_actions_.begin();
       10:  904:         it != untyped_actions_.end(); ++it) {
        5:  905:      delete static_cast<const Action<F>*>(*it);
        -:  906:    }
       10:  907:  }
------------------
_ZN7testing8internal16TypedExpectationIFbvEED0Ev:
       15:  899:  ~TypedExpectation() override {
        -:  900:    // Check the validity of the action count if it hasn't been done
        -:  901:    // yet (for example, if the expectation was never used).
        -:  902:    CheckActionCountIfNotDone();
        -:  903:    for (UntypedActions::const_iterator it = untyped_actions_.begin();
        -:  904:         it != untyped_actions_.end(); ++it) {
        -:  905:      delete static_cast<const Action<F>*>(*it);
        -:  906:    }
       15:  907:  }
------------------
_ZN7testing8internal16TypedExpectationIFbvEED2Ev:
       15:  899:  ~TypedExpectation() override {
        -:  900:    // Check the validity of the action count if it hasn't been done
        -:  901:    // yet (for example, if the expectation was never used).
       15:  902:    CheckActionCountIfNotDone();
       15:  903:    for (UntypedActions::const_iterator it = untyped_actions_.begin();
      15*:  904:         it != untyped_actions_.end(); ++it) {
    #####:  905:      delete static_cast<const Action<F>*>(*it);
        -:  906:    }
       30:  907:  }
------------------
        -:  908:
        -:  909:  // Implements the .With() clause.
        -:  910:  TypedExpectation& With(const Matcher<const ArgumentTuple&>& m) {
        -:  911:    if (last_clause_ == kWith) {
        -:  912:      ExpectSpecProperty(false,
        -:  913:                         ".With() cannot appear "
        -:  914:                         "more than once in an EXPECT_CALL().");
        -:  915:    } else {
        -:  916:      ExpectSpecProperty(last_clause_ < kWith,
        -:  917:                         ".With() must be the first "
        -:  918:                         "clause in an EXPECT_CALL().");
        -:  919:    }
        -:  920:    last_clause_ = kWith;
        -:  921:
        -:  922:    extra_matcher_ = m;
        -:  923:    extra_matcher_specified_ = true;
        -:  924:    return *this;
        -:  925:  }
        -:  926:
        -:  927:  // Do not rely on this for correctness.
        -:  928:  // This is only for making human-readable test output easier to understand.
        -:  929:  TypedExpectation& Description(std::string name) {
        -:  930:    ExpectationBase::UntypedDescription(std::move(name));
        -:  931:    return *this;
        -:  932:  }
        -:  933:
        -:  934:  // Implements the .Times() clause.
        -:  935:  TypedExpectation& Times(const Cardinality& a_cardinality) {
        -:  936:    ExpectationBase::UntypedTimes(a_cardinality);
        -:  937:    return *this;
        -:  938:  }
        -:  939:
        -:  940:  // Implements the .Times() clause.
        -:  941:  TypedExpectation& Times(int n) { return Times(Exactly(n)); }
        -:  942:
        -:  943:  // Implements the .InSequence() clause.
        -:  944:  TypedExpectation& InSequence(const Sequence& s) {
        -:  945:    ExpectSpecProperty(last_clause_ <= kInSequence,
        -:  946:                       ".InSequence() cannot appear after .After(),"
        -:  947:                       " .WillOnce(), .WillRepeatedly(), or "
        -:  948:                       ".RetiresOnSaturation().");
        -:  949:    last_clause_ = kInSequence;
        -:  950:
        -:  951:    s.AddExpectation(GetHandle());
        -:  952:    return *this;
        -:  953:  }
        -:  954:  TypedExpectation& InSequence(const Sequence& s1, const Sequence& s2) {
        -:  955:    return InSequence(s1).InSequence(s2);
        -:  956:  }
        -:  957:  TypedExpectation& InSequence(const Sequence& s1, const Sequence& s2,
        -:  958:                               const Sequence& s3) {
        -:  959:    return InSequence(s1, s2).InSequence(s3);
        -:  960:  }
        -:  961:  TypedExpectation& InSequence(const Sequence& s1, const Sequence& s2,
        -:  962:                               const Sequence& s3, const Sequence& s4) {
        -:  963:    return InSequence(s1, s2, s3).InSequence(s4);
        -:  964:  }
        -:  965:  TypedExpectation& InSequence(const Sequence& s1, const Sequence& s2,
        -:  966:                               const Sequence& s3, const Sequence& s4,
        -:  967:                               const Sequence& s5) {
        -:  968:    return InSequence(s1, s2, s3, s4).InSequence(s5);
        -:  969:  }
        -:  970:
        -:  971:  // Implements that .After() clause.
        -:  972:  TypedExpectation& After(const ExpectationSet& s) {
        -:  973:    ExpectSpecProperty(last_clause_ <= kAfter,
        -:  974:                       ".After() cannot appear after .WillOnce(),"
        -:  975:                       " .WillRepeatedly(), or "
        -:  976:                       ".RetiresOnSaturation().");
        -:  977:    last_clause_ = kAfter;
        -:  978:
        -:  979:    for (ExpectationSet::const_iterator it = s.begin(); it != s.end(); ++it) {
        -:  980:      immediate_prerequisites_ += *it;
        -:  981:    }
        -:  982:    return *this;
        -:  983:  }
        -:  984:  TypedExpectation& After(const ExpectationSet& s1, const ExpectationSet& s2) {
        -:  985:    return After(s1).After(s2);
        -:  986:  }
        -:  987:  TypedExpectation& After(const ExpectationSet& s1, const ExpectationSet& s2,
        -:  988:                          const ExpectationSet& s3) {
        -:  989:    return After(s1, s2).After(s3);
        -:  990:  }
        -:  991:  TypedExpectation& After(const ExpectationSet& s1, const ExpectationSet& s2,
        -:  992:                          const ExpectationSet& s3, const ExpectationSet& s4) {
        -:  993:    return After(s1, s2, s3).After(s4);
        -:  994:  }
        -:  995:  TypedExpectation& After(const ExpectationSet& s1, const ExpectationSet& s2,
        -:  996:                          const ExpectationSet& s3, const ExpectationSet& s4,
        -:  997:                          const ExpectationSet& s5) {
        -:  998:    return After(s1, s2, s3, s4).After(s5);
        -:  999:  }
        -: 1000:
        -: 1001:  // Preferred, type-safe overload: consume anything that can be directly
        -: 1002:  // converted to a OnceAction, except for Action<F> objects themselves.
       15: 1003:  TypedExpectation& WillOnce(OnceAction<F> once_action) {
        -: 1004:    // Call the overload below, smuggling the OnceAction as a copyable callable.
        -: 1005:    // We know this is safe because a WillOnce action will not be called more
        -: 1006:    // than once.
       30: 1007:    return WillOnce(Action<F>(ActionAdaptor{
       15: 1008:        std::make_shared<OnceAction<F>>(std::move(once_action)),
       30: 1009:    }));
       15: 1010:  }
------------------
_ZN7testing8internal16TypedExpectationIFbRKNSt7__cxx1112basic_stringIcSt11char_traitsIcESaIcEEEEE8WillOnceENS_10OnceActionISA_EE:
       10: 1003:  TypedExpectation& WillOnce(OnceAction<F> once_action) {
        -: 1004:    // Call the overload below, smuggling the OnceAction as a copyable callable.
        -: 1005:    // We know this is safe because a WillOnce action will not be called more
        -: 1006:    // than once.
       20: 1007:    return WillOnce(Action<F>(ActionAdaptor{
       10: 1008:        std::make_shared<OnceAction<F>>(std::move(once_action)),
       20: 1009:    }));
       10: 1010:  }
------------------
_ZN7testing8internal16TypedExpectationIFbRKNSt7__cxx1112basic_stringIcSt11char_traitsIcESaIcEEEiEE8WillOnceENS_10OnceActionISA_EE:
        5: 1003:  TypedExpectation& WillOnce(OnceAction<F> once_action) {
        -: 1004:    // Call the overload below, smuggling the OnceAction as a copyable callable.
        -: 1005:    // We know this is safe because a WillOnce action will not be called more
        -: 1006:    // than once.
       10: 1007:    return WillOnce(Action<F>(ActionAdaptor{
        5: 1008:        std::make_shared<OnceAction<F>>(std::move(once_action)),
       10: 1009:    }));
        5: 1010:  }
------------------
        -: 1011:
        -: 1012:  // Fallback overload: accept Action<F> objects and those actions that define
        -: 1013:  // `operator Action<F>` but not `operator OnceAction<F>`.
        -: 1014:  //
        -: 1015:  // This is templated in order to cause the overload above to be preferred
        -: 1016:  // when the input is convertible to either type.
        -: 1017:  template <int&... ExplicitArgumentBarrier, typename = void>
       15: 1018:  TypedExpectation& WillOnce(Action<F> action) {
       30: 1019:    ExpectSpecProperty(last_clause_ <= kWillOnce,
        -: 1020:                       ".WillOnce() cannot appear after "
        -: 1021:                       ".WillRepeatedly() or .RetiresOnSaturation().");
       15: 1022:    last_clause_ = kWillOnce;
        -: 1023:
       15: 1024:    untyped_actions_.push_back(new Action<F>(std::move(action)));
        -: 1025:
       15: 1026:    if (!cardinality_specified()) {
       15: 1027:      set_cardinality(Exactly(static_cast<int>(untyped_actions_.size())));
        -: 1028:    }
       15: 1029:    return *this;
        -: 1030:  }
------------------
_ZN7testing8internal16TypedExpectationIFbRKNSt7__cxx1112basic_stringIcSt11char_traitsIcESaIcEEEEE8WillOnceIJEvEERSB_NS_6ActionISA_EE:
       10: 1018:  TypedExpectation& WillOnce(Action<F> action) {
       20: 1019:    ExpectSpecProperty(last_clause_ <= kWillOnce,
        -: 1020:                       ".WillOnce() cannot appear after "
        -: 1021:                       ".WillRepeatedly() or .RetiresOnSaturation().");
       10: 1022:    last_clause_ = kWillOnce;
        -: 1023:
       10: 1024:    untyped_actions_.push_back(new Action<F>(std::move(action)));
        -: 1025:
       10: 1026:    if (!cardinality_specified()) {
       10: 1027:      set_cardinality(Exactly(static_cast<int>(untyped_actions_.size())));
        -: 1028:    }
       10: 1029:    return *this;
        -: 1030:  }
------------------
_ZN7testing8internal16TypedExpectationIFbRKNSt7__cxx1112basic_stringIcSt11char_traitsIcESaIcEEEiEE8WillOnceIJEvEERSB_NS_6ActionISA_EE:
        5: 1018:  TypedExpectation& WillOnce(Action<F> action) {
       10: 1019:    ExpectSpecProperty(last_clause_ <= kWillOnce,
        -: 1020:                       ".WillOnce() cannot appear after "
        -: 1021:                       ".WillRepeatedly() or .RetiresOnSaturation().");
        5: 1022:    last_clause_ = kWillOnce;
        -: 1023:
        5: 1024:    untyped_actions_.push_back(new Action<F>(std::move(action)));
        -: 1025:
        5: 1026:    if (!cardinality_specified()) {
        5: 1027:      set_cardinality(Exactly(static_cast<int>(untyped_actions_.size())));
        -: 1028:    }
        5: 1029:    return *this;
        -: 1030:  }
------------------
        -: 1031:
        -: 1032:  // Implements the .WillRepeatedly() clause.
       15: 1033:  TypedExpectation& WillRepeatedly(const Action<F>& action) {
       15: 1034:    if (last_clause_ == kWillRepeatedly) {
    #####: 1035:      ExpectSpecProperty(false,
        -: 1036:                         ".WillRepeatedly() cannot appear "
        -: 1037:                         "more than once in an EXPECT_CALL().");
        -: 1038:    } else {
       45: 1039:      ExpectSpecProperty(last_clause_ < kWillRepeatedly,
        -: 1040:                         ".WillRepeatedly() cannot appear "
        -: 1041:                         "after .RetiresOnSaturation().");
        -: 1042:    }
       15: 1043:    last_clause_ = kWillRepeatedly;
       15: 1044:    repeated_action_specified_ = true;
        -: 1045:
       15: 1046:    repeated_action_ = action;
       15: 1047:    if (!cardinality_specified()) {
       15: 1048:      set_cardinality(AtLeast(static_cast<int>(untyped_actions_.size())));
        -: 1049:    }
        -: 1050:
        -: 1051:    // Now that no more action clauses can be specified, we check
        -: 1052:    // whether their count makes sense.
       15: 1053:    CheckActionCountIfNotDone();
       15: 1054:    return *this;
        -: 1055:  }
        -: 1056:
        -: 1057:  // Implements the .RetiresOnSaturation() clause.
        -: 1058:  TypedExpectation& RetiresOnSaturation() {
        -: 1059:    ExpectSpecProperty(last_clause_ < kRetiresOnSaturation,
        -: 1060:                       ".RetiresOnSaturation() cannot appear "
        -: 1061:                       "more than once.");
        -: 1062:    last_clause_ = kRetiresOnSaturation;
        -: 1063:    retires_on_saturation_ = true;
        -: 1064:
        -: 1065:    // Now that no more action clauses can be specified, we check
        -: 1066:    // whether their count makes sense.
        -: 1067:    CheckActionCountIfNotDone();
        -: 1068:    return *this;
        -: 1069:  }
        -: 1070:
        -: 1071:  // Returns the matchers for the arguments as specified inside the
        -: 1072:  // EXPECT_CALL() macro.
        -: 1073:  const ArgumentMatcherTuple& matchers() const { return matchers_; }
        -: 1074:
        -: 1075:  // Returns the matcher specified by the .With() clause.
        -: 1076:  const Matcher<const ArgumentTuple&>& extra_matcher() const {
        -: 1077:    return extra_matcher_;
        -: 1078:  }
        -: 1079:
        -: 1080:  // Returns the action specified by the .WillRepeatedly() clause.
      30*: 1081:  const Action<F>& repeated_action() const { return repeated_action_; }
------------------
_ZNK7testing8internal16TypedExpectationIFvSt8functionIFvRKNSt7__cxx1112basic_stringIcSt11char_traitsIcESaIcEEEEEEE15repeated_actionEv:
    #####: 1081:  const Action<F>& repeated_action() const { return repeated_action_; }
------------------
_ZNK7testing8internal16TypedExpectationIFNSt7__cxx1112basic_stringIcSt11char_traitsIcESaIcEEEvEE15repeated_actionEv:
    #####: 1081:  const Action<F>& repeated_action() const { return repeated_action_; }
------------------
_ZNK7testing8internal16TypedExpectationIFbRKNSt7__cxx1112basic_stringIcSt11char_traitsIcESaIcEEEEE15repeated_actionEv:
    #####: 1081:  const Action<F>& repeated_action() const { return repeated_action_; }
------------------
_ZNK7testing8internal16TypedExpectationIFbvEE15repeated_actionEv:
       30: 1081:  const Action<F>& repeated_action() const { return repeated_action_; }
------------------
_ZNK7testing8internal16TypedExpectationIFvvEE15repeated_actionEv:
    #####: 1081:  const Action<F>& repeated_action() const { return repeated_action_; }
------------------
_ZNK7testing8internal16TypedExpectationIFbRKNSt7__cxx1112basic_stringIcSt11char_traitsIcESaIcEEEiEE15repeated_actionEv:
    #####: 1081:  const Action<F>& repeated_action() const { return repeated_action_; }
------------------
        -: 1082:
        -: 1083:  // If this mock method has an extra matcher (i.e. .With(matcher)),
        -: 1084:  // describes it to the ostream.
    #####: 1085:  void MaybeDescribeExtraMatcherTo(::std::ostream* os) override {
    #####: 1086:    if (extra_matcher_specified_) {
    #####: 1087:      *os << "    Expected args: ";
    #####: 1088:      extra_matcher_.DescribeTo(os);
    #####: 1089:      *os << "\n";
        -: 1090:    }
    #####: 1091:  }
------------------
_ZN7testing8internal16TypedExpectationIFbvEE27MaybeDescribeExtraMatcherToEPSo:
    #####: 1085:  void MaybeDescribeExtraMatcherTo(::std::ostream* os) override {
    #####: 1086:    if (extra_matcher_specified_) {
    #####: 1087:      *os << "    Expected args: ";
    #####: 1088:      extra_matcher_.DescribeTo(os);
    #####: 1089:      *os << "\n";
        -: 1090:    }
    #####: 1091:  }
------------------
_ZN7testing8internal16TypedExpectationIFbRKNSt7__cxx1112basic_stringIcSt11char_traitsIcESaIcEEEiEE27MaybeDescribeExtraMatcherToEPSo:
    #####: 1085:  void MaybeDescribeExtraMatcherTo(::std::ostream* os) override {
    #####: 1086:    if (extra_matcher_specified_) {
    #####: 1087:      *os << "    Expected args: ";
    #####: 1088:      extra_matcher_.DescribeTo(os);
    #####: 1089:      *os << "\n";
        -: 1090:    }
    #####: 1091:  }
------------------
_ZN7testing8internal16TypedExpectationIFbRKNSt7__cxx1112basic_stringIcSt11char_traitsIcESaIcEEEEE27MaybeDescribeExtraMatcherToEPSo:
    #####: 1085:  void MaybeDescribeExtraMatcherTo(::std::ostream* os) override {
    #####: 1086:    if (extra_matcher_specified_) {
    #####: 1087:      *os << "    Expected args: ";
    #####: 1088:      extra_matcher_.DescribeTo(os);
    #####: 1089:      *os << "\n";
        -: 1090:    }
    #####: 1091:  }
------------------
        -: 1092:
        -: 1093: private:
        -: 1094:  template <typename Function>
        -: 1095:  friend class FunctionMocker;
        -: 1096:
        -: 1097:  // An adaptor that turns a OneAction<F> into something compatible with
        -: 1098:  // Action<F>. Must be called at most once.
        -: 1099:  struct ActionAdaptor {
        -: 1100:    std::shared_ptr<OnceAction<R(Args...)>> once_action;
        -: 1101:
       15: 1102:    R operator()(Args&&... args) const {
       15: 1103:      return std::move(*once_action).Call(std::forward<Args>(args)...);
        -: 1104:    }
------------------
_ZNK7testing8internal16TypedExpectationIFbRKNSt7__cxx1112basic_stringIcSt11char_traitsIcESaIcEEEEE13ActionAdaptorclES9_:
       10: 1102:    R operator()(Args&&... args) const {
       10: 1103:      return std::move(*once_action).Call(std::forward<Args>(args)...);
        -: 1104:    }
------------------
_ZNK7testing8internal16TypedExpectationIFbRKNSt7__cxx1112basic_stringIcSt11char_traitsIcESaIcEEEiEE13ActionAdaptorclES9_Oi:
        5: 1102:    R operator()(Args&&... args) const {
        5: 1103:      return std::move(*once_action).Call(std::forward<Args>(args)...);
        -: 1104:    }
------------------
        -: 1105:  };
        -: 1106:
        -: 1107:  // Returns an Expectation object that references and co-owns this
        -: 1108:  // expectation.
    #####: 1109:  Expectation GetHandle() override { return owner_->GetHandleOf(this); }
------------------
_ZN7testing8internal16TypedExpectationIFbvEE9GetHandleEv:
    #####: 1109:  Expectation GetHandle() override { return owner_->GetHandleOf(this); }
------------------
_ZN7testing8internal16TypedExpectationIFbRKNSt7__cxx1112basic_stringIcSt11char_traitsIcESaIcEEEiEE9GetHandleEv:
    #####: 1109:  Expectation GetHandle() override { return owner_->GetHandleOf(this); }
------------------
_ZN7testing8internal16TypedExpectationIFbRKNSt7__cxx1112basic_stringIcSt11char_traitsIcESaIcEEEEE9GetHandleEv:
    #####: 1109:  Expectation GetHandle() override { return owner_->GetHandleOf(this); }
------------------
        -: 1110:
        -: 1111:  // The following methods will be called only after the EXPECT_CALL()
        -: 1112:  // statement finishes and when the current thread holds
        -: 1113:  // g_gmock_mutex.
        -: 1114:
        -: 1115:  // Returns true if and only if this expectation matches the given arguments.
      45*: 1116:  bool Matches(const ArgumentTuple& args) const
        -: 1117:      GTEST_EXCLUSIVE_LOCK_REQUIRED_(g_gmock_mutex) {
      45*: 1118:    g_gmock_mutex.AssertHeld();
      45*: 1119:    return TupleMatches(matchers_, args) && extra_matcher_.Matches(args);
        -: 1120:  }
------------------
_ZNK7testing8internal16TypedExpectationIFvSt8functionIFvRKNSt7__cxx1112basic_stringIcSt11char_traitsIcESaIcEEEEEEE7MatchesERKSt5tupleIJSC_EE:
    #####: 1116:  bool Matches(const ArgumentTuple& args) const
        -: 1117:      GTEST_EXCLUSIVE_LOCK_REQUIRED_(g_gmock_mutex) {
    #####: 1118:    g_gmock_mutex.AssertHeld();
    #####: 1119:    return TupleMatches(matchers_, args) && extra_matcher_.Matches(args);
        -: 1120:  }
------------------
_ZNK7testing8internal16TypedExpectationIFNSt7__cxx1112basic_stringIcSt11char_traitsIcESaIcEEEvEE7MatchesERKSt5tupleIJEE:
    #####: 1116:  bool Matches(const ArgumentTuple& args) const
        -: 1117:      GTEST_EXCLUSIVE_LOCK_REQUIRED_(g_gmock_mutex) {
    #####: 1118:    g_gmock_mutex.AssertHeld();
    #####: 1119:    return TupleMatches(matchers_, args) && extra_matcher_.Matches(args);
        -: 1120:  }
------------------
_ZNK7testing8internal16TypedExpectationIFbRKNSt7__cxx1112basic_stringIcSt11char_traitsIcESaIcEEEEE7MatchesERKSt5tupleIJS9_EE:
       10: 1116:  bool Matches(const ArgumentTuple& args) const
        -: 1117:      GTEST_EXCLUSIVE_LOCK_REQUIRED_(g_gmock_mutex) {
       10: 1118:    g_gmock_mutex.AssertHeld();
      10*: 1119:    return TupleMatches(matchers_, args) && extra_matcher_.Matches(args);
        -: 1120:  }
------------------
_ZNK7testing8internal16TypedExpectationIFbvEE7MatchesERKSt5tupleIJEE:
       30: 1116:  bool Matches(const ArgumentTuple& args) const
        -: 1117:      GTEST_EXCLUSIVE_LOCK_REQUIRED_(g_gmock_mutex) {
       30: 1118:    g_gmock_mutex.AssertHeld();
[...]
        -: 1883:  // is appropriate.
        -: 1884:  //
        -: 1885:  // We use RAII to do the latter in case R is void or a non-moveable type. In
        -: 1886:  // either case we can't assign it to a local variable.
        -: 1887:  //
        -: 1888:  // Note that we *don't* use any local callback types (like lambdas) here.
        -: 1889:  // Doing so slows down compilation dramatically because the *constructor* of
        -: 1890:  // std::function<T> is re-instantiated with different template
        -: 1891:  // parameters each time.
    #####: 1892:  const FailureCleanupHandler handle_failures = {
        -: 1893:      ss, why, loc, untyped_expectation, found, is_excessive
        -: 1894:  };
        -: 1895:
    #####: 1896:  return PerformActionAndPrintResult(untyped_action, std::move(args), ss.str(),
    #####: 1897:                                     ss);
    #####: 1898:}
------------------
_ZN7testing8internal14FunctionMockerIFbRKNSt7__cxx1112basic_stringIcSt11char_traitsIcESaIcEEEiEE10InvokeWithEOSt5tupleIJS9_iEE:
        5: 1789:R FunctionMocker<R(Args...)>::InvokeWith(ArgumentTuple&& args)
        -: 1790:    GTEST_LOCK_EXCLUDED_(g_gmock_mutex) {
        -: 1791:  // See the definition of untyped_expectations_ for why access to it
        -: 1792:  // is unprotected here.
        5: 1793:  if (untyped_expectations_.size() == 0) {
        -: 1794:    // No expectation is set on this mock method - we have an
        -: 1795:    // uninteresting call.
        -: 1796:
        -: 1797:    // We must get Google Mock's reaction on uninteresting calls
        -: 1798:    // made on this mock object BEFORE performing the action,
        -: 1799:    // because the action may DELETE the mock object and make the
        -: 1800:    // following expression meaningless.
        -: 1801:    const CallReaction reaction =
    #####: 1802:        Mock::GetReactionOnUninterestingCalls(MockObject());
        -: 1803:
        -: 1804:    // True if and only if we need to print this call's arguments and return
        -: 1805:    // value.  This definition must be kept in sync with
        -: 1806:    // the behavior of ReportUninterestingCall().
    #####: 1807:    const bool need_to_report_uninteresting_call =
        -: 1808:        // If the user allows this uninteresting call, we print it
        -: 1809:        // only when they want informational messages.
    #####: 1810:        reaction == kAllow ? LogIsVisible(kInfo) :
        -: 1811:                           // If the user wants this to be a warning, we print
        -: 1812:                           // it only when they want to see warnings.
        -: 1813:            reaction == kWarn
    #####: 1814:            ? LogIsVisible(kWarning)
        -: 1815:            :
        -: 1816:            // Otherwise, the user wants this to be an error, and we
        -: 1817:            // should always print detailed information in the error.
        -: 1818:            true;
        -: 1819:
    #####: 1820:    if (!need_to_report_uninteresting_call) {
        -: 1821:      // Perform the action without printing the call information.
    #####: 1822:      return this->PerformDefaultAction(
    #####: 1823:          std::move(args), "Function call: " + std::string(Name()));
        -: 1824:    }
        -: 1825:
        -: 1826:    // Warns about the uninteresting call.
    #####: 1827:    ::std::stringstream ss;
    #####: 1828:    this->UntypedDescribeUninterestingCall(&args, &ss);
        -: 1829:
        -: 1830:    // Perform the action, print the result, and then report the uninteresting
        -: 1831:    // call.
        -: 1832:    //
        -: 1833:    // We use RAII to do the latter in case R is void or a non-moveable type. In
        -: 1834:    // either case we can't assign it to a local variable.
        -: 1835:    //
        -: 1836:    // Note that std::bind() is essential here.
        -: 1837:    // We *don't* use any local callback types (like lambdas).
        -: 1838:    // Doing so slows down compilation dramatically because the *constructor* of
        -: 1839:    // std::function<T> is re-instantiated with different template
        -: 1840:    // parameters each time.
    #####: 1841:    const UninterestingCallCleanupHandler report_uninteresting_call = {
        -: 1842:        reaction, ss
        -: 1843:    };
        -: 1844:
    #####: 1845:    return PerformActionAndPrintResult(nullptr, std::move(args), ss.str(), ss);
    #####: 1846:  }
        -: 1847:
        5: 1848:  bool is_excessive = false;
        5: 1849:  ::std::stringstream ss;
        5: 1850:  ::std::stringstream why;
        5: 1851:  ::std::stringstream loc;
        5: 1852:  const void* untyped_action = nullptr;
        -: 1853:
        -: 1854:  // The UntypedFindMatchingExpectation() function acquires and
        -: 1855:  // releases g_gmock_mutex.
        -: 1856:
        -: 1857:  const ExpectationBase* const untyped_expectation =
        5: 1858:      this->UntypedFindMatchingExpectation(&args, &untyped_action,
        -: 1859:                                           &is_excessive, &ss, &why);
        5: 1860:  const bool found = untyped_expectation != nullptr;
        -: 1861:
        -: 1862:  // True if and only if we need to print the call's arguments
        -: 1863:  // and return value.
        -: 1864:  // This definition must be kept in sync with the uses of Expect()
        -: 1865:  // and Log() in this function.
        5: 1866:  const bool need_to_report_call =
       5*: 1867:      !found || is_excessive || LogIsVisible(kInfo);
        5: 1868:  if (!need_to_report_call) {
        -: 1869:    // Perform the action without printing the call information.
       10: 1870:    return PerformAction(untyped_action, std::move(args), "");
        -: 1871:  }
        -: 1872:
    #####: 1873:  ss << "    Function call: " << Name();
    #####: 1874:  this->UntypedPrintArgs(&args, &ss);
        -: 1875:
        -: 1876:  // In case the action deletes a piece of the expectation, we
        -: 1877:  // generate the message beforehand.
    #####: 1878:  if (found && !is_excessive) {
    #####: 1879:    untyped_expectation->DescribeLocationTo(&loc);
        -: 1880:  }
        -: 1881:
        -: 1882:  // Perform the action, print the result, and then fail or log in whatever way
        -: 1883:  // is appropriate.
        -: 1884:  //
        -: 1885:  // We use RAII to do the latter in case R is void or a non-moveable type. In
        -: 1886:  // either case we can't assign it to a local variable.
        -: 1887:  //
        -: 1888:  // Note that we *don't* use any local callback types (like lambdas) here.
        -: 1889:  // Doing so slows down compilation dramatically because the *constructor* of
        -: 1890:  // std::function<T> is re-instantiated with different template
        -: 1891:  // parameters each time.
    #####: 1892:  const FailureCleanupHandler handle_failures = {
        -: 1893:      ss, why, loc, untyped_expectation, found, is_excessive
        -: 1894:  };
        -: 1895:
    #####: 1896:  return PerformActionAndPrintResult(untyped_action, std::move(args), ss.str(),
    #####: 1897:                                     ss);
       5*: 1898:}
------------------
        -: 1899:
        -: 1900:}  // namespace internal
        -: 1901:
        -: 1902:namespace internal {
        -: 1903:
        -: 1904:template <typename F>
        -: 1905:class MockFunction;
        -: 1906:
        -: 1907:template <typename R, typename... Args>
        -: 1908:class MockFunction<R(Args...)> {
        -: 1909: public:
        -: 1910:  MockFunction(const MockFunction&) = delete;
        -: 1911:  MockFunction& operator=(const MockFunction&) = delete;
        -: 1912:
        -: 1913:  std::function<R(Args...)> AsStdFunction() {
        -: 1914:    return [this](Args... args) -> R {
        -: 1915:      return this->Call(std::forward<Args>(args)...);
        -: 1916:    };
        -: 1917:  }
        -: 1918:
        -: 1919:  // Implementation detail: the expansion of the MOCK_METHOD macro.
        -: 1920:  R Call(Args... args) {
        -: 1921:    mock_.SetOwnerAndName(this, "Call");
        -: 1922:    return mock_.Invoke(std::forward<Args>(args)...);
        -: 1923:  }
        -: 1924:
        -: 1925:  MockSpec<R(Args...)> gmock_Call(Matcher<Args>... m) {
        -: 1926:    mock_.RegisterOwner(this);
        -: 1927:    return mock_.With(std::move(m)...);
        -: 1928:  }
        -: 1929:
        -: 1930:  MockSpec<R(Args...)> gmock_Call(const WithoutMatchers&, R (*)(Args...)) {
        -: 1931:    return this->gmock_Call(::testing::A<Args>()...);
        -: 1932:  }
        -: 1933:
        -: 1934: protected:
        -: 1935:  MockFunction() = default;
        -: 1936:  ~MockFunction() = default;
        -: 1937:
        -: 1938: private:
        -: 1939:  FunctionMocker<R(Args...)> mock_;
        -: 1940:};
        -: 1941:
        -: 1942:/*
        -: 1943:The SignatureOf<F> struct is a meta-function returning function signature
        -: 1944:corresponding to the provided F argument.
        -: 1945:
        -: 1946:It makes use of MockFunction easier by allowing it to accept more F arguments
        -: 1947:than just function signatures.
        -: 1948:
        -: 1949:Specializations provided here cover a signature type itself and any template
        -: 1950:that can be parameterized with a signature, including std::function and
        -: 1951:boost::function.
        -: 1952:*/
        -: 1953:
        -: 1954:template <typename F, typename = void>
        -: 1955:struct SignatureOf;
        -: 1956:
        -: 1957:template <typename R, typename... Args>
        -: 1958:struct SignatureOf<R(Args...)> {
        -: 1959:  using type = R(Args...);
        -: 1960:};
        -: 1961:
        -: 1962:template <template <typename> class C, typename F>
        -: 1963:struct SignatureOf<C<F>,
        -: 1964:                   typename std::enable_if<std::is_function<F>::value>::type>
        -: 1965:    : SignatureOf<F> {};
        -: 1966:
        -: 1967:template <typename F>
        -: 1968:using SignatureOfT = typename SignatureOf<F>::type;
        -: 1969:
        -: 1970:}  // namespace internal
        -: 1971:
        -: 1972:// A MockFunction<F> type has one mock method whose type is
        -: 1973:// internal::SignatureOfT<F>.  It is useful when you just want your
        -: 1974:// test code to emit some messages and have Google Mock verify the
        -: 1975:// right messages are sent (and perhaps at the right times).  For
        -: 1976:// example, if you are exercising code:
        -: 1977://
        -: 1978://   Foo(1);
        -: 1979://   Foo(2);
        -: 1980://   Foo(3);
        -: 1981://
        -: 1982:// and want to verify that Foo(1) and Foo(3) both invoke
        -: 1983:// mock.Bar("a"), but Foo(2) doesn't invoke anything, you can write:
        -: 1984://
        -: 1985:// TEST(FooTest, InvokesBarCorrectly) {
        -: 1986://   MyMock mock;
        -: 1987://   MockFunction<void(string check_point_name)> check;
        -: 1988://   {
        -: 1989://     InSequence s;
        -: 1990://
        -: 1991://     EXPECT_CALL(mock, Bar("a"));
        -: 1992://     EXPECT_CALL(check, Call("1"));
        -: 1993://     EXPECT_CALL(check, Call("2"));
        -: 1994://     EXPECT_CALL(mock, Bar("a"));
        -: 1995://   }
        -: 1996://   Foo(1);
        -: 1997://   check.Call("1");
        -: 1998://   Foo(2);
        -: 1999://   check.Call("2");
        -: 2000://   Foo(3);
        -: 2001:// }
        -: 2002://
        -: 2003:// The expectation spec says that the first Bar("a") must happen
        -: 2004:// before check point "1", the second Bar("a") must happen after check
        -: 2005:// point "2", and nothing should happen between the two check
        -: 2006:// points. The explicit check points make it easy to tell which
        -: 2007:// Bar("a") is called by which call to Foo().
        -: 2008://
        -: 2009:// MockFunction<F> can also be used to exercise code that accepts
        -: 2010:// std::function<internal::SignatureOfT<F>> callbacks. To do so, use
        -: 2011:// AsStdFunction() method to create std::function proxy forwarding to
        -: 2012:// original object's Call. Example:
        -: 2013://
        -: 2014:// TEST(FooTest, RunsCallbackWithBarArgument) {
        -: 2015://   MockFunction<int(string)> callback;
        -: 2016://   EXPECT_CALL(callback, Call("bar")).WillOnce(Return(1));
        -: 2017://   Foo(callback.AsStdFunction());
        -: 2018:// }
        -: 2019://
        -: 2020:// The internal::SignatureOfT<F> indirection allows to use other types
        -: 2021:// than just function signature type. This is typically useful when
        -: 2022:// providing a mock for a predefined std::function type. Example:
        -: 2023://
        -: 2024:// using FilterPredicate = std::function<bool(string)>;
        -: 2025:// void MyFilterAlgorithm(FilterPredicate predicate);
        -: 2026://
        -: 2027:// TEST(FooTest, FilterPredicateAlwaysAccepts) {
        -: 2028://   MockFunction<FilterPredicate> predicateMock;
        -: 2029://   EXPECT_CALL(predicateMock, Call(_)).WillRepeatedly(Return(true));
        -: 2030://   MyFilterAlgorithm(predicateMock.AsStdFunction());
        -: 2031:// }
        -: 2032:template <typename F>
        -: 2033:class MockFunction : public internal::MockFunction<internal::SignatureOfT<F>> {
        -: 2034:  using Base = internal::MockFunction<internal::SignatureOfT<F>>;
        -: 2035:
        -: 2036: public:
        -: 2037:  using Base::Base;
        -: 2038:};
        -: 2039:
        -: 2040:// The style guide prohibits "using" statements in a namespace scope
        -: 2041:// inside a header file.  However, the MockSpec class template is
        -: 2042:// meant to be defined in the ::testing namespace.  The following line
        -: 2043:// is just a trick for working around a bug in MSVC 8.0, which cannot
        -: 2044:// handle it if we define MockSpec in ::testing.
        -: 2045:using internal::MockSpec;
        -: 2046:
        -: 2047:// Const(x) is a convenient function for obtaining a const reference
        -: 2048:// to x.  This is useful for setting expectations on an overloaded
        -: 2049:// const mock method, e.g.
        -: 2050://
        -: 2051://   class MockFoo : public FooInterface {
        -: 2052://    public:
        -: 2053://     MOCK_METHOD0(Bar, int());
        -: 2054://     MOCK_CONST_METHOD0(Bar, int&());
        -: 2055://   };
        -: 2056://
        -: 2057://   MockFoo foo;
        -: 2058://   // Expects a call to non-const MockFoo::Bar().
        -: 2059://   EXPECT_CALL(foo, Bar());
        -: 2060://   // Expects a call to const MockFoo::Bar().
        -: 2061://   EXPECT_CALL(Const(foo), Bar());
        -: 2062:template <typename T>
        -: 2063:inline const T& Const(const T& x) {
        -: 2064:  return x;
        -: 2065:}
        -: 2066:
        -: 2067:// Constructs an Expectation object that references and co-owns exp.
        -: 2068:inline Expectation::Expectation(internal::ExpectationBase& exp)  // NOLINT
        -: 2069:    : expectation_base_(exp.GetHandle().expectation_base()) {}
        -: 2070:
        -: 2071:}  // namespace testing
        -: 2072:
        -: 2073:GTEST_DISABLE_MSC_WARNINGS_POP_()  //  4251
        -: 2074:
        -: 2075:// Implementation for ON_CALL and EXPECT_CALL macros. A separate macro is
        -: 2076:// required to avoid compile errors when the name of the method used in call is
        -: 2077:// a result of macro expansion. See CompilesWithMethodNameExpandedFromMacro
        -: 2078:// tests in internal/gmock-spec-builders_test.cc for more details.
        -: 2079://
        -: 2080:// This macro supports statements both with and without parameter matchers. If
        -: 2081:// the parameter list is omitted, gMock will accept any parameters, which allows
        -: 2082:// tests to be written that don't need to encode the number of method
        -: 2083:// parameter. This technique may only be used for non-overloaded methods.
        -: 2084://
        -: 2085://   // These are the same:
        -: 2086://   ON_CALL(mock, NoArgsMethod()).WillByDefault(...);
        -: 2087://   ON_CALL(mock, NoArgsMethod).WillByDefault(...);
        -: 2088://
        -: 2089://   // As are these:
        -: 2090://   ON_CALL(mock, TwoArgsMethod(_, _)).WillByDefault(...);
        -: 2091://   ON_CALL(mock, TwoArgsMethod).WillByDefault(...);
        -: 2092://
        -: 2093://   // Can also specify args if you want, of course:
        -: 2094://   ON_CALL(mock, TwoArgsMethod(_, 45)).WillByDefault(...);
        -: 2095://
        -: 2096://   // Overloads work as long as you specify parameters:
        -: 2097://   ON_CALL(mock, OverloadedMethod(_)).WillByDefault(...);
        -: 2098://   ON_CALL(mock, OverloadedMethod(_, _)).WillByDefault(...);
        -: 2099://
        -: 2100://   // Oops! Which overload did you want?
        -: 2101://   ON_CALL(mock, OverloadedMethod).WillByDefault(...);
        -: 2102://     => ERROR: call to member function 'gmock_OverloadedMethod' is ambiguous
        -: 2103://
        -: 2104:// How this works: The mock class uses two overloads of the gmock_Method
        -: 2105:// expectation setter method plus an operator() overload on the MockSpec object.
        -: 2106:// In the matcher list form, the macro expands to:
        -: 2107://
        -: 2108://   // This statement:
        -: 2109://   ON_CALL(mock, TwoArgsMethod(_, 45))...
        -: 2110://
        -: 2111://   // ...expands to:
        -: 2112://   mock.gmock_TwoArgsMethod(_, 45)(WithoutMatchers(), nullptr)...
        -: 2113://   |-------------v---------------||------------v-------------|
        -: 2114://       invokes first overload        swallowed by operator()
        -: 2115://
        -: 2116://   // ...which is essentially:
        -: 2117://   mock.gmock_TwoArgsMethod(_, 45)...
        -: 2118://
        -: 2119:// Whereas the form without a matcher list:
        -: 2120://
        -: 2121://   // This statement:
        -: 2122://   ON_CALL(mock, TwoArgsMethod)...
        -: 2123://
        -: 2124://   // ...expands to:
        -: 2125://   mock.gmock_TwoArgsMethod(WithoutMatchers(), nullptr)...
        -: 2126://   |-----------------------v--------------------------|
        -: 2127://                 invokes second overload
        -: 2128://
        -: 2129://   // ...which is essentially:
        -: 2130://   mock.gmock_TwoArgsMethod(_, _)...
        -: 2131://
        -: 2132:// The WithoutMatchers() argument is used to disambiguate overloads and to
        -: 2133:// block the caller from accidentally invoking the second overload directly. The
        -: 2134:// second argument is an internal type derived from the method signature. The
        -: 2135:// failure to disambiguate two overloads of this method in the ON_CALL statement
        -: 2136:// is how we block callers from setting expectations on overloaded methods.
        -: 2137:#define GMOCK_ON_CALL_IMPL_(mock_expr, Setter, call)                    \
        -: 2138:  ((mock_expr).gmock_##call)(::testing::internal::GetWithoutMatchers(), \
        -: 2139:                             nullptr)                                   \
        -: 2140:      .Setter(__FILE__, __LINE__, #mock_expr, #call)
        -: 2141:
        -: 2142:#define ON_CALL(obj, call) \
        -: 2143:  GMOCK_ON_CALL_IMPL_(obj, InternalDefaultActionSetAt, call)
        -: 2144:
        -: 2145:#define EXPECT_CALL(obj, call) \
        -: 2146:  GMOCK_ON_CALL_IMPL_(obj, InternalExpectedAt, call)
        -: 2147:
        -: 2148:#endif  // GOOGLEMOCK_INCLUDE_GMOCK_GMOCK_SPEC_BUILDERS_H_
