        -:    0:Source:/home/duong/MediaPlayerApp/build/_deps/googletest-src/googlemock/include/gmock/gmock-matchers.h
        -:    0:Graph:/home/duong/MediaPlayerApp/build/CMakeFiles/RunTests.dir/tests/controllers/HardwareControllerTest.cpp.gcno
        -:    0:Data:/home/duong/MediaPlayerApp/build/CMakeFiles/RunTests.dir/tests/controllers/HardwareControllerTest.cpp.gcda
        -:    0:Runs:5
        -:    1:// Copyright 2007, Google Inc.
        -:    2:// All rights reserved.
        -:    3://
        -:    4:// Redistribution and use in source and binary forms, with or without
        -:    5:// modification, are permitted provided that the following conditions are
        -:    6:// met:
        -:    7://
        -:    8://     * Redistributions of source code must retain the above copyright
        -:    9:// notice, this list of conditions and the following disclaimer.
        -:   10://     * Redistributions in binary form must reproduce the above
        -:   11:// copyright notice, this list of conditions and the following disclaimer
        -:   12:// in the documentation and/or other materials provided with the
        -:   13:// distribution.
        -:   14://     * Neither the name of Google Inc. nor the names of its
        -:   15:// contributors may be used to endorse or promote products derived from
        -:   16:// this software without specific prior written permission.
        -:   17://
        -:   18:// THIS SOFTWARE IS PROVIDED BY THE COPYRIGHT HOLDERS AND CONTRIBUTORS
        -:   19:// "AS IS" AND ANY EXPRESS OR IMPLIED WARRANTIES, INCLUDING, BUT NOT
        -:   20:// LIMITED TO, THE IMPLIED WARRANTIES OF MERCHANTABILITY AND FITNESS FOR
        -:   21:// A PARTICULAR PURPOSE ARE DISCLAIMED. IN NO EVENT SHALL THE COPYRIGHT
        -:   22:// OWNER OR CONTRIBUTORS BE LIABLE FOR ANY DIRECT, INDIRECT, INCIDENTAL,
        -:   23:// SPECIAL, EXEMPLARY, OR CONSEQUENTIAL DAMAGES (INCLUDING, BUT NOT
        -:   24:// LIMITED TO, PROCUREMENT OF SUBSTITUTE GOODS OR SERVICES; LOSS OF USE,
        -:   25:// DATA, OR PROFITS; OR BUSINESS INTERRUPTION) HOWEVER CAUSED AND ON ANY
        -:   26:// THEORY OF LIABILITY, WHETHER IN CONTRACT, STRICT LIABILITY, OR TORT
        -:   27:// (INCLUDING NEGLIGENCE OR OTHERWISE) ARISING IN ANY WAY OUT OF THE USE
        -:   28:// OF THIS SOFTWARE, EVEN IF ADVISED OF THE POSSIBILITY OF SUCH DAMAGE.
        -:   29:
        -:   30:// Google Mock - a framework for writing C++ mock classes.
        -:   31://
        -:   32:// The MATCHER* family of macros can be used in a namespace scope to
        -:   33:// define custom matchers easily.
        -:   34://
        -:   35:// Basic Usage
        -:   36:// ===========
        -:   37://
        -:   38:// The syntax
        -:   39://
        -:   40://   MATCHER(name, description_string) { statements; }
        -:   41://
        -:   42:// defines a matcher with the given name that executes the statements,
        -:   43:// which must return a bool to indicate if the match succeeds.  Inside
        -:   44:// the statements, you can refer to the value being matched by 'arg',
        -:   45:// and refer to its type by 'arg_type'.
        -:   46://
        -:   47:// The description string documents what the matcher does, and is used
        -:   48:// to generate the failure message when the match fails.  Since a
        -:   49:// MATCHER() is usually defined in a header file shared by multiple
        -:   50:// C++ source files, we require the description to be a C-string
        -:   51:// literal to avoid possible side effects.  It can be empty, in which
        -:   52:// case we'll use the sequence of words in the matcher name as the
        -:   53:// description.
        -:   54://
        -:   55:// For example:
        -:   56://
        -:   57://   MATCHER(IsEven, "") { return (arg % 2) == 0; }
        -:   58://
        -:   59:// allows you to write
        -:   60://
        -:   61://   // Expects mock_foo.Bar(n) to be called where n is even.
        -:   62://   EXPECT_CALL(mock_foo, Bar(IsEven()));
        -:   63://
        -:   64:// or,
        -:   65://
        -:   66://   // Verifies that the value of some_expression is even.
        -:   67://   EXPECT_THAT(some_expression, IsEven());
        -:   68://
        -:   69:// If the above assertion fails, it will print something like:
        -:   70://
        -:   71://   Value of: some_expression
        -:   72://   Expected: is even
        -:   73://     Actual: 7
        -:   74://
        -:   75:// where the description "is even" is automatically calculated from the
        -:   76:// matcher name IsEven.
        -:   77://
        -:   78:// Argument Type
        -:   79:// =============
        -:   80://
        -:   81:// Note that the type of the value being matched (arg_type) is
        -:   82:// determined by the context in which you use the matcher and is
        -:   83:// supplied to you by the compiler, so you don't need to worry about
        -:   84:// declaring it (nor can you).  This allows the matcher to be
        -:   85:// polymorphic.  For example, IsEven() can be used to match any type
        -:   86:// where the value of "(arg % 2) == 0" can be implicitly converted to
        -:   87:// a bool.  In the "Bar(IsEven())" example above, if method Bar()
        -:   88:// takes an int, 'arg_type' will be int; if it takes an unsigned long,
        -:   89:// 'arg_type' will be unsigned long; and so on.
        -:   90://
        -:   91:// Parameterizing Matchers
        -:   92:// =======================
        -:   93://
        -:   94:// Sometimes you'll want to parameterize the matcher.  For that you
        -:   95:// can use another macro:
        -:   96://
        -:   97://   MATCHER_P(name, param_name, description_string) { statements; }
        -:   98://
        -:   99:// For example:
        -:  100://
        -:  101://   MATCHER_P(HasAbsoluteValue, value, "") { return abs(arg) == value; }
        -:  102://
        -:  103:// will allow you to write:
        -:  104://
        -:  105://   EXPECT_THAT(Blah("a"), HasAbsoluteValue(n));
        -:  106://
        -:  107:// which may lead to this message (assuming n is 10):
        -:  108://
        -:  109://   Value of: Blah("a")
        -:  110://   Expected: has absolute value 10
        -:  111://     Actual: -9
        -:  112://
        -:  113:// Note that both the matcher description and its parameter are
        -:  114:// printed, making the message human-friendly.
        -:  115://
        -:  116:// In the matcher definition body, you can write 'foo_type' to
        -:  117:// reference the type of a parameter named 'foo'.  For example, in the
        -:  118:// body of MATCHER_P(HasAbsoluteValue, value) above, you can write
        -:  119:// 'value_type' to refer to the type of 'value'.
        -:  120://
        -:  121:// We also provide MATCHER_P2, MATCHER_P3, ..., up to MATCHER_P$n to
        -:  122:// support multi-parameter matchers.
        -:  123://
        -:  124:// Describing Parameterized Matchers
        -:  125:// =================================
        -:  126://
        -:  127:// The last argument to MATCHER*() is a string-typed expression.  The
        -:  128:// expression can reference all of the matcher's parameters and a
        -:  129:// special bool-typed variable named 'negation'.  When 'negation' is
        -:  130:// false, the expression should evaluate to the matcher's description;
        -:  131:// otherwise it should evaluate to the description of the negation of
        -:  132:// the matcher.  For example,
        -:  133://
        -:  134://   using testing::PrintToString;
        -:  135://
        -:  136://   MATCHER_P2(InClosedRange, low, hi,
        -:  137://       std::string(negation ? "is not" : "is") + " in range [" +
        -:  138://       PrintToString(low) + ", " + PrintToString(hi) + "]") {
        -:  139://     return low <= arg && arg <= hi;
        -:  140://   }
        -:  141://   ...
        -:  142://   EXPECT_THAT(3, InClosedRange(4, 6));
        -:  143://   EXPECT_THAT(3, Not(InClosedRange(2, 4)));
        -:  144://
        -:  145:// would generate two failures that contain the text:
        -:  146://
        -:  147://   Expected: is in range [4, 6]
        -:  148://   ...
        -:  149://   Expected: is not in range [2, 4]
        -:  150://
        -:  151:// If you specify "" as the description, the failure message will
        -:  152:// contain the sequence of words in the matcher name followed by the
        -:  153:// parameter values printed as a tuple.  For example,
        -:  154://
        -:  155://   MATCHER_P2(InClosedRange, low, hi, "") { ... }
        -:  156://   ...
        -:  157://   EXPECT_THAT(3, InClosedRange(4, 6));
        -:  158://   EXPECT_THAT(3, Not(InClosedRange(2, 4)));
        -:  159://
        -:  160:// would generate two failures that contain the text:
        -:  161://
        -:  162://   Expected: in closed range (4, 6)
        -:  163://   ...
        -:  164://   Expected: not (in closed range (2, 4))
        -:  165://
        -:  166:// Types of Matcher Parameters
        -:  167:// ===========================
        -:  168://
        -:  169:// For the purpose of typing, you can view
        -:  170://
        -:  171://   MATCHER_Pk(Foo, p1, ..., pk, description_string) { ... }
        -:  172://
        -:  173:// as shorthand for
        -:  174://
        -:  175://   template <typename p1_type, ..., typename pk_type>
        -:  176://   FooMatcherPk<p1_type, ..., pk_type>
        -:  177://   Foo(p1_type p1, ..., pk_type pk) { ... }
        -:  178://
        -:  179:// When you write Foo(v1, ..., vk), the compiler infers the types of
        -:  180:// the parameters v1, ..., and vk for you.  If you are not happy with
        -:  181:// the result of the type inference, you can specify the types by
        -:  182:// explicitly instantiating the template, as in Foo<long, bool>(5,
        -:  183:// false).  As said earlier, you don't get to (or need to) specify
        -:  184:// 'arg_type' as that's determined by the context in which the matcher
        -:  185:// is used.  You can assign the result of expression Foo(p1, ..., pk)
        -:  186:// to a variable of type FooMatcherPk<p1_type, ..., pk_type>.  This
        -:  187:// can be useful when composing matchers.
        -:  188://
        -:  189:// While you can instantiate a matcher template with reference types,
        -:  190:// passing the parameters by pointer usually makes your code more
        -:  191:// readable.  If, however, you still want to pass a parameter by
        -:  192:// reference, be aware that in the failure message generated by the
        -:  193:// matcher you will see the value of the referenced object but not its
        -:  194:// address.
        -:  195://
        -:  196:// Explaining Match Results
        -:  197:// ========================
        -:  198://
        -:  199:// Sometimes the matcher description alone isn't enough to explain why
        -:  200:// the match has failed or succeeded.  For example, when expecting a
        -:  201:// long string, it can be very helpful to also print the diff between
        -:  202:// the expected string and the actual one.  To achieve that, you can
        -:  203:// optionally stream additional information to a special variable
        -:  204:// named result_listener, whose type is a pointer to class
        -:  205:// MatchResultListener:
        -:  206://
        -:  207://   MATCHER_P(EqualsLongString, str, "") {
        -:  208://     if (arg == str) return true;
        -:  209://
        -:  210://     *result_listener << "the difference: "
        -:  211:///                     << DiffStrings(str, arg);
        -:  212://     return false;
        -:  213://   }
        -:  214://
        -:  215:// Overloading Matchers
        -:  216:// ====================
        -:  217://
        -:  218:// You can overload matchers with different numbers of parameters:
        -:  219://
        -:  220://   MATCHER_P(Blah, a, description_string1) { ... }
        -:  221://   MATCHER_P2(Blah, a, b, description_string2) { ... }
        -:  222://
        -:  223:// Caveats
        -:  224:// =======
        -:  225://
        -:  226:// When defining a new matcher, you should also consider implementing
        -:  227:// MatcherInterface or using MakePolymorphicMatcher().  These
        -:  228:// approaches require more work than the MATCHER* macros, but also
        -:  229:// give you more control on the types of the value being matched and
        -:  230:// the matcher parameters, which may leads to better compiler error
        -:  231:// messages when the matcher is used wrong.  They also allow
        -:  232:// overloading matchers based on parameter types (as opposed to just
        -:  233:// based on the number of parameters).
        -:  234://
        -:  235:// MATCHER*() can only be used in a namespace scope as templates cannot be
        -:  236:// declared inside of a local class.
        -:  237://
        -:  238:// More Information
        -:  239:// ================
        -:  240://
        -:  241:// To learn more about using these macros, please search for 'MATCHER'
        -:  242:// on
        -:  243:// https://github.com/google/googletest/blob/main/docs/gmock_cook_book.md
        -:  244://
        -:  245:// This file also implements some commonly used argument matchers.  More
        -:  246:// matchers can be defined by the user implementing the
        -:  247:// MatcherInterface<T> interface if necessary.
        -:  248://
        -:  249:// See googletest/include/gtest/gtest-matchers.h for the definition of class
        -:  250:// Matcher, class MatcherInterface, and others.
        -:  251:
        -:  252:// IWYU pragma: private, include "gmock/gmock.h"
        -:  253:// IWYU pragma: friend gmock/.*
        -:  254:
        -:  255:#ifndef GOOGLEMOCK_INCLUDE_GMOCK_GMOCK_MATCHERS_H_
        -:  256:#define GOOGLEMOCK_INCLUDE_GMOCK_GMOCK_MATCHERS_H_
        -:  257:
        -:  258:#include <algorithm>
        -:  259:#include <cmath>
        -:  260:#include <exception>
        -:  261:#include <functional>
        -:  262:#include <initializer_list>
        -:  263:#include <ios>
        -:  264:#include <iterator>
        -:  265:#include <limits>
        -:  266:#include <memory>
        -:  267:#include <ostream>  // NOLINT
        -:  268:#include <sstream>
        -:  269:#include <string>
        -:  270:#include <type_traits>
        -:  271:#include <utility>
        -:  272:#include <vector>
        -:  273:
        -:  274:#include "gmock/internal/gmock-internal-utils.h"
        -:  275:#include "gmock/internal/gmock-port.h"
        -:  276:#include "gmock/internal/gmock-pp.h"
        -:  277:#include "gtest/gtest.h"
        -:  278:
        -:  279:// MSVC warning C5046 is new as of VS2017 version 15.8.
        -:  280:#if defined(_MSC_VER) && _MSC_VER >= 1915
        -:  281:#define GMOCK_MAYBE_5046_ 5046
        -:  282:#else
        -:  283:#define GMOCK_MAYBE_5046_
        -:  284:#endif
        -:  285:
        -:  286:GTEST_DISABLE_MSC_WARNINGS_PUSH_(
        -:  287:    4251 GMOCK_MAYBE_5046_ /* class A needs to have dll-interface to be used by
        -:  288:                              clients of class B */
        -:  289:    /* Symbol involving type with internal linkage not defined */)
        -:  290:
        -:  291:namespace testing {
        -:  292:
        -:  293:// To implement a matcher Foo for type T, define:
        -:  294://   1. a class FooMatcherImpl that implements the
        -:  295://      MatcherInterface<T> interface, and
        -:  296://   2. a factory function that creates a Matcher<T> object from a
        -:  297://      FooMatcherImpl*.
        -:  298://
        -:  299:// The two-level delegation design makes it possible to allow a user
        -:  300:// to write "v" instead of "Eq(v)" where a Matcher is expected, which
        -:  301:// is impossible if we pass matchers by pointers.  It also eases
        -:  302:// ownership management as Matcher objects can now be copied like
        -:  303:// plain values.
        -:  304:
        -:  305:// A match result listener that stores the explanation in a string.
        -:  306:class StringMatchResultListener : public MatchResultListener {
        -:  307: public:
    #####:  308:  StringMatchResultListener() : MatchResultListener(&ss_) {}
        -:  309:
        -:  310:  // Returns the explanation accumulated so far.
    #####:  311:  std::string str() const { return ss_.str(); }
        -:  312:
        -:  313:  // Clears the explanation accumulated so far.
        -:  314:  void Clear() { ss_.str(""); }
        -:  315:
        -:  316: private:
        -:  317:  ::std::stringstream ss_;
        -:  318:
        -:  319:  StringMatchResultListener(const StringMatchResultListener&) = delete;
        -:  320:  StringMatchResultListener& operator=(const StringMatchResultListener&) =
        -:  321:      delete;
        -:  322:};
        -:  323:
        -:  324:// Anything inside the 'internal' namespace IS INTERNAL IMPLEMENTATION
        -:  325:// and MUST NOT BE USED IN USER CODE!!!
        -:  326:namespace internal {
        -:  327:
        -:  328:// The MatcherCastImpl class template is a helper for implementing
        -:  329:// MatcherCast().  We need this helper in order to partially
        -:  330:// specialize the implementation of MatcherCast() (C++ allows
        -:  331:// class/struct templates to be partially specialized, but not
        -:  332:// function templates.).
        -:  333:
        -:  334:// This general version is used when MatcherCast()'s argument is a
        -:  335:// polymorphic matcher (i.e. something that can be converted to a
        -:  336:// Matcher but is not one yet; for example, Eq(value)) or a value (for
        -:  337:// example, "hello").
        -:  338:template <typename T, typename M>
        -:  339:class MatcherCastImpl {
        -:  340: public:
        -:  341:  static Matcher<T> Cast(const M& polymorphic_matcher_or_value) {
        -:  342:    // M can be a polymorphic matcher, in which case we want to use
        -:  343:    // its conversion operator to create Matcher<T>.  Or it can be a value
        -:  344:    // that should be passed to the Matcher<T>'s constructor.
        -:  345:    //
        -:  346:    // We can't call Matcher<T>(polymorphic_matcher_or_value) when M is a
        -:  347:    // polymorphic matcher because it'll be ambiguous if T has an implicit
        -:  348:    // constructor from M (this usually happens when T has an implicit
        -:  349:    // constructor from any type).
        -:  350:    //
        -:  351:    // It won't work to unconditionally implicit_cast
        -:  352:    // polymorphic_matcher_or_value to Matcher<T> because it won't trigger
        -:  353:    // a user-defined conversion from M to T if one exists (assuming M is
        -:  354:    // a value).
        -:  355:    return CastImpl(polymorphic_matcher_or_value,
        -:  356:                    std::is_convertible<M, Matcher<T>>{},
        -:  357:                    std::is_convertible<M, T>{});
        -:  358:  }
        -:  359:
        -:  360: private:
        -:  361:  template <bool Ignore>
        -:  362:  static Matcher<T> CastImpl(const M& polymorphic_matcher_or_value,
        -:  363:                             std::true_type /* convertible_to_matcher */,
        -:  364:                             std::integral_constant<bool, Ignore>) {
        -:  365:    // M is implicitly convertible to Matcher<T>, which means that either
        -:  366:    // M is a polymorphic matcher or Matcher<T> has an implicit constructor
        -:  367:    // from M.  In both cases using the implicit conversion will produce a
        -:  368:    // matcher.
        -:  369:    //
        -:  370:    // Even if T has an implicit constructor from M, it won't be called because
        -:  371:    // creating Matcher<T> would require a chain of two user-defined conversions
        -:  372:    // (first to create T from M and then to create Matcher<T> from T).
        -:  373:    return polymorphic_matcher_or_value;
        -:  374:  }
        -:  375:
        -:  376:  // M can't be implicitly converted to Matcher<T>, so M isn't a polymorphic
        -:  377:  // matcher. It's a value of a type implicitly convertible to T. Use direct
        -:  378:  // initialization to create a matcher.
        -:  379:  static Matcher<T> CastImpl(const M& value,
        -:  380:                             std::false_type /* convertible_to_matcher */,
        -:  381:                             std::true_type /* convertible_to_T */) {
        -:  382:    return Matcher<T>(ImplicitCast_<T>(value));
        -:  383:  }
        -:  384:
        -:  385:  // M can't be implicitly converted to either Matcher<T> or T. Attempt to use
        -:  386:  // polymorphic matcher Eq(value) in this case.
        -:  387:  //
        -:  388:  // Note that we first attempt to perform an implicit cast on the value and
        -:  389:  // only fall back to the polymorphic Eq() matcher afterwards because the
        -:  390:  // latter calls bool operator==(const Lhs& lhs, const Rhs& rhs) in the end
        -:  391:  // which might be undefined even when Rhs is implicitly convertible to Lhs
        -:  392:  // (e.g. std::pair<const int, int> vs. std::pair<int, int>).
        -:  393:  //
        -:  394:  // We don't define this method inline as we need the declaration of Eq().
        -:  395:  static Matcher<T> CastImpl(const M& value,
        -:  396:                             std::false_type /* convertible_to_matcher */,
        -:  397:                             std::false_type /* convertible_to_T */);
        -:  398:};
        -:  399:
        -:  400:// This more specialized version is used when MatcherCast()'s argument
        -:  401:// is already a Matcher.  This only compiles when type T can be
        -:  402:// statically converted to type U.
        -:  403:template <typename T, typename U>
        -:  404:class MatcherCastImpl<T, Matcher<U>> {
        -:  405: public:
        -:  406:  static Matcher<T> Cast(const Matcher<U>& source_matcher) {
        -:  407:    return Matcher<T>(new Impl(source_matcher));
        -:  408:  }
        -:  409:
        -:  410: private:
        -:  411:  class Impl : public MatcherInterface<T> {
        -:  412:   public:
        -:  413:    explicit Impl(const Matcher<U>& source_matcher)
        -:  414:        : source_matcher_(source_matcher) {}
        -:  415:
        -:  416:    // We delegate the matching logic to the source matcher.
        -:  417:    bool MatchAndExplain(T x, MatchResultListener* listener) const override {
        -:  418:      using FromType = typename std::remove_cv<typename std::remove_pointer<
        -:  419:          typename std::remove_reference<T>::type>::type>::type;
        -:  420:      using ToType = typename std::remove_cv<typename std::remove_pointer<
        -:  421:          typename std::remove_reference<U>::type>::type>::type;
        -:  422:      // Do not allow implicitly converting base*/& to derived*/&.
        -:  423:      static_assert(
        -:  424:          // Do not trigger if only one of them is a pointer. That implies a
        -:  425:          // regular conversion and not a down_cast.
        -:  426:          (std::is_pointer<typename std::remove_reference<T>::type>::value !=
        -:  427:           std::is_pointer<typename std::remove_reference<U>::type>::value) ||
        -:  428:              std::is_same<FromType, ToType>::value ||
        -:  429:              !std::is_base_of<FromType, ToType>::value,
        -:  430:          "Can't implicitly convert from <base> to <derived>");
        -:  431:
        -:  432:      // Do the cast to `U` explicitly if necessary.
        -:  433:      // Otherwise, let implicit conversions do the trick.
        -:  434:      using CastType =
        -:  435:          typename std::conditional<std::is_convertible<T&, const U&>::value,
        -:  436:                                    T&, U>::type;
        -:  437:
        -:  438:      return source_matcher_.MatchAndExplain(static_cast<CastType>(x),
        -:  439:                                             listener);
        -:  440:    }
        -:  441:
        -:  442:    void DescribeTo(::std::ostream* os) const override {
        -:  443:      source_matcher_.DescribeTo(os);
        -:  444:    }
        -:  445:
        -:  446:    void DescribeNegationTo(::std::ostream* os) const override {
        -:  447:      source_matcher_.DescribeNegationTo(os);
        -:  448:    }
        -:  449:
        -:  450:   private:
        -:  451:    const Matcher<U> source_matcher_;
        -:  452:  };
        -:  453:};
        -:  454:
        -:  455:// This even more specialized version is used for efficiently casting
        -:  456:// a matcher to its own type.
        -:  457:template <typename T>
        -:  458:class MatcherCastImpl<T, Matcher<T>> {
        -:  459: public:
        -:  460:  static Matcher<T> Cast(const Matcher<T>& matcher) { return matcher; }
        -:  461:};
        -:  462:
        -:  463:// Template specialization for parameterless Matcher.
        -:  464:template <typename Derived>
        -:  465:class MatcherBaseImpl {
        -:  466: public:
        -:  467:  MatcherBaseImpl() = default;
        -:  468:
        -:  469:  template <typename T>
        -:  470:  operator ::testing::Matcher<T>() const {  // NOLINT(runtime/explicit)
        -:  471:    return ::testing::Matcher<T>(new
        -:  472:                                 typename Derived::template gmock_Impl<T>());
        -:  473:  }
        -:  474:};
        -:  475:
        -:  476:// Template specialization for Matcher with parameters.
        -:  477:template <template <typename...> class Derived, typename... Ts>
        -:  478:class MatcherBaseImpl<Derived<Ts...>> {
        -:  479: public:
        -:  480:  // Mark the constructor explicit for single argument T to avoid implicit
        -:  481:  // conversions.
        -:  482:  template <typename E = std::enable_if<sizeof...(Ts) == 1>,
        -:  483:            typename E::type* = nullptr>
        -:  484:  explicit MatcherBaseImpl(Ts... params)
        -:  485:      : params_(std::forward<Ts>(params)...) {}
        -:  486:  template <typename E = std::enable_if<sizeof...(Ts) != 1>,
        -:  487:            typename = typename E::type>
        -:  488:  MatcherBaseImpl(Ts... params)  // NOLINT
        -:  489:      : params_(std::forward<Ts>(params)...) {}
        -:  490:
        -:  491:  template <typename F>
        -:  492:  operator ::testing::Matcher<F>() const {  // NOLINT(runtime/explicit)
        -:  493:    return Apply<F>(MakeIndexSequence<sizeof...(Ts)>{});
        -:  494:  }
        -:  495:
        -:  496: private:
        -:  497:  template <typename F, std::size_t... tuple_ids>
        -:  498:  ::testing::Matcher<F> Apply(IndexSequence<tuple_ids...>) const {
        -:  499:    return ::testing::Matcher<F>(
        -:  500:        new typename Derived<Ts...>::template gmock_Impl<F>(
        -:  501:            std::get<tuple_ids>(params_)...));
        -:  502:  }
        -:  503:
        -:  504:  const std::tuple<Ts...> params_;
        -:  505:};
        -:  506:
        -:  507:}  // namespace internal
        -:  508:
        -:  509:// In order to be safe and clear, casting between different matcher
        -:  510:// types is done explicitly via MatcherCast<T>(m), which takes a
        -:  511:// matcher m and returns a Matcher<T>.  It compiles only when T can be
        -:  512:// statically converted to the argument type of m.
        -:  513:template <typename T, typename M>
        -:  514:inline Matcher<T> MatcherCast(const M& matcher) {
        -:  515:  return internal::MatcherCastImpl<T, M>::Cast(matcher);
        -:  516:}
        -:  517:
        -:  518:// This overload handles polymorphic matchers and values only since
        -:  519:// monomorphic matchers are handled by the next one.
        -:  520:template <typename T, typename M>
        -:  521:inline Matcher<T> SafeMatcherCast(const M& polymorphic_matcher_or_value) {
        -:  522:  return MatcherCast<T>(polymorphic_matcher_or_value);
        -:  523:}
        -:  524:
        -:  525:// This overload handles monomorphic matchers.
        -:  526://
        -:  527:// In general, if type T can be implicitly converted to type U, we can
        -:  528:// safely convert a Matcher<U> to a Matcher<T> (i.e. Matcher is
        -:  529:// contravariant): just keep a copy of the original Matcher<U>, convert the
        -:  530:// argument from type T to U, and then pass it to the underlying Matcher<U>.
        -:  531:// The only exception is when U is a reference and T is not, as the
        -:  532:// underlying Matcher<U> may be interested in the argument's address, which
        -:  533:// is not preserved in the conversion from T to U.
        -:  534:template <typename T, typename U>
        -:  535:inline Matcher<T> SafeMatcherCast(const Matcher<U>& matcher) {
        -:  536:  // Enforce that T can be implicitly converted to U.
        -:  537:  static_assert(std::is_convertible<const T&, const U&>::value,
        -:  538:                "T must be implicitly convertible to U");
        -:  539:  // Enforce that we are not converting a non-reference type T to a reference
        -:  540:  // type U.
        -:  541:  static_assert(std::is_reference<T>::value || !std::is_reference<U>::value,
        -:  542:                "cannot convert non reference arg to reference");
        -:  543:  // In case both T and U are arithmetic types, enforce that the
        -:  544:  // conversion is not lossy.
        -:  545:  typedef GTEST_REMOVE_REFERENCE_AND_CONST_(T) RawT;
        -:  546:  typedef GTEST_REMOVE_REFERENCE_AND_CONST_(U) RawU;
        -:  547:  constexpr bool kTIsOther = GMOCK_KIND_OF_(RawT) == internal::kOther;
        -:  548:  constexpr bool kUIsOther = GMOCK_KIND_OF_(RawU) == internal::kOther;
        -:  549:  static_assert(
        -:  550:      kTIsOther || kUIsOther ||
        -:  551:          (internal::LosslessArithmeticConvertible<RawT, RawU>::value),
        -:  552:      "conversion of arithmetic types must be lossless");
        -:  553:  return MatcherCast<T>(matcher);
        -:  554:}
        -:  555:
        -:  556:// A<T>() returns a matcher that matches any value of type T.
        -:  557:template <typename T>
        -:  558:Matcher<T> A();
        -:  559:
        -:  560:// Anything inside the 'internal' namespace IS INTERNAL IMPLEMENTATION
        -:  561:// and MUST NOT BE USED IN USER CODE!!!
        -:  562:namespace internal {
        -:  563:
        -:  564:// If the explanation is not empty, prints it to the ostream.
    #####:  565:inline void PrintIfNotEmpty(const std::string& explanation,
        -:  566:                            ::std::ostream* os) {
    #####:  567:  if (!explanation.empty() && os != nullptr) {
    #####:  568:    *os << ", " << explanation;
        -:  569:  }
    #####:  570:}
        -:  571:
        -:  572:// Returns true if the given type name is easy to read by a human.
        -:  573:// This is used to decide whether printing the type of a value might
        -:  574:// be helpful.
        -:  575:inline bool IsReadableTypeName(const std::string& type_name) {
        -:  576:  // We consider a type name readable if it's short or doesn't contain
        -:  577:  // a template or function type.
        -:  578:  return (type_name.length() <= 20 ||
        -:  579:          type_name.find_first_of("<(") == std::string::npos);
        -:  580:}
        -:  581:
        -:  582:// Matches the value against the given matcher, prints the value and explains
        -:  583:// the match result to the listener. Returns the match result.
        -:  584:// 'listener' must not be NULL.
        -:  585:// Value cannot be passed by const reference, because some matchers take a
        -:  586:// non-const argument.
        -:  587:template <typename Value, typename T>
        -:  588:bool MatchPrintAndExplain(Value& value, const Matcher<T>& matcher,
        -:  589:                          MatchResultListener* listener) {
        -:  590:  if (!listener->IsInterested()) {
        -:  591:    // If the listener is not interested, we do not need to construct the
        -:  592:    // inner explanation.
        -:  593:    return matcher.Matches(value);
        -:  594:  }
        -:  595:
        -:  596:  StringMatchResultListener inner_listener;
        -:  597:  const bool match = matcher.MatchAndExplain(value, &inner_listener);
        -:  598:
        -:  599:  UniversalPrint(value, listener->stream());
        -:  600:#if GTEST_HAS_RTTI
        -:  601:  const std::string& type_name = GetTypeName<Value>();
        -:  602:  if (IsReadableTypeName(type_name))
        -:  603:    *listener->stream() << " (of type " << type_name << ")";
        -:  604:#endif
        -:  605:  PrintIfNotEmpty(inner_listener.str(), listener->stream());
        -:  606:
        -:  607:  return match;
        -:  608:}
        -:  609:
        -:  610:// An internal helper class for doing compile-time loop on a tuple's
        -:  611:// fields.
        -:  612:template <size_t N>
        -:  613:class TuplePrefix {
        -:  614: public:
        -:  615:  // TuplePrefix<N>::Matches(matcher_tuple, value_tuple) returns true
        -:  616:  // if and only if the first N fields of matcher_tuple matches
        -:  617:  // the first N fields of value_tuple, respectively.
        -:  618:  template <typename MatcherTuple, typename ValueTuple>
      20*:  619:  static bool Matches(const MatcherTuple& matcher_tuple,
        -:  620:                      const ValueTuple& value_tuple) {
      40*:  621:    return TuplePrefix<N - 1>::Matches(matcher_tuple, value_tuple) &&
      40*:  622:           std::get<N - 1>(matcher_tuple).Matches(std::get<N - 1>(value_tuple));
        -:  623:  }
------------------
_ZN7testing8internal11TuplePrefixILm1EE7MatchesISt5tupleIJNS_7MatcherIRKNSt7__cxx1112basic_stringIcSt11char_traitsIcESaIcEEEEENS5_IiEEEES4_IJSD_iEEEEbRKT_RKT0_:
        5:  619:  static bool Matches(const MatcherTuple& matcher_tuple,
        -:  620:                      const ValueTuple& value_tuple) {
      10*:  621:    return TuplePrefix<N - 1>::Matches(matcher_tuple, value_tuple) &&
       10:  622:           std::get<N - 1>(matcher_tuple).Matches(std::get<N - 1>(value_tuple));
        -:  623:  }
------------------
_ZN7testing8internal11TuplePrefixILm1EE7MatchesISt5tupleIJNS_7MatcherISt8functionIFvRKNSt7__cxx1112basic_stringIcSt11char_traitsIcESaIcEEEEEEEEES4_IJSG_EEEEbRKT_RKT0_:
    #####:  619:  static bool Matches(const MatcherTuple& matcher_tuple,
        -:  620:                      const ValueTuple& value_tuple) {
    #####:  621:    return TuplePrefix<N - 1>::Matches(matcher_tuple, value_tuple) &&
    #####:  622:           std::get<N - 1>(matcher_tuple).Matches(std::get<N - 1>(value_tuple));
        -:  623:  }
------------------
_ZN7testing8internal11TuplePrefixILm1EE7MatchesISt5tupleIJNS_7MatcherIRKNSt7__cxx1112basic_stringIcSt11char_traitsIcESaIcEEEEEEES4_IJSD_EEEEbRKT_RKT0_:
       10:  619:  static bool Matches(const MatcherTuple& matcher_tuple,
        -:  620:                      const ValueTuple& value_tuple) {
      20*:  621:    return TuplePrefix<N - 1>::Matches(matcher_tuple, value_tuple) &&
       20:  622:           std::get<N - 1>(matcher_tuple).Matches(std::get<N - 1>(value_tuple));
        -:  623:  }
------------------
_ZN7testing8internal11TuplePrefixILm2EE7MatchesISt5tupleIJNS_7MatcherIRKNSt7__cxx1112basic_stringIcSt11char_traitsIcESaIcEEEEENS5_IiEEEES4_IJSD_iEEEEbRKT_RKT0_:
        5:  619:  static bool Matches(const MatcherTuple& matcher_tuple,
        -:  620:                      const ValueTuple& value_tuple) {
      10*:  621:    return TuplePrefix<N - 1>::Matches(matcher_tuple, value_tuple) &&
       10:  622:           std::get<N - 1>(matcher_tuple).Matches(std::get<N - 1>(value_tuple));
        -:  623:  }
------------------
        -:  624:
        -:  625:  // TuplePrefix<N>::ExplainMatchFailuresTo(matchers, values, os)
        -:  626:  // describes failures in matching the first N fields of matchers
        -:  627:  // against the first N fields of values.  If there is no failure,
        -:  628:  // nothing will be streamed to os.
        -:  629:  template <typename MatcherTuple, typename ValueTuple>
    #####:  630:  static void ExplainMatchFailuresTo(const MatcherTuple& matchers,
        -:  631:                                     const ValueTuple& values,
        -:  632:                                     ::std::ostream* os) {
        -:  633:    // First, describes failures in the first N - 1 fields.
    #####:  634:    TuplePrefix<N - 1>::ExplainMatchFailuresTo(matchers, values, os);
        -:  635:
        -:  636:    // Then describes the failure (if any) in the (N - 1)-th (0-based)
        -:  637:    // field.
    #####:  638:    typename std::tuple_element<N - 1, MatcherTuple>::type matcher =
    #####:  639:        std::get<N - 1>(matchers);
        -:  640:    typedef typename std::tuple_element<N - 1, ValueTuple>::type Value;
    #####:  641:    const Value& value = std::get<N - 1>(values);
    #####:  642:    StringMatchResultListener listener;
    #####:  643:    if (!matcher.MatchAndExplain(value, &listener)) {
    #####:  644:      *os << "  Expected arg #" << N - 1 << ": ";
    #####:  645:      std::get<N - 1>(matchers).DescribeTo(os);
    #####:  646:      *os << "\n           Actual: ";
        -:  647:      // We remove the reference in type Value to prevent the
        -:  648:      // universal printer from printing the address of value, which
        -:  649:      // isn't interesting to the user most of the time.  The
        -:  650:      // matcher's MatchAndExplain() method handles the case when
        -:  651:      // the address is interesting.
    #####:  652:      internal::UniversalPrint(value, os);
    #####:  653:      PrintIfNotEmpty(listener.str(), os);
    #####:  654:      *os << "\n";
        -:  655:    }
    #####:  656:  }
------------------
_ZN7testing8internal11TuplePrefixILm1EE22ExplainMatchFailuresToISt5tupleIJNS_7MatcherIRKNSt7__cxx1112basic_stringIcSt11char_traitsIcESaIcEEEEENS5_IiEEEES4_IJSD_iEEEEvRKT_RKT0_PSo:
    #####:  630:  static void ExplainMatchFailuresTo(const MatcherTuple& matchers,
        -:  631:                                     const ValueTuple& values,
        -:  632:                                     ::std::ostream* os) {
        -:  633:    // First, describes failures in the first N - 1 fields.
    #####:  634:    TuplePrefix<N - 1>::ExplainMatchFailuresTo(matchers, values, os);
        -:  635:
        -:  636:    // Then describes the failure (if any) in the (N - 1)-th (0-based)
        -:  637:    // field.
    #####:  638:    typename std::tuple_element<N - 1, MatcherTuple>::type matcher =
    #####:  639:        std::get<N - 1>(matchers);
        -:  640:    typedef typename std::tuple_element<N - 1, ValueTuple>::type Value;
    #####:  641:    const Value& value = std::get<N - 1>(values);
    #####:  642:    StringMatchResultListener listener;
    #####:  643:    if (!matcher.MatchAndExplain(value, &listener)) {
    #####:  644:      *os << "  Expected arg #" << N - 1 << ": ";
    #####:  645:      std::get<N - 1>(matchers).DescribeTo(os);
    #####:  646:      *os << "\n           Actual: ";
        -:  647:      // We remove the reference in type Value to prevent the
        -:  648:      // universal printer from printing the address of value, which
        -:  649:      // isn't interesting to the user most of the time.  The
        -:  650:      // matcher's MatchAndExplain() method handles the case when
        -:  651:      // the address is interesting.
    #####:  652:      internal::UniversalPrint(value, os);
    #####:  653:      PrintIfNotEmpty(listener.str(), os);
    #####:  654:      *os << "\n";
        -:  655:    }
    #####:  656:  }
------------------
_ZN7testing8internal11TuplePrefixILm1EE22ExplainMatchFailuresToISt5tupleIJNS_7MatcherISt8functionIFvRKNSt7__cxx1112basic_stringIcSt11char_traitsIcESaIcEEEEEEEEES4_IJSG_EEEEvRKT_RKT0_PSo:
    #####:  630:  static void ExplainMatchFailuresTo(const MatcherTuple& matchers,
        -:  631:                                     const ValueTuple& values,
        -:  632:                                     ::std::ostream* os) {
        -:  633:    // First, describes failures in the first N - 1 fields.
    #####:  634:    TuplePrefix<N - 1>::ExplainMatchFailuresTo(matchers, values, os);
        -:  635:
        -:  636:    // Then describes the failure (if any) in the (N - 1)-th (0-based)
        -:  637:    // field.
    #####:  638:    typename std::tuple_element<N - 1, MatcherTuple>::type matcher =
    #####:  639:        std::get<N - 1>(matchers);
        -:  640:    typedef typename std::tuple_element<N - 1, ValueTuple>::type Value;
    #####:  641:    const Value& value = std::get<N - 1>(values);
    #####:  642:    StringMatchResultListener listener;
    #####:  643:    if (!matcher.MatchAndExplain(value, &listener)) {
    #####:  644:      *os << "  Expected arg #" << N - 1 << ": ";
    #####:  645:      std::get<N - 1>(matchers).DescribeTo(os);
    #####:  646:      *os << "\n           Actual: ";
        -:  647:      // We remove the reference in type Value to prevent the
        -:  648:      // universal printer from printing the address of value, which
        -:  649:      // isn't interesting to the user most of the time.  The
        -:  650:      // matcher's MatchAndExplain() method handles the case when
        -:  651:      // the address is interesting.
    #####:  652:      internal::UniversalPrint(value, os);
    #####:  653:      PrintIfNotEmpty(listener.str(), os);
    #####:  654:      *os << "\n";
        -:  655:    }
    #####:  656:  }
------------------
_ZN7testing8internal11TuplePrefixILm1EE22ExplainMatchFailuresToISt5tupleIJNS_7MatcherIRKNSt7__cxx1112basic_stringIcSt11char_traitsIcESaIcEEEEEEES4_IJSD_EEEEvRKT_RKT0_PSo:
    #####:  630:  static void ExplainMatchFailuresTo(const MatcherTuple& matchers,
        -:  631:                                     const ValueTuple& values,
        -:  632:                                     ::std::ostream* os) {
        -:  633:    // First, describes failures in the first N - 1 fields.
    #####:  634:    TuplePrefix<N - 1>::ExplainMatchFailuresTo(matchers, values, os);
        -:  635:
        -:  636:    // Then describes the failure (if any) in the (N - 1)-th (0-based)
        -:  637:    // field.
    #####:  638:    typename std::tuple_element<N - 1, MatcherTuple>::type matcher =
    #####:  639:        std::get<N - 1>(matchers);
        -:  640:    typedef typename std::tuple_element<N - 1, ValueTuple>::type Value;
    #####:  641:    const Value& value = std::get<N - 1>(values);
    #####:  642:    StringMatchResultListener listener;
    #####:  643:    if (!matcher.MatchAndExplain(value, &listener)) {
    #####:  644:      *os << "  Expected arg #" << N - 1 << ": ";
    #####:  645:      std::get<N - 1>(matchers).DescribeTo(os);
    #####:  646:      *os << "\n           Actual: ";
        -:  647:      // We remove the reference in type Value to prevent the
        -:  648:      // universal printer from printing the address of value, which
        -:  649:      // isn't interesting to the user most of the time.  The
        -:  650:      // matcher's MatchAndExplain() method handles the case when
        -:  651:      // the address is interesting.
    #####:  652:      internal::UniversalPrint(value, os);
    #####:  653:      PrintIfNotEmpty(listener.str(), os);
    #####:  654:      *os << "\n";
        -:  655:    }
    #####:  656:  }
------------------
_ZN7testing8internal11TuplePrefixILm2EE22ExplainMatchFailuresToISt5tupleIJNS_7MatcherIRKNSt7__cxx1112basic_stringIcSt11char_traitsIcESaIcEEEEENS5_IiEEEES4_IJSD_iEEEEvRKT_RKT0_PSo:
    #####:  630:  static void ExplainMatchFailuresTo(const MatcherTuple& matchers,
        -:  631:                                     const ValueTuple& values,
        -:  632:                                     ::std::ostream* os) {
        -:  633:    // First, describes failures in the first N - 1 fields.
    #####:  634:    TuplePrefix<N - 1>::ExplainMatchFailuresTo(matchers, values, os);
        -:  635:
        -:  636:    // Then describes the failure (if any) in the (N - 1)-th (0-based)
        -:  637:    // field.
    #####:  638:    typename std::tuple_element<N - 1, MatcherTuple>::type matcher =
    #####:  639:        std::get<N - 1>(matchers);
        -:  640:    typedef typename std::tuple_element<N - 1, ValueTuple>::type Value;
    #####:  641:    const Value& value = std::get<N - 1>(values);
    #####:  642:    StringMatchResultListener listener;
    #####:  643:    if (!matcher.MatchAndExplain(value, &listener)) {
    #####:  644:      *os << "  Expected arg #" << N - 1 << ": ";
    #####:  645:      std::get<N - 1>(matchers).DescribeTo(os);
    #####:  646:      *os << "\n           Actual: ";
        -:  647:      // We remove the reference in type Value to prevent the
        -:  648:      // universal printer from printing the address of value, which
        -:  649:      // isn't interesting to the user most of the time.  The
        -:  650:      // matcher's MatchAndExplain() method handles the case when
        -:  651:      // the address is interesting.
    #####:  652:      internal::UniversalPrint(value, os);
    #####:  653:      PrintIfNotEmpty(listener.str(), os);
    #####:  654:      *os << "\n";
        -:  655:    }
    #####:  656:  }
------------------
        -:  657:};
        -:  658:
        -:  659:// The base case.
        -:  660:template <>
        -:  661:class TuplePrefix<0> {
        -:  662: public:
        -:  663:  template <typename MatcherTuple, typename ValueTuple>
      45*:  664:  static bool Matches(const MatcherTuple& /* matcher_tuple */,
        -:  665:                      const ValueTuple& /* value_tuple */) {
      45*:  666:    return true;
        -:  667:  }
------------------
_ZN7testing8internal11TuplePrefixILm0EE7MatchesISt5tupleIJNS_7MatcherIRKNSt7__cxx1112basic_stringIcSt11char_traitsIcESaIcEEEEENS5_IiEEEES4_IJSD_iEEEEbRKT_RKT0_:
        5:  664:  static bool Matches(const MatcherTuple& /* matcher_tuple */,
        -:  665:                      const ValueTuple& /* value_tuple */) {
        5:  666:    return true;
        -:  667:  }
------------------
_ZN7testing8internal11TuplePrefixILm0EE7MatchesISt5tupleIJNS_7MatcherISt8functionIFvRKNSt7__cxx1112basic_stringIcSt11char_traitsIcESaIcEEEEEEEEES4_IJSG_EEEEbRKT_RKT0_:
    #####:  664:  static bool Matches(const MatcherTuple& /* matcher_tuple */,
        -:  665:                      const ValueTuple& /* value_tuple */) {
    #####:  666:    return true;
        -:  667:  }
------------------
_ZN7testing8internal11TuplePrefixILm0EE7MatchesISt5tupleIJNS_7MatcherIRKNSt7__cxx1112basic_stringIcSt11char_traitsIcESaIcEEEEEEES4_IJSD_EEEEbRKT_RKT0_:
       10:  664:  static bool Matches(const MatcherTuple& /* matcher_tuple */,
        -:  665:                      const ValueTuple& /* value_tuple */) {
       10:  666:    return true;
        -:  667:  }
------------------
_ZN7testing8internal11TuplePrefixILm0EE7MatchesISt5tupleIJEES5_EEbRKT_RKT0_:
       30:  664:  static bool Matches(const MatcherTuple& /* matcher_tuple */,
        -:  665:                      const ValueTuple& /* value_tuple */) {
       30:  666:    return true;
        -:  667:  }
------------------
        -:  668:
        -:  669:  template <typename MatcherTuple, typename ValueTuple>
    #####:  670:  static void ExplainMatchFailuresTo(const MatcherTuple& /* matchers */,
        -:  671:                                     const ValueTuple& /* values */,
    #####:  672:                                     ::std::ostream* /* os */) {}
------------------
_ZN7testing8internal11TuplePrefixILm0EE22ExplainMatchFailuresToISt5tupleIJNS_7MatcherIRKNSt7__cxx1112basic_stringIcSt11char_traitsIcESaIcEEEEENS5_IiEEEES4_IJSD_iEEEEvRKT_RKT0_PSo:
    #####:  670:  static void ExplainMatchFailuresTo(const MatcherTuple& /* matchers */,
        -:  671:                                     const ValueTuple& /* values */,
    #####:  672:                                     ::std::ostream* /* os */) {}
------------------
_ZN7testing8internal11TuplePrefixILm0EE22ExplainMatchFailuresToISt5tupleIJNS_7MatcherISt8functionIFvRKNSt7__cxx1112basic_stringIcSt11char_traitsIcESaIcEEEEEEEEES4_IJSG_EEEEvRKT_RKT0_PSo:
    #####:  670:  static void ExplainMatchFailuresTo(const MatcherTuple& /* matchers */,
        -:  671:                                     const ValueTuple& /* values */,
    #####:  672:                                     ::std::ostream* /* os */) {}
------------------
_ZN7testing8internal11TuplePrefixILm0EE22ExplainMatchFailuresToISt5tupleIJNS_7MatcherIRKNSt7__cxx1112basic_stringIcSt11char_traitsIcESaIcEEEEEEES4_IJSD_EEEEvRKT_RKT0_PSo:
    #####:  670:  static void ExplainMatchFailuresTo(const MatcherTuple& /* matchers */,
        -:  671:                                     const ValueTuple& /* values */,
    #####:  672:                                     ::std::ostream* /* os */) {}
------------------
_ZN7testing8internal11TuplePrefixILm0EE22ExplainMatchFailuresToISt5tupleIJEES5_EEvRKT_RKT0_PSo:
    #####:  670:  static void ExplainMatchFailuresTo(const MatcherTuple& /* matchers */,
        -:  671:                                     const ValueTuple& /* values */,
    #####:  672:                                     ::std::ostream* /* os */) {}
------------------
        -:  673:};
        -:  674:
        -:  675:// TupleMatches(matcher_tuple, value_tuple) returns true if and only if
        -:  676:// all matchers in matcher_tuple match the corresponding fields in
        -:  677:// value_tuple.  It is a compiler error if matcher_tuple and
        -:  678:// value_tuple have different number of fields or incompatible field
        -:  679:// types.
        -:  680:template <typename MatcherTuple, typename ValueTuple>
      45*:  681:bool TupleMatches(const MatcherTuple& matcher_tuple,
        -:  682:                  const ValueTuple& value_tuple) {
        -:  683:  // Makes sure that matcher_tuple and value_tuple have the same
        -:  684:  // number of fields.
        -:  685:  static_assert(std::tuple_size<MatcherTuple>::value ==
        -:  686:                    std::tuple_size<ValueTuple>::value,
        -:  687:                "matcher and value have different numbers of fields");
      45*:  688:  return TuplePrefix<std::tuple_size<ValueTuple>::value>::Matches(matcher_tuple,
      45*:  689:                                                                  value_tuple);
        -:  690:}
------------------
_ZN7testing8internal12TupleMatchesISt5tupleIJNS_7MatcherISt8functionIFvRKNSt7__cxx1112basic_stringIcSt11char_traitsIcESaIcEEEEEEEEES2_IJSE_EEEEbRKT_RKT0_:
    #####:  681:bool TupleMatches(const MatcherTuple& matcher_tuple,
        -:  682:                  const ValueTuple& value_tuple) {
        -:  683:  // Makes sure that matcher_tuple and value_tuple have the same
        -:  684:  // number of fields.
        -:  685:  static_assert(std::tuple_size<MatcherTuple>::value ==
        -:  686:                    std::tuple_size<ValueTuple>::value,
        -:  687:                "matcher and value have different numbers of fields");
    #####:  688:  return TuplePrefix<std::tuple_size<ValueTuple>::value>::Matches(matcher_tuple,
    #####:  689:                                                                  value_tuple);
        -:  690:}
------------------
_ZN7testing8internal12TupleMatchesISt5tupleIJNS_7MatcherIRKNSt7__cxx1112basic_stringIcSt11char_traitsIcESaIcEEEEEEES2_IJSB_EEEEbRKT_RKT0_:
       10:  681:bool TupleMatches(const MatcherTuple& matcher_tuple,
        -:  682:                  const ValueTuple& value_tuple) {
        -:  683:  // Makes sure that matcher_tuple and value_tuple have the same
        -:  684:  // number of fields.
        -:  685:  static_assert(std::tuple_size<MatcherTuple>::value ==
        -:  686:                    std::tuple_size<ValueTuple>::value,
        -:  687:                "matcher and value have different numbers of fields");
       10:  688:  return TuplePrefix<std::tuple_size<ValueTuple>::value>::Matches(matcher_tuple,
       10:  689:                                                                  value_tuple);
        -:  690:}
------------------
_ZN7testing8internal12TupleMatchesISt5tupleIJEES3_EEbRKT_RKT0_:
       30:  681:bool TupleMatches(const MatcherTuple& matcher_tuple,
        -:  682:                  const ValueTuple& value_tuple) {
        -:  683:  // Makes sure that matcher_tuple and value_tuple have the same
        -:  684:  // number of fields.
        -:  685:  static_assert(std::tuple_size<MatcherTuple>::value ==
        -:  686:                    std::tuple_size<ValueTuple>::value,
        -:  687:                "matcher and value have different numbers of fields");
       30:  688:  return TuplePrefix<std::tuple_size<ValueTuple>::value>::Matches(matcher_tuple,
       30:  689:                                                                  value_tuple);
        -:  690:}
------------------
_ZN7testing8internal12TupleMatchesISt5tupleIJNS_7MatcherIRKNSt7__cxx1112basic_stringIcSt11char_traitsIcESaIcEEEEENS3_IiEEEES2_IJSB_iEEEEbRKT_RKT0_:
        5:  681:bool TupleMatches(const MatcherTuple& matcher_tuple,
        -:  682:                  const ValueTuple& value_tuple) {
        -:  683:  // Makes sure that matcher_tuple and value_tuple have the same
        -:  684:  // number of fields.
        -:  685:  static_assert(std::tuple_size<MatcherTuple>::value ==
        -:  686:                    std::tuple_size<ValueTuple>::value,
        -:  687:                "matcher and value have different numbers of fields");
        5:  688:  return TuplePrefix<std::tuple_size<ValueTuple>::value>::Matches(matcher_tuple,
        5:  689:                                                                  value_tuple);
        -:  690:}
------------------
        -:  691:
        -:  692:// Describes failures in matching matchers against values.  If there
        -:  693:// is no failure, nothing will be streamed to os.
        -:  694:template <typename MatcherTuple, typename ValueTuple>
    #####:  695:void ExplainMatchFailureTupleTo(const MatcherTuple& matchers,
        -:  696:                                const ValueTuple& values, ::std::ostream* os) {
    #####:  697:  TuplePrefix<std::tuple_size<MatcherTuple>::value>::ExplainMatchFailuresTo(
        -:  698:      matchers, values, os);
    #####:  699:}
------------------
_ZN7testing8internal26ExplainMatchFailureTupleToISt5tupleIJNS_7MatcherISt8functionIFvRKNSt7__cxx1112basic_stringIcSt11char_traitsIcESaIcEEEEEEEEES2_IJSE_EEEEvRKT_RKT0_PSo:
    #####:  695:void ExplainMatchFailureTupleTo(const MatcherTuple& matchers,
        -:  696:                                const ValueTuple& values, ::std::ostream* os) {
    #####:  697:  TuplePrefix<std::tuple_size<MatcherTuple>::value>::ExplainMatchFailuresTo(
        -:  698:      matchers, values, os);
    #####:  699:}
------------------
_ZN7testing8internal26ExplainMatchFailureTupleToISt5tupleIJNS_7MatcherIRKNSt7__cxx1112basic_stringIcSt11char_traitsIcESaIcEEEEEEES2_IJSB_EEEEvRKT_RKT0_PSo:
    #####:  695:void ExplainMatchFailureTupleTo(const MatcherTuple& matchers,
        -:  696:                                const ValueTuple& values, ::std::ostream* os) {
    #####:  697:  TuplePrefix<std::tuple_size<MatcherTuple>::value>::ExplainMatchFailuresTo(
        -:  698:      matchers, values, os);
    #####:  699:}
------------------
_ZN7testing8internal26ExplainMatchFailureTupleToISt5tupleIJEES3_EEvRKT_RKT0_PSo:
    #####:  695:void ExplainMatchFailureTupleTo(const MatcherTuple& matchers,
        -:  696:                                const ValueTuple& values, ::std::ostream* os) {
    #####:  697:  TuplePrefix<std::tuple_size<MatcherTuple>::value>::ExplainMatchFailuresTo(
        -:  698:      matchers, values, os);
    #####:  699:}
------------------
_ZN7testing8internal26ExplainMatchFailureTupleToISt5tupleIJNS_7MatcherIRKNSt7__cxx1112basic_stringIcSt11char_traitsIcESaIcEEEEENS3_IiEEEES2_IJSB_iEEEEvRKT_RKT0_PSo:
    #####:  695:void ExplainMatchFailureTupleTo(const MatcherTuple& matchers,
        -:  696:                                const ValueTuple& values, ::std::ostream* os) {
    #####:  697:  TuplePrefix<std::tuple_size<MatcherTuple>::value>::ExplainMatchFailuresTo(
        -:  698:      matchers, values, os);
    #####:  699:}
------------------
        -:  700:
        -:  701:// TransformTupleValues and its helper.
        -:  702://
        -:  703:// TransformTupleValuesHelper hides the internal machinery that
        -:  704:// TransformTupleValues uses to implement a tuple traversal.
        -:  705:template <typename Tuple, typename Func, typename OutIter>
        -:  706:class TransformTupleValuesHelper {
        -:  707: private:
        -:  708:  typedef ::std::tuple_size<Tuple> TupleSize;
        -:  709:
        -:  710: public:
        -:  711:  // For each member of tuple 't', taken in order, evaluates '*out++ = f(t)'.
        -:  712:  // Returns the final value of 'out' in case the caller needs it.
        -:  713:  static OutIter Run(Func f, const Tuple& t, OutIter out) {
        -:  714:    return IterateOverTuple<Tuple, TupleSize::value>()(f, t, out);
        -:  715:  }
        -:  716:
        -:  717: private:
        -:  718:  template <typename Tup, size_t kRemainingSize>
        -:  719:  struct IterateOverTuple {
        -:  720:    OutIter operator()(Func f, const Tup& t, OutIter out) const {
        -:  721:      *out++ = f(::std::get<TupleSize::value - kRemainingSize>(t));
        -:  722:      return IterateOverTuple<Tup, kRemainingSize - 1>()(f, t, out);
        -:  723:    }
        -:  724:  };
        -:  725:  template <typename Tup>
        -:  726:  struct IterateOverTuple<Tup, 0> {
        -:  727:    OutIter operator()(Func /* f */, const Tup& /* t */, OutIter out) const {
        -:  728:      return out;
        -:  729:    }
        -:  730:  };
        -:  731:};
        -:  732:
        -:  733:// Successively invokes 'f(element)' on each element of the tuple 't',
        -:  734:// appending each result to the 'out' iterator. Returns the final value
        -:  735:// of 'out'.
        -:  736:template <typename Tuple, typename Func, typename OutIter>
        -:  737:OutIter TransformTupleValues(Func f, const Tuple& t, OutIter out) {
        -:  738:  return TransformTupleValuesHelper<Tuple, Func, OutIter>::Run(f, t, out);
        -:  739:}
        -:  740:
        -:  741:// Implements _, a matcher that matches any value of any
        -:  742:// type.  This is a polymorphic matcher, so we need a template type
        -:  743:// conversion operator to make it appearing as a Matcher<T> for any
        -:  744:// type T.
        -:  745:class AnythingMatcher {
        -:  746: public:
        -:  747:  using is_gtest_matcher = void;
        -:  748:
        -:  749:  template <typename T>
       50:  750:  bool MatchAndExplain(const T& /* x */, std::ostream* /* listener */) const {
       50:  751:    return true;
        -:  752:  }
------------------
_ZNK7testing8internal15AnythingMatcher15MatchAndExplainISt5tupleIJRKNSt7__cxx1112basic_stringIcSt11char_traitsIcESaIcEEEEEEEbRKT_PSo:
       10:  750:  bool MatchAndExplain(const T& /* x */, std::ostream* /* listener */) const {
       10:  751:    return true;
        -:  752:  }
------------------
_ZNK7testing8internal15AnythingMatcher15MatchAndExplainISt5tupleIJRKNSt7__cxx1112basic_stringIcSt11char_traitsIcESaIcEEEiEEEEbRKT_PSo:
        5:  750:  bool MatchAndExplain(const T& /* x */, std::ostream* /* listener */) const {
        5:  751:    return true;
        -:  752:  }
------------------
_ZNK7testing8internal15AnythingMatcher15MatchAndExplainISt5tupleIJEEEEbRKT_PSo:
       30:  750:  bool MatchAndExplain(const T& /* x */, std::ostream* /* listener */) const {
       30:  751:    return true;
        -:  752:  }
------------------
_ZNK7testing8internal15AnythingMatcher15MatchAndExplainINSt7__cxx1112basic_stringIcSt11char_traitsIcESaIcEEEEEbRKT_PSo:
        5:  750:  bool MatchAndExplain(const T& /* x */, std::ostream* /* listener */) const {
        5:  751:    return true;
        -:  752:  }
------------------
    #####:  753:  void DescribeTo(std::ostream* os) const { *os << "is anything"; }
    #####:  754:  void DescribeNegationTo(::std::ostream* os) const {
        -:  755:    // This is mostly for completeness' sake, as it's not very useful
        -:  756:    // to write Not(A<bool>()).  However we cannot completely rule out
        -:  757:    // such a possibility, and it doesn't hurt to be prepared.
    #####:  758:    *os << "never matches";
    #####:  759:  }
        -:  760:};
        -:  761:
        -:  762:// Implements the polymorphic IsNull() matcher, which matches any raw or smart
        -:  763:// pointer that is NULL.
        -:  764:class IsNullMatcher {
        -:  765: public:
        -:  766:  template <typename Pointer>
        -:  767:  bool MatchAndExplain(const Pointer& p,
        -:  768:                       MatchResultListener* /* listener */) const {
        -:  769:    return p == nullptr;
        -:  770:  }
        -:  771:
        -:  772:  void DescribeTo(::std::ostream* os) const { *os << "is NULL"; }
        -:  773:  void DescribeNegationTo(::std::ostream* os) const { *os << "isn't NULL"; }
        -:  774:};
        -:  775:
        -:  776:// Implements the polymorphic NotNull() matcher, which matches any raw or smart
        -:  777:// pointer that is not NULL.
        -:  778:class NotNullMatcher {
        -:  779: public:
        -:  780:  template <typename Pointer>
        -:  781:  bool MatchAndExplain(const Pointer& p,
        -:  782:                       MatchResultListener* /* listener */) const {
        -:  783:    return p != nullptr;
        -:  784:  }
        -:  785:
        -:  786:  void DescribeTo(::std::ostream* os) const { *os << "isn't NULL"; }
        -:  787:  void DescribeNegationTo(::std::ostream* os) const { *os << "is NULL"; }
        -:  788:};
        -:  789:
        -:  790:// Ref(variable) matches any argument that is a reference to
        -:  791:// 'variable'.  This matcher is polymorphic as it can match any
        -:  792:// super type of the type of 'variable'.
        -:  793://
        -:  794:// The RefMatcher template class implements Ref(variable).  It can
        -:  795:// only be instantiated with a reference type.  This prevents a user
        -:  796:// from mistakenly using Ref(x) to match a non-reference function
        -:  797:// argument.  For example, the following will righteously cause a
        -:  798:// compiler error:
        -:  799://
        -:  800://   int n;
        -:  801://   Matcher<int> m1 = Ref(n);   // This won't compile.
        -:  802://   Matcher<int&> m2 = Ref(n);  // This will compile.
        -:  803:template <typename T>
        -:  804:class RefMatcher;
        -:  805:
        -:  806:template <typename T>
        -:  807:class RefMatcher<T&> {
        -:  808:  // Google Mock is a generic framework and thus needs to support
        -:  809:  // mocking any function types, including those that take non-const
        -:  810:  // reference arguments.  Therefore the template parameter T (and
        -:  811:  // Super below) can be instantiated to either a const type or a
        -:  812:  // non-const type.
        -:  813: public:
        -:  814:  // RefMatcher() takes a T& instead of const T&, as we want the
        -:  815:  // compiler to catch using Ref(const_value) as a matcher for a
        -:  816:  // non-const reference.
        -:  817:  explicit RefMatcher(T& x) : object_(x) {}  // NOLINT
        -:  818:
        -:  819:  template <typename Super>
        -:  820:  operator Matcher<Super&>() const {
        -:  821:    // By passing object_ (type T&) to Impl(), which expects a Super&,
        -:  822:    // we make sure that Super is a super type of T.  In particular,
        -:  823:    // this catches using Ref(const_value) as a matcher for a
        -:  824:    // non-const reference, as you cannot implicitly convert a const
        -:  825:    // reference to a non-const reference.
        -:  826:    return MakeMatcher(new Impl<Super>(object_));
        -:  827:  }
        -:  828:
        -:  829: private:
        -:  830:  template <typename Super>
        -:  831:  class Impl : public MatcherInterface<Super&> {
        -:  832:   public:
        -:  833:    explicit Impl(Super& x) : object_(x) {}  // NOLINT
        -:  834:
        -:  835:    // MatchAndExplain() takes a Super& (as opposed to const Super&)
        -:  836:    // in order to match the interface MatcherInterface<Super&>.
        -:  837:    bool MatchAndExplain(Super& x,
        -:  838:                         MatchResultListener* listener) const override {
        -:  839:      *listener << "which is located @" << static_cast<const void*>(&x);
        -:  840:      return &x == &object_;
        -:  841:    }
        -:  842:
        -:  843:    void DescribeTo(::std::ostream* os) const override {
        -:  844:      *os << "references the variable ";
        -:  845:      UniversalPrinter<Super&>::Print(object_, os);
        -:  846:    }
        -:  847:
        -:  848:    void DescribeNegationTo(::std::ostream* os) const override {
        -:  849:      *os << "does not reference the variable ";
        -:  850:      UniversalPrinter<Super&>::Print(object_, os);
        -:  851:    }
        -:  852:
        -:  853:   private:
        -:  854:    const Super& object_;
        -:  855:  };
        -:  856:
        -:  857:  T& object_;
        -:  858:};
        -:  859:
        -:  860:// Polymorphic helper functions for narrow and wide string matchers.
        -:  861:inline bool CaseInsensitiveCStringEquals(const char* lhs, const char* rhs) {
        -:  862:  return String::CaseInsensitiveCStringEquals(lhs, rhs);
        -:  863:}
        -:  864:
        -:  865:inline bool CaseInsensitiveCStringEquals(const wchar_t* lhs,
        -:  866:                                         const wchar_t* rhs) {
        -:  867:  return String::CaseInsensitiveWideCStringEquals(lhs, rhs);
        -:  868:}
        -:  869:
        -:  870:// String comparison for narrow or wide strings that can have embedded NUL
        -:  871:// characters.
        -:  872:template <typename StringType>
        -:  873:bool CaseInsensitiveStringEquals(const StringType& s1, const StringType& s2) {
        -:  874:  // Are the heads equal?
        -:  875:  if (!CaseInsensitiveCStringEquals(s1.c_str(), s2.c_str())) {
        -:  876:    return false;
        -:  877:  }
        -:  878:
        -:  879:  // Skip the equal heads.
        -:  880:  const typename StringType::value_type nul = 0;
        -:  881:  const size_t i1 = s1.find(nul), i2 = s2.find(nul);
        -:  882:
        -:  883:  // Are we at the end of either s1 or s2?
        -:  884:  if (i1 == StringType::npos || i2 == StringType::npos) {
        -:  885:    return i1 == i2;
        -:  886:  }
        -:  887:
        -:  888:  // Are the tails equal?
        -:  889:  return CaseInsensitiveStringEquals(s1.substr(i1 + 1), s2.substr(i2 + 1));
        -:  890:}
        -:  891:
        -:  892:// String matchers.
        -:  893:
        -:  894:// Implements equality-based string matchers like StrEq, StrCaseNe, and etc.
        -:  895:template <typename StringType>
        -:  896:class StrEqualityMatcher {
        -:  897: public:
        -:  898:  StrEqualityMatcher(StringType str, bool expect_eq, bool case_sensitive)
        -:  899:      : string_(std::move(str)),
        -:  900:        expect_eq_(expect_eq),
        -:  901:        case_sensitive_(case_sensitive) {}
        -:  902:
        -:  903:#if GTEST_INTERNAL_HAS_STRING_VIEW
        -:  904:  bool MatchAndExplain(const internal::StringView& s,
        -:  905:                       MatchResultListener* listener) const {
        -:  906:    // This should fail to compile if StringView is used with wide
        -:  907:    // strings.
        -:  908:    const StringType& str = std::string(s);
        -:  909:    return MatchAndExplain(str, listener);
        -:  910:  }
        -:  911:#endif  // GTEST_INTERNAL_HAS_STRING_VIEW
        -:  912:
        -:  913:  // Accepts pointer types, particularly:
        -:  914:  //   const char*
        -:  915:  //   char*
        -:  916:  //   const wchar_t*
        -:  917:  //   wchar_t*
        -:  918:  template <typename CharType>
        -:  919:  bool MatchAndExplain(CharType* s, MatchResultListener* listener) const {
        -:  920:    if (s == nullptr) {
        -:  921:      return !expect_eq_;
        -:  922:    }
        -:  923:    return MatchAndExplain(StringType(s), listener);
        -:  924:  }
        -:  925:
        -:  926:  // Matches anything that can convert to StringType.
        -:  927:  //
        -:  928:  // This is a template, not just a plain function with const StringType&,
        -:  929:  // because StringView has some interfering non-explicit constructors.
        -:  930:  template <typename MatcheeStringType>
        -:  931:  bool MatchAndExplain(const MatcheeStringType& s,
        -:  932:                       MatchResultListener* /* listener */) const {
        -:  933:    const StringType s2(s);
        -:  934:    const bool eq = case_sensitive_ ? s2 == string_
        -:  935:                                    : CaseInsensitiveStringEquals(s2, string_);
        -:  936:    return expect_eq_ == eq;
        -:  937:  }
        -:  938:
        -:  939:  void DescribeTo(::std::ostream* os) const {
        -:  940:    DescribeToHelper(expect_eq_, os);
        -:  941:  }
        -:  942:
        -:  943:  void DescribeNegationTo(::std::ostream* os) const {
        -:  944:    DescribeToHelper(!expect_eq_, os);
        -:  945:  }
        -:  946:
        -:  947: private:
        -:  948:  void DescribeToHelper(bool expect_eq, ::std::ostream* os) const {
        -:  949:    *os << (expect_eq ? "is " : "isn't ");
        -:  950:    *os << "equal to ";
        -:  951:    if (!case_sensitive_) {
        -:  952:      *os << "(ignoring case) ";
        -:  953:    }
        -:  954:    UniversalPrint(string_, os);
        -:  955:  }
        -:  956:
        -:  957:  const StringType string_;
        -:  958:  const bool expect_eq_;
        -:  959:  const bool case_sensitive_;
        -:  960:};
        -:  961:
        -:  962:// Implements the polymorphic HasSubstr(substring) matcher, which
        -:  963:// can be used as a Matcher<T> as long as T can be converted to a
        -:  964:// string.
        -:  965:template <typename StringType>
        -:  966:class HasSubstrMatcher {
        -:  967: public:
        -:  968:  explicit HasSubstrMatcher(const StringType& substring)
        -:  969:      : substring_(substring) {}
        -:  970:
        -:  971:#if GTEST_INTERNAL_HAS_STRING_VIEW
        -:  972:  bool MatchAndExplain(const internal::StringView& s,
        -:  973:                       MatchResultListener* listener) const {
        -:  974:    // This should fail to compile if StringView is used with wide
        -:  975:    // strings.
        -:  976:    const StringType& str = std::string(s);
        -:  977:    return MatchAndExplain(str, listener);
        -:  978:  }
        -:  979:#endif  // GTEST_INTERNAL_HAS_STRING_VIEW
        -:  980:
        -:  981:  // Accepts pointer types, particularly:
        -:  982:  //   const char*
        -:  983:  //   char*
        -:  984:  //   const wchar_t*
        -:  985:  //   wchar_t*
        -:  986:  template <typename CharType>
        -:  987:  bool MatchAndExplain(CharType* s, MatchResultListener* listener) const {
        -:  988:    return s != nullptr && MatchAndExplain(StringType(s), listener);
        -:  989:  }
        -:  990:
        -:  991:  // Matches anything that can convert to StringType.
        -:  992:  //
        -:  993:  // This is a template, not just a plain function with const StringType&,
        -:  994:  // because StringView has some interfering non-explicit constructors.
        -:  995:  template <typename MatcheeStringType>
        -:  996:  bool MatchAndExplain(const MatcheeStringType& s,
        -:  997:                       MatchResultListener* /* listener */) const {
        -:  998:    return StringType(s).find(substring_) != StringType::npos;
        -:  999:  }
        -: 1000:
        -: 1001:  // Describes what this matcher matches.
        -: 1002:  void DescribeTo(::std::ostream* os) const {
        -: 1003:    *os << "has substring ";
        -: 1004:    UniversalPrint(substring_, os);
        -: 1005:  }
        -: 1006:
        -: 1007:  void DescribeNegationTo(::std::ostream* os) const {
        -: 1008:    *os << "has no substring ";
        -: 1009:    UniversalPrint(substring_, os);
        -: 1010:  }
        -: 1011:
        -: 1012: private:
        -: 1013:  const StringType substring_;
        -: 1014:};
        -: 1015:
        -: 1016:// Implements the polymorphic StartsWith(substring) matcher, which
        -: 1017:// can be used as a Matcher<T> as long as T can be converted to a
        -: 1018:// string.
        -: 1019:template <typename StringType>
        -: 1020:class StartsWithMatcher {
        -: 1021: public:
        -: 1022:  explicit StartsWithMatcher(const StringType& prefix) : prefix_(prefix) {}
        -: 1023:
        -: 1024:#if GTEST_INTERNAL_HAS_STRING_VIEW
        -: 1025:  bool MatchAndExplain(const internal::StringView& s,
        -: 1026:                       MatchResultListener* listener) const {
        -: 1027:    // This should fail to compile if StringView is used with wide
        -: 1028:    // strings.
        -: 1029:    const StringType& str = std::string(s);
        -: 1030:    return MatchAndExplain(str, listener);
        -: 1031:  }
        -: 1032:#endif  // GTEST_INTERNAL_HAS_STRING_VIEW
        -: 1033:
        -: 1034:  // Accepts pointer types, particularly:
        -: 1035:  //   const char*
        -: 1036:  //   char*
        -: 1037:  //   const wchar_t*
        -: 1038:  //   wchar_t*
        -: 1039:  template <typename CharType>
        -: 1040:  bool MatchAndExplain(CharType* s, MatchResultListener* listener) const {
        -: 1041:    return s != nullptr && MatchAndExplain(StringType(s), listener);
        -: 1042:  }
        -: 1043:
        -: 1044:  // Matches anything that can convert to StringType.
        -: 1045:  //
        -: 1046:  // This is a template, not just a plain function with const StringType&,
        -: 1047:  // because StringView has some interfering non-explicit constructors.
        -: 1048:  template <typename MatcheeStringType>
        -: 1049:  bool MatchAndExplain(const MatcheeStringType& s,
        -: 1050:                       MatchResultListener* /* listener */) const {
        -: 1051:    const StringType& s2(s);
        -: 1052:    return s2.length() >= prefix_.length() &&
        -: 1053:           s2.substr(0, prefix_.length()) == prefix_;
        -: 1054:  }
        -: 1055:
        -: 1056:  void DescribeTo(::std::ostream* os) const {
        -: 1057:    *os << "starts with ";
        -: 1058:    UniversalPrint(prefix_, os);
        -: 1059:  }
        -: 1060:
        -: 1061:  void DescribeNegationTo(::std::ostream* os) const {
        -: 1062:    *os << "doesn't start with ";
        -: 1063:    UniversalPrint(prefix_, os);
        -: 1064:  }
        -: 1065:
        -: 1066: private:
        -: 1067:  const StringType prefix_;
        -: 1068:};
        -: 1069:
        -: 1070:// Implements the polymorphic EndsWith(substring) matcher, which
        -: 1071:// can be used as a Matcher<T> as long as T can be converted to a
        -: 1072:// string.
        -: 1073:template <typename StringType>
        -: 1074:class EndsWithMatcher {
        -: 1075: public:
        -: 1076:  explicit EndsWithMatcher(const StringType& suffix) : suffix_(suffix) {}
        -: 1077:
        -: 1078:#if GTEST_INTERNAL_HAS_STRING_VIEW
        -: 1079:  bool MatchAndExplain(const internal::StringView& s,
        -: 1080:                       MatchResultListener* listener) const {
        -: 1081:    // This should fail to compile if StringView is used with wide
        -: 1082:    // strings.
        -: 1083:    const StringType& str = std::string(s);
        -: 1084:    return MatchAndExplain(str, listener);
        -: 1085:  }
        -: 1086:#endif  // GTEST_INTERNAL_HAS_STRING_VIEW
        -: 1087:
        -: 1088:  // Accepts pointer types, particularly:
        -: 1089:  //   const char*
        -: 1090:  //   char*
        -: 1091:  //   const wchar_t*
        -: 1092:  //   wchar_t*
        -: 1093:  template <typename CharType>
        -: 1094:  bool MatchAndExplain(CharType* s, MatchResultListener* listener) const {
        -: 1095:    return s != nullptr && MatchAndExplain(StringType(s), listener);
        -: 1096:  }
        -: 1097:
        -: 1098:  // Matches anything that can convert to StringType.
        -: 1099:  //
        -: 1100:  // This is a template, not just a plain function with const StringType&,
        -: 1101:  // because StringView has some interfering non-explicit constructors.
        -: 1102:  template <typename MatcheeStringType>
        -: 1103:  bool MatchAndExplain(const MatcheeStringType& s,
        -: 1104:                       MatchResultListener* /* listener */) const {
        -: 1105:    const StringType& s2(s);
        -: 1106:    return s2.length() >= suffix_.length() &&
        -: 1107:           s2.substr(s2.length() - suffix_.length()) == suffix_;
        -: 1108:  }
        -: 1109:
        -: 1110:  void DescribeTo(::std::ostream* os) const {
        -: 1111:    *os << "ends with ";
        -: 1112:    UniversalPrint(suffix_, os);
        -: 1113:  }
        -: 1114:
        -: 1115:  void DescribeNegationTo(::std::ostream* os) const {
        -: 1116:    *os << "doesn't end with ";
        -: 1117:    UniversalPrint(suffix_, os);
        -: 1118:  }
        -: 1119:
        -: 1120: private:
        -: 1121:  const StringType suffix_;
        -: 1122:};
        -: 1123:
        -: 1124:// Implements the polymorphic WhenBase64Unescaped(matcher) matcher, which can be
        -: 1125:// used as a Matcher<T> as long as T can be converted to a string.
        -: 1126:class WhenBase64UnescapedMatcher {
        -: 1127: public:
        -: 1128:  using is_gtest_matcher = void;
        -: 1129:
        -: 1130:  explicit WhenBase64UnescapedMatcher(
        -: 1131:      const Matcher<const std::string&>& internal_matcher)
        -: 1132:      : internal_matcher_(internal_matcher) {}
        -: 1133:
[...]
        -: 5337:
        -: 5338: public:
        -: 5339:  ExceptionMatcherImpl(Matcher<const Err&> matcher)
        -: 5340:      : matcher_(std::move(matcher)) {}
        -: 5341:
        -: 5342:  void DescribeTo(std::ostream* os) const {
        -: 5343:    *os << "throws an exception which is a " << GetTypeName<Err>();
        -: 5344:    *os << " which ";
        -: 5345:    matcher_.DescribeTo(os);
        -: 5346:  }
        -: 5347:
        -: 5348:  void DescribeNegationTo(std::ostream* os) const {
        -: 5349:    *os << "throws an exception which is not a " << GetTypeName<Err>();
        -: 5350:    *os << " which ";
        -: 5351:    matcher_.DescribeNegationTo(os);
        -: 5352:  }
        -: 5353:
        -: 5354:  template <typename T>
        -: 5355:  bool MatchAndExplain(T&& x, MatchResultListener* listener) const {
        -: 5356:    try {
        -: 5357:      (void)(std::forward<T>(x)());
        -: 5358:    } catch (const Err& err) {
        -: 5359:      *listener << "throws an exception which is a " << GetTypeName<Err>();
        -: 5360:      *listener << " ";
        -: 5361:      return matcher_.MatchAndExplain(err, listener);
        -: 5362:    } catch (DefaultExceptionType err) {
        -: 5363:#if GTEST_HAS_RTTI
        -: 5364:      *listener << "throws an exception of type " << GetTypeName(typeid(err));
        -: 5365:      *listener << " ";
        -: 5366:#else
        -: 5367:      *listener << "throws an std::exception-derived type ";
        -: 5368:#endif
        -: 5369:      *listener << "with description \"" << err.what() << "\"";
        -: 5370:      return false;
        -: 5371:    } catch (...) {
        -: 5372:      *listener << "throws an exception of an unknown type";
        -: 5373:      return false;
        -: 5374:    }
        -: 5375:
        -: 5376:    *listener << "does not throw any exception";
        -: 5377:    return false;
        -: 5378:  }
        -: 5379:
        -: 5380: private:
        -: 5381:  const Matcher<const Err&> matcher_;
        -: 5382:};
        -: 5383:
        -: 5384:}  // namespace internal
        -: 5385:
        -: 5386:// Throws()
        -: 5387:// Throws(exceptionMatcher)
        -: 5388:// ThrowsMessage(messageMatcher)
        -: 5389://
        -: 5390:// This matcher accepts a callable and verifies that when invoked, it throws
        -: 5391:// an exception with the given type and properties.
        -: 5392://
        -: 5393:// Examples:
        -: 5394://
        -: 5395://   EXPECT_THAT(
        -: 5396://       []() { throw std::runtime_error("message"); },
        -: 5397://       Throws<std::runtime_error>());
        -: 5398://
        -: 5399://   EXPECT_THAT(
        -: 5400://       []() { throw std::runtime_error("message"); },
        -: 5401://       ThrowsMessage<std::runtime_error>(HasSubstr("message")));
        -: 5402://
        -: 5403://   EXPECT_THAT(
        -: 5404://       []() { throw std::runtime_error("message"); },
        -: 5405://       Throws<std::runtime_error>(
        -: 5406://           Property(&std::runtime_error::what, HasSubstr("message"))));
        -: 5407:
        -: 5408:template <typename Err>
        -: 5409:PolymorphicMatcher<internal::ExceptionMatcherImpl<Err>> Throws() {
        -: 5410:  return MakePolymorphicMatcher(
        -: 5411:      internal::ExceptionMatcherImpl<Err>(A<const Err&>()));
        -: 5412:}
        -: 5413:
        -: 5414:template <typename Err, typename ExceptionMatcher>
        -: 5415:PolymorphicMatcher<internal::ExceptionMatcherImpl<Err>> Throws(
        -: 5416:    const ExceptionMatcher& exception_matcher) {
        -: 5417:  // Using matcher cast allows users to pass a matcher of a more broad type.
        -: 5418:  // For example user may want to pass Matcher<std::exception>
        -: 5419:  // to Throws<std::runtime_error>, or Matcher<int64> to Throws<int32>.
        -: 5420:  return MakePolymorphicMatcher(internal::ExceptionMatcherImpl<Err>(
        -: 5421:      SafeMatcherCast<const Err&>(exception_matcher)));
        -: 5422:}
        -: 5423:
        -: 5424:template <typename Err, typename MessageMatcher>
        -: 5425:PolymorphicMatcher<internal::ExceptionMatcherImpl<Err>> ThrowsMessage(
        -: 5426:    MessageMatcher&& message_matcher) {
        -: 5427:  static_assert(std::is_base_of<std::exception, Err>::value,
        -: 5428:                "expected an std::exception-derived type");
        -: 5429:  return Throws<Err>(internal::WithWhat(
        -: 5430:      MatcherCast<std::string>(std::forward<MessageMatcher>(message_matcher))));
        -: 5431:}
        -: 5432:
        -: 5433:#endif  // GTEST_HAS_EXCEPTIONS
        -: 5434:
        -: 5435:// These macros allow using matchers to check values in Google Test
        -: 5436:// tests.  ASSERT_THAT(value, matcher) and EXPECT_THAT(value, matcher)
        -: 5437:// succeed if and only if the value matches the matcher.  If the assertion
        -: 5438:// fails, the value and the description of the matcher will be printed.
        -: 5439:#define ASSERT_THAT(value, matcher) \
        -: 5440:  ASSERT_PRED_FORMAT1(              \
        -: 5441:      ::testing::internal::MakePredicateFormatterFromMatcher(matcher), value)
        -: 5442:#define EXPECT_THAT(value, matcher) \
        -: 5443:  EXPECT_PRED_FORMAT1(              \
        -: 5444:      ::testing::internal::MakePredicateFormatterFromMatcher(matcher), value)
        -: 5445:
        -: 5446:// MATCHER* macros itself are listed below.
        -: 5447:#define MATCHER(name, description)                                             \
        -: 5448:  class name##Matcher                                                          \
        -: 5449:      : public ::testing::internal::MatcherBaseImpl<name##Matcher> {           \
        -: 5450:   public:                                                                     \
        -: 5451:    template <typename arg_type>                                               \
        -: 5452:    class gmock_Impl : public ::testing::MatcherInterface<const arg_type&> {   \
        -: 5453:     public:                                                                   \
        -: 5454:      gmock_Impl() {}                                                          \
        -: 5455:      bool MatchAndExplain(                                                    \
        -: 5456:          const arg_type& arg,                                                 \
        -: 5457:          ::testing::MatchResultListener* result_listener) const override;     \
        -: 5458:      void DescribeTo(::std::ostream* gmock_os) const override {               \
        -: 5459:        *gmock_os << FormatDescription(false);                                 \
        -: 5460:      }                                                                        \
        -: 5461:      void DescribeNegationTo(::std::ostream* gmock_os) const override {       \
        -: 5462:        *gmock_os << FormatDescription(true);                                  \
        -: 5463:      }                                                                        \
        -: 5464:                                                                               \
        -: 5465:     private:                                                                  \
        -: 5466:      ::std::string FormatDescription(bool negation) const {                   \
        -: 5467:        /* NOLINTNEXTLINE readability-redundant-string-init */                 \
        -: 5468:        ::std::string gmock_description = (description);                       \
        -: 5469:        if (!gmock_description.empty()) {                                      \
        -: 5470:          return gmock_description;                                            \
        -: 5471:        }                                                                      \
        -: 5472:        return ::testing::internal::FormatMatcherDescription(negation, #name,  \
        -: 5473:                                                             {}, {});          \
        -: 5474:      }                                                                        \
        -: 5475:    };                                                                         \
        -: 5476:  };                                                                           \
        -: 5477:  inline name##Matcher GMOCK_INTERNAL_WARNING_PUSH()                           \
        -: 5478:      GMOCK_INTERNAL_WARNING_CLANG(ignored, "-Wunused-function")               \
        -: 5479:          GMOCK_INTERNAL_WARNING_CLANG(ignored, "-Wunused-member-function")    \
        -: 5480:              name GMOCK_INTERNAL_WARNING_POP()() {                            \
        -: 5481:    return {};                                                                 \
        -: 5482:  }                                                                            \
        -: 5483:  template <typename arg_type>                                                 \
        -: 5484:  bool name##Matcher::gmock_Impl<arg_type>::MatchAndExplain(                   \
        -: 5485:      const arg_type& arg,                                                     \
        -: 5486:      ::testing::MatchResultListener* result_listener GTEST_ATTRIBUTE_UNUSED_) \
        -: 5487:      const
        -: 5488:
        -: 5489:#define MATCHER_P(name, p0, description) \
        -: 5490:  GMOCK_INTERNAL_MATCHER(name, name##MatcherP, description, (#p0), (p0))
        -: 5491:#define MATCHER_P2(name, p0, p1, description)                            \
        -: 5492:  GMOCK_INTERNAL_MATCHER(name, name##MatcherP2, description, (#p0, #p1), \
        -: 5493:                         (p0, p1))
        -: 5494:#define MATCHER_P3(name, p0, p1, p2, description)                             \
        -: 5495:  GMOCK_INTERNAL_MATCHER(name, name##MatcherP3, description, (#p0, #p1, #p2), \
        -: 5496:                         (p0, p1, p2))
        -: 5497:#define MATCHER_P4(name, p0, p1, p2, p3, description)        \
        -: 5498:  GMOCK_INTERNAL_MATCHER(name, name##MatcherP4, description, \
        -: 5499:                         (#p0, #p1, #p2, #p3), (p0, p1, p2, p3))
        -: 5500:#define MATCHER_P5(name, p0, p1, p2, p3, p4, description)    \
        -: 5501:  GMOCK_INTERNAL_MATCHER(name, name##MatcherP5, description, \
        -: 5502:                         (#p0, #p1, #p2, #p3, #p4), (p0, p1, p2, p3, p4))
        -: 5503:#define MATCHER_P6(name, p0, p1, p2, p3, p4, p5, description) \
        -: 5504:  GMOCK_INTERNAL_MATCHER(name, name##MatcherP6, description,  \
        -: 5505:                         (#p0, #p1, #p2, #p3, #p4, #p5),      \
        -: 5506:                         (p0, p1, p2, p3, p4, p5))
        -: 5507:#define MATCHER_P7(name, p0, p1, p2, p3, p4, p5, p6, description) \
        -: 5508:  GMOCK_INTERNAL_MATCHER(name, name##MatcherP7, description,      \
        -: 5509:                         (#p0, #p1, #p2, #p3, #p4, #p5, #p6),     \
        -: 5510:                         (p0, p1, p2, p3, p4, p5, p6))
        -: 5511:#define MATCHER_P8(name, p0, p1, p2, p3, p4, p5, p6, p7, description) \
        -: 5512:  GMOCK_INTERNAL_MATCHER(name, name##MatcherP8, description,          \
        -: 5513:                         (#p0, #p1, #p2, #p3, #p4, #p5, #p6, #p7),    \
        -: 5514:                         (p0, p1, p2, p3, p4, p5, p6, p7))
        -: 5515:#define MATCHER_P9(name, p0, p1, p2, p3, p4, p5, p6, p7, p8, description) \
        -: 5516:  GMOCK_INTERNAL_MATCHER(name, name##MatcherP9, description,              \
        -: 5517:                         (#p0, #p1, #p2, #p3, #p4, #p5, #p6, #p7, #p8),   \
        -: 5518:                         (p0, p1, p2, p3, p4, p5, p6, p7, p8))
        -: 5519:#define MATCHER_P10(name, p0, p1, p2, p3, p4, p5, p6, p7, p8, p9, description) \
        -: 5520:  GMOCK_INTERNAL_MATCHER(name, name##MatcherP10, description,                  \
        -: 5521:                         (#p0, #p1, #p2, #p3, #p4, #p5, #p6, #p7, #p8, #p9),   \
        -: 5522:                         (p0, p1, p2, p3, p4, p5, p6, p7, p8, p9))
        -: 5523:
        -: 5524:#define GMOCK_INTERNAL_MATCHER(name, full_name, description, arg_names, args)  \
        -: 5525:  template <GMOCK_INTERNAL_MATCHER_TEMPLATE_PARAMS(args)>                      \
        -: 5526:  class full_name : public ::testing::internal::MatcherBaseImpl<               \
        -: 5527:                        full_name<GMOCK_INTERNAL_MATCHER_TYPE_PARAMS(args)>> { \
        -: 5528:   public:                                                                     \
        -: 5529:    using full_name::MatcherBaseImpl::MatcherBaseImpl;                         \
        -: 5530:    template <typename arg_type>                                               \
        -: 5531:    class gmock_Impl : public ::testing::MatcherInterface<const arg_type&> {   \
        -: 5532:     public:                                                                   \
        -: 5533:      explicit gmock_Impl(GMOCK_INTERNAL_MATCHER_FUNCTION_ARGS(args))          \
        -: 5534:          : GMOCK_INTERNAL_MATCHER_FORWARD_ARGS(args) {}                       \
        -: 5535:      bool MatchAndExplain(                                                    \
        -: 5536:          const arg_type& arg,                                                 \
        -: 5537:          ::testing::MatchResultListener* result_listener) const override;     \
        -: 5538:      void DescribeTo(::std::ostream* gmock_os) const override {               \
        -: 5539:        *gmock_os << FormatDescription(false);                                 \
        -: 5540:      }                                                                        \
        -: 5541:      void DescribeNegationTo(::std::ostream* gmock_os) const override {       \
        -: 5542:        *gmock_os << FormatDescription(true);                                  \
        -: 5543:      }                                                                        \
        -: 5544:      GMOCK_INTERNAL_MATCHER_MEMBERS(args)                                     \
        -: 5545:                                                                               \
        -: 5546:     private:                                                                  \
        -: 5547:      ::std::string FormatDescription(bool negation) const {                   \
        -: 5548:        ::std::string gmock_description;                                       \
        -: 5549:        gmock_description = (description);                                     \
        -: 5550:        if (!gmock_description.empty()) {                                      \
        -: 5551:          return gmock_description;                                            \
        -: 5552:        }                                                                      \
        -: 5553:        return ::testing::internal::FormatMatcherDescription(                  \
        -: 5554:            negation, #name, {GMOCK_PP_REMOVE_PARENS(arg_names)},              \
        -: 5555:            ::testing::internal::UniversalTersePrintTupleFieldsToStrings(      \
        -: 5556:                ::std::tuple<GMOCK_INTERNAL_MATCHER_TYPE_PARAMS(args)>(        \
        -: 5557:                    GMOCK_INTERNAL_MATCHER_MEMBERS_USAGE(args))));             \
        -: 5558:      }                                                                        \
        -: 5559:    };                                                                         \
        -: 5560:  };                                                                           \
        -: 5561:  template <GMOCK_INTERNAL_MATCHER_TEMPLATE_PARAMS(args)>                      \
        -: 5562:  inline full_name<GMOCK_INTERNAL_MATCHER_TYPE_PARAMS(args)> name(             \
        -: 5563:      GMOCK_INTERNAL_MATCHER_FUNCTION_ARGS(args)) {                            \
        -: 5564:    return full_name<GMOCK_INTERNAL_MATCHER_TYPE_PARAMS(args)>(                \
        -: 5565:        GMOCK_INTERNAL_MATCHER_ARGS_USAGE(args));                              \
        -: 5566:  }                                                                            \
        -: 5567:  template <GMOCK_INTERNAL_MATCHER_TEMPLATE_PARAMS(args)>                      \
        -: 5568:  template <typename arg_type>                                                 \
        -: 5569:  bool full_name<GMOCK_INTERNAL_MATCHER_TYPE_PARAMS(args)>::gmock_Impl<        \
        -: 5570:      arg_type>::MatchAndExplain(const arg_type& arg,                          \
        -: 5571:                                 ::testing::MatchResultListener*               \
        -: 5572:                                     result_listener GTEST_ATTRIBUTE_UNUSED_)  \
        -: 5573:      const
        -: 5574:
        -: 5575:#define GMOCK_INTERNAL_MATCHER_TEMPLATE_PARAMS(args) \
        -: 5576:  GMOCK_PP_TAIL(                                     \
        -: 5577:      GMOCK_PP_FOR_EACH(GMOCK_INTERNAL_MATCHER_TEMPLATE_PARAM, , args))
        -: 5578:#define GMOCK_INTERNAL_MATCHER_TEMPLATE_PARAM(i_unused, data_unused, arg) \
        -: 5579:  , typename arg##_type
        -: 5580:
        -: 5581:#define GMOCK_INTERNAL_MATCHER_TYPE_PARAMS(args) \
        -: 5582:  GMOCK_PP_TAIL(GMOCK_PP_FOR_EACH(GMOCK_INTERNAL_MATCHER_TYPE_PARAM, , args))
        -: 5583:#define GMOCK_INTERNAL_MATCHER_TYPE_PARAM(i_unused, data_unused, arg) \
        -: 5584:  , arg##_type
        -: 5585:
        -: 5586:#define GMOCK_INTERNAL_MATCHER_FUNCTION_ARGS(args) \
        -: 5587:  GMOCK_PP_TAIL(dummy_first GMOCK_PP_FOR_EACH(     \
        -: 5588:      GMOCK_INTERNAL_MATCHER_FUNCTION_ARG, , args))
        -: 5589:#define GMOCK_INTERNAL_MATCHER_FUNCTION_ARG(i, data_unused, arg) \
        -: 5590:  , arg##_type gmock_p##i
        -: 5591:
        -: 5592:#define GMOCK_INTERNAL_MATCHER_FORWARD_ARGS(args) \
        -: 5593:  GMOCK_PP_TAIL(GMOCK_PP_FOR_EACH(GMOCK_INTERNAL_MATCHER_FORWARD_ARG, , args))
        -: 5594:#define GMOCK_INTERNAL_MATCHER_FORWARD_ARG(i, data_unused, arg) \
        -: 5595:  , arg(::std::forward<arg##_type>(gmock_p##i))
        -: 5596:
        -: 5597:#define GMOCK_INTERNAL_MATCHER_MEMBERS(args) \
        -: 5598:  GMOCK_PP_FOR_EACH(GMOCK_INTERNAL_MATCHER_MEMBER, , args)
        -: 5599:#define GMOCK_INTERNAL_MATCHER_MEMBER(i_unused, data_unused, arg) \
        -: 5600:  const arg##_type arg;
        -: 5601:
        -: 5602:#define GMOCK_INTERNAL_MATCHER_MEMBERS_USAGE(args) \
        -: 5603:  GMOCK_PP_TAIL(GMOCK_PP_FOR_EACH(GMOCK_INTERNAL_MATCHER_MEMBER_USAGE, , args))
        -: 5604:#define GMOCK_INTERNAL_MATCHER_MEMBER_USAGE(i_unused, data_unused, arg) , arg
        -: 5605:
        -: 5606:#define GMOCK_INTERNAL_MATCHER_ARGS_USAGE(args) \
        -: 5607:  GMOCK_PP_TAIL(GMOCK_PP_FOR_EACH(GMOCK_INTERNAL_MATCHER_ARG_USAGE, , args))
        -: 5608:#define GMOCK_INTERNAL_MATCHER_ARG_USAGE(i, data_unused, arg_unused) \
        -: 5609:  , gmock_p##i
        -: 5610:
        -: 5611:// To prevent ADL on certain functions we put them on a separate namespace.
        -: 5612:using namespace no_adl;  // NOLINT
        -: 5613:
        -: 5614:}  // namespace testing
        -: 5615:
        -: 5616:GTEST_DISABLE_MSC_WARNINGS_POP_()  //  4251 5046
        -: 5617:
        -: 5618:// Include any custom callback matchers added by the local installation.
        -: 5619:// We must include this header at the end to make sure it can use the
        -: 5620:// declarations from this file.
        -: 5621:#include "gmock/internal/custom/gmock-matchers.h"
        -: 5622:
        -: 5623:#endif  // GOOGLEMOCK_INCLUDE_GMOCK_GMOCK_MATCHERS_H_
