        -:    0:Source:/home/duong/MediaPlayerApp/inc/services/IFileScanner.h
        -:    0:Graph:/home/duong/MediaPlayerApp/build/CMakeFiles/RunTests.dir/src/services/FileScanner.cpp.gcno
        -:    0:Data:/home/duong/MediaPlayerApp/build/CMakeFiles/RunTests.dir/src/services/FileScanner.cpp.gcda
        -:    0:Runs:6
        -:    1:#ifndef I_FILE_SCANNER_H
        -:    2:#define I_FILE_SCANNER_H
        -:    3:
        -:    4:// System includes
        -:    5:#include <string>
        -:    6:#include <vector>
        -:    7:#include <functional>
        -:    8:
        -:    9:// Project includes
        -:   10:#include "models/MediaFileModel.h"
        -:   11:
        -:   12:namespace media_player 
        -:   13:{
        -:   14:namespace services 
        -:   15:{
        -:   16:
        -:   17:// Callback types
        -:   18:using ScanProgressCallback = std::function<void(int currentCount, const std::string& currentPath)>;
        -:   19:using ScanProgressCallback3 = std::function<void(int currentCount, int total, const std::string& currentPath)>;
        -:   20:using ScanCompleteCallback = std::function<void(std::vector<models::MediaFileModel> results)>;
        -:   21:
        -:   22:class IFileScanner 
        -:   23:{
        -:   24:public:
    #####:   25:    virtual ~IFileScanner() = default;
------------------
_ZN12media_player8services12IFileScannerD0Ev:
    #####:   25:    virtual ~IFileScanner() = default;
------------------
_ZN12media_player8services12IFileScannerD2Ev:
    #####:   25:    virtual ~IFileScanner() = default;
------------------
        -:   26:    
        -:   27:    // Scanning operations
        -:   28:    virtual void scanDirectory(const std::string& rootPath) = 0;
        -:   29:    virtual void stopScanning() = 0;
        -:   30:    virtual bool isScanning() const = 0;
        -:   31:    
        -:   32:    // Synchronous scan
        -:   33:    virtual std::vector<models::MediaFileModel> scanDirectorySync(const std::string& rootPath) = 0;
        -:   34:    
        -:   35:    // Callbacks
        -:   36:    virtual void setProgressCallback(ScanProgressCallback callback) = 0;
        -:   37:    virtual void setCompleteCallback(ScanCompleteCallback callback) = 0;
        -:   38:    
        -:   39:    // Configuration
        -:   40:    virtual void setMaxDepth(int depth) = 0;
        -:   41:    virtual void setFileExtensions(const std::vector<std::string>& extensions) = 0;
        -:   42:};
        -:   43:
        -:   44:} // namespace services
        -:   45:} // namespace media_player
        -:   46:
        -:   47:#endif // I_FILE_SCANNER_H
