        -:    0:Source:/home/duong/MediaPlayerApp/inc/repositories/IRepository.h
        -:    0:Graph:/home/duong/MediaPlayerApp/build/CMakeFiles/RunTests.dir/src/repositories/LibraryRepository.cpp.gcno
        -:    0:Data:/home/duong/MediaPlayerApp/build/CMakeFiles/RunTests.dir/src/repositories/LibraryRepository.cpp.gcda
        -:    0:Runs:6
        -:    1:#ifndef I_REPOSITORY_H
        -:    2:#define I_REPOSITORY_H
        -:    3:
        -:    4:// System includes
        -:    5:#include <vector>
        -:    6:#include <optional>
        -:    7:#include <string>
        -:    8:
        -:    9:namespace media_player 
        -:   10:{
        -:   11:namespace repositories 
        -:   12:{
        -:   13:
        -:   14:template<typename T>
        -:   15:class IRepository 
        -:   16:{
        -:   17:public:
    #####:   18:    virtual ~IRepository() = default;
------------------
_ZN12media_player12repositories11IRepositoryINS_6models14MediaFileModelEED0Ev:
    #####:   18:    virtual ~IRepository() = default;
------------------
_ZN12media_player12repositories11IRepositoryINS_6models14MediaFileModelEED2Ev:
    #####:   18:    virtual ~IRepository() = default;
------------------
        -:   19:    
        -:   20:    // CRUD operations
        -:   21:    virtual bool save(const T& item) = 0;
        -:   22:    virtual std::optional<T> findById(const std::string& id) = 0;
        -:   23:    virtual std::vector<T> findAll() = 0;
        -:   24:    virtual bool update(const T& item) = 0;
        -:   25:    virtual bool remove(const std::string& id) = 0;
        -:   26:    virtual bool exists(const std::string& id) = 0;
        -:   27:    
        -:   28:    // Bulk operations
        -:   29:    virtual bool saveAll(const std::vector<T>& items) = 0;
        -:   30:    virtual void clear() = 0;
        -:   31:    
        -:   32:    // Statistics
        -:   33:    virtual size_t count() const = 0;
        -:   34:};
        -:   35:
        -:   36:} // namespace repositories
        -:   37:} // namespace media_player
        -:   38:
        -:   39:#endif // I_REPOSITORY_H
