        -:    0:Source:/home/duong/MediaPlayerApp/inc/services/ISerialCommunication.h
        -:    0:Graph:/home/duong/MediaPlayerApp/build/CMakeFiles/RunTests.dir/tests/controllers/HardwareControllerTest.cpp.gcno
        -:    0:Data:/home/duong/MediaPlayerApp/build/CMakeFiles/RunTests.dir/tests/controllers/HardwareControllerTest.cpp.gcda
        -:    0:Runs:5
        -:    1:#ifndef I_SERIAL_COMMUNICATION_H
        -:    2:#define I_SERIAL_COMMUNICATION_H
        -:    3:
        -:    4:// System includes
        -:    5:#include <string>
        -:    6:#include <functional>
        -:    7:
        -:    8:namespace media_player 
        -:    9:{
        -:   10:namespace services 
        -:   11:{
        -:   12:
        -:   13:// Callback types
        -:   14:using SerialDataCallback = std::function<void(const std::string& data)>;
        -:   15:using SerialErrorCallback = std::function<void(const std::string& error)>;
        -:   16:
        -:   17:class ISerialCommunication 
        -:   18:{
        -:   19:public:
      15*:   20:    virtual ~ISerialCommunication() = default;
------------------
_ZN12media_player8services20ISerialCommunicationD0Ev:
    #####:   20:    virtual ~ISerialCommunication() = default;
------------------
_ZN12media_player8services20ISerialCommunicationD2Ev:
       15:   20:    virtual ~ISerialCommunication() = default;
------------------
        -:   21:    
        -:   22:    // Connection
        -:   23:    virtual bool open(const std::string& portName, int baudRate) = 0;
        -:   24:    virtual void close() = 0;
        -:   25:    virtual bool isOpen() const = 0;
        -:   26:    
        -:   27:    // Data transfer
        -:   28:    virtual bool sendData(const std::string& data) = 0;
        -:   29:    virtual std::string readData() = 0;
        -:   30:    
        -:   31:    // Callbacks
        -:   32:    virtual void setDataCallback(SerialDataCallback callback) = 0;
        -:   33:    virtual void setErrorCallback(SerialErrorCallback callback) = 0;
        -:   34:};
        -:   35:
        -:   36:} // namespace services
        -:   37:} // namespace media_player
        -:   38:
        -:   39:#endif // I_SERIAL_COMMUNICATION_H
