        -:    0:Source:/home/duong/MediaPlayerApp/inc/services/IVideoMetadataReader.h
        -:    0:Graph:/home/duong/MediaPlayerApp/build/CMakeFiles/RunTests.dir/src/services/VideoMetadataReader.cpp.gcno
        -:    0:Data:/home/duong/MediaPlayerApp/build/CMakeFiles/RunTests.dir/src/services/VideoMetadataReader.cpp.gcda
        -:    0:Runs:6
        -:    1:#ifndef I_VIDEO_METADATA_READER_H
        -:    2:#define I_VIDEO_METADATA_READER_H
        -:    3:
        -:    4:// System includes
        -:    5:#include <string>
        -:    6:#include <memory>
        -:    7:
        -:    8:// Project includes
        -:    9:#include "models/VideoMetadataModel.h"
        -:   10:
        -:   11:namespace media_player 
        -:   12:{
        -:   13:namespace services 
        -:   14:{
        -:   15:
        -:   16:class IVideoMetadataReader 
        -:   17:{
        -:   18:public:
    #####:   19:    virtual ~IVideoMetadataReader() = default;
------------------
_ZN12media_player8services20IVideoMetadataReaderD0Ev:
    #####:   19:    virtual ~IVideoMetadataReader() = default;
------------------
_ZN12media_player8services20IVideoMetadataReaderD2Ev:
    #####:   19:    virtual ~IVideoMetadataReader() = default;
------------------
        -:   20:    
        -:   21:    // Read operations
        -:   22:    virtual std::unique_ptr<models::VideoMetadataModel> readMetadata(const std::string& filePath) = 0;
        -:   23:    virtual bool canReadFile(const std::string& filePath) const = 0;
        -:   24:    
        -:   25:    // Video info extraction
        -:   26:    virtual bool extractThumbnail(const std::string& filePath, 
        -:   27:                                 const std::string& outputPath, 
        -:   28:                                 int timeSeconds = 0) = 0;
        -:   29:};
        -:   30:
        -:   31:} // namespace services
        -:   32:} // namespace media_player
        -:   33:
        -:   34:#endif // I_VIDEO_METADATA_READER_H
