        -:    0:Source:/home/duong/MediaPlayerApp/inc/views/IView.h
        -:    0:Graph:/home/duong/MediaPlayerApp/build/CMakeFiles/RunTests.dir/src/views/LibraryScreen.cpp.gcno
        -:    0:Data:/home/duong/MediaPlayerApp/build/CMakeFiles/RunTests.dir/src/views/LibraryScreen.cpp.gcda
        -:    0:Runs:6
        -:    1:#ifndef I_VIEW_H
        -:    2:#define I_VIEW_H
        -:    3:
        -:    4:namespace media_player 
        -:    5:{
        -:    6:namespace views 
        -:    7:{
        -:    8:
        -:    9:class IView 
        -:   10:{
        -:   11:public:
    #####:   12:    virtual ~IView() = default;
------------------
_ZN12media_player5views5IViewD0Ev:
    #####:   12:    virtual ~IView() = default;
------------------
_ZN12media_player5views5IViewD2Ev:
    #####:   12:    virtual ~IView() = default;
------------------
        -:   13:    
        -:   14:    virtual void show() = 0;
        -:   15:    virtual void hide() = 0;
        -:   16:    virtual void update() = 0;
        -:   17:    virtual bool isVisible() const = 0;
        -:   18:};
        -:   19:
        -:   20:} // namespace views
        -:   21:} // namespace media_player
        -:   22:
        -:   23:#endif // I_VIEW_H
