        -:    0:Source:/home/duong/MediaPlayerApp/tests/models/MediaFileModelTest.cpp
        -:    0:Graph:/home/duong/MediaPlayerApp/build/CMakeFiles/RunTests.dir/tests/models/MediaFileModelTest.cpp.gcno
        -:    0:Data:/home/duong/MediaPlayerApp/build/CMakeFiles/RunTests.dir/tests/models/MediaFileModelTest.cpp.gcda
        -:    0:Runs:6
        -:    1:#include <gtest/gtest.h>
        -:    2:#include "models/MediaFileModel.h"
        -:    3:
        -:    4:using namespace media_player;
        -:    5:
       24:    6:TEST(MediaFileModelTest, DetermineMediaTypeAudio) {
        6:    7:    models::MediaFileModel file("/home/user/music/song.mp3");
       6*:    8:    EXPECT_EQ(file.getType(), models::MediaType::AUDIO);
        6:    9:}
------------------
_ZN47MediaFileModelTest_DetermineMediaTypeAudio_TestC2Ev:
        6:    6:TEST(MediaFileModelTest, DetermineMediaTypeAudio) {
------------------
_ZN47MediaFileModelTest_DetermineMediaTypeAudio_TestD0Ev:
        6:    6:TEST(MediaFileModelTest, DetermineMediaTypeAudio) {
------------------
_ZN47MediaFileModelTest_DetermineMediaTypeAudio_TestD2Ev:
        6:    6:TEST(MediaFileModelTest, DetermineMediaTypeAudio) {
------------------
_ZN47MediaFileModelTest_DetermineMediaTypeAudio_Test8TestBodyEv:
        6:    6:TEST(MediaFileModelTest, DetermineMediaTypeAudio) {
        6:    7:    models::MediaFileModel file("/home/user/music/song.mp3");
       6*:    8:    EXPECT_EQ(file.getType(), models::MediaType::AUDIO);
        6:    9:}
------------------
        -:   10:
       24:   11:TEST(MediaFileModelTest, DetermineMediaTypeVideo) {
        6:   12:    models::MediaFileModel file("/home/user/video/movie.mp4");
       6*:   13:    EXPECT_EQ(file.getType(), models::MediaType::VIDEO);
        6:   14:}
------------------
_ZN47MediaFileModelTest_DetermineMediaTypeVideo_TestC2Ev:
        6:   11:TEST(MediaFileModelTest, DetermineMediaTypeVideo) {
------------------
_ZN47MediaFileModelTest_DetermineMediaTypeVideo_TestD0Ev:
        6:   11:TEST(MediaFileModelTest, DetermineMediaTypeVideo) {
------------------
_ZN47MediaFileModelTest_DetermineMediaTypeVideo_TestD2Ev:
        6:   11:TEST(MediaFileModelTest, DetermineMediaTypeVideo) {
------------------
_ZN47MediaFileModelTest_DetermineMediaTypeVideo_Test8TestBodyEv:
        6:   11:TEST(MediaFileModelTest, DetermineMediaTypeVideo) {
        6:   12:    models::MediaFileModel file("/home/user/video/movie.mp4");
       6*:   13:    EXPECT_EQ(file.getType(), models::MediaType::VIDEO);
        6:   14:}
------------------
        -:   15:
       24:   16:TEST(MediaFileModelTest, CheckCaseSensitivity) {
        6:   17:    models::MediaFileModel file1("song.wav");
       6*:   18:    EXPECT_EQ(file1.getType(), models::MediaType::AUDIO);
        -:   19:    
       12:   20:    models::MediaFileModel file2("SONG.WAV");
        -:   21:    // As per recent changes, .WAV is UNSUPPORTED
       6*:   22:    EXPECT_EQ(file2.getType(), models::MediaType::UNSUPPORTED); 
        6:   23:}
------------------
_ZN44MediaFileModelTest_CheckCaseSensitivity_TestC2Ev:
        6:   16:TEST(MediaFileModelTest, CheckCaseSensitivity) {
------------------
_ZN44MediaFileModelTest_CheckCaseSensitivity_TestD0Ev:
        6:   16:TEST(MediaFileModelTest, CheckCaseSensitivity) {
------------------
_ZN44MediaFileModelTest_CheckCaseSensitivity_TestD2Ev:
        6:   16:TEST(MediaFileModelTest, CheckCaseSensitivity) {
------------------
_ZN44MediaFileModelTest_CheckCaseSensitivity_Test8TestBodyEv:
        6:   16:TEST(MediaFileModelTest, CheckCaseSensitivity) {
        6:   17:    models::MediaFileModel file1("song.wav");
       6*:   18:    EXPECT_EQ(file1.getType(), models::MediaType::AUDIO);
        -:   19:    
       12:   20:    models::MediaFileModel file2("SONG.WAV");
        -:   21:    // As per recent changes, .WAV is UNSUPPORTED
       6*:   22:    EXPECT_EQ(file2.getType(), models::MediaType::UNSUPPORTED); 
        6:   23:}
------------------
        -:   24:
       24:   25:TEST(MediaFileModelTest, SetGetProperties) {
        6:   26:    models::MediaFileModel file;
       12:   27:    file.setTitle("Test Title");
        6:   28:    file.setArtist("Test Artist");
        6:   29:    file.setDuration(120);
        -:   30:    
       6*:   31:    EXPECT_EQ(file.getTitle(), "Test Title");
       6*:   32:    EXPECT_EQ(file.getArtist(), "Test Artist");
       6*:   33:    EXPECT_EQ(file.getDuration(), 120);
        6:   34:}
------------------
_ZN40MediaFileModelTest_SetGetProperties_TestC2Ev:
        6:   25:TEST(MediaFileModelTest, SetGetProperties) {
------------------
_ZN40MediaFileModelTest_SetGetProperties_TestD0Ev:
        6:   25:TEST(MediaFileModelTest, SetGetProperties) {
------------------
_ZN40MediaFileModelTest_SetGetProperties_TestD2Ev:
        6:   25:TEST(MediaFileModelTest, SetGetProperties) {
------------------
_ZN40MediaFileModelTest_SetGetProperties_Test8TestBodyEv:
        6:   25:TEST(MediaFileModelTest, SetGetProperties) {
        6:   26:    models::MediaFileModel file;
       12:   27:    file.setTitle("Test Title");
        6:   28:    file.setArtist("Test Artist");
        6:   29:    file.setDuration(120);
        -:   30:    
       6*:   31:    EXPECT_EQ(file.getTitle(), "Test Title");
       6*:   32:    EXPECT_EQ(file.getArtist(), "Test Artist");
       6*:   33:    EXPECT_EQ(file.getDuration(), 120);
        6:   34:}
------------------
