        -:    0:Source:/home/duong/MediaPlayerApp/inc/models/MetadataModel.h
        -:    0:Graph:/home/duong/MediaPlayerApp/build/CMakeFiles/RunTests.dir/src/services/MetadataReader.cpp.gcno
        -:    0:Data:/home/duong/MediaPlayerApp/build/CMakeFiles/RunTests.dir/src/services/MetadataReader.cpp.gcda
        -:    0:Runs:6
        -:    1:#ifndef METADATA_MODEL_H
        -:    2:#define METADATA_MODEL_H
        -:    3:
        -:    4:// System includes
        -:    5:#include <string>
        -:    6:#include <map>
        -:    7:#include <optional>
        -:    8:#include <vector>
        -:    9:
        -:   10:namespace media_player 
        -:   11:{
        -:   12:namespace models 
        -:   13:{
        -:   14:
        -:   15:class MetadataModel 
        -:   16:{
        -:   17:public:
    #####:   18:    MetadataModel() = default;
        -:   19:    explicit MetadataModel(const std::string& filePath);
        -:   20:    
        -:   21:    // Audio metadata getters
    #####:   22:    std::string getTitle() const 
        -:   23:    { 
    #####:   24:        return m_title; 
        -:   25:    }
        -:   26:    
    #####:   27:    std::string getArtist() const 
        -:   28:    { 
    #####:   29:        return m_artist; 
        -:   30:    }
        -:   31:    
    #####:   32:    std::string getAlbum() const 
        -:   33:    { 
    #####:   34:        return m_album; 
        -:   35:    }
        -:   36:    
    #####:   37:    std::string getGenre() const 
        -:   38:    { 
    #####:   39:        return m_genre; 
        -:   40:    }
        -:   41:    
    #####:   42:    std::string getYear() const 
        -:   43:    { 
    #####:   44:        return m_year; 
        -:   45:    }
        -:   46:    
        -:   47:    std::string getPublisher() const 
        -:   48:    { 
        -:   49:        return m_publisher; 
        -:   50:    }
        -:   51:    
        -:   52:    int getDuration() const 
        -:   53:    { 
        -:   54:        return m_durationSeconds; 
        -:   55:    }
        -:   56:    
        -:   57:    int getBitrate() const 
        -:   58:    { 
        -:   59:        return m_bitrate; 
        -:   60:    }
        -:   61:    
        -:   62:    // Cover art
        -:   63:    bool hasCoverArt() const 
        -:   64:    { 
        -:   65:        return m_hasCoverArt; 
        -:   66:    }
        -:   67:    
        -:   68:    std::vector<unsigned char> getCoverArt() const 
        -:   69:    { 
        -:   70:        return m_coverArtData; 
        -:   71:    }
        -:   72:    
        -:   73:    // Setters
    #####:   74:    void setTitle(const std::string& title) 
        -:   75:    { 
    #####:   76:        m_title = title; 
    #####:   77:    }
        -:   78:    
    #####:   79:    void setArtist(const std::string& artist) 
        -:   80:    { 
    #####:   81:        m_artist = artist; 
    #####:   82:    }
        -:   83:    
    #####:   84:    void setAlbum(const std::string& album) 
        -:   85:    { 
    #####:   86:        m_album = album; 
    #####:   87:    }
        -:   88:    
    #####:   89:    void setGenre(const std::string& genre) 
        -:   90:    { 
    #####:   91:        m_genre = genre; 
    #####:   92:    }
        -:   93:    
    #####:   94:    void setYear(const std::string& year) 
        -:   95:    { 
    #####:   96:        m_year = year; 
    #####:   97:    }
        -:   98:    
        -:   99:    // Custom tags
        -:  100:    void setCustomTag(const std::string& key, const std::string& value);
        -:  101:    std::optional<std::string> getCustomTag(const std::string& key) const;
        -:  102:    
        -:  103:    // Validation
        -:  104:    bool isComplete() const;
        -:  105:    
        -:  106:    // Display
        -:  107:    std::string getDisplayTitle() const;
        -:  108:    std::string getDisplayArtist() const;
        -:  109:    std::string getFormattedDuration() const;
        -:  110:    
        -:  111:private:
        -:  112:    std::string m_title;
        -:  113:    std::string m_artist;
        -:  114:    std::string m_album;
        -:  115:    std::string m_genre;
        -:  116:    std::string m_year;
        -:  117:    std::string m_publisher;
        -:  118:    int m_durationSeconds = 0;
        -:  119:    int m_bitrate = 0;
        -:  120:    
        -:  121:    bool m_hasCoverArt = false;
        -:  122:    std::vector<unsigned char> m_coverArtData;
        -:  123:    
        -:  124:    std::map<std::string, std::string> m_customTags;
        -:  125:};
        -:  126:
        -:  127:} // namespace models
        -:  128:} // namespace media_player
        -:  129:
        -:  130:#endif // METADATA_MODEL_H
