        -:    0:Source:/home/duong/MediaPlayerApp/tests/mocks/MockSerialCommunication.h
        -:    0:Graph:/home/duong/MediaPlayerApp/build/CMakeFiles/RunTests.dir/tests/controllers/HardwareControllerTest.cpp.gcno
        -:    0:Data:/home/duong/MediaPlayerApp/build/CMakeFiles/RunTests.dir/tests/controllers/HardwareControllerTest.cpp.gcda
        -:    0:Runs:5
        -:    1:#ifndef MOCK_SERIAL_COMMUNICATION_H
        -:    2:#define MOCK_SERIAL_COMMUNICATION_H
        -:    3:
        -:    4:#include <gmock/gmock.h>
        -:    5:#include "services/ISerialCommunication.h"
        -:    6:
        -:    7:namespace media_player {
        -:    8:namespace test {
        -:    9:
        -:   10:class MockSerialCommunication : public services::ISerialCommunication {
        -:   11:public:
       10:   12:    MOCK_METHOD(bool, open, (const std::string& portName, int baudRate), (override));
------------------
_ZN12media_player4test23MockSerialCommunication10gmock_openERKN7testing7MatcherIRKNSt7__cxx1112basic_stringIcSt11char_traitsIcESaIcEEEEERKNS3_IiEE:
        5:   12:    MOCK_METHOD(bool, open, (const std::string& portName, int baudRate), (override));
------------------
_ZN12media_player4test23MockSerialCommunication4openERKNSt7__cxx1112basic_stringIcSt11char_traitsIcESaIcEEEi:
        5:   12:    MOCK_METHOD(bool, open, (const std::string& portName, int baudRate), (override));
------------------
       10:   13:    MOCK_METHOD(void, close, (), (override));
       45:   14:    MOCK_METHOD(bool, isOpen, (), (const, override));
------------------
_ZNK12media_player4test23MockSerialCommunication12gmock_isOpenEv:
       15:   14:    MOCK_METHOD(bool, isOpen, (), (const, override));
------------------
_ZNK12media_player4test23MockSerialCommunication6isOpenEv:
       30:   14:    MOCK_METHOD(bool, isOpen, (), (const, override));
------------------
        -:   15:    
       20:   16:    MOCK_METHOD(bool, sendData, (const std::string& data), (override));
------------------
_ZN12media_player4test23MockSerialCommunication14gmock_sendDataERKN7testing7MatcherIRKNSt7__cxx1112basic_stringIcSt11char_traitsIcESaIcEEEEE:
       10:   16:    MOCK_METHOD(bool, sendData, (const std::string& data), (override));
------------------
_ZN12media_player4test23MockSerialCommunication8sendDataERKNSt7__cxx1112basic_stringIcSt11char_traitsIcESaIcEEE:
       10:   16:    MOCK_METHOD(bool, sendData, (const std::string& data), (override));
------------------
    #####:   17:    MOCK_METHOD(std::string, readData, (), (override));
        -:   18:    
       15:   19:    MOCK_METHOD(void, setDataCallback, (services::SerialDataCallback callback), (override));
       15:   20:    MOCK_METHOD(void, setErrorCallback, (services::SerialErrorCallback callback), (override));
        -:   21:};
        -:   22:
        -:   23:} // namespace test
        -:   24:} // namespace media_player
        -:   25:
        -:   26:#endif // MOCK_SERIAL_COMMUNICATION_H
