        -:    0:Source:/home/duong/MediaPlayerApp/inc/models/SystemStateModel.h
        -:    0:Graph:/home/duong/MediaPlayerApp/build/CMakeFiles/RunTests.dir/src/core/Application.cpp.gcno
        -:    0:Data:/home/duong/MediaPlayerApp/build/CMakeFiles/RunTests.dir/src/core/Application.cpp.gcda
        -:    0:Runs:6
        -:    1:#ifndef SYSTEM_STATE_MODEL_H
        -:    2:#define SYSTEM_STATE_MODEL_H
        -:    3:
        -:    4:// System includes
        -:    5:#include <string>
        -:    6:
        -:    7:namespace media_player 
        -:    8:{
        -:    9:namespace models 
        -:   10:{
        -:   11:
        -:   12:enum class AppScreen 
        -:   13:{
        -:   14:    MAIN,
        -:   15:    LIBRARY,
        -:   16:    PLAYLIST,
        -:   17:    QUEUE,
        -:   18:    VIDEO_PLAYER,
        -:   19:    SCAN,
        -:   20:    SETTINGS
        -:   21:};
        -:   22:
        -:   23:class SystemStateModel 
        -:   24:{
        -:   25:public:
    #####:   26:    SystemStateModel() = default;
        -:   27:    
        -:   28:    // App state
        -:   29:    AppScreen getCurrentScreen() const 
        -:   30:    { 
        -:   31:        return m_currentScreen; 
        -:   32:    }
        -:   33:    
        -:   34:    void setCurrentScreen(AppScreen screen) 
        -:   35:    { 
        -:   36:        m_currentScreen = screen; 
        -:   37:    }
        -:   38:    
        -:   39:    // Hardware connection
        -:   40:    bool isHardwareConnected() const 
        -:   41:    { 
        -:   42:        return m_hardwareConnected; 
        -:   43:    }
        -:   44:    
        -:   45:    void setHardwareConnected(bool connected) 
        -:   46:    { 
        -:   47:        m_hardwareConnected = connected; 
        -:   48:    }
        -:   49:    
        -:   50:    // Scanning state
        -:   51:    bool isScanning() const 
        -:   52:    { 
        -:   53:        return m_isScanning; 
        -:   54:    }
        -:   55:    
        -:   56:    void setScanning(bool scanning) 
        -:   57:    { 
        -:   58:        m_isScanning = scanning; 
        -:   59:    }
        -:   60:    
        -:   61:    int getScanProgress() const 
        -:   62:    { 
        -:   63:        return m_scanProgress; 
        -:   64:    }
        -:   65:    
        -:   66:    void setScanProgress(int progress) 
        -:   67:    { 
        -:   68:        m_scanProgress = progress; 
        -:   69:    }
        -:   70:    
        -:   71:    // Source path
        -:   72:    std::string getCurrentSourcePath() const 
        -:   73:    { 
        -:   74:        return m_currentSourcePath; 
        -:   75:    }
        -:   76:    
        -:   77:    void setCurrentSourcePath(const std::string& path) 
        -:   78:    { 
        -:   79:        m_currentSourcePath = path; 
        -:   80:    }
        -:   81:    
        -:   82:private:
        -:   83:    AppScreen m_currentScreen = AppScreen::MAIN;
        -:   84:    bool m_hardwareConnected = false;
        -:   85:    bool m_isScanning = false;
        -:   86:    int m_scanProgress = 0;
        -:   87:    std::string m_currentSourcePath;
        -:   88:};
        -:   89:
        -:   90:} // namespace models
        -:   91:} // namespace media_player
        -:   92:
        -:   93:#endif // SYSTEM_STATE_MODEL_H
