        -:    0:Source:/home/duong/MediaPlayerApp/inc/ui/UIManager.h
        -:    0:Graph:/home/duong/MediaPlayerApp/build/CMakeFiles/RunTests.dir/src/ui/UIManager.cpp.gcno
        -:    0:Data:/home/duong/MediaPlayerApp/build/CMakeFiles/RunTests.dir/src/ui/UIManager.cpp.gcda
        -:    0:Runs:6
        -:    1:#ifndef UI_MANAGER_H
        -:    2:#define UI_MANAGER_H
        -:    3:
        -:    4:// System includes
        -:    5:#include <memory>
        -:    6:#include <string>
        -:    7:#include <vector>
        -:    8:#include <functional>
        -:    9:
        -:   10:// SDL includes
        -:   11:#include <SDL2/SDL.h>
        -:   12:#include <SDL2/SDL_ttf.h>
        -:   13:
        -:   14:// Project includes
        -:   15:#include "models/MediaFileModel.h"
        -:   16:
        -:   17:namespace media_player 
        -:   18:{
        -:   19:namespace ui 
        -:   20:{
        -:   21:
        -:   22:// Color definitions
        -:   23:struct Color 
        -:   24:{
        -:   25:    Uint8 r, g, b, a;
        -:   26:    
    #####:   27:    static Color background() { return {30, 30, 40, 255}; }
    #####:   28:    static Color primary() { return {100, 149, 237, 255}; }
    #####:   29:    static Color secondary() { return {50, 50, 70, 255}; }
    #####:   30:    static Color text() { return {255, 255, 255, 255}; }
    #####:   31:    static Color textDim() { return {180, 180, 180, 255}; }
    #####:   32:    static Color highlight() { return {70, 130, 180, 255}; }
    #####:   33:    static Color success() { return {50, 205, 50, 255}; }
    #####:   34:    static Color warning() { return {255, 165, 0, 255}; }
        -:   35:    static Color error() { return {220, 50, 50, 255}; }
        -:   36:};
        -:   37:
        -:   38:class UIManager 
        -:   39:{
        -:   40:public:
        -:   41:    UIManager();
        -:   42:    ~UIManager();
        -:   43:    
        -:   44:    bool initialize(const std::string& title, int width, int height);
        -:   45:    void shutdown();
        -:   46:    
        -:   47:    // Rendering
        -:   48:    void beginFrame();
        -:   49:    void endFrame();
        -:   50:    void clear();
        -:   51:    
        -:   52:    // Drawing primitives
        -:   53:    void drawRect(int x, int y, int w, int h, const Color& color, bool filled = true);
        -:   54:    void drawText(const std::string& text, int x, int y, const Color& color, int fontSize = 16);
        -:   55:    void drawButton(const std::string& text, int x, int y, int w, int h, bool hover = false);
        -:   56:    void drawProgressBar(int x, int y, int w, int h, float progress, const Color& fg, const Color& bg);
        -:   57:    
        -:   58:    // Media list rendering
        -:   59:    void drawMediaItem(const models::MediaFileModel& media, int x, int y, int w, int h, 
        -:   60:                       bool selected = false, bool playing = false);
        -:   61:    void drawHeader(const std::string& title, int itemCount);
        -:   62:    void drawStatusBar(const std::string& status);
        -:   63:    void drawScanProgress(const std::string& path, int current, int total);
        -:   64:    
        -:   65:    // Getters
        -:   66:    SDL_Window* getWindow() const { return m_window; }
        -:   67:    SDL_Renderer* getRenderer() const { return m_renderer; }
        -:   68:    int getWidth() const { return m_width; }
        -:   69:    int getHeight() const { return m_height; }
        -:   70:    
        -:   71:    // Font loading
        -:   72:    bool loadFont(const std::string& path, int size);
        -:   73:    
        -:   74:private:
        -:   75:    SDL_Window* m_window;
        -:   76:    SDL_Renderer* m_renderer;
        -:   77:    TTF_Font* m_font;
        -:   78:    TTF_Font* m_fontLarge;
        -:   79:    TTF_Font* m_fontSmall;
        -:   80:    
        -:   81:    int m_width;
        -:   82:    int m_height;
        -:   83:};
        -:   84:
        -:   85:} // namespace ui
        -:   86:} // namespace media_player
        -:   87:
        -:   88:#endif // UI_MANAGER_H
