        -:    0:Source:/home/duong/MediaPlayerApp/inc/models/VideoMetadataModel.h
        -:    0:Graph:/home/duong/MediaPlayerApp/build/CMakeFiles/RunTests.dir/src/services/VideoMetadataReader.cpp.gcno
        -:    0:Data:/home/duong/MediaPlayerApp/build/CMakeFiles/RunTests.dir/src/services/VideoMetadataReader.cpp.gcda
        -:    0:Runs:6
        -:    1:#ifndef VIDEO_METADATA_MODEL_H
        -:    2:#define VIDEO_METADATA_MODEL_H
        -:    3:
        -:    4:// System includes
        -:    5:#include <string>
        -:    6:#include <optional>
        -:    7:
        -:    8:namespace media_player 
        -:    9:{
        -:   10:namespace models 
        -:   11:{
        -:   12:
        -:   13:class VideoMetadataModel 
        -:   14:{
        -:   15:public:
    #####:   16:    VideoMetadataModel() = default;
        -:   17:    explicit VideoMetadataModel(const std::string& filePath);
        -:   18:    
        -:   19:    // Video properties getters
        -:   20:    std::string getTitle() const 
        -:   21:    { 
        -:   22:        return m_title; 
        -:   23:    }
        -:   24:    
        -:   25:    int getWidth() const 
        -:   26:    { 
        -:   27:        return m_width; 
        -:   28:    }
        -:   29:    
        -:   30:    int getHeight() const 
        -:   31:    { 
        -:   32:        return m_height; 
        -:   33:    }
        -:   34:    
        -:   35:    double getFrameRate() const 
        -:   36:    { 
        -:   37:        return m_frameRate; 
        -:   38:    }
        -:   39:    
        -:   40:    int getDuration() const 
        -:   41:    { 
        -:   42:        return m_durationSeconds; 
        -:   43:    }
        -:   44:    
        -:   45:    long long getBitrate() const 
        -:   46:    { 
        -:   47:        return m_bitrate; 
        -:   48:    }
        -:   49:    
        -:   50:    std::string getVideoCodec() const 
        -:   51:    { 
        -:   52:        return m_videoCodec; 
        -:   53:    }
        -:   54:    
        -:   55:    std::string getAudioCodec() const 
        -:   56:    { 
        -:   57:        return m_audioCodec; 
        -:   58:    }
        -:   59:    
        -:   60:    int getAudioChannels() const 
        -:   61:    { 
        -:   62:        return m_audioChannels; 
        -:   63:    }
        -:   64:    
        -:   65:    int getAudioSampleRate() const 
        -:   66:    { 
        -:   67:        return m_audioSampleRate; 
        -:   68:    }
        -:   69:    
        -:   70:    // Setters
    #####:   71:    void setTitle(const std::string& title) 
        -:   72:    { 
    #####:   73:        m_title = title; 
    #####:   74:    }
        -:   75:    
    #####:   76:    void setResolution(int width, int height) 
        -:   77:    {
    #####:   78:        m_width = width;
    #####:   79:        m_height = height;
    #####:   80:    }
        -:   81:    
    #####:   82:    void setFrameRate(double fps) 
        -:   83:    { 
    #####:   84:        m_frameRate = fps; 
    #####:   85:    }
        -:   86:    
    #####:   87:    void setDuration(int seconds) 
        -:   88:    { 
    #####:   89:        m_durationSeconds = seconds; 
    #####:   90:    }
        -:   91:    
    #####:   92:    void setBitrate(long long bitrate) 
        -:   93:    { 
    #####:   94:        m_bitrate = bitrate; 
    #####:   95:    }
        -:   96:    
    #####:   97:    void setVideoCodec(const std::string& codec) 
        -:   98:    { 
    #####:   99:        m_videoCodec = codec; 
    #####:  100:    }
        -:  101:    
    #####:  102:    void setAudioCodec(const std::string& codec) 
        -:  103:    { 
    #####:  104:        m_audioCodec = codec; 
    #####:  105:    }
        -:  106:    
    #####:  107:    void setAudioChannels(int channels) 
        -:  108:    { 
    #####:  109:        m_audioChannels = channels; 
    #####:  110:    }
        -:  111:    
    #####:  112:    void setAudioSampleRate(int sampleRate) 
        -:  113:    { 
    #####:  114:        m_audioSampleRate = sampleRate; 
    #####:  115:    }
        -:  116:    
        -:  117:    // Helpers
        -:  118:    std::string getResolutionString() const;
        -:  119:    std::string getFormattedDuration() const;
        -:  120:    std::string getFormattedBitrate() const;
        -:  121:    double getAspectRatio() const;
        -:  122:    
        -:  123:    bool hasAudioTrack() const 
        -:  124:    { 
        -:  125:        return !m_audioCodec.empty(); 
        -:  126:    }
        -:  127:    
        -:  128:    bool isValid() const;
        -:  129:    
        -:  130:private:
        -:  131:    std::string m_title;
        -:  132:    int m_width = 0;
        -:  133:    int m_height = 0;
        -:  134:    double m_frameRate = 0.0;
        -:  135:    int m_durationSeconds = 0;
        -:  136:    long long m_bitrate = 0;
        -:  137:    
        -:  138:    std::string m_videoCodec;
        -:  139:    std::string m_audioCodec;
        -:  140:    int m_audioChannels = 0;
        -:  141:    int m_audioSampleRate = 0;
        -:  142:};
        -:  143:
        -:  144:} // namespace models
        -:  145:} // namespace media_player
        -:  146:
        -:  147:#endif // VIDEO_METADATA_MODEL_H
